[2022-09-20T16:18:34.135+0000] {processor.py:156} INFO - Started process (PID=67) to work on /home/airflow/.local/lib/python3.7/site-packages/airflow/example_dags/example_latest_only.py
[2022-09-20T16:18:34.135+0000] {processor.py:758} INFO - Processing file /home/airflow/.local/lib/python3.7/site-packages/airflow/example_dags/example_latest_only.py for tasks to queue
[2022-09-20T16:18:34.136+0000] {logging_mixin.py:117} INFO - [2022-09-20T16:18:34.136+0000] {dagbag.py:525} INFO - Filling up the DagBag from /home/airflow/.local/lib/python3.7/site-packages/airflow/example_dags/example_latest_only.py
[2022-09-20T16:18:34.156+0000] {processor.py:768} INFO - DAG(s) dict_keys(['latest_only']) retrieved from /home/airflow/.local/lib/python3.7/site-packages/airflow/example_dags/example_latest_only.py
[2022-09-20T16:18:34.363+0000] {logging_mixin.py:117} INFO - [2022-09-20T16:18:34.363+0000] {dag.py:2573} INFO - Sync 1 DAGs
[2022-09-20T16:18:34.405+0000] {logging_mixin.py:117} INFO - [2022-09-20T16:18:34.405+0000] {dag.py:3328} INFO - Setting next_dagrun for latest_only to 2022-09-20T12:18:34.404992+00:00, run_after=2022-09-20T16:18:34.404992+00:00
[2022-09-20T16:18:34.443+0000] {processor.py:178} INFO - Processing /home/airflow/.local/lib/python3.7/site-packages/airflow/example_dags/example_latest_only.py took 0.312 seconds
[2022-09-20T16:19:04.518+0000] {processor.py:156} INFO - Started process (PID=120) to work on /home/airflow/.local/lib/python3.7/site-packages/airflow/example_dags/example_latest_only.py
[2022-09-20T16:19:04.519+0000] {processor.py:758} INFO - Processing file /home/airflow/.local/lib/python3.7/site-packages/airflow/example_dags/example_latest_only.py for tasks to queue
[2022-09-20T16:19:04.519+0000] {logging_mixin.py:117} INFO - [2022-09-20T16:19:04.519+0000] {dagbag.py:525} INFO - Filling up the DagBag from /home/airflow/.local/lib/python3.7/site-packages/airflow/example_dags/example_latest_only.py
[2022-09-20T16:19:04.531+0000] {processor.py:768} INFO - DAG(s) dict_keys(['latest_only']) retrieved from /home/airflow/.local/lib/python3.7/site-packages/airflow/example_dags/example_latest_only.py
[2022-09-20T16:19:04.659+0000] {logging_mixin.py:117} INFO - [2022-09-20T16:19:04.659+0000] {dag.py:2573} INFO - Sync 1 DAGs
[2022-09-20T16:19:04.678+0000] {logging_mixin.py:117} INFO - [2022-09-20T16:19:04.678+0000] {dag.py:3328} INFO - Setting next_dagrun for latest_only to 2022-09-20T12:19:04.678507+00:00, run_after=2022-09-20T16:19:04.678507+00:00
[2022-09-20T16:19:04.693+0000] {processor.py:178} INFO - Processing /home/airflow/.local/lib/python3.7/site-packages/airflow/example_dags/example_latest_only.py took 0.178 seconds
[2022-09-20T16:19:35.447+0000] {processor.py:156} INFO - Started process (PID=182) to work on /home/airflow/.local/lib/python3.7/site-packages/airflow/example_dags/example_latest_only.py
[2022-09-20T16:19:35.448+0000] {processor.py:758} INFO - Processing file /home/airflow/.local/lib/python3.7/site-packages/airflow/example_dags/example_latest_only.py for tasks to queue
[2022-09-20T16:19:35.448+0000] {logging_mixin.py:117} INFO - [2022-09-20T16:19:35.448+0000] {dagbag.py:525} INFO - Filling up the DagBag from /home/airflow/.local/lib/python3.7/site-packages/airflow/example_dags/example_latest_only.py
[2022-09-20T16:19:35.463+0000] {processor.py:768} INFO - DAG(s) dict_keys(['latest_only']) retrieved from /home/airflow/.local/lib/python3.7/site-packages/airflow/example_dags/example_latest_only.py
[2022-09-20T16:19:35.609+0000] {logging_mixin.py:117} INFO - [2022-09-20T16:19:35.609+0000] {dag.py:2573} INFO - Sync 1 DAGs
[2022-09-20T16:19:35.635+0000] {logging_mixin.py:117} INFO - [2022-09-20T16:19:35.634+0000] {dag.py:3328} INFO - Setting next_dagrun for latest_only to 2022-09-20T12:19:35.634769+00:00, run_after=2022-09-20T16:19:35.634769+00:00
[2022-09-20T16:19:35.657+0000] {processor.py:178} INFO - Processing /home/airflow/.local/lib/python3.7/site-packages/airflow/example_dags/example_latest_only.py took 0.214 seconds
[2022-09-20T16:20:08.364+0000] {processor.py:156} INFO - Started process (PID=246) to work on /home/airflow/.local/lib/python3.7/site-packages/airflow/example_dags/example_latest_only.py
[2022-09-20T16:20:08.365+0000] {processor.py:758} INFO - Processing file /home/airflow/.local/lib/python3.7/site-packages/airflow/example_dags/example_latest_only.py for tasks to queue
[2022-09-20T16:20:08.366+0000] {logging_mixin.py:117} INFO - [2022-09-20T16:20:08.366+0000] {dagbag.py:525} INFO - Filling up the DagBag from /home/airflow/.local/lib/python3.7/site-packages/airflow/example_dags/example_latest_only.py
[2022-09-20T16:20:08.597+0000] {processor.py:768} INFO - DAG(s) dict_keys(['latest_only']) retrieved from /home/airflow/.local/lib/python3.7/site-packages/airflow/example_dags/example_latest_only.py
[2022-09-20T16:20:08.701+0000] {logging_mixin.py:117} INFO - [2022-09-20T16:20:08.701+0000] {dag.py:2573} INFO - Sync 1 DAGs
[2022-09-20T16:20:08.766+0000] {logging_mixin.py:117} INFO - [2022-09-20T16:20:08.766+0000] {dag.py:3328} INFO - Setting next_dagrun for latest_only to 2022-09-20T12:20:08.765676+00:00, run_after=2022-09-20T16:20:08.765676+00:00
[2022-09-20T16:20:08.816+0000] {processor.py:178} INFO - Processing /home/airflow/.local/lib/python3.7/site-packages/airflow/example_dags/example_latest_only.py took 0.456 seconds
[2022-09-20T16:20:38.989+0000] {processor.py:156} INFO - Started process (PID=299) to work on /home/airflow/.local/lib/python3.7/site-packages/airflow/example_dags/example_latest_only.py
[2022-09-20T16:20:38.990+0000] {processor.py:758} INFO - Processing file /home/airflow/.local/lib/python3.7/site-packages/airflow/example_dags/example_latest_only.py for tasks to queue
[2022-09-20T16:20:38.990+0000] {logging_mixin.py:117} INFO - [2022-09-20T16:20:38.990+0000] {dagbag.py:525} INFO - Filling up the DagBag from /home/airflow/.local/lib/python3.7/site-packages/airflow/example_dags/example_latest_only.py
[2022-09-20T16:20:39.002+0000] {processor.py:768} INFO - DAG(s) dict_keys(['latest_only']) retrieved from /home/airflow/.local/lib/python3.7/site-packages/airflow/example_dags/example_latest_only.py
[2022-09-20T16:20:39.037+0000] {logging_mixin.py:117} INFO - [2022-09-20T16:20:39.037+0000] {dag.py:2573} INFO - Sync 1 DAGs
[2022-09-20T16:20:39.061+0000] {logging_mixin.py:117} INFO - [2022-09-20T16:20:39.061+0000] {dag.py:3328} INFO - Setting next_dagrun for latest_only to 2022-09-20T12:20:39.061354+00:00, run_after=2022-09-20T16:20:39.061354+00:00
[2022-09-20T16:20:39.082+0000] {processor.py:178} INFO - Processing /home/airflow/.local/lib/python3.7/site-packages/airflow/example_dags/example_latest_only.py took 0.095 seconds
[2022-09-20T16:21:09.803+0000] {processor.py:156} INFO - Started process (PID=360) to work on /home/airflow/.local/lib/python3.7/site-packages/airflow/example_dags/example_latest_only.py
[2022-09-20T16:21:09.805+0000] {processor.py:758} INFO - Processing file /home/airflow/.local/lib/python3.7/site-packages/airflow/example_dags/example_latest_only.py for tasks to queue
[2022-09-20T16:21:09.806+0000] {logging_mixin.py:117} INFO - [2022-09-20T16:21:09.806+0000] {dagbag.py:525} INFO - Filling up the DagBag from /home/airflow/.local/lib/python3.7/site-packages/airflow/example_dags/example_latest_only.py
[2022-09-20T16:21:09.830+0000] {processor.py:768} INFO - DAG(s) dict_keys(['latest_only']) retrieved from /home/airflow/.local/lib/python3.7/site-packages/airflow/example_dags/example_latest_only.py
[2022-09-20T16:21:09.961+0000] {logging_mixin.py:117} INFO - [2022-09-20T16:21:09.960+0000] {dag.py:2573} INFO - Sync 1 DAGs
[2022-09-20T16:21:09.999+0000] {logging_mixin.py:117} INFO - [2022-09-20T16:21:09.999+0000] {dag.py:3328} INFO - Setting next_dagrun for latest_only to 2022-09-20T12:21:09.999575+00:00, run_after=2022-09-20T16:21:09.999575+00:00
[2022-09-20T16:21:10.033+0000] {processor.py:178} INFO - Processing /home/airflow/.local/lib/python3.7/site-packages/airflow/example_dags/example_latest_only.py took 0.234 seconds
[2022-09-20T16:21:41.000+0000] {processor.py:156} INFO - Started process (PID=423) to work on /home/airflow/.local/lib/python3.7/site-packages/airflow/example_dags/example_latest_only.py
[2022-09-20T16:21:41.000+0000] {processor.py:758} INFO - Processing file /home/airflow/.local/lib/python3.7/site-packages/airflow/example_dags/example_latest_only.py for tasks to queue
[2022-09-20T16:21:41.001+0000] {logging_mixin.py:117} INFO - [2022-09-20T16:21:41.001+0000] {dagbag.py:525} INFO - Filling up the DagBag from /home/airflow/.local/lib/python3.7/site-packages/airflow/example_dags/example_latest_only.py
[2022-09-20T16:21:41.020+0000] {processor.py:768} INFO - DAG(s) dict_keys(['latest_only']) retrieved from /home/airflow/.local/lib/python3.7/site-packages/airflow/example_dags/example_latest_only.py
[2022-09-20T16:21:41.068+0000] {logging_mixin.py:117} INFO - [2022-09-20T16:21:41.068+0000] {dag.py:2573} INFO - Sync 1 DAGs
[2022-09-20T16:21:41.097+0000] {logging_mixin.py:117} INFO - [2022-09-20T16:21:41.097+0000] {dag.py:3328} INFO - Setting next_dagrun for latest_only to 2022-09-20T12:21:41.097256+00:00, run_after=2022-09-20T16:21:41.097256+00:00
[2022-09-20T16:21:41.121+0000] {processor.py:178} INFO - Processing /home/airflow/.local/lib/python3.7/site-packages/airflow/example_dags/example_latest_only.py took 0.124 seconds
[2022-09-20T16:22:11.689+0000] {processor.py:156} INFO - Started process (PID=476) to work on /home/airflow/.local/lib/python3.7/site-packages/airflow/example_dags/example_latest_only.py
[2022-09-20T16:22:11.690+0000] {processor.py:758} INFO - Processing file /home/airflow/.local/lib/python3.7/site-packages/airflow/example_dags/example_latest_only.py for tasks to queue
[2022-09-20T16:22:11.690+0000] {logging_mixin.py:117} INFO - [2022-09-20T16:22:11.690+0000] {dagbag.py:525} INFO - Filling up the DagBag from /home/airflow/.local/lib/python3.7/site-packages/airflow/example_dags/example_latest_only.py
[2022-09-20T16:22:11.702+0000] {processor.py:768} INFO - DAG(s) dict_keys(['latest_only']) retrieved from /home/airflow/.local/lib/python3.7/site-packages/airflow/example_dags/example_latest_only.py
[2022-09-20T16:22:11.740+0000] {logging_mixin.py:117} INFO - [2022-09-20T16:22:11.740+0000] {dag.py:2573} INFO - Sync 1 DAGs
[2022-09-20T16:22:11.763+0000] {logging_mixin.py:117} INFO - [2022-09-20T16:22:11.763+0000] {dag.py:3328} INFO - Setting next_dagrun for latest_only to 2022-09-20T12:22:11.763568+00:00, run_after=2022-09-20T16:22:11.763568+00:00
[2022-09-20T16:22:11.784+0000] {processor.py:178} INFO - Processing /home/airflow/.local/lib/python3.7/site-packages/airflow/example_dags/example_latest_only.py took 0.097 seconds
[2022-09-20T16:22:42.142+0000] {processor.py:156} INFO - Started process (PID=538) to work on /home/airflow/.local/lib/python3.7/site-packages/airflow/example_dags/example_latest_only.py
[2022-09-20T16:22:42.143+0000] {processor.py:758} INFO - Processing file /home/airflow/.local/lib/python3.7/site-packages/airflow/example_dags/example_latest_only.py for tasks to queue
[2022-09-20T16:22:42.143+0000] {logging_mixin.py:117} INFO - [2022-09-20T16:22:42.143+0000] {dagbag.py:525} INFO - Filling up the DagBag from /home/airflow/.local/lib/python3.7/site-packages/airflow/example_dags/example_latest_only.py
[2022-09-20T16:22:42.154+0000] {processor.py:768} INFO - DAG(s) dict_keys(['latest_only']) retrieved from /home/airflow/.local/lib/python3.7/site-packages/airflow/example_dags/example_latest_only.py
[2022-09-20T16:22:42.188+0000] {logging_mixin.py:117} INFO - [2022-09-20T16:22:42.188+0000] {dag.py:2573} INFO - Sync 1 DAGs
[2022-09-20T16:22:42.210+0000] {logging_mixin.py:117} INFO - [2022-09-20T16:22:42.210+0000] {dag.py:3328} INFO - Setting next_dagrun for latest_only to 2022-09-20T12:22:42.210416+00:00, run_after=2022-09-20T16:22:42.210416+00:00
[2022-09-20T16:22:42.239+0000] {processor.py:178} INFO - Processing /home/airflow/.local/lib/python3.7/site-packages/airflow/example_dags/example_latest_only.py took 0.099 seconds
[2022-09-20T16:23:12.603+0000] {processor.py:156} INFO - Started process (PID=601) to work on /home/airflow/.local/lib/python3.7/site-packages/airflow/example_dags/example_latest_only.py
[2022-09-20T16:23:12.604+0000] {processor.py:758} INFO - Processing file /home/airflow/.local/lib/python3.7/site-packages/airflow/example_dags/example_latest_only.py for tasks to queue
[2022-09-20T16:23:12.604+0000] {logging_mixin.py:117} INFO - [2022-09-20T16:23:12.604+0000] {dagbag.py:525} INFO - Filling up the DagBag from /home/airflow/.local/lib/python3.7/site-packages/airflow/example_dags/example_latest_only.py
[2022-09-20T16:23:12.621+0000] {processor.py:768} INFO - DAG(s) dict_keys(['latest_only']) retrieved from /home/airflow/.local/lib/python3.7/site-packages/airflow/example_dags/example_latest_only.py
[2022-09-20T16:23:12.672+0000] {logging_mixin.py:117} INFO - [2022-09-20T16:23:12.671+0000] {dag.py:2573} INFO - Sync 1 DAGs
[2022-09-20T16:23:12.709+0000] {logging_mixin.py:117} INFO - [2022-09-20T16:23:12.709+0000] {dag.py:3328} INFO - Setting next_dagrun for latest_only to 2022-09-20T12:23:12.708813+00:00, run_after=2022-09-20T16:23:12.708813+00:00
[2022-09-20T16:23:12.736+0000] {processor.py:178} INFO - Processing /home/airflow/.local/lib/python3.7/site-packages/airflow/example_dags/example_latest_only.py took 0.136 seconds
[2022-09-20T16:23:43.063+0000] {processor.py:156} INFO - Started process (PID=654) to work on /home/airflow/.local/lib/python3.7/site-packages/airflow/example_dags/example_latest_only.py
[2022-09-20T16:23:43.064+0000] {processor.py:758} INFO - Processing file /home/airflow/.local/lib/python3.7/site-packages/airflow/example_dags/example_latest_only.py for tasks to queue
[2022-09-20T16:23:43.065+0000] {logging_mixin.py:117} INFO - [2022-09-20T16:23:43.065+0000] {dagbag.py:525} INFO - Filling up the DagBag from /home/airflow/.local/lib/python3.7/site-packages/airflow/example_dags/example_latest_only.py
[2022-09-20T16:23:43.076+0000] {processor.py:768} INFO - DAG(s) dict_keys(['latest_only']) retrieved from /home/airflow/.local/lib/python3.7/site-packages/airflow/example_dags/example_latest_only.py
[2022-09-20T16:23:43.116+0000] {logging_mixin.py:117} INFO - [2022-09-20T16:23:43.116+0000] {dag.py:2573} INFO - Sync 1 DAGs
[2022-09-20T16:23:43.144+0000] {logging_mixin.py:117} INFO - [2022-09-20T16:23:43.144+0000] {dag.py:3328} INFO - Setting next_dagrun for latest_only to 2022-09-20T12:23:43.143846+00:00, run_after=2022-09-20T16:23:43.143846+00:00
[2022-09-20T16:23:43.168+0000] {processor.py:178} INFO - Processing /home/airflow/.local/lib/python3.7/site-packages/airflow/example_dags/example_latest_only.py took 0.107 seconds
[2022-09-20T16:24:13.591+0000] {processor.py:156} INFO - Started process (PID=716) to work on /home/airflow/.local/lib/python3.7/site-packages/airflow/example_dags/example_latest_only.py
[2022-09-20T16:24:13.592+0000] {processor.py:758} INFO - Processing file /home/airflow/.local/lib/python3.7/site-packages/airflow/example_dags/example_latest_only.py for tasks to queue
[2022-09-20T16:24:13.592+0000] {logging_mixin.py:117} INFO - [2022-09-20T16:24:13.592+0000] {dagbag.py:525} INFO - Filling up the DagBag from /home/airflow/.local/lib/python3.7/site-packages/airflow/example_dags/example_latest_only.py
[2022-09-20T16:24:13.618+0000] {processor.py:768} INFO - DAG(s) dict_keys(['latest_only']) retrieved from /home/airflow/.local/lib/python3.7/site-packages/airflow/example_dags/example_latest_only.py
[2022-09-20T16:24:13.685+0000] {logging_mixin.py:117} INFO - [2022-09-20T16:24:13.685+0000] {dag.py:2573} INFO - Sync 1 DAGs
[2022-09-20T16:24:13.719+0000] {logging_mixin.py:117} INFO - [2022-09-20T16:24:13.719+0000] {dag.py:3328} INFO - Setting next_dagrun for latest_only to 2022-09-20T12:24:13.718969+00:00, run_after=2022-09-20T16:24:13.718969+00:00
[2022-09-20T16:24:13.742+0000] {processor.py:178} INFO - Processing /home/airflow/.local/lib/python3.7/site-packages/airflow/example_dags/example_latest_only.py took 0.154 seconds
[2022-09-20T16:24:44.263+0000] {processor.py:156} INFO - Started process (PID=775) to work on /home/airflow/.local/lib/python3.7/site-packages/airflow/example_dags/example_latest_only.py
[2022-09-20T16:24:44.264+0000] {processor.py:758} INFO - Processing file /home/airflow/.local/lib/python3.7/site-packages/airflow/example_dags/example_latest_only.py for tasks to queue
[2022-09-20T16:24:44.265+0000] {logging_mixin.py:117} INFO - [2022-09-20T16:24:44.264+0000] {dagbag.py:525} INFO - Filling up the DagBag from /home/airflow/.local/lib/python3.7/site-packages/airflow/example_dags/example_latest_only.py
[2022-09-20T16:24:44.281+0000] {processor.py:768} INFO - DAG(s) dict_keys(['latest_only']) retrieved from /home/airflow/.local/lib/python3.7/site-packages/airflow/example_dags/example_latest_only.py
[2022-09-20T16:24:44.323+0000] {logging_mixin.py:117} INFO - [2022-09-20T16:24:44.322+0000] {dag.py:2573} INFO - Sync 1 DAGs
[2022-09-20T16:24:44.357+0000] {logging_mixin.py:117} INFO - [2022-09-20T16:24:44.357+0000] {dag.py:3328} INFO - Setting next_dagrun for latest_only to 2022-09-20T12:24:44.356998+00:00, run_after=2022-09-20T16:24:44.356998+00:00
[2022-09-20T16:24:44.385+0000] {processor.py:178} INFO - Processing /home/airflow/.local/lib/python3.7/site-packages/airflow/example_dags/example_latest_only.py took 0.125 seconds
[2022-09-20T16:25:14.658+0000] {processor.py:156} INFO - Started process (PID=832) to work on /home/airflow/.local/lib/python3.7/site-packages/airflow/example_dags/example_latest_only.py
[2022-09-20T16:25:14.658+0000] {processor.py:758} INFO - Processing file /home/airflow/.local/lib/python3.7/site-packages/airflow/example_dags/example_latest_only.py for tasks to queue
[2022-09-20T16:25:14.659+0000] {logging_mixin.py:117} INFO - [2022-09-20T16:25:14.659+0000] {dagbag.py:525} INFO - Filling up the DagBag from /home/airflow/.local/lib/python3.7/site-packages/airflow/example_dags/example_latest_only.py
[2022-09-20T16:25:14.671+0000] {processor.py:768} INFO - DAG(s) dict_keys(['latest_only']) retrieved from /home/airflow/.local/lib/python3.7/site-packages/airflow/example_dags/example_latest_only.py
[2022-09-20T16:25:14.709+0000] {logging_mixin.py:117} INFO - [2022-09-20T16:25:14.709+0000] {dag.py:2573} INFO - Sync 1 DAGs
[2022-09-20T16:25:14.732+0000] {logging_mixin.py:117} INFO - [2022-09-20T16:25:14.732+0000] {dag.py:3328} INFO - Setting next_dagrun for latest_only to 2022-09-20T12:25:14.732283+00:00, run_after=2022-09-20T16:25:14.732283+00:00
[2022-09-20T16:25:14.752+0000] {processor.py:178} INFO - Processing /home/airflow/.local/lib/python3.7/site-packages/airflow/example_dags/example_latest_only.py took 0.097 seconds
[2022-09-20T16:25:44.999+0000] {processor.py:156} INFO - Started process (PID=894) to work on /home/airflow/.local/lib/python3.7/site-packages/airflow/example_dags/example_latest_only.py
[2022-09-20T16:25:44.999+0000] {processor.py:758} INFO - Processing file /home/airflow/.local/lib/python3.7/site-packages/airflow/example_dags/example_latest_only.py for tasks to queue
[2022-09-20T16:25:45.000+0000] {logging_mixin.py:117} INFO - [2022-09-20T16:25:45.000+0000] {dagbag.py:525} INFO - Filling up the DagBag from /home/airflow/.local/lib/python3.7/site-packages/airflow/example_dags/example_latest_only.py
[2022-09-20T16:25:45.012+0000] {processor.py:768} INFO - DAG(s) dict_keys(['latest_only']) retrieved from /home/airflow/.local/lib/python3.7/site-packages/airflow/example_dags/example_latest_only.py
[2022-09-20T16:25:45.045+0000] {logging_mixin.py:117} INFO - [2022-09-20T16:25:45.045+0000] {dag.py:2573} INFO - Sync 1 DAGs
[2022-09-20T16:25:45.067+0000] {logging_mixin.py:117} INFO - [2022-09-20T16:25:45.067+0000] {dag.py:3328} INFO - Setting next_dagrun for latest_only to 2022-09-20T12:25:45.067292+00:00, run_after=2022-09-20T16:25:45.067292+00:00
[2022-09-20T16:25:45.087+0000] {processor.py:178} INFO - Processing /home/airflow/.local/lib/python3.7/site-packages/airflow/example_dags/example_latest_only.py took 0.091 seconds
[2022-09-20T16:26:15.421+0000] {processor.py:156} INFO - Started process (PID=948) to work on /home/airflow/.local/lib/python3.7/site-packages/airflow/example_dags/example_latest_only.py
[2022-09-20T16:26:15.422+0000] {processor.py:758} INFO - Processing file /home/airflow/.local/lib/python3.7/site-packages/airflow/example_dags/example_latest_only.py for tasks to queue
[2022-09-20T16:26:15.423+0000] {logging_mixin.py:117} INFO - [2022-09-20T16:26:15.423+0000] {dagbag.py:525} INFO - Filling up the DagBag from /home/airflow/.local/lib/python3.7/site-packages/airflow/example_dags/example_latest_only.py
[2022-09-20T16:26:15.441+0000] {processor.py:768} INFO - DAG(s) dict_keys(['latest_only']) retrieved from /home/airflow/.local/lib/python3.7/site-packages/airflow/example_dags/example_latest_only.py
[2022-09-20T16:26:15.512+0000] {logging_mixin.py:117} INFO - [2022-09-20T16:26:15.512+0000] {dag.py:2573} INFO - Sync 1 DAGs
[2022-09-20T16:26:15.542+0000] {logging_mixin.py:117} INFO - [2022-09-20T16:26:15.542+0000] {dag.py:3328} INFO - Setting next_dagrun for latest_only to 2022-09-20T12:26:15.542252+00:00, run_after=2022-09-20T16:26:15.542252+00:00
[2022-09-20T16:26:15.572+0000] {processor.py:178} INFO - Processing /home/airflow/.local/lib/python3.7/site-packages/airflow/example_dags/example_latest_only.py took 0.154 seconds
[2022-09-20T16:26:45.892+0000] {processor.py:156} INFO - Started process (PID=1010) to work on /home/airflow/.local/lib/python3.7/site-packages/airflow/example_dags/example_latest_only.py
[2022-09-20T16:26:45.894+0000] {processor.py:758} INFO - Processing file /home/airflow/.local/lib/python3.7/site-packages/airflow/example_dags/example_latest_only.py for tasks to queue
[2022-09-20T16:26:45.894+0000] {logging_mixin.py:117} INFO - [2022-09-20T16:26:45.894+0000] {dagbag.py:525} INFO - Filling up the DagBag from /home/airflow/.local/lib/python3.7/site-packages/airflow/example_dags/example_latest_only.py
[2022-09-20T16:26:45.904+0000] {processor.py:768} INFO - DAG(s) dict_keys(['latest_only']) retrieved from /home/airflow/.local/lib/python3.7/site-packages/airflow/example_dags/example_latest_only.py
[2022-09-20T16:26:45.936+0000] {logging_mixin.py:117} INFO - [2022-09-20T16:26:45.936+0000] {dag.py:2573} INFO - Sync 1 DAGs
[2022-09-20T16:26:45.958+0000] {logging_mixin.py:117} INFO - [2022-09-20T16:26:45.958+0000] {dag.py:3328} INFO - Setting next_dagrun for latest_only to 2022-09-20T12:26:45.958544+00:00, run_after=2022-09-20T16:26:45.958544+00:00
[2022-09-20T16:26:45.980+0000] {processor.py:178} INFO - Processing /home/airflow/.local/lib/python3.7/site-packages/airflow/example_dags/example_latest_only.py took 0.089 seconds
[2022-09-20T16:27:16.240+0000] {processor.py:156} INFO - Started process (PID=1071) to work on /home/airflow/.local/lib/python3.7/site-packages/airflow/example_dags/example_latest_only.py
[2022-09-20T16:27:16.241+0000] {processor.py:758} INFO - Processing file /home/airflow/.local/lib/python3.7/site-packages/airflow/example_dags/example_latest_only.py for tasks to queue
[2022-09-20T16:27:16.242+0000] {logging_mixin.py:117} INFO - [2022-09-20T16:27:16.242+0000] {dagbag.py:525} INFO - Filling up the DagBag from /home/airflow/.local/lib/python3.7/site-packages/airflow/example_dags/example_latest_only.py
[2022-09-20T16:27:16.254+0000] {processor.py:768} INFO - DAG(s) dict_keys(['latest_only']) retrieved from /home/airflow/.local/lib/python3.7/site-packages/airflow/example_dags/example_latest_only.py
[2022-09-20T16:27:16.293+0000] {logging_mixin.py:117} INFO - [2022-09-20T16:27:16.292+0000] {dag.py:2573} INFO - Sync 1 DAGs
[2022-09-20T16:27:16.330+0000] {logging_mixin.py:117} INFO - [2022-09-20T16:27:16.330+0000] {dag.py:3328} INFO - Setting next_dagrun for latest_only to 2022-09-20T12:27:16.330256+00:00, run_after=2022-09-20T16:27:16.330256+00:00
[2022-09-20T16:27:16.358+0000] {processor.py:178} INFO - Processing /home/airflow/.local/lib/python3.7/site-packages/airflow/example_dags/example_latest_only.py took 0.119 seconds
[2022-09-20T16:27:46.629+0000] {processor.py:156} INFO - Started process (PID=1127) to work on /home/airflow/.local/lib/python3.7/site-packages/airflow/example_dags/example_latest_only.py
[2022-09-20T16:27:46.630+0000] {processor.py:758} INFO - Processing file /home/airflow/.local/lib/python3.7/site-packages/airflow/example_dags/example_latest_only.py for tasks to queue
[2022-09-20T16:27:46.631+0000] {logging_mixin.py:117} INFO - [2022-09-20T16:27:46.630+0000] {dagbag.py:525} INFO - Filling up the DagBag from /home/airflow/.local/lib/python3.7/site-packages/airflow/example_dags/example_latest_only.py
[2022-09-20T16:27:46.645+0000] {processor.py:768} INFO - DAG(s) dict_keys(['latest_only']) retrieved from /home/airflow/.local/lib/python3.7/site-packages/airflow/example_dags/example_latest_only.py
[2022-09-20T16:27:46.699+0000] {logging_mixin.py:117} INFO - [2022-09-20T16:27:46.699+0000] {dag.py:2573} INFO - Sync 1 DAGs
[2022-09-20T16:27:46.725+0000] {logging_mixin.py:117} INFO - [2022-09-20T16:27:46.725+0000] {dag.py:3328} INFO - Setting next_dagrun for latest_only to 2022-09-20T12:27:46.724851+00:00, run_after=2022-09-20T16:27:46.724851+00:00
[2022-09-20T16:27:46.747+0000] {processor.py:178} INFO - Processing /home/airflow/.local/lib/python3.7/site-packages/airflow/example_dags/example_latest_only.py took 0.120 seconds
[2022-09-20T16:28:16.935+0000] {processor.py:156} INFO - Started process (PID=1190) to work on /home/airflow/.local/lib/python3.7/site-packages/airflow/example_dags/example_latest_only.py
[2022-09-20T16:28:16.936+0000] {processor.py:758} INFO - Processing file /home/airflow/.local/lib/python3.7/site-packages/airflow/example_dags/example_latest_only.py for tasks to queue
[2022-09-20T16:28:16.936+0000] {logging_mixin.py:117} INFO - [2022-09-20T16:28:16.936+0000] {dagbag.py:525} INFO - Filling up the DagBag from /home/airflow/.local/lib/python3.7/site-packages/airflow/example_dags/example_latest_only.py
[2022-09-20T16:28:16.948+0000] {processor.py:768} INFO - DAG(s) dict_keys(['latest_only']) retrieved from /home/airflow/.local/lib/python3.7/site-packages/airflow/example_dags/example_latest_only.py
[2022-09-20T16:28:16.982+0000] {logging_mixin.py:117} INFO - [2022-09-20T16:28:16.981+0000] {dag.py:2573} INFO - Sync 1 DAGs
[2022-09-20T16:28:17.004+0000] {logging_mixin.py:117} INFO - [2022-09-20T16:28:17.004+0000] {dag.py:3328} INFO - Setting next_dagrun for latest_only to 2022-09-20T12:28:17.004467+00:00, run_after=2022-09-20T16:28:17.004467+00:00
[2022-09-20T16:28:17.027+0000] {processor.py:178} INFO - Processing /home/airflow/.local/lib/python3.7/site-packages/airflow/example_dags/example_latest_only.py took 0.094 seconds
[2022-09-20T16:28:47.384+0000] {processor.py:156} INFO - Started process (PID=1244) to work on /home/airflow/.local/lib/python3.7/site-packages/airflow/example_dags/example_latest_only.py
[2022-09-20T16:28:47.385+0000] {processor.py:758} INFO - Processing file /home/airflow/.local/lib/python3.7/site-packages/airflow/example_dags/example_latest_only.py for tasks to queue
[2022-09-20T16:28:47.385+0000] {logging_mixin.py:117} INFO - [2022-09-20T16:28:47.385+0000] {dagbag.py:525} INFO - Filling up the DagBag from /home/airflow/.local/lib/python3.7/site-packages/airflow/example_dags/example_latest_only.py
[2022-09-20T16:28:47.405+0000] {processor.py:768} INFO - DAG(s) dict_keys(['latest_only']) retrieved from /home/airflow/.local/lib/python3.7/site-packages/airflow/example_dags/example_latest_only.py
[2022-09-20T16:28:47.460+0000] {logging_mixin.py:117} INFO - [2022-09-20T16:28:47.460+0000] {dag.py:2573} INFO - Sync 1 DAGs
[2022-09-20T16:28:47.491+0000] {logging_mixin.py:117} INFO - [2022-09-20T16:28:47.491+0000] {dag.py:3328} INFO - Setting next_dagrun for latest_only to 2022-09-20T12:28:47.491474+00:00, run_after=2022-09-20T16:28:47.491474+00:00
[2022-09-20T16:28:47.514+0000] {processor.py:178} INFO - Processing /home/airflow/.local/lib/python3.7/site-packages/airflow/example_dags/example_latest_only.py took 0.133 seconds
[2022-09-20T16:29:17.768+0000] {processor.py:156} INFO - Started process (PID=1306) to work on /home/airflow/.local/lib/python3.7/site-packages/airflow/example_dags/example_latest_only.py
[2022-09-20T16:29:17.769+0000] {processor.py:758} INFO - Processing file /home/airflow/.local/lib/python3.7/site-packages/airflow/example_dags/example_latest_only.py for tasks to queue
[2022-09-20T16:29:17.770+0000] {logging_mixin.py:117} INFO - [2022-09-20T16:29:17.770+0000] {dagbag.py:525} INFO - Filling up the DagBag from /home/airflow/.local/lib/python3.7/site-packages/airflow/example_dags/example_latest_only.py
[2022-09-20T16:29:17.783+0000] {processor.py:768} INFO - DAG(s) dict_keys(['latest_only']) retrieved from /home/airflow/.local/lib/python3.7/site-packages/airflow/example_dags/example_latest_only.py
[2022-09-20T16:29:17.820+0000] {logging_mixin.py:117} INFO - [2022-09-20T16:29:17.820+0000] {dag.py:2573} INFO - Sync 1 DAGs
[2022-09-20T16:29:17.843+0000] {logging_mixin.py:117} INFO - [2022-09-20T16:29:17.843+0000] {dag.py:3328} INFO - Setting next_dagrun for latest_only to 2022-09-20T12:29:17.843039+00:00, run_after=2022-09-20T16:29:17.843039+00:00
[2022-09-20T16:29:17.866+0000] {processor.py:178} INFO - Processing /home/airflow/.local/lib/python3.7/site-packages/airflow/example_dags/example_latest_only.py took 0.100 seconds
[2022-09-20T16:29:48.478+0000] {processor.py:156} INFO - Started process (PID=1368) to work on /home/airflow/.local/lib/python3.7/site-packages/airflow/example_dags/example_latest_only.py
[2022-09-20T16:29:48.479+0000] {processor.py:758} INFO - Processing file /home/airflow/.local/lib/python3.7/site-packages/airflow/example_dags/example_latest_only.py for tasks to queue
[2022-09-20T16:29:48.479+0000] {logging_mixin.py:117} INFO - [2022-09-20T16:29:48.479+0000] {dagbag.py:525} INFO - Filling up the DagBag from /home/airflow/.local/lib/python3.7/site-packages/airflow/example_dags/example_latest_only.py
[2022-09-20T16:29:48.490+0000] {processor.py:768} INFO - DAG(s) dict_keys(['latest_only']) retrieved from /home/airflow/.local/lib/python3.7/site-packages/airflow/example_dags/example_latest_only.py
[2022-09-20T16:29:48.522+0000] {logging_mixin.py:117} INFO - [2022-09-20T16:29:48.522+0000] {dag.py:2573} INFO - Sync 1 DAGs
[2022-09-20T16:29:48.544+0000] {logging_mixin.py:117} INFO - [2022-09-20T16:29:48.544+0000] {dag.py:3328} INFO - Setting next_dagrun for latest_only to 2022-09-20T12:29:48.543979+00:00, run_after=2022-09-20T16:29:48.543979+00:00
[2022-09-20T16:29:48.565+0000] {processor.py:178} INFO - Processing /home/airflow/.local/lib/python3.7/site-packages/airflow/example_dags/example_latest_only.py took 0.089 seconds
[2022-09-20T16:30:19.088+0000] {processor.py:156} INFO - Started process (PID=1422) to work on /home/airflow/.local/lib/python3.7/site-packages/airflow/example_dags/example_latest_only.py
[2022-09-20T16:30:19.089+0000] {processor.py:758} INFO - Processing file /home/airflow/.local/lib/python3.7/site-packages/airflow/example_dags/example_latest_only.py for tasks to queue
[2022-09-20T16:30:19.089+0000] {logging_mixin.py:117} INFO - [2022-09-20T16:30:19.089+0000] {dagbag.py:525} INFO - Filling up the DagBag from /home/airflow/.local/lib/python3.7/site-packages/airflow/example_dags/example_latest_only.py
[2022-09-20T16:30:19.117+0000] {processor.py:768} INFO - DAG(s) dict_keys(['latest_only']) retrieved from /home/airflow/.local/lib/python3.7/site-packages/airflow/example_dags/example_latest_only.py
[2022-09-20T16:30:19.181+0000] {logging_mixin.py:117} INFO - [2022-09-20T16:30:19.181+0000] {dag.py:2573} INFO - Sync 1 DAGs
[2022-09-20T16:30:19.207+0000] {logging_mixin.py:117} INFO - [2022-09-20T16:30:19.207+0000] {dag.py:3328} INFO - Setting next_dagrun for latest_only to 2022-09-20T12:30:19.206523+00:00, run_after=2022-09-20T16:30:19.206523+00:00
[2022-09-20T16:30:19.227+0000] {processor.py:178} INFO - Processing /home/airflow/.local/lib/python3.7/site-packages/airflow/example_dags/example_latest_only.py took 0.141 seconds
[2022-09-20T16:30:49.583+0000] {processor.py:156} INFO - Started process (PID=1485) to work on /home/airflow/.local/lib/python3.7/site-packages/airflow/example_dags/example_latest_only.py
[2022-09-20T16:30:49.584+0000] {processor.py:758} INFO - Processing file /home/airflow/.local/lib/python3.7/site-packages/airflow/example_dags/example_latest_only.py for tasks to queue
[2022-09-20T16:30:49.584+0000] {logging_mixin.py:117} INFO - [2022-09-20T16:30:49.584+0000] {dagbag.py:525} INFO - Filling up the DagBag from /home/airflow/.local/lib/python3.7/site-packages/airflow/example_dags/example_latest_only.py
[2022-09-20T16:30:49.595+0000] {processor.py:768} INFO - DAG(s) dict_keys(['latest_only']) retrieved from /home/airflow/.local/lib/python3.7/site-packages/airflow/example_dags/example_latest_only.py
[2022-09-20T16:30:49.630+0000] {logging_mixin.py:117} INFO - [2022-09-20T16:30:49.630+0000] {dag.py:2573} INFO - Sync 1 DAGs
[2022-09-20T16:30:49.655+0000] {logging_mixin.py:117} INFO - [2022-09-20T16:30:49.655+0000] {dag.py:3328} INFO - Setting next_dagrun for latest_only to 2022-09-20T12:30:49.655293+00:00, run_after=2022-09-20T16:30:49.655293+00:00
[2022-09-20T16:30:49.676+0000] {processor.py:178} INFO - Processing /home/airflow/.local/lib/python3.7/site-packages/airflow/example_dags/example_latest_only.py took 0.095 seconds
[2022-09-20T16:31:20.150+0000] {processor.py:156} INFO - Started process (PID=1539) to work on /home/airflow/.local/lib/python3.7/site-packages/airflow/example_dags/example_latest_only.py
[2022-09-20T16:31:20.151+0000] {processor.py:758} INFO - Processing file /home/airflow/.local/lib/python3.7/site-packages/airflow/example_dags/example_latest_only.py for tasks to queue
[2022-09-20T16:31:20.152+0000] {logging_mixin.py:117} INFO - [2022-09-20T16:31:20.152+0000] {dagbag.py:525} INFO - Filling up the DagBag from /home/airflow/.local/lib/python3.7/site-packages/airflow/example_dags/example_latest_only.py
[2022-09-20T16:31:20.175+0000] {processor.py:768} INFO - DAG(s) dict_keys(['latest_only']) retrieved from /home/airflow/.local/lib/python3.7/site-packages/airflow/example_dags/example_latest_only.py
[2022-09-20T16:31:20.238+0000] {logging_mixin.py:117} INFO - [2022-09-20T16:31:20.238+0000] {dag.py:2573} INFO - Sync 1 DAGs
[2022-09-20T16:31:20.266+0000] {logging_mixin.py:117} INFO - [2022-09-20T16:31:20.266+0000] {dag.py:3328} INFO - Setting next_dagrun for latest_only to 2022-09-20T12:31:20.265634+00:00, run_after=2022-09-20T16:31:20.265634+00:00
[2022-09-20T16:31:20.290+0000] {processor.py:178} INFO - Processing /home/airflow/.local/lib/python3.7/site-packages/airflow/example_dags/example_latest_only.py took 0.144 seconds
[2022-09-20T16:31:51.044+0000] {processor.py:156} INFO - Started process (PID=1602) to work on /home/airflow/.local/lib/python3.7/site-packages/airflow/example_dags/example_latest_only.py
[2022-09-20T16:31:51.044+0000] {processor.py:758} INFO - Processing file /home/airflow/.local/lib/python3.7/site-packages/airflow/example_dags/example_latest_only.py for tasks to queue
[2022-09-20T16:31:51.045+0000] {logging_mixin.py:117} INFO - [2022-09-20T16:31:51.045+0000] {dagbag.py:525} INFO - Filling up the DagBag from /home/airflow/.local/lib/python3.7/site-packages/airflow/example_dags/example_latest_only.py
[2022-09-20T16:31:51.073+0000] {processor.py:768} INFO - DAG(s) dict_keys(['latest_only']) retrieved from /home/airflow/.local/lib/python3.7/site-packages/airflow/example_dags/example_latest_only.py
[2022-09-20T16:31:51.153+0000] {logging_mixin.py:117} INFO - [2022-09-20T16:31:51.153+0000] {dag.py:2573} INFO - Sync 1 DAGs
[2022-09-20T16:31:51.199+0000] {logging_mixin.py:117} INFO - [2022-09-20T16:31:51.199+0000] {dag.py:3328} INFO - Setting next_dagrun for latest_only to 2022-09-20T12:31:51.198667+00:00, run_after=2022-09-20T16:31:51.198667+00:00
[2022-09-20T16:31:51.237+0000] {processor.py:178} INFO - Processing /home/airflow/.local/lib/python3.7/site-packages/airflow/example_dags/example_latest_only.py took 0.197 seconds
[2022-09-20T16:32:22.067+0000] {processor.py:156} INFO - Started process (PID=1656) to work on /home/airflow/.local/lib/python3.7/site-packages/airflow/example_dags/example_latest_only.py
[2022-09-20T16:32:22.068+0000] {processor.py:758} INFO - Processing file /home/airflow/.local/lib/python3.7/site-packages/airflow/example_dags/example_latest_only.py for tasks to queue
[2022-09-20T16:32:22.068+0000] {logging_mixin.py:117} INFO - [2022-09-20T16:32:22.068+0000] {dagbag.py:525} INFO - Filling up the DagBag from /home/airflow/.local/lib/python3.7/site-packages/airflow/example_dags/example_latest_only.py
[2022-09-20T16:32:22.088+0000] {processor.py:768} INFO - DAG(s) dict_keys(['latest_only']) retrieved from /home/airflow/.local/lib/python3.7/site-packages/airflow/example_dags/example_latest_only.py
[2022-09-20T16:32:22.134+0000] {logging_mixin.py:117} INFO - [2022-09-20T16:32:22.134+0000] {dag.py:2573} INFO - Sync 1 DAGs
[2022-09-20T16:32:22.167+0000] {logging_mixin.py:117} INFO - [2022-09-20T16:32:22.166+0000] {dag.py:3328} INFO - Setting next_dagrun for latest_only to 2022-09-20T12:32:22.166504+00:00, run_after=2022-09-20T16:32:22.166504+00:00
[2022-09-20T16:32:22.190+0000] {processor.py:178} INFO - Processing /home/airflow/.local/lib/python3.7/site-packages/airflow/example_dags/example_latest_only.py took 0.126 seconds
[2022-09-20T16:32:52.765+0000] {processor.py:156} INFO - Started process (PID=1719) to work on /home/airflow/.local/lib/python3.7/site-packages/airflow/example_dags/example_latest_only.py
[2022-09-20T16:32:52.766+0000] {processor.py:758} INFO - Processing file /home/airflow/.local/lib/python3.7/site-packages/airflow/example_dags/example_latest_only.py for tasks to queue
[2022-09-20T16:32:52.766+0000] {logging_mixin.py:117} INFO - [2022-09-20T16:32:52.766+0000] {dagbag.py:525} INFO - Filling up the DagBag from /home/airflow/.local/lib/python3.7/site-packages/airflow/example_dags/example_latest_only.py
[2022-09-20T16:32:52.776+0000] {processor.py:768} INFO - DAG(s) dict_keys(['latest_only']) retrieved from /home/airflow/.local/lib/python3.7/site-packages/airflow/example_dags/example_latest_only.py
[2022-09-20T16:32:52.810+0000] {logging_mixin.py:117} INFO - [2022-09-20T16:32:52.810+0000] {dag.py:2573} INFO - Sync 1 DAGs
[2022-09-20T16:32:52.833+0000] {logging_mixin.py:117} INFO - [2022-09-20T16:32:52.833+0000] {dag.py:3328} INFO - Setting next_dagrun for latest_only to 2022-09-20T12:32:52.833194+00:00, run_after=2022-09-20T16:32:52.833194+00:00
[2022-09-20T16:32:52.852+0000] {processor.py:178} INFO - Processing /home/airflow/.local/lib/python3.7/site-packages/airflow/example_dags/example_latest_only.py took 0.089 seconds
[2022-09-20T16:33:23.038+0000] {processor.py:156} INFO - Started process (PID=1782) to work on /home/airflow/.local/lib/python3.7/site-packages/airflow/example_dags/example_latest_only.py
[2022-09-20T16:33:23.039+0000] {processor.py:758} INFO - Processing file /home/airflow/.local/lib/python3.7/site-packages/airflow/example_dags/example_latest_only.py for tasks to queue
[2022-09-20T16:33:23.039+0000] {logging_mixin.py:117} INFO - [2022-09-20T16:33:23.039+0000] {dagbag.py:525} INFO - Filling up the DagBag from /home/airflow/.local/lib/python3.7/site-packages/airflow/example_dags/example_latest_only.py
[2022-09-20T16:33:23.051+0000] {processor.py:768} INFO - DAG(s) dict_keys(['latest_only']) retrieved from /home/airflow/.local/lib/python3.7/site-packages/airflow/example_dags/example_latest_only.py
[2022-09-20T16:33:23.088+0000] {logging_mixin.py:117} INFO - [2022-09-20T16:33:23.088+0000] {dag.py:2573} INFO - Sync 1 DAGs
[2022-09-20T16:33:23.113+0000] {logging_mixin.py:117} INFO - [2022-09-20T16:33:23.113+0000] {dag.py:3328} INFO - Setting next_dagrun for latest_only to 2022-09-20T12:33:23.113315+00:00, run_after=2022-09-20T16:33:23.113315+00:00
[2022-09-20T16:33:23.135+0000] {processor.py:178} INFO - Processing /home/airflow/.local/lib/python3.7/site-packages/airflow/example_dags/example_latest_only.py took 0.099 seconds
[2022-09-20T16:33:53.783+0000] {processor.py:156} INFO - Started process (PID=1835) to work on /home/airflow/.local/lib/python3.7/site-packages/airflow/example_dags/example_latest_only.py
[2022-09-20T16:33:53.784+0000] {processor.py:758} INFO - Processing file /home/airflow/.local/lib/python3.7/site-packages/airflow/example_dags/example_latest_only.py for tasks to queue
[2022-09-20T16:33:53.785+0000] {logging_mixin.py:117} INFO - [2022-09-20T16:33:53.785+0000] {dagbag.py:525} INFO - Filling up the DagBag from /home/airflow/.local/lib/python3.7/site-packages/airflow/example_dags/example_latest_only.py
[2022-09-20T16:33:53.799+0000] {processor.py:768} INFO - DAG(s) dict_keys(['latest_only']) retrieved from /home/airflow/.local/lib/python3.7/site-packages/airflow/example_dags/example_latest_only.py
[2022-09-20T16:33:53.844+0000] {logging_mixin.py:117} INFO - [2022-09-20T16:33:53.844+0000] {dag.py:2573} INFO - Sync 1 DAGs
[2022-09-20T16:33:53.871+0000] {logging_mixin.py:117} INFO - [2022-09-20T16:33:53.871+0000] {dag.py:3328} INFO - Setting next_dagrun for latest_only to 2022-09-20T12:33:53.871262+00:00, run_after=2022-09-20T16:33:53.871262+00:00
[2022-09-20T16:33:53.897+0000] {processor.py:178} INFO - Processing /home/airflow/.local/lib/python3.7/site-packages/airflow/example_dags/example_latest_only.py took 0.116 seconds
[2022-09-20T16:34:24.492+0000] {processor.py:156} INFO - Started process (PID=1897) to work on /home/airflow/.local/lib/python3.7/site-packages/airflow/example_dags/example_latest_only.py
[2022-09-20T16:34:24.492+0000] {processor.py:758} INFO - Processing file /home/airflow/.local/lib/python3.7/site-packages/airflow/example_dags/example_latest_only.py for tasks to queue
[2022-09-20T16:34:24.493+0000] {logging_mixin.py:117} INFO - [2022-09-20T16:34:24.493+0000] {dagbag.py:525} INFO - Filling up the DagBag from /home/airflow/.local/lib/python3.7/site-packages/airflow/example_dags/example_latest_only.py
[2022-09-20T16:34:24.504+0000] {processor.py:768} INFO - DAG(s) dict_keys(['latest_only']) retrieved from /home/airflow/.local/lib/python3.7/site-packages/airflow/example_dags/example_latest_only.py
[2022-09-20T16:34:24.544+0000] {logging_mixin.py:117} INFO - [2022-09-20T16:34:24.543+0000] {dag.py:2573} INFO - Sync 1 DAGs
[2022-09-20T16:34:24.569+0000] {logging_mixin.py:117} INFO - [2022-09-20T16:34:24.569+0000] {dag.py:3328} INFO - Setting next_dagrun for latest_only to 2022-09-20T12:34:24.569348+00:00, run_after=2022-09-20T16:34:24.569348+00:00
[2022-09-20T16:34:24.594+0000] {processor.py:178} INFO - Processing /home/airflow/.local/lib/python3.7/site-packages/airflow/example_dags/example_latest_only.py took 0.105 seconds
[2022-09-20T16:34:55.301+0000] {processor.py:156} INFO - Started process (PID=1960) to work on /home/airflow/.local/lib/python3.7/site-packages/airflow/example_dags/example_latest_only.py
[2022-09-20T16:34:55.302+0000] {processor.py:758} INFO - Processing file /home/airflow/.local/lib/python3.7/site-packages/airflow/example_dags/example_latest_only.py for tasks to queue
[2022-09-20T16:34:55.303+0000] {logging_mixin.py:117} INFO - [2022-09-20T16:34:55.302+0000] {dagbag.py:525} INFO - Filling up the DagBag from /home/airflow/.local/lib/python3.7/site-packages/airflow/example_dags/example_latest_only.py
[2022-09-20T16:34:55.319+0000] {processor.py:768} INFO - DAG(s) dict_keys(['latest_only']) retrieved from /home/airflow/.local/lib/python3.7/site-packages/airflow/example_dags/example_latest_only.py
[2022-09-20T16:34:55.365+0000] {logging_mixin.py:117} INFO - [2022-09-20T16:34:55.364+0000] {dag.py:2573} INFO - Sync 1 DAGs
[2022-09-20T16:34:55.398+0000] {logging_mixin.py:117} INFO - [2022-09-20T16:34:55.398+0000] {dag.py:3328} INFO - Setting next_dagrun for latest_only to 2022-09-20T12:34:55.398404+00:00, run_after=2022-09-20T16:34:55.398404+00:00
[2022-09-20T16:34:55.429+0000] {processor.py:178} INFO - Processing /home/airflow/.local/lib/python3.7/site-packages/airflow/example_dags/example_latest_only.py took 0.130 seconds
[2022-09-20T16:35:25.749+0000] {processor.py:156} INFO - Started process (PID=2013) to work on /home/airflow/.local/lib/python3.7/site-packages/airflow/example_dags/example_latest_only.py
[2022-09-20T16:35:25.750+0000] {processor.py:758} INFO - Processing file /home/airflow/.local/lib/python3.7/site-packages/airflow/example_dags/example_latest_only.py for tasks to queue
[2022-09-20T16:35:25.751+0000] {logging_mixin.py:117} INFO - [2022-09-20T16:35:25.751+0000] {dagbag.py:525} INFO - Filling up the DagBag from /home/airflow/.local/lib/python3.7/site-packages/airflow/example_dags/example_latest_only.py
[2022-09-20T16:35:25.787+0000] {processor.py:768} INFO - DAG(s) dict_keys(['latest_only']) retrieved from /home/airflow/.local/lib/python3.7/site-packages/airflow/example_dags/example_latest_only.py
[2022-09-20T16:35:25.882+0000] {logging_mixin.py:117} INFO - [2022-09-20T16:35:25.882+0000] {dag.py:2573} INFO - Sync 1 DAGs
[2022-09-20T16:35:25.929+0000] {logging_mixin.py:117} INFO - [2022-09-20T16:35:25.928+0000] {dag.py:3328} INFO - Setting next_dagrun for latest_only to 2022-09-20T12:35:25.928195+00:00, run_after=2022-09-20T16:35:25.928195+00:00
[2022-09-20T16:35:25.974+0000] {processor.py:178} INFO - Processing /home/airflow/.local/lib/python3.7/site-packages/airflow/example_dags/example_latest_only.py took 0.229 seconds
[2022-09-20T16:35:56.134+0000] {processor.py:156} INFO - Started process (PID=2067) to work on /home/airflow/.local/lib/python3.7/site-packages/airflow/example_dags/example_latest_only.py
[2022-09-20T16:35:56.135+0000] {processor.py:758} INFO - Processing file /home/airflow/.local/lib/python3.7/site-packages/airflow/example_dags/example_latest_only.py for tasks to queue
[2022-09-20T16:35:56.136+0000] {logging_mixin.py:117} INFO - [2022-09-20T16:35:56.136+0000] {dagbag.py:525} INFO - Filling up the DagBag from /home/airflow/.local/lib/python3.7/site-packages/airflow/example_dags/example_latest_only.py
[2022-09-20T16:35:56.176+0000] {processor.py:768} INFO - DAG(s) dict_keys(['latest_only']) retrieved from /home/airflow/.local/lib/python3.7/site-packages/airflow/example_dags/example_latest_only.py
[2022-09-20T16:35:56.299+0000] {logging_mixin.py:117} INFO - [2022-09-20T16:35:56.298+0000] {dag.py:2573} INFO - Sync 1 DAGs
[2022-09-20T16:35:56.374+0000] {logging_mixin.py:117} INFO - [2022-09-20T16:35:56.373+0000] {dag.py:3328} INFO - Setting next_dagrun for latest_only to 2022-09-20T12:35:56.372548+00:00, run_after=2022-09-20T16:35:56.372548+00:00
[2022-09-20T16:35:56.427+0000] {processor.py:178} INFO - Processing /home/airflow/.local/lib/python3.7/site-packages/airflow/example_dags/example_latest_only.py took 0.297 seconds
[2022-09-20T16:36:26.590+0000] {processor.py:156} INFO - Started process (PID=2120) to work on /home/airflow/.local/lib/python3.7/site-packages/airflow/example_dags/example_latest_only.py
[2022-09-20T16:36:26.591+0000] {processor.py:758} INFO - Processing file /home/airflow/.local/lib/python3.7/site-packages/airflow/example_dags/example_latest_only.py for tasks to queue
[2022-09-20T16:36:26.591+0000] {logging_mixin.py:117} INFO - [2022-09-20T16:36:26.591+0000] {dagbag.py:525} INFO - Filling up the DagBag from /home/airflow/.local/lib/python3.7/site-packages/airflow/example_dags/example_latest_only.py
[2022-09-20T16:36:26.605+0000] {processor.py:768} INFO - DAG(s) dict_keys(['latest_only']) retrieved from /home/airflow/.local/lib/python3.7/site-packages/airflow/example_dags/example_latest_only.py
[2022-09-20T16:36:26.650+0000] {logging_mixin.py:117} INFO - [2022-09-20T16:36:26.650+0000] {dag.py:2573} INFO - Sync 1 DAGs
[2022-09-20T16:36:26.678+0000] {logging_mixin.py:117} INFO - [2022-09-20T16:36:26.678+0000] {dag.py:3328} INFO - Setting next_dagrun for latest_only to 2022-09-20T12:36:26.678331+00:00, run_after=2022-09-20T16:36:26.678331+00:00
[2022-09-20T16:36:26.707+0000] {processor.py:178} INFO - Processing /home/airflow/.local/lib/python3.7/site-packages/airflow/example_dags/example_latest_only.py took 0.121 seconds
[2022-09-20T16:36:57.502+0000] {processor.py:156} INFO - Started process (PID=2183) to work on /home/airflow/.local/lib/python3.7/site-packages/airflow/example_dags/example_latest_only.py
[2022-09-20T16:36:57.503+0000] {processor.py:758} INFO - Processing file /home/airflow/.local/lib/python3.7/site-packages/airflow/example_dags/example_latest_only.py for tasks to queue
[2022-09-20T16:36:57.504+0000] {logging_mixin.py:117} INFO - [2022-09-20T16:36:57.503+0000] {dagbag.py:525} INFO - Filling up the DagBag from /home/airflow/.local/lib/python3.7/site-packages/airflow/example_dags/example_latest_only.py
[2022-09-20T16:36:57.522+0000] {processor.py:768} INFO - DAG(s) dict_keys(['latest_only']) retrieved from /home/airflow/.local/lib/python3.7/site-packages/airflow/example_dags/example_latest_only.py
[2022-09-20T16:36:57.583+0000] {logging_mixin.py:117} INFO - [2022-09-20T16:36:57.583+0000] {dag.py:2573} INFO - Sync 1 DAGs
[2022-09-20T16:36:57.618+0000] {logging_mixin.py:117} INFO - [2022-09-20T16:36:57.618+0000] {dag.py:3328} INFO - Setting next_dagrun for latest_only to 2022-09-20T12:36:57.618525+00:00, run_after=2022-09-20T16:36:57.618525+00:00
[2022-09-20T16:36:57.647+0000] {processor.py:178} INFO - Processing /home/airflow/.local/lib/python3.7/site-packages/airflow/example_dags/example_latest_only.py took 0.148 seconds
[2022-09-20T16:37:28.464+0000] {processor.py:156} INFO - Started process (PID=2246) to work on /home/airflow/.local/lib/python3.7/site-packages/airflow/example_dags/example_latest_only.py
[2022-09-20T16:37:28.465+0000] {processor.py:758} INFO - Processing file /home/airflow/.local/lib/python3.7/site-packages/airflow/example_dags/example_latest_only.py for tasks to queue
[2022-09-20T16:37:28.465+0000] {logging_mixin.py:117} INFO - [2022-09-20T16:37:28.465+0000] {dagbag.py:525} INFO - Filling up the DagBag from /home/airflow/.local/lib/python3.7/site-packages/airflow/example_dags/example_latest_only.py
[2022-09-20T16:37:28.476+0000] {processor.py:768} INFO - DAG(s) dict_keys(['latest_only']) retrieved from /home/airflow/.local/lib/python3.7/site-packages/airflow/example_dags/example_latest_only.py
[2022-09-20T16:37:28.515+0000] {logging_mixin.py:117} INFO - [2022-09-20T16:37:28.514+0000] {dag.py:2573} INFO - Sync 1 DAGs
[2022-09-20T16:37:28.538+0000] {logging_mixin.py:117} INFO - [2022-09-20T16:37:28.538+0000] {dag.py:3328} INFO - Setting next_dagrun for latest_only to 2022-09-20T12:37:28.538526+00:00, run_after=2022-09-20T16:37:28.538526+00:00
[2022-09-20T16:37:28.559+0000] {processor.py:178} INFO - Processing /home/airflow/.local/lib/python3.7/site-packages/airflow/example_dags/example_latest_only.py took 0.097 seconds
[2022-09-20T16:37:58.971+0000] {processor.py:156} INFO - Started process (PID=2300) to work on /home/airflow/.local/lib/python3.7/site-packages/airflow/example_dags/example_latest_only.py
[2022-09-20T16:37:58.972+0000] {processor.py:758} INFO - Processing file /home/airflow/.local/lib/python3.7/site-packages/airflow/example_dags/example_latest_only.py for tasks to queue
[2022-09-20T16:37:58.973+0000] {logging_mixin.py:117} INFO - [2022-09-20T16:37:58.972+0000] {dagbag.py:525} INFO - Filling up the DagBag from /home/airflow/.local/lib/python3.7/site-packages/airflow/example_dags/example_latest_only.py
[2022-09-20T16:37:58.987+0000] {processor.py:768} INFO - DAG(s) dict_keys(['latest_only']) retrieved from /home/airflow/.local/lib/python3.7/site-packages/airflow/example_dags/example_latest_only.py
[2022-09-20T16:37:59.036+0000] {logging_mixin.py:117} INFO - [2022-09-20T16:37:59.036+0000] {dag.py:2573} INFO - Sync 1 DAGs
[2022-09-20T16:37:59.065+0000] {logging_mixin.py:117} INFO - [2022-09-20T16:37:59.065+0000] {dag.py:3328} INFO - Setting next_dagrun for latest_only to 2022-09-20T12:37:59.064836+00:00, run_after=2022-09-20T16:37:59.064836+00:00
[2022-09-20T16:37:59.087+0000] {processor.py:178} INFO - Processing /home/airflow/.local/lib/python3.7/site-packages/airflow/example_dags/example_latest_only.py took 0.118 seconds
[2022-09-20T16:38:29.781+0000] {processor.py:156} INFO - Started process (PID=2363) to work on /home/airflow/.local/lib/python3.7/site-packages/airflow/example_dags/example_latest_only.py
[2022-09-20T16:38:29.782+0000] {processor.py:758} INFO - Processing file /home/airflow/.local/lib/python3.7/site-packages/airflow/example_dags/example_latest_only.py for tasks to queue
[2022-09-20T16:38:29.782+0000] {logging_mixin.py:117} INFO - [2022-09-20T16:38:29.782+0000] {dagbag.py:525} INFO - Filling up the DagBag from /home/airflow/.local/lib/python3.7/site-packages/airflow/example_dags/example_latest_only.py
[2022-09-20T16:38:29.794+0000] {processor.py:768} INFO - DAG(s) dict_keys(['latest_only']) retrieved from /home/airflow/.local/lib/python3.7/site-packages/airflow/example_dags/example_latest_only.py
[2022-09-20T16:38:29.832+0000] {logging_mixin.py:117} INFO - [2022-09-20T16:38:29.832+0000] {dag.py:2573} INFO - Sync 1 DAGs
[2022-09-20T16:38:29.857+0000] {logging_mixin.py:117} INFO - [2022-09-20T16:38:29.857+0000] {dag.py:3328} INFO - Setting next_dagrun for latest_only to 2022-09-20T12:38:29.857435+00:00, run_after=2022-09-20T16:38:29.857435+00:00
[2022-09-20T16:38:29.880+0000] {processor.py:178} INFO - Processing /home/airflow/.local/lib/python3.7/site-packages/airflow/example_dags/example_latest_only.py took 0.102 seconds
[2022-09-20T16:38:59.997+0000] {processor.py:156} INFO - Started process (PID=2425) to work on /home/airflow/.local/lib/python3.7/site-packages/airflow/example_dags/example_latest_only.py
[2022-09-20T16:38:59.998+0000] {processor.py:758} INFO - Processing file /home/airflow/.local/lib/python3.7/site-packages/airflow/example_dags/example_latest_only.py for tasks to queue
[2022-09-20T16:38:59.998+0000] {logging_mixin.py:117} INFO - [2022-09-20T16:38:59.998+0000] {dagbag.py:525} INFO - Filling up the DagBag from /home/airflow/.local/lib/python3.7/site-packages/airflow/example_dags/example_latest_only.py
[2022-09-20T16:39:00.012+0000] {processor.py:768} INFO - DAG(s) dict_keys(['latest_only']) retrieved from /home/airflow/.local/lib/python3.7/site-packages/airflow/example_dags/example_latest_only.py
[2022-09-20T16:39:00.059+0000] {logging_mixin.py:117} INFO - [2022-09-20T16:39:00.059+0000] {dag.py:2573} INFO - Sync 1 DAGs
[2022-09-20T16:39:00.092+0000] {logging_mixin.py:117} INFO - [2022-09-20T16:39:00.092+0000] {dag.py:3328} INFO - Setting next_dagrun for latest_only to 2022-09-20T12:39:00.092361+00:00, run_after=2022-09-20T16:39:00.092361+00:00
[2022-09-20T16:39:00.115+0000] {processor.py:178} INFO - Processing /home/airflow/.local/lib/python3.7/site-packages/airflow/example_dags/example_latest_only.py took 0.121 seconds
