[2022-09-20T16:18:32.133+0000] {processor.py:156} INFO - Started process (PID=60) to work on /home/airflow/.local/lib/python3.7/site-packages/airflow/example_dags/example_branch_operator.py
[2022-09-20T16:18:32.134+0000] {processor.py:758} INFO - Processing file /home/airflow/.local/lib/python3.7/site-packages/airflow/example_dags/example_branch_operator.py for tasks to queue
[2022-09-20T16:18:32.135+0000] {logging_mixin.py:117} INFO - [2022-09-20T16:18:32.135+0000] {dagbag.py:525} INFO - Filling up the DagBag from /home/airflow/.local/lib/python3.7/site-packages/airflow/example_dags/example_branch_operator.py
[2022-09-20T16:18:32.247+0000] {processor.py:768} INFO - DAG(s) dict_keys(['example_branch_operator']) retrieved from /home/airflow/.local/lib/python3.7/site-packages/airflow/example_dags/example_branch_operator.py
[2022-09-20T16:18:32.743+0000] {logging_mixin.py:117} INFO - [2022-09-20T16:18:32.736+0000] {dag.py:2573} INFO - Sync 1 DAGs
[2022-09-20T16:18:32.971+0000] {logging_mixin.py:117} INFO - [2022-09-20T16:18:32.970+0000] {dag.py:3328} INFO - Setting next_dagrun for example_branch_operator to 2022-09-19T00:00:00+00:00, run_after=2022-09-20T00:00:00+00:00
[2022-09-20T16:18:33.006+0000] {processor.py:178} INFO - Processing /home/airflow/.local/lib/python3.7/site-packages/airflow/example_dags/example_branch_operator.py took 0.885 seconds
[2022-09-20T16:19:03.861+0000] {processor.py:156} INFO - Started process (PID=114) to work on /home/airflow/.local/lib/python3.7/site-packages/airflow/example_dags/example_branch_operator.py
[2022-09-20T16:19:03.862+0000] {processor.py:758} INFO - Processing file /home/airflow/.local/lib/python3.7/site-packages/airflow/example_dags/example_branch_operator.py for tasks to queue
[2022-09-20T16:19:03.862+0000] {logging_mixin.py:117} INFO - [2022-09-20T16:19:03.862+0000] {dagbag.py:525} INFO - Filling up the DagBag from /home/airflow/.local/lib/python3.7/site-packages/airflow/example_dags/example_branch_operator.py
[2022-09-20T16:19:03.880+0000] {processor.py:768} INFO - DAG(s) dict_keys(['example_branch_operator']) retrieved from /home/airflow/.local/lib/python3.7/site-packages/airflow/example_dags/example_branch_operator.py
[2022-09-20T16:19:04.016+0000] {logging_mixin.py:117} INFO - [2022-09-20T16:19:04.016+0000] {dag.py:2573} INFO - Sync 1 DAGs
[2022-09-20T16:19:04.038+0000] {logging_mixin.py:117} INFO - [2022-09-20T16:19:04.038+0000] {dag.py:3328} INFO - Setting next_dagrun for example_branch_operator to 2022-09-19T00:00:00+00:00, run_after=2022-09-20T00:00:00+00:00
[2022-09-20T16:19:04.055+0000] {processor.py:178} INFO - Processing /home/airflow/.local/lib/python3.7/site-packages/airflow/example_dags/example_branch_operator.py took 0.197 seconds
[2022-09-20T16:19:34.670+0000] {processor.py:156} INFO - Started process (PID=176) to work on /home/airflow/.local/lib/python3.7/site-packages/airflow/example_dags/example_branch_operator.py
[2022-09-20T16:19:34.672+0000] {processor.py:758} INFO - Processing file /home/airflow/.local/lib/python3.7/site-packages/airflow/example_dags/example_branch_operator.py for tasks to queue
[2022-09-20T16:19:34.673+0000] {logging_mixin.py:117} INFO - [2022-09-20T16:19:34.672+0000] {dagbag.py:525} INFO - Filling up the DagBag from /home/airflow/.local/lib/python3.7/site-packages/airflow/example_dags/example_branch_operator.py
[2022-09-20T16:19:34.796+0000] {processor.py:768} INFO - DAG(s) dict_keys(['example_branch_operator']) retrieved from /home/airflow/.local/lib/python3.7/site-packages/airflow/example_dags/example_branch_operator.py
[2022-09-20T16:19:34.833+0000] {logging_mixin.py:117} INFO - [2022-09-20T16:19:34.832+0000] {dag.py:2573} INFO - Sync 1 DAGs
[2022-09-20T16:19:34.858+0000] {logging_mixin.py:117} INFO - [2022-09-20T16:19:34.857+0000] {dag.py:3328} INFO - Setting next_dagrun for example_branch_operator to 2022-09-19T00:00:00+00:00, run_after=2022-09-20T00:00:00+00:00
[2022-09-20T16:19:34.879+0000] {processor.py:178} INFO - Processing /home/airflow/.local/lib/python3.7/site-packages/airflow/example_dags/example_branch_operator.py took 0.211 seconds
[2022-09-20T16:20:05.596+0000] {processor.py:156} INFO - Started process (PID=239) to work on /home/airflow/.local/lib/python3.7/site-packages/airflow/example_dags/example_branch_operator.py
[2022-09-20T16:20:05.597+0000] {processor.py:758} INFO - Processing file /home/airflow/.local/lib/python3.7/site-packages/airflow/example_dags/example_branch_operator.py for tasks to queue
[2022-09-20T16:20:05.598+0000] {logging_mixin.py:117} INFO - [2022-09-20T16:20:05.598+0000] {dagbag.py:525} INFO - Filling up the DagBag from /home/airflow/.local/lib/python3.7/site-packages/airflow/example_dags/example_branch_operator.py
[2022-09-20T16:20:05.880+0000] {processor.py:768} INFO - DAG(s) dict_keys(['example_branch_operator']) retrieved from /home/airflow/.local/lib/python3.7/site-packages/airflow/example_dags/example_branch_operator.py
[2022-09-20T16:20:06.009+0000] {logging_mixin.py:117} INFO - [2022-09-20T16:20:06.008+0000] {dag.py:2573} INFO - Sync 1 DAGs
[2022-09-20T16:20:06.075+0000] {logging_mixin.py:117} INFO - [2022-09-20T16:20:06.074+0000] {dag.py:3328} INFO - Setting next_dagrun for example_branch_operator to 2022-09-19T00:00:00+00:00, run_after=2022-09-20T00:00:00+00:00
[2022-09-20T16:20:06.135+0000] {processor.py:178} INFO - Processing /home/airflow/.local/lib/python3.7/site-packages/airflow/example_dags/example_branch_operator.py took 0.543 seconds
[2022-09-20T16:20:36.594+0000] {processor.py:156} INFO - Started process (PID=293) to work on /home/airflow/.local/lib/python3.7/site-packages/airflow/example_dags/example_branch_operator.py
[2022-09-20T16:20:36.595+0000] {processor.py:758} INFO - Processing file /home/airflow/.local/lib/python3.7/site-packages/airflow/example_dags/example_branch_operator.py for tasks to queue
[2022-09-20T16:20:36.595+0000] {logging_mixin.py:117} INFO - [2022-09-20T16:20:36.595+0000] {dagbag.py:525} INFO - Filling up the DagBag from /home/airflow/.local/lib/python3.7/site-packages/airflow/example_dags/example_branch_operator.py
[2022-09-20T16:20:36.611+0000] {processor.py:768} INFO - DAG(s) dict_keys(['example_branch_operator']) retrieved from /home/airflow/.local/lib/python3.7/site-packages/airflow/example_dags/example_branch_operator.py
[2022-09-20T16:20:36.648+0000] {logging_mixin.py:117} INFO - [2022-09-20T16:20:36.648+0000] {dag.py:2573} INFO - Sync 1 DAGs
[2022-09-20T16:20:36.673+0000] {logging_mixin.py:117} INFO - [2022-09-20T16:20:36.672+0000] {dag.py:3328} INFO - Setting next_dagrun for example_branch_operator to 2022-09-19T00:00:00+00:00, run_after=2022-09-20T00:00:00+00:00
[2022-09-20T16:20:36.694+0000] {processor.py:178} INFO - Processing /home/airflow/.local/lib/python3.7/site-packages/airflow/example_dags/example_branch_operator.py took 0.103 seconds
[2022-09-20T16:21:07.434+0000] {processor.py:156} INFO - Started process (PID=354) to work on /home/airflow/.local/lib/python3.7/site-packages/airflow/example_dags/example_branch_operator.py
[2022-09-20T16:21:07.435+0000] {processor.py:758} INFO - Processing file /home/airflow/.local/lib/python3.7/site-packages/airflow/example_dags/example_branch_operator.py for tasks to queue
[2022-09-20T16:21:07.435+0000] {logging_mixin.py:117} INFO - [2022-09-20T16:21:07.435+0000] {dagbag.py:525} INFO - Filling up the DagBag from /home/airflow/.local/lib/python3.7/site-packages/airflow/example_dags/example_branch_operator.py
[2022-09-20T16:21:07.457+0000] {processor.py:768} INFO - DAG(s) dict_keys(['example_branch_operator']) retrieved from /home/airflow/.local/lib/python3.7/site-packages/airflow/example_dags/example_branch_operator.py
[2022-09-20T16:21:07.516+0000] {logging_mixin.py:117} INFO - [2022-09-20T16:21:07.516+0000] {dag.py:2573} INFO - Sync 1 DAGs
[2022-09-20T16:21:07.554+0000] {logging_mixin.py:117} INFO - [2022-09-20T16:21:07.554+0000] {dag.py:3328} INFO - Setting next_dagrun for example_branch_operator to 2022-09-19T00:00:00+00:00, run_after=2022-09-20T00:00:00+00:00
[2022-09-20T16:21:07.583+0000] {processor.py:178} INFO - Processing /home/airflow/.local/lib/python3.7/site-packages/airflow/example_dags/example_branch_operator.py took 0.151 seconds
[2022-09-20T16:21:37.625+0000] {processor.py:156} INFO - Started process (PID=408) to work on /home/airflow/.local/lib/python3.7/site-packages/airflow/example_dags/example_branch_operator.py
[2022-09-20T16:21:37.626+0000] {processor.py:758} INFO - Processing file /home/airflow/.local/lib/python3.7/site-packages/airflow/example_dags/example_branch_operator.py for tasks to queue
[2022-09-20T16:21:37.626+0000] {logging_mixin.py:117} INFO - [2022-09-20T16:21:37.626+0000] {dagbag.py:525} INFO - Filling up the DagBag from /home/airflow/.local/lib/python3.7/site-packages/airflow/example_dags/example_branch_operator.py
[2022-09-20T16:21:37.643+0000] {processor.py:768} INFO - DAG(s) dict_keys(['example_branch_operator']) retrieved from /home/airflow/.local/lib/python3.7/site-packages/airflow/example_dags/example_branch_operator.py
[2022-09-20T16:21:37.676+0000] {logging_mixin.py:117} INFO - [2022-09-20T16:21:37.676+0000] {dag.py:2573} INFO - Sync 1 DAGs
[2022-09-20T16:21:37.698+0000] {logging_mixin.py:117} INFO - [2022-09-20T16:21:37.698+0000] {dag.py:3328} INFO - Setting next_dagrun for example_branch_operator to 2022-09-19T00:00:00+00:00, run_after=2022-09-20T00:00:00+00:00
[2022-09-20T16:21:37.718+0000] {processor.py:178} INFO - Processing /home/airflow/.local/lib/python3.7/site-packages/airflow/example_dags/example_branch_operator.py took 0.095 seconds
[2022-09-20T16:22:08.413+0000] {processor.py:156} INFO - Started process (PID=470) to work on /home/airflow/.local/lib/python3.7/site-packages/airflow/example_dags/example_branch_operator.py
[2022-09-20T16:22:08.414+0000] {processor.py:758} INFO - Processing file /home/airflow/.local/lib/python3.7/site-packages/airflow/example_dags/example_branch_operator.py for tasks to queue
[2022-09-20T16:22:08.414+0000] {logging_mixin.py:117} INFO - [2022-09-20T16:22:08.414+0000] {dagbag.py:525} INFO - Filling up the DagBag from /home/airflow/.local/lib/python3.7/site-packages/airflow/example_dags/example_branch_operator.py
[2022-09-20T16:22:08.430+0000] {processor.py:768} INFO - DAG(s) dict_keys(['example_branch_operator']) retrieved from /home/airflow/.local/lib/python3.7/site-packages/airflow/example_dags/example_branch_operator.py
[2022-09-20T16:22:08.464+0000] {logging_mixin.py:117} INFO - [2022-09-20T16:22:08.463+0000] {dag.py:2573} INFO - Sync 1 DAGs
[2022-09-20T16:22:08.489+0000] {logging_mixin.py:117} INFO - [2022-09-20T16:22:08.488+0000] {dag.py:3328} INFO - Setting next_dagrun for example_branch_operator to 2022-09-19T00:00:00+00:00, run_after=2022-09-20T00:00:00+00:00
[2022-09-20T16:22:08.510+0000] {processor.py:178} INFO - Processing /home/airflow/.local/lib/python3.7/site-packages/airflow/example_dags/example_branch_operator.py took 0.099 seconds
[2022-09-20T16:22:38.861+0000] {processor.py:156} INFO - Started process (PID=532) to work on /home/airflow/.local/lib/python3.7/site-packages/airflow/example_dags/example_branch_operator.py
[2022-09-20T16:22:38.861+0000] {processor.py:758} INFO - Processing file /home/airflow/.local/lib/python3.7/site-packages/airflow/example_dags/example_branch_operator.py for tasks to queue
[2022-09-20T16:22:38.861+0000] {logging_mixin.py:117} INFO - [2022-09-20T16:22:38.861+0000] {dagbag.py:525} INFO - Filling up the DagBag from /home/airflow/.local/lib/python3.7/site-packages/airflow/example_dags/example_branch_operator.py
[2022-09-20T16:22:38.876+0000] {processor.py:768} INFO - DAG(s) dict_keys(['example_branch_operator']) retrieved from /home/airflow/.local/lib/python3.7/site-packages/airflow/example_dags/example_branch_operator.py
[2022-09-20T16:22:38.917+0000] {logging_mixin.py:117} INFO - [2022-09-20T16:22:38.917+0000] {dag.py:2573} INFO - Sync 1 DAGs
[2022-09-20T16:22:38.942+0000] {logging_mixin.py:117} INFO - [2022-09-20T16:22:38.942+0000] {dag.py:3328} INFO - Setting next_dagrun for example_branch_operator to 2022-09-19T00:00:00+00:00, run_after=2022-09-20T00:00:00+00:00
[2022-09-20T16:22:38.959+0000] {processor.py:178} INFO - Processing /home/airflow/.local/lib/python3.7/site-packages/airflow/example_dags/example_branch_operator.py took 0.102 seconds
[2022-09-20T16:23:09.324+0000] {processor.py:156} INFO - Started process (PID=586) to work on /home/airflow/.local/lib/python3.7/site-packages/airflow/example_dags/example_branch_operator.py
[2022-09-20T16:23:09.324+0000] {processor.py:758} INFO - Processing file /home/airflow/.local/lib/python3.7/site-packages/airflow/example_dags/example_branch_operator.py for tasks to queue
[2022-09-20T16:23:09.325+0000] {logging_mixin.py:117} INFO - [2022-09-20T16:23:09.325+0000] {dagbag.py:525} INFO - Filling up the DagBag from /home/airflow/.local/lib/python3.7/site-packages/airflow/example_dags/example_branch_operator.py
[2022-09-20T16:23:09.341+0000] {processor.py:768} INFO - DAG(s) dict_keys(['example_branch_operator']) retrieved from /home/airflow/.local/lib/python3.7/site-packages/airflow/example_dags/example_branch_operator.py
[2022-09-20T16:23:09.378+0000] {logging_mixin.py:117} INFO - [2022-09-20T16:23:09.377+0000] {dag.py:2573} INFO - Sync 1 DAGs
[2022-09-20T16:23:09.400+0000] {logging_mixin.py:117} INFO - [2022-09-20T16:23:09.400+0000] {dag.py:3328} INFO - Setting next_dagrun for example_branch_operator to 2022-09-19T00:00:00+00:00, run_after=2022-09-20T00:00:00+00:00
[2022-09-20T16:23:09.419+0000] {processor.py:178} INFO - Processing /home/airflow/.local/lib/python3.7/site-packages/airflow/example_dags/example_branch_operator.py took 0.098 seconds
[2022-09-20T16:23:39.772+0000] {processor.py:156} INFO - Started process (PID=648) to work on /home/airflow/.local/lib/python3.7/site-packages/airflow/example_dags/example_branch_operator.py
[2022-09-20T16:23:39.773+0000] {processor.py:758} INFO - Processing file /home/airflow/.local/lib/python3.7/site-packages/airflow/example_dags/example_branch_operator.py for tasks to queue
[2022-09-20T16:23:39.774+0000] {logging_mixin.py:117} INFO - [2022-09-20T16:23:39.774+0000] {dagbag.py:525} INFO - Filling up the DagBag from /home/airflow/.local/lib/python3.7/site-packages/airflow/example_dags/example_branch_operator.py
[2022-09-20T16:23:39.791+0000] {processor.py:768} INFO - DAG(s) dict_keys(['example_branch_operator']) retrieved from /home/airflow/.local/lib/python3.7/site-packages/airflow/example_dags/example_branch_operator.py
[2022-09-20T16:23:39.829+0000] {logging_mixin.py:117} INFO - [2022-09-20T16:23:39.829+0000] {dag.py:2573} INFO - Sync 1 DAGs
[2022-09-20T16:23:39.855+0000] {logging_mixin.py:117} INFO - [2022-09-20T16:23:39.855+0000] {dag.py:3328} INFO - Setting next_dagrun for example_branch_operator to 2022-09-19T00:00:00+00:00, run_after=2022-09-20T00:00:00+00:00
[2022-09-20T16:23:39.879+0000] {processor.py:178} INFO - Processing /home/airflow/.local/lib/python3.7/site-packages/airflow/example_dags/example_branch_operator.py took 0.110 seconds
[2022-09-20T16:24:10.260+0000] {processor.py:156} INFO - Started process (PID=710) to work on /home/airflow/.local/lib/python3.7/site-packages/airflow/example_dags/example_branch_operator.py
[2022-09-20T16:24:10.261+0000] {processor.py:758} INFO - Processing file /home/airflow/.local/lib/python3.7/site-packages/airflow/example_dags/example_branch_operator.py for tasks to queue
[2022-09-20T16:24:10.262+0000] {logging_mixin.py:117} INFO - [2022-09-20T16:24:10.262+0000] {dagbag.py:525} INFO - Filling up the DagBag from /home/airflow/.local/lib/python3.7/site-packages/airflow/example_dags/example_branch_operator.py
[2022-09-20T16:24:10.311+0000] {processor.py:768} INFO - DAG(s) dict_keys(['example_branch_operator']) retrieved from /home/airflow/.local/lib/python3.7/site-packages/airflow/example_dags/example_branch_operator.py
[2022-09-20T16:24:10.423+0000] {logging_mixin.py:117} INFO - [2022-09-20T16:24:10.423+0000] {dag.py:2573} INFO - Sync 1 DAGs
[2022-09-20T16:24:10.476+0000] {logging_mixin.py:117} INFO - [2022-09-20T16:24:10.476+0000] {dag.py:3328} INFO - Setting next_dagrun for example_branch_operator to 2022-09-19T00:00:00+00:00, run_after=2022-09-20T00:00:00+00:00
[2022-09-20T16:24:10.515+0000] {processor.py:178} INFO - Processing /home/airflow/.local/lib/python3.7/site-packages/airflow/example_dags/example_branch_operator.py took 0.257 seconds
[2022-09-20T16:24:40.916+0000] {processor.py:156} INFO - Started process (PID=763) to work on /home/airflow/.local/lib/python3.7/site-packages/airflow/example_dags/example_branch_operator.py
[2022-09-20T16:24:40.917+0000] {processor.py:758} INFO - Processing file /home/airflow/.local/lib/python3.7/site-packages/airflow/example_dags/example_branch_operator.py for tasks to queue
[2022-09-20T16:24:40.918+0000] {logging_mixin.py:117} INFO - [2022-09-20T16:24:40.918+0000] {dagbag.py:525} INFO - Filling up the DagBag from /home/airflow/.local/lib/python3.7/site-packages/airflow/example_dags/example_branch_operator.py
[2022-09-20T16:24:40.938+0000] {processor.py:768} INFO - DAG(s) dict_keys(['example_branch_operator']) retrieved from /home/airflow/.local/lib/python3.7/site-packages/airflow/example_dags/example_branch_operator.py
[2022-09-20T16:24:40.985+0000] {logging_mixin.py:117} INFO - [2022-09-20T16:24:40.985+0000] {dag.py:2573} INFO - Sync 1 DAGs
[2022-09-20T16:24:41.011+0000] {logging_mixin.py:117} INFO - [2022-09-20T16:24:41.011+0000] {dag.py:3328} INFO - Setting next_dagrun for example_branch_operator to 2022-09-19T00:00:00+00:00, run_after=2022-09-20T00:00:00+00:00
[2022-09-20T16:24:41.033+0000] {processor.py:178} INFO - Processing /home/airflow/.local/lib/python3.7/site-packages/airflow/example_dags/example_branch_operator.py took 0.120 seconds
[2022-09-20T16:25:11.327+0000] {processor.py:156} INFO - Started process (PID=826) to work on /home/airflow/.local/lib/python3.7/site-packages/airflow/example_dags/example_branch_operator.py
[2022-09-20T16:25:11.328+0000] {processor.py:758} INFO - Processing file /home/airflow/.local/lib/python3.7/site-packages/airflow/example_dags/example_branch_operator.py for tasks to queue
[2022-09-20T16:25:11.328+0000] {logging_mixin.py:117} INFO - [2022-09-20T16:25:11.328+0000] {dagbag.py:525} INFO - Filling up the DagBag from /home/airflow/.local/lib/python3.7/site-packages/airflow/example_dags/example_branch_operator.py
[2022-09-20T16:25:11.345+0000] {processor.py:768} INFO - DAG(s) dict_keys(['example_branch_operator']) retrieved from /home/airflow/.local/lib/python3.7/site-packages/airflow/example_dags/example_branch_operator.py
[2022-09-20T16:25:11.388+0000] {logging_mixin.py:117} INFO - [2022-09-20T16:25:11.388+0000] {dag.py:2573} INFO - Sync 1 DAGs
[2022-09-20T16:25:11.421+0000] {logging_mixin.py:117} INFO - [2022-09-20T16:25:11.421+0000] {dag.py:3328} INFO - Setting next_dagrun for example_branch_operator to 2022-09-19T00:00:00+00:00, run_after=2022-09-20T00:00:00+00:00
[2022-09-20T16:25:11.448+0000] {processor.py:178} INFO - Processing /home/airflow/.local/lib/python3.7/site-packages/airflow/example_dags/example_branch_operator.py took 0.124 seconds
[2022-09-20T16:25:41.777+0000] {processor.py:156} INFO - Started process (PID=880) to work on /home/airflow/.local/lib/python3.7/site-packages/airflow/example_dags/example_branch_operator.py
[2022-09-20T16:25:41.778+0000] {processor.py:758} INFO - Processing file /home/airflow/.local/lib/python3.7/site-packages/airflow/example_dags/example_branch_operator.py for tasks to queue
[2022-09-20T16:25:41.778+0000] {logging_mixin.py:117} INFO - [2022-09-20T16:25:41.778+0000] {dagbag.py:525} INFO - Filling up the DagBag from /home/airflow/.local/lib/python3.7/site-packages/airflow/example_dags/example_branch_operator.py
[2022-09-20T16:25:41.798+0000] {processor.py:768} INFO - DAG(s) dict_keys(['example_branch_operator']) retrieved from /home/airflow/.local/lib/python3.7/site-packages/airflow/example_dags/example_branch_operator.py
[2022-09-20T16:25:41.839+0000] {logging_mixin.py:117} INFO - [2022-09-20T16:25:41.839+0000] {dag.py:2573} INFO - Sync 1 DAGs
[2022-09-20T16:25:41.861+0000] {logging_mixin.py:117} INFO - [2022-09-20T16:25:41.861+0000] {dag.py:3328} INFO - Setting next_dagrun for example_branch_operator to 2022-09-19T00:00:00+00:00, run_after=2022-09-20T00:00:00+00:00
[2022-09-20T16:25:41.882+0000] {processor.py:178} INFO - Processing /home/airflow/.local/lib/python3.7/site-packages/airflow/example_dags/example_branch_operator.py took 0.107 seconds
[2022-09-20T16:26:12.143+0000] {processor.py:156} INFO - Started process (PID=942) to work on /home/airflow/.local/lib/python3.7/site-packages/airflow/example_dags/example_branch_operator.py
[2022-09-20T16:26:12.144+0000] {processor.py:758} INFO - Processing file /home/airflow/.local/lib/python3.7/site-packages/airflow/example_dags/example_branch_operator.py for tasks to queue
[2022-09-20T16:26:12.144+0000] {logging_mixin.py:117} INFO - [2022-09-20T16:26:12.144+0000] {dagbag.py:525} INFO - Filling up the DagBag from /home/airflow/.local/lib/python3.7/site-packages/airflow/example_dags/example_branch_operator.py
[2022-09-20T16:26:12.160+0000] {processor.py:768} INFO - DAG(s) dict_keys(['example_branch_operator']) retrieved from /home/airflow/.local/lib/python3.7/site-packages/airflow/example_dags/example_branch_operator.py
[2022-09-20T16:26:12.197+0000] {logging_mixin.py:117} INFO - [2022-09-20T16:26:12.197+0000] {dag.py:2573} INFO - Sync 1 DAGs
[2022-09-20T16:26:12.221+0000] {logging_mixin.py:117} INFO - [2022-09-20T16:26:12.221+0000] {dag.py:3328} INFO - Setting next_dagrun for example_branch_operator to 2022-09-19T00:00:00+00:00, run_after=2022-09-20T00:00:00+00:00
[2022-09-20T16:26:12.241+0000] {processor.py:178} INFO - Processing /home/airflow/.local/lib/python3.7/site-packages/airflow/example_dags/example_branch_operator.py took 0.100 seconds
[2022-09-20T16:26:42.542+0000] {processor.py:156} INFO - Started process (PID=1004) to work on /home/airflow/.local/lib/python3.7/site-packages/airflow/example_dags/example_branch_operator.py
[2022-09-20T16:26:42.543+0000] {processor.py:758} INFO - Processing file /home/airflow/.local/lib/python3.7/site-packages/airflow/example_dags/example_branch_operator.py for tasks to queue
[2022-09-20T16:26:42.544+0000] {logging_mixin.py:117} INFO - [2022-09-20T16:26:42.544+0000] {dagbag.py:525} INFO - Filling up the DagBag from /home/airflow/.local/lib/python3.7/site-packages/airflow/example_dags/example_branch_operator.py
[2022-09-20T16:26:42.566+0000] {processor.py:768} INFO - DAG(s) dict_keys(['example_branch_operator']) retrieved from /home/airflow/.local/lib/python3.7/site-packages/airflow/example_dags/example_branch_operator.py
[2022-09-20T16:26:42.626+0000] {logging_mixin.py:117} INFO - [2022-09-20T16:26:42.626+0000] {dag.py:2573} INFO - Sync 1 DAGs
[2022-09-20T16:26:42.668+0000] {logging_mixin.py:117} INFO - [2022-09-20T16:26:42.667+0000] {dag.py:3328} INFO - Setting next_dagrun for example_branch_operator to 2022-09-19T00:00:00+00:00, run_after=2022-09-20T00:00:00+00:00
[2022-09-20T16:26:42.692+0000] {processor.py:178} INFO - Processing /home/airflow/.local/lib/python3.7/site-packages/airflow/example_dags/example_branch_operator.py took 0.153 seconds
[2022-09-20T16:27:12.953+0000] {processor.py:156} INFO - Started process (PID=1058) to work on /home/airflow/.local/lib/python3.7/site-packages/airflow/example_dags/example_branch_operator.py
[2022-09-20T16:27:12.953+0000] {processor.py:758} INFO - Processing file /home/airflow/.local/lib/python3.7/site-packages/airflow/example_dags/example_branch_operator.py for tasks to queue
[2022-09-20T16:27:12.954+0000] {logging_mixin.py:117} INFO - [2022-09-20T16:27:12.954+0000] {dagbag.py:525} INFO - Filling up the DagBag from /home/airflow/.local/lib/python3.7/site-packages/airflow/example_dags/example_branch_operator.py
[2022-09-20T16:27:12.969+0000] {processor.py:768} INFO - DAG(s) dict_keys(['example_branch_operator']) retrieved from /home/airflow/.local/lib/python3.7/site-packages/airflow/example_dags/example_branch_operator.py
[2022-09-20T16:27:13.007+0000] {logging_mixin.py:117} INFO - [2022-09-20T16:27:13.006+0000] {dag.py:2573} INFO - Sync 1 DAGs
[2022-09-20T16:27:13.039+0000] {logging_mixin.py:117} INFO - [2022-09-20T16:27:13.039+0000] {dag.py:3328} INFO - Setting next_dagrun for example_branch_operator to 2022-09-19T00:00:00+00:00, run_after=2022-09-20T00:00:00+00:00
[2022-09-20T16:27:13.058+0000] {processor.py:178} INFO - Processing /home/airflow/.local/lib/python3.7/site-packages/airflow/example_dags/example_branch_operator.py took 0.108 seconds
[2022-09-20T16:27:43.348+0000] {processor.py:156} INFO - Started process (PID=1121) to work on /home/airflow/.local/lib/python3.7/site-packages/airflow/example_dags/example_branch_operator.py
[2022-09-20T16:27:43.349+0000] {processor.py:758} INFO - Processing file /home/airflow/.local/lib/python3.7/site-packages/airflow/example_dags/example_branch_operator.py for tasks to queue
[2022-09-20T16:27:43.350+0000] {logging_mixin.py:117} INFO - [2022-09-20T16:27:43.350+0000] {dagbag.py:525} INFO - Filling up the DagBag from /home/airflow/.local/lib/python3.7/site-packages/airflow/example_dags/example_branch_operator.py
[2022-09-20T16:27:43.368+0000] {processor.py:768} INFO - DAG(s) dict_keys(['example_branch_operator']) retrieved from /home/airflow/.local/lib/python3.7/site-packages/airflow/example_dags/example_branch_operator.py
[2022-09-20T16:27:43.409+0000] {logging_mixin.py:117} INFO - [2022-09-20T16:27:43.409+0000] {dag.py:2573} INFO - Sync 1 DAGs
[2022-09-20T16:27:43.433+0000] {logging_mixin.py:117} INFO - [2022-09-20T16:27:43.433+0000] {dag.py:3328} INFO - Setting next_dagrun for example_branch_operator to 2022-09-19T00:00:00+00:00, run_after=2022-09-20T00:00:00+00:00
[2022-09-20T16:27:43.454+0000] {processor.py:178} INFO - Processing /home/airflow/.local/lib/python3.7/site-packages/airflow/example_dags/example_branch_operator.py took 0.108 seconds
[2022-09-20T16:28:13.701+0000] {processor.py:156} INFO - Started process (PID=1175) to work on /home/airflow/.local/lib/python3.7/site-packages/airflow/example_dags/example_branch_operator.py
[2022-09-20T16:28:13.702+0000] {processor.py:758} INFO - Processing file /home/airflow/.local/lib/python3.7/site-packages/airflow/example_dags/example_branch_operator.py for tasks to queue
[2022-09-20T16:28:13.702+0000] {logging_mixin.py:117} INFO - [2022-09-20T16:28:13.702+0000] {dagbag.py:525} INFO - Filling up the DagBag from /home/airflow/.local/lib/python3.7/site-packages/airflow/example_dags/example_branch_operator.py
[2022-09-20T16:28:13.718+0000] {processor.py:768} INFO - DAG(s) dict_keys(['example_branch_operator']) retrieved from /home/airflow/.local/lib/python3.7/site-packages/airflow/example_dags/example_branch_operator.py
[2022-09-20T16:28:13.751+0000] {logging_mixin.py:117} INFO - [2022-09-20T16:28:13.751+0000] {dag.py:2573} INFO - Sync 1 DAGs
[2022-09-20T16:28:13.777+0000] {logging_mixin.py:117} INFO - [2022-09-20T16:28:13.777+0000] {dag.py:3328} INFO - Setting next_dagrun for example_branch_operator to 2022-09-19T00:00:00+00:00, run_after=2022-09-20T00:00:00+00:00
[2022-09-20T16:28:13.801+0000] {processor.py:178} INFO - Processing /home/airflow/.local/lib/python3.7/site-packages/airflow/example_dags/example_branch_operator.py took 0.103 seconds
[2022-09-20T16:28:44.079+0000] {processor.py:156} INFO - Started process (PID=1238) to work on /home/airflow/.local/lib/python3.7/site-packages/airflow/example_dags/example_branch_operator.py
[2022-09-20T16:28:44.080+0000] {processor.py:758} INFO - Processing file /home/airflow/.local/lib/python3.7/site-packages/airflow/example_dags/example_branch_operator.py for tasks to queue
[2022-09-20T16:28:44.080+0000] {logging_mixin.py:117} INFO - [2022-09-20T16:28:44.080+0000] {dagbag.py:525} INFO - Filling up the DagBag from /home/airflow/.local/lib/python3.7/site-packages/airflow/example_dags/example_branch_operator.py
[2022-09-20T16:28:44.099+0000] {processor.py:768} INFO - DAG(s) dict_keys(['example_branch_operator']) retrieved from /home/airflow/.local/lib/python3.7/site-packages/airflow/example_dags/example_branch_operator.py
[2022-09-20T16:28:44.142+0000] {logging_mixin.py:117} INFO - [2022-09-20T16:28:44.141+0000] {dag.py:2573} INFO - Sync 1 DAGs
[2022-09-20T16:28:44.170+0000] {logging_mixin.py:117} INFO - [2022-09-20T16:28:44.170+0000] {dag.py:3328} INFO - Setting next_dagrun for example_branch_operator to 2022-09-19T00:00:00+00:00, run_after=2022-09-20T00:00:00+00:00
[2022-09-20T16:28:44.194+0000] {processor.py:178} INFO - Processing /home/airflow/.local/lib/python3.7/site-packages/airflow/example_dags/example_branch_operator.py took 0.117 seconds
[2022-09-20T16:29:14.461+0000] {processor.py:156} INFO - Started process (PID=1300) to work on /home/airflow/.local/lib/python3.7/site-packages/airflow/example_dags/example_branch_operator.py
[2022-09-20T16:29:14.462+0000] {processor.py:758} INFO - Processing file /home/airflow/.local/lib/python3.7/site-packages/airflow/example_dags/example_branch_operator.py for tasks to queue
[2022-09-20T16:29:14.462+0000] {logging_mixin.py:117} INFO - [2022-09-20T16:29:14.462+0000] {dagbag.py:525} INFO - Filling up the DagBag from /home/airflow/.local/lib/python3.7/site-packages/airflow/example_dags/example_branch_operator.py
[2022-09-20T16:29:14.479+0000] {processor.py:768} INFO - DAG(s) dict_keys(['example_branch_operator']) retrieved from /home/airflow/.local/lib/python3.7/site-packages/airflow/example_dags/example_branch_operator.py
[2022-09-20T16:29:14.517+0000] {logging_mixin.py:117} INFO - [2022-09-20T16:29:14.517+0000] {dag.py:2573} INFO - Sync 1 DAGs
[2022-09-20T16:29:14.545+0000] {logging_mixin.py:117} INFO - [2022-09-20T16:29:14.545+0000] {dag.py:3328} INFO - Setting next_dagrun for example_branch_operator to 2022-09-19T00:00:00+00:00, run_after=2022-09-20T00:00:00+00:00
[2022-09-20T16:29:14.569+0000] {processor.py:178} INFO - Processing /home/airflow/.local/lib/python3.7/site-packages/airflow/example_dags/example_branch_operator.py took 0.110 seconds
[2022-09-20T16:29:45.165+0000] {processor.py:156} INFO - Started process (PID=1353) to work on /home/airflow/.local/lib/python3.7/site-packages/airflow/example_dags/example_branch_operator.py
[2022-09-20T16:29:45.167+0000] {processor.py:758} INFO - Processing file /home/airflow/.local/lib/python3.7/site-packages/airflow/example_dags/example_branch_operator.py for tasks to queue
[2022-09-20T16:29:45.167+0000] {logging_mixin.py:117} INFO - [2022-09-20T16:29:45.167+0000] {dagbag.py:525} INFO - Filling up the DagBag from /home/airflow/.local/lib/python3.7/site-packages/airflow/example_dags/example_branch_operator.py
[2022-09-20T16:29:45.183+0000] {processor.py:768} INFO - DAG(s) dict_keys(['example_branch_operator']) retrieved from /home/airflow/.local/lib/python3.7/site-packages/airflow/example_dags/example_branch_operator.py
[2022-09-20T16:29:45.220+0000] {logging_mixin.py:117} INFO - [2022-09-20T16:29:45.220+0000] {dag.py:2573} INFO - Sync 1 DAGs
[2022-09-20T16:29:45.243+0000] {logging_mixin.py:117} INFO - [2022-09-20T16:29:45.242+0000] {dag.py:3328} INFO - Setting next_dagrun for example_branch_operator to 2022-09-19T00:00:00+00:00, run_after=2022-09-20T00:00:00+00:00
[2022-09-20T16:29:45.263+0000] {processor.py:178} INFO - Processing /home/airflow/.local/lib/python3.7/site-packages/airflow/example_dags/example_branch_operator.py took 0.100 seconds
[2022-09-20T16:30:15.610+0000] {processor.py:156} INFO - Started process (PID=1416) to work on /home/airflow/.local/lib/python3.7/site-packages/airflow/example_dags/example_branch_operator.py
[2022-09-20T16:30:15.610+0000] {processor.py:758} INFO - Processing file /home/airflow/.local/lib/python3.7/site-packages/airflow/example_dags/example_branch_operator.py for tasks to queue
[2022-09-20T16:30:15.611+0000] {logging_mixin.py:117} INFO - [2022-09-20T16:30:15.611+0000] {dagbag.py:525} INFO - Filling up the DagBag from /home/airflow/.local/lib/python3.7/site-packages/airflow/example_dags/example_branch_operator.py
[2022-09-20T16:30:15.635+0000] {processor.py:768} INFO - DAG(s) dict_keys(['example_branch_operator']) retrieved from /home/airflow/.local/lib/python3.7/site-packages/airflow/example_dags/example_branch_operator.py
[2022-09-20T16:30:15.692+0000] {logging_mixin.py:117} INFO - [2022-09-20T16:30:15.692+0000] {dag.py:2573} INFO - Sync 1 DAGs
[2022-09-20T16:30:15.730+0000] {logging_mixin.py:117} INFO - [2022-09-20T16:30:15.729+0000] {dag.py:3328} INFO - Setting next_dagrun for example_branch_operator to 2022-09-19T00:00:00+00:00, run_after=2022-09-20T00:00:00+00:00
[2022-09-20T16:30:15.765+0000] {processor.py:178} INFO - Processing /home/airflow/.local/lib/python3.7/site-packages/airflow/example_dags/example_branch_operator.py took 0.158 seconds
[2022-09-20T16:30:46.155+0000] {processor.py:156} INFO - Started process (PID=1479) to work on /home/airflow/.local/lib/python3.7/site-packages/airflow/example_dags/example_branch_operator.py
[2022-09-20T16:30:46.156+0000] {processor.py:758} INFO - Processing file /home/airflow/.local/lib/python3.7/site-packages/airflow/example_dags/example_branch_operator.py for tasks to queue
[2022-09-20T16:30:46.157+0000] {logging_mixin.py:117} INFO - [2022-09-20T16:30:46.156+0000] {dagbag.py:525} INFO - Filling up the DagBag from /home/airflow/.local/lib/python3.7/site-packages/airflow/example_dags/example_branch_operator.py
[2022-09-20T16:30:46.184+0000] {processor.py:768} INFO - DAG(s) dict_keys(['example_branch_operator']) retrieved from /home/airflow/.local/lib/python3.7/site-packages/airflow/example_dags/example_branch_operator.py
[2022-09-20T16:30:46.246+0000] {logging_mixin.py:117} INFO - [2022-09-20T16:30:46.245+0000] {dag.py:2573} INFO - Sync 1 DAGs
[2022-09-20T16:30:46.289+0000] {logging_mixin.py:117} INFO - [2022-09-20T16:30:46.288+0000] {dag.py:3328} INFO - Setting next_dagrun for example_branch_operator to 2022-09-19T00:00:00+00:00, run_after=2022-09-20T00:00:00+00:00
[2022-09-20T16:30:46.316+0000] {processor.py:178} INFO - Processing /home/airflow/.local/lib/python3.7/site-packages/airflow/example_dags/example_branch_operator.py took 0.163 seconds
[2022-09-20T16:31:16.664+0000] {processor.py:156} INFO - Started process (PID=1533) to work on /home/airflow/.local/lib/python3.7/site-packages/airflow/example_dags/example_branch_operator.py
[2022-09-20T16:31:16.665+0000] {processor.py:758} INFO - Processing file /home/airflow/.local/lib/python3.7/site-packages/airflow/example_dags/example_branch_operator.py for tasks to queue
[2022-09-20T16:31:16.665+0000] {logging_mixin.py:117} INFO - [2022-09-20T16:31:16.665+0000] {dagbag.py:525} INFO - Filling up the DagBag from /home/airflow/.local/lib/python3.7/site-packages/airflow/example_dags/example_branch_operator.py
[2022-09-20T16:31:16.713+0000] {processor.py:768} INFO - DAG(s) dict_keys(['example_branch_operator']) retrieved from /home/airflow/.local/lib/python3.7/site-packages/airflow/example_dags/example_branch_operator.py
[2022-09-20T16:31:16.800+0000] {logging_mixin.py:117} INFO - [2022-09-20T16:31:16.800+0000] {dag.py:2573} INFO - Sync 1 DAGs
[2022-09-20T16:31:16.844+0000] {logging_mixin.py:117} INFO - [2022-09-20T16:31:16.844+0000] {dag.py:3328} INFO - Setting next_dagrun for example_branch_operator to 2022-09-19T00:00:00+00:00, run_after=2022-09-20T00:00:00+00:00
[2022-09-20T16:31:16.875+0000] {processor.py:178} INFO - Processing /home/airflow/.local/lib/python3.7/site-packages/airflow/example_dags/example_branch_operator.py took 0.215 seconds
[2022-09-20T16:31:47.447+0000] {processor.py:156} INFO - Started process (PID=1596) to work on /home/airflow/.local/lib/python3.7/site-packages/airflow/example_dags/example_branch_operator.py
[2022-09-20T16:31:47.448+0000] {processor.py:758} INFO - Processing file /home/airflow/.local/lib/python3.7/site-packages/airflow/example_dags/example_branch_operator.py for tasks to queue
[2022-09-20T16:31:47.449+0000] {logging_mixin.py:117} INFO - [2022-09-20T16:31:47.449+0000] {dagbag.py:525} INFO - Filling up the DagBag from /home/airflow/.local/lib/python3.7/site-packages/airflow/example_dags/example_branch_operator.py
[2022-09-20T16:31:47.484+0000] {processor.py:768} INFO - DAG(s) dict_keys(['example_branch_operator']) retrieved from /home/airflow/.local/lib/python3.7/site-packages/airflow/example_dags/example_branch_operator.py
[2022-09-20T16:31:47.561+0000] {logging_mixin.py:117} INFO - [2022-09-20T16:31:47.561+0000] {dag.py:2573} INFO - Sync 1 DAGs
[2022-09-20T16:31:47.623+0000] {logging_mixin.py:117} INFO - [2022-09-20T16:31:47.622+0000] {dag.py:3328} INFO - Setting next_dagrun for example_branch_operator to 2022-09-19T00:00:00+00:00, run_after=2022-09-20T00:00:00+00:00
[2022-09-20T16:31:47.658+0000] {processor.py:178} INFO - Processing /home/airflow/.local/lib/python3.7/site-packages/airflow/example_dags/example_branch_operator.py took 0.214 seconds
[2022-09-20T16:32:17.760+0000] {processor.py:156} INFO - Started process (PID=1650) to work on /home/airflow/.local/lib/python3.7/site-packages/airflow/example_dags/example_branch_operator.py
[2022-09-20T16:32:17.761+0000] {processor.py:758} INFO - Processing file /home/airflow/.local/lib/python3.7/site-packages/airflow/example_dags/example_branch_operator.py for tasks to queue
[2022-09-20T16:32:17.761+0000] {logging_mixin.py:117} INFO - [2022-09-20T16:32:17.761+0000] {dagbag.py:525} INFO - Filling up the DagBag from /home/airflow/.local/lib/python3.7/site-packages/airflow/example_dags/example_branch_operator.py
[2022-09-20T16:32:17.779+0000] {processor.py:768} INFO - DAG(s) dict_keys(['example_branch_operator']) retrieved from /home/airflow/.local/lib/python3.7/site-packages/airflow/example_dags/example_branch_operator.py
[2022-09-20T16:32:17.814+0000] {logging_mixin.py:117} INFO - [2022-09-20T16:32:17.814+0000] {dag.py:2573} INFO - Sync 1 DAGs
[2022-09-20T16:32:17.839+0000] {logging_mixin.py:117} INFO - [2022-09-20T16:32:17.839+0000] {dag.py:3328} INFO - Setting next_dagrun for example_branch_operator to 2022-09-19T00:00:00+00:00, run_after=2022-09-20T00:00:00+00:00
[2022-09-20T16:32:17.862+0000] {processor.py:178} INFO - Processing /home/airflow/.local/lib/python3.7/site-packages/airflow/example_dags/example_branch_operator.py took 0.105 seconds
[2022-09-20T16:32:48.443+0000] {processor.py:156} INFO - Started process (PID=1713) to work on /home/airflow/.local/lib/python3.7/site-packages/airflow/example_dags/example_branch_operator.py
[2022-09-20T16:32:48.445+0000] {processor.py:758} INFO - Processing file /home/airflow/.local/lib/python3.7/site-packages/airflow/example_dags/example_branch_operator.py for tasks to queue
[2022-09-20T16:32:48.445+0000] {logging_mixin.py:117} INFO - [2022-09-20T16:32:48.445+0000] {dagbag.py:525} INFO - Filling up the DagBag from /home/airflow/.local/lib/python3.7/site-packages/airflow/example_dags/example_branch_operator.py
[2022-09-20T16:32:48.461+0000] {processor.py:768} INFO - DAG(s) dict_keys(['example_branch_operator']) retrieved from /home/airflow/.local/lib/python3.7/site-packages/airflow/example_dags/example_branch_operator.py
[2022-09-20T16:32:48.496+0000] {logging_mixin.py:117} INFO - [2022-09-20T16:32:48.496+0000] {dag.py:2573} INFO - Sync 1 DAGs
[2022-09-20T16:32:48.520+0000] {logging_mixin.py:117} INFO - [2022-09-20T16:32:48.520+0000] {dag.py:3328} INFO - Setting next_dagrun for example_branch_operator to 2022-09-19T00:00:00+00:00, run_after=2022-09-20T00:00:00+00:00
[2022-09-20T16:32:48.539+0000] {processor.py:178} INFO - Processing /home/airflow/.local/lib/python3.7/site-packages/airflow/example_dags/example_branch_operator.py took 0.098 seconds
[2022-09-20T16:33:18.811+0000] {processor.py:156} INFO - Started process (PID=1767) to work on /home/airflow/.local/lib/python3.7/site-packages/airflow/example_dags/example_branch_operator.py
[2022-09-20T16:33:18.818+0000] {processor.py:758} INFO - Processing file /home/airflow/.local/lib/python3.7/site-packages/airflow/example_dags/example_branch_operator.py for tasks to queue
[2022-09-20T16:33:18.818+0000] {logging_mixin.py:117} INFO - [2022-09-20T16:33:18.818+0000] {dagbag.py:525} INFO - Filling up the DagBag from /home/airflow/.local/lib/python3.7/site-packages/airflow/example_dags/example_branch_operator.py
[2022-09-20T16:33:18.836+0000] {processor.py:768} INFO - DAG(s) dict_keys(['example_branch_operator']) retrieved from /home/airflow/.local/lib/python3.7/site-packages/airflow/example_dags/example_branch_operator.py
[2022-09-20T16:33:18.875+0000] {logging_mixin.py:117} INFO - [2022-09-20T16:33:18.875+0000] {dag.py:2573} INFO - Sync 1 DAGs
[2022-09-20T16:33:18.899+0000] {logging_mixin.py:117} INFO - [2022-09-20T16:33:18.899+0000] {dag.py:3328} INFO - Setting next_dagrun for example_branch_operator to 2022-09-19T00:00:00+00:00, run_after=2022-09-20T00:00:00+00:00
[2022-09-20T16:33:18.918+0000] {processor.py:178} INFO - Processing /home/airflow/.local/lib/python3.7/site-packages/airflow/example_dags/example_branch_operator.py took 0.110 seconds
[2022-09-20T16:33:49.420+0000] {processor.py:156} INFO - Started process (PID=1829) to work on /home/airflow/.local/lib/python3.7/site-packages/airflow/example_dags/example_branch_operator.py
[2022-09-20T16:33:49.421+0000] {processor.py:758} INFO - Processing file /home/airflow/.local/lib/python3.7/site-packages/airflow/example_dags/example_branch_operator.py for tasks to queue
[2022-09-20T16:33:49.422+0000] {logging_mixin.py:117} INFO - [2022-09-20T16:33:49.422+0000] {dagbag.py:525} INFO - Filling up the DagBag from /home/airflow/.local/lib/python3.7/site-packages/airflow/example_dags/example_branch_operator.py
[2022-09-20T16:33:49.440+0000] {processor.py:768} INFO - DAG(s) dict_keys(['example_branch_operator']) retrieved from /home/airflow/.local/lib/python3.7/site-packages/airflow/example_dags/example_branch_operator.py
[2022-09-20T16:33:49.492+0000] {logging_mixin.py:117} INFO - [2022-09-20T16:33:49.492+0000] {dag.py:2573} INFO - Sync 1 DAGs
[2022-09-20T16:33:49.530+0000] {logging_mixin.py:117} INFO - [2022-09-20T16:33:49.530+0000] {dag.py:3328} INFO - Setting next_dagrun for example_branch_operator to 2022-09-19T00:00:00+00:00, run_after=2022-09-20T00:00:00+00:00
[2022-09-20T16:33:49.555+0000] {processor.py:178} INFO - Processing /home/airflow/.local/lib/python3.7/site-packages/airflow/example_dags/example_branch_operator.py took 0.138 seconds
[2022-09-20T16:34:20.145+0000] {processor.py:156} INFO - Started process (PID=1891) to work on /home/airflow/.local/lib/python3.7/site-packages/airflow/example_dags/example_branch_operator.py
[2022-09-20T16:34:20.146+0000] {processor.py:758} INFO - Processing file /home/airflow/.local/lib/python3.7/site-packages/airflow/example_dags/example_branch_operator.py for tasks to queue
[2022-09-20T16:34:20.147+0000] {logging_mixin.py:117} INFO - [2022-09-20T16:34:20.147+0000] {dagbag.py:525} INFO - Filling up the DagBag from /home/airflow/.local/lib/python3.7/site-packages/airflow/example_dags/example_branch_operator.py
[2022-09-20T16:34:20.172+0000] {processor.py:768} INFO - DAG(s) dict_keys(['example_branch_operator']) retrieved from /home/airflow/.local/lib/python3.7/site-packages/airflow/example_dags/example_branch_operator.py
[2022-09-20T16:34:20.220+0000] {logging_mixin.py:117} INFO - [2022-09-20T16:34:20.220+0000] {dag.py:2573} INFO - Sync 1 DAGs
[2022-09-20T16:34:20.259+0000] {logging_mixin.py:117} INFO - [2022-09-20T16:34:20.258+0000] {dag.py:3328} INFO - Setting next_dagrun for example_branch_operator to 2022-09-19T00:00:00+00:00, run_after=2022-09-20T00:00:00+00:00
[2022-09-20T16:34:20.288+0000] {processor.py:178} INFO - Processing /home/airflow/.local/lib/python3.7/site-packages/airflow/example_dags/example_branch_operator.py took 0.145 seconds
[2022-09-20T16:34:50.999+0000] {processor.py:156} INFO - Started process (PID=1945) to work on /home/airflow/.local/lib/python3.7/site-packages/airflow/example_dags/example_branch_operator.py
[2022-09-20T16:34:50.999+0000] {processor.py:758} INFO - Processing file /home/airflow/.local/lib/python3.7/site-packages/airflow/example_dags/example_branch_operator.py for tasks to queue
[2022-09-20T16:34:51.000+0000] {logging_mixin.py:117} INFO - [2022-09-20T16:34:51.000+0000] {dagbag.py:525} INFO - Filling up the DagBag from /home/airflow/.local/lib/python3.7/site-packages/airflow/example_dags/example_branch_operator.py
[2022-09-20T16:34:51.016+0000] {processor.py:768} INFO - DAG(s) dict_keys(['example_branch_operator']) retrieved from /home/airflow/.local/lib/python3.7/site-packages/airflow/example_dags/example_branch_operator.py
[2022-09-20T16:34:51.056+0000] {logging_mixin.py:117} INFO - [2022-09-20T16:34:51.056+0000] {dag.py:2573} INFO - Sync 1 DAGs
[2022-09-20T16:34:51.081+0000] {logging_mixin.py:117} INFO - [2022-09-20T16:34:51.081+0000] {dag.py:3328} INFO - Setting next_dagrun for example_branch_operator to 2022-09-19T00:00:00+00:00, run_after=2022-09-20T00:00:00+00:00
[2022-09-20T16:34:51.103+0000] {processor.py:178} INFO - Processing /home/airflow/.local/lib/python3.7/site-packages/airflow/example_dags/example_branch_operator.py took 0.108 seconds
[2022-09-20T16:35:21.477+0000] {processor.py:156} INFO - Started process (PID=2007) to work on /home/airflow/.local/lib/python3.7/site-packages/airflow/example_dags/example_branch_operator.py
[2022-09-20T16:35:21.478+0000] {processor.py:758} INFO - Processing file /home/airflow/.local/lib/python3.7/site-packages/airflow/example_dags/example_branch_operator.py for tasks to queue
[2022-09-20T16:35:21.482+0000] {logging_mixin.py:117} INFO - [2022-09-20T16:35:21.480+0000] {dagbag.py:525} INFO - Filling up the DagBag from /home/airflow/.local/lib/python3.7/site-packages/airflow/example_dags/example_branch_operator.py
[2022-09-20T16:35:21.915+0000] {processor.py:768} INFO - DAG(s) dict_keys(['example_branch_operator']) retrieved from /home/airflow/.local/lib/python3.7/site-packages/airflow/example_dags/example_branch_operator.py
[2022-09-20T16:35:23.233+0000] {logging_mixin.py:117} INFO - [2022-09-20T16:35:23.232+0000] {dag.py:2573} INFO - Sync 1 DAGs
[2022-09-20T16:35:23.309+0000] {logging_mixin.py:117} INFO - [2022-09-20T16:35:23.309+0000] {dag.py:3328} INFO - Setting next_dagrun for example_branch_operator to 2022-09-19T00:00:00+00:00, run_after=2022-09-20T00:00:00+00:00
[2022-09-20T16:35:23.369+0000] {processor.py:178} INFO - Processing /home/airflow/.local/lib/python3.7/site-packages/airflow/example_dags/example_branch_operator.py took 1.906 seconds
[2022-09-20T16:35:53.550+0000] {processor.py:156} INFO - Started process (PID=2061) to work on /home/airflow/.local/lib/python3.7/site-packages/airflow/example_dags/example_branch_operator.py
[2022-09-20T16:35:53.551+0000] {processor.py:758} INFO - Processing file /home/airflow/.local/lib/python3.7/site-packages/airflow/example_dags/example_branch_operator.py for tasks to queue
[2022-09-20T16:35:53.552+0000] {logging_mixin.py:117} INFO - [2022-09-20T16:35:53.552+0000] {dagbag.py:525} INFO - Filling up the DagBag from /home/airflow/.local/lib/python3.7/site-packages/airflow/example_dags/example_branch_operator.py
[2022-09-20T16:35:53.593+0000] {processor.py:768} INFO - DAG(s) dict_keys(['example_branch_operator']) retrieved from /home/airflow/.local/lib/python3.7/site-packages/airflow/example_dags/example_branch_operator.py
[2022-09-20T16:35:53.705+0000] {logging_mixin.py:117} INFO - [2022-09-20T16:35:53.704+0000] {dag.py:2573} INFO - Sync 1 DAGs
[2022-09-20T16:35:53.760+0000] {logging_mixin.py:117} INFO - [2022-09-20T16:35:53.760+0000] {dag.py:3328} INFO - Setting next_dagrun for example_branch_operator to 2022-09-19T00:00:00+00:00, run_after=2022-09-20T00:00:00+00:00
[2022-09-20T16:35:53.809+0000] {processor.py:178} INFO - Processing /home/airflow/.local/lib/python3.7/site-packages/airflow/example_dags/example_branch_operator.py took 0.263 seconds
[2022-09-20T16:36:24.115+0000] {processor.py:156} INFO - Started process (PID=2113) to work on /home/airflow/.local/lib/python3.7/site-packages/airflow/example_dags/example_branch_operator.py
[2022-09-20T16:36:24.115+0000] {processor.py:758} INFO - Processing file /home/airflow/.local/lib/python3.7/site-packages/airflow/example_dags/example_branch_operator.py for tasks to queue
[2022-09-20T16:36:24.116+0000] {logging_mixin.py:117} INFO - [2022-09-20T16:36:24.116+0000] {dagbag.py:525} INFO - Filling up the DagBag from /home/airflow/.local/lib/python3.7/site-packages/airflow/example_dags/example_branch_operator.py
[2022-09-20T16:36:24.145+0000] {processor.py:768} INFO - DAG(s) dict_keys(['example_branch_operator']) retrieved from /home/airflow/.local/lib/python3.7/site-packages/airflow/example_dags/example_branch_operator.py
[2022-09-20T16:36:24.192+0000] {logging_mixin.py:117} INFO - [2022-09-20T16:36:24.191+0000] {dag.py:2573} INFO - Sync 1 DAGs
[2022-09-20T16:36:24.222+0000] {logging_mixin.py:117} INFO - [2022-09-20T16:36:24.222+0000] {dag.py:3328} INFO - Setting next_dagrun for example_branch_operator to 2022-09-19T00:00:00+00:00, run_after=2022-09-20T00:00:00+00:00
[2022-09-20T16:36:24.245+0000] {processor.py:178} INFO - Processing /home/airflow/.local/lib/python3.7/site-packages/airflow/example_dags/example_branch_operator.py took 0.134 seconds
[2022-09-20T16:36:54.473+0000] {processor.py:156} INFO - Started process (PID=2176) to work on /home/airflow/.local/lib/python3.7/site-packages/airflow/example_dags/example_branch_operator.py
[2022-09-20T16:36:54.475+0000] {processor.py:758} INFO - Processing file /home/airflow/.local/lib/python3.7/site-packages/airflow/example_dags/example_branch_operator.py for tasks to queue
[2022-09-20T16:36:54.475+0000] {logging_mixin.py:117} INFO - [2022-09-20T16:36:54.475+0000] {dagbag.py:525} INFO - Filling up the DagBag from /home/airflow/.local/lib/python3.7/site-packages/airflow/example_dags/example_branch_operator.py
[2022-09-20T16:36:54.525+0000] {processor.py:768} INFO - DAG(s) dict_keys(['example_branch_operator']) retrieved from /home/airflow/.local/lib/python3.7/site-packages/airflow/example_dags/example_branch_operator.py
[2022-09-20T16:36:54.613+0000] {logging_mixin.py:117} INFO - [2022-09-20T16:36:54.613+0000] {dag.py:2573} INFO - Sync 1 DAGs
[2022-09-20T16:36:54.667+0000] {logging_mixin.py:117} INFO - [2022-09-20T16:36:54.667+0000] {dag.py:3328} INFO - Setting next_dagrun for example_branch_operator to 2022-09-19T00:00:00+00:00, run_after=2022-09-20T00:00:00+00:00
[2022-09-20T16:36:54.702+0000] {processor.py:178} INFO - Processing /home/airflow/.local/lib/python3.7/site-packages/airflow/example_dags/example_branch_operator.py took 0.233 seconds
[2022-09-20T16:37:24.940+0000] {processor.py:156} INFO - Started process (PID=2230) to work on /home/airflow/.local/lib/python3.7/site-packages/airflow/example_dags/example_branch_operator.py
[2022-09-20T16:37:24.941+0000] {processor.py:758} INFO - Processing file /home/airflow/.local/lib/python3.7/site-packages/airflow/example_dags/example_branch_operator.py for tasks to queue
[2022-09-20T16:37:24.941+0000] {logging_mixin.py:117} INFO - [2022-09-20T16:37:24.941+0000] {dagbag.py:525} INFO - Filling up the DagBag from /home/airflow/.local/lib/python3.7/site-packages/airflow/example_dags/example_branch_operator.py
[2022-09-20T16:37:24.958+0000] {processor.py:768} INFO - DAG(s) dict_keys(['example_branch_operator']) retrieved from /home/airflow/.local/lib/python3.7/site-packages/airflow/example_dags/example_branch_operator.py
[2022-09-20T16:37:24.992+0000] {logging_mixin.py:117} INFO - [2022-09-20T16:37:24.991+0000] {dag.py:2573} INFO - Sync 1 DAGs
[2022-09-20T16:37:25.013+0000] {logging_mixin.py:117} INFO - [2022-09-20T16:37:25.013+0000] {dag.py:3328} INFO - Setting next_dagrun for example_branch_operator to 2022-09-19T00:00:00+00:00, run_after=2022-09-20T00:00:00+00:00
[2022-09-20T16:37:25.031+0000] {processor.py:178} INFO - Processing /home/airflow/.local/lib/python3.7/site-packages/airflow/example_dags/example_branch_operator.py took 0.093 seconds
[2022-09-20T16:37:55.560+0000] {processor.py:156} INFO - Started process (PID=2293) to work on /home/airflow/.local/lib/python3.7/site-packages/airflow/example_dags/example_branch_operator.py
[2022-09-20T16:37:55.561+0000] {processor.py:758} INFO - Processing file /home/airflow/.local/lib/python3.7/site-packages/airflow/example_dags/example_branch_operator.py for tasks to queue
[2022-09-20T16:37:55.562+0000] {logging_mixin.py:117} INFO - [2022-09-20T16:37:55.561+0000] {dagbag.py:525} INFO - Filling up the DagBag from /home/airflow/.local/lib/python3.7/site-packages/airflow/example_dags/example_branch_operator.py
[2022-09-20T16:37:55.582+0000] {processor.py:768} INFO - DAG(s) dict_keys(['example_branch_operator']) retrieved from /home/airflow/.local/lib/python3.7/site-packages/airflow/example_dags/example_branch_operator.py
[2022-09-20T16:37:55.622+0000] {logging_mixin.py:117} INFO - [2022-09-20T16:37:55.622+0000] {dag.py:2573} INFO - Sync 1 DAGs
[2022-09-20T16:37:55.647+0000] {logging_mixin.py:117} INFO - [2022-09-20T16:37:55.647+0000] {dag.py:3328} INFO - Setting next_dagrun for example_branch_operator to 2022-09-19T00:00:00+00:00, run_after=2022-09-20T00:00:00+00:00
[2022-09-20T16:37:55.670+0000] {processor.py:178} INFO - Processing /home/airflow/.local/lib/python3.7/site-packages/airflow/example_dags/example_branch_operator.py took 0.112 seconds
[2022-09-20T16:38:26.396+0000] {processor.py:156} INFO - Started process (PID=2356) to work on /home/airflow/.local/lib/python3.7/site-packages/airflow/example_dags/example_branch_operator.py
[2022-09-20T16:38:26.397+0000] {processor.py:758} INFO - Processing file /home/airflow/.local/lib/python3.7/site-packages/airflow/example_dags/example_branch_operator.py for tasks to queue
[2022-09-20T16:38:26.398+0000] {logging_mixin.py:117} INFO - [2022-09-20T16:38:26.398+0000] {dagbag.py:525} INFO - Filling up the DagBag from /home/airflow/.local/lib/python3.7/site-packages/airflow/example_dags/example_branch_operator.py
[2022-09-20T16:38:26.421+0000] {processor.py:768} INFO - DAG(s) dict_keys(['example_branch_operator']) retrieved from /home/airflow/.local/lib/python3.7/site-packages/airflow/example_dags/example_branch_operator.py
[2022-09-20T16:38:26.454+0000] {logging_mixin.py:117} INFO - [2022-09-20T16:38:26.454+0000] {dag.py:2573} INFO - Sync 1 DAGs
[2022-09-20T16:38:26.477+0000] {logging_mixin.py:117} INFO - [2022-09-20T16:38:26.477+0000] {dag.py:3328} INFO - Setting next_dagrun for example_branch_operator to 2022-09-19T00:00:00+00:00, run_after=2022-09-20T00:00:00+00:00
[2022-09-20T16:38:26.496+0000] {processor.py:178} INFO - Processing /home/airflow/.local/lib/python3.7/site-packages/airflow/example_dags/example_branch_operator.py took 0.104 seconds
[2022-09-20T16:38:56.578+0000] {processor.py:156} INFO - Started process (PID=2409) to work on /home/airflow/.local/lib/python3.7/site-packages/airflow/example_dags/example_branch_operator.py
[2022-09-20T16:38:56.580+0000] {processor.py:758} INFO - Processing file /home/airflow/.local/lib/python3.7/site-packages/airflow/example_dags/example_branch_operator.py for tasks to queue
[2022-09-20T16:38:56.581+0000] {logging_mixin.py:117} INFO - [2022-09-20T16:38:56.581+0000] {dagbag.py:525} INFO - Filling up the DagBag from /home/airflow/.local/lib/python3.7/site-packages/airflow/example_dags/example_branch_operator.py
[2022-09-20T16:38:56.600+0000] {processor.py:768} INFO - DAG(s) dict_keys(['example_branch_operator']) retrieved from /home/airflow/.local/lib/python3.7/site-packages/airflow/example_dags/example_branch_operator.py
[2022-09-20T16:38:56.632+0000] {logging_mixin.py:117} INFO - [2022-09-20T16:38:56.632+0000] {dag.py:2573} INFO - Sync 1 DAGs
[2022-09-20T16:38:56.654+0000] {logging_mixin.py:117} INFO - [2022-09-20T16:38:56.654+0000] {dag.py:3328} INFO - Setting next_dagrun for example_branch_operator to 2022-09-19T00:00:00+00:00, run_after=2022-09-20T00:00:00+00:00
[2022-09-20T16:38:56.672+0000] {processor.py:178} INFO - Processing /home/airflow/.local/lib/python3.7/site-packages/airflow/example_dags/example_branch_operator.py took 0.099 seconds
