[2022-09-20T16:18:24.678+0000] {processor.py:156} INFO - Started process (PID=44) to work on /home/airflow/.local/lib/python3.7/site-packages/airflow/example_dags/example_datasets.py
[2022-09-20T16:18:24.679+0000] {processor.py:758} INFO - Processing file /home/airflow/.local/lib/python3.7/site-packages/airflow/example_dags/example_datasets.py for tasks to queue
[2022-09-20T16:18:24.680+0000] {logging_mixin.py:117} INFO - [2022-09-20T16:18:24.679+0000] {dagbag.py:525} INFO - Filling up the DagBag from /home/airflow/.local/lib/python3.7/site-packages/airflow/example_dags/example_datasets.py
[2022-09-20T16:18:24.752+0000] {processor.py:768} INFO - DAG(s) dict_keys(['dataset_consumes_unknown_never_scheduled', 'dataset_consumes_1_and_2', 'dataset_produces_2', 'dataset_consumes_1', 'dataset_produces_1', 'dataset_consumes_1_never_scheduled']) retrieved from /home/airflow/.local/lib/python3.7/site-packages/airflow/example_dags/example_datasets.py
[2022-09-20T16:18:26.618+0000] {logging_mixin.py:117} INFO - [2022-09-20T16:18:26.617+0000] {dag.py:2573} INFO - Sync 6 DAGs
[2022-09-20T16:18:26.680+0000] {logging_mixin.py:117} INFO - [2022-09-20T16:18:26.680+0000] {dag.py:3328} INFO - Setting next_dagrun for dataset_consumes_1 to None, run_after=None
[2022-09-20T16:18:26.686+0000] {logging_mixin.py:117} INFO - [2022-09-20T16:18:26.686+0000] {dag.py:3328} INFO - Setting next_dagrun for dataset_consumes_1_and_2 to None, run_after=None
[2022-09-20T16:18:26.689+0000] {logging_mixin.py:117} INFO - [2022-09-20T16:18:26.689+0000] {dag.py:3328} INFO - Setting next_dagrun for dataset_consumes_1_never_scheduled to None, run_after=None
[2022-09-20T16:18:26.691+0000] {logging_mixin.py:117} INFO - [2022-09-20T16:18:26.691+0000] {dag.py:3328} INFO - Setting next_dagrun for dataset_consumes_unknown_never_scheduled to None, run_after=None
[2022-09-20T16:18:26.696+0000] {logging_mixin.py:117} INFO - [2022-09-20T16:18:26.696+0000] {dag.py:3328} INFO - Setting next_dagrun for dataset_produces_1 to 2022-09-19T00:00:00+00:00, run_after=2022-09-20T00:00:00+00:00
[2022-09-20T16:18:26.699+0000] {logging_mixin.py:117} INFO - [2022-09-20T16:18:26.699+0000] {dag.py:3328} INFO - Setting next_dagrun for dataset_produces_2 to None, run_after=None
[2022-09-20T16:18:26.773+0000] {processor.py:178} INFO - Processing /home/airflow/.local/lib/python3.7/site-packages/airflow/example_dags/example_datasets.py took 2.100 seconds
[2022-09-20T16:18:57.025+0000] {processor.py:156} INFO - Started process (PID=107) to work on /home/airflow/.local/lib/python3.7/site-packages/airflow/example_dags/example_datasets.py
[2022-09-20T16:18:57.026+0000] {processor.py:758} INFO - Processing file /home/airflow/.local/lib/python3.7/site-packages/airflow/example_dags/example_datasets.py for tasks to queue
[2022-09-20T16:18:57.027+0000] {logging_mixin.py:117} INFO - [2022-09-20T16:18:57.027+0000] {dagbag.py:525} INFO - Filling up the DagBag from /home/airflow/.local/lib/python3.7/site-packages/airflow/example_dags/example_datasets.py
[2022-09-20T16:18:57.050+0000] {processor.py:768} INFO - DAG(s) dict_keys(['dataset_consumes_1_and_2', 'dataset_consumes_1_never_scheduled', 'dataset_produces_1', 'dataset_produces_2', 'dataset_consumes_1', 'dataset_consumes_unknown_never_scheduled']) retrieved from /home/airflow/.local/lib/python3.7/site-packages/airflow/example_dags/example_datasets.py
[2022-09-20T16:18:57.205+0000] {logging_mixin.py:117} INFO - [2022-09-20T16:18:57.204+0000] {dag.py:2573} INFO - Sync 6 DAGs
[2022-09-20T16:18:57.227+0000] {logging_mixin.py:117} INFO - [2022-09-20T16:18:57.227+0000] {dag.py:3328} INFO - Setting next_dagrun for dataset_consumes_1 to None, run_after=None
[2022-09-20T16:18:57.231+0000] {logging_mixin.py:117} INFO - [2022-09-20T16:18:57.231+0000] {dag.py:3328} INFO - Setting next_dagrun for dataset_consumes_1_and_2 to None, run_after=None
[2022-09-20T16:18:57.232+0000] {logging_mixin.py:117} INFO - [2022-09-20T16:18:57.232+0000] {dag.py:3328} INFO - Setting next_dagrun for dataset_consumes_1_never_scheduled to None, run_after=None
[2022-09-20T16:18:57.234+0000] {logging_mixin.py:117} INFO - [2022-09-20T16:18:57.234+0000] {dag.py:3328} INFO - Setting next_dagrun for dataset_consumes_unknown_never_scheduled to None, run_after=None
[2022-09-20T16:18:57.237+0000] {logging_mixin.py:117} INFO - [2022-09-20T16:18:57.236+0000] {dag.py:3328} INFO - Setting next_dagrun for dataset_produces_1 to 2022-09-19T00:00:00+00:00, run_after=2022-09-20T00:00:00+00:00
[2022-09-20T16:18:57.238+0000] {logging_mixin.py:117} INFO - [2022-09-20T16:18:57.238+0000] {dag.py:3328} INFO - Setting next_dagrun for dataset_produces_2 to None, run_after=None
[2022-09-20T16:18:57.270+0000] {processor.py:178} INFO - Processing /home/airflow/.local/lib/python3.7/site-packages/airflow/example_dags/example_datasets.py took 0.248 seconds
[2022-09-20T16:19:27.915+0000] {processor.py:156} INFO - Started process (PID=161) to work on /home/airflow/.local/lib/python3.7/site-packages/airflow/example_dags/example_datasets.py
[2022-09-20T16:19:27.916+0000] {processor.py:758} INFO - Processing file /home/airflow/.local/lib/python3.7/site-packages/airflow/example_dags/example_datasets.py for tasks to queue
[2022-09-20T16:19:27.917+0000] {logging_mixin.py:117} INFO - [2022-09-20T16:19:27.917+0000] {dagbag.py:525} INFO - Filling up the DagBag from /home/airflow/.local/lib/python3.7/site-packages/airflow/example_dags/example_datasets.py
[2022-09-20T16:19:27.935+0000] {processor.py:768} INFO - DAG(s) dict_keys(['dataset_consumes_1', 'dataset_produces_2', 'dataset_consumes_1_never_scheduled', 'dataset_consumes_1_and_2', 'dataset_consumes_unknown_never_scheduled', 'dataset_produces_1']) retrieved from /home/airflow/.local/lib/python3.7/site-packages/airflow/example_dags/example_datasets.py
[2022-09-20T16:19:28.084+0000] {logging_mixin.py:117} INFO - [2022-09-20T16:19:28.084+0000] {dag.py:2573} INFO - Sync 6 DAGs
[2022-09-20T16:19:28.104+0000] {logging_mixin.py:117} INFO - [2022-09-20T16:19:28.104+0000] {dag.py:3328} INFO - Setting next_dagrun for dataset_consumes_1 to None, run_after=None
[2022-09-20T16:19:28.108+0000] {logging_mixin.py:117} INFO - [2022-09-20T16:19:28.108+0000] {dag.py:3328} INFO - Setting next_dagrun for dataset_consumes_1_and_2 to None, run_after=None
[2022-09-20T16:19:28.109+0000] {logging_mixin.py:117} INFO - [2022-09-20T16:19:28.109+0000] {dag.py:3328} INFO - Setting next_dagrun for dataset_consumes_1_never_scheduled to None, run_after=None
[2022-09-20T16:19:28.110+0000] {logging_mixin.py:117} INFO - [2022-09-20T16:19:28.110+0000] {dag.py:3328} INFO - Setting next_dagrun for dataset_consumes_unknown_never_scheduled to None, run_after=None
[2022-09-20T16:19:28.113+0000] {logging_mixin.py:117} INFO - [2022-09-20T16:19:28.112+0000] {dag.py:3328} INFO - Setting next_dagrun for dataset_produces_1 to 2022-09-19T00:00:00+00:00, run_after=2022-09-20T00:00:00+00:00
[2022-09-20T16:19:28.114+0000] {logging_mixin.py:117} INFO - [2022-09-20T16:19:28.114+0000] {dag.py:3328} INFO - Setting next_dagrun for dataset_produces_2 to None, run_after=None
[2022-09-20T16:19:28.140+0000] {processor.py:178} INFO - Processing /home/airflow/.local/lib/python3.7/site-packages/airflow/example_dags/example_datasets.py took 0.227 seconds
[2022-09-20T16:19:58.734+0000] {processor.py:156} INFO - Started process (PID=223) to work on /home/airflow/.local/lib/python3.7/site-packages/airflow/example_dags/example_datasets.py
[2022-09-20T16:19:58.735+0000] {processor.py:758} INFO - Processing file /home/airflow/.local/lib/python3.7/site-packages/airflow/example_dags/example_datasets.py for tasks to queue
[2022-09-20T16:19:58.735+0000] {logging_mixin.py:117} INFO - [2022-09-20T16:19:58.735+0000] {dagbag.py:525} INFO - Filling up the DagBag from /home/airflow/.local/lib/python3.7/site-packages/airflow/example_dags/example_datasets.py
[2022-09-20T16:19:58.953+0000] {processor.py:768} INFO - DAG(s) dict_keys(['dataset_produces_2', 'dataset_produces_1', 'dataset_consumes_unknown_never_scheduled', 'dataset_consumes_1_never_scheduled', 'dataset_consumes_1_and_2', 'dataset_consumes_1']) retrieved from /home/airflow/.local/lib/python3.7/site-packages/airflow/example_dags/example_datasets.py
[2022-09-20T16:19:59.037+0000] {logging_mixin.py:117} INFO - [2022-09-20T16:19:59.037+0000] {dag.py:2573} INFO - Sync 6 DAGs
[2022-09-20T16:19:59.073+0000] {logging_mixin.py:117} INFO - [2022-09-20T16:19:59.073+0000] {dag.py:3328} INFO - Setting next_dagrun for dataset_consumes_1 to None, run_after=None
[2022-09-20T16:19:59.078+0000] {logging_mixin.py:117} INFO - [2022-09-20T16:19:59.078+0000] {dag.py:3328} INFO - Setting next_dagrun for dataset_consumes_1_and_2 to None, run_after=None
[2022-09-20T16:19:59.080+0000] {logging_mixin.py:117} INFO - [2022-09-20T16:19:59.080+0000] {dag.py:3328} INFO - Setting next_dagrun for dataset_consumes_1_never_scheduled to None, run_after=None
[2022-09-20T16:19:59.082+0000] {logging_mixin.py:117} INFO - [2022-09-20T16:19:59.082+0000] {dag.py:3328} INFO - Setting next_dagrun for dataset_consumes_unknown_never_scheduled to None, run_after=None
[2022-09-20T16:19:59.085+0000] {logging_mixin.py:117} INFO - [2022-09-20T16:19:59.085+0000] {dag.py:3328} INFO - Setting next_dagrun for dataset_produces_1 to 2022-09-19T00:00:00+00:00, run_after=2022-09-20T00:00:00+00:00
[2022-09-20T16:19:59.087+0000] {logging_mixin.py:117} INFO - [2022-09-20T16:19:59.086+0000] {dag.py:3328} INFO - Setting next_dagrun for dataset_produces_2 to None, run_after=None
[2022-09-20T16:19:59.129+0000] {processor.py:178} INFO - Processing /home/airflow/.local/lib/python3.7/site-packages/airflow/example_dags/example_datasets.py took 0.399 seconds
[2022-09-20T16:20:29.210+0000] {processor.py:156} INFO - Started process (PID=277) to work on /home/airflow/.local/lib/python3.7/site-packages/airflow/example_dags/example_datasets.py
[2022-09-20T16:20:29.211+0000] {processor.py:758} INFO - Processing file /home/airflow/.local/lib/python3.7/site-packages/airflow/example_dags/example_datasets.py for tasks to queue
[2022-09-20T16:20:29.212+0000] {logging_mixin.py:117} INFO - [2022-09-20T16:20:29.212+0000] {dagbag.py:525} INFO - Filling up the DagBag from /home/airflow/.local/lib/python3.7/site-packages/airflow/example_dags/example_datasets.py
[2022-09-20T16:20:29.230+0000] {processor.py:768} INFO - DAG(s) dict_keys(['dataset_consumes_1', 'dataset_consumes_1_and_2', 'dataset_consumes_unknown_never_scheduled', 'dataset_consumes_1_never_scheduled', 'dataset_produces_1', 'dataset_produces_2']) retrieved from /home/airflow/.local/lib/python3.7/site-packages/airflow/example_dags/example_datasets.py
[2022-09-20T16:20:29.283+0000] {logging_mixin.py:117} INFO - [2022-09-20T16:20:29.283+0000] {dag.py:2573} INFO - Sync 6 DAGs
[2022-09-20T16:20:29.309+0000] {logging_mixin.py:117} INFO - [2022-09-20T16:20:29.309+0000] {dag.py:3328} INFO - Setting next_dagrun for dataset_consumes_1 to None, run_after=None
[2022-09-20T16:20:29.312+0000] {logging_mixin.py:117} INFO - [2022-09-20T16:20:29.312+0000] {dag.py:3328} INFO - Setting next_dagrun for dataset_consumes_1_and_2 to None, run_after=None
[2022-09-20T16:20:29.314+0000] {logging_mixin.py:117} INFO - [2022-09-20T16:20:29.313+0000] {dag.py:3328} INFO - Setting next_dagrun for dataset_consumes_1_never_scheduled to None, run_after=None
[2022-09-20T16:20:29.315+0000] {logging_mixin.py:117} INFO - [2022-09-20T16:20:29.315+0000] {dag.py:3328} INFO - Setting next_dagrun for dataset_consumes_unknown_never_scheduled to None, run_after=None
[2022-09-20T16:20:29.318+0000] {logging_mixin.py:117} INFO - [2022-09-20T16:20:29.317+0000] {dag.py:3328} INFO - Setting next_dagrun for dataset_produces_1 to 2022-09-19T00:00:00+00:00, run_after=2022-09-20T00:00:00+00:00
[2022-09-20T16:20:29.320+0000] {logging_mixin.py:117} INFO - [2022-09-20T16:20:29.319+0000] {dag.py:3328} INFO - Setting next_dagrun for dataset_produces_2 to None, run_after=None
[2022-09-20T16:20:29.352+0000] {processor.py:178} INFO - Processing /home/airflow/.local/lib/python3.7/site-packages/airflow/example_dags/example_datasets.py took 0.144 seconds
[2022-09-20T16:20:59.811+0000] {processor.py:156} INFO - Started process (PID=339) to work on /home/airflow/.local/lib/python3.7/site-packages/airflow/example_dags/example_datasets.py
[2022-09-20T16:20:59.812+0000] {processor.py:758} INFO - Processing file /home/airflow/.local/lib/python3.7/site-packages/airflow/example_dags/example_datasets.py for tasks to queue
[2022-09-20T16:20:59.813+0000] {logging_mixin.py:117} INFO - [2022-09-20T16:20:59.813+0000] {dagbag.py:525} INFO - Filling up the DagBag from /home/airflow/.local/lib/python3.7/site-packages/airflow/example_dags/example_datasets.py
[2022-09-20T16:20:59.830+0000] {processor.py:768} INFO - DAG(s) dict_keys(['dataset_consumes_1_and_2', 'dataset_consumes_unknown_never_scheduled', 'dataset_consumes_1_never_scheduled', 'dataset_produces_2', 'dataset_consumes_1', 'dataset_produces_1']) retrieved from /home/airflow/.local/lib/python3.7/site-packages/airflow/example_dags/example_datasets.py
[2022-09-20T16:20:59.875+0000] {logging_mixin.py:117} INFO - [2022-09-20T16:20:59.875+0000] {dag.py:2573} INFO - Sync 6 DAGs
[2022-09-20T16:20:59.898+0000] {logging_mixin.py:117} INFO - [2022-09-20T16:20:59.898+0000] {dag.py:3328} INFO - Setting next_dagrun for dataset_consumes_1 to None, run_after=None
[2022-09-20T16:20:59.901+0000] {logging_mixin.py:117} INFO - [2022-09-20T16:20:59.901+0000] {dag.py:3328} INFO - Setting next_dagrun for dataset_consumes_1_and_2 to None, run_after=None
[2022-09-20T16:20:59.902+0000] {logging_mixin.py:117} INFO - [2022-09-20T16:20:59.902+0000] {dag.py:3328} INFO - Setting next_dagrun for dataset_consumes_1_never_scheduled to None, run_after=None
[2022-09-20T16:20:59.904+0000] {logging_mixin.py:117} INFO - [2022-09-20T16:20:59.904+0000] {dag.py:3328} INFO - Setting next_dagrun for dataset_consumes_unknown_never_scheduled to None, run_after=None
[2022-09-20T16:20:59.908+0000] {logging_mixin.py:117} INFO - [2022-09-20T16:20:59.907+0000] {dag.py:3328} INFO - Setting next_dagrun for dataset_produces_1 to 2022-09-19T00:00:00+00:00, run_after=2022-09-20T00:00:00+00:00
[2022-09-20T16:20:59.909+0000] {logging_mixin.py:117} INFO - [2022-09-20T16:20:59.909+0000] {dag.py:3328} INFO - Setting next_dagrun for dataset_produces_2 to None, run_after=None
[2022-09-20T16:20:59.939+0000] {processor.py:178} INFO - Processing /home/airflow/.local/lib/python3.7/site-packages/airflow/example_dags/example_datasets.py took 0.132 seconds
[2022-09-20T16:21:30.261+0000] {processor.py:156} INFO - Started process (PID=401) to work on /home/airflow/.local/lib/python3.7/site-packages/airflow/example_dags/example_datasets.py
[2022-09-20T16:21:30.262+0000] {processor.py:758} INFO - Processing file /home/airflow/.local/lib/python3.7/site-packages/airflow/example_dags/example_datasets.py for tasks to queue
[2022-09-20T16:21:30.263+0000] {logging_mixin.py:117} INFO - [2022-09-20T16:21:30.263+0000] {dagbag.py:525} INFO - Filling up the DagBag from /home/airflow/.local/lib/python3.7/site-packages/airflow/example_dags/example_datasets.py
[2022-09-20T16:21:30.279+0000] {processor.py:768} INFO - DAG(s) dict_keys(['dataset_consumes_1', 'dataset_consumes_1_and_2', 'dataset_consumes_unknown_never_scheduled', 'dataset_produces_1', 'dataset_consumes_1_never_scheduled', 'dataset_produces_2']) retrieved from /home/airflow/.local/lib/python3.7/site-packages/airflow/example_dags/example_datasets.py
[2022-09-20T16:21:30.323+0000] {logging_mixin.py:117} INFO - [2022-09-20T16:21:30.323+0000] {dag.py:2573} INFO - Sync 6 DAGs
[2022-09-20T16:21:30.345+0000] {logging_mixin.py:117} INFO - [2022-09-20T16:21:30.345+0000] {dag.py:3328} INFO - Setting next_dagrun for dataset_consumes_1 to None, run_after=None
[2022-09-20T16:21:30.349+0000] {logging_mixin.py:117} INFO - [2022-09-20T16:21:30.349+0000] {dag.py:3328} INFO - Setting next_dagrun for dataset_consumes_1_and_2 to None, run_after=None
[2022-09-20T16:21:30.350+0000] {logging_mixin.py:117} INFO - [2022-09-20T16:21:30.350+0000] {dag.py:3328} INFO - Setting next_dagrun for dataset_consumes_1_never_scheduled to None, run_after=None
[2022-09-20T16:21:30.351+0000] {logging_mixin.py:117} INFO - [2022-09-20T16:21:30.351+0000] {dag.py:3328} INFO - Setting next_dagrun for dataset_consumes_unknown_never_scheduled to None, run_after=None
[2022-09-20T16:21:30.353+0000] {logging_mixin.py:117} INFO - [2022-09-20T16:21:30.353+0000] {dag.py:3328} INFO - Setting next_dagrun for dataset_produces_1 to 2022-09-19T00:00:00+00:00, run_after=2022-09-20T00:00:00+00:00
[2022-09-20T16:21:30.354+0000] {logging_mixin.py:117} INFO - [2022-09-20T16:21:30.354+0000] {dag.py:3328} INFO - Setting next_dagrun for dataset_produces_2 to None, run_after=None
[2022-09-20T16:21:30.378+0000] {processor.py:178} INFO - Processing /home/airflow/.local/lib/python3.7/site-packages/airflow/example_dags/example_datasets.py took 0.120 seconds
[2022-09-20T16:22:01.087+0000] {processor.py:156} INFO - Started process (PID=454) to work on /home/airflow/.local/lib/python3.7/site-packages/airflow/example_dags/example_datasets.py
[2022-09-20T16:22:01.088+0000] {processor.py:758} INFO - Processing file /home/airflow/.local/lib/python3.7/site-packages/airflow/example_dags/example_datasets.py for tasks to queue
[2022-09-20T16:22:01.088+0000] {logging_mixin.py:117} INFO - [2022-09-20T16:22:01.088+0000] {dagbag.py:525} INFO - Filling up the DagBag from /home/airflow/.local/lib/python3.7/site-packages/airflow/example_dags/example_datasets.py
[2022-09-20T16:22:01.105+0000] {processor.py:768} INFO - DAG(s) dict_keys(['dataset_produces_1', 'dataset_consumes_1_and_2', 'dataset_consumes_1', 'dataset_consumes_unknown_never_scheduled', 'dataset_consumes_1_never_scheduled', 'dataset_produces_2']) retrieved from /home/airflow/.local/lib/python3.7/site-packages/airflow/example_dags/example_datasets.py
[2022-09-20T16:22:01.149+0000] {logging_mixin.py:117} INFO - [2022-09-20T16:22:01.148+0000] {dag.py:2573} INFO - Sync 6 DAGs
[2022-09-20T16:22:01.172+0000] {logging_mixin.py:117} INFO - [2022-09-20T16:22:01.172+0000] {dag.py:3328} INFO - Setting next_dagrun for dataset_consumes_1 to None, run_after=None
[2022-09-20T16:22:01.175+0000] {logging_mixin.py:117} INFO - [2022-09-20T16:22:01.175+0000] {dag.py:3328} INFO - Setting next_dagrun for dataset_consumes_1_and_2 to None, run_after=None
[2022-09-20T16:22:01.176+0000] {logging_mixin.py:117} INFO - [2022-09-20T16:22:01.176+0000] {dag.py:3328} INFO - Setting next_dagrun for dataset_consumes_1_never_scheduled to None, run_after=None
[2022-09-20T16:22:01.177+0000] {logging_mixin.py:117} INFO - [2022-09-20T16:22:01.177+0000] {dag.py:3328} INFO - Setting next_dagrun for dataset_consumes_unknown_never_scheduled to None, run_after=None
[2022-09-20T16:22:01.179+0000] {logging_mixin.py:117} INFO - [2022-09-20T16:22:01.179+0000] {dag.py:3328} INFO - Setting next_dagrun for dataset_produces_1 to 2022-09-19T00:00:00+00:00, run_after=2022-09-20T00:00:00+00:00
[2022-09-20T16:22:01.180+0000] {logging_mixin.py:117} INFO - [2022-09-20T16:22:01.180+0000] {dag.py:3328} INFO - Setting next_dagrun for dataset_produces_2 to None, run_after=None
[2022-09-20T16:22:01.206+0000] {processor.py:178} INFO - Processing /home/airflow/.local/lib/python3.7/site-packages/airflow/example_dags/example_datasets.py took 0.122 seconds
[2022-09-20T16:22:31.527+0000] {processor.py:156} INFO - Started process (PID=517) to work on /home/airflow/.local/lib/python3.7/site-packages/airflow/example_dags/example_datasets.py
[2022-09-20T16:22:31.528+0000] {processor.py:758} INFO - Processing file /home/airflow/.local/lib/python3.7/site-packages/airflow/example_dags/example_datasets.py for tasks to queue
[2022-09-20T16:22:31.529+0000] {logging_mixin.py:117} INFO - [2022-09-20T16:22:31.529+0000] {dagbag.py:525} INFO - Filling up the DagBag from /home/airflow/.local/lib/python3.7/site-packages/airflow/example_dags/example_datasets.py
[2022-09-20T16:22:31.548+0000] {processor.py:768} INFO - DAG(s) dict_keys(['dataset_consumes_1', 'dataset_consumes_1_never_scheduled', 'dataset_consumes_1_and_2', 'dataset_produces_2', 'dataset_produces_1', 'dataset_consumes_unknown_never_scheduled']) retrieved from /home/airflow/.local/lib/python3.7/site-packages/airflow/example_dags/example_datasets.py
[2022-09-20T16:22:31.598+0000] {logging_mixin.py:117} INFO - [2022-09-20T16:22:31.598+0000] {dag.py:2573} INFO - Sync 6 DAGs
[2022-09-20T16:22:31.622+0000] {logging_mixin.py:117} INFO - [2022-09-20T16:22:31.622+0000] {dag.py:3328} INFO - Setting next_dagrun for dataset_consumes_1 to None, run_after=None
[2022-09-20T16:22:31.626+0000] {logging_mixin.py:117} INFO - [2022-09-20T16:22:31.626+0000] {dag.py:3328} INFO - Setting next_dagrun for dataset_consumes_1_and_2 to None, run_after=None
[2022-09-20T16:22:31.627+0000] {logging_mixin.py:117} INFO - [2022-09-20T16:22:31.627+0000] {dag.py:3328} INFO - Setting next_dagrun for dataset_consumes_1_never_scheduled to None, run_after=None
[2022-09-20T16:22:31.628+0000] {logging_mixin.py:117} INFO - [2022-09-20T16:22:31.628+0000] {dag.py:3328} INFO - Setting next_dagrun for dataset_consumes_unknown_never_scheduled to None, run_after=None
[2022-09-20T16:22:31.630+0000] {logging_mixin.py:117} INFO - [2022-09-20T16:22:31.630+0000] {dag.py:3328} INFO - Setting next_dagrun for dataset_produces_1 to 2022-09-19T00:00:00+00:00, run_after=2022-09-20T00:00:00+00:00
[2022-09-20T16:22:31.631+0000] {logging_mixin.py:117} INFO - [2022-09-20T16:22:31.631+0000] {dag.py:3328} INFO - Setting next_dagrun for dataset_produces_2 to None, run_after=None
[2022-09-20T16:22:31.659+0000] {processor.py:178} INFO - Processing /home/airflow/.local/lib/python3.7/site-packages/airflow/example_dags/example_datasets.py took 0.136 seconds
[2022-09-20T16:23:01.864+0000] {processor.py:156} INFO - Started process (PID=579) to work on /home/airflow/.local/lib/python3.7/site-packages/airflow/example_dags/example_datasets.py
[2022-09-20T16:23:01.865+0000] {processor.py:758} INFO - Processing file /home/airflow/.local/lib/python3.7/site-packages/airflow/example_dags/example_datasets.py for tasks to queue
[2022-09-20T16:23:01.865+0000] {logging_mixin.py:117} INFO - [2022-09-20T16:23:01.865+0000] {dagbag.py:525} INFO - Filling up the DagBag from /home/airflow/.local/lib/python3.7/site-packages/airflow/example_dags/example_datasets.py
[2022-09-20T16:23:01.882+0000] {processor.py:768} INFO - DAG(s) dict_keys(['dataset_consumes_1_and_2', 'dataset_consumes_unknown_never_scheduled', 'dataset_consumes_1_never_scheduled', 'dataset_consumes_1', 'dataset_produces_2', 'dataset_produces_1']) retrieved from /home/airflow/.local/lib/python3.7/site-packages/airflow/example_dags/example_datasets.py
[2022-09-20T16:23:01.931+0000] {logging_mixin.py:117} INFO - [2022-09-20T16:23:01.930+0000] {dag.py:2573} INFO - Sync 6 DAGs
[2022-09-20T16:23:01.955+0000] {logging_mixin.py:117} INFO - [2022-09-20T16:23:01.954+0000] {dag.py:3328} INFO - Setting next_dagrun for dataset_consumes_1 to None, run_after=None
[2022-09-20T16:23:01.958+0000] {logging_mixin.py:117} INFO - [2022-09-20T16:23:01.958+0000] {dag.py:3328} INFO - Setting next_dagrun for dataset_consumes_1_and_2 to None, run_after=None
[2022-09-20T16:23:01.959+0000] {logging_mixin.py:117} INFO - [2022-09-20T16:23:01.959+0000] {dag.py:3328} INFO - Setting next_dagrun for dataset_consumes_1_never_scheduled to None, run_after=None
[2022-09-20T16:23:01.960+0000] {logging_mixin.py:117} INFO - [2022-09-20T16:23:01.960+0000] {dag.py:3328} INFO - Setting next_dagrun for dataset_consumes_unknown_never_scheduled to None, run_after=None
[2022-09-20T16:23:01.963+0000] {logging_mixin.py:117} INFO - [2022-09-20T16:23:01.963+0000] {dag.py:3328} INFO - Setting next_dagrun for dataset_produces_1 to 2022-09-19T00:00:00+00:00, run_after=2022-09-20T00:00:00+00:00
[2022-09-20T16:23:01.965+0000] {logging_mixin.py:117} INFO - [2022-09-20T16:23:01.965+0000] {dag.py:3328} INFO - Setting next_dagrun for dataset_produces_2 to None, run_after=None
[2022-09-20T16:23:01.993+0000] {processor.py:178} INFO - Processing /home/airflow/.local/lib/python3.7/site-packages/airflow/example_dags/example_datasets.py took 0.132 seconds
[2022-09-20T16:23:32.426+0000] {processor.py:156} INFO - Started process (PID=632) to work on /home/airflow/.local/lib/python3.7/site-packages/airflow/example_dags/example_datasets.py
[2022-09-20T16:23:32.427+0000] {processor.py:758} INFO - Processing file /home/airflow/.local/lib/python3.7/site-packages/airflow/example_dags/example_datasets.py for tasks to queue
[2022-09-20T16:23:32.427+0000] {logging_mixin.py:117} INFO - [2022-09-20T16:23:32.427+0000] {dagbag.py:525} INFO - Filling up the DagBag from /home/airflow/.local/lib/python3.7/site-packages/airflow/example_dags/example_datasets.py
[2022-09-20T16:23:32.444+0000] {processor.py:768} INFO - DAG(s) dict_keys(['dataset_consumes_1_and_2', 'dataset_produces_2', 'dataset_produces_1', 'dataset_consumes_1', 'dataset_consumes_1_never_scheduled', 'dataset_consumes_unknown_never_scheduled']) retrieved from /home/airflow/.local/lib/python3.7/site-packages/airflow/example_dags/example_datasets.py
[2022-09-20T16:23:32.486+0000] {logging_mixin.py:117} INFO - [2022-09-20T16:23:32.486+0000] {dag.py:2573} INFO - Sync 6 DAGs
[2022-09-20T16:23:32.508+0000] {logging_mixin.py:117} INFO - [2022-09-20T16:23:32.508+0000] {dag.py:3328} INFO - Setting next_dagrun for dataset_consumes_1 to None, run_after=None
[2022-09-20T16:23:32.512+0000] {logging_mixin.py:117} INFO - [2022-09-20T16:23:32.512+0000] {dag.py:3328} INFO - Setting next_dagrun for dataset_consumes_1_and_2 to None, run_after=None
[2022-09-20T16:23:32.513+0000] {logging_mixin.py:117} INFO - [2022-09-20T16:23:32.513+0000] {dag.py:3328} INFO - Setting next_dagrun for dataset_consumes_1_never_scheduled to None, run_after=None
[2022-09-20T16:23:32.514+0000] {logging_mixin.py:117} INFO - [2022-09-20T16:23:32.514+0000] {dag.py:3328} INFO - Setting next_dagrun for dataset_consumes_unknown_never_scheduled to None, run_after=None
[2022-09-20T16:23:32.518+0000] {logging_mixin.py:117} INFO - [2022-09-20T16:23:32.518+0000] {dag.py:3328} INFO - Setting next_dagrun for dataset_produces_1 to 2022-09-19T00:00:00+00:00, run_after=2022-09-20T00:00:00+00:00
[2022-09-20T16:23:32.519+0000] {logging_mixin.py:117} INFO - [2022-09-20T16:23:32.519+0000] {dag.py:3328} INFO - Setting next_dagrun for dataset_produces_2 to None, run_after=None
[2022-09-20T16:23:32.546+0000] {processor.py:178} INFO - Processing /home/airflow/.local/lib/python3.7/site-packages/airflow/example_dags/example_datasets.py took 0.122 seconds
[2022-09-20T16:24:02.822+0000] {processor.py:156} INFO - Started process (PID=694) to work on /home/airflow/.local/lib/python3.7/site-packages/airflow/example_dags/example_datasets.py
[2022-09-20T16:24:02.823+0000] {processor.py:758} INFO - Processing file /home/airflow/.local/lib/python3.7/site-packages/airflow/example_dags/example_datasets.py for tasks to queue
[2022-09-20T16:24:02.823+0000] {logging_mixin.py:117} INFO - [2022-09-20T16:24:02.823+0000] {dagbag.py:525} INFO - Filling up the DagBag from /home/airflow/.local/lib/python3.7/site-packages/airflow/example_dags/example_datasets.py
[2022-09-20T16:24:02.841+0000] {processor.py:768} INFO - DAG(s) dict_keys(['dataset_produces_2', 'dataset_consumes_1', 'dataset_consumes_unknown_never_scheduled', 'dataset_consumes_1_and_2', 'dataset_consumes_1_never_scheduled', 'dataset_produces_1']) retrieved from /home/airflow/.local/lib/python3.7/site-packages/airflow/example_dags/example_datasets.py
[2022-09-20T16:24:02.895+0000] {logging_mixin.py:117} INFO - [2022-09-20T16:24:02.895+0000] {dag.py:2573} INFO - Sync 6 DAGs
[2022-09-20T16:24:02.924+0000] {logging_mixin.py:117} INFO - [2022-09-20T16:24:02.924+0000] {dag.py:3328} INFO - Setting next_dagrun for dataset_consumes_1 to None, run_after=None
[2022-09-20T16:24:02.928+0000] {logging_mixin.py:117} INFO - [2022-09-20T16:24:02.927+0000] {dag.py:3328} INFO - Setting next_dagrun for dataset_consumes_1_and_2 to None, run_after=None
[2022-09-20T16:24:02.929+0000] {logging_mixin.py:117} INFO - [2022-09-20T16:24:02.929+0000] {dag.py:3328} INFO - Setting next_dagrun for dataset_consumes_1_never_scheduled to None, run_after=None
[2022-09-20T16:24:02.931+0000] {logging_mixin.py:117} INFO - [2022-09-20T16:24:02.931+0000] {dag.py:3328} INFO - Setting next_dagrun for dataset_consumes_unknown_never_scheduled to None, run_after=None
[2022-09-20T16:24:02.934+0000] {logging_mixin.py:117} INFO - [2022-09-20T16:24:02.934+0000] {dag.py:3328} INFO - Setting next_dagrun for dataset_produces_1 to 2022-09-19T00:00:00+00:00, run_after=2022-09-20T00:00:00+00:00
[2022-09-20T16:24:02.935+0000] {logging_mixin.py:117} INFO - [2022-09-20T16:24:02.935+0000] {dag.py:3328} INFO - Setting next_dagrun for dataset_produces_2 to None, run_after=None
[2022-09-20T16:24:02.973+0000] {processor.py:178} INFO - Processing /home/airflow/.local/lib/python3.7/site-packages/airflow/example_dags/example_datasets.py took 0.153 seconds
[2022-09-20T16:24:33.361+0000] {processor.py:156} INFO - Started process (PID=756) to work on /home/airflow/.local/lib/python3.7/site-packages/airflow/example_dags/example_datasets.py
[2022-09-20T16:24:33.362+0000] {processor.py:758} INFO - Processing file /home/airflow/.local/lib/python3.7/site-packages/airflow/example_dags/example_datasets.py for tasks to queue
[2022-09-20T16:24:33.363+0000] {logging_mixin.py:117} INFO - [2022-09-20T16:24:33.363+0000] {dagbag.py:525} INFO - Filling up the DagBag from /home/airflow/.local/lib/python3.7/site-packages/airflow/example_dags/example_datasets.py
[2022-09-20T16:24:33.391+0000] {processor.py:768} INFO - DAG(s) dict_keys(['dataset_consumes_1_and_2', 'dataset_consumes_1', 'dataset_produces_1', 'dataset_consumes_unknown_never_scheduled', 'dataset_produces_2', 'dataset_consumes_1_never_scheduled']) retrieved from /home/airflow/.local/lib/python3.7/site-packages/airflow/example_dags/example_datasets.py
[2022-09-20T16:24:33.475+0000] {logging_mixin.py:117} INFO - [2022-09-20T16:24:33.475+0000] {dag.py:2573} INFO - Sync 6 DAGs
[2022-09-20T16:24:33.507+0000] {logging_mixin.py:117} INFO - [2022-09-20T16:24:33.507+0000] {dag.py:3328} INFO - Setting next_dagrun for dataset_consumes_1 to None, run_after=None
[2022-09-20T16:24:33.511+0000] {logging_mixin.py:117} INFO - [2022-09-20T16:24:33.511+0000] {dag.py:3328} INFO - Setting next_dagrun for dataset_consumes_1_and_2 to None, run_after=None
[2022-09-20T16:24:33.512+0000] {logging_mixin.py:117} INFO - [2022-09-20T16:24:33.512+0000] {dag.py:3328} INFO - Setting next_dagrun for dataset_consumes_1_never_scheduled to None, run_after=None
[2022-09-20T16:24:33.514+0000] {logging_mixin.py:117} INFO - [2022-09-20T16:24:33.514+0000] {dag.py:3328} INFO - Setting next_dagrun for dataset_consumes_unknown_never_scheduled to None, run_after=None
[2022-09-20T16:24:33.518+0000] {logging_mixin.py:117} INFO - [2022-09-20T16:24:33.518+0000] {dag.py:3328} INFO - Setting next_dagrun for dataset_produces_1 to 2022-09-19T00:00:00+00:00, run_after=2022-09-20T00:00:00+00:00
[2022-09-20T16:24:33.520+0000] {logging_mixin.py:117} INFO - [2022-09-20T16:24:33.520+0000] {dag.py:3328} INFO - Setting next_dagrun for dataset_produces_2 to None, run_after=None
[2022-09-20T16:24:33.562+0000] {processor.py:178} INFO - Processing /home/airflow/.local/lib/python3.7/site-packages/airflow/example_dags/example_datasets.py took 0.202 seconds
[2022-09-20T16:25:03.961+0000] {processor.py:156} INFO - Started process (PID=810) to work on /home/airflow/.local/lib/python3.7/site-packages/airflow/example_dags/example_datasets.py
[2022-09-20T16:25:03.962+0000] {processor.py:758} INFO - Processing file /home/airflow/.local/lib/python3.7/site-packages/airflow/example_dags/example_datasets.py for tasks to queue
[2022-09-20T16:25:03.962+0000] {logging_mixin.py:117} INFO - [2022-09-20T16:25:03.962+0000] {dagbag.py:525} INFO - Filling up the DagBag from /home/airflow/.local/lib/python3.7/site-packages/airflow/example_dags/example_datasets.py
[2022-09-20T16:25:03.978+0000] {processor.py:768} INFO - DAG(s) dict_keys(['dataset_produces_1', 'dataset_produces_2', 'dataset_consumes_1_and_2', 'dataset_consumes_1_never_scheduled', 'dataset_consumes_unknown_never_scheduled', 'dataset_consumes_1']) retrieved from /home/airflow/.local/lib/python3.7/site-packages/airflow/example_dags/example_datasets.py
[2022-09-20T16:25:04.032+0000] {logging_mixin.py:117} INFO - [2022-09-20T16:25:04.032+0000] {dag.py:2573} INFO - Sync 6 DAGs
[2022-09-20T16:25:04.055+0000] {logging_mixin.py:117} INFO - [2022-09-20T16:25:04.055+0000] {dag.py:3328} INFO - Setting next_dagrun for dataset_consumes_1 to None, run_after=None
[2022-09-20T16:25:04.059+0000] {logging_mixin.py:117} INFO - [2022-09-20T16:25:04.058+0000] {dag.py:3328} INFO - Setting next_dagrun for dataset_consumes_1_and_2 to None, run_after=None
[2022-09-20T16:25:04.060+0000] {logging_mixin.py:117} INFO - [2022-09-20T16:25:04.060+0000] {dag.py:3328} INFO - Setting next_dagrun for dataset_consumes_1_never_scheduled to None, run_after=None
[2022-09-20T16:25:04.061+0000] {logging_mixin.py:117} INFO - [2022-09-20T16:25:04.061+0000] {dag.py:3328} INFO - Setting next_dagrun for dataset_consumes_unknown_never_scheduled to None, run_after=None
[2022-09-20T16:25:04.064+0000] {logging_mixin.py:117} INFO - [2022-09-20T16:25:04.064+0000] {dag.py:3328} INFO - Setting next_dagrun for dataset_produces_1 to 2022-09-19T00:00:00+00:00, run_after=2022-09-20T00:00:00+00:00
[2022-09-20T16:25:04.065+0000] {logging_mixin.py:117} INFO - [2022-09-20T16:25:04.065+0000] {dag.py:3328} INFO - Setting next_dagrun for dataset_produces_2 to None, run_after=None
[2022-09-20T16:25:04.094+0000] {processor.py:178} INFO - Processing /home/airflow/.local/lib/python3.7/site-packages/airflow/example_dags/example_datasets.py took 0.135 seconds
[2022-09-20T16:25:34.429+0000] {processor.py:156} INFO - Started process (PID=873) to work on /home/airflow/.local/lib/python3.7/site-packages/airflow/example_dags/example_datasets.py
[2022-09-20T16:25:34.430+0000] {processor.py:758} INFO - Processing file /home/airflow/.local/lib/python3.7/site-packages/airflow/example_dags/example_datasets.py for tasks to queue
[2022-09-20T16:25:34.430+0000] {logging_mixin.py:117} INFO - [2022-09-20T16:25:34.430+0000] {dagbag.py:525} INFO - Filling up the DagBag from /home/airflow/.local/lib/python3.7/site-packages/airflow/example_dags/example_datasets.py
[2022-09-20T16:25:34.446+0000] {processor.py:768} INFO - DAG(s) dict_keys(['dataset_produces_2', 'dataset_produces_1', 'dataset_consumes_1_never_scheduled', 'dataset_consumes_1', 'dataset_consumes_1_and_2', 'dataset_consumes_unknown_never_scheduled']) retrieved from /home/airflow/.local/lib/python3.7/site-packages/airflow/example_dags/example_datasets.py
[2022-09-20T16:25:34.491+0000] {logging_mixin.py:117} INFO - [2022-09-20T16:25:34.491+0000] {dag.py:2573} INFO - Sync 6 DAGs
[2022-09-20T16:25:34.515+0000] {logging_mixin.py:117} INFO - [2022-09-20T16:25:34.514+0000] {dag.py:3328} INFO - Setting next_dagrun for dataset_consumes_1 to None, run_after=None
[2022-09-20T16:25:34.517+0000] {logging_mixin.py:117} INFO - [2022-09-20T16:25:34.517+0000] {dag.py:3328} INFO - Setting next_dagrun for dataset_consumes_1_and_2 to None, run_after=None
[2022-09-20T16:25:34.518+0000] {logging_mixin.py:117} INFO - [2022-09-20T16:25:34.518+0000] {dag.py:3328} INFO - Setting next_dagrun for dataset_consumes_1_never_scheduled to None, run_after=None
[2022-09-20T16:25:34.519+0000] {logging_mixin.py:117} INFO - [2022-09-20T16:25:34.519+0000] {dag.py:3328} INFO - Setting next_dagrun for dataset_consumes_unknown_never_scheduled to None, run_after=None
[2022-09-20T16:25:34.522+0000] {logging_mixin.py:117} INFO - [2022-09-20T16:25:34.522+0000] {dag.py:3328} INFO - Setting next_dagrun for dataset_produces_1 to 2022-09-19T00:00:00+00:00, run_after=2022-09-20T00:00:00+00:00
[2022-09-20T16:25:34.523+0000] {logging_mixin.py:117} INFO - [2022-09-20T16:25:34.523+0000] {dag.py:3328} INFO - Setting next_dagrun for dataset_produces_2 to None, run_after=None
[2022-09-20T16:25:34.553+0000] {processor.py:178} INFO - Processing /home/airflow/.local/lib/python3.7/site-packages/airflow/example_dags/example_datasets.py took 0.126 seconds
[2022-09-20T16:26:04.755+0000] {processor.py:156} INFO - Started process (PID=926) to work on /home/airflow/.local/lib/python3.7/site-packages/airflow/example_dags/example_datasets.py
[2022-09-20T16:26:04.756+0000] {processor.py:758} INFO - Processing file /home/airflow/.local/lib/python3.7/site-packages/airflow/example_dags/example_datasets.py for tasks to queue
[2022-09-20T16:26:04.756+0000] {logging_mixin.py:117} INFO - [2022-09-20T16:26:04.756+0000] {dagbag.py:525} INFO - Filling up the DagBag from /home/airflow/.local/lib/python3.7/site-packages/airflow/example_dags/example_datasets.py
[2022-09-20T16:26:04.775+0000] {processor.py:768} INFO - DAG(s) dict_keys(['dataset_produces_1', 'dataset_consumes_1_and_2', 'dataset_consumes_1_never_scheduled', 'dataset_produces_2', 'dataset_consumes_unknown_never_scheduled', 'dataset_consumes_1']) retrieved from /home/airflow/.local/lib/python3.7/site-packages/airflow/example_dags/example_datasets.py
[2022-09-20T16:26:04.818+0000] {logging_mixin.py:117} INFO - [2022-09-20T16:26:04.818+0000] {dag.py:2573} INFO - Sync 6 DAGs
[2022-09-20T16:26:04.842+0000] {logging_mixin.py:117} INFO - [2022-09-20T16:26:04.841+0000] {dag.py:3328} INFO - Setting next_dagrun for dataset_consumes_1 to None, run_after=None
[2022-09-20T16:26:04.845+0000] {logging_mixin.py:117} INFO - [2022-09-20T16:26:04.845+0000] {dag.py:3328} INFO - Setting next_dagrun for dataset_consumes_1_and_2 to None, run_after=None
[2022-09-20T16:26:04.846+0000] {logging_mixin.py:117} INFO - [2022-09-20T16:26:04.846+0000] {dag.py:3328} INFO - Setting next_dagrun for dataset_consumes_1_never_scheduled to None, run_after=None
[2022-09-20T16:26:04.847+0000] {logging_mixin.py:117} INFO - [2022-09-20T16:26:04.847+0000] {dag.py:3328} INFO - Setting next_dagrun for dataset_consumes_unknown_never_scheduled to None, run_after=None
[2022-09-20T16:26:04.850+0000] {logging_mixin.py:117} INFO - [2022-09-20T16:26:04.850+0000] {dag.py:3328} INFO - Setting next_dagrun for dataset_produces_1 to 2022-09-19T00:00:00+00:00, run_after=2022-09-20T00:00:00+00:00
[2022-09-20T16:26:04.851+0000] {logging_mixin.py:117} INFO - [2022-09-20T16:26:04.851+0000] {dag.py:3328} INFO - Setting next_dagrun for dataset_produces_2 to None, run_after=None
[2022-09-20T16:26:04.877+0000] {processor.py:178} INFO - Processing /home/airflow/.local/lib/python3.7/site-packages/airflow/example_dags/example_datasets.py took 0.124 seconds
[2022-09-20T16:26:35.219+0000] {processor.py:156} INFO - Started process (PID=988) to work on /home/airflow/.local/lib/python3.7/site-packages/airflow/example_dags/example_datasets.py
[2022-09-20T16:26:35.220+0000] {processor.py:758} INFO - Processing file /home/airflow/.local/lib/python3.7/site-packages/airflow/example_dags/example_datasets.py for tasks to queue
[2022-09-20T16:26:35.221+0000] {logging_mixin.py:117} INFO - [2022-09-20T16:26:35.221+0000] {dagbag.py:525} INFO - Filling up the DagBag from /home/airflow/.local/lib/python3.7/site-packages/airflow/example_dags/example_datasets.py
[2022-09-20T16:26:35.237+0000] {processor.py:768} INFO - DAG(s) dict_keys(['dataset_produces_1', 'dataset_consumes_1_and_2', 'dataset_consumes_unknown_never_scheduled', 'dataset_produces_2', 'dataset_consumes_1', 'dataset_consumes_1_never_scheduled']) retrieved from /home/airflow/.local/lib/python3.7/site-packages/airflow/example_dags/example_datasets.py
[2022-09-20T16:26:35.288+0000] {logging_mixin.py:117} INFO - [2022-09-20T16:26:35.288+0000] {dag.py:2573} INFO - Sync 6 DAGs
[2022-09-20T16:26:35.314+0000] {logging_mixin.py:117} INFO - [2022-09-20T16:26:35.314+0000] {dag.py:3328} INFO - Setting next_dagrun for dataset_consumes_1 to None, run_after=None
[2022-09-20T16:26:35.317+0000] {logging_mixin.py:117} INFO - [2022-09-20T16:26:35.317+0000] {dag.py:3328} INFO - Setting next_dagrun for dataset_consumes_1_and_2 to None, run_after=None
[2022-09-20T16:26:35.319+0000] {logging_mixin.py:117} INFO - [2022-09-20T16:26:35.319+0000] {dag.py:3328} INFO - Setting next_dagrun for dataset_consumes_1_never_scheduled to None, run_after=None
[2022-09-20T16:26:35.320+0000] {logging_mixin.py:117} INFO - [2022-09-20T16:26:35.320+0000] {dag.py:3328} INFO - Setting next_dagrun for dataset_consumes_unknown_never_scheduled to None, run_after=None
[2022-09-20T16:26:35.322+0000] {logging_mixin.py:117} INFO - [2022-09-20T16:26:35.322+0000] {dag.py:3328} INFO - Setting next_dagrun for dataset_produces_1 to 2022-09-19T00:00:00+00:00, run_after=2022-09-20T00:00:00+00:00
[2022-09-20T16:26:35.324+0000] {logging_mixin.py:117} INFO - [2022-09-20T16:26:35.323+0000] {dag.py:3328} INFO - Setting next_dagrun for dataset_produces_2 to None, run_after=None
[2022-09-20T16:26:35.355+0000] {processor.py:178} INFO - Processing /home/airflow/.local/lib/python3.7/site-packages/airflow/example_dags/example_datasets.py took 0.138 seconds
[2022-09-20T16:27:05.494+0000] {processor.py:156} INFO - Started process (PID=1051) to work on /home/airflow/.local/lib/python3.7/site-packages/airflow/example_dags/example_datasets.py
[2022-09-20T16:27:05.494+0000] {processor.py:758} INFO - Processing file /home/airflow/.local/lib/python3.7/site-packages/airflow/example_dags/example_datasets.py for tasks to queue
[2022-09-20T16:27:05.495+0000] {logging_mixin.py:117} INFO - [2022-09-20T16:27:05.495+0000] {dagbag.py:525} INFO - Filling up the DagBag from /home/airflow/.local/lib/python3.7/site-packages/airflow/example_dags/example_datasets.py
[2022-09-20T16:27:05.512+0000] {processor.py:768} INFO - DAG(s) dict_keys(['dataset_produces_2', 'dataset_consumes_1_and_2', 'dataset_consumes_1_never_scheduled', 'dataset_consumes_unknown_never_scheduled', 'dataset_produces_1', 'dataset_consumes_1']) retrieved from /home/airflow/.local/lib/python3.7/site-packages/airflow/example_dags/example_datasets.py
[2022-09-20T16:27:05.573+0000] {logging_mixin.py:117} INFO - [2022-09-20T16:27:05.573+0000] {dag.py:2573} INFO - Sync 6 DAGs
[2022-09-20T16:27:05.601+0000] {logging_mixin.py:117} INFO - [2022-09-20T16:27:05.600+0000] {dag.py:3328} INFO - Setting next_dagrun for dataset_consumes_1 to None, run_after=None
[2022-09-20T16:27:05.605+0000] {logging_mixin.py:117} INFO - [2022-09-20T16:27:05.605+0000] {dag.py:3328} INFO - Setting next_dagrun for dataset_consumes_1_and_2 to None, run_after=None
[2022-09-20T16:27:05.606+0000] {logging_mixin.py:117} INFO - [2022-09-20T16:27:05.606+0000] {dag.py:3328} INFO - Setting next_dagrun for dataset_consumes_1_never_scheduled to None, run_after=None
[2022-09-20T16:27:05.607+0000] {logging_mixin.py:117} INFO - [2022-09-20T16:27:05.607+0000] {dag.py:3328} INFO - Setting next_dagrun for dataset_consumes_unknown_never_scheduled to None, run_after=None
[2022-09-20T16:27:05.610+0000] {logging_mixin.py:117} INFO - [2022-09-20T16:27:05.610+0000] {dag.py:3328} INFO - Setting next_dagrun for dataset_produces_1 to 2022-09-19T00:00:00+00:00, run_after=2022-09-20T00:00:00+00:00
[2022-09-20T16:27:05.612+0000] {logging_mixin.py:117} INFO - [2022-09-20T16:27:05.612+0000] {dag.py:3328} INFO - Setting next_dagrun for dataset_produces_2 to None, run_after=None
[2022-09-20T16:27:05.645+0000] {processor.py:178} INFO - Processing /home/airflow/.local/lib/python3.7/site-packages/airflow/example_dags/example_datasets.py took 0.154 seconds
[2022-09-20T16:27:35.918+0000] {processor.py:156} INFO - Started process (PID=1105) to work on /home/airflow/.local/lib/python3.7/site-packages/airflow/example_dags/example_datasets.py
[2022-09-20T16:27:35.920+0000] {processor.py:758} INFO - Processing file /home/airflow/.local/lib/python3.7/site-packages/airflow/example_dags/example_datasets.py for tasks to queue
[2022-09-20T16:27:35.920+0000] {logging_mixin.py:117} INFO - [2022-09-20T16:27:35.920+0000] {dagbag.py:525} INFO - Filling up the DagBag from /home/airflow/.local/lib/python3.7/site-packages/airflow/example_dags/example_datasets.py
[2022-09-20T16:27:35.939+0000] {processor.py:768} INFO - DAG(s) dict_keys(['dataset_consumes_unknown_never_scheduled', 'dataset_produces_2', 'dataset_consumes_1_and_2', 'dataset_consumes_1', 'dataset_consumes_1_never_scheduled', 'dataset_produces_1']) retrieved from /home/airflow/.local/lib/python3.7/site-packages/airflow/example_dags/example_datasets.py
[2022-09-20T16:27:35.992+0000] {logging_mixin.py:117} INFO - [2022-09-20T16:27:35.992+0000] {dag.py:2573} INFO - Sync 6 DAGs
[2022-09-20T16:27:36.019+0000] {logging_mixin.py:117} INFO - [2022-09-20T16:27:36.019+0000] {dag.py:3328} INFO - Setting next_dagrun for dataset_consumes_1 to None, run_after=None
[2022-09-20T16:27:36.022+0000] {logging_mixin.py:117} INFO - [2022-09-20T16:27:36.022+0000] {dag.py:3328} INFO - Setting next_dagrun for dataset_consumes_1_and_2 to None, run_after=None
[2022-09-20T16:27:36.023+0000] {logging_mixin.py:117} INFO - [2022-09-20T16:27:36.023+0000] {dag.py:3328} INFO - Setting next_dagrun for dataset_consumes_1_never_scheduled to None, run_after=None
[2022-09-20T16:27:36.024+0000] {logging_mixin.py:117} INFO - [2022-09-20T16:27:36.024+0000] {dag.py:3328} INFO - Setting next_dagrun for dataset_consumes_unknown_never_scheduled to None, run_after=None
[2022-09-20T16:27:36.027+0000] {logging_mixin.py:117} INFO - [2022-09-20T16:27:36.027+0000] {dag.py:3328} INFO - Setting next_dagrun for dataset_produces_1 to 2022-09-19T00:00:00+00:00, run_after=2022-09-20T00:00:00+00:00
[2022-09-20T16:27:36.029+0000] {logging_mixin.py:117} INFO - [2022-09-20T16:27:36.029+0000] {dag.py:3328} INFO - Setting next_dagrun for dataset_produces_2 to None, run_after=None
[2022-09-20T16:27:36.056+0000] {processor.py:178} INFO - Processing /home/airflow/.local/lib/python3.7/site-packages/airflow/example_dags/example_datasets.py took 0.141 seconds
[2022-09-20T16:28:06.306+0000] {processor.py:156} INFO - Started process (PID=1168) to work on /home/airflow/.local/lib/python3.7/site-packages/airflow/example_dags/example_datasets.py
[2022-09-20T16:28:06.308+0000] {processor.py:758} INFO - Processing file /home/airflow/.local/lib/python3.7/site-packages/airflow/example_dags/example_datasets.py for tasks to queue
[2022-09-20T16:28:06.309+0000] {logging_mixin.py:117} INFO - [2022-09-20T16:28:06.308+0000] {dagbag.py:525} INFO - Filling up the DagBag from /home/airflow/.local/lib/python3.7/site-packages/airflow/example_dags/example_datasets.py
[2022-09-20T16:28:06.327+0000] {processor.py:768} INFO - DAG(s) dict_keys(['dataset_produces_2', 'dataset_consumes_unknown_never_scheduled', 'dataset_consumes_1_never_scheduled', 'dataset_produces_1', 'dataset_consumes_1_and_2', 'dataset_consumes_1']) retrieved from /home/airflow/.local/lib/python3.7/site-packages/airflow/example_dags/example_datasets.py
[2022-09-20T16:28:06.373+0000] {logging_mixin.py:117} INFO - [2022-09-20T16:28:06.372+0000] {dag.py:2573} INFO - Sync 6 DAGs
[2022-09-20T16:28:06.395+0000] {logging_mixin.py:117} INFO - [2022-09-20T16:28:06.395+0000] {dag.py:3328} INFO - Setting next_dagrun for dataset_consumes_1 to None, run_after=None
[2022-09-20T16:28:06.398+0000] {logging_mixin.py:117} INFO - [2022-09-20T16:28:06.398+0000] {dag.py:3328} INFO - Setting next_dagrun for dataset_consumes_1_and_2 to None, run_after=None
[2022-09-20T16:28:06.399+0000] {logging_mixin.py:117} INFO - [2022-09-20T16:28:06.399+0000] {dag.py:3328} INFO - Setting next_dagrun for dataset_consumes_1_never_scheduled to None, run_after=None
[2022-09-20T16:28:06.400+0000] {logging_mixin.py:117} INFO - [2022-09-20T16:28:06.400+0000] {dag.py:3328} INFO - Setting next_dagrun for dataset_consumes_unknown_never_scheduled to None, run_after=None
[2022-09-20T16:28:06.402+0000] {logging_mixin.py:117} INFO - [2022-09-20T16:28:06.402+0000] {dag.py:3328} INFO - Setting next_dagrun for dataset_produces_1 to 2022-09-19T00:00:00+00:00, run_after=2022-09-20T00:00:00+00:00
[2022-09-20T16:28:06.403+0000] {logging_mixin.py:117} INFO - [2022-09-20T16:28:06.403+0000] {dag.py:3328} INFO - Setting next_dagrun for dataset_produces_2 to None, run_after=None
[2022-09-20T16:28:06.428+0000] {processor.py:178} INFO - Processing /home/airflow/.local/lib/python3.7/site-packages/airflow/example_dags/example_datasets.py took 0.124 seconds
[2022-09-20T16:28:36.533+0000] {processor.py:156} INFO - Started process (PID=1223) to work on /home/airflow/.local/lib/python3.7/site-packages/airflow/example_dags/example_datasets.py
[2022-09-20T16:28:36.535+0000] {processor.py:758} INFO - Processing file /home/airflow/.local/lib/python3.7/site-packages/airflow/example_dags/example_datasets.py for tasks to queue
[2022-09-20T16:28:36.536+0000] {logging_mixin.py:117} INFO - [2022-09-20T16:28:36.535+0000] {dagbag.py:525} INFO - Filling up the DagBag from /home/airflow/.local/lib/python3.7/site-packages/airflow/example_dags/example_datasets.py
[2022-09-20T16:28:36.551+0000] {processor.py:768} INFO - DAG(s) dict_keys(['dataset_consumes_unknown_never_scheduled', 'dataset_produces_1', 'dataset_produces_2', 'dataset_consumes_1', 'dataset_consumes_1_never_scheduled', 'dataset_consumes_1_and_2']) retrieved from /home/airflow/.local/lib/python3.7/site-packages/airflow/example_dags/example_datasets.py
[2022-09-20T16:28:36.595+0000] {logging_mixin.py:117} INFO - [2022-09-20T16:28:36.595+0000] {dag.py:2573} INFO - Sync 6 DAGs
[2022-09-20T16:28:36.620+0000] {logging_mixin.py:117} INFO - [2022-09-20T16:28:36.620+0000] {dag.py:3328} INFO - Setting next_dagrun for dataset_consumes_1 to None, run_after=None
[2022-09-20T16:28:36.624+0000] {logging_mixin.py:117} INFO - [2022-09-20T16:28:36.623+0000] {dag.py:3328} INFO - Setting next_dagrun for dataset_consumes_1_and_2 to None, run_after=None
[2022-09-20T16:28:36.625+0000] {logging_mixin.py:117} INFO - [2022-09-20T16:28:36.625+0000] {dag.py:3328} INFO - Setting next_dagrun for dataset_consumes_1_never_scheduled to None, run_after=None
[2022-09-20T16:28:36.626+0000] {logging_mixin.py:117} INFO - [2022-09-20T16:28:36.626+0000] {dag.py:3328} INFO - Setting next_dagrun for dataset_consumes_unknown_never_scheduled to None, run_after=None
[2022-09-20T16:28:36.629+0000] {logging_mixin.py:117} INFO - [2022-09-20T16:28:36.629+0000] {dag.py:3328} INFO - Setting next_dagrun for dataset_produces_1 to 2022-09-19T00:00:00+00:00, run_after=2022-09-20T00:00:00+00:00
[2022-09-20T16:28:36.630+0000] {logging_mixin.py:117} INFO - [2022-09-20T16:28:36.630+0000] {dag.py:3328} INFO - Setting next_dagrun for dataset_produces_2 to None, run_after=None
[2022-09-20T16:28:36.656+0000] {processor.py:178} INFO - Processing /home/airflow/.local/lib/python3.7/site-packages/airflow/example_dags/example_datasets.py took 0.124 seconds
[2022-09-20T16:29:07.113+0000] {processor.py:156} INFO - Started process (PID=1285) to work on /home/airflow/.local/lib/python3.7/site-packages/airflow/example_dags/example_datasets.py
[2022-09-20T16:29:07.115+0000] {processor.py:758} INFO - Processing file /home/airflow/.local/lib/python3.7/site-packages/airflow/example_dags/example_datasets.py for tasks to queue
[2022-09-20T16:29:07.115+0000] {logging_mixin.py:117} INFO - [2022-09-20T16:29:07.115+0000] {dagbag.py:525} INFO - Filling up the DagBag from /home/airflow/.local/lib/python3.7/site-packages/airflow/example_dags/example_datasets.py
[2022-09-20T16:29:07.134+0000] {processor.py:768} INFO - DAG(s) dict_keys(['dataset_consumes_unknown_never_scheduled', 'dataset_consumes_1_and_2', 'dataset_produces_2', 'dataset_consumes_1', 'dataset_produces_1', 'dataset_consumes_1_never_scheduled']) retrieved from /home/airflow/.local/lib/python3.7/site-packages/airflow/example_dags/example_datasets.py
[2022-09-20T16:29:07.182+0000] {logging_mixin.py:117} INFO - [2022-09-20T16:29:07.182+0000] {dag.py:2573} INFO - Sync 6 DAGs
[2022-09-20T16:29:07.203+0000] {logging_mixin.py:117} INFO - [2022-09-20T16:29:07.203+0000] {dag.py:3328} INFO - Setting next_dagrun for dataset_consumes_1 to None, run_after=None
[2022-09-20T16:29:07.206+0000] {logging_mixin.py:117} INFO - [2022-09-20T16:29:07.205+0000] {dag.py:3328} INFO - Setting next_dagrun for dataset_consumes_1_and_2 to None, run_after=None
[2022-09-20T16:29:07.206+0000] {logging_mixin.py:117} INFO - [2022-09-20T16:29:07.206+0000] {dag.py:3328} INFO - Setting next_dagrun for dataset_consumes_1_never_scheduled to None, run_after=None
[2022-09-20T16:29:07.207+0000] {logging_mixin.py:117} INFO - [2022-09-20T16:29:07.207+0000] {dag.py:3328} INFO - Setting next_dagrun for dataset_consumes_unknown_never_scheduled to None, run_after=None
[2022-09-20T16:29:07.209+0000] {logging_mixin.py:117} INFO - [2022-09-20T16:29:07.209+0000] {dag.py:3328} INFO - Setting next_dagrun for dataset_produces_1 to 2022-09-19T00:00:00+00:00, run_after=2022-09-20T00:00:00+00:00
[2022-09-20T16:29:07.210+0000] {logging_mixin.py:117} INFO - [2022-09-20T16:29:07.210+0000] {dag.py:3328} INFO - Setting next_dagrun for dataset_produces_2 to None, run_after=None
[2022-09-20T16:29:07.234+0000] {processor.py:178} INFO - Processing /home/airflow/.local/lib/python3.7/site-packages/airflow/example_dags/example_datasets.py took 0.123 seconds
[2022-09-20T16:29:37.618+0000] {processor.py:156} INFO - Started process (PID=1346) to work on /home/airflow/.local/lib/python3.7/site-packages/airflow/example_dags/example_datasets.py
[2022-09-20T16:29:37.618+0000] {processor.py:758} INFO - Processing file /home/airflow/.local/lib/python3.7/site-packages/airflow/example_dags/example_datasets.py for tasks to queue
[2022-09-20T16:29:37.619+0000] {logging_mixin.py:117} INFO - [2022-09-20T16:29:37.619+0000] {dagbag.py:525} INFO - Filling up the DagBag from /home/airflow/.local/lib/python3.7/site-packages/airflow/example_dags/example_datasets.py
[2022-09-20T16:29:37.637+0000] {processor.py:768} INFO - DAG(s) dict_keys(['dataset_produces_1', 'dataset_consumes_1_and_2', 'dataset_consumes_1', 'dataset_consumes_1_never_scheduled', 'dataset_produces_2', 'dataset_consumes_unknown_never_scheduled']) retrieved from /home/airflow/.local/lib/python3.7/site-packages/airflow/example_dags/example_datasets.py
[2022-09-20T16:29:37.680+0000] {logging_mixin.py:117} INFO - [2022-09-20T16:29:37.680+0000] {dag.py:2573} INFO - Sync 6 DAGs
[2022-09-20T16:29:37.701+0000] {logging_mixin.py:117} INFO - [2022-09-20T16:29:37.701+0000] {dag.py:3328} INFO - Setting next_dagrun for dataset_consumes_1 to None, run_after=None
[2022-09-20T16:29:37.704+0000] {logging_mixin.py:117} INFO - [2022-09-20T16:29:37.704+0000] {dag.py:3328} INFO - Setting next_dagrun for dataset_consumes_1_and_2 to None, run_after=None
[2022-09-20T16:29:37.705+0000] {logging_mixin.py:117} INFO - [2022-09-20T16:29:37.705+0000] {dag.py:3328} INFO - Setting next_dagrun for dataset_consumes_1_never_scheduled to None, run_after=None
[2022-09-20T16:29:37.706+0000] {logging_mixin.py:117} INFO - [2022-09-20T16:29:37.706+0000] {dag.py:3328} INFO - Setting next_dagrun for dataset_consumes_unknown_never_scheduled to None, run_after=None
[2022-09-20T16:29:37.708+0000] {logging_mixin.py:117} INFO - [2022-09-20T16:29:37.708+0000] {dag.py:3328} INFO - Setting next_dagrun for dataset_produces_1 to 2022-09-19T00:00:00+00:00, run_after=2022-09-20T00:00:00+00:00
[2022-09-20T16:29:37.709+0000] {logging_mixin.py:117} INFO - [2022-09-20T16:29:37.709+0000] {dag.py:3328} INFO - Setting next_dagrun for dataset_produces_2 to None, run_after=None
[2022-09-20T16:29:37.735+0000] {processor.py:178} INFO - Processing /home/airflow/.local/lib/python3.7/site-packages/airflow/example_dags/example_datasets.py took 0.123 seconds
[2022-09-20T16:30:08.021+0000] {processor.py:156} INFO - Started process (PID=1400) to work on /home/airflow/.local/lib/python3.7/site-packages/airflow/example_dags/example_datasets.py
[2022-09-20T16:30:08.023+0000] {processor.py:758} INFO - Processing file /home/airflow/.local/lib/python3.7/site-packages/airflow/example_dags/example_datasets.py for tasks to queue
[2022-09-20T16:30:08.024+0000] {logging_mixin.py:117} INFO - [2022-09-20T16:30:08.024+0000] {dagbag.py:525} INFO - Filling up the DagBag from /home/airflow/.local/lib/python3.7/site-packages/airflow/example_dags/example_datasets.py
[2022-09-20T16:30:08.044+0000] {processor.py:768} INFO - DAG(s) dict_keys(['dataset_produces_2', 'dataset_consumes_1_and_2', 'dataset_consumes_unknown_never_scheduled', 'dataset_produces_1', 'dataset_consumes_1_never_scheduled', 'dataset_consumes_1']) retrieved from /home/airflow/.local/lib/python3.7/site-packages/airflow/example_dags/example_datasets.py
[2022-09-20T16:30:08.089+0000] {logging_mixin.py:117} INFO - [2022-09-20T16:30:08.089+0000] {dag.py:2573} INFO - Sync 6 DAGs
[2022-09-20T16:30:08.111+0000] {logging_mixin.py:117} INFO - [2022-09-20T16:30:08.111+0000] {dag.py:3328} INFO - Setting next_dagrun for dataset_consumes_1 to None, run_after=None
[2022-09-20T16:30:08.114+0000] {logging_mixin.py:117} INFO - [2022-09-20T16:30:08.114+0000] {dag.py:3328} INFO - Setting next_dagrun for dataset_consumes_1_and_2 to None, run_after=None
[2022-09-20T16:30:08.115+0000] {logging_mixin.py:117} INFO - [2022-09-20T16:30:08.115+0000] {dag.py:3328} INFO - Setting next_dagrun for dataset_consumes_1_never_scheduled to None, run_after=None
[2022-09-20T16:30:08.116+0000] {logging_mixin.py:117} INFO - [2022-09-20T16:30:08.116+0000] {dag.py:3328} INFO - Setting next_dagrun for dataset_consumes_unknown_never_scheduled to None, run_after=None
[2022-09-20T16:30:08.118+0000] {logging_mixin.py:117} INFO - [2022-09-20T16:30:08.118+0000] {dag.py:3328} INFO - Setting next_dagrun for dataset_produces_1 to 2022-09-19T00:00:00+00:00, run_after=2022-09-20T00:00:00+00:00
[2022-09-20T16:30:08.119+0000] {logging_mixin.py:117} INFO - [2022-09-20T16:30:08.119+0000] {dag.py:3328} INFO - Setting next_dagrun for dataset_produces_2 to None, run_after=None
[2022-09-20T16:30:08.143+0000] {processor.py:178} INFO - Processing /home/airflow/.local/lib/python3.7/site-packages/airflow/example_dags/example_datasets.py took 0.127 seconds
[2022-09-20T16:30:38.440+0000] {processor.py:156} INFO - Started process (PID=1463) to work on /home/airflow/.local/lib/python3.7/site-packages/airflow/example_dags/example_datasets.py
[2022-09-20T16:30:38.441+0000] {processor.py:758} INFO - Processing file /home/airflow/.local/lib/python3.7/site-packages/airflow/example_dags/example_datasets.py for tasks to queue
[2022-09-20T16:30:38.441+0000] {logging_mixin.py:117} INFO - [2022-09-20T16:30:38.441+0000] {dagbag.py:525} INFO - Filling up the DagBag from /home/airflow/.local/lib/python3.7/site-packages/airflow/example_dags/example_datasets.py
[2022-09-20T16:30:38.459+0000] {processor.py:768} INFO - DAG(s) dict_keys(['dataset_consumes_unknown_never_scheduled', 'dataset_consumes_1_and_2', 'dataset_produces_2', 'dataset_consumes_1_never_scheduled', 'dataset_consumes_1', 'dataset_produces_1']) retrieved from /home/airflow/.local/lib/python3.7/site-packages/airflow/example_dags/example_datasets.py
[2022-09-20T16:30:38.503+0000] {logging_mixin.py:117} INFO - [2022-09-20T16:30:38.503+0000] {dag.py:2573} INFO - Sync 6 DAGs
[2022-09-20T16:30:38.525+0000] {logging_mixin.py:117} INFO - [2022-09-20T16:30:38.525+0000] {dag.py:3328} INFO - Setting next_dagrun for dataset_consumes_1 to None, run_after=None
[2022-09-20T16:30:38.528+0000] {logging_mixin.py:117} INFO - [2022-09-20T16:30:38.528+0000] {dag.py:3328} INFO - Setting next_dagrun for dataset_consumes_1_and_2 to None, run_after=None
[2022-09-20T16:30:38.529+0000] {logging_mixin.py:117} INFO - [2022-09-20T16:30:38.529+0000] {dag.py:3328} INFO - Setting next_dagrun for dataset_consumes_1_never_scheduled to None, run_after=None
[2022-09-20T16:30:38.530+0000] {logging_mixin.py:117} INFO - [2022-09-20T16:30:38.530+0000] {dag.py:3328} INFO - Setting next_dagrun for dataset_consumes_unknown_never_scheduled to None, run_after=None
[2022-09-20T16:30:38.533+0000] {logging_mixin.py:117} INFO - [2022-09-20T16:30:38.532+0000] {dag.py:3328} INFO - Setting next_dagrun for dataset_produces_1 to 2022-09-19T00:00:00+00:00, run_after=2022-09-20T00:00:00+00:00
[2022-09-20T16:30:38.534+0000] {logging_mixin.py:117} INFO - [2022-09-20T16:30:38.533+0000] {dag.py:3328} INFO - Setting next_dagrun for dataset_produces_2 to None, run_after=None
[2022-09-20T16:30:38.557+0000] {processor.py:178} INFO - Processing /home/airflow/.local/lib/python3.7/site-packages/airflow/example_dags/example_datasets.py took 0.120 seconds
[2022-09-20T16:31:08.578+0000] {processor.py:156} INFO - Started process (PID=1517) to work on /home/airflow/.local/lib/python3.7/site-packages/airflow/example_dags/example_datasets.py
[2022-09-20T16:31:08.579+0000] {processor.py:758} INFO - Processing file /home/airflow/.local/lib/python3.7/site-packages/airflow/example_dags/example_datasets.py for tasks to queue
[2022-09-20T16:31:08.579+0000] {logging_mixin.py:117} INFO - [2022-09-20T16:31:08.579+0000] {dagbag.py:525} INFO - Filling up the DagBag from /home/airflow/.local/lib/python3.7/site-packages/airflow/example_dags/example_datasets.py
[2022-09-20T16:31:08.602+0000] {processor.py:768} INFO - DAG(s) dict_keys(['dataset_produces_1', 'dataset_consumes_1_and_2', 'dataset_consumes_unknown_never_scheduled', 'dataset_produces_2', 'dataset_consumes_1_never_scheduled', 'dataset_consumes_1']) retrieved from /home/airflow/.local/lib/python3.7/site-packages/airflow/example_dags/example_datasets.py
[2022-09-20T16:31:08.656+0000] {logging_mixin.py:117} INFO - [2022-09-20T16:31:08.656+0000] {dag.py:2573} INFO - Sync 6 DAGs
[2022-09-20T16:31:08.684+0000] {logging_mixin.py:117} INFO - [2022-09-20T16:31:08.683+0000] {dag.py:3328} INFO - Setting next_dagrun for dataset_consumes_1 to None, run_after=None
[2022-09-20T16:31:08.688+0000] {logging_mixin.py:117} INFO - [2022-09-20T16:31:08.688+0000] {dag.py:3328} INFO - Setting next_dagrun for dataset_consumes_1_and_2 to None, run_after=None
[2022-09-20T16:31:08.689+0000] {logging_mixin.py:117} INFO - [2022-09-20T16:31:08.689+0000] {dag.py:3328} INFO - Setting next_dagrun for dataset_consumes_1_never_scheduled to None, run_after=None
[2022-09-20T16:31:08.690+0000] {logging_mixin.py:117} INFO - [2022-09-20T16:31:08.690+0000] {dag.py:3328} INFO - Setting next_dagrun for dataset_consumes_unknown_never_scheduled to None, run_after=None
[2022-09-20T16:31:08.693+0000] {logging_mixin.py:117} INFO - [2022-09-20T16:31:08.693+0000] {dag.py:3328} INFO - Setting next_dagrun for dataset_produces_1 to 2022-09-19T00:00:00+00:00, run_after=2022-09-20T00:00:00+00:00
[2022-09-20T16:31:08.695+0000] {logging_mixin.py:117} INFO - [2022-09-20T16:31:08.694+0000] {dag.py:3328} INFO - Setting next_dagrun for dataset_produces_2 to None, run_after=None
[2022-09-20T16:31:08.726+0000] {processor.py:178} INFO - Processing /home/airflow/.local/lib/python3.7/site-packages/airflow/example_dags/example_datasets.py took 0.150 seconds
[2022-09-20T16:31:39.126+0000] {processor.py:156} INFO - Started process (PID=1580) to work on /home/airflow/.local/lib/python3.7/site-packages/airflow/example_dags/example_datasets.py
[2022-09-20T16:31:39.128+0000] {processor.py:758} INFO - Processing file /home/airflow/.local/lib/python3.7/site-packages/airflow/example_dags/example_datasets.py for tasks to queue
[2022-09-20T16:31:39.129+0000] {logging_mixin.py:117} INFO - [2022-09-20T16:31:39.128+0000] {dagbag.py:525} INFO - Filling up the DagBag from /home/airflow/.local/lib/python3.7/site-packages/airflow/example_dags/example_datasets.py
[2022-09-20T16:31:39.174+0000] {processor.py:768} INFO - DAG(s) dict_keys(['dataset_consumes_1_and_2', 'dataset_consumes_1', 'dataset_consumes_1_never_scheduled', 'dataset_produces_2', 'dataset_consumes_unknown_never_scheduled', 'dataset_produces_1']) retrieved from /home/airflow/.local/lib/python3.7/site-packages/airflow/example_dags/example_datasets.py
[2022-09-20T16:31:39.297+0000] {logging_mixin.py:117} INFO - [2022-09-20T16:31:39.296+0000] {dag.py:2573} INFO - Sync 6 DAGs
[2022-09-20T16:31:39.350+0000] {logging_mixin.py:117} INFO - [2022-09-20T16:31:39.349+0000] {dag.py:3328} INFO - Setting next_dagrun for dataset_consumes_1 to None, run_after=None
[2022-09-20T16:31:39.355+0000] {logging_mixin.py:117} INFO - [2022-09-20T16:31:39.355+0000] {dag.py:3328} INFO - Setting next_dagrun for dataset_consumes_1_and_2 to None, run_after=None
[2022-09-20T16:31:39.358+0000] {logging_mixin.py:117} INFO - [2022-09-20T16:31:39.357+0000] {dag.py:3328} INFO - Setting next_dagrun for dataset_consumes_1_never_scheduled to None, run_after=None
[2022-09-20T16:31:39.361+0000] {logging_mixin.py:117} INFO - [2022-09-20T16:31:39.361+0000] {dag.py:3328} INFO - Setting next_dagrun for dataset_consumes_unknown_never_scheduled to None, run_after=None
[2022-09-20T16:31:39.367+0000] {logging_mixin.py:117} INFO - [2022-09-20T16:31:39.366+0000] {dag.py:3328} INFO - Setting next_dagrun for dataset_produces_1 to 2022-09-19T00:00:00+00:00, run_after=2022-09-20T00:00:00+00:00
[2022-09-20T16:31:39.369+0000] {logging_mixin.py:117} INFO - [2022-09-20T16:31:39.369+0000] {dag.py:3328} INFO - Setting next_dagrun for dataset_produces_2 to None, run_after=None
[2022-09-20T16:31:39.432+0000] {processor.py:178} INFO - Processing /home/airflow/.local/lib/python3.7/site-packages/airflow/example_dags/example_datasets.py took 0.311 seconds
[2022-09-20T16:32:10.054+0000] {processor.py:156} INFO - Started process (PID=1634) to work on /home/airflow/.local/lib/python3.7/site-packages/airflow/example_dags/example_datasets.py
[2022-09-20T16:32:10.055+0000] {processor.py:758} INFO - Processing file /home/airflow/.local/lib/python3.7/site-packages/airflow/example_dags/example_datasets.py for tasks to queue
[2022-09-20T16:32:10.055+0000] {logging_mixin.py:117} INFO - [2022-09-20T16:32:10.055+0000] {dagbag.py:525} INFO - Filling up the DagBag from /home/airflow/.local/lib/python3.7/site-packages/airflow/example_dags/example_datasets.py
[2022-09-20T16:32:10.078+0000] {processor.py:768} INFO - DAG(s) dict_keys(['dataset_produces_1', 'dataset_produces_2', 'dataset_consumes_unknown_never_scheduled', 'dataset_consumes_1', 'dataset_consumes_1_and_2', 'dataset_consumes_1_never_scheduled']) retrieved from /home/airflow/.local/lib/python3.7/site-packages/airflow/example_dags/example_datasets.py
[2022-09-20T16:32:10.135+0000] {logging_mixin.py:117} INFO - [2022-09-20T16:32:10.135+0000] {dag.py:2573} INFO - Sync 6 DAGs
[2022-09-20T16:32:10.162+0000] {logging_mixin.py:117} INFO - [2022-09-20T16:32:10.161+0000] {dag.py:3328} INFO - Setting next_dagrun for dataset_consumes_1 to None, run_after=None
[2022-09-20T16:32:10.167+0000] {logging_mixin.py:117} INFO - [2022-09-20T16:32:10.167+0000] {dag.py:3328} INFO - Setting next_dagrun for dataset_consumes_1_and_2 to None, run_after=None
[2022-09-20T16:32:10.168+0000] {logging_mixin.py:117} INFO - [2022-09-20T16:32:10.168+0000] {dag.py:3328} INFO - Setting next_dagrun for dataset_consumes_1_never_scheduled to None, run_after=None
[2022-09-20T16:32:10.169+0000] {logging_mixin.py:117} INFO - [2022-09-20T16:32:10.169+0000] {dag.py:3328} INFO - Setting next_dagrun for dataset_consumes_unknown_never_scheduled to None, run_after=None
[2022-09-20T16:32:10.172+0000] {logging_mixin.py:117} INFO - [2022-09-20T16:32:10.172+0000] {dag.py:3328} INFO - Setting next_dagrun for dataset_produces_1 to 2022-09-19T00:00:00+00:00, run_after=2022-09-20T00:00:00+00:00
[2022-09-20T16:32:10.174+0000] {logging_mixin.py:117} INFO - [2022-09-20T16:32:10.174+0000] {dag.py:3328} INFO - Setting next_dagrun for dataset_produces_2 to None, run_after=None
[2022-09-20T16:32:10.205+0000] {processor.py:178} INFO - Processing /home/airflow/.local/lib/python3.7/site-packages/airflow/example_dags/example_datasets.py took 0.153 seconds
[2022-09-20T16:32:40.914+0000] {processor.py:156} INFO - Started process (PID=1697) to work on /home/airflow/.local/lib/python3.7/site-packages/airflow/example_dags/example_datasets.py
[2022-09-20T16:32:40.915+0000] {processor.py:758} INFO - Processing file /home/airflow/.local/lib/python3.7/site-packages/airflow/example_dags/example_datasets.py for tasks to queue
[2022-09-20T16:32:40.915+0000] {logging_mixin.py:117} INFO - [2022-09-20T16:32:40.915+0000] {dagbag.py:525} INFO - Filling up the DagBag from /home/airflow/.local/lib/python3.7/site-packages/airflow/example_dags/example_datasets.py
[2022-09-20T16:32:40.931+0000] {processor.py:768} INFO - DAG(s) dict_keys(['dataset_consumes_1_never_scheduled', 'dataset_consumes_1', 'dataset_produces_1', 'dataset_consumes_1_and_2', 'dataset_produces_2', 'dataset_consumes_unknown_never_scheduled']) retrieved from /home/airflow/.local/lib/python3.7/site-packages/airflow/example_dags/example_datasets.py
[2022-09-20T16:32:40.978+0000] {logging_mixin.py:117} INFO - [2022-09-20T16:32:40.977+0000] {dag.py:2573} INFO - Sync 6 DAGs
[2022-09-20T16:32:41.001+0000] {logging_mixin.py:117} INFO - [2022-09-20T16:32:41.001+0000] {dag.py:3328} INFO - Setting next_dagrun for dataset_consumes_1 to None, run_after=None
[2022-09-20T16:32:41.004+0000] {logging_mixin.py:117} INFO - [2022-09-20T16:32:41.004+0000] {dag.py:3328} INFO - Setting next_dagrun for dataset_consumes_1_and_2 to None, run_after=None
[2022-09-20T16:32:41.006+0000] {logging_mixin.py:117} INFO - [2022-09-20T16:32:41.005+0000] {dag.py:3328} INFO - Setting next_dagrun for dataset_consumes_1_never_scheduled to None, run_after=None
[2022-09-20T16:32:41.006+0000] {logging_mixin.py:117} INFO - [2022-09-20T16:32:41.006+0000] {dag.py:3328} INFO - Setting next_dagrun for dataset_consumes_unknown_never_scheduled to None, run_after=None
[2022-09-20T16:32:41.009+0000] {logging_mixin.py:117} INFO - [2022-09-20T16:32:41.009+0000] {dag.py:3328} INFO - Setting next_dagrun for dataset_produces_1 to 2022-09-19T00:00:00+00:00, run_after=2022-09-20T00:00:00+00:00
[2022-09-20T16:32:41.010+0000] {logging_mixin.py:117} INFO - [2022-09-20T16:32:41.010+0000] {dag.py:3328} INFO - Setting next_dagrun for dataset_produces_2 to None, run_after=None
[2022-09-20T16:32:41.036+0000] {processor.py:178} INFO - Processing /home/airflow/.local/lib/python3.7/site-packages/airflow/example_dags/example_datasets.py took 0.124 seconds
[2022-09-20T16:33:11.230+0000] {processor.py:156} INFO - Started process (PID=1760) to work on /home/airflow/.local/lib/python3.7/site-packages/airflow/example_dags/example_datasets.py
[2022-09-20T16:33:11.230+0000] {processor.py:758} INFO - Processing file /home/airflow/.local/lib/python3.7/site-packages/airflow/example_dags/example_datasets.py for tasks to queue
[2022-09-20T16:33:11.231+0000] {logging_mixin.py:117} INFO - [2022-09-20T16:33:11.231+0000] {dagbag.py:525} INFO - Filling up the DagBag from /home/airflow/.local/lib/python3.7/site-packages/airflow/example_dags/example_datasets.py
[2022-09-20T16:33:11.245+0000] {processor.py:768} INFO - DAG(s) dict_keys(['dataset_consumes_1', 'dataset_consumes_unknown_never_scheduled', 'dataset_produces_2', 'dataset_produces_1', 'dataset_consumes_1_never_scheduled', 'dataset_consumes_1_and_2']) retrieved from /home/airflow/.local/lib/python3.7/site-packages/airflow/example_dags/example_datasets.py
[2022-09-20T16:33:11.296+0000] {logging_mixin.py:117} INFO - [2022-09-20T16:33:11.295+0000] {dag.py:2573} INFO - Sync 6 DAGs
[2022-09-20T16:33:11.320+0000] {logging_mixin.py:117} INFO - [2022-09-20T16:33:11.320+0000] {dag.py:3328} INFO - Setting next_dagrun for dataset_consumes_1 to None, run_after=None
[2022-09-20T16:33:11.324+0000] {logging_mixin.py:117} INFO - [2022-09-20T16:33:11.324+0000] {dag.py:3328} INFO - Setting next_dagrun for dataset_consumes_1_and_2 to None, run_after=None
[2022-09-20T16:33:11.325+0000] {logging_mixin.py:117} INFO - [2022-09-20T16:33:11.325+0000] {dag.py:3328} INFO - Setting next_dagrun for dataset_consumes_1_never_scheduled to None, run_after=None
[2022-09-20T16:33:11.327+0000] {logging_mixin.py:117} INFO - [2022-09-20T16:33:11.327+0000] {dag.py:3328} INFO - Setting next_dagrun for dataset_consumes_unknown_never_scheduled to None, run_after=None
[2022-09-20T16:33:11.330+0000] {logging_mixin.py:117} INFO - [2022-09-20T16:33:11.330+0000] {dag.py:3328} INFO - Setting next_dagrun for dataset_produces_1 to 2022-09-19T00:00:00+00:00, run_after=2022-09-20T00:00:00+00:00
[2022-09-20T16:33:11.331+0000] {logging_mixin.py:117} INFO - [2022-09-20T16:33:11.331+0000] {dag.py:3328} INFO - Setting next_dagrun for dataset_produces_2 to None, run_after=None
[2022-09-20T16:33:11.354+0000] {processor.py:178} INFO - Processing /home/airflow/.local/lib/python3.7/site-packages/airflow/example_dags/example_datasets.py took 0.126 seconds
[2022-09-20T16:33:41.746+0000] {processor.py:156} INFO - Started process (PID=1814) to work on /home/airflow/.local/lib/python3.7/site-packages/airflow/example_dags/example_datasets.py
[2022-09-20T16:33:41.746+0000] {processor.py:758} INFO - Processing file /home/airflow/.local/lib/python3.7/site-packages/airflow/example_dags/example_datasets.py for tasks to queue
[2022-09-20T16:33:41.747+0000] {logging_mixin.py:117} INFO - [2022-09-20T16:33:41.747+0000] {dagbag.py:525} INFO - Filling up the DagBag from /home/airflow/.local/lib/python3.7/site-packages/airflow/example_dags/example_datasets.py
[2022-09-20T16:33:41.762+0000] {processor.py:768} INFO - DAG(s) dict_keys(['dataset_consumes_1_and_2', 'dataset_consumes_1', 'dataset_produces_2', 'dataset_produces_1', 'dataset_consumes_1_never_scheduled', 'dataset_consumes_unknown_never_scheduled']) retrieved from /home/airflow/.local/lib/python3.7/site-packages/airflow/example_dags/example_datasets.py
[2022-09-20T16:33:41.820+0000] {logging_mixin.py:117} INFO - [2022-09-20T16:33:41.820+0000] {dag.py:2573} INFO - Sync 6 DAGs
[2022-09-20T16:33:41.848+0000] {logging_mixin.py:117} INFO - [2022-09-20T16:33:41.848+0000] {dag.py:3328} INFO - Setting next_dagrun for dataset_consumes_1 to None, run_after=None
[2022-09-20T16:33:41.852+0000] {logging_mixin.py:117} INFO - [2022-09-20T16:33:41.852+0000] {dag.py:3328} INFO - Setting next_dagrun for dataset_consumes_1_and_2 to None, run_after=None
[2022-09-20T16:33:41.854+0000] {logging_mixin.py:117} INFO - [2022-09-20T16:33:41.854+0000] {dag.py:3328} INFO - Setting next_dagrun for dataset_consumes_1_never_scheduled to None, run_after=None
[2022-09-20T16:33:41.856+0000] {logging_mixin.py:117} INFO - [2022-09-20T16:33:41.856+0000] {dag.py:3328} INFO - Setting next_dagrun for dataset_consumes_unknown_never_scheduled to None, run_after=None
[2022-09-20T16:33:41.859+0000] {logging_mixin.py:117} INFO - [2022-09-20T16:33:41.859+0000] {dag.py:3328} INFO - Setting next_dagrun for dataset_produces_1 to 2022-09-19T00:00:00+00:00, run_after=2022-09-20T00:00:00+00:00
[2022-09-20T16:33:41.861+0000] {logging_mixin.py:117} INFO - [2022-09-20T16:33:41.860+0000] {dag.py:3328} INFO - Setting next_dagrun for dataset_produces_2 to None, run_after=None
[2022-09-20T16:33:41.889+0000] {processor.py:178} INFO - Processing /home/airflow/.local/lib/python3.7/site-packages/airflow/example_dags/example_datasets.py took 0.146 seconds
[2022-09-20T16:34:12.560+0000] {processor.py:156} INFO - Started process (PID=1876) to work on /home/airflow/.local/lib/python3.7/site-packages/airflow/example_dags/example_datasets.py
[2022-09-20T16:34:12.561+0000] {processor.py:758} INFO - Processing file /home/airflow/.local/lib/python3.7/site-packages/airflow/example_dags/example_datasets.py for tasks to queue
[2022-09-20T16:34:12.561+0000] {logging_mixin.py:117} INFO - [2022-09-20T16:34:12.561+0000] {dagbag.py:525} INFO - Filling up the DagBag from /home/airflow/.local/lib/python3.7/site-packages/airflow/example_dags/example_datasets.py
[2022-09-20T16:34:12.580+0000] {processor.py:768} INFO - DAG(s) dict_keys(['dataset_consumes_1_and_2', 'dataset_consumes_1', 'dataset_produces_2', 'dataset_consumes_1_never_scheduled', 'dataset_consumes_unknown_never_scheduled', 'dataset_produces_1']) retrieved from /home/airflow/.local/lib/python3.7/site-packages/airflow/example_dags/example_datasets.py
[2022-09-20T16:34:12.646+0000] {logging_mixin.py:117} INFO - [2022-09-20T16:34:12.646+0000] {dag.py:2573} INFO - Sync 6 DAGs
[2022-09-20T16:34:12.681+0000] {logging_mixin.py:117} INFO - [2022-09-20T16:34:12.681+0000] {dag.py:3328} INFO - Setting next_dagrun for dataset_consumes_1 to None, run_after=None
[2022-09-20T16:34:12.686+0000] {logging_mixin.py:117} INFO - [2022-09-20T16:34:12.686+0000] {dag.py:3328} INFO - Setting next_dagrun for dataset_consumes_1_and_2 to None, run_after=None
[2022-09-20T16:34:12.688+0000] {logging_mixin.py:117} INFO - [2022-09-20T16:34:12.688+0000] {dag.py:3328} INFO - Setting next_dagrun for dataset_consumes_1_never_scheduled to None, run_after=None
[2022-09-20T16:34:12.689+0000] {logging_mixin.py:117} INFO - [2022-09-20T16:34:12.689+0000] {dag.py:3328} INFO - Setting next_dagrun for dataset_consumes_unknown_never_scheduled to None, run_after=None
[2022-09-20T16:34:12.692+0000] {logging_mixin.py:117} INFO - [2022-09-20T16:34:12.692+0000] {dag.py:3328} INFO - Setting next_dagrun for dataset_produces_1 to 2022-09-19T00:00:00+00:00, run_after=2022-09-20T00:00:00+00:00
[2022-09-20T16:34:12.694+0000] {logging_mixin.py:117} INFO - [2022-09-20T16:34:12.694+0000] {dag.py:3328} INFO - Setting next_dagrun for dataset_produces_2 to None, run_after=None
[2022-09-20T16:34:12.730+0000] {processor.py:178} INFO - Processing /home/airflow/.local/lib/python3.7/site-packages/airflow/example_dags/example_datasets.py took 0.172 seconds
[2022-09-20T16:34:43.218+0000] {processor.py:156} INFO - Started process (PID=1938) to work on /home/airflow/.local/lib/python3.7/site-packages/airflow/example_dags/example_datasets.py
[2022-09-20T16:34:43.219+0000] {processor.py:758} INFO - Processing file /home/airflow/.local/lib/python3.7/site-packages/airflow/example_dags/example_datasets.py for tasks to queue
[2022-09-20T16:34:43.220+0000] {logging_mixin.py:117} INFO - [2022-09-20T16:34:43.219+0000] {dagbag.py:525} INFO - Filling up the DagBag from /home/airflow/.local/lib/python3.7/site-packages/airflow/example_dags/example_datasets.py
[2022-09-20T16:34:43.245+0000] {processor.py:768} INFO - DAG(s) dict_keys(['dataset_consumes_1', 'dataset_consumes_1_and_2', 'dataset_produces_2', 'dataset_consumes_unknown_never_scheduled', 'dataset_consumes_1_never_scheduled', 'dataset_produces_1']) retrieved from /home/airflow/.local/lib/python3.7/site-packages/airflow/example_dags/example_datasets.py
[2022-09-20T16:34:43.327+0000] {logging_mixin.py:117} INFO - [2022-09-20T16:34:43.327+0000] {dag.py:2573} INFO - Sync 6 DAGs
[2022-09-20T16:34:43.377+0000] {logging_mixin.py:117} INFO - [2022-09-20T16:34:43.377+0000] {dag.py:3328} INFO - Setting next_dagrun for dataset_consumes_1 to None, run_after=None
[2022-09-20T16:34:43.383+0000] {logging_mixin.py:117} INFO - [2022-09-20T16:34:43.383+0000] {dag.py:3328} INFO - Setting next_dagrun for dataset_consumes_1_and_2 to None, run_after=None
[2022-09-20T16:34:43.386+0000] {logging_mixin.py:117} INFO - [2022-09-20T16:34:43.385+0000] {dag.py:3328} INFO - Setting next_dagrun for dataset_consumes_1_never_scheduled to None, run_after=None
[2022-09-20T16:34:43.388+0000] {logging_mixin.py:117} INFO - [2022-09-20T16:34:43.387+0000] {dag.py:3328} INFO - Setting next_dagrun for dataset_consumes_unknown_never_scheduled to None, run_after=None
[2022-09-20T16:34:43.393+0000] {logging_mixin.py:117} INFO - [2022-09-20T16:34:43.392+0000] {dag.py:3328} INFO - Setting next_dagrun for dataset_produces_1 to 2022-09-19T00:00:00+00:00, run_after=2022-09-20T00:00:00+00:00
[2022-09-20T16:34:43.395+0000] {logging_mixin.py:117} INFO - [2022-09-20T16:34:43.395+0000] {dag.py:3328} INFO - Setting next_dagrun for dataset_produces_2 to None, run_after=None
[2022-09-20T16:34:43.445+0000] {processor.py:178} INFO - Processing /home/airflow/.local/lib/python3.7/site-packages/airflow/example_dags/example_datasets.py took 0.232 seconds
[2022-09-20T16:35:13.706+0000] {processor.py:156} INFO - Started process (PID=1992) to work on /home/airflow/.local/lib/python3.7/site-packages/airflow/example_dags/example_datasets.py
[2022-09-20T16:35:13.707+0000] {processor.py:758} INFO - Processing file /home/airflow/.local/lib/python3.7/site-packages/airflow/example_dags/example_datasets.py for tasks to queue
[2022-09-20T16:35:13.708+0000] {logging_mixin.py:117} INFO - [2022-09-20T16:35:13.708+0000] {dagbag.py:525} INFO - Filling up the DagBag from /home/airflow/.local/lib/python3.7/site-packages/airflow/example_dags/example_datasets.py
[2022-09-20T16:35:13.742+0000] {processor.py:768} INFO - DAG(s) dict_keys(['dataset_consumes_1_and_2', 'dataset_consumes_unknown_never_scheduled', 'dataset_produces_2', 'dataset_consumes_1_never_scheduled', 'dataset_consumes_1', 'dataset_produces_1']) retrieved from /home/airflow/.local/lib/python3.7/site-packages/airflow/example_dags/example_datasets.py
[2022-09-20T16:35:13.842+0000] {logging_mixin.py:117} INFO - [2022-09-20T16:35:13.842+0000] {dag.py:2573} INFO - Sync 6 DAGs
[2022-09-20T16:35:13.887+0000] {logging_mixin.py:117} INFO - [2022-09-20T16:35:13.887+0000] {dag.py:3328} INFO - Setting next_dagrun for dataset_consumes_1 to None, run_after=None
[2022-09-20T16:35:13.894+0000] {logging_mixin.py:117} INFO - [2022-09-20T16:35:13.894+0000] {dag.py:3328} INFO - Setting next_dagrun for dataset_consumes_1_and_2 to None, run_after=None
[2022-09-20T16:35:13.896+0000] {logging_mixin.py:117} INFO - [2022-09-20T16:35:13.896+0000] {dag.py:3328} INFO - Setting next_dagrun for dataset_consumes_1_never_scheduled to None, run_after=None
[2022-09-20T16:35:13.898+0000] {logging_mixin.py:117} INFO - [2022-09-20T16:35:13.898+0000] {dag.py:3328} INFO - Setting next_dagrun for dataset_consumes_unknown_never_scheduled to None, run_after=None
[2022-09-20T16:35:13.903+0000] {logging_mixin.py:117} INFO - [2022-09-20T16:35:13.902+0000] {dag.py:3328} INFO - Setting next_dagrun for dataset_produces_1 to 2022-09-19T00:00:00+00:00, run_after=2022-09-20T00:00:00+00:00
[2022-09-20T16:35:13.905+0000] {logging_mixin.py:117} INFO - [2022-09-20T16:35:13.904+0000] {dag.py:3328} INFO - Setting next_dagrun for dataset_produces_2 to None, run_after=None
[2022-09-20T16:35:13.952+0000] {processor.py:178} INFO - Processing /home/airflow/.local/lib/python3.7/site-packages/airflow/example_dags/example_datasets.py took 0.249 seconds
[2022-09-20T16:35:44.237+0000] {processor.py:156} INFO - Started process (PID=2045) to work on /home/airflow/.local/lib/python3.7/site-packages/airflow/example_dags/example_datasets.py
[2022-09-20T16:35:44.238+0000] {processor.py:758} INFO - Processing file /home/airflow/.local/lib/python3.7/site-packages/airflow/example_dags/example_datasets.py for tasks to queue
[2022-09-20T16:35:44.239+0000] {logging_mixin.py:117} INFO - [2022-09-20T16:35:44.238+0000] {dagbag.py:525} INFO - Filling up the DagBag from /home/airflow/.local/lib/python3.7/site-packages/airflow/example_dags/example_datasets.py
[2022-09-20T16:35:44.278+0000] {processor.py:768} INFO - DAG(s) dict_keys(['dataset_produces_2', 'dataset_consumes_1_never_scheduled', 'dataset_consumes_unknown_never_scheduled', 'dataset_consumes_1', 'dataset_produces_1', 'dataset_consumes_1_and_2']) retrieved from /home/airflow/.local/lib/python3.7/site-packages/airflow/example_dags/example_datasets.py
[2022-09-20T16:35:44.387+0000] {logging_mixin.py:117} INFO - [2022-09-20T16:35:44.386+0000] {dag.py:2573} INFO - Sync 6 DAGs
[2022-09-20T16:35:44.428+0000] {logging_mixin.py:117} INFO - [2022-09-20T16:35:44.427+0000] {dag.py:3328} INFO - Setting next_dagrun for dataset_consumes_1 to None, run_after=None
[2022-09-20T16:35:44.433+0000] {logging_mixin.py:117} INFO - [2022-09-20T16:35:44.433+0000] {dag.py:3328} INFO - Setting next_dagrun for dataset_consumes_1_and_2 to None, run_after=None
[2022-09-20T16:35:44.435+0000] {logging_mixin.py:117} INFO - [2022-09-20T16:35:44.435+0000] {dag.py:3328} INFO - Setting next_dagrun for dataset_consumes_1_never_scheduled to None, run_after=None
[2022-09-20T16:35:44.437+0000] {logging_mixin.py:117} INFO - [2022-09-20T16:35:44.436+0000] {dag.py:3328} INFO - Setting next_dagrun for dataset_consumes_unknown_never_scheduled to None, run_after=None
[2022-09-20T16:35:44.441+0000] {logging_mixin.py:117} INFO - [2022-09-20T16:35:44.441+0000] {dag.py:3328} INFO - Setting next_dagrun for dataset_produces_1 to 2022-09-19T00:00:00+00:00, run_after=2022-09-20T00:00:00+00:00
[2022-09-20T16:35:44.443+0000] {logging_mixin.py:117} INFO - [2022-09-20T16:35:44.443+0000] {dag.py:3328} INFO - Setting next_dagrun for dataset_produces_2 to None, run_after=None
[2022-09-20T16:35:44.500+0000] {processor.py:178} INFO - Processing /home/airflow/.local/lib/python3.7/site-packages/airflow/example_dags/example_datasets.py took 0.267 seconds
[2022-09-20T16:36:14.688+0000] {processor.py:156} INFO - Started process (PID=2098) to work on /home/airflow/.local/lib/python3.7/site-packages/airflow/example_dags/example_datasets.py
[2022-09-20T16:36:14.689+0000] {processor.py:758} INFO - Processing file /home/airflow/.local/lib/python3.7/site-packages/airflow/example_dags/example_datasets.py for tasks to queue
[2022-09-20T16:36:14.690+0000] {logging_mixin.py:117} INFO - [2022-09-20T16:36:14.690+0000] {dagbag.py:525} INFO - Filling up the DagBag from /home/airflow/.local/lib/python3.7/site-packages/airflow/example_dags/example_datasets.py
[2022-09-20T16:36:14.719+0000] {processor.py:768} INFO - DAG(s) dict_keys(['dataset_consumes_unknown_never_scheduled', 'dataset_produces_1', 'dataset_consumes_1_and_2', 'dataset_consumes_1', 'dataset_produces_2', 'dataset_consumes_1_never_scheduled']) retrieved from /home/airflow/.local/lib/python3.7/site-packages/airflow/example_dags/example_datasets.py
[2022-09-20T16:36:14.800+0000] {logging_mixin.py:117} INFO - [2022-09-20T16:36:14.799+0000] {dag.py:2573} INFO - Sync 6 DAGs
[2022-09-20T16:36:14.847+0000] {logging_mixin.py:117} INFO - [2022-09-20T16:36:14.847+0000] {dag.py:3328} INFO - Setting next_dagrun for dataset_consumes_1 to None, run_after=None
[2022-09-20T16:36:14.853+0000] {logging_mixin.py:117} INFO - [2022-09-20T16:36:14.853+0000] {dag.py:3328} INFO - Setting next_dagrun for dataset_consumes_1_and_2 to None, run_after=None
[2022-09-20T16:36:14.855+0000] {logging_mixin.py:117} INFO - [2022-09-20T16:36:14.855+0000] {dag.py:3328} INFO - Setting next_dagrun for dataset_consumes_1_never_scheduled to None, run_after=None
[2022-09-20T16:36:14.857+0000] {logging_mixin.py:117} INFO - [2022-09-20T16:36:14.857+0000] {dag.py:3328} INFO - Setting next_dagrun for dataset_consumes_unknown_never_scheduled to None, run_after=None
[2022-09-20T16:36:14.862+0000] {logging_mixin.py:117} INFO - [2022-09-20T16:36:14.862+0000] {dag.py:3328} INFO - Setting next_dagrun for dataset_produces_1 to 2022-09-19T00:00:00+00:00, run_after=2022-09-20T00:00:00+00:00
[2022-09-20T16:36:14.864+0000] {logging_mixin.py:117} INFO - [2022-09-20T16:36:14.864+0000] {dag.py:3328} INFO - Setting next_dagrun for dataset_produces_2 to None, run_after=None
[2022-09-20T16:36:14.915+0000] {processor.py:178} INFO - Processing /home/airflow/.local/lib/python3.7/site-packages/airflow/example_dags/example_datasets.py took 0.232 seconds
[2022-09-20T16:36:45.754+0000] {processor.py:156} INFO - Started process (PID=2161) to work on /home/airflow/.local/lib/python3.7/site-packages/airflow/example_dags/example_datasets.py
[2022-09-20T16:36:45.755+0000] {processor.py:758} INFO - Processing file /home/airflow/.local/lib/python3.7/site-packages/airflow/example_dags/example_datasets.py for tasks to queue
[2022-09-20T16:36:45.756+0000] {logging_mixin.py:117} INFO - [2022-09-20T16:36:45.756+0000] {dagbag.py:525} INFO - Filling up the DagBag from /home/airflow/.local/lib/python3.7/site-packages/airflow/example_dags/example_datasets.py
[2022-09-20T16:36:45.776+0000] {processor.py:768} INFO - DAG(s) dict_keys(['dataset_consumes_1', 'dataset_consumes_1_and_2', 'dataset_consumes_1_never_scheduled', 'dataset_produces_2', 'dataset_consumes_unknown_never_scheduled', 'dataset_produces_1']) retrieved from /home/airflow/.local/lib/python3.7/site-packages/airflow/example_dags/example_datasets.py
[2022-09-20T16:36:45.826+0000] {logging_mixin.py:117} INFO - [2022-09-20T16:36:45.826+0000] {dag.py:2573} INFO - Sync 6 DAGs
[2022-09-20T16:36:45.852+0000] {logging_mixin.py:117} INFO - [2022-09-20T16:36:45.852+0000] {dag.py:3328} INFO - Setting next_dagrun for dataset_consumes_1 to None, run_after=None
[2022-09-20T16:36:45.856+0000] {logging_mixin.py:117} INFO - [2022-09-20T16:36:45.856+0000] {dag.py:3328} INFO - Setting next_dagrun for dataset_consumes_1_and_2 to None, run_after=None
[2022-09-20T16:36:45.858+0000] {logging_mixin.py:117} INFO - [2022-09-20T16:36:45.857+0000] {dag.py:3328} INFO - Setting next_dagrun for dataset_consumes_1_never_scheduled to None, run_after=None
[2022-09-20T16:36:45.859+0000] {logging_mixin.py:117} INFO - [2022-09-20T16:36:45.859+0000] {dag.py:3328} INFO - Setting next_dagrun for dataset_consumes_unknown_never_scheduled to None, run_after=None
[2022-09-20T16:36:45.861+0000] {logging_mixin.py:117} INFO - [2022-09-20T16:36:45.861+0000] {dag.py:3328} INFO - Setting next_dagrun for dataset_produces_1 to 2022-09-19T00:00:00+00:00, run_after=2022-09-20T00:00:00+00:00
[2022-09-20T16:36:45.863+0000] {logging_mixin.py:117} INFO - [2022-09-20T16:36:45.863+0000] {dag.py:3328} INFO - Setting next_dagrun for dataset_produces_2 to None, run_after=None
[2022-09-20T16:36:45.895+0000] {processor.py:178} INFO - Processing /home/airflow/.local/lib/python3.7/site-packages/airflow/example_dags/example_datasets.py took 0.146 seconds
[2022-09-20T16:37:16.576+0000] {processor.py:156} INFO - Started process (PID=2224) to work on /home/airflow/.local/lib/python3.7/site-packages/airflow/example_dags/example_datasets.py
[2022-09-20T16:37:16.577+0000] {processor.py:758} INFO - Processing file /home/airflow/.local/lib/python3.7/site-packages/airflow/example_dags/example_datasets.py for tasks to queue
[2022-09-20T16:37:16.578+0000] {logging_mixin.py:117} INFO - [2022-09-20T16:37:16.578+0000] {dagbag.py:525} INFO - Filling up the DagBag from /home/airflow/.local/lib/python3.7/site-packages/airflow/example_dags/example_datasets.py
[2022-09-20T16:37:16.594+0000] {processor.py:768} INFO - DAG(s) dict_keys(['dataset_consumes_1_and_2', 'dataset_produces_1', 'dataset_consumes_1', 'dataset_consumes_1_never_scheduled', 'dataset_consumes_unknown_never_scheduled', 'dataset_produces_2']) retrieved from /home/airflow/.local/lib/python3.7/site-packages/airflow/example_dags/example_datasets.py
[2022-09-20T16:37:16.647+0000] {logging_mixin.py:117} INFO - [2022-09-20T16:37:16.646+0000] {dag.py:2573} INFO - Sync 6 DAGs
[2022-09-20T16:37:16.672+0000] {logging_mixin.py:117} INFO - [2022-09-20T16:37:16.672+0000] {dag.py:3328} INFO - Setting next_dagrun for dataset_consumes_1 to None, run_after=None
[2022-09-20T16:37:16.676+0000] {logging_mixin.py:117} INFO - [2022-09-20T16:37:16.675+0000] {dag.py:3328} INFO - Setting next_dagrun for dataset_consumes_1_and_2 to None, run_after=None
[2022-09-20T16:37:16.677+0000] {logging_mixin.py:117} INFO - [2022-09-20T16:37:16.677+0000] {dag.py:3328} INFO - Setting next_dagrun for dataset_consumes_1_never_scheduled to None, run_after=None
[2022-09-20T16:37:16.678+0000] {logging_mixin.py:117} INFO - [2022-09-20T16:37:16.678+0000] {dag.py:3328} INFO - Setting next_dagrun for dataset_consumes_unknown_never_scheduled to None, run_after=None
[2022-09-20T16:37:16.681+0000] {logging_mixin.py:117} INFO - [2022-09-20T16:37:16.681+0000] {dag.py:3328} INFO - Setting next_dagrun for dataset_produces_1 to 2022-09-19T00:00:00+00:00, run_after=2022-09-20T00:00:00+00:00
[2022-09-20T16:37:16.682+0000] {logging_mixin.py:117} INFO - [2022-09-20T16:37:16.682+0000] {dag.py:3328} INFO - Setting next_dagrun for dataset_produces_2 to None, run_after=None
[2022-09-20T16:37:16.713+0000] {processor.py:178} INFO - Processing /home/airflow/.local/lib/python3.7/site-packages/airflow/example_dags/example_datasets.py took 0.139 seconds
[2022-09-20T16:37:47.137+0000] {processor.py:156} INFO - Started process (PID=2278) to work on /home/airflow/.local/lib/python3.7/site-packages/airflow/example_dags/example_datasets.py
[2022-09-20T16:37:47.139+0000] {processor.py:758} INFO - Processing file /home/airflow/.local/lib/python3.7/site-packages/airflow/example_dags/example_datasets.py for tasks to queue
[2022-09-20T16:37:47.139+0000] {logging_mixin.py:117} INFO - [2022-09-20T16:37:47.139+0000] {dagbag.py:525} INFO - Filling up the DagBag from /home/airflow/.local/lib/python3.7/site-packages/airflow/example_dags/example_datasets.py
[2022-09-20T16:37:47.157+0000] {processor.py:768} INFO - DAG(s) dict_keys(['dataset_produces_2', 'dataset_consumes_unknown_never_scheduled', 'dataset_consumes_1', 'dataset_produces_1', 'dataset_consumes_1_never_scheduled', 'dataset_consumes_1_and_2']) retrieved from /home/airflow/.local/lib/python3.7/site-packages/airflow/example_dags/example_datasets.py
[2022-09-20T16:37:47.207+0000] {logging_mixin.py:117} INFO - [2022-09-20T16:37:47.207+0000] {dag.py:2573} INFO - Sync 6 DAGs
[2022-09-20T16:37:47.230+0000] {logging_mixin.py:117} INFO - [2022-09-20T16:37:47.230+0000] {dag.py:3328} INFO - Setting next_dagrun for dataset_consumes_1 to None, run_after=None
[2022-09-20T16:37:47.235+0000] {logging_mixin.py:117} INFO - [2022-09-20T16:37:47.235+0000] {dag.py:3328} INFO - Setting next_dagrun for dataset_consumes_1_and_2 to None, run_after=None
[2022-09-20T16:37:47.237+0000] {logging_mixin.py:117} INFO - [2022-09-20T16:37:47.237+0000] {dag.py:3328} INFO - Setting next_dagrun for dataset_consumes_1_never_scheduled to None, run_after=None
[2022-09-20T16:37:47.239+0000] {logging_mixin.py:117} INFO - [2022-09-20T16:37:47.238+0000] {dag.py:3328} INFO - Setting next_dagrun for dataset_consumes_unknown_never_scheduled to None, run_after=None
[2022-09-20T16:37:47.242+0000] {logging_mixin.py:117} INFO - [2022-09-20T16:37:47.242+0000] {dag.py:3328} INFO - Setting next_dagrun for dataset_produces_1 to 2022-09-19T00:00:00+00:00, run_after=2022-09-20T00:00:00+00:00
[2022-09-20T16:37:47.244+0000] {logging_mixin.py:117} INFO - [2022-09-20T16:37:47.244+0000] {dag.py:3328} INFO - Setting next_dagrun for dataset_produces_2 to None, run_after=None
[2022-09-20T16:37:47.273+0000] {processor.py:178} INFO - Processing /home/airflow/.local/lib/python3.7/site-packages/airflow/example_dags/example_datasets.py took 0.138 seconds
[2022-09-20T16:38:18.030+0000] {processor.py:156} INFO - Started process (PID=2341) to work on /home/airflow/.local/lib/python3.7/site-packages/airflow/example_dags/example_datasets.py
[2022-09-20T16:38:18.030+0000] {processor.py:758} INFO - Processing file /home/airflow/.local/lib/python3.7/site-packages/airflow/example_dags/example_datasets.py for tasks to queue
[2022-09-20T16:38:18.031+0000] {logging_mixin.py:117} INFO - [2022-09-20T16:38:18.031+0000] {dagbag.py:525} INFO - Filling up the DagBag from /home/airflow/.local/lib/python3.7/site-packages/airflow/example_dags/example_datasets.py
[2022-09-20T16:38:18.048+0000] {processor.py:768} INFO - DAG(s) dict_keys(['dataset_consumes_unknown_never_scheduled', 'dataset_produces_2', 'dataset_produces_1', 'dataset_consumes_1_never_scheduled', 'dataset_consumes_1_and_2', 'dataset_consumes_1']) retrieved from /home/airflow/.local/lib/python3.7/site-packages/airflow/example_dags/example_datasets.py
[2022-09-20T16:38:18.102+0000] {logging_mixin.py:117} INFO - [2022-09-20T16:38:18.101+0000] {dag.py:2573} INFO - Sync 6 DAGs
[2022-09-20T16:38:18.126+0000] {logging_mixin.py:117} INFO - [2022-09-20T16:38:18.126+0000] {dag.py:3328} INFO - Setting next_dagrun for dataset_consumes_1 to None, run_after=None
[2022-09-20T16:38:18.130+0000] {logging_mixin.py:117} INFO - [2022-09-20T16:38:18.130+0000] {dag.py:3328} INFO - Setting next_dagrun for dataset_consumes_1_and_2 to None, run_after=None
[2022-09-20T16:38:18.131+0000] {logging_mixin.py:117} INFO - [2022-09-20T16:38:18.131+0000] {dag.py:3328} INFO - Setting next_dagrun for dataset_consumes_1_never_scheduled to None, run_after=None
[2022-09-20T16:38:18.133+0000] {logging_mixin.py:117} INFO - [2022-09-20T16:38:18.133+0000] {dag.py:3328} INFO - Setting next_dagrun for dataset_consumes_unknown_never_scheduled to None, run_after=None
[2022-09-20T16:38:18.136+0000] {logging_mixin.py:117} INFO - [2022-09-20T16:38:18.135+0000] {dag.py:3328} INFO - Setting next_dagrun for dataset_produces_1 to 2022-09-19T00:00:00+00:00, run_after=2022-09-20T00:00:00+00:00
[2022-09-20T16:38:18.137+0000] {logging_mixin.py:117} INFO - [2022-09-20T16:38:18.137+0000] {dag.py:3328} INFO - Setting next_dagrun for dataset_produces_2 to None, run_after=None
[2022-09-20T16:38:18.168+0000] {processor.py:178} INFO - Processing /home/airflow/.local/lib/python3.7/site-packages/airflow/example_dags/example_datasets.py took 0.141 seconds
[2022-09-20T16:38:48.237+0000] {processor.py:156} INFO - Started process (PID=2403) to work on /home/airflow/.local/lib/python3.7/site-packages/airflow/example_dags/example_datasets.py
[2022-09-20T16:38:48.238+0000] {processor.py:758} INFO - Processing file /home/airflow/.local/lib/python3.7/site-packages/airflow/example_dags/example_datasets.py for tasks to queue
[2022-09-20T16:38:48.239+0000] {logging_mixin.py:117} INFO - [2022-09-20T16:38:48.239+0000] {dagbag.py:525} INFO - Filling up the DagBag from /home/airflow/.local/lib/python3.7/site-packages/airflow/example_dags/example_datasets.py
[2022-09-20T16:38:48.259+0000] {processor.py:768} INFO - DAG(s) dict_keys(['dataset_consumes_unknown_never_scheduled', 'dataset_produces_2', 'dataset_consumes_1_and_2', 'dataset_consumes_1_never_scheduled', 'dataset_produces_1', 'dataset_consumes_1']) retrieved from /home/airflow/.local/lib/python3.7/site-packages/airflow/example_dags/example_datasets.py
[2022-09-20T16:38:48.320+0000] {logging_mixin.py:117} INFO - [2022-09-20T16:38:48.320+0000] {dag.py:2573} INFO - Sync 6 DAGs
[2022-09-20T16:38:48.351+0000] {logging_mixin.py:117} INFO - [2022-09-20T16:38:48.351+0000] {dag.py:3328} INFO - Setting next_dagrun for dataset_consumes_1 to None, run_after=None
[2022-09-20T16:38:48.355+0000] {logging_mixin.py:117} INFO - [2022-09-20T16:38:48.355+0000] {dag.py:3328} INFO - Setting next_dagrun for dataset_consumes_1_and_2 to None, run_after=None
[2022-09-20T16:38:48.357+0000] {logging_mixin.py:117} INFO - [2022-09-20T16:38:48.357+0000] {dag.py:3328} INFO - Setting next_dagrun for dataset_consumes_1_never_scheduled to None, run_after=None
[2022-09-20T16:38:48.358+0000] {logging_mixin.py:117} INFO - [2022-09-20T16:38:48.358+0000] {dag.py:3328} INFO - Setting next_dagrun for dataset_consumes_unknown_never_scheduled to None, run_after=None
[2022-09-20T16:38:48.361+0000] {logging_mixin.py:117} INFO - [2022-09-20T16:38:48.361+0000] {dag.py:3328} INFO - Setting next_dagrun for dataset_produces_1 to 2022-09-19T00:00:00+00:00, run_after=2022-09-20T00:00:00+00:00
[2022-09-20T16:38:48.363+0000] {logging_mixin.py:117} INFO - [2022-09-20T16:38:48.363+0000] {dag.py:3328} INFO - Setting next_dagrun for dataset_produces_2 to None, run_after=None
[2022-09-20T16:38:48.399+0000] {processor.py:178} INFO - Processing /home/airflow/.local/lib/python3.7/site-packages/airflow/example_dags/example_datasets.py took 0.164 seconds
