[2022-09-20T16:18:22.273+0000] {processor.py:156} INFO - Started process (PID=36) to work on /home/airflow/.local/lib/python3.7/site-packages/airflow/example_dags/example_kubernetes_executor.py
[2022-09-20T16:18:22.275+0000] {processor.py:758} INFO - Processing file /home/airflow/.local/lib/python3.7/site-packages/airflow/example_dags/example_kubernetes_executor.py for tasks to queue
[2022-09-20T16:18:22.276+0000] {logging_mixin.py:117} INFO - [2022-09-20T16:18:22.275+0000] {dagbag.py:525} INFO - Filling up the DagBag from /home/airflow/.local/lib/python3.7/site-packages/airflow/example_dags/example_kubernetes_executor.py
[2022-09-20T16:18:22.349+0000] {processor.py:768} INFO - DAG(s) dict_keys(['example_kubernetes_executor']) retrieved from /home/airflow/.local/lib/python3.7/site-packages/airflow/example_dags/example_kubernetes_executor.py
[2022-09-20T16:18:22.679+0000] {logging_mixin.py:117} INFO - [2022-09-20T16:18:22.679+0000] {dag.py:2573} INFO - Sync 1 DAGs
[2022-09-20T16:18:22.712+0000] {logging_mixin.py:117} INFO - [2022-09-20T16:18:22.712+0000] {dag.py:3328} INFO - Setting next_dagrun for example_kubernetes_executor to None, run_after=None
[2022-09-20T16:18:22.741+0000] {processor.py:178} INFO - Processing /home/airflow/.local/lib/python3.7/site-packages/airflow/example_dags/example_kubernetes_executor.py took 0.473 seconds
[2022-09-20T16:18:53.645+0000] {processor.py:156} INFO - Started process (PID=90) to work on /home/airflow/.local/lib/python3.7/site-packages/airflow/example_dags/example_kubernetes_executor.py
[2022-09-20T16:18:53.645+0000] {processor.py:758} INFO - Processing file /home/airflow/.local/lib/python3.7/site-packages/airflow/example_dags/example_kubernetes_executor.py for tasks to queue
[2022-09-20T16:18:53.646+0000] {logging_mixin.py:117} INFO - [2022-09-20T16:18:53.645+0000] {dagbag.py:525} INFO - Filling up the DagBag from /home/airflow/.local/lib/python3.7/site-packages/airflow/example_dags/example_kubernetes_executor.py
[2022-09-20T16:18:53.673+0000] {processor.py:768} INFO - DAG(s) dict_keys(['example_kubernetes_executor']) retrieved from /home/airflow/.local/lib/python3.7/site-packages/airflow/example_dags/example_kubernetes_executor.py
[2022-09-20T16:18:53.940+0000] {logging_mixin.py:117} INFO - [2022-09-20T16:18:53.940+0000] {dag.py:2573} INFO - Sync 1 DAGs
[2022-09-20T16:18:53.969+0000] {logging_mixin.py:117} INFO - [2022-09-20T16:18:53.969+0000] {dag.py:3328} INFO - Setting next_dagrun for example_kubernetes_executor to None, run_after=None
[2022-09-20T16:18:53.988+0000] {processor.py:178} INFO - Processing /home/airflow/.local/lib/python3.7/site-packages/airflow/example_dags/example_kubernetes_executor.py took 0.346 seconds
[2022-09-20T16:19:24.807+0000] {processor.py:156} INFO - Started process (PID=153) to work on /home/airflow/.local/lib/python3.7/site-packages/airflow/example_dags/example_kubernetes_executor.py
[2022-09-20T16:19:24.807+0000] {processor.py:758} INFO - Processing file /home/airflow/.local/lib/python3.7/site-packages/airflow/example_dags/example_kubernetes_executor.py for tasks to queue
[2022-09-20T16:19:24.808+0000] {logging_mixin.py:117} INFO - [2022-09-20T16:19:24.808+0000] {dagbag.py:525} INFO - Filling up the DagBag from /home/airflow/.local/lib/python3.7/site-packages/airflow/example_dags/example_kubernetes_executor.py
[2022-09-20T16:19:24.972+0000] {processor.py:768} INFO - DAG(s) dict_keys(['example_kubernetes_executor']) retrieved from /home/airflow/.local/lib/python3.7/site-packages/airflow/example_dags/example_kubernetes_executor.py
[2022-09-20T16:19:25.004+0000] {logging_mixin.py:117} INFO - [2022-09-20T16:19:25.004+0000] {dag.py:2573} INFO - Sync 1 DAGs
[2022-09-20T16:19:25.029+0000] {logging_mixin.py:117} INFO - [2022-09-20T16:19:25.029+0000] {dag.py:3328} INFO - Setting next_dagrun for example_kubernetes_executor to None, run_after=None
[2022-09-20T16:19:25.047+0000] {processor.py:178} INFO - Processing /home/airflow/.local/lib/python3.7/site-packages/airflow/example_dags/example_kubernetes_executor.py took 0.242 seconds
[2022-09-20T16:19:55.407+0000] {processor.py:156} INFO - Started process (PID=215) to work on /home/airflow/.local/lib/python3.7/site-packages/airflow/example_dags/example_kubernetes_executor.py
[2022-09-20T16:19:55.408+0000] {processor.py:758} INFO - Processing file /home/airflow/.local/lib/python3.7/site-packages/airflow/example_dags/example_kubernetes_executor.py for tasks to queue
[2022-09-20T16:19:55.409+0000] {logging_mixin.py:117} INFO - [2022-09-20T16:19:55.409+0000] {dagbag.py:525} INFO - Filling up the DagBag from /home/airflow/.local/lib/python3.7/site-packages/airflow/example_dags/example_kubernetes_executor.py
[2022-09-20T16:19:55.707+0000] {processor.py:768} INFO - DAG(s) dict_keys(['example_kubernetes_executor']) retrieved from /home/airflow/.local/lib/python3.7/site-packages/airflow/example_dags/example_kubernetes_executor.py
[2022-09-20T16:19:55.837+0000] {logging_mixin.py:117} INFO - [2022-09-20T16:19:55.836+0000] {dag.py:2573} INFO - Sync 1 DAGs
[2022-09-20T16:19:55.879+0000] {logging_mixin.py:117} INFO - [2022-09-20T16:19:55.879+0000] {dag.py:3328} INFO - Setting next_dagrun for example_kubernetes_executor to None, run_after=None
[2022-09-20T16:19:55.921+0000] {processor.py:178} INFO - Processing /home/airflow/.local/lib/python3.7/site-packages/airflow/example_dags/example_kubernetes_executor.py took 0.518 seconds
[2022-09-20T16:20:26.573+0000] {processor.py:156} INFO - Started process (PID=269) to work on /home/airflow/.local/lib/python3.7/site-packages/airflow/example_dags/example_kubernetes_executor.py
[2022-09-20T16:20:26.574+0000] {processor.py:758} INFO - Processing file /home/airflow/.local/lib/python3.7/site-packages/airflow/example_dags/example_kubernetes_executor.py for tasks to queue
[2022-09-20T16:20:26.574+0000] {logging_mixin.py:117} INFO - [2022-09-20T16:20:26.574+0000] {dagbag.py:525} INFO - Filling up the DagBag from /home/airflow/.local/lib/python3.7/site-packages/airflow/example_dags/example_kubernetes_executor.py
[2022-09-20T16:20:26.633+0000] {processor.py:768} INFO - DAG(s) dict_keys(['example_kubernetes_executor']) retrieved from /home/airflow/.local/lib/python3.7/site-packages/airflow/example_dags/example_kubernetes_executor.py
[2022-09-20T16:20:26.683+0000] {logging_mixin.py:117} INFO - [2022-09-20T16:20:26.683+0000] {dag.py:2573} INFO - Sync 1 DAGs
[2022-09-20T16:20:26.710+0000] {logging_mixin.py:117} INFO - [2022-09-20T16:20:26.709+0000] {dag.py:3328} INFO - Setting next_dagrun for example_kubernetes_executor to None, run_after=None
[2022-09-20T16:20:26.741+0000] {processor.py:178} INFO - Processing /home/airflow/.local/lib/python3.7/site-packages/airflow/example_dags/example_kubernetes_executor.py took 0.171 seconds
[2022-09-20T16:20:57.361+0000] {processor.py:156} INFO - Started process (PID=331) to work on /home/airflow/.local/lib/python3.7/site-packages/airflow/example_dags/example_kubernetes_executor.py
[2022-09-20T16:20:57.362+0000] {processor.py:758} INFO - Processing file /home/airflow/.local/lib/python3.7/site-packages/airflow/example_dags/example_kubernetes_executor.py for tasks to queue
[2022-09-20T16:20:57.362+0000] {logging_mixin.py:117} INFO - [2022-09-20T16:20:57.362+0000] {dagbag.py:525} INFO - Filling up the DagBag from /home/airflow/.local/lib/python3.7/site-packages/airflow/example_dags/example_kubernetes_executor.py
[2022-09-20T16:20:57.395+0000] {processor.py:768} INFO - DAG(s) dict_keys(['example_kubernetes_executor']) retrieved from /home/airflow/.local/lib/python3.7/site-packages/airflow/example_dags/example_kubernetes_executor.py
[2022-09-20T16:20:57.432+0000] {logging_mixin.py:117} INFO - [2022-09-20T16:20:57.432+0000] {dag.py:2573} INFO - Sync 1 DAGs
[2022-09-20T16:20:57.454+0000] {logging_mixin.py:117} INFO - [2022-09-20T16:20:57.454+0000] {dag.py:3328} INFO - Setting next_dagrun for example_kubernetes_executor to None, run_after=None
[2022-09-20T16:20:57.477+0000] {processor.py:178} INFO - Processing /home/airflow/.local/lib/python3.7/site-packages/airflow/example_dags/example_kubernetes_executor.py took 0.118 seconds
[2022-09-20T16:21:27.628+0000] {processor.py:156} INFO - Started process (PID=384) to work on /home/airflow/.local/lib/python3.7/site-packages/airflow/example_dags/example_kubernetes_executor.py
[2022-09-20T16:21:27.629+0000] {processor.py:758} INFO - Processing file /home/airflow/.local/lib/python3.7/site-packages/airflow/example_dags/example_kubernetes_executor.py for tasks to queue
[2022-09-20T16:21:27.629+0000] {logging_mixin.py:117} INFO - [2022-09-20T16:21:27.629+0000] {dagbag.py:525} INFO - Filling up the DagBag from /home/airflow/.local/lib/python3.7/site-packages/airflow/example_dags/example_kubernetes_executor.py
[2022-09-20T16:21:27.665+0000] {processor.py:768} INFO - DAG(s) dict_keys(['example_kubernetes_executor']) retrieved from /home/airflow/.local/lib/python3.7/site-packages/airflow/example_dags/example_kubernetes_executor.py
[2022-09-20T16:21:27.712+0000] {logging_mixin.py:117} INFO - [2022-09-20T16:21:27.712+0000] {dag.py:2573} INFO - Sync 1 DAGs
[2022-09-20T16:21:27.737+0000] {logging_mixin.py:117} INFO - [2022-09-20T16:21:27.737+0000] {dag.py:3328} INFO - Setting next_dagrun for example_kubernetes_executor to None, run_after=None
[2022-09-20T16:21:27.758+0000] {processor.py:178} INFO - Processing /home/airflow/.local/lib/python3.7/site-packages/airflow/example_dags/example_kubernetes_executor.py took 0.133 seconds
[2022-09-20T16:21:58.522+0000] {processor.py:156} INFO - Started process (PID=446) to work on /home/airflow/.local/lib/python3.7/site-packages/airflow/example_dags/example_kubernetes_executor.py
[2022-09-20T16:21:58.523+0000] {processor.py:758} INFO - Processing file /home/airflow/.local/lib/python3.7/site-packages/airflow/example_dags/example_kubernetes_executor.py for tasks to queue
[2022-09-20T16:21:58.523+0000] {logging_mixin.py:117} INFO - [2022-09-20T16:21:58.523+0000] {dagbag.py:525} INFO - Filling up the DagBag from /home/airflow/.local/lib/python3.7/site-packages/airflow/example_dags/example_kubernetes_executor.py
[2022-09-20T16:21:58.567+0000] {processor.py:768} INFO - DAG(s) dict_keys(['example_kubernetes_executor']) retrieved from /home/airflow/.local/lib/python3.7/site-packages/airflow/example_dags/example_kubernetes_executor.py
[2022-09-20T16:21:58.618+0000] {logging_mixin.py:117} INFO - [2022-09-20T16:21:58.618+0000] {dag.py:2573} INFO - Sync 1 DAGs
[2022-09-20T16:21:58.649+0000] {logging_mixin.py:117} INFO - [2022-09-20T16:21:58.649+0000] {dag.py:3328} INFO - Setting next_dagrun for example_kubernetes_executor to None, run_after=None
[2022-09-20T16:21:58.673+0000] {processor.py:178} INFO - Processing /home/airflow/.local/lib/python3.7/site-packages/airflow/example_dags/example_kubernetes_executor.py took 0.153 seconds
[2022-09-20T16:22:28.963+0000] {processor.py:156} INFO - Started process (PID=509) to work on /home/airflow/.local/lib/python3.7/site-packages/airflow/example_dags/example_kubernetes_executor.py
[2022-09-20T16:22:28.963+0000] {processor.py:758} INFO - Processing file /home/airflow/.local/lib/python3.7/site-packages/airflow/example_dags/example_kubernetes_executor.py for tasks to queue
[2022-09-20T16:22:28.964+0000] {logging_mixin.py:117} INFO - [2022-09-20T16:22:28.964+0000] {dagbag.py:525} INFO - Filling up the DagBag from /home/airflow/.local/lib/python3.7/site-packages/airflow/example_dags/example_kubernetes_executor.py
[2022-09-20T16:22:28.998+0000] {processor.py:768} INFO - DAG(s) dict_keys(['example_kubernetes_executor']) retrieved from /home/airflow/.local/lib/python3.7/site-packages/airflow/example_dags/example_kubernetes_executor.py
[2022-09-20T16:22:29.048+0000] {logging_mixin.py:117} INFO - [2022-09-20T16:22:29.048+0000] {dag.py:2573} INFO - Sync 1 DAGs
[2022-09-20T16:22:29.074+0000] {logging_mixin.py:117} INFO - [2022-09-20T16:22:29.074+0000] {dag.py:3328} INFO - Setting next_dagrun for example_kubernetes_executor to None, run_after=None
[2022-09-20T16:22:29.096+0000] {processor.py:178} INFO - Processing /home/airflow/.local/lib/python3.7/site-packages/airflow/example_dags/example_kubernetes_executor.py took 0.137 seconds
[2022-09-20T16:22:59.301+0000] {processor.py:156} INFO - Started process (PID=562) to work on /home/airflow/.local/lib/python3.7/site-packages/airflow/example_dags/example_kubernetes_executor.py
[2022-09-20T16:22:59.302+0000] {processor.py:758} INFO - Processing file /home/airflow/.local/lib/python3.7/site-packages/airflow/example_dags/example_kubernetes_executor.py for tasks to queue
[2022-09-20T16:22:59.302+0000] {logging_mixin.py:117} INFO - [2022-09-20T16:22:59.302+0000] {dagbag.py:525} INFO - Filling up the DagBag from /home/airflow/.local/lib/python3.7/site-packages/airflow/example_dags/example_kubernetes_executor.py
[2022-09-20T16:22:59.335+0000] {processor.py:768} INFO - DAG(s) dict_keys(['example_kubernetes_executor']) retrieved from /home/airflow/.local/lib/python3.7/site-packages/airflow/example_dags/example_kubernetes_executor.py
[2022-09-20T16:22:59.372+0000] {logging_mixin.py:117} INFO - [2022-09-20T16:22:59.372+0000] {dag.py:2573} INFO - Sync 1 DAGs
[2022-09-20T16:22:59.393+0000] {logging_mixin.py:117} INFO - [2022-09-20T16:22:59.393+0000] {dag.py:3328} INFO - Setting next_dagrun for example_kubernetes_executor to None, run_after=None
[2022-09-20T16:22:59.414+0000] {processor.py:178} INFO - Processing /home/airflow/.local/lib/python3.7/site-packages/airflow/example_dags/example_kubernetes_executor.py took 0.115 seconds
[2022-09-20T16:23:29.887+0000] {processor.py:156} INFO - Started process (PID=624) to work on /home/airflow/.local/lib/python3.7/site-packages/airflow/example_dags/example_kubernetes_executor.py
[2022-09-20T16:23:29.888+0000] {processor.py:758} INFO - Processing file /home/airflow/.local/lib/python3.7/site-packages/airflow/example_dags/example_kubernetes_executor.py for tasks to queue
[2022-09-20T16:23:29.888+0000] {logging_mixin.py:117} INFO - [2022-09-20T16:23:29.888+0000] {dagbag.py:525} INFO - Filling up the DagBag from /home/airflow/.local/lib/python3.7/site-packages/airflow/example_dags/example_kubernetes_executor.py
[2022-09-20T16:23:29.920+0000] {processor.py:768} INFO - DAG(s) dict_keys(['example_kubernetes_executor']) retrieved from /home/airflow/.local/lib/python3.7/site-packages/airflow/example_dags/example_kubernetes_executor.py
[2022-09-20T16:23:29.960+0000] {logging_mixin.py:117} INFO - [2022-09-20T16:23:29.960+0000] {dag.py:2573} INFO - Sync 1 DAGs
[2022-09-20T16:23:29.983+0000] {logging_mixin.py:117} INFO - [2022-09-20T16:23:29.983+0000] {dag.py:3328} INFO - Setting next_dagrun for example_kubernetes_executor to None, run_after=None
[2022-09-20T16:23:30.008+0000] {processor.py:178} INFO - Processing /home/airflow/.local/lib/python3.7/site-packages/airflow/example_dags/example_kubernetes_executor.py took 0.123 seconds
[2022-09-20T16:24:00.299+0000] {processor.py:156} INFO - Started process (PID=686) to work on /home/airflow/.local/lib/python3.7/site-packages/airflow/example_dags/example_kubernetes_executor.py
[2022-09-20T16:24:00.300+0000] {processor.py:758} INFO - Processing file /home/airflow/.local/lib/python3.7/site-packages/airflow/example_dags/example_kubernetes_executor.py for tasks to queue
[2022-09-20T16:24:00.300+0000] {logging_mixin.py:117} INFO - [2022-09-20T16:24:00.300+0000] {dagbag.py:525} INFO - Filling up the DagBag from /home/airflow/.local/lib/python3.7/site-packages/airflow/example_dags/example_kubernetes_executor.py
[2022-09-20T16:24:00.331+0000] {processor.py:768} INFO - DAG(s) dict_keys(['example_kubernetes_executor']) retrieved from /home/airflow/.local/lib/python3.7/site-packages/airflow/example_dags/example_kubernetes_executor.py
[2022-09-20T16:24:00.368+0000] {logging_mixin.py:117} INFO - [2022-09-20T16:24:00.368+0000] {dag.py:2573} INFO - Sync 1 DAGs
[2022-09-20T16:24:00.390+0000] {logging_mixin.py:117} INFO - [2022-09-20T16:24:00.390+0000] {dag.py:3328} INFO - Setting next_dagrun for example_kubernetes_executor to None, run_after=None
[2022-09-20T16:24:00.413+0000] {processor.py:178} INFO - Processing /home/airflow/.local/lib/python3.7/site-packages/airflow/example_dags/example_kubernetes_executor.py took 0.116 seconds
[2022-09-20T16:24:30.926+0000] {processor.py:156} INFO - Started process (PID=739) to work on /home/airflow/.local/lib/python3.7/site-packages/airflow/example_dags/example_kubernetes_executor.py
[2022-09-20T16:24:30.927+0000] {processor.py:758} INFO - Processing file /home/airflow/.local/lib/python3.7/site-packages/airflow/example_dags/example_kubernetes_executor.py for tasks to queue
[2022-09-20T16:24:30.927+0000] {logging_mixin.py:117} INFO - [2022-09-20T16:24:30.927+0000] {dagbag.py:525} INFO - Filling up the DagBag from /home/airflow/.local/lib/python3.7/site-packages/airflow/example_dags/example_kubernetes_executor.py
[2022-09-20T16:24:30.958+0000] {processor.py:768} INFO - DAG(s) dict_keys(['example_kubernetes_executor']) retrieved from /home/airflow/.local/lib/python3.7/site-packages/airflow/example_dags/example_kubernetes_executor.py
[2022-09-20T16:24:31.005+0000] {logging_mixin.py:117} INFO - [2022-09-20T16:24:31.005+0000] {dag.py:2573} INFO - Sync 1 DAGs
[2022-09-20T16:24:31.027+0000] {logging_mixin.py:117} INFO - [2022-09-20T16:24:31.027+0000] {dag.py:3328} INFO - Setting next_dagrun for example_kubernetes_executor to None, run_after=None
[2022-09-20T16:24:31.048+0000] {processor.py:178} INFO - Processing /home/airflow/.local/lib/python3.7/site-packages/airflow/example_dags/example_kubernetes_executor.py took 0.124 seconds
[2022-09-20T16:25:01.431+0000] {processor.py:156} INFO - Started process (PID=802) to work on /home/airflow/.local/lib/python3.7/site-packages/airflow/example_dags/example_kubernetes_executor.py
[2022-09-20T16:25:01.432+0000] {processor.py:758} INFO - Processing file /home/airflow/.local/lib/python3.7/site-packages/airflow/example_dags/example_kubernetes_executor.py for tasks to queue
[2022-09-20T16:25:01.433+0000] {logging_mixin.py:117} INFO - [2022-09-20T16:25:01.433+0000] {dagbag.py:525} INFO - Filling up the DagBag from /home/airflow/.local/lib/python3.7/site-packages/airflow/example_dags/example_kubernetes_executor.py
[2022-09-20T16:25:01.463+0000] {processor.py:768} INFO - DAG(s) dict_keys(['example_kubernetes_executor']) retrieved from /home/airflow/.local/lib/python3.7/site-packages/airflow/example_dags/example_kubernetes_executor.py
[2022-09-20T16:25:01.509+0000] {logging_mixin.py:117} INFO - [2022-09-20T16:25:01.509+0000] {dag.py:2573} INFO - Sync 1 DAGs
[2022-09-20T16:25:01.533+0000] {logging_mixin.py:117} INFO - [2022-09-20T16:25:01.532+0000] {dag.py:3328} INFO - Setting next_dagrun for example_kubernetes_executor to None, run_after=None
[2022-09-20T16:25:01.556+0000] {processor.py:178} INFO - Processing /home/airflow/.local/lib/python3.7/site-packages/airflow/example_dags/example_kubernetes_executor.py took 0.128 seconds
[2022-09-20T16:25:31.748+0000] {processor.py:156} INFO - Started process (PID=865) to work on /home/airflow/.local/lib/python3.7/site-packages/airflow/example_dags/example_kubernetes_executor.py
[2022-09-20T16:25:31.749+0000] {processor.py:758} INFO - Processing file /home/airflow/.local/lib/python3.7/site-packages/airflow/example_dags/example_kubernetes_executor.py for tasks to queue
[2022-09-20T16:25:31.750+0000] {logging_mixin.py:117} INFO - [2022-09-20T16:25:31.750+0000] {dagbag.py:525} INFO - Filling up the DagBag from /home/airflow/.local/lib/python3.7/site-packages/airflow/example_dags/example_kubernetes_executor.py
[2022-09-20T16:25:31.810+0000] {processor.py:768} INFO - DAG(s) dict_keys(['example_kubernetes_executor']) retrieved from /home/airflow/.local/lib/python3.7/site-packages/airflow/example_dags/example_kubernetes_executor.py
[2022-09-20T16:25:31.895+0000] {logging_mixin.py:117} INFO - [2022-09-20T16:25:31.895+0000] {dag.py:2573} INFO - Sync 1 DAGs
[2022-09-20T16:25:31.942+0000] {logging_mixin.py:117} INFO - [2022-09-20T16:25:31.941+0000] {dag.py:3328} INFO - Setting next_dagrun for example_kubernetes_executor to None, run_after=None
[2022-09-20T16:25:31.977+0000] {processor.py:178} INFO - Processing /home/airflow/.local/lib/python3.7/site-packages/airflow/example_dags/example_kubernetes_executor.py took 0.232 seconds
[2022-09-20T16:26:02.212+0000] {processor.py:156} INFO - Started process (PID=918) to work on /home/airflow/.local/lib/python3.7/site-packages/airflow/example_dags/example_kubernetes_executor.py
[2022-09-20T16:26:02.213+0000] {processor.py:758} INFO - Processing file /home/airflow/.local/lib/python3.7/site-packages/airflow/example_dags/example_kubernetes_executor.py for tasks to queue
[2022-09-20T16:26:02.213+0000] {logging_mixin.py:117} INFO - [2022-09-20T16:26:02.213+0000] {dagbag.py:525} INFO - Filling up the DagBag from /home/airflow/.local/lib/python3.7/site-packages/airflow/example_dags/example_kubernetes_executor.py
[2022-09-20T16:26:02.244+0000] {processor.py:768} INFO - DAG(s) dict_keys(['example_kubernetes_executor']) retrieved from /home/airflow/.local/lib/python3.7/site-packages/airflow/example_dags/example_kubernetes_executor.py
[2022-09-20T16:26:02.284+0000] {logging_mixin.py:117} INFO - [2022-09-20T16:26:02.284+0000] {dag.py:2573} INFO - Sync 1 DAGs
[2022-09-20T16:26:02.307+0000] {logging_mixin.py:117} INFO - [2022-09-20T16:26:02.306+0000] {dag.py:3328} INFO - Setting next_dagrun for example_kubernetes_executor to None, run_after=None
[2022-09-20T16:26:02.329+0000] {processor.py:178} INFO - Processing /home/airflow/.local/lib/python3.7/site-packages/airflow/example_dags/example_kubernetes_executor.py took 0.120 seconds
[2022-09-20T16:26:32.676+0000] {processor.py:156} INFO - Started process (PID=980) to work on /home/airflow/.local/lib/python3.7/site-packages/airflow/example_dags/example_kubernetes_executor.py
[2022-09-20T16:26:32.677+0000] {processor.py:758} INFO - Processing file /home/airflow/.local/lib/python3.7/site-packages/airflow/example_dags/example_kubernetes_executor.py for tasks to queue
[2022-09-20T16:26:32.678+0000] {logging_mixin.py:117} INFO - [2022-09-20T16:26:32.678+0000] {dagbag.py:525} INFO - Filling up the DagBag from /home/airflow/.local/lib/python3.7/site-packages/airflow/example_dags/example_kubernetes_executor.py
[2022-09-20T16:26:32.718+0000] {processor.py:768} INFO - DAG(s) dict_keys(['example_kubernetes_executor']) retrieved from /home/airflow/.local/lib/python3.7/site-packages/airflow/example_dags/example_kubernetes_executor.py
[2022-09-20T16:26:32.774+0000] {logging_mixin.py:117} INFO - [2022-09-20T16:26:32.774+0000] {dag.py:2573} INFO - Sync 1 DAGs
[2022-09-20T16:26:32.801+0000] {logging_mixin.py:117} INFO - [2022-09-20T16:26:32.801+0000] {dag.py:3328} INFO - Setting next_dagrun for example_kubernetes_executor to None, run_after=None
[2022-09-20T16:26:32.821+0000] {processor.py:178} INFO - Processing /home/airflow/.local/lib/python3.7/site-packages/airflow/example_dags/example_kubernetes_executor.py took 0.147 seconds
[2022-09-20T16:27:03.068+0000] {processor.py:156} INFO - Started process (PID=1034) to work on /home/airflow/.local/lib/python3.7/site-packages/airflow/example_dags/example_kubernetes_executor.py
[2022-09-20T16:27:03.069+0000] {processor.py:758} INFO - Processing file /home/airflow/.local/lib/python3.7/site-packages/airflow/example_dags/example_kubernetes_executor.py for tasks to queue
[2022-09-20T16:27:03.070+0000] {logging_mixin.py:117} INFO - [2022-09-20T16:27:03.070+0000] {dagbag.py:525} INFO - Filling up the DagBag from /home/airflow/.local/lib/python3.7/site-packages/airflow/example_dags/example_kubernetes_executor.py
[2022-09-20T16:27:03.102+0000] {processor.py:768} INFO - DAG(s) dict_keys(['example_kubernetes_executor']) retrieved from /home/airflow/.local/lib/python3.7/site-packages/airflow/example_dags/example_kubernetes_executor.py
[2022-09-20T16:27:03.143+0000] {logging_mixin.py:117} INFO - [2022-09-20T16:27:03.143+0000] {dag.py:2573} INFO - Sync 1 DAGs
[2022-09-20T16:27:03.168+0000] {logging_mixin.py:117} INFO - [2022-09-20T16:27:03.168+0000] {dag.py:3328} INFO - Setting next_dagrun for example_kubernetes_executor to None, run_after=None
[2022-09-20T16:27:03.191+0000] {processor.py:178} INFO - Processing /home/airflow/.local/lib/python3.7/site-packages/airflow/example_dags/example_kubernetes_executor.py took 0.125 seconds
[2022-09-20T16:27:33.371+0000] {processor.py:156} INFO - Started process (PID=1097) to work on /home/airflow/.local/lib/python3.7/site-packages/airflow/example_dags/example_kubernetes_executor.py
[2022-09-20T16:27:33.372+0000] {processor.py:758} INFO - Processing file /home/airflow/.local/lib/python3.7/site-packages/airflow/example_dags/example_kubernetes_executor.py for tasks to queue
[2022-09-20T16:27:33.372+0000] {logging_mixin.py:117} INFO - [2022-09-20T16:27:33.372+0000] {dagbag.py:525} INFO - Filling up the DagBag from /home/airflow/.local/lib/python3.7/site-packages/airflow/example_dags/example_kubernetes_executor.py
[2022-09-20T16:27:33.406+0000] {processor.py:768} INFO - DAG(s) dict_keys(['example_kubernetes_executor']) retrieved from /home/airflow/.local/lib/python3.7/site-packages/airflow/example_dags/example_kubernetes_executor.py
[2022-09-20T16:27:33.446+0000] {logging_mixin.py:117} INFO - [2022-09-20T16:27:33.445+0000] {dag.py:2573} INFO - Sync 1 DAGs
[2022-09-20T16:27:33.469+0000] {logging_mixin.py:117} INFO - [2022-09-20T16:27:33.469+0000] {dag.py:3328} INFO - Setting next_dagrun for example_kubernetes_executor to None, run_after=None
[2022-09-20T16:27:33.500+0000] {processor.py:178} INFO - Processing /home/airflow/.local/lib/python3.7/site-packages/airflow/example_dags/example_kubernetes_executor.py took 0.132 seconds
[2022-09-20T16:28:03.771+0000] {processor.py:156} INFO - Started process (PID=1160) to work on /home/airflow/.local/lib/python3.7/site-packages/airflow/example_dags/example_kubernetes_executor.py
[2022-09-20T16:28:03.771+0000] {processor.py:758} INFO - Processing file /home/airflow/.local/lib/python3.7/site-packages/airflow/example_dags/example_kubernetes_executor.py for tasks to queue
[2022-09-20T16:28:03.772+0000] {logging_mixin.py:117} INFO - [2022-09-20T16:28:03.772+0000] {dagbag.py:525} INFO - Filling up the DagBag from /home/airflow/.local/lib/python3.7/site-packages/airflow/example_dags/example_kubernetes_executor.py
[2022-09-20T16:28:03.801+0000] {processor.py:768} INFO - DAG(s) dict_keys(['example_kubernetes_executor']) retrieved from /home/airflow/.local/lib/python3.7/site-packages/airflow/example_dags/example_kubernetes_executor.py
[2022-09-20T16:28:03.839+0000] {logging_mixin.py:117} INFO - [2022-09-20T16:28:03.839+0000] {dag.py:2573} INFO - Sync 1 DAGs
[2022-09-20T16:28:03.868+0000] {logging_mixin.py:117} INFO - [2022-09-20T16:28:03.868+0000] {dag.py:3328} INFO - Setting next_dagrun for example_kubernetes_executor to None, run_after=None
[2022-09-20T16:28:03.893+0000] {processor.py:178} INFO - Processing /home/airflow/.local/lib/python3.7/site-packages/airflow/example_dags/example_kubernetes_executor.py took 0.125 seconds
[2022-09-20T16:28:34.087+0000] {processor.py:156} INFO - Started process (PID=1215) to work on /home/airflow/.local/lib/python3.7/site-packages/airflow/example_dags/example_kubernetes_executor.py
[2022-09-20T16:28:34.087+0000] {processor.py:758} INFO - Processing file /home/airflow/.local/lib/python3.7/site-packages/airflow/example_dags/example_kubernetes_executor.py for tasks to queue
[2022-09-20T16:28:34.088+0000] {logging_mixin.py:117} INFO - [2022-09-20T16:28:34.088+0000] {dagbag.py:525} INFO - Filling up the DagBag from /home/airflow/.local/lib/python3.7/site-packages/airflow/example_dags/example_kubernetes_executor.py
[2022-09-20T16:28:34.115+0000] {processor.py:768} INFO - DAG(s) dict_keys(['example_kubernetes_executor']) retrieved from /home/airflow/.local/lib/python3.7/site-packages/airflow/example_dags/example_kubernetes_executor.py
[2022-09-20T16:28:34.156+0000] {logging_mixin.py:117} INFO - [2022-09-20T16:28:34.156+0000] {dag.py:2573} INFO - Sync 1 DAGs
[2022-09-20T16:28:34.184+0000] {logging_mixin.py:117} INFO - [2022-09-20T16:28:34.184+0000] {dag.py:3328} INFO - Setting next_dagrun for example_kubernetes_executor to None, run_after=None
[2022-09-20T16:28:34.208+0000] {processor.py:178} INFO - Processing /home/airflow/.local/lib/python3.7/site-packages/airflow/example_dags/example_kubernetes_executor.py took 0.124 seconds
[2022-09-20T16:29:04.598+0000] {processor.py:156} INFO - Started process (PID=1277) to work on /home/airflow/.local/lib/python3.7/site-packages/airflow/example_dags/example_kubernetes_executor.py
[2022-09-20T16:29:04.599+0000] {processor.py:758} INFO - Processing file /home/airflow/.local/lib/python3.7/site-packages/airflow/example_dags/example_kubernetes_executor.py for tasks to queue
[2022-09-20T16:29:04.599+0000] {logging_mixin.py:117} INFO - [2022-09-20T16:29:04.599+0000] {dagbag.py:525} INFO - Filling up the DagBag from /home/airflow/.local/lib/python3.7/site-packages/airflow/example_dags/example_kubernetes_executor.py
[2022-09-20T16:29:04.630+0000] {processor.py:768} INFO - DAG(s) dict_keys(['example_kubernetes_executor']) retrieved from /home/airflow/.local/lib/python3.7/site-packages/airflow/example_dags/example_kubernetes_executor.py
[2022-09-20T16:29:04.665+0000] {logging_mixin.py:117} INFO - [2022-09-20T16:29:04.665+0000] {dag.py:2573} INFO - Sync 1 DAGs
[2022-09-20T16:29:04.687+0000] {logging_mixin.py:117} INFO - [2022-09-20T16:29:04.686+0000] {dag.py:3328} INFO - Setting next_dagrun for example_kubernetes_executor to None, run_after=None
[2022-09-20T16:29:04.708+0000] {processor.py:178} INFO - Processing /home/airflow/.local/lib/python3.7/site-packages/airflow/example_dags/example_kubernetes_executor.py took 0.113 seconds
[2022-09-20T16:29:35.049+0000] {processor.py:156} INFO - Started process (PID=1336) to work on /home/airflow/.local/lib/python3.7/site-packages/airflow/example_dags/example_kubernetes_executor.py
[2022-09-20T16:29:35.049+0000] {processor.py:758} INFO - Processing file /home/airflow/.local/lib/python3.7/site-packages/airflow/example_dags/example_kubernetes_executor.py for tasks to queue
[2022-09-20T16:29:35.050+0000] {logging_mixin.py:117} INFO - [2022-09-20T16:29:35.050+0000] {dagbag.py:525} INFO - Filling up the DagBag from /home/airflow/.local/lib/python3.7/site-packages/airflow/example_dags/example_kubernetes_executor.py
[2022-09-20T16:29:35.102+0000] {processor.py:768} INFO - DAG(s) dict_keys(['example_kubernetes_executor']) retrieved from /home/airflow/.local/lib/python3.7/site-packages/airflow/example_dags/example_kubernetes_executor.py
[2022-09-20T16:29:35.161+0000] {logging_mixin.py:117} INFO - [2022-09-20T16:29:35.160+0000] {dag.py:2573} INFO - Sync 1 DAGs
[2022-09-20T16:29:35.202+0000] {logging_mixin.py:117} INFO - [2022-09-20T16:29:35.202+0000] {dag.py:3328} INFO - Setting next_dagrun for example_kubernetes_executor to None, run_after=None
[2022-09-20T16:29:35.232+0000] {processor.py:178} INFO - Processing /home/airflow/.local/lib/python3.7/site-packages/airflow/example_dags/example_kubernetes_executor.py took 0.186 seconds
[2022-09-20T16:30:05.415+0000] {processor.py:156} INFO - Started process (PID=1392) to work on /home/airflow/.local/lib/python3.7/site-packages/airflow/example_dags/example_kubernetes_executor.py
[2022-09-20T16:30:05.416+0000] {processor.py:758} INFO - Processing file /home/airflow/.local/lib/python3.7/site-packages/airflow/example_dags/example_kubernetes_executor.py for tasks to queue
[2022-09-20T16:30:05.416+0000] {logging_mixin.py:117} INFO - [2022-09-20T16:30:05.416+0000] {dagbag.py:525} INFO - Filling up the DagBag from /home/airflow/.local/lib/python3.7/site-packages/airflow/example_dags/example_kubernetes_executor.py
[2022-09-20T16:30:05.446+0000] {processor.py:768} INFO - DAG(s) dict_keys(['example_kubernetes_executor']) retrieved from /home/airflow/.local/lib/python3.7/site-packages/airflow/example_dags/example_kubernetes_executor.py
[2022-09-20T16:30:05.482+0000] {logging_mixin.py:117} INFO - [2022-09-20T16:30:05.482+0000] {dag.py:2573} INFO - Sync 1 DAGs
[2022-09-20T16:30:05.505+0000] {logging_mixin.py:117} INFO - [2022-09-20T16:30:05.505+0000] {dag.py:3328} INFO - Setting next_dagrun for example_kubernetes_executor to None, run_after=None
[2022-09-20T16:30:05.529+0000] {processor.py:178} INFO - Processing /home/airflow/.local/lib/python3.7/site-packages/airflow/example_dags/example_kubernetes_executor.py took 0.116 seconds
[2022-09-20T16:30:35.781+0000] {processor.py:156} INFO - Started process (PID=1455) to work on /home/airflow/.local/lib/python3.7/site-packages/airflow/example_dags/example_kubernetes_executor.py
[2022-09-20T16:30:35.781+0000] {processor.py:758} INFO - Processing file /home/airflow/.local/lib/python3.7/site-packages/airflow/example_dags/example_kubernetes_executor.py for tasks to queue
[2022-09-20T16:30:35.782+0000] {logging_mixin.py:117} INFO - [2022-09-20T16:30:35.782+0000] {dagbag.py:525} INFO - Filling up the DagBag from /home/airflow/.local/lib/python3.7/site-packages/airflow/example_dags/example_kubernetes_executor.py
[2022-09-20T16:30:35.821+0000] {processor.py:768} INFO - DAG(s) dict_keys(['example_kubernetes_executor']) retrieved from /home/airflow/.local/lib/python3.7/site-packages/airflow/example_dags/example_kubernetes_executor.py
[2022-09-20T16:30:35.895+0000] {logging_mixin.py:117} INFO - [2022-09-20T16:30:35.894+0000] {dag.py:2573} INFO - Sync 1 DAGs
[2022-09-20T16:30:35.931+0000] {logging_mixin.py:117} INFO - [2022-09-20T16:30:35.931+0000] {dag.py:3328} INFO - Setting next_dagrun for example_kubernetes_executor to None, run_after=None
[2022-09-20T16:30:35.956+0000] {processor.py:178} INFO - Processing /home/airflow/.local/lib/python3.7/site-packages/airflow/example_dags/example_kubernetes_executor.py took 0.178 seconds
[2022-09-20T16:31:06.701+0000] {processor.py:156} INFO - Started process (PID=1509) to work on /home/airflow/.local/lib/python3.7/site-packages/airflow/example_dags/example_kubernetes_executor.py
[2022-09-20T16:31:06.701+0000] {processor.py:758} INFO - Processing file /home/airflow/.local/lib/python3.7/site-packages/airflow/example_dags/example_kubernetes_executor.py for tasks to queue
[2022-09-20T16:31:06.702+0000] {logging_mixin.py:117} INFO - [2022-09-20T16:31:06.702+0000] {dagbag.py:525} INFO - Filling up the DagBag from /home/airflow/.local/lib/python3.7/site-packages/airflow/example_dags/example_kubernetes_executor.py
[2022-09-20T16:31:06.752+0000] {processor.py:768} INFO - DAG(s) dict_keys(['example_kubernetes_executor']) retrieved from /home/airflow/.local/lib/python3.7/site-packages/airflow/example_dags/example_kubernetes_executor.py
[2022-09-20T16:31:06.833+0000] {logging_mixin.py:117} INFO - [2022-09-20T16:31:06.833+0000] {dag.py:2573} INFO - Sync 1 DAGs
[2022-09-20T16:31:06.869+0000] {logging_mixin.py:117} INFO - [2022-09-20T16:31:06.868+0000] {dag.py:3328} INFO - Setting next_dagrun for example_kubernetes_executor to None, run_after=None
[2022-09-20T16:31:06.899+0000] {processor.py:178} INFO - Processing /home/airflow/.local/lib/python3.7/site-packages/airflow/example_dags/example_kubernetes_executor.py took 0.202 seconds
[2022-09-20T16:31:36.952+0000] {processor.py:156} INFO - Started process (PID=1572) to work on /home/airflow/.local/lib/python3.7/site-packages/airflow/example_dags/example_kubernetes_executor.py
[2022-09-20T16:31:36.953+0000] {processor.py:758} INFO - Processing file /home/airflow/.local/lib/python3.7/site-packages/airflow/example_dags/example_kubernetes_executor.py for tasks to queue
[2022-09-20T16:31:36.954+0000] {logging_mixin.py:117} INFO - [2022-09-20T16:31:36.953+0000] {dagbag.py:525} INFO - Filling up the DagBag from /home/airflow/.local/lib/python3.7/site-packages/airflow/example_dags/example_kubernetes_executor.py
[2022-09-20T16:31:37.024+0000] {processor.py:768} INFO - DAG(s) dict_keys(['example_kubernetes_executor']) retrieved from /home/airflow/.local/lib/python3.7/site-packages/airflow/example_dags/example_kubernetes_executor.py
[2022-09-20T16:31:37.106+0000] {logging_mixin.py:117} INFO - [2022-09-20T16:31:37.106+0000] {dag.py:2573} INFO - Sync 1 DAGs
[2022-09-20T16:31:37.141+0000] {logging_mixin.py:117} INFO - [2022-09-20T16:31:37.141+0000] {dag.py:3328} INFO - Setting next_dagrun for example_kubernetes_executor to None, run_after=None
[2022-09-20T16:31:37.172+0000] {processor.py:178} INFO - Processing /home/airflow/.local/lib/python3.7/site-packages/airflow/example_dags/example_kubernetes_executor.py took 0.224 seconds
[2022-09-20T16:32:07.401+0000] {processor.py:156} INFO - Started process (PID=1626) to work on /home/airflow/.local/lib/python3.7/site-packages/airflow/example_dags/example_kubernetes_executor.py
[2022-09-20T16:32:07.402+0000] {processor.py:758} INFO - Processing file /home/airflow/.local/lib/python3.7/site-packages/airflow/example_dags/example_kubernetes_executor.py for tasks to queue
[2022-09-20T16:32:07.403+0000] {logging_mixin.py:117} INFO - [2022-09-20T16:32:07.403+0000] {dagbag.py:525} INFO - Filling up the DagBag from /home/airflow/.local/lib/python3.7/site-packages/airflow/example_dags/example_kubernetes_executor.py
[2022-09-20T16:32:07.459+0000] {processor.py:768} INFO - DAG(s) dict_keys(['example_kubernetes_executor']) retrieved from /home/airflow/.local/lib/python3.7/site-packages/airflow/example_dags/example_kubernetes_executor.py
[2022-09-20T16:32:07.527+0000] {logging_mixin.py:117} INFO - [2022-09-20T16:32:07.527+0000] {dag.py:2573} INFO - Sync 1 DAGs
[2022-09-20T16:32:07.553+0000] {logging_mixin.py:117} INFO - [2022-09-20T16:32:07.553+0000] {dag.py:3328} INFO - Setting next_dagrun for example_kubernetes_executor to None, run_after=None
[2022-09-20T16:32:07.573+0000] {processor.py:178} INFO - Processing /home/airflow/.local/lib/python3.7/site-packages/airflow/example_dags/example_kubernetes_executor.py took 0.175 seconds
[2022-09-20T16:32:38.310+0000] {processor.py:156} INFO - Started process (PID=1689) to work on /home/airflow/.local/lib/python3.7/site-packages/airflow/example_dags/example_kubernetes_executor.py
[2022-09-20T16:32:38.311+0000] {processor.py:758} INFO - Processing file /home/airflow/.local/lib/python3.7/site-packages/airflow/example_dags/example_kubernetes_executor.py for tasks to queue
[2022-09-20T16:32:38.312+0000] {logging_mixin.py:117} INFO - [2022-09-20T16:32:38.311+0000] {dagbag.py:525} INFO - Filling up the DagBag from /home/airflow/.local/lib/python3.7/site-packages/airflow/example_dags/example_kubernetes_executor.py
[2022-09-20T16:32:38.337+0000] {processor.py:768} INFO - DAG(s) dict_keys(['example_kubernetes_executor']) retrieved from /home/airflow/.local/lib/python3.7/site-packages/airflow/example_dags/example_kubernetes_executor.py
[2022-09-20T16:32:38.371+0000] {logging_mixin.py:117} INFO - [2022-09-20T16:32:38.371+0000] {dag.py:2573} INFO - Sync 1 DAGs
[2022-09-20T16:32:38.392+0000] {logging_mixin.py:117} INFO - [2022-09-20T16:32:38.392+0000] {dag.py:3328} INFO - Setting next_dagrun for example_kubernetes_executor to None, run_after=None
[2022-09-20T16:32:38.411+0000] {processor.py:178} INFO - Processing /home/airflow/.local/lib/python3.7/site-packages/airflow/example_dags/example_kubernetes_executor.py took 0.103 seconds
[2022-09-20T16:33:08.779+0000] {processor.py:156} INFO - Started process (PID=1743) to work on /home/airflow/.local/lib/python3.7/site-packages/airflow/example_dags/example_kubernetes_executor.py
[2022-09-20T16:33:08.780+0000] {processor.py:758} INFO - Processing file /home/airflow/.local/lib/python3.7/site-packages/airflow/example_dags/example_kubernetes_executor.py for tasks to queue
[2022-09-20T16:33:08.780+0000] {logging_mixin.py:117} INFO - [2022-09-20T16:33:08.780+0000] {dagbag.py:525} INFO - Filling up the DagBag from /home/airflow/.local/lib/python3.7/site-packages/airflow/example_dags/example_kubernetes_executor.py
[2022-09-20T16:33:08.806+0000] {processor.py:768} INFO - DAG(s) dict_keys(['example_kubernetes_executor']) retrieved from /home/airflow/.local/lib/python3.7/site-packages/airflow/example_dags/example_kubernetes_executor.py
[2022-09-20T16:33:08.843+0000] {logging_mixin.py:117} INFO - [2022-09-20T16:33:08.842+0000] {dag.py:2573} INFO - Sync 1 DAGs
[2022-09-20T16:33:08.866+0000] {logging_mixin.py:117} INFO - [2022-09-20T16:33:08.866+0000] {dag.py:3328} INFO - Setting next_dagrun for example_kubernetes_executor to None, run_after=None
[2022-09-20T16:33:08.886+0000] {processor.py:178} INFO - Processing /home/airflow/.local/lib/python3.7/site-packages/airflow/example_dags/example_kubernetes_executor.py took 0.111 seconds
[2022-09-20T16:33:39.306+0000] {processor.py:156} INFO - Started process (PID=1806) to work on /home/airflow/.local/lib/python3.7/site-packages/airflow/example_dags/example_kubernetes_executor.py
[2022-09-20T16:33:39.307+0000] {processor.py:758} INFO - Processing file /home/airflow/.local/lib/python3.7/site-packages/airflow/example_dags/example_kubernetes_executor.py for tasks to queue
[2022-09-20T16:33:39.308+0000] {logging_mixin.py:117} INFO - [2022-09-20T16:33:39.307+0000] {dagbag.py:525} INFO - Filling up the DagBag from /home/airflow/.local/lib/python3.7/site-packages/airflow/example_dags/example_kubernetes_executor.py
[2022-09-20T16:33:39.340+0000] {processor.py:768} INFO - DAG(s) dict_keys(['example_kubernetes_executor']) retrieved from /home/airflow/.local/lib/python3.7/site-packages/airflow/example_dags/example_kubernetes_executor.py
[2022-09-20T16:33:39.386+0000] {logging_mixin.py:117} INFO - [2022-09-20T16:33:39.386+0000] {dag.py:2573} INFO - Sync 1 DAGs
[2022-09-20T16:33:39.411+0000] {logging_mixin.py:117} INFO - [2022-09-20T16:33:39.411+0000] {dag.py:3328} INFO - Setting next_dagrun for example_kubernetes_executor to None, run_after=None
[2022-09-20T16:33:39.433+0000] {processor.py:178} INFO - Processing /home/airflow/.local/lib/python3.7/site-packages/airflow/example_dags/example_kubernetes_executor.py took 0.129 seconds
[2022-09-20T16:34:10.127+0000] {processor.py:156} INFO - Started process (PID=1868) to work on /home/airflow/.local/lib/python3.7/site-packages/airflow/example_dags/example_kubernetes_executor.py
[2022-09-20T16:34:10.128+0000] {processor.py:758} INFO - Processing file /home/airflow/.local/lib/python3.7/site-packages/airflow/example_dags/example_kubernetes_executor.py for tasks to queue
[2022-09-20T16:34:10.128+0000] {logging_mixin.py:117} INFO - [2022-09-20T16:34:10.128+0000] {dagbag.py:525} INFO - Filling up the DagBag from /home/airflow/.local/lib/python3.7/site-packages/airflow/example_dags/example_kubernetes_executor.py
[2022-09-20T16:34:10.156+0000] {processor.py:768} INFO - DAG(s) dict_keys(['example_kubernetes_executor']) retrieved from /home/airflow/.local/lib/python3.7/site-packages/airflow/example_dags/example_kubernetes_executor.py
[2022-09-20T16:34:10.192+0000] {logging_mixin.py:117} INFO - [2022-09-20T16:34:10.191+0000] {dag.py:2573} INFO - Sync 1 DAGs
[2022-09-20T16:34:10.215+0000] {logging_mixin.py:117} INFO - [2022-09-20T16:34:10.215+0000] {dag.py:3328} INFO - Setting next_dagrun for example_kubernetes_executor to None, run_after=None
[2022-09-20T16:34:10.237+0000] {processor.py:178} INFO - Processing /home/airflow/.local/lib/python3.7/site-packages/airflow/example_dags/example_kubernetes_executor.py took 0.112 seconds
[2022-09-20T16:34:40.659+0000] {processor.py:156} INFO - Started process (PID=1921) to work on /home/airflow/.local/lib/python3.7/site-packages/airflow/example_dags/example_kubernetes_executor.py
[2022-09-20T16:34:40.660+0000] {processor.py:758} INFO - Processing file /home/airflow/.local/lib/python3.7/site-packages/airflow/example_dags/example_kubernetes_executor.py for tasks to queue
[2022-09-20T16:34:40.661+0000] {logging_mixin.py:117} INFO - [2022-09-20T16:34:40.661+0000] {dagbag.py:525} INFO - Filling up the DagBag from /home/airflow/.local/lib/python3.7/site-packages/airflow/example_dags/example_kubernetes_executor.py
[2022-09-20T16:34:40.695+0000] {processor.py:768} INFO - DAG(s) dict_keys(['example_kubernetes_executor']) retrieved from /home/airflow/.local/lib/python3.7/site-packages/airflow/example_dags/example_kubernetes_executor.py
[2022-09-20T16:34:40.743+0000] {logging_mixin.py:117} INFO - [2022-09-20T16:34:40.743+0000] {dag.py:2573} INFO - Sync 1 DAGs
[2022-09-20T16:34:40.769+0000] {logging_mixin.py:117} INFO - [2022-09-20T16:34:40.769+0000] {dag.py:3328} INFO - Setting next_dagrun for example_kubernetes_executor to None, run_after=None
[2022-09-20T16:34:40.792+0000] {processor.py:178} INFO - Processing /home/airflow/.local/lib/python3.7/site-packages/airflow/example_dags/example_kubernetes_executor.py took 0.135 seconds
[2022-09-20T16:35:11.674+0000] {processor.py:156} INFO - Started process (PID=1984) to work on /home/airflow/.local/lib/python3.7/site-packages/airflow/example_dags/example_kubernetes_executor.py
[2022-09-20T16:35:11.678+0000] {processor.py:758} INFO - Processing file /home/airflow/.local/lib/python3.7/site-packages/airflow/example_dags/example_kubernetes_executor.py for tasks to queue
[2022-09-20T16:35:11.681+0000] {logging_mixin.py:117} INFO - [2022-09-20T16:35:11.681+0000] {dagbag.py:525} INFO - Filling up the DagBag from /home/airflow/.local/lib/python3.7/site-packages/airflow/example_dags/example_kubernetes_executor.py
[2022-09-20T16:35:11.767+0000] {processor.py:768} INFO - DAG(s) dict_keys(['example_kubernetes_executor']) retrieved from /home/airflow/.local/lib/python3.7/site-packages/airflow/example_dags/example_kubernetes_executor.py
[2022-09-20T16:35:11.860+0000] {logging_mixin.py:117} INFO - [2022-09-20T16:35:11.859+0000] {dag.py:2573} INFO - Sync 1 DAGs
[2022-09-20T16:35:11.900+0000] {logging_mixin.py:117} INFO - [2022-09-20T16:35:11.900+0000] {dag.py:3328} INFO - Setting next_dagrun for example_kubernetes_executor to None, run_after=None
[2022-09-20T16:35:11.931+0000] {processor.py:178} INFO - Processing /home/airflow/.local/lib/python3.7/site-packages/airflow/example_dags/example_kubernetes_executor.py took 0.262 seconds
[2022-09-20T16:35:42.169+0000] {processor.py:156} INFO - Started process (PID=2037) to work on /home/airflow/.local/lib/python3.7/site-packages/airflow/example_dags/example_kubernetes_executor.py
[2022-09-20T16:35:42.170+0000] {processor.py:758} INFO - Processing file /home/airflow/.local/lib/python3.7/site-packages/airflow/example_dags/example_kubernetes_executor.py for tasks to queue
[2022-09-20T16:35:42.171+0000] {logging_mixin.py:117} INFO - [2022-09-20T16:35:42.171+0000] {dagbag.py:525} INFO - Filling up the DagBag from /home/airflow/.local/lib/python3.7/site-packages/airflow/example_dags/example_kubernetes_executor.py
[2022-09-20T16:35:42.241+0000] {processor.py:768} INFO - DAG(s) dict_keys(['example_kubernetes_executor']) retrieved from /home/airflow/.local/lib/python3.7/site-packages/airflow/example_dags/example_kubernetes_executor.py
[2022-09-20T16:35:42.346+0000] {logging_mixin.py:117} INFO - [2022-09-20T16:35:42.346+0000] {dag.py:2573} INFO - Sync 1 DAGs
[2022-09-20T16:35:42.392+0000] {logging_mixin.py:117} INFO - [2022-09-20T16:35:42.392+0000] {dag.py:3328} INFO - Setting next_dagrun for example_kubernetes_executor to None, run_after=None
[2022-09-20T16:35:42.427+0000] {processor.py:178} INFO - Processing /home/airflow/.local/lib/python3.7/site-packages/airflow/example_dags/example_kubernetes_executor.py took 0.263 seconds
[2022-09-20T16:36:12.832+0000] {processor.py:156} INFO - Started process (PID=2090) to work on /home/airflow/.local/lib/python3.7/site-packages/airflow/example_dags/example_kubernetes_executor.py
[2022-09-20T16:36:12.833+0000] {processor.py:758} INFO - Processing file /home/airflow/.local/lib/python3.7/site-packages/airflow/example_dags/example_kubernetes_executor.py for tasks to queue
[2022-09-20T16:36:12.834+0000] {logging_mixin.py:117} INFO - [2022-09-20T16:36:12.833+0000] {dagbag.py:525} INFO - Filling up the DagBag from /home/airflow/.local/lib/python3.7/site-packages/airflow/example_dags/example_kubernetes_executor.py
[2022-09-20T16:36:12.876+0000] {processor.py:768} INFO - DAG(s) dict_keys(['example_kubernetes_executor']) retrieved from /home/airflow/.local/lib/python3.7/site-packages/airflow/example_dags/example_kubernetes_executor.py
[2022-09-20T16:36:12.941+0000] {logging_mixin.py:117} INFO - [2022-09-20T16:36:12.941+0000] {dag.py:2573} INFO - Sync 1 DAGs
[2022-09-20T16:36:12.980+0000] {logging_mixin.py:117} INFO - [2022-09-20T16:36:12.979+0000] {dag.py:3328} INFO - Setting next_dagrun for example_kubernetes_executor to None, run_after=None
[2022-09-20T16:36:13.007+0000] {processor.py:178} INFO - Processing /home/airflow/.local/lib/python3.7/site-packages/airflow/example_dags/example_kubernetes_executor.py took 0.178 seconds
[2022-09-20T16:36:43.059+0000] {processor.py:156} INFO - Started process (PID=2153) to work on /home/airflow/.local/lib/python3.7/site-packages/airflow/example_dags/example_kubernetes_executor.py
[2022-09-20T16:36:43.059+0000] {processor.py:758} INFO - Processing file /home/airflow/.local/lib/python3.7/site-packages/airflow/example_dags/example_kubernetes_executor.py for tasks to queue
[2022-09-20T16:36:43.060+0000] {logging_mixin.py:117} INFO - [2022-09-20T16:36:43.060+0000] {dagbag.py:525} INFO - Filling up the DagBag from /home/airflow/.local/lib/python3.7/site-packages/airflow/example_dags/example_kubernetes_executor.py
[2022-09-20T16:36:43.110+0000] {processor.py:768} INFO - DAG(s) dict_keys(['example_kubernetes_executor']) retrieved from /home/airflow/.local/lib/python3.7/site-packages/airflow/example_dags/example_kubernetes_executor.py
[2022-09-20T16:36:43.172+0000] {logging_mixin.py:117} INFO - [2022-09-20T16:36:43.172+0000] {dag.py:2573} INFO - Sync 1 DAGs
[2022-09-20T16:36:43.209+0000] {logging_mixin.py:117} INFO - [2022-09-20T16:36:43.209+0000] {dag.py:3328} INFO - Setting next_dagrun for example_kubernetes_executor to None, run_after=None
[2022-09-20T16:36:43.238+0000] {processor.py:178} INFO - Processing /home/airflow/.local/lib/python3.7/site-packages/airflow/example_dags/example_kubernetes_executor.py took 0.183 seconds
[2022-09-20T16:37:13.935+0000] {processor.py:156} INFO - Started process (PID=2214) to work on /home/airflow/.local/lib/python3.7/site-packages/airflow/example_dags/example_kubernetes_executor.py
[2022-09-20T16:37:13.936+0000] {processor.py:758} INFO - Processing file /home/airflow/.local/lib/python3.7/site-packages/airflow/example_dags/example_kubernetes_executor.py for tasks to queue
[2022-09-20T16:37:13.937+0000] {logging_mixin.py:117} INFO - [2022-09-20T16:37:13.937+0000] {dagbag.py:525} INFO - Filling up the DagBag from /home/airflow/.local/lib/python3.7/site-packages/airflow/example_dags/example_kubernetes_executor.py
[2022-09-20T16:37:13.994+0000] {processor.py:768} INFO - DAG(s) dict_keys(['example_kubernetes_executor']) retrieved from /home/airflow/.local/lib/python3.7/site-packages/airflow/example_dags/example_kubernetes_executor.py
[2022-09-20T16:37:14.079+0000] {logging_mixin.py:117} INFO - [2022-09-20T16:37:14.079+0000] {dag.py:2573} INFO - Sync 1 DAGs
[2022-09-20T16:37:14.123+0000] {logging_mixin.py:117} INFO - [2022-09-20T16:37:14.123+0000] {dag.py:3328} INFO - Setting next_dagrun for example_kubernetes_executor to None, run_after=None
[2022-09-20T16:37:14.151+0000] {processor.py:178} INFO - Processing /home/airflow/.local/lib/python3.7/site-packages/airflow/example_dags/example_kubernetes_executor.py took 0.220 seconds
[2022-09-20T16:37:44.603+0000] {processor.py:156} INFO - Started process (PID=2270) to work on /home/airflow/.local/lib/python3.7/site-packages/airflow/example_dags/example_kubernetes_executor.py
[2022-09-20T16:37:44.604+0000] {processor.py:758} INFO - Processing file /home/airflow/.local/lib/python3.7/site-packages/airflow/example_dags/example_kubernetes_executor.py for tasks to queue
[2022-09-20T16:37:44.605+0000] {logging_mixin.py:117} INFO - [2022-09-20T16:37:44.604+0000] {dagbag.py:525} INFO - Filling up the DagBag from /home/airflow/.local/lib/python3.7/site-packages/airflow/example_dags/example_kubernetes_executor.py
[2022-09-20T16:37:44.635+0000] {processor.py:768} INFO - DAG(s) dict_keys(['example_kubernetes_executor']) retrieved from /home/airflow/.local/lib/python3.7/site-packages/airflow/example_dags/example_kubernetes_executor.py
[2022-09-20T16:37:44.675+0000] {logging_mixin.py:117} INFO - [2022-09-20T16:37:44.675+0000] {dag.py:2573} INFO - Sync 1 DAGs
[2022-09-20T16:37:44.697+0000] {logging_mixin.py:117} INFO - [2022-09-20T16:37:44.697+0000] {dag.py:3328} INFO - Setting next_dagrun for example_kubernetes_executor to None, run_after=None
[2022-09-20T16:37:44.717+0000] {processor.py:178} INFO - Processing /home/airflow/.local/lib/python3.7/site-packages/airflow/example_dags/example_kubernetes_executor.py took 0.116 seconds
[2022-09-20T16:38:15.431+0000] {processor.py:156} INFO - Started process (PID=2333) to work on /home/airflow/.local/lib/python3.7/site-packages/airflow/example_dags/example_kubernetes_executor.py
[2022-09-20T16:38:15.432+0000] {processor.py:758} INFO - Processing file /home/airflow/.local/lib/python3.7/site-packages/airflow/example_dags/example_kubernetes_executor.py for tasks to queue
[2022-09-20T16:38:15.433+0000] {logging_mixin.py:117} INFO - [2022-09-20T16:38:15.433+0000] {dagbag.py:525} INFO - Filling up the DagBag from /home/airflow/.local/lib/python3.7/site-packages/airflow/example_dags/example_kubernetes_executor.py
[2022-09-20T16:38:15.479+0000] {processor.py:768} INFO - DAG(s) dict_keys(['example_kubernetes_executor']) retrieved from /home/airflow/.local/lib/python3.7/site-packages/airflow/example_dags/example_kubernetes_executor.py
[2022-09-20T16:38:15.543+0000] {logging_mixin.py:117} INFO - [2022-09-20T16:38:15.543+0000] {dag.py:2573} INFO - Sync 1 DAGs
[2022-09-20T16:38:15.579+0000] {logging_mixin.py:117} INFO - [2022-09-20T16:38:15.579+0000] {dag.py:3328} INFO - Setting next_dagrun for example_kubernetes_executor to None, run_after=None
[2022-09-20T16:38:15.607+0000] {processor.py:178} INFO - Processing /home/airflow/.local/lib/python3.7/site-packages/airflow/example_dags/example_kubernetes_executor.py took 0.179 seconds
[2022-09-20T16:38:45.794+0000] {processor.py:156} INFO - Started process (PID=2387) to work on /home/airflow/.local/lib/python3.7/site-packages/airflow/example_dags/example_kubernetes_executor.py
[2022-09-20T16:38:45.795+0000] {processor.py:758} INFO - Processing file /home/airflow/.local/lib/python3.7/site-packages/airflow/example_dags/example_kubernetes_executor.py for tasks to queue
[2022-09-20T16:38:45.796+0000] {logging_mixin.py:117} INFO - [2022-09-20T16:38:45.795+0000] {dagbag.py:525} INFO - Filling up the DagBag from /home/airflow/.local/lib/python3.7/site-packages/airflow/example_dags/example_kubernetes_executor.py
[2022-09-20T16:38:45.832+0000] {processor.py:768} INFO - DAG(s) dict_keys(['example_kubernetes_executor']) retrieved from /home/airflow/.local/lib/python3.7/site-packages/airflow/example_dags/example_kubernetes_executor.py
[2022-09-20T16:38:45.867+0000] {logging_mixin.py:117} INFO - [2022-09-20T16:38:45.867+0000] {dag.py:2573} INFO - Sync 1 DAGs
[2022-09-20T16:38:45.889+0000] {logging_mixin.py:117} INFO - [2022-09-20T16:38:45.889+0000] {dag.py:3328} INFO - Setting next_dagrun for example_kubernetes_executor to None, run_after=None
[2022-09-20T16:38:45.910+0000] {processor.py:178} INFO - Processing /home/airflow/.local/lib/python3.7/site-packages/airflow/example_dags/example_kubernetes_executor.py took 0.119 seconds
