[2022-09-20T16:18:35.471+0000] {processor.py:156} INFO - Started process (PID=74) to work on /home/airflow/.local/lib/python3.7/site-packages/airflow/example_dags/example_bash_operator.py
[2022-09-20T16:18:35.472+0000] {processor.py:758} INFO - Processing file /home/airflow/.local/lib/python3.7/site-packages/airflow/example_dags/example_bash_operator.py for tasks to queue
[2022-09-20T16:18:35.473+0000] {logging_mixin.py:117} INFO - [2022-09-20T16:18:35.473+0000] {dagbag.py:525} INFO - Filling up the DagBag from /home/airflow/.local/lib/python3.7/site-packages/airflow/example_dags/example_bash_operator.py
[2022-09-20T16:18:35.508+0000] {processor.py:768} INFO - DAG(s) dict_keys(['example_bash_operator']) retrieved from /home/airflow/.local/lib/python3.7/site-packages/airflow/example_dags/example_bash_operator.py
[2022-09-20T16:18:35.728+0000] {logging_mixin.py:117} INFO - [2022-09-20T16:18:35.728+0000] {dag.py:2573} INFO - Sync 1 DAGs
[2022-09-20T16:18:35.770+0000] {logging_mixin.py:117} INFO - [2022-09-20T16:18:35.770+0000] {dag.py:3328} INFO - Setting next_dagrun for example_bash_operator to 2022-09-19T00:00:00+00:00, run_after=2022-09-20T00:00:00+00:00
[2022-09-20T16:18:35.800+0000] {processor.py:178} INFO - Processing /home/airflow/.local/lib/python3.7/site-packages/airflow/example_dags/example_bash_operator.py took 0.332 seconds
[2022-09-20T16:19:06.672+0000] {processor.py:156} INFO - Started process (PID=135) to work on /home/airflow/.local/lib/python3.7/site-packages/airflow/example_dags/example_bash_operator.py
[2022-09-20T16:19:06.673+0000] {processor.py:758} INFO - Processing file /home/airflow/.local/lib/python3.7/site-packages/airflow/example_dags/example_bash_operator.py for tasks to queue
[2022-09-20T16:19:06.674+0000] {logging_mixin.py:117} INFO - [2022-09-20T16:19:06.674+0000] {dagbag.py:525} INFO - Filling up the DagBag from /home/airflow/.local/lib/python3.7/site-packages/airflow/example_dags/example_bash_operator.py
[2022-09-20T16:19:06.707+0000] {processor.py:768} INFO - DAG(s) dict_keys(['example_bash_operator']) retrieved from /home/airflow/.local/lib/python3.7/site-packages/airflow/example_dags/example_bash_operator.py
[2022-09-20T16:19:06.894+0000] {logging_mixin.py:117} INFO - [2022-09-20T16:19:06.894+0000] {dag.py:2573} INFO - Sync 1 DAGs
[2022-09-20T16:19:06.926+0000] {logging_mixin.py:117} INFO - [2022-09-20T16:19:06.926+0000] {dag.py:3328} INFO - Setting next_dagrun for example_bash_operator to 2022-09-19T00:00:00+00:00, run_after=2022-09-20T00:00:00+00:00
[2022-09-20T16:19:06.951+0000] {processor.py:178} INFO - Processing /home/airflow/.local/lib/python3.7/site-packages/airflow/example_dags/example_bash_operator.py took 0.283 seconds
[2022-09-20T16:19:37.406+0000] {processor.py:156} INFO - Started process (PID=190) to work on /home/airflow/.local/lib/python3.7/site-packages/airflow/example_dags/example_bash_operator.py
[2022-09-20T16:19:37.406+0000] {processor.py:758} INFO - Processing file /home/airflow/.local/lib/python3.7/site-packages/airflow/example_dags/example_bash_operator.py for tasks to queue
[2022-09-20T16:19:37.407+0000] {logging_mixin.py:117} INFO - [2022-09-20T16:19:37.407+0000] {dagbag.py:525} INFO - Filling up the DagBag from /home/airflow/.local/lib/python3.7/site-packages/airflow/example_dags/example_bash_operator.py
[2022-09-20T16:19:37.549+0000] {processor.py:768} INFO - DAG(s) dict_keys(['example_bash_operator']) retrieved from /home/airflow/.local/lib/python3.7/site-packages/airflow/example_dags/example_bash_operator.py
[2022-09-20T16:19:37.587+0000] {logging_mixin.py:117} INFO - [2022-09-20T16:19:37.587+0000] {dag.py:2573} INFO - Sync 1 DAGs
[2022-09-20T16:19:37.611+0000] {logging_mixin.py:117} INFO - [2022-09-20T16:19:37.611+0000] {dag.py:3328} INFO - Setting next_dagrun for example_bash_operator to 2022-09-19T00:00:00+00:00, run_after=2022-09-20T00:00:00+00:00
[2022-09-20T16:19:37.631+0000] {processor.py:178} INFO - Processing /home/airflow/.local/lib/python3.7/site-packages/airflow/example_dags/example_bash_operator.py took 0.228 seconds
[2022-09-20T16:20:11.256+0000] {processor.py:156} INFO - Started process (PID=253) to work on /home/airflow/.local/lib/python3.7/site-packages/airflow/example_dags/example_bash_operator.py
[2022-09-20T16:20:11.257+0000] {processor.py:758} INFO - Processing file /home/airflow/.local/lib/python3.7/site-packages/airflow/example_dags/example_bash_operator.py for tasks to queue
[2022-09-20T16:20:11.258+0000] {logging_mixin.py:117} INFO - [2022-09-20T16:20:11.258+0000] {dagbag.py:525} INFO - Filling up the DagBag from /home/airflow/.local/lib/python3.7/site-packages/airflow/example_dags/example_bash_operator.py
[2022-09-20T16:20:11.330+0000] {processor.py:768} INFO - DAG(s) dict_keys(['example_bash_operator']) retrieved from /home/airflow/.local/lib/python3.7/site-packages/airflow/example_dags/example_bash_operator.py
[2022-09-20T16:20:11.512+0000] {logging_mixin.py:117} INFO - [2022-09-20T16:20:11.512+0000] {dag.py:2573} INFO - Sync 1 DAGs
[2022-09-20T16:20:11.584+0000] {logging_mixin.py:117} INFO - [2022-09-20T16:20:11.584+0000] {dag.py:3328} INFO - Setting next_dagrun for example_bash_operator to 2022-09-19T00:00:00+00:00, run_after=2022-09-20T00:00:00+00:00
[2022-09-20T16:20:11.644+0000] {processor.py:178} INFO - Processing /home/airflow/.local/lib/python3.7/site-packages/airflow/example_dags/example_bash_operator.py took 0.394 seconds
[2022-09-20T16:20:41.777+0000] {processor.py:156} INFO - Started process (PID=307) to work on /home/airflow/.local/lib/python3.7/site-packages/airflow/example_dags/example_bash_operator.py
[2022-09-20T16:20:41.778+0000] {processor.py:758} INFO - Processing file /home/airflow/.local/lib/python3.7/site-packages/airflow/example_dags/example_bash_operator.py for tasks to queue
[2022-09-20T16:20:41.779+0000] {logging_mixin.py:117} INFO - [2022-09-20T16:20:41.778+0000] {dagbag.py:525} INFO - Filling up the DagBag from /home/airflow/.local/lib/python3.7/site-packages/airflow/example_dags/example_bash_operator.py
[2022-09-20T16:20:41.799+0000] {processor.py:768} INFO - DAG(s) dict_keys(['example_bash_operator']) retrieved from /home/airflow/.local/lib/python3.7/site-packages/airflow/example_dags/example_bash_operator.py
[2022-09-20T16:20:41.841+0000] {logging_mixin.py:117} INFO - [2022-09-20T16:20:41.841+0000] {dag.py:2573} INFO - Sync 1 DAGs
[2022-09-20T16:20:41.865+0000] {logging_mixin.py:117} INFO - [2022-09-20T16:20:41.865+0000] {dag.py:3328} INFO - Setting next_dagrun for example_bash_operator to 2022-09-19T00:00:00+00:00, run_after=2022-09-20T00:00:00+00:00
[2022-09-20T16:20:41.887+0000] {processor.py:178} INFO - Processing /home/airflow/.local/lib/python3.7/site-packages/airflow/example_dags/example_bash_operator.py took 0.112 seconds
[2022-09-20T16:21:12.786+0000] {processor.py:156} INFO - Started process (PID=368) to work on /home/airflow/.local/lib/python3.7/site-packages/airflow/example_dags/example_bash_operator.py
[2022-09-20T16:21:12.787+0000] {processor.py:758} INFO - Processing file /home/airflow/.local/lib/python3.7/site-packages/airflow/example_dags/example_bash_operator.py for tasks to queue
[2022-09-20T16:21:12.787+0000] {logging_mixin.py:117} INFO - [2022-09-20T16:21:12.787+0000] {dagbag.py:525} INFO - Filling up the DagBag from /home/airflow/.local/lib/python3.7/site-packages/airflow/example_dags/example_bash_operator.py
[2022-09-20T16:21:12.815+0000] {processor.py:768} INFO - DAG(s) dict_keys(['example_bash_operator']) retrieved from /home/airflow/.local/lib/python3.7/site-packages/airflow/example_dags/example_bash_operator.py
[2022-09-20T16:21:12.875+0000] {logging_mixin.py:117} INFO - [2022-09-20T16:21:12.874+0000] {dag.py:2573} INFO - Sync 1 DAGs
[2022-09-20T16:21:12.908+0000] {logging_mixin.py:117} INFO - [2022-09-20T16:21:12.907+0000] {dag.py:3328} INFO - Setting next_dagrun for example_bash_operator to 2022-09-19T00:00:00+00:00, run_after=2022-09-20T00:00:00+00:00
[2022-09-20T16:21:12.933+0000] {processor.py:178} INFO - Processing /home/airflow/.local/lib/python3.7/site-packages/airflow/example_dags/example_bash_operator.py took 0.150 seconds
[2022-09-20T16:21:42.985+0000] {processor.py:156} INFO - Started process (PID=431) to work on /home/airflow/.local/lib/python3.7/site-packages/airflow/example_dags/example_bash_operator.py
[2022-09-20T16:21:42.986+0000] {processor.py:758} INFO - Processing file /home/airflow/.local/lib/python3.7/site-packages/airflow/example_dags/example_bash_operator.py for tasks to queue
[2022-09-20T16:21:42.986+0000] {logging_mixin.py:117} INFO - [2022-09-20T16:21:42.986+0000] {dagbag.py:525} INFO - Filling up the DagBag from /home/airflow/.local/lib/python3.7/site-packages/airflow/example_dags/example_bash_operator.py
[2022-09-20T16:21:43.002+0000] {processor.py:768} INFO - DAG(s) dict_keys(['example_bash_operator']) retrieved from /home/airflow/.local/lib/python3.7/site-packages/airflow/example_dags/example_bash_operator.py
[2022-09-20T16:21:43.039+0000] {logging_mixin.py:117} INFO - [2022-09-20T16:21:43.039+0000] {dag.py:2573} INFO - Sync 1 DAGs
[2022-09-20T16:21:43.066+0000] {logging_mixin.py:117} INFO - [2022-09-20T16:21:43.066+0000] {dag.py:3328} INFO - Setting next_dagrun for example_bash_operator to 2022-09-19T00:00:00+00:00, run_after=2022-09-20T00:00:00+00:00
[2022-09-20T16:21:43.087+0000] {processor.py:178} INFO - Processing /home/airflow/.local/lib/python3.7/site-packages/airflow/example_dags/example_bash_operator.py took 0.104 seconds
[2022-09-20T16:22:13.318+0000] {processor.py:156} INFO - Started process (PID=484) to work on /home/airflow/.local/lib/python3.7/site-packages/airflow/example_dags/example_bash_operator.py
[2022-09-20T16:22:13.318+0000] {processor.py:758} INFO - Processing file /home/airflow/.local/lib/python3.7/site-packages/airflow/example_dags/example_bash_operator.py for tasks to queue
[2022-09-20T16:22:13.319+0000] {logging_mixin.py:117} INFO - [2022-09-20T16:22:13.319+0000] {dagbag.py:525} INFO - Filling up the DagBag from /home/airflow/.local/lib/python3.7/site-packages/airflow/example_dags/example_bash_operator.py
[2022-09-20T16:22:13.338+0000] {processor.py:768} INFO - DAG(s) dict_keys(['example_bash_operator']) retrieved from /home/airflow/.local/lib/python3.7/site-packages/airflow/example_dags/example_bash_operator.py
[2022-09-20T16:22:13.379+0000] {logging_mixin.py:117} INFO - [2022-09-20T16:22:13.379+0000] {dag.py:2573} INFO - Sync 1 DAGs
[2022-09-20T16:22:13.409+0000] {logging_mixin.py:117} INFO - [2022-09-20T16:22:13.409+0000] {dag.py:3328} INFO - Setting next_dagrun for example_bash_operator to 2022-09-19T00:00:00+00:00, run_after=2022-09-20T00:00:00+00:00
[2022-09-20T16:22:13.432+0000] {processor.py:178} INFO - Processing /home/airflow/.local/lib/python3.7/site-packages/airflow/example_dags/example_bash_operator.py took 0.116 seconds
[2022-09-20T16:22:43.765+0000] {processor.py:156} INFO - Started process (PID=546) to work on /home/airflow/.local/lib/python3.7/site-packages/airflow/example_dags/example_bash_operator.py
[2022-09-20T16:22:43.766+0000] {processor.py:758} INFO - Processing file /home/airflow/.local/lib/python3.7/site-packages/airflow/example_dags/example_bash_operator.py for tasks to queue
[2022-09-20T16:22:43.766+0000] {logging_mixin.py:117} INFO - [2022-09-20T16:22:43.766+0000] {dagbag.py:525} INFO - Filling up the DagBag from /home/airflow/.local/lib/python3.7/site-packages/airflow/example_dags/example_bash_operator.py
[2022-09-20T16:22:43.783+0000] {processor.py:768} INFO - DAG(s) dict_keys(['example_bash_operator']) retrieved from /home/airflow/.local/lib/python3.7/site-packages/airflow/example_dags/example_bash_operator.py
[2022-09-20T16:22:43.826+0000] {logging_mixin.py:117} INFO - [2022-09-20T16:22:43.826+0000] {dag.py:2573} INFO - Sync 1 DAGs
[2022-09-20T16:22:43.850+0000] {logging_mixin.py:117} INFO - [2022-09-20T16:22:43.850+0000] {dag.py:3328} INFO - Setting next_dagrun for example_bash_operator to 2022-09-19T00:00:00+00:00, run_after=2022-09-20T00:00:00+00:00
[2022-09-20T16:22:43.870+0000] {processor.py:178} INFO - Processing /home/airflow/.local/lib/python3.7/site-packages/airflow/example_dags/example_bash_operator.py took 0.107 seconds
[2022-09-20T16:23:14.318+0000] {processor.py:156} INFO - Started process (PID=609) to work on /home/airflow/.local/lib/python3.7/site-packages/airflow/example_dags/example_bash_operator.py
[2022-09-20T16:23:14.319+0000] {processor.py:758} INFO - Processing file /home/airflow/.local/lib/python3.7/site-packages/airflow/example_dags/example_bash_operator.py for tasks to queue
[2022-09-20T16:23:14.319+0000] {logging_mixin.py:117} INFO - [2022-09-20T16:23:14.319+0000] {dagbag.py:525} INFO - Filling up the DagBag from /home/airflow/.local/lib/python3.7/site-packages/airflow/example_dags/example_bash_operator.py
[2022-09-20T16:23:14.338+0000] {processor.py:768} INFO - DAG(s) dict_keys(['example_bash_operator']) retrieved from /home/airflow/.local/lib/python3.7/site-packages/airflow/example_dags/example_bash_operator.py
[2022-09-20T16:23:14.378+0000] {logging_mixin.py:117} INFO - [2022-09-20T16:23:14.378+0000] {dag.py:2573} INFO - Sync 1 DAGs
[2022-09-20T16:23:14.401+0000] {logging_mixin.py:117} INFO - [2022-09-20T16:23:14.400+0000] {dag.py:3328} INFO - Setting next_dagrun for example_bash_operator to 2022-09-19T00:00:00+00:00, run_after=2022-09-20T00:00:00+00:00
[2022-09-20T16:23:14.423+0000] {processor.py:178} INFO - Processing /home/airflow/.local/lib/python3.7/site-packages/airflow/example_dags/example_bash_operator.py took 0.107 seconds
[2022-09-20T16:23:44.736+0000] {processor.py:156} INFO - Started process (PID=662) to work on /home/airflow/.local/lib/python3.7/site-packages/airflow/example_dags/example_bash_operator.py
[2022-09-20T16:23:44.737+0000] {processor.py:758} INFO - Processing file /home/airflow/.local/lib/python3.7/site-packages/airflow/example_dags/example_bash_operator.py for tasks to queue
[2022-09-20T16:23:44.737+0000] {logging_mixin.py:117} INFO - [2022-09-20T16:23:44.737+0000] {dagbag.py:525} INFO - Filling up the DagBag from /home/airflow/.local/lib/python3.7/site-packages/airflow/example_dags/example_bash_operator.py
[2022-09-20T16:23:44.755+0000] {processor.py:768} INFO - DAG(s) dict_keys(['example_bash_operator']) retrieved from /home/airflow/.local/lib/python3.7/site-packages/airflow/example_dags/example_bash_operator.py
[2022-09-20T16:23:44.797+0000] {logging_mixin.py:117} INFO - [2022-09-20T16:23:44.797+0000] {dag.py:2573} INFO - Sync 1 DAGs
[2022-09-20T16:23:44.823+0000] {logging_mixin.py:117} INFO - [2022-09-20T16:23:44.823+0000] {dag.py:3328} INFO - Setting next_dagrun for example_bash_operator to 2022-09-19T00:00:00+00:00, run_after=2022-09-20T00:00:00+00:00
[2022-09-20T16:23:44.846+0000] {processor.py:178} INFO - Processing /home/airflow/.local/lib/python3.7/site-packages/airflow/example_dags/example_bash_operator.py took 0.112 seconds
[2022-09-20T16:24:15.306+0000] {processor.py:156} INFO - Started process (PID=724) to work on /home/airflow/.local/lib/python3.7/site-packages/airflow/example_dags/example_bash_operator.py
[2022-09-20T16:24:15.307+0000] {processor.py:758} INFO - Processing file /home/airflow/.local/lib/python3.7/site-packages/airflow/example_dags/example_bash_operator.py for tasks to queue
[2022-09-20T16:24:15.308+0000] {logging_mixin.py:117} INFO - [2022-09-20T16:24:15.307+0000] {dagbag.py:525} INFO - Filling up the DagBag from /home/airflow/.local/lib/python3.7/site-packages/airflow/example_dags/example_bash_operator.py
[2022-09-20T16:24:15.330+0000] {processor.py:768} INFO - DAG(s) dict_keys(['example_bash_operator']) retrieved from /home/airflow/.local/lib/python3.7/site-packages/airflow/example_dags/example_bash_operator.py
[2022-09-20T16:24:15.376+0000] {logging_mixin.py:117} INFO - [2022-09-20T16:24:15.376+0000] {dag.py:2573} INFO - Sync 1 DAGs
[2022-09-20T16:24:15.407+0000] {logging_mixin.py:117} INFO - [2022-09-20T16:24:15.406+0000] {dag.py:3328} INFO - Setting next_dagrun for example_bash_operator to 2022-09-19T00:00:00+00:00, run_after=2022-09-20T00:00:00+00:00
[2022-09-20T16:24:15.432+0000] {processor.py:178} INFO - Processing /home/airflow/.local/lib/python3.7/site-packages/airflow/example_dags/example_bash_operator.py took 0.130 seconds
[2022-09-20T16:24:45.620+0000] {processor.py:156} INFO - Started process (PID=786) to work on /home/airflow/.local/lib/python3.7/site-packages/airflow/example_dags/example_bash_operator.py
[2022-09-20T16:24:45.621+0000] {processor.py:758} INFO - Processing file /home/airflow/.local/lib/python3.7/site-packages/airflow/example_dags/example_bash_operator.py for tasks to queue
[2022-09-20T16:24:45.622+0000] {logging_mixin.py:117} INFO - [2022-09-20T16:24:45.622+0000] {dagbag.py:525} INFO - Filling up the DagBag from /home/airflow/.local/lib/python3.7/site-packages/airflow/example_dags/example_bash_operator.py
[2022-09-20T16:24:45.655+0000] {processor.py:768} INFO - DAG(s) dict_keys(['example_bash_operator']) retrieved from /home/airflow/.local/lib/python3.7/site-packages/airflow/example_dags/example_bash_operator.py
[2022-09-20T16:24:45.713+0000] {logging_mixin.py:117} INFO - [2022-09-20T16:24:45.713+0000] {dag.py:2573} INFO - Sync 1 DAGs
[2022-09-20T16:24:45.745+0000] {logging_mixin.py:117} INFO - [2022-09-20T16:24:45.745+0000] {dag.py:3328} INFO - Setting next_dagrun for example_bash_operator to 2022-09-19T00:00:00+00:00, run_after=2022-09-20T00:00:00+00:00
[2022-09-20T16:24:45.771+0000] {processor.py:178} INFO - Processing /home/airflow/.local/lib/python3.7/site-packages/airflow/example_dags/example_bash_operator.py took 0.154 seconds
[2022-09-20T16:25:16.327+0000] {processor.py:156} INFO - Started process (PID=840) to work on /home/airflow/.local/lib/python3.7/site-packages/airflow/example_dags/example_bash_operator.py
[2022-09-20T16:25:16.328+0000] {processor.py:758} INFO - Processing file /home/airflow/.local/lib/python3.7/site-packages/airflow/example_dags/example_bash_operator.py for tasks to queue
[2022-09-20T16:25:16.329+0000] {logging_mixin.py:117} INFO - [2022-09-20T16:25:16.328+0000] {dagbag.py:525} INFO - Filling up the DagBag from /home/airflow/.local/lib/python3.7/site-packages/airflow/example_dags/example_bash_operator.py
[2022-09-20T16:25:16.352+0000] {processor.py:768} INFO - DAG(s) dict_keys(['example_bash_operator']) retrieved from /home/airflow/.local/lib/python3.7/site-packages/airflow/example_dags/example_bash_operator.py
[2022-09-20T16:25:16.400+0000] {logging_mixin.py:117} INFO - [2022-09-20T16:25:16.400+0000] {dag.py:2573} INFO - Sync 1 DAGs
[2022-09-20T16:25:16.426+0000] {logging_mixin.py:117} INFO - [2022-09-20T16:25:16.426+0000] {dag.py:3328} INFO - Setting next_dagrun for example_bash_operator to 2022-09-19T00:00:00+00:00, run_after=2022-09-20T00:00:00+00:00
[2022-09-20T16:25:16.447+0000] {processor.py:178} INFO - Processing /home/airflow/.local/lib/python3.7/site-packages/airflow/example_dags/example_bash_operator.py took 0.122 seconds
[2022-09-20T16:25:46.741+0000] {processor.py:156} INFO - Started process (PID=902) to work on /home/airflow/.local/lib/python3.7/site-packages/airflow/example_dags/example_bash_operator.py
[2022-09-20T16:25:46.742+0000] {processor.py:758} INFO - Processing file /home/airflow/.local/lib/python3.7/site-packages/airflow/example_dags/example_bash_operator.py for tasks to queue
[2022-09-20T16:25:46.743+0000] {logging_mixin.py:117} INFO - [2022-09-20T16:25:46.743+0000] {dagbag.py:525} INFO - Filling up the DagBag from /home/airflow/.local/lib/python3.7/site-packages/airflow/example_dags/example_bash_operator.py
[2022-09-20T16:25:46.760+0000] {processor.py:768} INFO - DAG(s) dict_keys(['example_bash_operator']) retrieved from /home/airflow/.local/lib/python3.7/site-packages/airflow/example_dags/example_bash_operator.py
[2022-09-20T16:25:46.798+0000] {logging_mixin.py:117} INFO - [2022-09-20T16:25:46.798+0000] {dag.py:2573} INFO - Sync 1 DAGs
[2022-09-20T16:25:46.823+0000] {logging_mixin.py:117} INFO - [2022-09-20T16:25:46.823+0000] {dag.py:3328} INFO - Setting next_dagrun for example_bash_operator to 2022-09-19T00:00:00+00:00, run_after=2022-09-20T00:00:00+00:00
[2022-09-20T16:25:46.843+0000] {processor.py:178} INFO - Processing /home/airflow/.local/lib/python3.7/site-packages/airflow/example_dags/example_bash_operator.py took 0.104 seconds
[2022-09-20T16:26:17.553+0000] {processor.py:156} INFO - Started process (PID=963) to work on /home/airflow/.local/lib/python3.7/site-packages/airflow/example_dags/example_bash_operator.py
[2022-09-20T16:26:17.554+0000] {processor.py:758} INFO - Processing file /home/airflow/.local/lib/python3.7/site-packages/airflow/example_dags/example_bash_operator.py for tasks to queue
[2022-09-20T16:26:17.555+0000] {logging_mixin.py:117} INFO - [2022-09-20T16:26:17.554+0000] {dagbag.py:525} INFO - Filling up the DagBag from /home/airflow/.local/lib/python3.7/site-packages/airflow/example_dags/example_bash_operator.py
[2022-09-20T16:26:17.585+0000] {processor.py:768} INFO - DAG(s) dict_keys(['example_bash_operator']) retrieved from /home/airflow/.local/lib/python3.7/site-packages/airflow/example_dags/example_bash_operator.py
[2022-09-20T16:26:17.640+0000] {logging_mixin.py:117} INFO - [2022-09-20T16:26:17.640+0000] {dag.py:2573} INFO - Sync 1 DAGs
[2022-09-20T16:26:17.679+0000] {logging_mixin.py:117} INFO - [2022-09-20T16:26:17.679+0000] {dag.py:3328} INFO - Setting next_dagrun for example_bash_operator to 2022-09-19T00:00:00+00:00, run_after=2022-09-20T00:00:00+00:00
[2022-09-20T16:26:17.708+0000] {processor.py:178} INFO - Processing /home/airflow/.local/lib/python3.7/site-packages/airflow/example_dags/example_bash_operator.py took 0.158 seconds
[2022-09-20T16:26:48.552+0000] {processor.py:156} INFO - Started process (PID=1018) to work on /home/airflow/.local/lib/python3.7/site-packages/airflow/example_dags/example_bash_operator.py
[2022-09-20T16:26:48.553+0000] {processor.py:758} INFO - Processing file /home/airflow/.local/lib/python3.7/site-packages/airflow/example_dags/example_bash_operator.py for tasks to queue
[2022-09-20T16:26:48.553+0000] {logging_mixin.py:117} INFO - [2022-09-20T16:26:48.553+0000] {dagbag.py:525} INFO - Filling up the DagBag from /home/airflow/.local/lib/python3.7/site-packages/airflow/example_dags/example_bash_operator.py
[2022-09-20T16:26:48.574+0000] {processor.py:768} INFO - DAG(s) dict_keys(['example_bash_operator']) retrieved from /home/airflow/.local/lib/python3.7/site-packages/airflow/example_dags/example_bash_operator.py
[2022-09-20T16:26:48.624+0000] {logging_mixin.py:117} INFO - [2022-09-20T16:26:48.624+0000] {dag.py:2573} INFO - Sync 1 DAGs
[2022-09-20T16:26:48.657+0000] {logging_mixin.py:117} INFO - [2022-09-20T16:26:48.657+0000] {dag.py:3328} INFO - Setting next_dagrun for example_bash_operator to 2022-09-19T00:00:00+00:00, run_after=2022-09-20T00:00:00+00:00
[2022-09-20T16:26:48.682+0000] {processor.py:178} INFO - Processing /home/airflow/.local/lib/python3.7/site-packages/airflow/example_dags/example_bash_operator.py took 0.133 seconds
[2022-09-20T16:27:18.842+0000] {processor.py:156} INFO - Started process (PID=1081) to work on /home/airflow/.local/lib/python3.7/site-packages/airflow/example_dags/example_bash_operator.py
[2022-09-20T16:27:18.843+0000] {processor.py:758} INFO - Processing file /home/airflow/.local/lib/python3.7/site-packages/airflow/example_dags/example_bash_operator.py for tasks to queue
[2022-09-20T16:27:18.844+0000] {logging_mixin.py:117} INFO - [2022-09-20T16:27:18.843+0000] {dagbag.py:525} INFO - Filling up the DagBag from /home/airflow/.local/lib/python3.7/site-packages/airflow/example_dags/example_bash_operator.py
[2022-09-20T16:27:18.863+0000] {processor.py:768} INFO - DAG(s) dict_keys(['example_bash_operator']) retrieved from /home/airflow/.local/lib/python3.7/site-packages/airflow/example_dags/example_bash_operator.py
[2022-09-20T16:27:18.904+0000] {logging_mixin.py:117} INFO - [2022-09-20T16:27:18.904+0000] {dag.py:2573} INFO - Sync 1 DAGs
[2022-09-20T16:27:18.937+0000] {logging_mixin.py:117} INFO - [2022-09-20T16:27:18.936+0000] {dag.py:3328} INFO - Setting next_dagrun for example_bash_operator to 2022-09-19T00:00:00+00:00, run_after=2022-09-20T00:00:00+00:00
[2022-09-20T16:27:18.959+0000] {processor.py:178} INFO - Processing /home/airflow/.local/lib/python3.7/site-packages/airflow/example_dags/example_bash_operator.py took 0.119 seconds
[2022-09-20T16:27:49.061+0000] {processor.py:156} INFO - Started process (PID=1134) to work on /home/airflow/.local/lib/python3.7/site-packages/airflow/example_dags/example_bash_operator.py
[2022-09-20T16:27:49.061+0000] {processor.py:758} INFO - Processing file /home/airflow/.local/lib/python3.7/site-packages/airflow/example_dags/example_bash_operator.py for tasks to queue
[2022-09-20T16:27:49.062+0000] {logging_mixin.py:117} INFO - [2022-09-20T16:27:49.062+0000] {dagbag.py:525} INFO - Filling up the DagBag from /home/airflow/.local/lib/python3.7/site-packages/airflow/example_dags/example_bash_operator.py
[2022-09-20T16:27:49.085+0000] {processor.py:768} INFO - DAG(s) dict_keys(['example_bash_operator']) retrieved from /home/airflow/.local/lib/python3.7/site-packages/airflow/example_dags/example_bash_operator.py
[2022-09-20T16:27:49.141+0000] {logging_mixin.py:117} INFO - [2022-09-20T16:27:49.141+0000] {dag.py:2573} INFO - Sync 1 DAGs
[2022-09-20T16:27:49.176+0000] {logging_mixin.py:117} INFO - [2022-09-20T16:27:49.176+0000] {dag.py:3328} INFO - Setting next_dagrun for example_bash_operator to 2022-09-19T00:00:00+00:00, run_after=2022-09-20T00:00:00+00:00
[2022-09-20T16:27:49.210+0000] {processor.py:178} INFO - Processing /home/airflow/.local/lib/python3.7/site-packages/airflow/example_dags/example_bash_operator.py took 0.152 seconds
[2022-09-20T16:28:19.279+0000] {processor.py:156} INFO - Started process (PID=1196) to work on /home/airflow/.local/lib/python3.7/site-packages/airflow/example_dags/example_bash_operator.py
[2022-09-20T16:28:19.280+0000] {processor.py:758} INFO - Processing file /home/airflow/.local/lib/python3.7/site-packages/airflow/example_dags/example_bash_operator.py for tasks to queue
[2022-09-20T16:28:19.281+0000] {logging_mixin.py:117} INFO - [2022-09-20T16:28:19.281+0000] {dagbag.py:525} INFO - Filling up the DagBag from /home/airflow/.local/lib/python3.7/site-packages/airflow/example_dags/example_bash_operator.py
[2022-09-20T16:28:19.301+0000] {processor.py:768} INFO - DAG(s) dict_keys(['example_bash_operator']) retrieved from /home/airflow/.local/lib/python3.7/site-packages/airflow/example_dags/example_bash_operator.py
[2022-09-20T16:28:19.346+0000] {logging_mixin.py:117} INFO - [2022-09-20T16:28:19.345+0000] {dag.py:2573} INFO - Sync 1 DAGs
[2022-09-20T16:28:19.373+0000] {logging_mixin.py:117} INFO - [2022-09-20T16:28:19.373+0000] {dag.py:3328} INFO - Setting next_dagrun for example_bash_operator to 2022-09-19T00:00:00+00:00, run_after=2022-09-20T00:00:00+00:00
[2022-09-20T16:28:19.396+0000] {processor.py:178} INFO - Processing /home/airflow/.local/lib/python3.7/site-packages/airflow/example_dags/example_bash_operator.py took 0.119 seconds
[2022-09-20T16:28:49.924+0000] {processor.py:156} INFO - Started process (PID=1260) to work on /home/airflow/.local/lib/python3.7/site-packages/airflow/example_dags/example_bash_operator.py
[2022-09-20T16:28:49.929+0000] {processor.py:758} INFO - Processing file /home/airflow/.local/lib/python3.7/site-packages/airflow/example_dags/example_bash_operator.py for tasks to queue
[2022-09-20T16:28:49.930+0000] {logging_mixin.py:117} INFO - [2022-09-20T16:28:49.930+0000] {dagbag.py:525} INFO - Filling up the DagBag from /home/airflow/.local/lib/python3.7/site-packages/airflow/example_dags/example_bash_operator.py
[2022-09-20T16:28:49.975+0000] {processor.py:768} INFO - DAG(s) dict_keys(['example_bash_operator']) retrieved from /home/airflow/.local/lib/python3.7/site-packages/airflow/example_dags/example_bash_operator.py
[2022-09-20T16:28:50.047+0000] {logging_mixin.py:117} INFO - [2022-09-20T16:28:50.047+0000] {dag.py:2573} INFO - Sync 1 DAGs
[2022-09-20T16:28:50.077+0000] {logging_mixin.py:117} INFO - [2022-09-20T16:28:50.077+0000] {dag.py:3328} INFO - Setting next_dagrun for example_bash_operator to 2022-09-19T00:00:00+00:00, run_after=2022-09-20T00:00:00+00:00
[2022-09-20T16:28:50.100+0000] {processor.py:178} INFO - Processing /home/airflow/.local/lib/python3.7/site-packages/airflow/example_dags/example_bash_operator.py took 0.180 seconds
[2022-09-20T16:29:20.221+0000] {processor.py:156} INFO - Started process (PID=1313) to work on /home/airflow/.local/lib/python3.7/site-packages/airflow/example_dags/example_bash_operator.py
[2022-09-20T16:29:20.222+0000] {processor.py:758} INFO - Processing file /home/airflow/.local/lib/python3.7/site-packages/airflow/example_dags/example_bash_operator.py for tasks to queue
[2022-09-20T16:29:20.222+0000] {logging_mixin.py:117} INFO - [2022-09-20T16:29:20.222+0000] {dagbag.py:525} INFO - Filling up the DagBag from /home/airflow/.local/lib/python3.7/site-packages/airflow/example_dags/example_bash_operator.py
[2022-09-20T16:29:20.257+0000] {processor.py:768} INFO - DAG(s) dict_keys(['example_bash_operator']) retrieved from /home/airflow/.local/lib/python3.7/site-packages/airflow/example_dags/example_bash_operator.py
[2022-09-20T16:29:20.319+0000] {logging_mixin.py:117} INFO - [2022-09-20T16:29:20.319+0000] {dag.py:2573} INFO - Sync 1 DAGs
[2022-09-20T16:29:20.352+0000] {logging_mixin.py:117} INFO - [2022-09-20T16:29:20.352+0000] {dag.py:3328} INFO - Setting next_dagrun for example_bash_operator to 2022-09-19T00:00:00+00:00, run_after=2022-09-20T00:00:00+00:00
[2022-09-20T16:29:20.376+0000] {processor.py:178} INFO - Processing /home/airflow/.local/lib/python3.7/site-packages/airflow/example_dags/example_bash_operator.py took 0.158 seconds
[2022-09-20T16:29:50.854+0000] {processor.py:156} INFO - Started process (PID=1375) to work on /home/airflow/.local/lib/python3.7/site-packages/airflow/example_dags/example_bash_operator.py
[2022-09-20T16:29:50.854+0000] {processor.py:758} INFO - Processing file /home/airflow/.local/lib/python3.7/site-packages/airflow/example_dags/example_bash_operator.py for tasks to queue
[2022-09-20T16:29:50.855+0000] {logging_mixin.py:117} INFO - [2022-09-20T16:29:50.855+0000] {dagbag.py:525} INFO - Filling up the DagBag from /home/airflow/.local/lib/python3.7/site-packages/airflow/example_dags/example_bash_operator.py
[2022-09-20T16:29:50.872+0000] {processor.py:768} INFO - DAG(s) dict_keys(['example_bash_operator']) retrieved from /home/airflow/.local/lib/python3.7/site-packages/airflow/example_dags/example_bash_operator.py
[2022-09-20T16:29:50.912+0000] {logging_mixin.py:117} INFO - [2022-09-20T16:29:50.912+0000] {dag.py:2573} INFO - Sync 1 DAGs
[2022-09-20T16:29:50.934+0000] {logging_mixin.py:117} INFO - [2022-09-20T16:29:50.934+0000] {dag.py:3328} INFO - Setting next_dagrun for example_bash_operator to 2022-09-19T00:00:00+00:00, run_after=2022-09-20T00:00:00+00:00
[2022-09-20T16:29:50.956+0000] {processor.py:178} INFO - Processing /home/airflow/.local/lib/python3.7/site-packages/airflow/example_dags/example_bash_operator.py took 0.105 seconds
[2022-09-20T16:30:21.518+0000] {processor.py:156} INFO - Started process (PID=1436) to work on /home/airflow/.local/lib/python3.7/site-packages/airflow/example_dags/example_bash_operator.py
[2022-09-20T16:30:21.519+0000] {processor.py:758} INFO - Processing file /home/airflow/.local/lib/python3.7/site-packages/airflow/example_dags/example_bash_operator.py for tasks to queue
[2022-09-20T16:30:21.519+0000] {logging_mixin.py:117} INFO - [2022-09-20T16:30:21.519+0000] {dagbag.py:525} INFO - Filling up the DagBag from /home/airflow/.local/lib/python3.7/site-packages/airflow/example_dags/example_bash_operator.py
[2022-09-20T16:30:21.560+0000] {processor.py:768} INFO - DAG(s) dict_keys(['example_bash_operator']) retrieved from /home/airflow/.local/lib/python3.7/site-packages/airflow/example_dags/example_bash_operator.py
[2022-09-20T16:30:21.635+0000] {logging_mixin.py:117} INFO - [2022-09-20T16:30:21.635+0000] {dag.py:2573} INFO - Sync 1 DAGs
[2022-09-20T16:30:21.684+0000] {logging_mixin.py:117} INFO - [2022-09-20T16:30:21.684+0000] {dag.py:3328} INFO - Setting next_dagrun for example_bash_operator to 2022-09-19T00:00:00+00:00, run_after=2022-09-20T00:00:00+00:00
[2022-09-20T16:30:21.718+0000] {processor.py:178} INFO - Processing /home/airflow/.local/lib/python3.7/site-packages/airflow/example_dags/example_bash_operator.py took 0.207 seconds
[2022-09-20T16:30:51.936+0000] {processor.py:156} INFO - Started process (PID=1492) to work on /home/airflow/.local/lib/python3.7/site-packages/airflow/example_dags/example_bash_operator.py
[2022-09-20T16:30:51.937+0000] {processor.py:758} INFO - Processing file /home/airflow/.local/lib/python3.7/site-packages/airflow/example_dags/example_bash_operator.py for tasks to queue
[2022-09-20T16:30:51.938+0000] {logging_mixin.py:117} INFO - [2022-09-20T16:30:51.938+0000] {dagbag.py:525} INFO - Filling up the DagBag from /home/airflow/.local/lib/python3.7/site-packages/airflow/example_dags/example_bash_operator.py
[2022-09-20T16:30:51.971+0000] {processor.py:768} INFO - DAG(s) dict_keys(['example_bash_operator']) retrieved from /home/airflow/.local/lib/python3.7/site-packages/airflow/example_dags/example_bash_operator.py
[2022-09-20T16:30:52.031+0000] {logging_mixin.py:117} INFO - [2022-09-20T16:30:52.031+0000] {dag.py:2573} INFO - Sync 1 DAGs
[2022-09-20T16:30:52.060+0000] {logging_mixin.py:117} INFO - [2022-09-20T16:30:52.060+0000] {dag.py:3328} INFO - Setting next_dagrun for example_bash_operator to 2022-09-19T00:00:00+00:00, run_after=2022-09-20T00:00:00+00:00
[2022-09-20T16:30:52.081+0000] {processor.py:178} INFO - Processing /home/airflow/.local/lib/python3.7/site-packages/airflow/example_dags/example_bash_operator.py took 0.149 seconds
[2022-09-20T16:31:22.700+0000] {processor.py:156} INFO - Started process (PID=1555) to work on /home/airflow/.local/lib/python3.7/site-packages/airflow/example_dags/example_bash_operator.py
[2022-09-20T16:31:22.701+0000] {processor.py:758} INFO - Processing file /home/airflow/.local/lib/python3.7/site-packages/airflow/example_dags/example_bash_operator.py for tasks to queue
[2022-09-20T16:31:22.702+0000] {logging_mixin.py:117} INFO - [2022-09-20T16:31:22.702+0000] {dagbag.py:525} INFO - Filling up the DagBag from /home/airflow/.local/lib/python3.7/site-packages/airflow/example_dags/example_bash_operator.py
[2022-09-20T16:31:22.769+0000] {processor.py:768} INFO - DAG(s) dict_keys(['example_bash_operator']) retrieved from /home/airflow/.local/lib/python3.7/site-packages/airflow/example_dags/example_bash_operator.py
[2022-09-20T16:31:22.941+0000] {logging_mixin.py:117} INFO - [2022-09-20T16:31:22.937+0000] {dag.py:2573} INFO - Sync 1 DAGs
[2022-09-20T16:31:23.011+0000] {logging_mixin.py:117} INFO - [2022-09-20T16:31:23.010+0000] {dag.py:3328} INFO - Setting next_dagrun for example_bash_operator to 2022-09-19T00:00:00+00:00, run_after=2022-09-20T00:00:00+00:00
[2022-09-20T16:31:23.054+0000] {processor.py:178} INFO - Processing /home/airflow/.local/lib/python3.7/site-packages/airflow/example_dags/example_bash_operator.py took 0.361 seconds
[2022-09-20T16:31:53.684+0000] {processor.py:156} INFO - Started process (PID=1609) to work on /home/airflow/.local/lib/python3.7/site-packages/airflow/example_dags/example_bash_operator.py
[2022-09-20T16:31:53.685+0000] {processor.py:758} INFO - Processing file /home/airflow/.local/lib/python3.7/site-packages/airflow/example_dags/example_bash_operator.py for tasks to queue
[2022-09-20T16:31:53.685+0000] {logging_mixin.py:117} INFO - [2022-09-20T16:31:53.685+0000] {dagbag.py:525} INFO - Filling up the DagBag from /home/airflow/.local/lib/python3.7/site-packages/airflow/example_dags/example_bash_operator.py
[2022-09-20T16:31:53.717+0000] {processor.py:768} INFO - DAG(s) dict_keys(['example_bash_operator']) retrieved from /home/airflow/.local/lib/python3.7/site-packages/airflow/example_dags/example_bash_operator.py
[2022-09-20T16:31:53.782+0000] {logging_mixin.py:117} INFO - [2022-09-20T16:31:53.782+0000] {dag.py:2573} INFO - Sync 1 DAGs
[2022-09-20T16:31:53.808+0000] {logging_mixin.py:117} INFO - [2022-09-20T16:31:53.808+0000] {dag.py:3328} INFO - Setting next_dagrun for example_bash_operator to 2022-09-19T00:00:00+00:00, run_after=2022-09-20T00:00:00+00:00
[2022-09-20T16:31:53.830+0000] {processor.py:178} INFO - Processing /home/airflow/.local/lib/python3.7/site-packages/airflow/example_dags/example_bash_operator.py took 0.149 seconds
[2022-09-20T16:32:24.472+0000] {processor.py:156} INFO - Started process (PID=1672) to work on /home/airflow/.local/lib/python3.7/site-packages/airflow/example_dags/example_bash_operator.py
[2022-09-20T16:32:24.473+0000] {processor.py:758} INFO - Processing file /home/airflow/.local/lib/python3.7/site-packages/airflow/example_dags/example_bash_operator.py for tasks to queue
[2022-09-20T16:32:24.474+0000] {logging_mixin.py:117} INFO - [2022-09-20T16:32:24.473+0000] {dagbag.py:525} INFO - Filling up the DagBag from /home/airflow/.local/lib/python3.7/site-packages/airflow/example_dags/example_bash_operator.py
[2022-09-20T16:32:24.506+0000] {processor.py:768} INFO - DAG(s) dict_keys(['example_bash_operator']) retrieved from /home/airflow/.local/lib/python3.7/site-packages/airflow/example_dags/example_bash_operator.py
[2022-09-20T16:32:24.581+0000] {logging_mixin.py:117} INFO - [2022-09-20T16:32:24.581+0000] {dag.py:2573} INFO - Sync 1 DAGs
[2022-09-20T16:32:24.629+0000] {logging_mixin.py:117} INFO - [2022-09-20T16:32:24.629+0000] {dag.py:3328} INFO - Setting next_dagrun for example_bash_operator to 2022-09-19T00:00:00+00:00, run_after=2022-09-20T00:00:00+00:00
[2022-09-20T16:32:24.657+0000] {processor.py:178} INFO - Processing /home/airflow/.local/lib/python3.7/site-packages/airflow/example_dags/example_bash_operator.py took 0.188 seconds
[2022-09-20T16:32:55.099+0000] {processor.py:156} INFO - Started process (PID=1726) to work on /home/airflow/.local/lib/python3.7/site-packages/airflow/example_dags/example_bash_operator.py
[2022-09-20T16:32:55.099+0000] {processor.py:758} INFO - Processing file /home/airflow/.local/lib/python3.7/site-packages/airflow/example_dags/example_bash_operator.py for tasks to queue
[2022-09-20T16:32:55.100+0000] {logging_mixin.py:117} INFO - [2022-09-20T16:32:55.100+0000] {dagbag.py:525} INFO - Filling up the DagBag from /home/airflow/.local/lib/python3.7/site-packages/airflow/example_dags/example_bash_operator.py
[2022-09-20T16:32:55.117+0000] {processor.py:768} INFO - DAG(s) dict_keys(['example_bash_operator']) retrieved from /home/airflow/.local/lib/python3.7/site-packages/airflow/example_dags/example_bash_operator.py
[2022-09-20T16:32:55.157+0000] {logging_mixin.py:117} INFO - [2022-09-20T16:32:55.157+0000] {dag.py:2573} INFO - Sync 1 DAGs
[2022-09-20T16:32:55.179+0000] {logging_mixin.py:117} INFO - [2022-09-20T16:32:55.178+0000] {dag.py:3328} INFO - Setting next_dagrun for example_bash_operator to 2022-09-19T00:00:00+00:00, run_after=2022-09-20T00:00:00+00:00
[2022-09-20T16:32:55.195+0000] {processor.py:178} INFO - Processing /home/airflow/.local/lib/python3.7/site-packages/airflow/example_dags/example_bash_operator.py took 0.098 seconds
[2022-09-20T16:33:25.439+0000] {processor.py:156} INFO - Started process (PID=1789) to work on /home/airflow/.local/lib/python3.7/site-packages/airflow/example_dags/example_bash_operator.py
[2022-09-20T16:33:25.439+0000] {processor.py:758} INFO - Processing file /home/airflow/.local/lib/python3.7/site-packages/airflow/example_dags/example_bash_operator.py for tasks to queue
[2022-09-20T16:33:25.440+0000] {logging_mixin.py:117} INFO - [2022-09-20T16:33:25.439+0000] {dagbag.py:525} INFO - Filling up the DagBag from /home/airflow/.local/lib/python3.7/site-packages/airflow/example_dags/example_bash_operator.py
[2022-09-20T16:33:25.458+0000] {processor.py:768} INFO - DAG(s) dict_keys(['example_bash_operator']) retrieved from /home/airflow/.local/lib/python3.7/site-packages/airflow/example_dags/example_bash_operator.py
[2022-09-20T16:33:25.519+0000] {logging_mixin.py:117} INFO - [2022-09-20T16:33:25.519+0000] {dag.py:2573} INFO - Sync 1 DAGs
[2022-09-20T16:33:25.559+0000] {logging_mixin.py:117} INFO - [2022-09-20T16:33:25.559+0000] {dag.py:3328} INFO - Setting next_dagrun for example_bash_operator to 2022-09-19T00:00:00+00:00, run_after=2022-09-20T00:00:00+00:00
[2022-09-20T16:33:25.581+0000] {processor.py:178} INFO - Processing /home/airflow/.local/lib/python3.7/site-packages/airflow/example_dags/example_bash_operator.py took 0.145 seconds
[2022-09-20T16:33:56.215+0000] {processor.py:156} INFO - Started process (PID=1849) to work on /home/airflow/.local/lib/python3.7/site-packages/airflow/example_dags/example_bash_operator.py
[2022-09-20T16:33:56.216+0000] {processor.py:758} INFO - Processing file /home/airflow/.local/lib/python3.7/site-packages/airflow/example_dags/example_bash_operator.py for tasks to queue
[2022-09-20T16:33:56.216+0000] {logging_mixin.py:117} INFO - [2022-09-20T16:33:56.216+0000] {dagbag.py:525} INFO - Filling up the DagBag from /home/airflow/.local/lib/python3.7/site-packages/airflow/example_dags/example_bash_operator.py
[2022-09-20T16:33:56.245+0000] {processor.py:768} INFO - DAG(s) dict_keys(['example_bash_operator']) retrieved from /home/airflow/.local/lib/python3.7/site-packages/airflow/example_dags/example_bash_operator.py
[2022-09-20T16:33:56.306+0000] {logging_mixin.py:117} INFO - [2022-09-20T16:33:56.306+0000] {dag.py:2573} INFO - Sync 1 DAGs
[2022-09-20T16:33:56.342+0000] {logging_mixin.py:117} INFO - [2022-09-20T16:33:56.341+0000] {dag.py:3328} INFO - Setting next_dagrun for example_bash_operator to 2022-09-19T00:00:00+00:00, run_after=2022-09-20T00:00:00+00:00
[2022-09-20T16:33:56.371+0000] {processor.py:178} INFO - Processing /home/airflow/.local/lib/python3.7/site-packages/airflow/example_dags/example_bash_operator.py took 0.159 seconds
[2022-09-20T16:34:26.891+0000] {processor.py:156} INFO - Started process (PID=1904) to work on /home/airflow/.local/lib/python3.7/site-packages/airflow/example_dags/example_bash_operator.py
[2022-09-20T16:34:26.891+0000] {processor.py:758} INFO - Processing file /home/airflow/.local/lib/python3.7/site-packages/airflow/example_dags/example_bash_operator.py for tasks to queue
[2022-09-20T16:34:26.892+0000] {logging_mixin.py:117} INFO - [2022-09-20T16:34:26.892+0000] {dagbag.py:525} INFO - Filling up the DagBag from /home/airflow/.local/lib/python3.7/site-packages/airflow/example_dags/example_bash_operator.py
[2022-09-20T16:34:26.912+0000] {processor.py:768} INFO - DAG(s) dict_keys(['example_bash_operator']) retrieved from /home/airflow/.local/lib/python3.7/site-packages/airflow/example_dags/example_bash_operator.py
[2022-09-20T16:34:26.958+0000] {logging_mixin.py:117} INFO - [2022-09-20T16:34:26.958+0000] {dag.py:2573} INFO - Sync 1 DAGs
[2022-09-20T16:34:26.984+0000] {logging_mixin.py:117} INFO - [2022-09-20T16:34:26.984+0000] {dag.py:3328} INFO - Setting next_dagrun for example_bash_operator to 2022-09-19T00:00:00+00:00, run_after=2022-09-20T00:00:00+00:00
[2022-09-20T16:34:27.004+0000] {processor.py:178} INFO - Processing /home/airflow/.local/lib/python3.7/site-packages/airflow/example_dags/example_bash_operator.py took 0.116 seconds
[2022-09-20T16:34:57.868+0000] {processor.py:156} INFO - Started process (PID=1967) to work on /home/airflow/.local/lib/python3.7/site-packages/airflow/example_dags/example_bash_operator.py
[2022-09-20T16:34:57.875+0000] {processor.py:758} INFO - Processing file /home/airflow/.local/lib/python3.7/site-packages/airflow/example_dags/example_bash_operator.py for tasks to queue
[2022-09-20T16:34:57.876+0000] {logging_mixin.py:117} INFO - [2022-09-20T16:34:57.876+0000] {dagbag.py:525} INFO - Filling up the DagBag from /home/airflow/.local/lib/python3.7/site-packages/airflow/example_dags/example_bash_operator.py
[2022-09-20T16:34:57.899+0000] {processor.py:768} INFO - DAG(s) dict_keys(['example_bash_operator']) retrieved from /home/airflow/.local/lib/python3.7/site-packages/airflow/example_dags/example_bash_operator.py
[2022-09-20T16:34:57.943+0000] {logging_mixin.py:117} INFO - [2022-09-20T16:34:57.943+0000] {dag.py:2573} INFO - Sync 1 DAGs
[2022-09-20T16:34:57.968+0000] {logging_mixin.py:117} INFO - [2022-09-20T16:34:57.968+0000] {dag.py:3328} INFO - Setting next_dagrun for example_bash_operator to 2022-09-19T00:00:00+00:00, run_after=2022-09-20T00:00:00+00:00
[2022-09-20T16:34:57.985+0000] {processor.py:178} INFO - Processing /home/airflow/.local/lib/python3.7/site-packages/airflow/example_dags/example_bash_operator.py took 0.121 seconds
[2022-09-20T16:35:28.290+0000] {processor.py:156} INFO - Started process (PID=2020) to work on /home/airflow/.local/lib/python3.7/site-packages/airflow/example_dags/example_bash_operator.py
[2022-09-20T16:35:28.292+0000] {processor.py:758} INFO - Processing file /home/airflow/.local/lib/python3.7/site-packages/airflow/example_dags/example_bash_operator.py for tasks to queue
[2022-09-20T16:35:28.293+0000] {logging_mixin.py:117} INFO - [2022-09-20T16:35:28.292+0000] {dagbag.py:525} INFO - Filling up the DagBag from /home/airflow/.local/lib/python3.7/site-packages/airflow/example_dags/example_bash_operator.py
[2022-09-20T16:35:28.353+0000] {processor.py:768} INFO - DAG(s) dict_keys(['example_bash_operator']) retrieved from /home/airflow/.local/lib/python3.7/site-packages/airflow/example_dags/example_bash_operator.py
[2022-09-20T16:35:28.507+0000] {logging_mixin.py:117} INFO - [2022-09-20T16:35:28.507+0000] {dag.py:2573} INFO - Sync 1 DAGs
[2022-09-20T16:35:28.573+0000] {logging_mixin.py:117} INFO - [2022-09-20T16:35:28.573+0000] {dag.py:3328} INFO - Setting next_dagrun for example_bash_operator to 2022-09-19T00:00:00+00:00, run_after=2022-09-20T00:00:00+00:00
[2022-09-20T16:35:28.626+0000] {processor.py:178} INFO - Processing /home/airflow/.local/lib/python3.7/site-packages/airflow/example_dags/example_bash_operator.py took 0.339 seconds
[2022-09-20T16:35:58.691+0000] {processor.py:156} INFO - Started process (PID=2073) to work on /home/airflow/.local/lib/python3.7/site-packages/airflow/example_dags/example_bash_operator.py
[2022-09-20T16:35:58.693+0000] {processor.py:758} INFO - Processing file /home/airflow/.local/lib/python3.7/site-packages/airflow/example_dags/example_bash_operator.py for tasks to queue
[2022-09-20T16:35:58.693+0000] {logging_mixin.py:117} INFO - [2022-09-20T16:35:58.693+0000] {dagbag.py:525} INFO - Filling up the DagBag from /home/airflow/.local/lib/python3.7/site-packages/airflow/example_dags/example_bash_operator.py
[2022-09-20T16:35:58.746+0000] {processor.py:768} INFO - DAG(s) dict_keys(['example_bash_operator']) retrieved from /home/airflow/.local/lib/python3.7/site-packages/airflow/example_dags/example_bash_operator.py
[2022-09-20T16:35:58.848+0000] {logging_mixin.py:117} INFO - [2022-09-20T16:35:58.847+0000] {dag.py:2573} INFO - Sync 1 DAGs
[2022-09-20T16:35:58.883+0000] {logging_mixin.py:117} INFO - [2022-09-20T16:35:58.883+0000] {dag.py:3328} INFO - Setting next_dagrun for example_bash_operator to 2022-09-19T00:00:00+00:00, run_after=2022-09-20T00:00:00+00:00
[2022-09-20T16:35:58.913+0000] {processor.py:178} INFO - Processing /home/airflow/.local/lib/python3.7/site-packages/airflow/example_dags/example_bash_operator.py took 0.226 seconds
[2022-09-20T16:36:29.134+0000] {processor.py:156} INFO - Started process (PID=2135) to work on /home/airflow/.local/lib/python3.7/site-packages/airflow/example_dags/example_bash_operator.py
[2022-09-20T16:36:29.135+0000] {processor.py:758} INFO - Processing file /home/airflow/.local/lib/python3.7/site-packages/airflow/example_dags/example_bash_operator.py for tasks to queue
[2022-09-20T16:36:29.135+0000] {logging_mixin.py:117} INFO - [2022-09-20T16:36:29.135+0000] {dagbag.py:525} INFO - Filling up the DagBag from /home/airflow/.local/lib/python3.7/site-packages/airflow/example_dags/example_bash_operator.py
[2022-09-20T16:36:29.152+0000] {processor.py:768} INFO - DAG(s) dict_keys(['example_bash_operator']) retrieved from /home/airflow/.local/lib/python3.7/site-packages/airflow/example_dags/example_bash_operator.py
[2022-09-20T16:36:29.189+0000] {logging_mixin.py:117} INFO - [2022-09-20T16:36:29.189+0000] {dag.py:2573} INFO - Sync 1 DAGs
[2022-09-20T16:36:29.211+0000] {logging_mixin.py:117} INFO - [2022-09-20T16:36:29.211+0000] {dag.py:3328} INFO - Setting next_dagrun for example_bash_operator to 2022-09-19T00:00:00+00:00, run_after=2022-09-20T00:00:00+00:00
[2022-09-20T16:36:29.230+0000] {processor.py:178} INFO - Processing /home/airflow/.local/lib/python3.7/site-packages/airflow/example_dags/example_bash_operator.py took 0.097 seconds
[2022-09-20T16:37:00.133+0000] {processor.py:156} INFO - Started process (PID=2190) to work on /home/airflow/.local/lib/python3.7/site-packages/airflow/example_dags/example_bash_operator.py
[2022-09-20T16:37:00.133+0000] {processor.py:758} INFO - Processing file /home/airflow/.local/lib/python3.7/site-packages/airflow/example_dags/example_bash_operator.py for tasks to queue
[2022-09-20T16:37:00.134+0000] {logging_mixin.py:117} INFO - [2022-09-20T16:37:00.134+0000] {dagbag.py:525} INFO - Filling up the DagBag from /home/airflow/.local/lib/python3.7/site-packages/airflow/example_dags/example_bash_operator.py
[2022-09-20T16:37:00.155+0000] {processor.py:768} INFO - DAG(s) dict_keys(['example_bash_operator']) retrieved from /home/airflow/.local/lib/python3.7/site-packages/airflow/example_dags/example_bash_operator.py
[2022-09-20T16:37:00.199+0000] {logging_mixin.py:117} INFO - [2022-09-20T16:37:00.199+0000] {dag.py:2573} INFO - Sync 1 DAGs
[2022-09-20T16:37:00.224+0000] {logging_mixin.py:117} INFO - [2022-09-20T16:37:00.224+0000] {dag.py:3328} INFO - Setting next_dagrun for example_bash_operator to 2022-09-19T00:00:00+00:00, run_after=2022-09-20T00:00:00+00:00
[2022-09-20T16:37:00.248+0000] {processor.py:178} INFO - Processing /home/airflow/.local/lib/python3.7/site-packages/airflow/example_dags/example_bash_operator.py took 0.118 seconds
[2022-09-20T16:37:30.861+0000] {processor.py:156} INFO - Started process (PID=2253) to work on /home/airflow/.local/lib/python3.7/site-packages/airflow/example_dags/example_bash_operator.py
[2022-09-20T16:37:30.862+0000] {processor.py:758} INFO - Processing file /home/airflow/.local/lib/python3.7/site-packages/airflow/example_dags/example_bash_operator.py for tasks to queue
[2022-09-20T16:37:30.862+0000] {logging_mixin.py:117} INFO - [2022-09-20T16:37:30.862+0000] {dagbag.py:525} INFO - Filling up the DagBag from /home/airflow/.local/lib/python3.7/site-packages/airflow/example_dags/example_bash_operator.py
[2022-09-20T16:37:30.883+0000] {processor.py:768} INFO - DAG(s) dict_keys(['example_bash_operator']) retrieved from /home/airflow/.local/lib/python3.7/site-packages/airflow/example_dags/example_bash_operator.py
[2022-09-20T16:37:30.936+0000] {logging_mixin.py:117} INFO - [2022-09-20T16:37:30.936+0000] {dag.py:2573} INFO - Sync 1 DAGs
[2022-09-20T16:37:30.972+0000] {logging_mixin.py:117} INFO - [2022-09-20T16:37:30.972+0000] {dag.py:3328} INFO - Setting next_dagrun for example_bash_operator to 2022-09-19T00:00:00+00:00, run_after=2022-09-20T00:00:00+00:00
[2022-09-20T16:37:30.999+0000] {processor.py:178} INFO - Processing /home/airflow/.local/lib/python3.7/site-packages/airflow/example_dags/example_bash_operator.py took 0.140 seconds
[2022-09-20T16:38:01.415+0000] {processor.py:156} INFO - Started process (PID=2316) to work on /home/airflow/.local/lib/python3.7/site-packages/airflow/example_dags/example_bash_operator.py
[2022-09-20T16:38:01.416+0000] {processor.py:758} INFO - Processing file /home/airflow/.local/lib/python3.7/site-packages/airflow/example_dags/example_bash_operator.py for tasks to queue
[2022-09-20T16:38:01.417+0000] {logging_mixin.py:117} INFO - [2022-09-20T16:38:01.417+0000] {dagbag.py:525} INFO - Filling up the DagBag from /home/airflow/.local/lib/python3.7/site-packages/airflow/example_dags/example_bash_operator.py
[2022-09-20T16:38:01.456+0000] {processor.py:768} INFO - DAG(s) dict_keys(['example_bash_operator']) retrieved from /home/airflow/.local/lib/python3.7/site-packages/airflow/example_dags/example_bash_operator.py
[2022-09-20T16:38:01.549+0000] {logging_mixin.py:117} INFO - [2022-09-20T16:38:01.548+0000] {dag.py:2573} INFO - Sync 1 DAGs
[2022-09-20T16:38:01.604+0000] {logging_mixin.py:117} INFO - [2022-09-20T16:38:01.604+0000] {dag.py:3328} INFO - Setting next_dagrun for example_bash_operator to 2022-09-19T00:00:00+00:00, run_after=2022-09-20T00:00:00+00:00
[2022-09-20T16:38:01.634+0000] {processor.py:178} INFO - Processing /home/airflow/.local/lib/python3.7/site-packages/airflow/example_dags/example_bash_operator.py took 0.223 seconds
[2022-09-20T16:38:32.283+0000] {processor.py:156} INFO - Started process (PID=2370) to work on /home/airflow/.local/lib/python3.7/site-packages/airflow/example_dags/example_bash_operator.py
[2022-09-20T16:38:32.284+0000] {processor.py:758} INFO - Processing file /home/airflow/.local/lib/python3.7/site-packages/airflow/example_dags/example_bash_operator.py for tasks to queue
[2022-09-20T16:38:32.284+0000] {logging_mixin.py:117} INFO - [2022-09-20T16:38:32.284+0000] {dagbag.py:525} INFO - Filling up the DagBag from /home/airflow/.local/lib/python3.7/site-packages/airflow/example_dags/example_bash_operator.py
[2022-09-20T16:38:32.303+0000] {processor.py:768} INFO - DAG(s) dict_keys(['example_bash_operator']) retrieved from /home/airflow/.local/lib/python3.7/site-packages/airflow/example_dags/example_bash_operator.py
[2022-09-20T16:38:32.353+0000] {logging_mixin.py:117} INFO - [2022-09-20T16:38:32.353+0000] {dag.py:2573} INFO - Sync 1 DAGs
[2022-09-20T16:38:32.380+0000] {logging_mixin.py:117} INFO - [2022-09-20T16:38:32.380+0000] {dag.py:3328} INFO - Setting next_dagrun for example_bash_operator to 2022-09-19T00:00:00+00:00, run_after=2022-09-20T00:00:00+00:00
[2022-09-20T16:38:32.404+0000] {processor.py:178} INFO - Processing /home/airflow/.local/lib/python3.7/site-packages/airflow/example_dags/example_bash_operator.py took 0.123 seconds
[2022-09-20T16:39:02.491+0000] {processor.py:156} INFO - Started process (PID=2432) to work on /home/airflow/.local/lib/python3.7/site-packages/airflow/example_dags/example_bash_operator.py
[2022-09-20T16:39:02.492+0000] {processor.py:758} INFO - Processing file /home/airflow/.local/lib/python3.7/site-packages/airflow/example_dags/example_bash_operator.py for tasks to queue
[2022-09-20T16:39:02.492+0000] {logging_mixin.py:117} INFO - [2022-09-20T16:39:02.492+0000] {dagbag.py:525} INFO - Filling up the DagBag from /home/airflow/.local/lib/python3.7/site-packages/airflow/example_dags/example_bash_operator.py
[2022-09-20T16:39:02.511+0000] {processor.py:768} INFO - DAG(s) dict_keys(['example_bash_operator']) retrieved from /home/airflow/.local/lib/python3.7/site-packages/airflow/example_dags/example_bash_operator.py
[2022-09-20T16:39:02.552+0000] {logging_mixin.py:117} INFO - [2022-09-20T16:39:02.552+0000] {dag.py:2573} INFO - Sync 1 DAGs
[2022-09-20T16:39:02.577+0000] {logging_mixin.py:117} INFO - [2022-09-20T16:39:02.577+0000] {dag.py:3328} INFO - Setting next_dagrun for example_bash_operator to 2022-09-19T00:00:00+00:00, run_after=2022-09-20T00:00:00+00:00
[2022-09-20T16:39:02.596+0000] {processor.py:178} INFO - Processing /home/airflow/.local/lib/python3.7/site-packages/airflow/example_dags/example_bash_operator.py took 0.107 seconds
