[2022-09-20T16:18:22.774+0000] {processor.py:156} INFO - Started process (PID=38) to work on /home/airflow/.local/lib/python3.7/site-packages/airflow/example_dags/example_latest_only_with_trigger.py
[2022-09-20T16:18:22.774+0000] {processor.py:758} INFO - Processing file /home/airflow/.local/lib/python3.7/site-packages/airflow/example_dags/example_latest_only_with_trigger.py for tasks to queue
[2022-09-20T16:18:22.775+0000] {logging_mixin.py:117} INFO - [2022-09-20T16:18:22.775+0000] {dagbag.py:525} INFO - Filling up the DagBag from /home/airflow/.local/lib/python3.7/site-packages/airflow/example_dags/example_latest_only_with_trigger.py
[2022-09-20T16:18:22.806+0000] {processor.py:768} INFO - DAG(s) dict_keys(['latest_only_with_trigger']) retrieved from /home/airflow/.local/lib/python3.7/site-packages/airflow/example_dags/example_latest_only_with_trigger.py
[2022-09-20T16:18:23.062+0000] {logging_mixin.py:117} INFO - [2022-09-20T16:18:23.061+0000] {dag.py:2573} INFO - Sync 1 DAGs
[2022-09-20T16:18:23.130+0000] {logging_mixin.py:117} INFO - [2022-09-20T16:18:23.130+0000] {dag.py:3328} INFO - Setting next_dagrun for latest_only_with_trigger to 2022-09-20T12:18:23.130211+00:00, run_after=2022-09-20T16:18:23.130211+00:00
[2022-09-20T16:18:23.184+0000] {processor.py:178} INFO - Processing /home/airflow/.local/lib/python3.7/site-packages/airflow/example_dags/example_latest_only_with_trigger.py took 0.413 seconds
[2022-09-20T16:18:54.011+0000] {processor.py:156} INFO - Started process (PID=92) to work on /home/airflow/.local/lib/python3.7/site-packages/airflow/example_dags/example_latest_only_with_trigger.py
[2022-09-20T16:18:54.012+0000] {processor.py:758} INFO - Processing file /home/airflow/.local/lib/python3.7/site-packages/airflow/example_dags/example_latest_only_with_trigger.py for tasks to queue
[2022-09-20T16:18:54.013+0000] {logging_mixin.py:117} INFO - [2022-09-20T16:18:54.013+0000] {dagbag.py:525} INFO - Filling up the DagBag from /home/airflow/.local/lib/python3.7/site-packages/airflow/example_dags/example_latest_only_with_trigger.py
[2022-09-20T16:18:54.025+0000] {processor.py:768} INFO - DAG(s) dict_keys(['latest_only_with_trigger']) retrieved from /home/airflow/.local/lib/python3.7/site-packages/airflow/example_dags/example_latest_only_with_trigger.py
[2022-09-20T16:18:54.160+0000] {logging_mixin.py:117} INFO - [2022-09-20T16:18:54.160+0000] {dag.py:2573} INFO - Sync 1 DAGs
[2022-09-20T16:18:54.180+0000] {logging_mixin.py:117} INFO - [2022-09-20T16:18:54.180+0000] {dag.py:3328} INFO - Setting next_dagrun for latest_only_with_trigger to 2022-09-20T12:18:54.180631+00:00, run_after=2022-09-20T16:18:54.180631+00:00
[2022-09-20T16:18:54.198+0000] {processor.py:178} INFO - Processing /home/airflow/.local/lib/python3.7/site-packages/airflow/example_dags/example_latest_only_with_trigger.py took 0.189 seconds
[2022-09-20T16:19:25.065+0000] {processor.py:156} INFO - Started process (PID=155) to work on /home/airflow/.local/lib/python3.7/site-packages/airflow/example_dags/example_latest_only_with_trigger.py
[2022-09-20T16:19:25.065+0000] {processor.py:758} INFO - Processing file /home/airflow/.local/lib/python3.7/site-packages/airflow/example_dags/example_latest_only_with_trigger.py for tasks to queue
[2022-09-20T16:19:25.066+0000] {logging_mixin.py:117} INFO - [2022-09-20T16:19:25.066+0000] {dagbag.py:525} INFO - Filling up the DagBag from /home/airflow/.local/lib/python3.7/site-packages/airflow/example_dags/example_latest_only_with_trigger.py
[2022-09-20T16:19:25.077+0000] {processor.py:768} INFO - DAG(s) dict_keys(['latest_only_with_trigger']) retrieved from /home/airflow/.local/lib/python3.7/site-packages/airflow/example_dags/example_latest_only_with_trigger.py
[2022-09-20T16:19:25.203+0000] {logging_mixin.py:117} INFO - [2022-09-20T16:19:25.202+0000] {dag.py:2573} INFO - Sync 1 DAGs
[2022-09-20T16:19:25.222+0000] {logging_mixin.py:117} INFO - [2022-09-20T16:19:25.221+0000] {dag.py:3328} INFO - Setting next_dagrun for latest_only_with_trigger to 2022-09-20T12:19:25.221842+00:00, run_after=2022-09-20T16:19:25.221842+00:00
[2022-09-20T16:19:25.238+0000] {processor.py:178} INFO - Processing /home/airflow/.local/lib/python3.7/site-packages/airflow/example_dags/example_latest_only_with_trigger.py took 0.176 seconds
[2022-09-20T16:19:55.957+0000] {processor.py:156} INFO - Started process (PID=217) to work on /home/airflow/.local/lib/python3.7/site-packages/airflow/example_dags/example_latest_only_with_trigger.py
[2022-09-20T16:19:55.958+0000] {processor.py:758} INFO - Processing file /home/airflow/.local/lib/python3.7/site-packages/airflow/example_dags/example_latest_only_with_trigger.py for tasks to queue
[2022-09-20T16:19:55.959+0000] {logging_mixin.py:117} INFO - [2022-09-20T16:19:55.959+0000] {dagbag.py:525} INFO - Filling up the DagBag from /home/airflow/.local/lib/python3.7/site-packages/airflow/example_dags/example_latest_only_with_trigger.py
[2022-09-20T16:19:56.126+0000] {processor.py:768} INFO - DAG(s) dict_keys(['latest_only_with_trigger']) retrieved from /home/airflow/.local/lib/python3.7/site-packages/airflow/example_dags/example_latest_only_with_trigger.py
[2022-09-20T16:19:56.212+0000] {logging_mixin.py:117} INFO - [2022-09-20T16:19:56.212+0000] {dag.py:2573} INFO - Sync 1 DAGs
[2022-09-20T16:19:56.251+0000] {logging_mixin.py:117} INFO - [2022-09-20T16:19:56.250+0000] {dag.py:3328} INFO - Setting next_dagrun for latest_only_with_trigger to 2022-09-20T12:19:56.250586+00:00, run_after=2022-09-20T16:19:56.250586+00:00
[2022-09-20T16:19:56.284+0000] {processor.py:178} INFO - Processing /home/airflow/.local/lib/python3.7/site-packages/airflow/example_dags/example_latest_only_with_trigger.py took 0.330 seconds
[2022-09-20T16:20:26.772+0000] {processor.py:156} INFO - Started process (PID=271) to work on /home/airflow/.local/lib/python3.7/site-packages/airflow/example_dags/example_latest_only_with_trigger.py
[2022-09-20T16:20:26.772+0000] {processor.py:758} INFO - Processing file /home/airflow/.local/lib/python3.7/site-packages/airflow/example_dags/example_latest_only_with_trigger.py for tasks to queue
[2022-09-20T16:20:26.773+0000] {logging_mixin.py:117} INFO - [2022-09-20T16:20:26.773+0000] {dagbag.py:525} INFO - Filling up the DagBag from /home/airflow/.local/lib/python3.7/site-packages/airflow/example_dags/example_latest_only_with_trigger.py
[2022-09-20T16:20:26.790+0000] {processor.py:768} INFO - DAG(s) dict_keys(['latest_only_with_trigger']) retrieved from /home/airflow/.local/lib/python3.7/site-packages/airflow/example_dags/example_latest_only_with_trigger.py
[2022-09-20T16:20:26.833+0000] {logging_mixin.py:117} INFO - [2022-09-20T16:20:26.833+0000] {dag.py:2573} INFO - Sync 1 DAGs
[2022-09-20T16:20:26.862+0000] {logging_mixin.py:117} INFO - [2022-09-20T16:20:26.862+0000] {dag.py:3328} INFO - Setting next_dagrun for latest_only_with_trigger to 2022-09-20T12:20:26.861877+00:00, run_after=2022-09-20T16:20:26.861877+00:00
[2022-09-20T16:20:26.883+0000] {processor.py:178} INFO - Processing /home/airflow/.local/lib/python3.7/site-packages/airflow/example_dags/example_latest_only_with_trigger.py took 0.115 seconds
[2022-09-20T16:20:57.497+0000] {processor.py:156} INFO - Started process (PID=333) to work on /home/airflow/.local/lib/python3.7/site-packages/airflow/example_dags/example_latest_only_with_trigger.py
[2022-09-20T16:20:57.498+0000] {processor.py:758} INFO - Processing file /home/airflow/.local/lib/python3.7/site-packages/airflow/example_dags/example_latest_only_with_trigger.py for tasks to queue
[2022-09-20T16:20:57.498+0000] {logging_mixin.py:117} INFO - [2022-09-20T16:20:57.498+0000] {dagbag.py:525} INFO - Filling up the DagBag from /home/airflow/.local/lib/python3.7/site-packages/airflow/example_dags/example_latest_only_with_trigger.py
[2022-09-20T16:20:57.510+0000] {processor.py:768} INFO - DAG(s) dict_keys(['latest_only_with_trigger']) retrieved from /home/airflow/.local/lib/python3.7/site-packages/airflow/example_dags/example_latest_only_with_trigger.py
[2022-09-20T16:20:57.542+0000] {logging_mixin.py:117} INFO - [2022-09-20T16:20:57.542+0000] {dag.py:2573} INFO - Sync 1 DAGs
[2022-09-20T16:20:57.566+0000] {logging_mixin.py:117} INFO - [2022-09-20T16:20:57.566+0000] {dag.py:3328} INFO - Setting next_dagrun for latest_only_with_trigger to 2022-09-20T12:20:57.565907+00:00, run_after=2022-09-20T16:20:57.565907+00:00
[2022-09-20T16:20:57.586+0000] {processor.py:178} INFO - Processing /home/airflow/.local/lib/python3.7/site-packages/airflow/example_dags/example_latest_only_with_trigger.py took 0.090 seconds
[2022-09-20T16:21:27.779+0000] {processor.py:156} INFO - Started process (PID=386) to work on /home/airflow/.local/lib/python3.7/site-packages/airflow/example_dags/example_latest_only_with_trigger.py
[2022-09-20T16:21:27.780+0000] {processor.py:758} INFO - Processing file /home/airflow/.local/lib/python3.7/site-packages/airflow/example_dags/example_latest_only_with_trigger.py for tasks to queue
[2022-09-20T16:21:27.780+0000] {logging_mixin.py:117} INFO - [2022-09-20T16:21:27.780+0000] {dagbag.py:525} INFO - Filling up the DagBag from /home/airflow/.local/lib/python3.7/site-packages/airflow/example_dags/example_latest_only_with_trigger.py
[2022-09-20T16:21:27.792+0000] {processor.py:768} INFO - DAG(s) dict_keys(['latest_only_with_trigger']) retrieved from /home/airflow/.local/lib/python3.7/site-packages/airflow/example_dags/example_latest_only_with_trigger.py
[2022-09-20T16:21:27.823+0000] {logging_mixin.py:117} INFO - [2022-09-20T16:21:27.823+0000] {dag.py:2573} INFO - Sync 1 DAGs
[2022-09-20T16:21:27.843+0000] {logging_mixin.py:117} INFO - [2022-09-20T16:21:27.843+0000] {dag.py:3328} INFO - Setting next_dagrun for latest_only_with_trigger to 2022-09-20T12:21:27.843564+00:00, run_after=2022-09-20T16:21:27.843564+00:00
[2022-09-20T16:21:27.862+0000] {processor.py:178} INFO - Processing /home/airflow/.local/lib/python3.7/site-packages/airflow/example_dags/example_latest_only_with_trigger.py took 0.084 seconds
[2022-09-20T16:21:58.696+0000] {processor.py:156} INFO - Started process (PID=448) to work on /home/airflow/.local/lib/python3.7/site-packages/airflow/example_dags/example_latest_only_with_trigger.py
[2022-09-20T16:21:58.697+0000] {processor.py:758} INFO - Processing file /home/airflow/.local/lib/python3.7/site-packages/airflow/example_dags/example_latest_only_with_trigger.py for tasks to queue
[2022-09-20T16:21:58.698+0000] {logging_mixin.py:117} INFO - [2022-09-20T16:21:58.698+0000] {dagbag.py:525} INFO - Filling up the DagBag from /home/airflow/.local/lib/python3.7/site-packages/airflow/example_dags/example_latest_only_with_trigger.py
[2022-09-20T16:21:58.711+0000] {processor.py:768} INFO - DAG(s) dict_keys(['latest_only_with_trigger']) retrieved from /home/airflow/.local/lib/python3.7/site-packages/airflow/example_dags/example_latest_only_with_trigger.py
[2022-09-20T16:21:58.745+0000] {logging_mixin.py:117} INFO - [2022-09-20T16:21:58.745+0000] {dag.py:2573} INFO - Sync 1 DAGs
[2022-09-20T16:21:58.769+0000] {logging_mixin.py:117} INFO - [2022-09-20T16:21:58.768+0000] {dag.py:3328} INFO - Setting next_dagrun for latest_only_with_trigger to 2022-09-20T12:21:58.768802+00:00, run_after=2022-09-20T16:21:58.768802+00:00
[2022-09-20T16:21:58.789+0000] {processor.py:178} INFO - Processing /home/airflow/.local/lib/python3.7/site-packages/airflow/example_dags/example_latest_only_with_trigger.py took 0.097 seconds
[2022-09-20T16:22:29.118+0000] {processor.py:156} INFO - Started process (PID=511) to work on /home/airflow/.local/lib/python3.7/site-packages/airflow/example_dags/example_latest_only_with_trigger.py
[2022-09-20T16:22:29.119+0000] {processor.py:758} INFO - Processing file /home/airflow/.local/lib/python3.7/site-packages/airflow/example_dags/example_latest_only_with_trigger.py for tasks to queue
[2022-09-20T16:22:29.119+0000] {logging_mixin.py:117} INFO - [2022-09-20T16:22:29.119+0000] {dagbag.py:525} INFO - Filling up the DagBag from /home/airflow/.local/lib/python3.7/site-packages/airflow/example_dags/example_latest_only_with_trigger.py
[2022-09-20T16:22:29.131+0000] {processor.py:768} INFO - DAG(s) dict_keys(['latest_only_with_trigger']) retrieved from /home/airflow/.local/lib/python3.7/site-packages/airflow/example_dags/example_latest_only_with_trigger.py
[2022-09-20T16:22:29.167+0000] {logging_mixin.py:117} INFO - [2022-09-20T16:22:29.166+0000] {dag.py:2573} INFO - Sync 1 DAGs
[2022-09-20T16:22:29.191+0000] {logging_mixin.py:117} INFO - [2022-09-20T16:22:29.191+0000] {dag.py:3328} INFO - Setting next_dagrun for latest_only_with_trigger to 2022-09-20T12:22:29.191051+00:00, run_after=2022-09-20T16:22:29.191051+00:00
[2022-09-20T16:22:29.210+0000] {processor.py:178} INFO - Processing /home/airflow/.local/lib/python3.7/site-packages/airflow/example_dags/example_latest_only_with_trigger.py took 0.094 seconds
[2022-09-20T16:22:59.433+0000] {processor.py:156} INFO - Started process (PID=564) to work on /home/airflow/.local/lib/python3.7/site-packages/airflow/example_dags/example_latest_only_with_trigger.py
[2022-09-20T16:22:59.434+0000] {processor.py:758} INFO - Processing file /home/airflow/.local/lib/python3.7/site-packages/airflow/example_dags/example_latest_only_with_trigger.py for tasks to queue
[2022-09-20T16:22:59.434+0000] {logging_mixin.py:117} INFO - [2022-09-20T16:22:59.434+0000] {dagbag.py:525} INFO - Filling up the DagBag from /home/airflow/.local/lib/python3.7/site-packages/airflow/example_dags/example_latest_only_with_trigger.py
[2022-09-20T16:22:59.445+0000] {processor.py:768} INFO - DAG(s) dict_keys(['latest_only_with_trigger']) retrieved from /home/airflow/.local/lib/python3.7/site-packages/airflow/example_dags/example_latest_only_with_trigger.py
[2022-09-20T16:22:59.476+0000] {logging_mixin.py:117} INFO - [2022-09-20T16:22:59.475+0000] {dag.py:2573} INFO - Sync 1 DAGs
[2022-09-20T16:22:59.495+0000] {logging_mixin.py:117} INFO - [2022-09-20T16:22:59.495+0000] {dag.py:3328} INFO - Setting next_dagrun for latest_only_with_trigger to 2022-09-20T12:22:59.495471+00:00, run_after=2022-09-20T16:22:59.495471+00:00
[2022-09-20T16:22:59.511+0000] {processor.py:178} INFO - Processing /home/airflow/.local/lib/python3.7/site-packages/airflow/example_dags/example_latest_only_with_trigger.py took 0.080 seconds
[2022-09-20T16:23:30.029+0000] {processor.py:156} INFO - Started process (PID=626) to work on /home/airflow/.local/lib/python3.7/site-packages/airflow/example_dags/example_latest_only_with_trigger.py
[2022-09-20T16:23:30.030+0000] {processor.py:758} INFO - Processing file /home/airflow/.local/lib/python3.7/site-packages/airflow/example_dags/example_latest_only_with_trigger.py for tasks to queue
[2022-09-20T16:23:30.030+0000] {logging_mixin.py:117} INFO - [2022-09-20T16:23:30.030+0000] {dagbag.py:525} INFO - Filling up the DagBag from /home/airflow/.local/lib/python3.7/site-packages/airflow/example_dags/example_latest_only_with_trigger.py
[2022-09-20T16:23:30.041+0000] {processor.py:768} INFO - DAG(s) dict_keys(['latest_only_with_trigger']) retrieved from /home/airflow/.local/lib/python3.7/site-packages/airflow/example_dags/example_latest_only_with_trigger.py
[2022-09-20T16:23:30.074+0000] {logging_mixin.py:117} INFO - [2022-09-20T16:23:30.074+0000] {dag.py:2573} INFO - Sync 1 DAGs
[2022-09-20T16:23:30.094+0000] {logging_mixin.py:117} INFO - [2022-09-20T16:23:30.094+0000] {dag.py:3328} INFO - Setting next_dagrun for latest_only_with_trigger to 2022-09-20T12:23:30.093903+00:00, run_after=2022-09-20T16:23:30.093903+00:00
[2022-09-20T16:23:30.111+0000] {processor.py:178} INFO - Processing /home/airflow/.local/lib/python3.7/site-packages/airflow/example_dags/example_latest_only_with_trigger.py took 0.083 seconds
[2022-09-20T16:24:00.433+0000] {processor.py:156} INFO - Started process (PID=688) to work on /home/airflow/.local/lib/python3.7/site-packages/airflow/example_dags/example_latest_only_with_trigger.py
[2022-09-20T16:24:00.433+0000] {processor.py:758} INFO - Processing file /home/airflow/.local/lib/python3.7/site-packages/airflow/example_dags/example_latest_only_with_trigger.py for tasks to queue
[2022-09-20T16:24:00.434+0000] {logging_mixin.py:117} INFO - [2022-09-20T16:24:00.434+0000] {dagbag.py:525} INFO - Filling up the DagBag from /home/airflow/.local/lib/python3.7/site-packages/airflow/example_dags/example_latest_only_with_trigger.py
[2022-09-20T16:24:00.444+0000] {processor.py:768} INFO - DAG(s) dict_keys(['latest_only_with_trigger']) retrieved from /home/airflow/.local/lib/python3.7/site-packages/airflow/example_dags/example_latest_only_with_trigger.py
[2022-09-20T16:24:00.475+0000] {logging_mixin.py:117} INFO - [2022-09-20T16:24:00.474+0000] {dag.py:2573} INFO - Sync 1 DAGs
[2022-09-20T16:24:00.496+0000] {logging_mixin.py:117} INFO - [2022-09-20T16:24:00.496+0000] {dag.py:3328} INFO - Setting next_dagrun for latest_only_with_trigger to 2022-09-20T12:24:00.495838+00:00, run_after=2022-09-20T16:24:00.495838+00:00
[2022-09-20T16:24:00.513+0000] {processor.py:178} INFO - Processing /home/airflow/.local/lib/python3.7/site-packages/airflow/example_dags/example_latest_only_with_trigger.py took 0.082 seconds
[2022-09-20T16:24:31.070+0000] {processor.py:156} INFO - Started process (PID=741) to work on /home/airflow/.local/lib/python3.7/site-packages/airflow/example_dags/example_latest_only_with_trigger.py
[2022-09-20T16:24:31.070+0000] {processor.py:758} INFO - Processing file /home/airflow/.local/lib/python3.7/site-packages/airflow/example_dags/example_latest_only_with_trigger.py for tasks to queue
[2022-09-20T16:24:31.071+0000] {logging_mixin.py:117} INFO - [2022-09-20T16:24:31.070+0000] {dagbag.py:525} INFO - Filling up the DagBag from /home/airflow/.local/lib/python3.7/site-packages/airflow/example_dags/example_latest_only_with_trigger.py
[2022-09-20T16:24:31.081+0000] {processor.py:768} INFO - DAG(s) dict_keys(['latest_only_with_trigger']) retrieved from /home/airflow/.local/lib/python3.7/site-packages/airflow/example_dags/example_latest_only_with_trigger.py
[2022-09-20T16:24:31.114+0000] {logging_mixin.py:117} INFO - [2022-09-20T16:24:31.114+0000] {dag.py:2573} INFO - Sync 1 DAGs
[2022-09-20T16:24:31.135+0000] {logging_mixin.py:117} INFO - [2022-09-20T16:24:31.135+0000] {dag.py:3328} INFO - Setting next_dagrun for latest_only_with_trigger to 2022-09-20T12:24:31.135357+00:00, run_after=2022-09-20T16:24:31.135357+00:00
[2022-09-20T16:24:31.153+0000] {processor.py:178} INFO - Processing /home/airflow/.local/lib/python3.7/site-packages/airflow/example_dags/example_latest_only_with_trigger.py took 0.086 seconds
[2022-09-20T16:25:01.576+0000] {processor.py:156} INFO - Started process (PID=804) to work on /home/airflow/.local/lib/python3.7/site-packages/airflow/example_dags/example_latest_only_with_trigger.py
[2022-09-20T16:25:01.577+0000] {processor.py:758} INFO - Processing file /home/airflow/.local/lib/python3.7/site-packages/airflow/example_dags/example_latest_only_with_trigger.py for tasks to queue
[2022-09-20T16:25:01.577+0000] {logging_mixin.py:117} INFO - [2022-09-20T16:25:01.577+0000] {dagbag.py:525} INFO - Filling up the DagBag from /home/airflow/.local/lib/python3.7/site-packages/airflow/example_dags/example_latest_only_with_trigger.py
[2022-09-20T16:25:01.588+0000] {processor.py:768} INFO - DAG(s) dict_keys(['latest_only_with_trigger']) retrieved from /home/airflow/.local/lib/python3.7/site-packages/airflow/example_dags/example_latest_only_with_trigger.py
[2022-09-20T16:25:01.619+0000] {logging_mixin.py:117} INFO - [2022-09-20T16:25:01.619+0000] {dag.py:2573} INFO - Sync 1 DAGs
[2022-09-20T16:25:01.639+0000] {logging_mixin.py:117} INFO - [2022-09-20T16:25:01.639+0000] {dag.py:3328} INFO - Setting next_dagrun for latest_only_with_trigger to 2022-09-20T12:25:01.639127+00:00, run_after=2022-09-20T16:25:01.639127+00:00
[2022-09-20T16:25:01.656+0000] {processor.py:178} INFO - Processing /home/airflow/.local/lib/python3.7/site-packages/airflow/example_dags/example_latest_only_with_trigger.py took 0.082 seconds
[2022-09-20T16:25:32.009+0000] {processor.py:156} INFO - Started process (PID=867) to work on /home/airflow/.local/lib/python3.7/site-packages/airflow/example_dags/example_latest_only_with_trigger.py
[2022-09-20T16:25:32.011+0000] {processor.py:758} INFO - Processing file /home/airflow/.local/lib/python3.7/site-packages/airflow/example_dags/example_latest_only_with_trigger.py for tasks to queue
[2022-09-20T16:25:32.011+0000] {logging_mixin.py:117} INFO - [2022-09-20T16:25:32.011+0000] {dagbag.py:525} INFO - Filling up the DagBag from /home/airflow/.local/lib/python3.7/site-packages/airflow/example_dags/example_latest_only_with_trigger.py
[2022-09-20T16:25:32.032+0000] {processor.py:768} INFO - DAG(s) dict_keys(['latest_only_with_trigger']) retrieved from /home/airflow/.local/lib/python3.7/site-packages/airflow/example_dags/example_latest_only_with_trigger.py
[2022-09-20T16:25:32.092+0000] {logging_mixin.py:117} INFO - [2022-09-20T16:25:32.091+0000] {dag.py:2573} INFO - Sync 1 DAGs
[2022-09-20T16:25:32.129+0000] {logging_mixin.py:117} INFO - [2022-09-20T16:25:32.129+0000] {dag.py:3328} INFO - Setting next_dagrun for latest_only_with_trigger to 2022-09-20T12:25:32.129342+00:00, run_after=2022-09-20T16:25:32.129342+00:00
[2022-09-20T16:25:32.156+0000] {processor.py:178} INFO - Processing /home/airflow/.local/lib/python3.7/site-packages/airflow/example_dags/example_latest_only_with_trigger.py took 0.151 seconds
[2022-09-20T16:26:02.349+0000] {processor.py:156} INFO - Started process (PID=920) to work on /home/airflow/.local/lib/python3.7/site-packages/airflow/example_dags/example_latest_only_with_trigger.py
[2022-09-20T16:26:02.350+0000] {processor.py:758} INFO - Processing file /home/airflow/.local/lib/python3.7/site-packages/airflow/example_dags/example_latest_only_with_trigger.py for tasks to queue
[2022-09-20T16:26:02.350+0000] {logging_mixin.py:117} INFO - [2022-09-20T16:26:02.350+0000] {dagbag.py:525} INFO - Filling up the DagBag from /home/airflow/.local/lib/python3.7/site-packages/airflow/example_dags/example_latest_only_with_trigger.py
[2022-09-20T16:26:02.361+0000] {processor.py:768} INFO - DAG(s) dict_keys(['latest_only_with_trigger']) retrieved from /home/airflow/.local/lib/python3.7/site-packages/airflow/example_dags/example_latest_only_with_trigger.py
[2022-09-20T16:26:02.391+0000] {logging_mixin.py:117} INFO - [2022-09-20T16:26:02.391+0000] {dag.py:2573} INFO - Sync 1 DAGs
[2022-09-20T16:26:02.412+0000] {logging_mixin.py:117} INFO - [2022-09-20T16:26:02.411+0000] {dag.py:3328} INFO - Setting next_dagrun for latest_only_with_trigger to 2022-09-20T12:26:02.411707+00:00, run_after=2022-09-20T16:26:02.411707+00:00
[2022-09-20T16:26:02.431+0000] {processor.py:178} INFO - Processing /home/airflow/.local/lib/python3.7/site-packages/airflow/example_dags/example_latest_only_with_trigger.py took 0.085 seconds
[2022-09-20T16:26:32.843+0000] {processor.py:156} INFO - Started process (PID=982) to work on /home/airflow/.local/lib/python3.7/site-packages/airflow/example_dags/example_latest_only_with_trigger.py
[2022-09-20T16:26:32.844+0000] {processor.py:758} INFO - Processing file /home/airflow/.local/lib/python3.7/site-packages/airflow/example_dags/example_latest_only_with_trigger.py for tasks to queue
[2022-09-20T16:26:32.844+0000] {logging_mixin.py:117} INFO - [2022-09-20T16:26:32.844+0000] {dagbag.py:525} INFO - Filling up the DagBag from /home/airflow/.local/lib/python3.7/site-packages/airflow/example_dags/example_latest_only_with_trigger.py
[2022-09-20T16:26:32.855+0000] {processor.py:768} INFO - DAG(s) dict_keys(['latest_only_with_trigger']) retrieved from /home/airflow/.local/lib/python3.7/site-packages/airflow/example_dags/example_latest_only_with_trigger.py
[2022-09-20T16:26:32.885+0000] {logging_mixin.py:117} INFO - [2022-09-20T16:26:32.885+0000] {dag.py:2573} INFO - Sync 1 DAGs
[2022-09-20T16:26:32.907+0000] {logging_mixin.py:117} INFO - [2022-09-20T16:26:32.907+0000] {dag.py:3328} INFO - Setting next_dagrun for latest_only_with_trigger to 2022-09-20T12:26:32.907512+00:00, run_after=2022-09-20T16:26:32.907512+00:00
[2022-09-20T16:26:32.926+0000] {processor.py:178} INFO - Processing /home/airflow/.local/lib/python3.7/site-packages/airflow/example_dags/example_latest_only_with_trigger.py took 0.085 seconds
[2022-09-20T16:27:03.213+0000] {processor.py:156} INFO - Started process (PID=1036) to work on /home/airflow/.local/lib/python3.7/site-packages/airflow/example_dags/example_latest_only_with_trigger.py
[2022-09-20T16:27:03.214+0000] {processor.py:758} INFO - Processing file /home/airflow/.local/lib/python3.7/site-packages/airflow/example_dags/example_latest_only_with_trigger.py for tasks to queue
[2022-09-20T16:27:03.214+0000] {logging_mixin.py:117} INFO - [2022-09-20T16:27:03.214+0000] {dagbag.py:525} INFO - Filling up the DagBag from /home/airflow/.local/lib/python3.7/site-packages/airflow/example_dags/example_latest_only_with_trigger.py
[2022-09-20T16:27:03.226+0000] {processor.py:768} INFO - DAG(s) dict_keys(['latest_only_with_trigger']) retrieved from /home/airflow/.local/lib/python3.7/site-packages/airflow/example_dags/example_latest_only_with_trigger.py
[2022-09-20T16:27:03.260+0000] {logging_mixin.py:117} INFO - [2022-09-20T16:27:03.260+0000] {dag.py:2573} INFO - Sync 1 DAGs
[2022-09-20T16:27:03.286+0000] {logging_mixin.py:117} INFO - [2022-09-20T16:27:03.286+0000] {dag.py:3328} INFO - Setting next_dagrun for latest_only_with_trigger to 2022-09-20T12:27:03.285779+00:00, run_after=2022-09-20T16:27:03.285779+00:00
[2022-09-20T16:27:03.307+0000] {processor.py:178} INFO - Processing /home/airflow/.local/lib/python3.7/site-packages/airflow/example_dags/example_latest_only_with_trigger.py took 0.097 seconds
[2022-09-20T16:27:33.523+0000] {processor.py:156} INFO - Started process (PID=1099) to work on /home/airflow/.local/lib/python3.7/site-packages/airflow/example_dags/example_latest_only_with_trigger.py
[2022-09-20T16:27:33.524+0000] {processor.py:758} INFO - Processing file /home/airflow/.local/lib/python3.7/site-packages/airflow/example_dags/example_latest_only_with_trigger.py for tasks to queue
[2022-09-20T16:27:33.524+0000] {logging_mixin.py:117} INFO - [2022-09-20T16:27:33.524+0000] {dagbag.py:525} INFO - Filling up the DagBag from /home/airflow/.local/lib/python3.7/site-packages/airflow/example_dags/example_latest_only_with_trigger.py
[2022-09-20T16:27:33.536+0000] {processor.py:768} INFO - DAG(s) dict_keys(['latest_only_with_trigger']) retrieved from /home/airflow/.local/lib/python3.7/site-packages/airflow/example_dags/example_latest_only_with_trigger.py
[2022-09-20T16:27:33.569+0000] {logging_mixin.py:117} INFO - [2022-09-20T16:27:33.569+0000] {dag.py:2573} INFO - Sync 1 DAGs
[2022-09-20T16:27:33.590+0000] {logging_mixin.py:117} INFO - [2022-09-20T16:27:33.590+0000] {dag.py:3328} INFO - Setting next_dagrun for latest_only_with_trigger to 2022-09-20T12:27:33.589989+00:00, run_after=2022-09-20T16:27:33.589989+00:00
[2022-09-20T16:27:33.608+0000] {processor.py:178} INFO - Processing /home/airflow/.local/lib/python3.7/site-packages/airflow/example_dags/example_latest_only_with_trigger.py took 0.087 seconds
[2022-09-20T16:28:03.923+0000] {processor.py:156} INFO - Started process (PID=1162) to work on /home/airflow/.local/lib/python3.7/site-packages/airflow/example_dags/example_latest_only_with_trigger.py
[2022-09-20T16:28:03.924+0000] {processor.py:758} INFO - Processing file /home/airflow/.local/lib/python3.7/site-packages/airflow/example_dags/example_latest_only_with_trigger.py for tasks to queue
[2022-09-20T16:28:03.924+0000] {logging_mixin.py:117} INFO - [2022-09-20T16:28:03.924+0000] {dagbag.py:525} INFO - Filling up the DagBag from /home/airflow/.local/lib/python3.7/site-packages/airflow/example_dags/example_latest_only_with_trigger.py
[2022-09-20T16:28:03.937+0000] {processor.py:768} INFO - DAG(s) dict_keys(['latest_only_with_trigger']) retrieved from /home/airflow/.local/lib/python3.7/site-packages/airflow/example_dags/example_latest_only_with_trigger.py
[2022-09-20T16:28:03.971+0000] {logging_mixin.py:117} INFO - [2022-09-20T16:28:03.971+0000] {dag.py:2573} INFO - Sync 1 DAGs
[2022-09-20T16:28:03.993+0000] {logging_mixin.py:117} INFO - [2022-09-20T16:28:03.992+0000] {dag.py:3328} INFO - Setting next_dagrun for latest_only_with_trigger to 2022-09-20T12:28:03.992632+00:00, run_after=2022-09-20T16:28:03.992632+00:00
[2022-09-20T16:28:04.011+0000] {processor.py:178} INFO - Processing /home/airflow/.local/lib/python3.7/site-packages/airflow/example_dags/example_latest_only_with_trigger.py took 0.091 seconds
[2022-09-20T16:28:34.230+0000] {processor.py:156} INFO - Started process (PID=1217) to work on /home/airflow/.local/lib/python3.7/site-packages/airflow/example_dags/example_latest_only_with_trigger.py
[2022-09-20T16:28:34.231+0000] {processor.py:758} INFO - Processing file /home/airflow/.local/lib/python3.7/site-packages/airflow/example_dags/example_latest_only_with_trigger.py for tasks to queue
[2022-09-20T16:28:34.231+0000] {logging_mixin.py:117} INFO - [2022-09-20T16:28:34.231+0000] {dagbag.py:525} INFO - Filling up the DagBag from /home/airflow/.local/lib/python3.7/site-packages/airflow/example_dags/example_latest_only_with_trigger.py
[2022-09-20T16:28:34.242+0000] {processor.py:768} INFO - DAG(s) dict_keys(['latest_only_with_trigger']) retrieved from /home/airflow/.local/lib/python3.7/site-packages/airflow/example_dags/example_latest_only_with_trigger.py
[2022-09-20T16:28:34.281+0000] {logging_mixin.py:117} INFO - [2022-09-20T16:28:34.281+0000] {dag.py:2573} INFO - Sync 1 DAGs
[2022-09-20T16:28:34.302+0000] {logging_mixin.py:117} INFO - [2022-09-20T16:28:34.302+0000] {dag.py:3328} INFO - Setting next_dagrun for latest_only_with_trigger to 2022-09-20T12:28:34.302119+00:00, run_after=2022-09-20T16:28:34.302119+00:00
[2022-09-20T16:28:34.320+0000] {processor.py:178} INFO - Processing /home/airflow/.local/lib/python3.7/site-packages/airflow/example_dags/example_latest_only_with_trigger.py took 0.091 seconds
[2022-09-20T16:29:04.728+0000] {processor.py:156} INFO - Started process (PID=1279) to work on /home/airflow/.local/lib/python3.7/site-packages/airflow/example_dags/example_latest_only_with_trigger.py
[2022-09-20T16:29:04.729+0000] {processor.py:758} INFO - Processing file /home/airflow/.local/lib/python3.7/site-packages/airflow/example_dags/example_latest_only_with_trigger.py for tasks to queue
[2022-09-20T16:29:04.729+0000] {logging_mixin.py:117} INFO - [2022-09-20T16:29:04.729+0000] {dagbag.py:525} INFO - Filling up the DagBag from /home/airflow/.local/lib/python3.7/site-packages/airflow/example_dags/example_latest_only_with_trigger.py
[2022-09-20T16:29:04.740+0000] {processor.py:768} INFO - DAG(s) dict_keys(['latest_only_with_trigger']) retrieved from /home/airflow/.local/lib/python3.7/site-packages/airflow/example_dags/example_latest_only_with_trigger.py
[2022-09-20T16:29:04.770+0000] {logging_mixin.py:117} INFO - [2022-09-20T16:29:04.770+0000] {dag.py:2573} INFO - Sync 1 DAGs
[2022-09-20T16:29:04.790+0000] {logging_mixin.py:117} INFO - [2022-09-20T16:29:04.790+0000] {dag.py:3328} INFO - Setting next_dagrun for latest_only_with_trigger to 2022-09-20T12:29:04.790474+00:00, run_after=2022-09-20T16:29:04.790474+00:00
[2022-09-20T16:29:04.808+0000] {processor.py:178} INFO - Processing /home/airflow/.local/lib/python3.7/site-packages/airflow/example_dags/example_latest_only_with_trigger.py took 0.082 seconds
[2022-09-20T16:29:35.254+0000] {processor.py:156} INFO - Started process (PID=1340) to work on /home/airflow/.local/lib/python3.7/site-packages/airflow/example_dags/example_latest_only_with_trigger.py
[2022-09-20T16:29:35.255+0000] {processor.py:758} INFO - Processing file /home/airflow/.local/lib/python3.7/site-packages/airflow/example_dags/example_latest_only_with_trigger.py for tasks to queue
[2022-09-20T16:29:35.255+0000] {logging_mixin.py:117} INFO - [2022-09-20T16:29:35.255+0000] {dagbag.py:525} INFO - Filling up the DagBag from /home/airflow/.local/lib/python3.7/site-packages/airflow/example_dags/example_latest_only_with_trigger.py
[2022-09-20T16:29:35.270+0000] {processor.py:768} INFO - DAG(s) dict_keys(['latest_only_with_trigger']) retrieved from /home/airflow/.local/lib/python3.7/site-packages/airflow/example_dags/example_latest_only_with_trigger.py
[2022-09-20T16:29:35.312+0000] {logging_mixin.py:117} INFO - [2022-09-20T16:29:35.312+0000] {dag.py:2573} INFO - Sync 1 DAGs
[2022-09-20T16:29:35.342+0000] {logging_mixin.py:117} INFO - [2022-09-20T16:29:35.342+0000] {dag.py:3328} INFO - Setting next_dagrun for latest_only_with_trigger to 2022-09-20T12:29:35.342209+00:00, run_after=2022-09-20T16:29:35.342209+00:00
[2022-09-20T16:29:35.374+0000] {processor.py:178} INFO - Processing /home/airflow/.local/lib/python3.7/site-packages/airflow/example_dags/example_latest_only_with_trigger.py took 0.123 seconds
[2022-09-20T16:30:05.552+0000] {processor.py:156} INFO - Started process (PID=1394) to work on /home/airflow/.local/lib/python3.7/site-packages/airflow/example_dags/example_latest_only_with_trigger.py
[2022-09-20T16:30:05.553+0000] {processor.py:758} INFO - Processing file /home/airflow/.local/lib/python3.7/site-packages/airflow/example_dags/example_latest_only_with_trigger.py for tasks to queue
[2022-09-20T16:30:05.553+0000] {logging_mixin.py:117} INFO - [2022-09-20T16:30:05.553+0000] {dagbag.py:525} INFO - Filling up the DagBag from /home/airflow/.local/lib/python3.7/site-packages/airflow/example_dags/example_latest_only_with_trigger.py
[2022-09-20T16:30:05.566+0000] {processor.py:768} INFO - DAG(s) dict_keys(['latest_only_with_trigger']) retrieved from /home/airflow/.local/lib/python3.7/site-packages/airflow/example_dags/example_latest_only_with_trigger.py
[2022-09-20T16:30:05.603+0000] {logging_mixin.py:117} INFO - [2022-09-20T16:30:05.603+0000] {dag.py:2573} INFO - Sync 1 DAGs
[2022-09-20T16:30:05.628+0000] {logging_mixin.py:117} INFO - [2022-09-20T16:30:05.628+0000] {dag.py:3328} INFO - Setting next_dagrun for latest_only_with_trigger to 2022-09-20T12:30:05.628456+00:00, run_after=2022-09-20T16:30:05.628456+00:00
[2022-09-20T16:30:05.653+0000] {processor.py:178} INFO - Processing /home/airflow/.local/lib/python3.7/site-packages/airflow/example_dags/example_latest_only_with_trigger.py took 0.104 seconds
[2022-09-20T16:30:35.981+0000] {processor.py:156} INFO - Started process (PID=1457) to work on /home/airflow/.local/lib/python3.7/site-packages/airflow/example_dags/example_latest_only_with_trigger.py
[2022-09-20T16:30:35.982+0000] {processor.py:758} INFO - Processing file /home/airflow/.local/lib/python3.7/site-packages/airflow/example_dags/example_latest_only_with_trigger.py for tasks to queue
[2022-09-20T16:30:35.982+0000] {logging_mixin.py:117} INFO - [2022-09-20T16:30:35.982+0000] {dagbag.py:525} INFO - Filling up the DagBag from /home/airflow/.local/lib/python3.7/site-packages/airflow/example_dags/example_latest_only_with_trigger.py
[2022-09-20T16:30:36.000+0000] {processor.py:768} INFO - DAG(s) dict_keys(['latest_only_with_trigger']) retrieved from /home/airflow/.local/lib/python3.7/site-packages/airflow/example_dags/example_latest_only_with_trigger.py
[2022-09-20T16:30:36.044+0000] {logging_mixin.py:117} INFO - [2022-09-20T16:30:36.044+0000] {dag.py:2573} INFO - Sync 1 DAGs
[2022-09-20T16:30:36.071+0000] {logging_mixin.py:117} INFO - [2022-09-20T16:30:36.071+0000] {dag.py:3328} INFO - Setting next_dagrun for latest_only_with_trigger to 2022-09-20T12:30:36.070871+00:00, run_after=2022-09-20T16:30:36.070871+00:00
[2022-09-20T16:30:36.091+0000] {processor.py:178} INFO - Processing /home/airflow/.local/lib/python3.7/site-packages/airflow/example_dags/example_latest_only_with_trigger.py took 0.113 seconds
[2022-09-20T16:31:06.926+0000] {processor.py:156} INFO - Started process (PID=1511) to work on /home/airflow/.local/lib/python3.7/site-packages/airflow/example_dags/example_latest_only_with_trigger.py
[2022-09-20T16:31:06.927+0000] {processor.py:758} INFO - Processing file /home/airflow/.local/lib/python3.7/site-packages/airflow/example_dags/example_latest_only_with_trigger.py for tasks to queue
[2022-09-20T16:31:06.928+0000] {logging_mixin.py:117} INFO - [2022-09-20T16:31:06.927+0000] {dagbag.py:525} INFO - Filling up the DagBag from /home/airflow/.local/lib/python3.7/site-packages/airflow/example_dags/example_latest_only_with_trigger.py
[2022-09-20T16:31:06.953+0000] {processor.py:768} INFO - DAG(s) dict_keys(['latest_only_with_trigger']) retrieved from /home/airflow/.local/lib/python3.7/site-packages/airflow/example_dags/example_latest_only_with_trigger.py
[2022-09-20T16:31:07.000+0000] {logging_mixin.py:117} INFO - [2022-09-20T16:31:07.000+0000] {dag.py:2573} INFO - Sync 1 DAGs
[2022-09-20T16:31:07.031+0000] {logging_mixin.py:117} INFO - [2022-09-20T16:31:07.031+0000] {dag.py:3328} INFO - Setting next_dagrun for latest_only_with_trigger to 2022-09-20T12:31:07.030727+00:00, run_after=2022-09-20T16:31:07.030727+00:00
[2022-09-20T16:31:07.059+0000] {processor.py:178} INFO - Processing /home/airflow/.local/lib/python3.7/site-packages/airflow/example_dags/example_latest_only_with_trigger.py took 0.136 seconds
[2022-09-20T16:31:37.210+0000] {processor.py:156} INFO - Started process (PID=1574) to work on /home/airflow/.local/lib/python3.7/site-packages/airflow/example_dags/example_latest_only_with_trigger.py
[2022-09-20T16:31:37.211+0000] {processor.py:758} INFO - Processing file /home/airflow/.local/lib/python3.7/site-packages/airflow/example_dags/example_latest_only_with_trigger.py for tasks to queue
[2022-09-20T16:31:37.213+0000] {logging_mixin.py:117} INFO - [2022-09-20T16:31:37.212+0000] {dagbag.py:525} INFO - Filling up the DagBag from /home/airflow/.local/lib/python3.7/site-packages/airflow/example_dags/example_latest_only_with_trigger.py
[2022-09-20T16:31:37.235+0000] {processor.py:768} INFO - DAG(s) dict_keys(['latest_only_with_trigger']) retrieved from /home/airflow/.local/lib/python3.7/site-packages/airflow/example_dags/example_latest_only_with_trigger.py
[2022-09-20T16:31:37.303+0000] {logging_mixin.py:117} INFO - [2022-09-20T16:31:37.302+0000] {dag.py:2573} INFO - Sync 1 DAGs
[2022-09-20T16:31:37.344+0000] {logging_mixin.py:117} INFO - [2022-09-20T16:31:37.343+0000] {dag.py:3328} INFO - Setting next_dagrun for latest_only_with_trigger to 2022-09-20T12:31:37.343170+00:00, run_after=2022-09-20T16:31:37.343170+00:00
[2022-09-20T16:31:37.374+0000] {processor.py:178} INFO - Processing /home/airflow/.local/lib/python3.7/site-packages/airflow/example_dags/example_latest_only_with_trigger.py took 0.167 seconds
[2022-09-20T16:32:07.598+0000] {processor.py:156} INFO - Started process (PID=1628) to work on /home/airflow/.local/lib/python3.7/site-packages/airflow/example_dags/example_latest_only_with_trigger.py
[2022-09-20T16:32:07.598+0000] {processor.py:758} INFO - Processing file /home/airflow/.local/lib/python3.7/site-packages/airflow/example_dags/example_latest_only_with_trigger.py for tasks to queue
[2022-09-20T16:32:07.599+0000] {logging_mixin.py:117} INFO - [2022-09-20T16:32:07.599+0000] {dagbag.py:525} INFO - Filling up the DagBag from /home/airflow/.local/lib/python3.7/site-packages/airflow/example_dags/example_latest_only_with_trigger.py
[2022-09-20T16:32:07.614+0000] {processor.py:768} INFO - DAG(s) dict_keys(['latest_only_with_trigger']) retrieved from /home/airflow/.local/lib/python3.7/site-packages/airflow/example_dags/example_latest_only_with_trigger.py
[2022-09-20T16:32:07.653+0000] {logging_mixin.py:117} INFO - [2022-09-20T16:32:07.653+0000] {dag.py:2573} INFO - Sync 1 DAGs
[2022-09-20T16:32:07.680+0000] {logging_mixin.py:117} INFO - [2022-09-20T16:32:07.680+0000] {dag.py:3328} INFO - Setting next_dagrun for latest_only_with_trigger to 2022-09-20T12:32:07.679926+00:00, run_after=2022-09-20T16:32:07.679926+00:00
[2022-09-20T16:32:07.702+0000] {processor.py:178} INFO - Processing /home/airflow/.local/lib/python3.7/site-packages/airflow/example_dags/example_latest_only_with_trigger.py took 0.107 seconds
[2022-09-20T16:32:38.430+0000] {processor.py:156} INFO - Started process (PID=1691) to work on /home/airflow/.local/lib/python3.7/site-packages/airflow/example_dags/example_latest_only_with_trigger.py
[2022-09-20T16:32:38.431+0000] {processor.py:758} INFO - Processing file /home/airflow/.local/lib/python3.7/site-packages/airflow/example_dags/example_latest_only_with_trigger.py for tasks to queue
[2022-09-20T16:32:38.431+0000] {logging_mixin.py:117} INFO - [2022-09-20T16:32:38.431+0000] {dagbag.py:525} INFO - Filling up the DagBag from /home/airflow/.local/lib/python3.7/site-packages/airflow/example_dags/example_latest_only_with_trigger.py
[2022-09-20T16:32:38.442+0000] {processor.py:768} INFO - DAG(s) dict_keys(['latest_only_with_trigger']) retrieved from /home/airflow/.local/lib/python3.7/site-packages/airflow/example_dags/example_latest_only_with_trigger.py
[2022-09-20T16:32:38.473+0000] {logging_mixin.py:117} INFO - [2022-09-20T16:32:38.473+0000] {dag.py:2573} INFO - Sync 1 DAGs
[2022-09-20T16:32:38.494+0000] {logging_mixin.py:117} INFO - [2022-09-20T16:32:38.494+0000] {dag.py:3328} INFO - Setting next_dagrun for latest_only_with_trigger to 2022-09-20T12:32:38.494178+00:00, run_after=2022-09-20T16:32:38.494178+00:00
[2022-09-20T16:32:38.510+0000] {processor.py:178} INFO - Processing /home/airflow/.local/lib/python3.7/site-packages/airflow/example_dags/example_latest_only_with_trigger.py took 0.082 seconds
[2022-09-20T16:33:08.907+0000] {processor.py:156} INFO - Started process (PID=1745) to work on /home/airflow/.local/lib/python3.7/site-packages/airflow/example_dags/example_latest_only_with_trigger.py
[2022-09-20T16:33:08.908+0000] {processor.py:758} INFO - Processing file /home/airflow/.local/lib/python3.7/site-packages/airflow/example_dags/example_latest_only_with_trigger.py for tasks to queue
[2022-09-20T16:33:08.908+0000] {logging_mixin.py:117} INFO - [2022-09-20T16:33:08.908+0000] {dagbag.py:525} INFO - Filling up the DagBag from /home/airflow/.local/lib/python3.7/site-packages/airflow/example_dags/example_latest_only_with_trigger.py
[2022-09-20T16:33:08.920+0000] {processor.py:768} INFO - DAG(s) dict_keys(['latest_only_with_trigger']) retrieved from /home/airflow/.local/lib/python3.7/site-packages/airflow/example_dags/example_latest_only_with_trigger.py
[2022-09-20T16:33:08.955+0000] {logging_mixin.py:117} INFO - [2022-09-20T16:33:08.954+0000] {dag.py:2573} INFO - Sync 1 DAGs
[2022-09-20T16:33:08.975+0000] {logging_mixin.py:117} INFO - [2022-09-20T16:33:08.975+0000] {dag.py:3328} INFO - Setting next_dagrun for latest_only_with_trigger to 2022-09-20T12:33:08.975546+00:00, run_after=2022-09-20T16:33:08.975546+00:00
[2022-09-20T16:33:08.992+0000] {processor.py:178} INFO - Processing /home/airflow/.local/lib/python3.7/site-packages/airflow/example_dags/example_latest_only_with_trigger.py took 0.087 seconds
[2022-09-20T16:33:39.454+0000] {processor.py:156} INFO - Started process (PID=1808) to work on /home/airflow/.local/lib/python3.7/site-packages/airflow/example_dags/example_latest_only_with_trigger.py
[2022-09-20T16:33:39.454+0000] {processor.py:758} INFO - Processing file /home/airflow/.local/lib/python3.7/site-packages/airflow/example_dags/example_latest_only_with_trigger.py for tasks to queue
[2022-09-20T16:33:39.455+0000] {logging_mixin.py:117} INFO - [2022-09-20T16:33:39.455+0000] {dagbag.py:525} INFO - Filling up the DagBag from /home/airflow/.local/lib/python3.7/site-packages/airflow/example_dags/example_latest_only_with_trigger.py
[2022-09-20T16:33:39.467+0000] {processor.py:768} INFO - DAG(s) dict_keys(['latest_only_with_trigger']) retrieved from /home/airflow/.local/lib/python3.7/site-packages/airflow/example_dags/example_latest_only_with_trigger.py
[2022-09-20T16:33:39.500+0000] {logging_mixin.py:117} INFO - [2022-09-20T16:33:39.500+0000] {dag.py:2573} INFO - Sync 1 DAGs
[2022-09-20T16:33:39.525+0000] {logging_mixin.py:117} INFO - [2022-09-20T16:33:39.525+0000] {dag.py:3328} INFO - Setting next_dagrun for latest_only_with_trigger to 2022-09-20T12:33:39.525389+00:00, run_after=2022-09-20T16:33:39.525389+00:00
[2022-09-20T16:33:39.542+0000] {processor.py:178} INFO - Processing /home/airflow/.local/lib/python3.7/site-packages/airflow/example_dags/example_latest_only_with_trigger.py took 0.092 seconds
[2022-09-20T16:34:10.255+0000] {processor.py:156} INFO - Started process (PID=1870) to work on /home/airflow/.local/lib/python3.7/site-packages/airflow/example_dags/example_latest_only_with_trigger.py
[2022-09-20T16:34:10.256+0000] {processor.py:758} INFO - Processing file /home/airflow/.local/lib/python3.7/site-packages/airflow/example_dags/example_latest_only_with_trigger.py for tasks to queue
[2022-09-20T16:34:10.256+0000] {logging_mixin.py:117} INFO - [2022-09-20T16:34:10.256+0000] {dagbag.py:525} INFO - Filling up the DagBag from /home/airflow/.local/lib/python3.7/site-packages/airflow/example_dags/example_latest_only_with_trigger.py
[2022-09-20T16:34:10.268+0000] {processor.py:768} INFO - DAG(s) dict_keys(['latest_only_with_trigger']) retrieved from /home/airflow/.local/lib/python3.7/site-packages/airflow/example_dags/example_latest_only_with_trigger.py
[2022-09-20T16:34:10.303+0000] {logging_mixin.py:117} INFO - [2022-09-20T16:34:10.303+0000] {dag.py:2573} INFO - Sync 1 DAGs
[2022-09-20T16:34:10.329+0000] {logging_mixin.py:117} INFO - [2022-09-20T16:34:10.329+0000] {dag.py:3328} INFO - Setting next_dagrun for latest_only_with_trigger to 2022-09-20T12:34:10.328837+00:00, run_after=2022-09-20T16:34:10.328837+00:00
[2022-09-20T16:34:10.348+0000] {processor.py:178} INFO - Processing /home/airflow/.local/lib/python3.7/site-packages/airflow/example_dags/example_latest_only_with_trigger.py took 0.095 seconds
[2022-09-20T16:34:40.811+0000] {processor.py:156} INFO - Started process (PID=1923) to work on /home/airflow/.local/lib/python3.7/site-packages/airflow/example_dags/example_latest_only_with_trigger.py
[2022-09-20T16:34:40.812+0000] {processor.py:758} INFO - Processing file /home/airflow/.local/lib/python3.7/site-packages/airflow/example_dags/example_latest_only_with_trigger.py for tasks to queue
[2022-09-20T16:34:40.812+0000] {logging_mixin.py:117} INFO - [2022-09-20T16:34:40.812+0000] {dagbag.py:525} INFO - Filling up the DagBag from /home/airflow/.local/lib/python3.7/site-packages/airflow/example_dags/example_latest_only_with_trigger.py
[2022-09-20T16:34:40.829+0000] {processor.py:768} INFO - DAG(s) dict_keys(['latest_only_with_trigger']) retrieved from /home/airflow/.local/lib/python3.7/site-packages/airflow/example_dags/example_latest_only_with_trigger.py
[2022-09-20T16:34:40.867+0000] {logging_mixin.py:117} INFO - [2022-09-20T16:34:40.867+0000] {dag.py:2573} INFO - Sync 1 DAGs
[2022-09-20T16:34:40.893+0000] {logging_mixin.py:117} INFO - [2022-09-20T16:34:40.893+0000] {dag.py:3328} INFO - Setting next_dagrun for latest_only_with_trigger to 2022-09-20T12:34:40.893354+00:00, run_after=2022-09-20T16:34:40.893354+00:00
[2022-09-20T16:34:40.913+0000] {processor.py:178} INFO - Processing /home/airflow/.local/lib/python3.7/site-packages/airflow/example_dags/example_latest_only_with_trigger.py took 0.104 seconds
[2022-09-20T16:35:11.958+0000] {processor.py:156} INFO - Started process (PID=1986) to work on /home/airflow/.local/lib/python3.7/site-packages/airflow/example_dags/example_latest_only_with_trigger.py
[2022-09-20T16:35:11.959+0000] {processor.py:758} INFO - Processing file /home/airflow/.local/lib/python3.7/site-packages/airflow/example_dags/example_latest_only_with_trigger.py for tasks to queue
[2022-09-20T16:35:11.960+0000] {logging_mixin.py:117} INFO - [2022-09-20T16:35:11.960+0000] {dagbag.py:525} INFO - Filling up the DagBag from /home/airflow/.local/lib/python3.7/site-packages/airflow/example_dags/example_latest_only_with_trigger.py
[2022-09-20T16:35:11.995+0000] {processor.py:768} INFO - DAG(s) dict_keys(['latest_only_with_trigger']) retrieved from /home/airflow/.local/lib/python3.7/site-packages/airflow/example_dags/example_latest_only_with_trigger.py
[2022-09-20T16:35:12.065+0000] {logging_mixin.py:117} INFO - [2022-09-20T16:35:12.065+0000] {dag.py:2573} INFO - Sync 1 DAGs
[2022-09-20T16:35:12.103+0000] {logging_mixin.py:117} INFO - [2022-09-20T16:35:12.103+0000] {dag.py:3328} INFO - Setting next_dagrun for latest_only_with_trigger to 2022-09-20T12:35:12.102436+00:00, run_after=2022-09-20T16:35:12.102436+00:00
[2022-09-20T16:35:12.131+0000] {processor.py:178} INFO - Processing /home/airflow/.local/lib/python3.7/site-packages/airflow/example_dags/example_latest_only_with_trigger.py took 0.175 seconds
[2022-09-20T16:35:42.459+0000] {processor.py:156} INFO - Started process (PID=2039) to work on /home/airflow/.local/lib/python3.7/site-packages/airflow/example_dags/example_latest_only_with_trigger.py
[2022-09-20T16:35:42.460+0000] {processor.py:758} INFO - Processing file /home/airflow/.local/lib/python3.7/site-packages/airflow/example_dags/example_latest_only_with_trigger.py for tasks to queue
[2022-09-20T16:35:42.461+0000] {logging_mixin.py:117} INFO - [2022-09-20T16:35:42.461+0000] {dagbag.py:525} INFO - Filling up the DagBag from /home/airflow/.local/lib/python3.7/site-packages/airflow/example_dags/example_latest_only_with_trigger.py
[2022-09-20T16:35:42.495+0000] {processor.py:768} INFO - DAG(s) dict_keys(['latest_only_with_trigger']) retrieved from /home/airflow/.local/lib/python3.7/site-packages/airflow/example_dags/example_latest_only_with_trigger.py
[2022-09-20T16:35:42.572+0000] {logging_mixin.py:117} INFO - [2022-09-20T16:35:42.572+0000] {dag.py:2573} INFO - Sync 1 DAGs
[2022-09-20T16:35:42.618+0000] {logging_mixin.py:117} INFO - [2022-09-20T16:35:42.617+0000] {dag.py:3328} INFO - Setting next_dagrun for latest_only_with_trigger to 2022-09-20T12:35:42.617336+00:00, run_after=2022-09-20T16:35:42.617336+00:00
[2022-09-20T16:35:42.649+0000] {processor.py:178} INFO - Processing /home/airflow/.local/lib/python3.7/site-packages/airflow/example_dags/example_latest_only_with_trigger.py took 0.193 seconds
[2022-09-20T16:36:13.030+0000] {processor.py:156} INFO - Started process (PID=2092) to work on /home/airflow/.local/lib/python3.7/site-packages/airflow/example_dags/example_latest_only_with_trigger.py
[2022-09-20T16:36:13.031+0000] {processor.py:758} INFO - Processing file /home/airflow/.local/lib/python3.7/site-packages/airflow/example_dags/example_latest_only_with_trigger.py for tasks to queue
[2022-09-20T16:36:13.032+0000] {logging_mixin.py:117} INFO - [2022-09-20T16:36:13.032+0000] {dagbag.py:525} INFO - Filling up the DagBag from /home/airflow/.local/lib/python3.7/site-packages/airflow/example_dags/example_latest_only_with_trigger.py
[2022-09-20T16:36:13.047+0000] {processor.py:768} INFO - DAG(s) dict_keys(['latest_only_with_trigger']) retrieved from /home/airflow/.local/lib/python3.7/site-packages/airflow/example_dags/example_latest_only_with_trigger.py
[2022-09-20T16:36:13.090+0000] {logging_mixin.py:117} INFO - [2022-09-20T16:36:13.090+0000] {dag.py:2573} INFO - Sync 1 DAGs
[2022-09-20T16:36:13.118+0000] {logging_mixin.py:117} INFO - [2022-09-20T16:36:13.118+0000] {dag.py:3328} INFO - Setting next_dagrun for latest_only_with_trigger to 2022-09-20T12:36:13.118225+00:00, run_after=2022-09-20T16:36:13.118225+00:00
[2022-09-20T16:36:13.144+0000] {processor.py:178} INFO - Processing /home/airflow/.local/lib/python3.7/site-packages/airflow/example_dags/example_latest_only_with_trigger.py took 0.116 seconds
[2022-09-20T16:36:43.250+0000] {processor.py:156} INFO - Started process (PID=2155) to work on /home/airflow/.local/lib/python3.7/site-packages/airflow/example_dags/example_latest_only_with_trigger.py
[2022-09-20T16:36:43.251+0000] {processor.py:758} INFO - Processing file /home/airflow/.local/lib/python3.7/site-packages/airflow/example_dags/example_latest_only_with_trigger.py for tasks to queue
[2022-09-20T16:36:43.251+0000] {logging_mixin.py:117} INFO - [2022-09-20T16:36:43.251+0000] {dagbag.py:525} INFO - Filling up the DagBag from /home/airflow/.local/lib/python3.7/site-packages/airflow/example_dags/example_latest_only_with_trigger.py
[2022-09-20T16:36:43.266+0000] {processor.py:768} INFO - DAG(s) dict_keys(['latest_only_with_trigger']) retrieved from /home/airflow/.local/lib/python3.7/site-packages/airflow/example_dags/example_latest_only_with_trigger.py
[2022-09-20T16:36:43.308+0000] {logging_mixin.py:117} INFO - [2022-09-20T16:36:43.307+0000] {dag.py:2573} INFO - Sync 1 DAGs
[2022-09-20T16:36:43.341+0000] {logging_mixin.py:117} INFO - [2022-09-20T16:36:43.341+0000] {dag.py:3328} INFO - Setting next_dagrun for latest_only_with_trigger to 2022-09-20T12:36:43.341173+00:00, run_after=2022-09-20T16:36:43.341173+00:00
[2022-09-20T16:36:43.364+0000] {processor.py:178} INFO - Processing /home/airflow/.local/lib/python3.7/site-packages/airflow/example_dags/example_latest_only_with_trigger.py took 0.116 seconds
[2022-09-20T16:37:14.171+0000] {processor.py:156} INFO - Started process (PID=2216) to work on /home/airflow/.local/lib/python3.7/site-packages/airflow/example_dags/example_latest_only_with_trigger.py
[2022-09-20T16:37:14.172+0000] {processor.py:758} INFO - Processing file /home/airflow/.local/lib/python3.7/site-packages/airflow/example_dags/example_latest_only_with_trigger.py for tasks to queue
[2022-09-20T16:37:14.173+0000] {logging_mixin.py:117} INFO - [2022-09-20T16:37:14.172+0000] {dagbag.py:525} INFO - Filling up the DagBag from /home/airflow/.local/lib/python3.7/site-packages/airflow/example_dags/example_latest_only_with_trigger.py
[2022-09-20T16:37:14.188+0000] {processor.py:768} INFO - DAG(s) dict_keys(['latest_only_with_trigger']) retrieved from /home/airflow/.local/lib/python3.7/site-packages/airflow/example_dags/example_latest_only_with_trigger.py
[2022-09-20T16:37:14.231+0000] {logging_mixin.py:117} INFO - [2022-09-20T16:37:14.230+0000] {dag.py:2573} INFO - Sync 1 DAGs
[2022-09-20T16:37:14.267+0000] {logging_mixin.py:117} INFO - [2022-09-20T16:37:14.267+0000] {dag.py:3328} INFO - Setting next_dagrun for latest_only_with_trigger to 2022-09-20T12:37:14.267305+00:00, run_after=2022-09-20T16:37:14.267305+00:00
[2022-09-20T16:37:14.300+0000] {processor.py:178} INFO - Processing /home/airflow/.local/lib/python3.7/site-packages/airflow/example_dags/example_latest_only_with_trigger.py took 0.132 seconds
[2022-09-20T16:37:44.739+0000] {processor.py:156} INFO - Started process (PID=2272) to work on /home/airflow/.local/lib/python3.7/site-packages/airflow/example_dags/example_latest_only_with_trigger.py
[2022-09-20T16:37:44.740+0000] {processor.py:758} INFO - Processing file /home/airflow/.local/lib/python3.7/site-packages/airflow/example_dags/example_latest_only_with_trigger.py for tasks to queue
[2022-09-20T16:37:44.741+0000] {logging_mixin.py:117} INFO - [2022-09-20T16:37:44.741+0000] {dagbag.py:525} INFO - Filling up the DagBag from /home/airflow/.local/lib/python3.7/site-packages/airflow/example_dags/example_latest_only_with_trigger.py
[2022-09-20T16:37:44.753+0000] {processor.py:768} INFO - DAG(s) dict_keys(['latest_only_with_trigger']) retrieved from /home/airflow/.local/lib/python3.7/site-packages/airflow/example_dags/example_latest_only_with_trigger.py
[2022-09-20T16:37:44.787+0000] {logging_mixin.py:117} INFO - [2022-09-20T16:37:44.787+0000] {dag.py:2573} INFO - Sync 1 DAGs
[2022-09-20T16:37:44.811+0000] {logging_mixin.py:117} INFO - [2022-09-20T16:37:44.811+0000] {dag.py:3328} INFO - Setting next_dagrun for latest_only_with_trigger to 2022-09-20T12:37:44.811371+00:00, run_after=2022-09-20T16:37:44.811371+00:00
[2022-09-20T16:37:44.829+0000] {processor.py:178} INFO - Processing /home/airflow/.local/lib/python3.7/site-packages/airflow/example_dags/example_latest_only_with_trigger.py took 0.092 seconds
[2022-09-20T16:38:15.628+0000] {processor.py:156} INFO - Started process (PID=2335) to work on /home/airflow/.local/lib/python3.7/site-packages/airflow/example_dags/example_latest_only_with_trigger.py
[2022-09-20T16:38:15.629+0000] {processor.py:758} INFO - Processing file /home/airflow/.local/lib/python3.7/site-packages/airflow/example_dags/example_latest_only_with_trigger.py for tasks to queue
[2022-09-20T16:38:15.629+0000] {logging_mixin.py:117} INFO - [2022-09-20T16:38:15.629+0000] {dagbag.py:525} INFO - Filling up the DagBag from /home/airflow/.local/lib/python3.7/site-packages/airflow/example_dags/example_latest_only_with_trigger.py
[2022-09-20T16:38:15.643+0000] {processor.py:768} INFO - DAG(s) dict_keys(['latest_only_with_trigger']) retrieved from /home/airflow/.local/lib/python3.7/site-packages/airflow/example_dags/example_latest_only_with_trigger.py
[2022-09-20T16:38:15.680+0000] {logging_mixin.py:117} INFO - [2022-09-20T16:38:15.680+0000] {dag.py:2573} INFO - Sync 1 DAGs
[2022-09-20T16:38:15.701+0000] {logging_mixin.py:117} INFO - [2022-09-20T16:38:15.701+0000] {dag.py:3328} INFO - Setting next_dagrun for latest_only_with_trigger to 2022-09-20T12:38:15.701547+00:00, run_after=2022-09-20T16:38:15.701547+00:00
[2022-09-20T16:38:15.721+0000] {processor.py:178} INFO - Processing /home/airflow/.local/lib/python3.7/site-packages/airflow/example_dags/example_latest_only_with_trigger.py took 0.095 seconds
[2022-09-20T16:38:45.920+0000] {processor.py:156} INFO - Started process (PID=2389) to work on /home/airflow/.local/lib/python3.7/site-packages/airflow/example_dags/example_latest_only_with_trigger.py
[2022-09-20T16:38:45.921+0000] {processor.py:758} INFO - Processing file /home/airflow/.local/lib/python3.7/site-packages/airflow/example_dags/example_latest_only_with_trigger.py for tasks to queue
[2022-09-20T16:38:45.921+0000] {logging_mixin.py:117} INFO - [2022-09-20T16:38:45.921+0000] {dagbag.py:525} INFO - Filling up the DagBag from /home/airflow/.local/lib/python3.7/site-packages/airflow/example_dags/example_latest_only_with_trigger.py
[2022-09-20T16:38:45.933+0000] {processor.py:768} INFO - DAG(s) dict_keys(['latest_only_with_trigger']) retrieved from /home/airflow/.local/lib/python3.7/site-packages/airflow/example_dags/example_latest_only_with_trigger.py
[2022-09-20T16:38:45.966+0000] {logging_mixin.py:117} INFO - [2022-09-20T16:38:45.966+0000] {dag.py:2573} INFO - Sync 1 DAGs
[2022-09-20T16:38:45.990+0000] {logging_mixin.py:117} INFO - [2022-09-20T16:38:45.990+0000] {dag.py:3328} INFO - Setting next_dagrun for latest_only_with_trigger to 2022-09-20T12:38:45.989955+00:00, run_after=2022-09-20T16:38:45.989955+00:00
[2022-09-20T16:38:46.011+0000] {processor.py:178} INFO - Processing /home/airflow/.local/lib/python3.7/site-packages/airflow/example_dags/example_latest_only_with_trigger.py took 0.093 seconds
