[2022-09-20T16:18:23.211+0000] {processor.py:156} INFO - Started process (PID=39) to work on /home/airflow/.local/lib/python3.7/site-packages/airflow/example_dags/example_task_group_decorator.py
[2022-09-20T16:18:23.212+0000] {processor.py:758} INFO - Processing file /home/airflow/.local/lib/python3.7/site-packages/airflow/example_dags/example_task_group_decorator.py for tasks to queue
[2022-09-20T16:18:23.213+0000] {logging_mixin.py:117} INFO - [2022-09-20T16:18:23.213+0000] {dagbag.py:525} INFO - Filling up the DagBag from /home/airflow/.local/lib/python3.7/site-packages/airflow/example_dags/example_task_group_decorator.py
[2022-09-20T16:18:23.254+0000] {processor.py:768} INFO - DAG(s) dict_keys(['example_task_group_decorator']) retrieved from /home/airflow/.local/lib/python3.7/site-packages/airflow/example_dags/example_task_group_decorator.py
[2022-09-20T16:18:23.571+0000] {logging_mixin.py:117} INFO - [2022-09-20T16:18:23.571+0000] {dag.py:2573} INFO - Sync 1 DAGs
[2022-09-20T16:18:23.605+0000] {logging_mixin.py:117} INFO - [2022-09-20T16:18:23.605+0000] {dag.py:3328} INFO - Setting next_dagrun for example_task_group_decorator to 2022-09-19T16:18:23.605369+00:00, run_after=2022-09-20T16:18:23.605369+00:00
[2022-09-20T16:18:23.631+0000] {processor.py:178} INFO - Processing /home/airflow/.local/lib/python3.7/site-packages/airflow/example_dags/example_task_group_decorator.py took 0.422 seconds
[2022-09-20T16:18:54.437+0000] {processor.py:156} INFO - Started process (PID=94) to work on /home/airflow/.local/lib/python3.7/site-packages/airflow/example_dags/example_task_group_decorator.py
[2022-09-20T16:18:54.438+0000] {processor.py:758} INFO - Processing file /home/airflow/.local/lib/python3.7/site-packages/airflow/example_dags/example_task_group_decorator.py for tasks to queue
[2022-09-20T16:18:54.438+0000] {logging_mixin.py:117} INFO - [2022-09-20T16:18:54.438+0000] {dagbag.py:525} INFO - Filling up the DagBag from /home/airflow/.local/lib/python3.7/site-packages/airflow/example_dags/example_task_group_decorator.py
[2022-09-20T16:18:54.466+0000] {processor.py:768} INFO - DAG(s) dict_keys(['example_task_group_decorator']) retrieved from /home/airflow/.local/lib/python3.7/site-packages/airflow/example_dags/example_task_group_decorator.py
[2022-09-20T16:18:54.620+0000] {logging_mixin.py:117} INFO - [2022-09-20T16:18:54.620+0000] {dag.py:2573} INFO - Sync 1 DAGs
[2022-09-20T16:18:54.657+0000] {logging_mixin.py:117} INFO - [2022-09-20T16:18:54.656+0000] {dag.py:3328} INFO - Setting next_dagrun for example_task_group_decorator to 2022-09-19T16:18:54.656479+00:00, run_after=2022-09-20T16:18:54.656479+00:00
[2022-09-20T16:18:54.686+0000] {processor.py:178} INFO - Processing /home/airflow/.local/lib/python3.7/site-packages/airflow/example_dags/example_task_group_decorator.py took 0.251 seconds
[2022-09-20T16:19:25.259+0000] {processor.py:156} INFO - Started process (PID=156) to work on /home/airflow/.local/lib/python3.7/site-packages/airflow/example_dags/example_task_group_decorator.py
[2022-09-20T16:19:25.260+0000] {processor.py:758} INFO - Processing file /home/airflow/.local/lib/python3.7/site-packages/airflow/example_dags/example_task_group_decorator.py for tasks to queue
[2022-09-20T16:19:25.260+0000] {logging_mixin.py:117} INFO - [2022-09-20T16:19:25.260+0000] {dagbag.py:525} INFO - Filling up the DagBag from /home/airflow/.local/lib/python3.7/site-packages/airflow/example_dags/example_task_group_decorator.py
[2022-09-20T16:19:25.389+0000] {processor.py:768} INFO - DAG(s) dict_keys(['example_task_group_decorator']) retrieved from /home/airflow/.local/lib/python3.7/site-packages/airflow/example_dags/example_task_group_decorator.py
[2022-09-20T16:19:25.419+0000] {logging_mixin.py:117} INFO - [2022-09-20T16:19:25.419+0000] {dag.py:2573} INFO - Sync 1 DAGs
[2022-09-20T16:19:25.440+0000] {logging_mixin.py:117} INFO - [2022-09-20T16:19:25.439+0000] {dag.py:3328} INFO - Setting next_dagrun for example_task_group_decorator to 2022-09-19T16:19:25.439754+00:00, run_after=2022-09-20T16:19:25.439754+00:00
[2022-09-20T16:19:25.459+0000] {processor.py:178} INFO - Processing /home/airflow/.local/lib/python3.7/site-packages/airflow/example_dags/example_task_group_decorator.py took 0.202 seconds
[2022-09-20T16:19:56.322+0000] {processor.py:156} INFO - Started process (PID=218) to work on /home/airflow/.local/lib/python3.7/site-packages/airflow/example_dags/example_task_group_decorator.py
[2022-09-20T16:19:56.323+0000] {processor.py:758} INFO - Processing file /home/airflow/.local/lib/python3.7/site-packages/airflow/example_dags/example_task_group_decorator.py for tasks to queue
[2022-09-20T16:19:56.324+0000] {logging_mixin.py:117} INFO - [2022-09-20T16:19:56.324+0000] {dagbag.py:525} INFO - Filling up the DagBag from /home/airflow/.local/lib/python3.7/site-packages/airflow/example_dags/example_task_group_decorator.py
[2022-09-20T16:19:56.612+0000] {processor.py:768} INFO - DAG(s) dict_keys(['example_task_group_decorator']) retrieved from /home/airflow/.local/lib/python3.7/site-packages/airflow/example_dags/example_task_group_decorator.py
[2022-09-20T16:19:56.769+0000] {logging_mixin.py:117} INFO - [2022-09-20T16:19:56.767+0000] {dag.py:2573} INFO - Sync 1 DAGs
[2022-09-20T16:19:56.827+0000] {logging_mixin.py:117} INFO - [2022-09-20T16:19:56.827+0000] {dag.py:3328} INFO - Setting next_dagrun for example_task_group_decorator to 2022-09-19T16:19:56.825686+00:00, run_after=2022-09-20T16:19:56.825686+00:00
[2022-09-20T16:19:56.882+0000] {processor.py:178} INFO - Processing /home/airflow/.local/lib/python3.7/site-packages/airflow/example_dags/example_task_group_decorator.py took 0.565 seconds
[2022-09-20T16:20:27.789+0000] {processor.py:156} INFO - Started process (PID=272) to work on /home/airflow/.local/lib/python3.7/site-packages/airflow/example_dags/example_task_group_decorator.py
[2022-09-20T16:20:27.789+0000] {processor.py:758} INFO - Processing file /home/airflow/.local/lib/python3.7/site-packages/airflow/example_dags/example_task_group_decorator.py for tasks to queue
[2022-09-20T16:20:27.790+0000] {logging_mixin.py:117} INFO - [2022-09-20T16:20:27.790+0000] {dagbag.py:525} INFO - Filling up the DagBag from /home/airflow/.local/lib/python3.7/site-packages/airflow/example_dags/example_task_group_decorator.py
[2022-09-20T16:20:27.822+0000] {processor.py:768} INFO - DAG(s) dict_keys(['example_task_group_decorator']) retrieved from /home/airflow/.local/lib/python3.7/site-packages/airflow/example_dags/example_task_group_decorator.py
[2022-09-20T16:20:27.862+0000] {logging_mixin.py:117} INFO - [2022-09-20T16:20:27.861+0000] {dag.py:2573} INFO - Sync 1 DAGs
[2022-09-20T16:20:27.886+0000] {logging_mixin.py:117} INFO - [2022-09-20T16:20:27.886+0000] {dag.py:3328} INFO - Setting next_dagrun for example_task_group_decorator to 2022-09-19T16:20:27.886056+00:00, run_after=2022-09-20T16:20:27.886056+00:00
[2022-09-20T16:20:27.909+0000] {processor.py:178} INFO - Processing /home/airflow/.local/lib/python3.7/site-packages/airflow/example_dags/example_task_group_decorator.py took 0.123 seconds
[2022-09-20T16:20:58.509+0000] {processor.py:156} INFO - Started process (PID=334) to work on /home/airflow/.local/lib/python3.7/site-packages/airflow/example_dags/example_task_group_decorator.py
[2022-09-20T16:20:58.509+0000] {processor.py:758} INFO - Processing file /home/airflow/.local/lib/python3.7/site-packages/airflow/example_dags/example_task_group_decorator.py for tasks to queue
[2022-09-20T16:20:58.510+0000] {logging_mixin.py:117} INFO - [2022-09-20T16:20:58.510+0000] {dagbag.py:525} INFO - Filling up the DagBag from /home/airflow/.local/lib/python3.7/site-packages/airflow/example_dags/example_task_group_decorator.py
[2022-09-20T16:20:58.543+0000] {processor.py:768} INFO - DAG(s) dict_keys(['example_task_group_decorator']) retrieved from /home/airflow/.local/lib/python3.7/site-packages/airflow/example_dags/example_task_group_decorator.py
[2022-09-20T16:20:58.587+0000] {logging_mixin.py:117} INFO - [2022-09-20T16:20:58.586+0000] {dag.py:2573} INFO - Sync 1 DAGs
[2022-09-20T16:20:58.615+0000] {logging_mixin.py:117} INFO - [2022-09-20T16:20:58.615+0000] {dag.py:3328} INFO - Setting next_dagrun for example_task_group_decorator to 2022-09-19T16:20:58.614844+00:00, run_after=2022-09-20T16:20:58.614844+00:00
[2022-09-20T16:20:58.641+0000] {processor.py:178} INFO - Processing /home/airflow/.local/lib/python3.7/site-packages/airflow/example_dags/example_task_group_decorator.py took 0.134 seconds
[2022-09-20T16:21:28.791+0000] {processor.py:156} INFO - Started process (PID=396) to work on /home/airflow/.local/lib/python3.7/site-packages/airflow/example_dags/example_task_group_decorator.py
[2022-09-20T16:21:28.791+0000] {processor.py:758} INFO - Processing file /home/airflow/.local/lib/python3.7/site-packages/airflow/example_dags/example_task_group_decorator.py for tasks to queue
[2022-09-20T16:21:28.792+0000] {logging_mixin.py:117} INFO - [2022-09-20T16:21:28.792+0000] {dagbag.py:525} INFO - Filling up the DagBag from /home/airflow/.local/lib/python3.7/site-packages/airflow/example_dags/example_task_group_decorator.py
[2022-09-20T16:21:28.825+0000] {processor.py:768} INFO - DAG(s) dict_keys(['example_task_group_decorator']) retrieved from /home/airflow/.local/lib/python3.7/site-packages/airflow/example_dags/example_task_group_decorator.py
[2022-09-20T16:21:28.870+0000] {logging_mixin.py:117} INFO - [2022-09-20T16:21:28.870+0000] {dag.py:2573} INFO - Sync 1 DAGs
[2022-09-20T16:21:28.911+0000] {logging_mixin.py:117} INFO - [2022-09-20T16:21:28.910+0000] {dag.py:3328} INFO - Setting next_dagrun for example_task_group_decorator to 2022-09-19T16:21:28.910565+00:00, run_after=2022-09-20T16:21:28.910565+00:00
[2022-09-20T16:21:28.940+0000] {processor.py:178} INFO - Processing /home/airflow/.local/lib/python3.7/site-packages/airflow/example_dags/example_task_group_decorator.py took 0.152 seconds
[2022-09-20T16:21:59.720+0000] {processor.py:156} INFO - Started process (PID=449) to work on /home/airflow/.local/lib/python3.7/site-packages/airflow/example_dags/example_task_group_decorator.py
[2022-09-20T16:21:59.721+0000] {processor.py:758} INFO - Processing file /home/airflow/.local/lib/python3.7/site-packages/airflow/example_dags/example_task_group_decorator.py for tasks to queue
[2022-09-20T16:21:59.721+0000] {logging_mixin.py:117} INFO - [2022-09-20T16:21:59.721+0000] {dagbag.py:525} INFO - Filling up the DagBag from /home/airflow/.local/lib/python3.7/site-packages/airflow/example_dags/example_task_group_decorator.py
[2022-09-20T16:21:59.748+0000] {processor.py:768} INFO - DAG(s) dict_keys(['example_task_group_decorator']) retrieved from /home/airflow/.local/lib/python3.7/site-packages/airflow/example_dags/example_task_group_decorator.py
[2022-09-20T16:21:59.784+0000] {logging_mixin.py:117} INFO - [2022-09-20T16:21:59.783+0000] {dag.py:2573} INFO - Sync 1 DAGs
[2022-09-20T16:21:59.806+0000] {logging_mixin.py:117} INFO - [2022-09-20T16:21:59.806+0000] {dag.py:3328} INFO - Setting next_dagrun for example_task_group_decorator to 2022-09-19T16:21:59.806452+00:00, run_after=2022-09-20T16:21:59.806452+00:00
[2022-09-20T16:21:59.829+0000] {processor.py:178} INFO - Processing /home/airflow/.local/lib/python3.7/site-packages/airflow/example_dags/example_task_group_decorator.py took 0.111 seconds
[2022-09-20T16:22:30.134+0000] {processor.py:156} INFO - Started process (PID=512) to work on /home/airflow/.local/lib/python3.7/site-packages/airflow/example_dags/example_task_group_decorator.py
[2022-09-20T16:22:30.135+0000] {processor.py:758} INFO - Processing file /home/airflow/.local/lib/python3.7/site-packages/airflow/example_dags/example_task_group_decorator.py for tasks to queue
[2022-09-20T16:22:30.135+0000] {logging_mixin.py:117} INFO - [2022-09-20T16:22:30.135+0000] {dagbag.py:525} INFO - Filling up the DagBag from /home/airflow/.local/lib/python3.7/site-packages/airflow/example_dags/example_task_group_decorator.py
[2022-09-20T16:22:30.163+0000] {processor.py:768} INFO - DAG(s) dict_keys(['example_task_group_decorator']) retrieved from /home/airflow/.local/lib/python3.7/site-packages/airflow/example_dags/example_task_group_decorator.py
[2022-09-20T16:22:30.200+0000] {logging_mixin.py:117} INFO - [2022-09-20T16:22:30.200+0000] {dag.py:2573} INFO - Sync 1 DAGs
[2022-09-20T16:22:30.221+0000] {logging_mixin.py:117} INFO - [2022-09-20T16:22:30.221+0000] {dag.py:3328} INFO - Setting next_dagrun for example_task_group_decorator to 2022-09-19T16:22:30.221139+00:00, run_after=2022-09-20T16:22:30.221139+00:00
[2022-09-20T16:22:30.241+0000] {processor.py:178} INFO - Processing /home/airflow/.local/lib/python3.7/site-packages/airflow/example_dags/example_task_group_decorator.py took 0.109 seconds
[2022-09-20T16:23:00.445+0000] {processor.py:156} INFO - Started process (PID=572) to work on /home/airflow/.local/lib/python3.7/site-packages/airflow/example_dags/example_task_group_decorator.py
[2022-09-20T16:23:00.446+0000] {processor.py:758} INFO - Processing file /home/airflow/.local/lib/python3.7/site-packages/airflow/example_dags/example_task_group_decorator.py for tasks to queue
[2022-09-20T16:23:00.446+0000] {logging_mixin.py:117} INFO - [2022-09-20T16:23:00.446+0000] {dagbag.py:525} INFO - Filling up the DagBag from /home/airflow/.local/lib/python3.7/site-packages/airflow/example_dags/example_task_group_decorator.py
[2022-09-20T16:23:00.480+0000] {processor.py:768} INFO - DAG(s) dict_keys(['example_task_group_decorator']) retrieved from /home/airflow/.local/lib/python3.7/site-packages/airflow/example_dags/example_task_group_decorator.py
[2022-09-20T16:23:00.525+0000] {logging_mixin.py:117} INFO - [2022-09-20T16:23:00.524+0000] {dag.py:2573} INFO - Sync 1 DAGs
[2022-09-20T16:23:00.556+0000] {logging_mixin.py:117} INFO - [2022-09-20T16:23:00.555+0000] {dag.py:3328} INFO - Setting next_dagrun for example_task_group_decorator to 2022-09-19T16:23:00.555757+00:00, run_after=2022-09-20T16:23:00.555757+00:00
[2022-09-20T16:23:00.576+0000] {processor.py:178} INFO - Processing /home/airflow/.local/lib/python3.7/site-packages/airflow/example_dags/example_task_group_decorator.py took 0.133 seconds
[2022-09-20T16:23:31.041+0000] {processor.py:156} INFO - Started process (PID=627) to work on /home/airflow/.local/lib/python3.7/site-packages/airflow/example_dags/example_task_group_decorator.py
[2022-09-20T16:23:31.042+0000] {processor.py:758} INFO - Processing file /home/airflow/.local/lib/python3.7/site-packages/airflow/example_dags/example_task_group_decorator.py for tasks to queue
[2022-09-20T16:23:31.042+0000] {logging_mixin.py:117} INFO - [2022-09-20T16:23:31.042+0000] {dagbag.py:525} INFO - Filling up the DagBag from /home/airflow/.local/lib/python3.7/site-packages/airflow/example_dags/example_task_group_decorator.py
[2022-09-20T16:23:31.071+0000] {processor.py:768} INFO - DAG(s) dict_keys(['example_task_group_decorator']) retrieved from /home/airflow/.local/lib/python3.7/site-packages/airflow/example_dags/example_task_group_decorator.py
[2022-09-20T16:23:31.107+0000] {logging_mixin.py:117} INFO - [2022-09-20T16:23:31.107+0000] {dag.py:2573} INFO - Sync 1 DAGs
[2022-09-20T16:23:31.139+0000] {logging_mixin.py:117} INFO - [2022-09-20T16:23:31.139+0000] {dag.py:3328} INFO - Setting next_dagrun for example_task_group_decorator to 2022-09-19T16:23:31.138840+00:00, run_after=2022-09-20T16:23:31.138840+00:00
[2022-09-20T16:23:31.163+0000] {processor.py:178} INFO - Processing /home/airflow/.local/lib/python3.7/site-packages/airflow/example_dags/example_task_group_decorator.py took 0.124 seconds
[2022-09-20T16:24:01.445+0000] {processor.py:156} INFO - Started process (PID=689) to work on /home/airflow/.local/lib/python3.7/site-packages/airflow/example_dags/example_task_group_decorator.py
[2022-09-20T16:24:01.446+0000] {processor.py:758} INFO - Processing file /home/airflow/.local/lib/python3.7/site-packages/airflow/example_dags/example_task_group_decorator.py for tasks to queue
[2022-09-20T16:24:01.446+0000] {logging_mixin.py:117} INFO - [2022-09-20T16:24:01.446+0000] {dagbag.py:525} INFO - Filling up the DagBag from /home/airflow/.local/lib/python3.7/site-packages/airflow/example_dags/example_task_group_decorator.py
[2022-09-20T16:24:01.478+0000] {processor.py:768} INFO - DAG(s) dict_keys(['example_task_group_decorator']) retrieved from /home/airflow/.local/lib/python3.7/site-packages/airflow/example_dags/example_task_group_decorator.py
[2022-09-20T16:24:01.515+0000] {logging_mixin.py:117} INFO - [2022-09-20T16:24:01.515+0000] {dag.py:2573} INFO - Sync 1 DAGs
[2022-09-20T16:24:01.540+0000] {logging_mixin.py:117} INFO - [2022-09-20T16:24:01.540+0000] {dag.py:3328} INFO - Setting next_dagrun for example_task_group_decorator to 2022-09-19T16:24:01.539925+00:00, run_after=2022-09-20T16:24:01.539925+00:00
[2022-09-20T16:24:01.561+0000] {processor.py:178} INFO - Processing /home/airflow/.local/lib/python3.7/site-packages/airflow/example_dags/example_task_group_decorator.py took 0.118 seconds
[2022-09-20T16:24:32.091+0000] {processor.py:156} INFO - Started process (PID=742) to work on /home/airflow/.local/lib/python3.7/site-packages/airflow/example_dags/example_task_group_decorator.py
[2022-09-20T16:24:32.092+0000] {processor.py:758} INFO - Processing file /home/airflow/.local/lib/python3.7/site-packages/airflow/example_dags/example_task_group_decorator.py for tasks to queue
[2022-09-20T16:24:32.092+0000] {logging_mixin.py:117} INFO - [2022-09-20T16:24:32.092+0000] {dagbag.py:525} INFO - Filling up the DagBag from /home/airflow/.local/lib/python3.7/site-packages/airflow/example_dags/example_task_group_decorator.py
[2022-09-20T16:24:32.127+0000] {processor.py:768} INFO - DAG(s) dict_keys(['example_task_group_decorator']) retrieved from /home/airflow/.local/lib/python3.7/site-packages/airflow/example_dags/example_task_group_decorator.py
[2022-09-20T16:24:32.175+0000] {logging_mixin.py:117} INFO - [2022-09-20T16:24:32.175+0000] {dag.py:2573} INFO - Sync 1 DAGs
[2022-09-20T16:24:32.196+0000] {logging_mixin.py:117} INFO - [2022-09-20T16:24:32.195+0000] {dag.py:3328} INFO - Setting next_dagrun for example_task_group_decorator to 2022-09-19T16:24:32.195519+00:00, run_after=2022-09-20T16:24:32.195519+00:00
[2022-09-20T16:24:32.216+0000] {processor.py:178} INFO - Processing /home/airflow/.local/lib/python3.7/site-packages/airflow/example_dags/example_task_group_decorator.py took 0.128 seconds
[2022-09-20T16:25:02.596+0000] {processor.py:156} INFO - Started process (PID=805) to work on /home/airflow/.local/lib/python3.7/site-packages/airflow/example_dags/example_task_group_decorator.py
[2022-09-20T16:25:02.597+0000] {processor.py:758} INFO - Processing file /home/airflow/.local/lib/python3.7/site-packages/airflow/example_dags/example_task_group_decorator.py for tasks to queue
[2022-09-20T16:25:02.598+0000] {logging_mixin.py:117} INFO - [2022-09-20T16:25:02.597+0000] {dagbag.py:525} INFO - Filling up the DagBag from /home/airflow/.local/lib/python3.7/site-packages/airflow/example_dags/example_task_group_decorator.py
[2022-09-20T16:25:02.626+0000] {processor.py:768} INFO - DAG(s) dict_keys(['example_task_group_decorator']) retrieved from /home/airflow/.local/lib/python3.7/site-packages/airflow/example_dags/example_task_group_decorator.py
[2022-09-20T16:25:02.661+0000] {logging_mixin.py:117} INFO - [2022-09-20T16:25:02.661+0000] {dag.py:2573} INFO - Sync 1 DAGs
[2022-09-20T16:25:02.686+0000] {logging_mixin.py:117} INFO - [2022-09-20T16:25:02.686+0000] {dag.py:3328} INFO - Setting next_dagrun for example_task_group_decorator to 2022-09-19T16:25:02.686203+00:00, run_after=2022-09-20T16:25:02.686203+00:00
[2022-09-20T16:25:02.708+0000] {processor.py:178} INFO - Processing /home/airflow/.local/lib/python3.7/site-packages/airflow/example_dags/example_task_group_decorator.py took 0.114 seconds
[2022-09-20T16:25:33.022+0000] {processor.py:156} INFO - Started process (PID=868) to work on /home/airflow/.local/lib/python3.7/site-packages/airflow/example_dags/example_task_group_decorator.py
[2022-09-20T16:25:33.023+0000] {processor.py:758} INFO - Processing file /home/airflow/.local/lib/python3.7/site-packages/airflow/example_dags/example_task_group_decorator.py for tasks to queue
[2022-09-20T16:25:33.023+0000] {logging_mixin.py:117} INFO - [2022-09-20T16:25:33.023+0000] {dagbag.py:525} INFO - Filling up the DagBag from /home/airflow/.local/lib/python3.7/site-packages/airflow/example_dags/example_task_group_decorator.py
[2022-09-20T16:25:33.062+0000] {processor.py:768} INFO - DAG(s) dict_keys(['example_task_group_decorator']) retrieved from /home/airflow/.local/lib/python3.7/site-packages/airflow/example_dags/example_task_group_decorator.py
[2022-09-20T16:25:33.110+0000] {logging_mixin.py:117} INFO - [2022-09-20T16:25:33.110+0000] {dag.py:2573} INFO - Sync 1 DAGs
[2022-09-20T16:25:33.133+0000] {logging_mixin.py:117} INFO - [2022-09-20T16:25:33.133+0000] {dag.py:3328} INFO - Setting next_dagrun for example_task_group_decorator to 2022-09-19T16:25:33.133310+00:00, run_after=2022-09-20T16:25:33.133310+00:00
[2022-09-20T16:25:33.154+0000] {processor.py:178} INFO - Processing /home/airflow/.local/lib/python3.7/site-packages/airflow/example_dags/example_task_group_decorator.py took 0.135 seconds
[2022-09-20T16:26:03.360+0000] {processor.py:156} INFO - Started process (PID=921) to work on /home/airflow/.local/lib/python3.7/site-packages/airflow/example_dags/example_task_group_decorator.py
[2022-09-20T16:26:03.361+0000] {processor.py:758} INFO - Processing file /home/airflow/.local/lib/python3.7/site-packages/airflow/example_dags/example_task_group_decorator.py for tasks to queue
[2022-09-20T16:26:03.361+0000] {logging_mixin.py:117} INFO - [2022-09-20T16:26:03.361+0000] {dagbag.py:525} INFO - Filling up the DagBag from /home/airflow/.local/lib/python3.7/site-packages/airflow/example_dags/example_task_group_decorator.py
[2022-09-20T16:26:03.393+0000] {processor.py:768} INFO - DAG(s) dict_keys(['example_task_group_decorator']) retrieved from /home/airflow/.local/lib/python3.7/site-packages/airflow/example_dags/example_task_group_decorator.py
[2022-09-20T16:26:03.429+0000] {logging_mixin.py:117} INFO - [2022-09-20T16:26:03.429+0000] {dag.py:2573} INFO - Sync 1 DAGs
[2022-09-20T16:26:03.457+0000] {logging_mixin.py:117} INFO - [2022-09-20T16:26:03.456+0000] {dag.py:3328} INFO - Setting next_dagrun for example_task_group_decorator to 2022-09-19T16:26:03.456682+00:00, run_after=2022-09-20T16:26:03.456682+00:00
[2022-09-20T16:26:03.476+0000] {processor.py:178} INFO - Processing /home/airflow/.local/lib/python3.7/site-packages/airflow/example_dags/example_task_group_decorator.py took 0.118 seconds
[2022-09-20T16:26:33.859+0000] {processor.py:156} INFO - Started process (PID=983) to work on /home/airflow/.local/lib/python3.7/site-packages/airflow/example_dags/example_task_group_decorator.py
[2022-09-20T16:26:33.860+0000] {processor.py:758} INFO - Processing file /home/airflow/.local/lib/python3.7/site-packages/airflow/example_dags/example_task_group_decorator.py for tasks to queue
[2022-09-20T16:26:33.860+0000] {logging_mixin.py:117} INFO - [2022-09-20T16:26:33.860+0000] {dagbag.py:525} INFO - Filling up the DagBag from /home/airflow/.local/lib/python3.7/site-packages/airflow/example_dags/example_task_group_decorator.py
[2022-09-20T16:26:33.887+0000] {processor.py:768} INFO - DAG(s) dict_keys(['example_task_group_decorator']) retrieved from /home/airflow/.local/lib/python3.7/site-packages/airflow/example_dags/example_task_group_decorator.py
[2022-09-20T16:26:33.922+0000] {logging_mixin.py:117} INFO - [2022-09-20T16:26:33.921+0000] {dag.py:2573} INFO - Sync 1 DAGs
[2022-09-20T16:26:33.943+0000] {logging_mixin.py:117} INFO - [2022-09-20T16:26:33.943+0000] {dag.py:3328} INFO - Setting next_dagrun for example_task_group_decorator to 2022-09-19T16:26:33.942891+00:00, run_after=2022-09-20T16:26:33.942891+00:00
[2022-09-20T16:26:33.965+0000] {processor.py:178} INFO - Processing /home/airflow/.local/lib/python3.7/site-packages/airflow/example_dags/example_task_group_decorator.py took 0.109 seconds
[2022-09-20T16:27:04.233+0000] {processor.py:156} INFO - Started process (PID=1037) to work on /home/airflow/.local/lib/python3.7/site-packages/airflow/example_dags/example_task_group_decorator.py
[2022-09-20T16:27:04.234+0000] {processor.py:758} INFO - Processing file /home/airflow/.local/lib/python3.7/site-packages/airflow/example_dags/example_task_group_decorator.py for tasks to queue
[2022-09-20T16:27:04.235+0000] {logging_mixin.py:117} INFO - [2022-09-20T16:27:04.235+0000] {dagbag.py:525} INFO - Filling up the DagBag from /home/airflow/.local/lib/python3.7/site-packages/airflow/example_dags/example_task_group_decorator.py
[2022-09-20T16:27:04.263+0000] {processor.py:768} INFO - DAG(s) dict_keys(['example_task_group_decorator']) retrieved from /home/airflow/.local/lib/python3.7/site-packages/airflow/example_dags/example_task_group_decorator.py
[2022-09-20T16:27:04.300+0000] {logging_mixin.py:117} INFO - [2022-09-20T16:27:04.300+0000] {dag.py:2573} INFO - Sync 1 DAGs
[2022-09-20T16:27:04.322+0000] {logging_mixin.py:117} INFO - [2022-09-20T16:27:04.322+0000] {dag.py:3328} INFO - Setting next_dagrun for example_task_group_decorator to 2022-09-19T16:27:04.322322+00:00, run_after=2022-09-20T16:27:04.322322+00:00
[2022-09-20T16:27:04.345+0000] {processor.py:178} INFO - Processing /home/airflow/.local/lib/python3.7/site-packages/airflow/example_dags/example_task_group_decorator.py took 0.115 seconds
[2022-09-20T16:27:34.538+0000] {processor.py:156} INFO - Started process (PID=1100) to work on /home/airflow/.local/lib/python3.7/site-packages/airflow/example_dags/example_task_group_decorator.py
[2022-09-20T16:27:34.539+0000] {processor.py:758} INFO - Processing file /home/airflow/.local/lib/python3.7/site-packages/airflow/example_dags/example_task_group_decorator.py for tasks to queue
[2022-09-20T16:27:34.539+0000] {logging_mixin.py:117} INFO - [2022-09-20T16:27:34.539+0000] {dagbag.py:525} INFO - Filling up the DagBag from /home/airflow/.local/lib/python3.7/site-packages/airflow/example_dags/example_task_group_decorator.py
[2022-09-20T16:27:34.567+0000] {processor.py:768} INFO - DAG(s) dict_keys(['example_task_group_decorator']) retrieved from /home/airflow/.local/lib/python3.7/site-packages/airflow/example_dags/example_task_group_decorator.py
[2022-09-20T16:27:34.602+0000] {logging_mixin.py:117} INFO - [2022-09-20T16:27:34.602+0000] {dag.py:2573} INFO - Sync 1 DAGs
[2022-09-20T16:27:34.624+0000] {logging_mixin.py:117} INFO - [2022-09-20T16:27:34.624+0000] {dag.py:3328} INFO - Setting next_dagrun for example_task_group_decorator to 2022-09-19T16:27:34.624208+00:00, run_after=2022-09-20T16:27:34.624208+00:00
[2022-09-20T16:27:34.648+0000] {processor.py:178} INFO - Processing /home/airflow/.local/lib/python3.7/site-packages/airflow/example_dags/example_task_group_decorator.py took 0.112 seconds
[2022-09-20T16:28:04.941+0000] {processor.py:156} INFO - Started process (PID=1163) to work on /home/airflow/.local/lib/python3.7/site-packages/airflow/example_dags/example_task_group_decorator.py
[2022-09-20T16:28:04.942+0000] {processor.py:758} INFO - Processing file /home/airflow/.local/lib/python3.7/site-packages/airflow/example_dags/example_task_group_decorator.py for tasks to queue
[2022-09-20T16:28:04.943+0000] {logging_mixin.py:117} INFO - [2022-09-20T16:28:04.943+0000] {dagbag.py:525} INFO - Filling up the DagBag from /home/airflow/.local/lib/python3.7/site-packages/airflow/example_dags/example_task_group_decorator.py
[2022-09-20T16:28:04.970+0000] {processor.py:768} INFO - DAG(s) dict_keys(['example_task_group_decorator']) retrieved from /home/airflow/.local/lib/python3.7/site-packages/airflow/example_dags/example_task_group_decorator.py
[2022-09-20T16:28:05.004+0000] {logging_mixin.py:117} INFO - [2022-09-20T16:28:05.004+0000] {dag.py:2573} INFO - Sync 1 DAGs
[2022-09-20T16:28:05.027+0000] {logging_mixin.py:117} INFO - [2022-09-20T16:28:05.027+0000] {dag.py:3328} INFO - Setting next_dagrun for example_task_group_decorator to 2022-09-19T16:28:05.027221+00:00, run_after=2022-09-20T16:28:05.027221+00:00
[2022-09-20T16:28:05.050+0000] {processor.py:178} INFO - Processing /home/airflow/.local/lib/python3.7/site-packages/airflow/example_dags/example_task_group_decorator.py took 0.111 seconds
[2022-09-20T16:28:35.242+0000] {processor.py:156} INFO - Started process (PID=1218) to work on /home/airflow/.local/lib/python3.7/site-packages/airflow/example_dags/example_task_group_decorator.py
[2022-09-20T16:28:35.243+0000] {processor.py:758} INFO - Processing file /home/airflow/.local/lib/python3.7/site-packages/airflow/example_dags/example_task_group_decorator.py for tasks to queue
[2022-09-20T16:28:35.244+0000] {logging_mixin.py:117} INFO - [2022-09-20T16:28:35.244+0000] {dagbag.py:525} INFO - Filling up the DagBag from /home/airflow/.local/lib/python3.7/site-packages/airflow/example_dags/example_task_group_decorator.py
[2022-09-20T16:28:35.272+0000] {processor.py:768} INFO - DAG(s) dict_keys(['example_task_group_decorator']) retrieved from /home/airflow/.local/lib/python3.7/site-packages/airflow/example_dags/example_task_group_decorator.py
[2022-09-20T16:28:35.309+0000] {logging_mixin.py:117} INFO - [2022-09-20T16:28:35.309+0000] {dag.py:2573} INFO - Sync 1 DAGs
[2022-09-20T16:28:35.339+0000] {logging_mixin.py:117} INFO - [2022-09-20T16:28:35.339+0000] {dag.py:3328} INFO - Setting next_dagrun for example_task_group_decorator to 2022-09-19T16:28:35.339225+00:00, run_after=2022-09-20T16:28:35.339225+00:00
[2022-09-20T16:28:35.362+0000] {processor.py:178} INFO - Processing /home/airflow/.local/lib/python3.7/site-packages/airflow/example_dags/example_task_group_decorator.py took 0.122 seconds
[2022-09-20T16:29:05.747+0000] {processor.py:156} INFO - Started process (PID=1280) to work on /home/airflow/.local/lib/python3.7/site-packages/airflow/example_dags/example_task_group_decorator.py
[2022-09-20T16:29:05.748+0000] {processor.py:758} INFO - Processing file /home/airflow/.local/lib/python3.7/site-packages/airflow/example_dags/example_task_group_decorator.py for tasks to queue
[2022-09-20T16:29:05.749+0000] {logging_mixin.py:117} INFO - [2022-09-20T16:29:05.749+0000] {dagbag.py:525} INFO - Filling up the DagBag from /home/airflow/.local/lib/python3.7/site-packages/airflow/example_dags/example_task_group_decorator.py
[2022-09-20T16:29:05.776+0000] {processor.py:768} INFO - DAG(s) dict_keys(['example_task_group_decorator']) retrieved from /home/airflow/.local/lib/python3.7/site-packages/airflow/example_dags/example_task_group_decorator.py
[2022-09-20T16:29:05.812+0000] {logging_mixin.py:117} INFO - [2022-09-20T16:29:05.812+0000] {dag.py:2573} INFO - Sync 1 DAGs
[2022-09-20T16:29:05.833+0000] {logging_mixin.py:117} INFO - [2022-09-20T16:29:05.833+0000] {dag.py:3328} INFO - Setting next_dagrun for example_task_group_decorator to 2022-09-19T16:29:05.833134+00:00, run_after=2022-09-20T16:29:05.833134+00:00
[2022-09-20T16:29:05.855+0000] {processor.py:178} INFO - Processing /home/airflow/.local/lib/python3.7/site-packages/airflow/example_dags/example_task_group_decorator.py took 0.110 seconds
[2022-09-20T16:29:36.266+0000] {processor.py:156} INFO - Started process (PID=1341) to work on /home/airflow/.local/lib/python3.7/site-packages/airflow/example_dags/example_task_group_decorator.py
[2022-09-20T16:29:36.266+0000] {processor.py:758} INFO - Processing file /home/airflow/.local/lib/python3.7/site-packages/airflow/example_dags/example_task_group_decorator.py for tasks to queue
[2022-09-20T16:29:36.267+0000] {logging_mixin.py:117} INFO - [2022-09-20T16:29:36.267+0000] {dagbag.py:525} INFO - Filling up the DagBag from /home/airflow/.local/lib/python3.7/site-packages/airflow/example_dags/example_task_group_decorator.py
[2022-09-20T16:29:36.310+0000] {processor.py:768} INFO - DAG(s) dict_keys(['example_task_group_decorator']) retrieved from /home/airflow/.local/lib/python3.7/site-packages/airflow/example_dags/example_task_group_decorator.py
[2022-09-20T16:29:36.366+0000] {logging_mixin.py:117} INFO - [2022-09-20T16:29:36.366+0000] {dag.py:2573} INFO - Sync 1 DAGs
[2022-09-20T16:29:36.394+0000] {logging_mixin.py:117} INFO - [2022-09-20T16:29:36.394+0000] {dag.py:3328} INFO - Setting next_dagrun for example_task_group_decorator to 2022-09-19T16:29:36.394085+00:00, run_after=2022-09-20T16:29:36.394085+00:00
[2022-09-20T16:29:36.423+0000] {processor.py:178} INFO - Processing /home/airflow/.local/lib/python3.7/site-packages/airflow/example_dags/example_task_group_decorator.py took 0.160 seconds
[2022-09-20T16:30:06.570+0000] {processor.py:156} INFO - Started process (PID=1395) to work on /home/airflow/.local/lib/python3.7/site-packages/airflow/example_dags/example_task_group_decorator.py
[2022-09-20T16:30:06.570+0000] {processor.py:758} INFO - Processing file /home/airflow/.local/lib/python3.7/site-packages/airflow/example_dags/example_task_group_decorator.py for tasks to queue
[2022-09-20T16:30:06.571+0000] {logging_mixin.py:117} INFO - [2022-09-20T16:30:06.571+0000] {dagbag.py:525} INFO - Filling up the DagBag from /home/airflow/.local/lib/python3.7/site-packages/airflow/example_dags/example_task_group_decorator.py
[2022-09-20T16:30:06.610+0000] {processor.py:768} INFO - DAG(s) dict_keys(['example_task_group_decorator']) retrieved from /home/airflow/.local/lib/python3.7/site-packages/airflow/example_dags/example_task_group_decorator.py
[2022-09-20T16:30:06.653+0000] {logging_mixin.py:117} INFO - [2022-09-20T16:30:06.653+0000] {dag.py:2573} INFO - Sync 1 DAGs
[2022-09-20T16:30:06.681+0000] {logging_mixin.py:117} INFO - [2022-09-20T16:30:06.681+0000] {dag.py:3328} INFO - Setting next_dagrun for example_task_group_decorator to 2022-09-19T16:30:06.681421+00:00, run_after=2022-09-20T16:30:06.681421+00:00
[2022-09-20T16:30:06.703+0000] {processor.py:178} INFO - Processing /home/airflow/.local/lib/python3.7/site-packages/airflow/example_dags/example_task_group_decorator.py took 0.136 seconds
[2022-09-20T16:30:37.001+0000] {processor.py:156} INFO - Started process (PID=1458) to work on /home/airflow/.local/lib/python3.7/site-packages/airflow/example_dags/example_task_group_decorator.py
[2022-09-20T16:30:37.002+0000] {processor.py:758} INFO - Processing file /home/airflow/.local/lib/python3.7/site-packages/airflow/example_dags/example_task_group_decorator.py for tasks to queue
[2022-09-20T16:30:37.003+0000] {logging_mixin.py:117} INFO - [2022-09-20T16:30:37.002+0000] {dagbag.py:525} INFO - Filling up the DagBag from /home/airflow/.local/lib/python3.7/site-packages/airflow/example_dags/example_task_group_decorator.py
[2022-09-20T16:30:37.040+0000] {processor.py:768} INFO - DAG(s) dict_keys(['example_task_group_decorator']) retrieved from /home/airflow/.local/lib/python3.7/site-packages/airflow/example_dags/example_task_group_decorator.py
[2022-09-20T16:30:37.096+0000] {logging_mixin.py:117} INFO - [2022-09-20T16:30:37.096+0000] {dag.py:2573} INFO - Sync 1 DAGs
[2022-09-20T16:30:37.119+0000] {logging_mixin.py:117} INFO - [2022-09-20T16:30:37.119+0000] {dag.py:3328} INFO - Setting next_dagrun for example_task_group_decorator to 2022-09-19T16:30:37.118538+00:00, run_after=2022-09-20T16:30:37.118538+00:00
[2022-09-20T16:30:37.138+0000] {processor.py:178} INFO - Processing /home/airflow/.local/lib/python3.7/site-packages/airflow/example_dags/example_task_group_decorator.py took 0.141 seconds
[2022-09-20T16:31:07.965+0000] {processor.py:156} INFO - Started process (PID=1512) to work on /home/airflow/.local/lib/python3.7/site-packages/airflow/example_dags/example_task_group_decorator.py
[2022-09-20T16:31:07.966+0000] {processor.py:758} INFO - Processing file /home/airflow/.local/lib/python3.7/site-packages/airflow/example_dags/example_task_group_decorator.py for tasks to queue
[2022-09-20T16:31:07.968+0000] {logging_mixin.py:117} INFO - [2022-09-20T16:31:07.968+0000] {dagbag.py:525} INFO - Filling up the DagBag from /home/airflow/.local/lib/python3.7/site-packages/airflow/example_dags/example_task_group_decorator.py
[2022-09-20T16:31:08.021+0000] {processor.py:768} INFO - DAG(s) dict_keys(['example_task_group_decorator']) retrieved from /home/airflow/.local/lib/python3.7/site-packages/airflow/example_dags/example_task_group_decorator.py
[2022-09-20T16:31:08.099+0000] {logging_mixin.py:117} INFO - [2022-09-20T16:31:08.099+0000] {dag.py:2573} INFO - Sync 1 DAGs
[2022-09-20T16:31:08.136+0000] {logging_mixin.py:117} INFO - [2022-09-20T16:31:08.136+0000] {dag.py:3328} INFO - Setting next_dagrun for example_task_group_decorator to 2022-09-19T16:31:08.135415+00:00, run_after=2022-09-20T16:31:08.135415+00:00
[2022-09-20T16:31:08.162+0000] {processor.py:178} INFO - Processing /home/airflow/.local/lib/python3.7/site-packages/airflow/example_dags/example_task_group_decorator.py took 0.203 seconds
[2022-09-20T16:31:38.244+0000] {processor.py:156} INFO - Started process (PID=1575) to work on /home/airflow/.local/lib/python3.7/site-packages/airflow/example_dags/example_task_group_decorator.py
[2022-09-20T16:31:38.245+0000] {processor.py:758} INFO - Processing file /home/airflow/.local/lib/python3.7/site-packages/airflow/example_dags/example_task_group_decorator.py for tasks to queue
[2022-09-20T16:31:38.247+0000] {logging_mixin.py:117} INFO - [2022-09-20T16:31:38.246+0000] {dagbag.py:525} INFO - Filling up the DagBag from /home/airflow/.local/lib/python3.7/site-packages/airflow/example_dags/example_task_group_decorator.py
[2022-09-20T16:31:38.327+0000] {processor.py:768} INFO - DAG(s) dict_keys(['example_task_group_decorator']) retrieved from /home/airflow/.local/lib/python3.7/site-packages/airflow/example_dags/example_task_group_decorator.py
[2022-09-20T16:31:38.456+0000] {logging_mixin.py:117} INFO - [2022-09-20T16:31:38.456+0000] {dag.py:2573} INFO - Sync 1 DAGs
[2022-09-20T16:31:38.507+0000] {logging_mixin.py:117} INFO - [2022-09-20T16:31:38.507+0000] {dag.py:3328} INFO - Setting next_dagrun for example_task_group_decorator to 2022-09-19T16:31:38.506630+00:00, run_after=2022-09-20T16:31:38.506630+00:00
[2022-09-20T16:31:38.548+0000] {processor.py:178} INFO - Processing /home/airflow/.local/lib/python3.7/site-packages/airflow/example_dags/example_task_group_decorator.py took 0.311 seconds
[2022-09-20T16:32:08.617+0000] {processor.py:156} INFO - Started process (PID=1629) to work on /home/airflow/.local/lib/python3.7/site-packages/airflow/example_dags/example_task_group_decorator.py
[2022-09-20T16:32:08.618+0000] {processor.py:758} INFO - Processing file /home/airflow/.local/lib/python3.7/site-packages/airflow/example_dags/example_task_group_decorator.py for tasks to queue
[2022-09-20T16:32:08.619+0000] {logging_mixin.py:117} INFO - [2022-09-20T16:32:08.618+0000] {dagbag.py:525} INFO - Filling up the DagBag from /home/airflow/.local/lib/python3.7/site-packages/airflow/example_dags/example_task_group_decorator.py
[2022-09-20T16:32:08.651+0000] {processor.py:768} INFO - DAG(s) dict_keys(['example_task_group_decorator']) retrieved from /home/airflow/.local/lib/python3.7/site-packages/airflow/example_dags/example_task_group_decorator.py
[2022-09-20T16:32:08.689+0000] {logging_mixin.py:117} INFO - [2022-09-20T16:32:08.689+0000] {dag.py:2573} INFO - Sync 1 DAGs
[2022-09-20T16:32:08.717+0000] {logging_mixin.py:117} INFO - [2022-09-20T16:32:08.717+0000] {dag.py:3328} INFO - Setting next_dagrun for example_task_group_decorator to 2022-09-19T16:32:08.717611+00:00, run_after=2022-09-20T16:32:08.717611+00:00
[2022-09-20T16:32:08.736+0000] {processor.py:178} INFO - Processing /home/airflow/.local/lib/python3.7/site-packages/airflow/example_dags/example_task_group_decorator.py took 0.122 seconds
[2022-09-20T16:32:39.442+0000] {processor.py:156} INFO - Started process (PID=1692) to work on /home/airflow/.local/lib/python3.7/site-packages/airflow/example_dags/example_task_group_decorator.py
[2022-09-20T16:32:39.444+0000] {processor.py:758} INFO - Processing file /home/airflow/.local/lib/python3.7/site-packages/airflow/example_dags/example_task_group_decorator.py for tasks to queue
[2022-09-20T16:32:39.445+0000] {logging_mixin.py:117} INFO - [2022-09-20T16:32:39.444+0000] {dagbag.py:525} INFO - Filling up the DagBag from /home/airflow/.local/lib/python3.7/site-packages/airflow/example_dags/example_task_group_decorator.py
[2022-09-20T16:32:39.483+0000] {processor.py:768} INFO - DAG(s) dict_keys(['example_task_group_decorator']) retrieved from /home/airflow/.local/lib/python3.7/site-packages/airflow/example_dags/example_task_group_decorator.py
[2022-09-20T16:32:39.529+0000] {logging_mixin.py:117} INFO - [2022-09-20T16:32:39.529+0000] {dag.py:2573} INFO - Sync 1 DAGs
[2022-09-20T16:32:39.559+0000] {logging_mixin.py:117} INFO - [2022-09-20T16:32:39.559+0000] {dag.py:3328} INFO - Setting next_dagrun for example_task_group_decorator to 2022-09-19T16:32:39.559415+00:00, run_after=2022-09-20T16:32:39.559415+00:00
[2022-09-20T16:32:39.578+0000] {processor.py:178} INFO - Processing /home/airflow/.local/lib/python3.7/site-packages/airflow/example_dags/example_task_group_decorator.py took 0.139 seconds
[2022-09-20T16:33:09.918+0000] {processor.py:156} INFO - Started process (PID=1755) to work on /home/airflow/.local/lib/python3.7/site-packages/airflow/example_dags/example_task_group_decorator.py
[2022-09-20T16:33:09.920+0000] {processor.py:758} INFO - Processing file /home/airflow/.local/lib/python3.7/site-packages/airflow/example_dags/example_task_group_decorator.py for tasks to queue
[2022-09-20T16:33:09.920+0000] {logging_mixin.py:117} INFO - [2022-09-20T16:33:09.920+0000] {dagbag.py:525} INFO - Filling up the DagBag from /home/airflow/.local/lib/python3.7/site-packages/airflow/example_dags/example_task_group_decorator.py
[2022-09-20T16:33:09.954+0000] {processor.py:768} INFO - DAG(s) dict_keys(['example_task_group_decorator']) retrieved from /home/airflow/.local/lib/python3.7/site-packages/airflow/example_dags/example_task_group_decorator.py
[2022-09-20T16:33:10.017+0000] {logging_mixin.py:117} INFO - [2022-09-20T16:33:10.017+0000] {dag.py:2573} INFO - Sync 1 DAGs
[2022-09-20T16:33:10.053+0000] {logging_mixin.py:117} INFO - [2022-09-20T16:33:10.053+0000] {dag.py:3328} INFO - Setting next_dagrun for example_task_group_decorator to 2022-09-19T16:33:10.053491+00:00, run_after=2022-09-20T16:33:10.053491+00:00
[2022-09-20T16:33:10.082+0000] {processor.py:178} INFO - Processing /home/airflow/.local/lib/python3.7/site-packages/airflow/example_dags/example_task_group_decorator.py took 0.166 seconds
[2022-09-20T16:33:40.466+0000] {processor.py:156} INFO - Started process (PID=1809) to work on /home/airflow/.local/lib/python3.7/site-packages/airflow/example_dags/example_task_group_decorator.py
[2022-09-20T16:33:40.467+0000] {processor.py:758} INFO - Processing file /home/airflow/.local/lib/python3.7/site-packages/airflow/example_dags/example_task_group_decorator.py for tasks to queue
[2022-09-20T16:33:40.468+0000] {logging_mixin.py:117} INFO - [2022-09-20T16:33:40.467+0000] {dagbag.py:525} INFO - Filling up the DagBag from /home/airflow/.local/lib/python3.7/site-packages/airflow/example_dags/example_task_group_decorator.py
[2022-09-20T16:33:40.497+0000] {processor.py:768} INFO - DAG(s) dict_keys(['example_task_group_decorator']) retrieved from /home/airflow/.local/lib/python3.7/site-packages/airflow/example_dags/example_task_group_decorator.py
[2022-09-20T16:33:40.535+0000] {logging_mixin.py:117} INFO - [2022-09-20T16:33:40.535+0000] {dag.py:2573} INFO - Sync 1 DAGs
[2022-09-20T16:33:40.560+0000] {logging_mixin.py:117} INFO - [2022-09-20T16:33:40.560+0000] {dag.py:3328} INFO - Setting next_dagrun for example_task_group_decorator to 2022-09-19T16:33:40.560212+00:00, run_after=2022-09-20T16:33:40.560212+00:00
[2022-09-20T16:33:40.582+0000] {processor.py:178} INFO - Processing /home/airflow/.local/lib/python3.7/site-packages/airflow/example_dags/example_task_group_decorator.py took 0.118 seconds
[2022-09-20T16:34:11.275+0000] {processor.py:156} INFO - Started process (PID=1871) to work on /home/airflow/.local/lib/python3.7/site-packages/airflow/example_dags/example_task_group_decorator.py
[2022-09-20T16:34:11.276+0000] {processor.py:758} INFO - Processing file /home/airflow/.local/lib/python3.7/site-packages/airflow/example_dags/example_task_group_decorator.py for tasks to queue
[2022-09-20T16:34:11.277+0000] {logging_mixin.py:117} INFO - [2022-09-20T16:34:11.277+0000] {dagbag.py:525} INFO - Filling up the DagBag from /home/airflow/.local/lib/python3.7/site-packages/airflow/example_dags/example_task_group_decorator.py
[2022-09-20T16:34:11.307+0000] {processor.py:768} INFO - DAG(s) dict_keys(['example_task_group_decorator']) retrieved from /home/airflow/.local/lib/python3.7/site-packages/airflow/example_dags/example_task_group_decorator.py
[2022-09-20T16:34:11.346+0000] {logging_mixin.py:117} INFO - [2022-09-20T16:34:11.346+0000] {dag.py:2573} INFO - Sync 1 DAGs
[2022-09-20T16:34:11.371+0000] {logging_mixin.py:117} INFO - [2022-09-20T16:34:11.370+0000] {dag.py:3328} INFO - Setting next_dagrun for example_task_group_decorator to 2022-09-19T16:34:11.370795+00:00, run_after=2022-09-20T16:34:11.370795+00:00
[2022-09-20T16:34:11.394+0000] {processor.py:178} INFO - Processing /home/airflow/.local/lib/python3.7/site-packages/airflow/example_dags/example_task_group_decorator.py took 0.121 seconds
[2022-09-20T16:34:41.830+0000] {processor.py:156} INFO - Started process (PID=1924) to work on /home/airflow/.local/lib/python3.7/site-packages/airflow/example_dags/example_task_group_decorator.py
[2022-09-20T16:34:41.831+0000] {processor.py:758} INFO - Processing file /home/airflow/.local/lib/python3.7/site-packages/airflow/example_dags/example_task_group_decorator.py for tasks to queue
[2022-09-20T16:34:41.831+0000] {logging_mixin.py:117} INFO - [2022-09-20T16:34:41.831+0000] {dagbag.py:525} INFO - Filling up the DagBag from /home/airflow/.local/lib/python3.7/site-packages/airflow/example_dags/example_task_group_decorator.py
[2022-09-20T16:34:41.861+0000] {processor.py:768} INFO - DAG(s) dict_keys(['example_task_group_decorator']) retrieved from /home/airflow/.local/lib/python3.7/site-packages/airflow/example_dags/example_task_group_decorator.py
[2022-09-20T16:34:41.898+0000] {logging_mixin.py:117} INFO - [2022-09-20T16:34:41.898+0000] {dag.py:2573} INFO - Sync 1 DAGs
[2022-09-20T16:34:41.928+0000] {logging_mixin.py:117} INFO - [2022-09-20T16:34:41.928+0000] {dag.py:3328} INFO - Setting next_dagrun for example_task_group_decorator to 2022-09-19T16:34:41.928186+00:00, run_after=2022-09-20T16:34:41.928186+00:00
[2022-09-20T16:34:41.950+0000] {processor.py:178} INFO - Processing /home/airflow/.local/lib/python3.7/site-packages/airflow/example_dags/example_task_group_decorator.py took 0.122 seconds
[2022-09-20T16:35:12.161+0000] {processor.py:156} INFO - Started process (PID=1987) to work on /home/airflow/.local/lib/python3.7/site-packages/airflow/example_dags/example_task_group_decorator.py
[2022-09-20T16:35:12.162+0000] {processor.py:758} INFO - Processing file /home/airflow/.local/lib/python3.7/site-packages/airflow/example_dags/example_task_group_decorator.py for tasks to queue
[2022-09-20T16:35:12.162+0000] {logging_mixin.py:117} INFO - [2022-09-20T16:35:12.162+0000] {dagbag.py:525} INFO - Filling up the DagBag from /home/airflow/.local/lib/python3.7/site-packages/airflow/example_dags/example_task_group_decorator.py
[2022-09-20T16:35:12.226+0000] {processor.py:768} INFO - DAG(s) dict_keys(['example_task_group_decorator']) retrieved from /home/airflow/.local/lib/python3.7/site-packages/airflow/example_dags/example_task_group_decorator.py
[2022-09-20T16:35:12.331+0000] {logging_mixin.py:117} INFO - [2022-09-20T16:35:12.331+0000] {dag.py:2573} INFO - Sync 1 DAGs
[2022-09-20T16:35:12.385+0000] {logging_mixin.py:117} INFO - [2022-09-20T16:35:12.384+0000] {dag.py:3328} INFO - Setting next_dagrun for example_task_group_decorator to 2022-09-19T16:35:12.384222+00:00, run_after=2022-09-20T16:35:12.384222+00:00
[2022-09-20T16:35:12.418+0000] {processor.py:178} INFO - Processing /home/airflow/.local/lib/python3.7/site-packages/airflow/example_dags/example_task_group_decorator.py took 0.260 seconds
[2022-09-20T16:35:42.683+0000] {processor.py:156} INFO - Started process (PID=2040) to work on /home/airflow/.local/lib/python3.7/site-packages/airflow/example_dags/example_task_group_decorator.py
[2022-09-20T16:35:42.684+0000] {processor.py:758} INFO - Processing file /home/airflow/.local/lib/python3.7/site-packages/airflow/example_dags/example_task_group_decorator.py for tasks to queue
[2022-09-20T16:35:42.685+0000] {logging_mixin.py:117} INFO - [2022-09-20T16:35:42.684+0000] {dagbag.py:525} INFO - Filling up the DagBag from /home/airflow/.local/lib/python3.7/site-packages/airflow/example_dags/example_task_group_decorator.py
[2022-09-20T16:35:42.747+0000] {processor.py:768} INFO - DAG(s) dict_keys(['example_task_group_decorator']) retrieved from /home/airflow/.local/lib/python3.7/site-packages/airflow/example_dags/example_task_group_decorator.py
[2022-09-20T16:35:42.813+0000] {logging_mixin.py:117} INFO - [2022-09-20T16:35:42.812+0000] {dag.py:2573} INFO - Sync 1 DAGs
[2022-09-20T16:35:42.860+0000] {logging_mixin.py:117} INFO - [2022-09-20T16:35:42.860+0000] {dag.py:3328} INFO - Setting next_dagrun for example_task_group_decorator to 2022-09-19T16:35:42.860213+00:00, run_after=2022-09-20T16:35:42.860213+00:00
[2022-09-20T16:35:42.894+0000] {processor.py:178} INFO - Processing /home/airflow/.local/lib/python3.7/site-packages/airflow/example_dags/example_task_group_decorator.py took 0.215 seconds
[2022-09-20T16:36:13.170+0000] {processor.py:156} INFO - Started process (PID=2093) to work on /home/airflow/.local/lib/python3.7/site-packages/airflow/example_dags/example_task_group_decorator.py
[2022-09-20T16:36:13.171+0000] {processor.py:758} INFO - Processing file /home/airflow/.local/lib/python3.7/site-packages/airflow/example_dags/example_task_group_decorator.py for tasks to queue
[2022-09-20T16:36:13.171+0000] {logging_mixin.py:117} INFO - [2022-09-20T16:36:13.171+0000] {dagbag.py:525} INFO - Filling up the DagBag from /home/airflow/.local/lib/python3.7/site-packages/airflow/example_dags/example_task_group_decorator.py
[2022-09-20T16:36:13.211+0000] {processor.py:768} INFO - DAG(s) dict_keys(['example_task_group_decorator']) retrieved from /home/airflow/.local/lib/python3.7/site-packages/airflow/example_dags/example_task_group_decorator.py
[2022-09-20T16:36:13.261+0000] {logging_mixin.py:117} INFO - [2022-09-20T16:36:13.261+0000] {dag.py:2573} INFO - Sync 1 DAGs
[2022-09-20T16:36:13.294+0000] {logging_mixin.py:117} INFO - [2022-09-20T16:36:13.294+0000] {dag.py:3328} INFO - Setting next_dagrun for example_task_group_decorator to 2022-09-19T16:36:13.294004+00:00, run_after=2022-09-20T16:36:13.294004+00:00
[2022-09-20T16:36:13.322+0000] {processor.py:178} INFO - Processing /home/airflow/.local/lib/python3.7/site-packages/airflow/example_dags/example_task_group_decorator.py took 0.154 seconds
[2022-09-20T16:36:43.387+0000] {processor.py:156} INFO - Started process (PID=2156) to work on /home/airflow/.local/lib/python3.7/site-packages/airflow/example_dags/example_task_group_decorator.py
[2022-09-20T16:36:43.388+0000] {processor.py:758} INFO - Processing file /home/airflow/.local/lib/python3.7/site-packages/airflow/example_dags/example_task_group_decorator.py for tasks to queue
[2022-09-20T16:36:43.389+0000] {logging_mixin.py:117} INFO - [2022-09-20T16:36:43.388+0000] {dagbag.py:525} INFO - Filling up the DagBag from /home/airflow/.local/lib/python3.7/site-packages/airflow/example_dags/example_task_group_decorator.py
[2022-09-20T16:36:43.425+0000] {processor.py:768} INFO - DAG(s) dict_keys(['example_task_group_decorator']) retrieved from /home/airflow/.local/lib/python3.7/site-packages/airflow/example_dags/example_task_group_decorator.py
[2022-09-20T16:36:43.472+0000] {logging_mixin.py:117} INFO - [2022-09-20T16:36:43.472+0000] {dag.py:2573} INFO - Sync 1 DAGs
[2022-09-20T16:36:43.523+0000] {logging_mixin.py:117} INFO - [2022-09-20T16:36:43.522+0000] {dag.py:3328} INFO - Setting next_dagrun for example_task_group_decorator to 2022-09-19T16:36:43.522365+00:00, run_after=2022-09-20T16:36:43.522365+00:00
[2022-09-20T16:36:43.558+0000] {processor.py:178} INFO - Processing /home/airflow/.local/lib/python3.7/site-packages/airflow/example_dags/example_task_group_decorator.py took 0.174 seconds
[2022-09-20T16:37:14.326+0000] {processor.py:156} INFO - Started process (PID=2219) to work on /home/airflow/.local/lib/python3.7/site-packages/airflow/example_dags/example_task_group_decorator.py
[2022-09-20T16:37:14.326+0000] {processor.py:758} INFO - Processing file /home/airflow/.local/lib/python3.7/site-packages/airflow/example_dags/example_task_group_decorator.py for tasks to queue
[2022-09-20T16:37:14.327+0000] {logging_mixin.py:117} INFO - [2022-09-20T16:37:14.327+0000] {dagbag.py:525} INFO - Filling up the DagBag from /home/airflow/.local/lib/python3.7/site-packages/airflow/example_dags/example_task_group_decorator.py
[2022-09-20T16:37:14.362+0000] {processor.py:768} INFO - DAG(s) dict_keys(['example_task_group_decorator']) retrieved from /home/airflow/.local/lib/python3.7/site-packages/airflow/example_dags/example_task_group_decorator.py
[2022-09-20T16:37:14.417+0000] {logging_mixin.py:117} INFO - [2022-09-20T16:37:14.417+0000] {dag.py:2573} INFO - Sync 1 DAGs
[2022-09-20T16:37:14.467+0000] {logging_mixin.py:117} INFO - [2022-09-20T16:37:14.466+0000] {dag.py:3328} INFO - Setting next_dagrun for example_task_group_decorator to 2022-09-19T16:37:14.466600+00:00, run_after=2022-09-20T16:37:14.466600+00:00
[2022-09-20T16:37:14.499+0000] {processor.py:178} INFO - Processing /home/airflow/.local/lib/python3.7/site-packages/airflow/example_dags/example_task_group_decorator.py took 0.176 seconds
[2022-09-20T16:37:44.847+0000] {processor.py:156} INFO - Started process (PID=2273) to work on /home/airflow/.local/lib/python3.7/site-packages/airflow/example_dags/example_task_group_decorator.py
[2022-09-20T16:37:44.848+0000] {processor.py:758} INFO - Processing file /home/airflow/.local/lib/python3.7/site-packages/airflow/example_dags/example_task_group_decorator.py for tasks to queue
[2022-09-20T16:37:44.849+0000] {logging_mixin.py:117} INFO - [2022-09-20T16:37:44.848+0000] {dagbag.py:525} INFO - Filling up the DagBag from /home/airflow/.local/lib/python3.7/site-packages/airflow/example_dags/example_task_group_decorator.py
[2022-09-20T16:37:44.876+0000] {processor.py:768} INFO - DAG(s) dict_keys(['example_task_group_decorator']) retrieved from /home/airflow/.local/lib/python3.7/site-packages/airflow/example_dags/example_task_group_decorator.py
[2022-09-20T16:37:44.917+0000] {logging_mixin.py:117} INFO - [2022-09-20T16:37:44.916+0000] {dag.py:2573} INFO - Sync 1 DAGs
[2022-09-20T16:37:44.940+0000] {logging_mixin.py:117} INFO - [2022-09-20T16:37:44.940+0000] {dag.py:3328} INFO - Setting next_dagrun for example_task_group_decorator to 2022-09-19T16:37:44.940369+00:00, run_after=2022-09-20T16:37:44.940369+00:00
[2022-09-20T16:37:44.964+0000] {processor.py:178} INFO - Processing /home/airflow/.local/lib/python3.7/site-packages/airflow/example_dags/example_task_group_decorator.py took 0.119 seconds
[2022-09-20T16:38:15.738+0000] {processor.py:156} INFO - Started process (PID=2336) to work on /home/airflow/.local/lib/python3.7/site-packages/airflow/example_dags/example_task_group_decorator.py
[2022-09-20T16:38:15.739+0000] {processor.py:758} INFO - Processing file /home/airflow/.local/lib/python3.7/site-packages/airflow/example_dags/example_task_group_decorator.py for tasks to queue
[2022-09-20T16:38:15.739+0000] {logging_mixin.py:117} INFO - [2022-09-20T16:38:15.739+0000] {dagbag.py:525} INFO - Filling up the DagBag from /home/airflow/.local/lib/python3.7/site-packages/airflow/example_dags/example_task_group_decorator.py
[2022-09-20T16:38:15.770+0000] {processor.py:768} INFO - DAG(s) dict_keys(['example_task_group_decorator']) retrieved from /home/airflow/.local/lib/python3.7/site-packages/airflow/example_dags/example_task_group_decorator.py
[2022-09-20T16:38:15.809+0000] {logging_mixin.py:117} INFO - [2022-09-20T16:38:15.808+0000] {dag.py:2573} INFO - Sync 1 DAGs
[2022-09-20T16:38:15.831+0000] {logging_mixin.py:117} INFO - [2022-09-20T16:38:15.831+0000] {dag.py:3328} INFO - Setting next_dagrun for example_task_group_decorator to 2022-09-19T16:38:15.831107+00:00, run_after=2022-09-20T16:38:15.831107+00:00
[2022-09-20T16:38:15.854+0000] {processor.py:178} INFO - Processing /home/airflow/.local/lib/python3.7/site-packages/airflow/example_dags/example_task_group_decorator.py took 0.118 seconds
[2022-09-20T16:38:45.930+0000] {processor.py:156} INFO - Started process (PID=2390) to work on /home/airflow/.local/lib/python3.7/site-packages/airflow/example_dags/example_task_group_decorator.py
[2022-09-20T16:38:45.931+0000] {processor.py:758} INFO - Processing file /home/airflow/.local/lib/python3.7/site-packages/airflow/example_dags/example_task_group_decorator.py for tasks to queue
[2022-09-20T16:38:45.932+0000] {logging_mixin.py:117} INFO - [2022-09-20T16:38:45.932+0000] {dagbag.py:525} INFO - Filling up the DagBag from /home/airflow/.local/lib/python3.7/site-packages/airflow/example_dags/example_task_group_decorator.py
[2022-09-20T16:38:45.960+0000] {processor.py:768} INFO - DAG(s) dict_keys(['example_task_group_decorator']) retrieved from /home/airflow/.local/lib/python3.7/site-packages/airflow/example_dags/example_task_group_decorator.py
[2022-09-20T16:38:45.996+0000] {logging_mixin.py:117} INFO - [2022-09-20T16:38:45.996+0000] {dag.py:2573} INFO - Sync 1 DAGs
[2022-09-20T16:38:46.022+0000] {logging_mixin.py:117} INFO - [2022-09-20T16:38:46.022+0000] {dag.py:3328} INFO - Setting next_dagrun for example_task_group_decorator to 2022-09-19T16:38:46.021895+00:00, run_after=2022-09-20T16:38:46.021895+00:00
[2022-09-20T16:38:46.043+0000] {processor.py:178} INFO - Processing /home/airflow/.local/lib/python3.7/site-packages/airflow/example_dags/example_task_group_decorator.py took 0.115 seconds
