[2022-09-20T16:18:24.007+0000] {processor.py:156} INFO - Started process (PID=43) to work on /home/airflow/.local/lib/python3.7/site-packages/airflow/example_dags/example_branch_datetime_operator.py
[2022-09-20T16:18:24.008+0000] {processor.py:758} INFO - Processing file /home/airflow/.local/lib/python3.7/site-packages/airflow/example_dags/example_branch_datetime_operator.py for tasks to queue
[2022-09-20T16:18:24.008+0000] {logging_mixin.py:117} INFO - [2022-09-20T16:18:24.008+0000] {dagbag.py:525} INFO - Filling up the DagBag from /home/airflow/.local/lib/python3.7/site-packages/airflow/example_dags/example_branch_datetime_operator.py
[2022-09-20T16:18:24.040+0000] {processor.py:768} INFO - DAG(s) dict_keys(['example_branch_datetime_operator', 'example_branch_datetime_operator_2', 'example_branch_datetime_operator_3']) retrieved from /home/airflow/.local/lib/python3.7/site-packages/airflow/example_dags/example_branch_datetime_operator.py
[2022-09-20T16:18:24.608+0000] {logging_mixin.py:117} INFO - [2022-09-20T16:18:24.607+0000] {dag.py:2573} INFO - Sync 3 DAGs
[2022-09-20T16:18:24.674+0000] {logging_mixin.py:117} INFO - [2022-09-20T16:18:24.674+0000] {dag.py:3328} INFO - Setting next_dagrun for example_branch_datetime_operator to 2022-09-19T00:00:00+00:00, run_after=2022-09-20T00:00:00+00:00
[2022-09-20T16:18:24.683+0000] {logging_mixin.py:117} INFO - [2022-09-20T16:18:24.683+0000] {dag.py:3328} INFO - Setting next_dagrun for example_branch_datetime_operator_2 to 2022-09-19T00:00:00+00:00, run_after=2022-09-20T00:00:00+00:00
[2022-09-20T16:18:24.689+0000] {logging_mixin.py:117} INFO - [2022-09-20T16:18:24.689+0000] {dag.py:3328} INFO - Setting next_dagrun for example_branch_datetime_operator_3 to 2022-09-19T00:00:00+00:00, run_after=2022-09-20T00:00:00+00:00
[2022-09-20T16:18:24.731+0000] {processor.py:178} INFO - Processing /home/airflow/.local/lib/python3.7/site-packages/airflow/example_dags/example_branch_datetime_operator.py took 0.727 seconds
[2022-09-20T16:18:55.012+0000] {processor.py:156} INFO - Started process (PID=104) to work on /home/airflow/.local/lib/python3.7/site-packages/airflow/example_dags/example_branch_datetime_operator.py
[2022-09-20T16:18:55.012+0000] {processor.py:758} INFO - Processing file /home/airflow/.local/lib/python3.7/site-packages/airflow/example_dags/example_branch_datetime_operator.py for tasks to queue
[2022-09-20T16:18:55.013+0000] {logging_mixin.py:117} INFO - [2022-09-20T16:18:55.013+0000] {dagbag.py:525} INFO - Filling up the DagBag from /home/airflow/.local/lib/python3.7/site-packages/airflow/example_dags/example_branch_datetime_operator.py
[2022-09-20T16:18:55.033+0000] {processor.py:768} INFO - DAG(s) dict_keys(['example_branch_datetime_operator_3', 'example_branch_datetime_operator', 'example_branch_datetime_operator_2']) retrieved from /home/airflow/.local/lib/python3.7/site-packages/airflow/example_dags/example_branch_datetime_operator.py
[2022-09-20T16:18:55.216+0000] {logging_mixin.py:117} INFO - [2022-09-20T16:18:55.216+0000] {dag.py:2573} INFO - Sync 3 DAGs
[2022-09-20T16:18:55.248+0000] {logging_mixin.py:117} INFO - [2022-09-20T16:18:55.248+0000] {dag.py:3328} INFO - Setting next_dagrun for example_branch_datetime_operator to 2022-09-19T00:00:00+00:00, run_after=2022-09-20T00:00:00+00:00
[2022-09-20T16:18:55.253+0000] {logging_mixin.py:117} INFO - [2022-09-20T16:18:55.252+0000] {dag.py:3328} INFO - Setting next_dagrun for example_branch_datetime_operator_2 to 2022-09-19T00:00:00+00:00, run_after=2022-09-20T00:00:00+00:00
[2022-09-20T16:18:55.255+0000] {logging_mixin.py:117} INFO - [2022-09-20T16:18:55.255+0000] {dag.py:3328} INFO - Setting next_dagrun for example_branch_datetime_operator_3 to 2022-09-19T00:00:00+00:00, run_after=2022-09-20T00:00:00+00:00
[2022-09-20T16:18:55.273+0000] {processor.py:178} INFO - Processing /home/airflow/.local/lib/python3.7/site-packages/airflow/example_dags/example_branch_datetime_operator.py took 0.265 seconds
[2022-09-20T16:19:25.686+0000] {processor.py:156} INFO - Started process (PID=160) to work on /home/airflow/.local/lib/python3.7/site-packages/airflow/example_dags/example_branch_datetime_operator.py
[2022-09-20T16:19:25.686+0000] {processor.py:758} INFO - Processing file /home/airflow/.local/lib/python3.7/site-packages/airflow/example_dags/example_branch_datetime_operator.py for tasks to queue
[2022-09-20T16:19:25.687+0000] {logging_mixin.py:117} INFO - [2022-09-20T16:19:25.686+0000] {dagbag.py:525} INFO - Filling up the DagBag from /home/airflow/.local/lib/python3.7/site-packages/airflow/example_dags/example_branch_datetime_operator.py
[2022-09-20T16:19:25.702+0000] {processor.py:768} INFO - DAG(s) dict_keys(['example_branch_datetime_operator_2', 'example_branch_datetime_operator', 'example_branch_datetime_operator_3']) retrieved from /home/airflow/.local/lib/python3.7/site-packages/airflow/example_dags/example_branch_datetime_operator.py
[2022-09-20T16:19:25.839+0000] {logging_mixin.py:117} INFO - [2022-09-20T16:19:25.838+0000] {dag.py:2573} INFO - Sync 3 DAGs
[2022-09-20T16:19:25.861+0000] {logging_mixin.py:117} INFO - [2022-09-20T16:19:25.861+0000] {dag.py:3328} INFO - Setting next_dagrun for example_branch_datetime_operator to 2022-09-19T00:00:00+00:00, run_after=2022-09-20T00:00:00+00:00
[2022-09-20T16:19:25.866+0000] {logging_mixin.py:117} INFO - [2022-09-20T16:19:25.865+0000] {dag.py:3328} INFO - Setting next_dagrun for example_branch_datetime_operator_2 to 2022-09-19T00:00:00+00:00, run_after=2022-09-20T00:00:00+00:00
[2022-09-20T16:19:25.869+0000] {logging_mixin.py:117} INFO - [2022-09-20T16:19:25.869+0000] {dag.py:3328} INFO - Setting next_dagrun for example_branch_datetime_operator_3 to 2022-09-19T00:00:00+00:00, run_after=2022-09-20T00:00:00+00:00
[2022-09-20T16:19:25.889+0000] {processor.py:178} INFO - Processing /home/airflow/.local/lib/python3.7/site-packages/airflow/example_dags/example_branch_datetime_operator.py took 0.206 seconds
[2022-09-20T16:19:57.318+0000] {processor.py:156} INFO - Started process (PID=222) to work on /home/airflow/.local/lib/python3.7/site-packages/airflow/example_dags/example_branch_datetime_operator.py
[2022-09-20T16:19:57.319+0000] {processor.py:758} INFO - Processing file /home/airflow/.local/lib/python3.7/site-packages/airflow/example_dags/example_branch_datetime_operator.py for tasks to queue
[2022-09-20T16:19:57.320+0000] {logging_mixin.py:117} INFO - [2022-09-20T16:19:57.320+0000] {dagbag.py:525} INFO - Filling up the DagBag from /home/airflow/.local/lib/python3.7/site-packages/airflow/example_dags/example_branch_datetime_operator.py
[2022-09-20T16:19:57.539+0000] {processor.py:768} INFO - DAG(s) dict_keys(['example_branch_datetime_operator_2', 'example_branch_datetime_operator', 'example_branch_datetime_operator_3']) retrieved from /home/airflow/.local/lib/python3.7/site-packages/airflow/example_dags/example_branch_datetime_operator.py
[2022-09-20T16:19:57.632+0000] {logging_mixin.py:117} INFO - [2022-09-20T16:19:57.631+0000] {dag.py:2573} INFO - Sync 3 DAGs
[2022-09-20T16:19:57.676+0000] {logging_mixin.py:117} INFO - [2022-09-20T16:19:57.675+0000] {dag.py:3328} INFO - Setting next_dagrun for example_branch_datetime_operator to 2022-09-19T00:00:00+00:00, run_after=2022-09-20T00:00:00+00:00
[2022-09-20T16:19:57.683+0000] {logging_mixin.py:117} INFO - [2022-09-20T16:19:57.683+0000] {dag.py:3328} INFO - Setting next_dagrun for example_branch_datetime_operator_2 to 2022-09-19T00:00:00+00:00, run_after=2022-09-20T00:00:00+00:00
[2022-09-20T16:19:57.687+0000] {logging_mixin.py:117} INFO - [2022-09-20T16:19:57.687+0000] {dag.py:3328} INFO - Setting next_dagrun for example_branch_datetime_operator_3 to 2022-09-19T00:00:00+00:00, run_after=2022-09-20T00:00:00+00:00
[2022-09-20T16:19:57.711+0000] {processor.py:178} INFO - Processing /home/airflow/.local/lib/python3.7/site-packages/airflow/example_dags/example_branch_datetime_operator.py took 0.396 seconds
[2022-09-20T16:20:28.055+0000] {processor.py:156} INFO - Started process (PID=276) to work on /home/airflow/.local/lib/python3.7/site-packages/airflow/example_dags/example_branch_datetime_operator.py
[2022-09-20T16:20:28.056+0000] {processor.py:758} INFO - Processing file /home/airflow/.local/lib/python3.7/site-packages/airflow/example_dags/example_branch_datetime_operator.py for tasks to queue
[2022-09-20T16:20:28.056+0000] {logging_mixin.py:117} INFO - [2022-09-20T16:20:28.056+0000] {dagbag.py:525} INFO - Filling up the DagBag from /home/airflow/.local/lib/python3.7/site-packages/airflow/example_dags/example_branch_datetime_operator.py
[2022-09-20T16:20:28.077+0000] {processor.py:768} INFO - DAG(s) dict_keys(['example_branch_datetime_operator', 'example_branch_datetime_operator_3', 'example_branch_datetime_operator_2']) retrieved from /home/airflow/.local/lib/python3.7/site-packages/airflow/example_dags/example_branch_datetime_operator.py
[2022-09-20T16:20:28.129+0000] {logging_mixin.py:117} INFO - [2022-09-20T16:20:28.129+0000] {dag.py:2573} INFO - Sync 3 DAGs
[2022-09-20T16:20:28.168+0000] {logging_mixin.py:117} INFO - [2022-09-20T16:20:28.168+0000] {dag.py:3328} INFO - Setting next_dagrun for example_branch_datetime_operator to 2022-09-19T00:00:00+00:00, run_after=2022-09-20T00:00:00+00:00
[2022-09-20T16:20:28.175+0000] {logging_mixin.py:117} INFO - [2022-09-20T16:20:28.175+0000] {dag.py:3328} INFO - Setting next_dagrun for example_branch_datetime_operator_2 to 2022-09-19T00:00:00+00:00, run_after=2022-09-20T00:00:00+00:00
[2022-09-20T16:20:28.179+0000] {logging_mixin.py:117} INFO - [2022-09-20T16:20:28.179+0000] {dag.py:3328} INFO - Setting next_dagrun for example_branch_datetime_operator_3 to 2022-09-19T00:00:00+00:00, run_after=2022-09-20T00:00:00+00:00
[2022-09-20T16:20:28.202+0000] {processor.py:178} INFO - Processing /home/airflow/.local/lib/python3.7/site-packages/airflow/example_dags/example_branch_datetime_operator.py took 0.150 seconds
[2022-09-20T16:20:58.774+0000] {processor.py:156} INFO - Started process (PID=338) to work on /home/airflow/.local/lib/python3.7/site-packages/airflow/example_dags/example_branch_datetime_operator.py
[2022-09-20T16:20:58.775+0000] {processor.py:758} INFO - Processing file /home/airflow/.local/lib/python3.7/site-packages/airflow/example_dags/example_branch_datetime_operator.py for tasks to queue
[2022-09-20T16:20:58.775+0000] {logging_mixin.py:117} INFO - [2022-09-20T16:20:58.775+0000] {dagbag.py:525} INFO - Filling up the DagBag from /home/airflow/.local/lib/python3.7/site-packages/airflow/example_dags/example_branch_datetime_operator.py
[2022-09-20T16:20:58.793+0000] {processor.py:768} INFO - DAG(s) dict_keys(['example_branch_datetime_operator', 'example_branch_datetime_operator_3', 'example_branch_datetime_operator_2']) retrieved from /home/airflow/.local/lib/python3.7/site-packages/airflow/example_dags/example_branch_datetime_operator.py
[2022-09-20T16:20:58.837+0000] {logging_mixin.py:117} INFO - [2022-09-20T16:20:58.837+0000] {dag.py:2573} INFO - Sync 3 DAGs
[2022-09-20T16:20:58.866+0000] {logging_mixin.py:117} INFO - [2022-09-20T16:20:58.866+0000] {dag.py:3328} INFO - Setting next_dagrun for example_branch_datetime_operator to 2022-09-19T00:00:00+00:00, run_after=2022-09-20T00:00:00+00:00
[2022-09-20T16:20:58.871+0000] {logging_mixin.py:117} INFO - [2022-09-20T16:20:58.871+0000] {dag.py:3328} INFO - Setting next_dagrun for example_branch_datetime_operator_2 to 2022-09-19T00:00:00+00:00, run_after=2022-09-20T00:00:00+00:00
[2022-09-20T16:20:58.874+0000] {logging_mixin.py:117} INFO - [2022-09-20T16:20:58.874+0000] {dag.py:3328} INFO - Setting next_dagrun for example_branch_datetime_operator_3 to 2022-09-19T00:00:00+00:00, run_after=2022-09-20T00:00:00+00:00
[2022-09-20T16:20:58.894+0000] {processor.py:178} INFO - Processing /home/airflow/.local/lib/python3.7/site-packages/airflow/example_dags/example_branch_datetime_operator.py took 0.123 seconds
[2022-09-20T16:21:29.108+0000] {processor.py:156} INFO - Started process (PID=400) to work on /home/airflow/.local/lib/python3.7/site-packages/airflow/example_dags/example_branch_datetime_operator.py
[2022-09-20T16:21:29.108+0000] {processor.py:758} INFO - Processing file /home/airflow/.local/lib/python3.7/site-packages/airflow/example_dags/example_branch_datetime_operator.py for tasks to queue
[2022-09-20T16:21:29.109+0000] {logging_mixin.py:117} INFO - [2022-09-20T16:21:29.109+0000] {dagbag.py:525} INFO - Filling up the DagBag from /home/airflow/.local/lib/python3.7/site-packages/airflow/example_dags/example_branch_datetime_operator.py
[2022-09-20T16:21:29.133+0000] {processor.py:768} INFO - DAG(s) dict_keys(['example_branch_datetime_operator', 'example_branch_datetime_operator_3', 'example_branch_datetime_operator_2']) retrieved from /home/airflow/.local/lib/python3.7/site-packages/airflow/example_dags/example_branch_datetime_operator.py
[2022-09-20T16:21:29.183+0000] {logging_mixin.py:117} INFO - [2022-09-20T16:21:29.183+0000] {dag.py:2573} INFO - Sync 3 DAGs
[2022-09-20T16:21:29.214+0000] {logging_mixin.py:117} INFO - [2022-09-20T16:21:29.214+0000] {dag.py:3328} INFO - Setting next_dagrun for example_branch_datetime_operator to 2022-09-19T00:00:00+00:00, run_after=2022-09-20T00:00:00+00:00
[2022-09-20T16:21:29.219+0000] {logging_mixin.py:117} INFO - [2022-09-20T16:21:29.219+0000] {dag.py:3328} INFO - Setting next_dagrun for example_branch_datetime_operator_2 to 2022-09-19T00:00:00+00:00, run_after=2022-09-20T00:00:00+00:00
[2022-09-20T16:21:29.222+0000] {logging_mixin.py:117} INFO - [2022-09-20T16:21:29.222+0000] {dag.py:3328} INFO - Setting next_dagrun for example_branch_datetime_operator_3 to 2022-09-19T00:00:00+00:00, run_after=2022-09-20T00:00:00+00:00
[2022-09-20T16:21:29.245+0000] {processor.py:178} INFO - Processing /home/airflow/.local/lib/python3.7/site-packages/airflow/example_dags/example_branch_datetime_operator.py took 0.140 seconds
[2022-09-20T16:21:59.958+0000] {processor.py:156} INFO - Started process (PID=453) to work on /home/airflow/.local/lib/python3.7/site-packages/airflow/example_dags/example_branch_datetime_operator.py
[2022-09-20T16:21:59.958+0000] {processor.py:758} INFO - Processing file /home/airflow/.local/lib/python3.7/site-packages/airflow/example_dags/example_branch_datetime_operator.py for tasks to queue
[2022-09-20T16:21:59.959+0000] {logging_mixin.py:117} INFO - [2022-09-20T16:21:59.958+0000] {dagbag.py:525} INFO - Filling up the DagBag from /home/airflow/.local/lib/python3.7/site-packages/airflow/example_dags/example_branch_datetime_operator.py
[2022-09-20T16:21:59.974+0000] {processor.py:768} INFO - DAG(s) dict_keys(['example_branch_datetime_operator_2', 'example_branch_datetime_operator_3', 'example_branch_datetime_operator']) retrieved from /home/airflow/.local/lib/python3.7/site-packages/airflow/example_dags/example_branch_datetime_operator.py
[2022-09-20T16:22:00.012+0000] {logging_mixin.py:117} INFO - [2022-09-20T16:22:00.012+0000] {dag.py:2573} INFO - Sync 3 DAGs
[2022-09-20T16:22:00.039+0000] {logging_mixin.py:117} INFO - [2022-09-20T16:22:00.039+0000] {dag.py:3328} INFO - Setting next_dagrun for example_branch_datetime_operator to 2022-09-19T00:00:00+00:00, run_after=2022-09-20T00:00:00+00:00
[2022-09-20T16:22:00.044+0000] {logging_mixin.py:117} INFO - [2022-09-20T16:22:00.044+0000] {dag.py:3328} INFO - Setting next_dagrun for example_branch_datetime_operator_2 to 2022-09-19T00:00:00+00:00, run_after=2022-09-20T00:00:00+00:00
[2022-09-20T16:22:00.047+0000] {logging_mixin.py:117} INFO - [2022-09-20T16:22:00.047+0000] {dag.py:3328} INFO - Setting next_dagrun for example_branch_datetime_operator_3 to 2022-09-19T00:00:00+00:00, run_after=2022-09-20T00:00:00+00:00
[2022-09-20T16:22:00.067+0000] {processor.py:178} INFO - Processing /home/airflow/.local/lib/python3.7/site-packages/airflow/example_dags/example_branch_datetime_operator.py took 0.112 seconds
[2022-09-20T16:22:30.396+0000] {processor.py:156} INFO - Started process (PID=516) to work on /home/airflow/.local/lib/python3.7/site-packages/airflow/example_dags/example_branch_datetime_operator.py
[2022-09-20T16:22:30.396+0000] {processor.py:758} INFO - Processing file /home/airflow/.local/lib/python3.7/site-packages/airflow/example_dags/example_branch_datetime_operator.py for tasks to queue
[2022-09-20T16:22:30.397+0000] {logging_mixin.py:117} INFO - [2022-09-20T16:22:30.397+0000] {dagbag.py:525} INFO - Filling up the DagBag from /home/airflow/.local/lib/python3.7/site-packages/airflow/example_dags/example_branch_datetime_operator.py
[2022-09-20T16:22:30.415+0000] {processor.py:768} INFO - DAG(s) dict_keys(['example_branch_datetime_operator', 'example_branch_datetime_operator_3', 'example_branch_datetime_operator_2']) retrieved from /home/airflow/.local/lib/python3.7/site-packages/airflow/example_dags/example_branch_datetime_operator.py
[2022-09-20T16:22:30.453+0000] {logging_mixin.py:117} INFO - [2022-09-20T16:22:30.453+0000] {dag.py:2573} INFO - Sync 3 DAGs
[2022-09-20T16:22:30.478+0000] {logging_mixin.py:117} INFO - [2022-09-20T16:22:30.477+0000] {dag.py:3328} INFO - Setting next_dagrun for example_branch_datetime_operator to 2022-09-19T00:00:00+00:00, run_after=2022-09-20T00:00:00+00:00
[2022-09-20T16:22:30.482+0000] {logging_mixin.py:117} INFO - [2022-09-20T16:22:30.482+0000] {dag.py:3328} INFO - Setting next_dagrun for example_branch_datetime_operator_2 to 2022-09-19T00:00:00+00:00, run_after=2022-09-20T00:00:00+00:00
[2022-09-20T16:22:30.485+0000] {logging_mixin.py:117} INFO - [2022-09-20T16:22:30.485+0000] {dag.py:3328} INFO - Setting next_dagrun for example_branch_datetime_operator_3 to 2022-09-19T00:00:00+00:00, run_after=2022-09-20T00:00:00+00:00
[2022-09-20T16:22:30.502+0000] {processor.py:178} INFO - Processing /home/airflow/.local/lib/python3.7/site-packages/airflow/example_dags/example_branch_datetime_operator.py took 0.110 seconds
[2022-09-20T16:23:00.723+0000] {processor.py:156} INFO - Started process (PID=578) to work on /home/airflow/.local/lib/python3.7/site-packages/airflow/example_dags/example_branch_datetime_operator.py
[2022-09-20T16:23:00.724+0000] {processor.py:758} INFO - Processing file /home/airflow/.local/lib/python3.7/site-packages/airflow/example_dags/example_branch_datetime_operator.py for tasks to queue
[2022-09-20T16:23:00.724+0000] {logging_mixin.py:117} INFO - [2022-09-20T16:23:00.724+0000] {dagbag.py:525} INFO - Filling up the DagBag from /home/airflow/.local/lib/python3.7/site-packages/airflow/example_dags/example_branch_datetime_operator.py
[2022-09-20T16:23:00.744+0000] {processor.py:768} INFO - DAG(s) dict_keys(['example_branch_datetime_operator_2', 'example_branch_datetime_operator', 'example_branch_datetime_operator_3']) retrieved from /home/airflow/.local/lib/python3.7/site-packages/airflow/example_dags/example_branch_datetime_operator.py
[2022-09-20T16:23:00.795+0000] {logging_mixin.py:117} INFO - [2022-09-20T16:23:00.795+0000] {dag.py:2573} INFO - Sync 3 DAGs
[2022-09-20T16:23:00.826+0000] {logging_mixin.py:117} INFO - [2022-09-20T16:23:00.826+0000] {dag.py:3328} INFO - Setting next_dagrun for example_branch_datetime_operator to 2022-09-19T00:00:00+00:00, run_after=2022-09-20T00:00:00+00:00
[2022-09-20T16:23:00.831+0000] {logging_mixin.py:117} INFO - [2022-09-20T16:23:00.831+0000] {dag.py:3328} INFO - Setting next_dagrun for example_branch_datetime_operator_2 to 2022-09-19T00:00:00+00:00, run_after=2022-09-20T00:00:00+00:00
[2022-09-20T16:23:00.835+0000] {logging_mixin.py:117} INFO - [2022-09-20T16:23:00.834+0000] {dag.py:3328} INFO - Setting next_dagrun for example_branch_datetime_operator_3 to 2022-09-19T00:00:00+00:00, run_after=2022-09-20T00:00:00+00:00
[2022-09-20T16:23:00.854+0000] {processor.py:178} INFO - Processing /home/airflow/.local/lib/python3.7/site-packages/airflow/example_dags/example_branch_datetime_operator.py took 0.133 seconds
[2022-09-20T16:23:31.301+0000] {processor.py:156} INFO - Started process (PID=631) to work on /home/airflow/.local/lib/python3.7/site-packages/airflow/example_dags/example_branch_datetime_operator.py
[2022-09-20T16:23:31.301+0000] {processor.py:758} INFO - Processing file /home/airflow/.local/lib/python3.7/site-packages/airflow/example_dags/example_branch_datetime_operator.py for tasks to queue
[2022-09-20T16:23:31.302+0000] {logging_mixin.py:117} INFO - [2022-09-20T16:23:31.302+0000] {dagbag.py:525} INFO - Filling up the DagBag from /home/airflow/.local/lib/python3.7/site-packages/airflow/example_dags/example_branch_datetime_operator.py
[2022-09-20T16:23:31.318+0000] {processor.py:768} INFO - DAG(s) dict_keys(['example_branch_datetime_operator', 'example_branch_datetime_operator_2', 'example_branch_datetime_operator_3']) retrieved from /home/airflow/.local/lib/python3.7/site-packages/airflow/example_dags/example_branch_datetime_operator.py
[2022-09-20T16:23:31.366+0000] {logging_mixin.py:117} INFO - [2022-09-20T16:23:31.366+0000] {dag.py:2573} INFO - Sync 3 DAGs
[2022-09-20T16:23:31.403+0000] {logging_mixin.py:117} INFO - [2022-09-20T16:23:31.402+0000] {dag.py:3328} INFO - Setting next_dagrun for example_branch_datetime_operator to 2022-09-19T00:00:00+00:00, run_after=2022-09-20T00:00:00+00:00
[2022-09-20T16:23:31.410+0000] {logging_mixin.py:117} INFO - [2022-09-20T16:23:31.410+0000] {dag.py:3328} INFO - Setting next_dagrun for example_branch_datetime_operator_2 to 2022-09-19T00:00:00+00:00, run_after=2022-09-20T00:00:00+00:00
[2022-09-20T16:23:31.414+0000] {logging_mixin.py:117} INFO - [2022-09-20T16:23:31.414+0000] {dag.py:3328} INFO - Setting next_dagrun for example_branch_datetime_operator_3 to 2022-09-19T00:00:00+00:00, run_after=2022-09-20T00:00:00+00:00
[2022-09-20T16:23:31.435+0000] {processor.py:178} INFO - Processing /home/airflow/.local/lib/python3.7/site-packages/airflow/example_dags/example_branch_datetime_operator.py took 0.137 seconds
[2022-09-20T16:24:01.810+0000] {processor.py:156} INFO - Started process (PID=693) to work on /home/airflow/.local/lib/python3.7/site-packages/airflow/example_dags/example_branch_datetime_operator.py
[2022-09-20T16:24:01.811+0000] {processor.py:758} INFO - Processing file /home/airflow/.local/lib/python3.7/site-packages/airflow/example_dags/example_branch_datetime_operator.py for tasks to queue
[2022-09-20T16:24:01.812+0000] {logging_mixin.py:117} INFO - [2022-09-20T16:24:01.812+0000] {dagbag.py:525} INFO - Filling up the DagBag from /home/airflow/.local/lib/python3.7/site-packages/airflow/example_dags/example_branch_datetime_operator.py
[2022-09-20T16:24:01.827+0000] {processor.py:768} INFO - DAG(s) dict_keys(['example_branch_datetime_operator_2', 'example_branch_datetime_operator', 'example_branch_datetime_operator_3']) retrieved from /home/airflow/.local/lib/python3.7/site-packages/airflow/example_dags/example_branch_datetime_operator.py
[2022-09-20T16:24:01.862+0000] {logging_mixin.py:117} INFO - [2022-09-20T16:24:01.862+0000] {dag.py:2573} INFO - Sync 3 DAGs
[2022-09-20T16:24:01.885+0000] {logging_mixin.py:117} INFO - [2022-09-20T16:24:01.884+0000] {dag.py:3328} INFO - Setting next_dagrun for example_branch_datetime_operator to 2022-09-19T00:00:00+00:00, run_after=2022-09-20T00:00:00+00:00
[2022-09-20T16:24:01.889+0000] {logging_mixin.py:117} INFO - [2022-09-20T16:24:01.889+0000] {dag.py:3328} INFO - Setting next_dagrun for example_branch_datetime_operator_2 to 2022-09-19T00:00:00+00:00, run_after=2022-09-20T00:00:00+00:00
[2022-09-20T16:24:01.891+0000] {logging_mixin.py:117} INFO - [2022-09-20T16:24:01.891+0000] {dag.py:3328} INFO - Setting next_dagrun for example_branch_datetime_operator_3 to 2022-09-19T00:00:00+00:00, run_after=2022-09-20T00:00:00+00:00
[2022-09-20T16:24:01.907+0000] {processor.py:178} INFO - Processing /home/airflow/.local/lib/python3.7/site-packages/airflow/example_dags/example_branch_datetime_operator.py took 0.098 seconds
[2022-09-20T16:24:32.350+0000] {processor.py:156} INFO - Started process (PID=746) to work on /home/airflow/.local/lib/python3.7/site-packages/airflow/example_dags/example_branch_datetime_operator.py
[2022-09-20T16:24:32.351+0000] {processor.py:758} INFO - Processing file /home/airflow/.local/lib/python3.7/site-packages/airflow/example_dags/example_branch_datetime_operator.py for tasks to queue
[2022-09-20T16:24:32.351+0000] {logging_mixin.py:117} INFO - [2022-09-20T16:24:32.351+0000] {dagbag.py:525} INFO - Filling up the DagBag from /home/airflow/.local/lib/python3.7/site-packages/airflow/example_dags/example_branch_datetime_operator.py
[2022-09-20T16:24:32.369+0000] {processor.py:768} INFO - DAG(s) dict_keys(['example_branch_datetime_operator_3', 'example_branch_datetime_operator', 'example_branch_datetime_operator_2']) retrieved from /home/airflow/.local/lib/python3.7/site-packages/airflow/example_dags/example_branch_datetime_operator.py
[2022-09-20T16:24:32.411+0000] {logging_mixin.py:117} INFO - [2022-09-20T16:24:32.411+0000] {dag.py:2573} INFO - Sync 3 DAGs
[2022-09-20T16:24:32.439+0000] {logging_mixin.py:117} INFO - [2022-09-20T16:24:32.438+0000] {dag.py:3328} INFO - Setting next_dagrun for example_branch_datetime_operator to 2022-09-19T00:00:00+00:00, run_after=2022-09-20T00:00:00+00:00
[2022-09-20T16:24:32.447+0000] {logging_mixin.py:117} INFO - [2022-09-20T16:24:32.446+0000] {dag.py:3328} INFO - Setting next_dagrun for example_branch_datetime_operator_2 to 2022-09-19T00:00:00+00:00, run_after=2022-09-20T00:00:00+00:00
[2022-09-20T16:24:32.450+0000] {logging_mixin.py:117} INFO - [2022-09-20T16:24:32.450+0000] {dag.py:3328} INFO - Setting next_dagrun for example_branch_datetime_operator_3 to 2022-09-19T00:00:00+00:00, run_after=2022-09-20T00:00:00+00:00
[2022-09-20T16:24:32.471+0000] {processor.py:178} INFO - Processing /home/airflow/.local/lib/python3.7/site-packages/airflow/example_dags/example_branch_datetime_operator.py took 0.123 seconds
[2022-09-20T16:25:02.842+0000] {processor.py:156} INFO - Started process (PID=809) to work on /home/airflow/.local/lib/python3.7/site-packages/airflow/example_dags/example_branch_datetime_operator.py
[2022-09-20T16:25:02.842+0000] {processor.py:758} INFO - Processing file /home/airflow/.local/lib/python3.7/site-packages/airflow/example_dags/example_branch_datetime_operator.py for tasks to queue
[2022-09-20T16:25:02.843+0000] {logging_mixin.py:117} INFO - [2022-09-20T16:25:02.843+0000] {dagbag.py:525} INFO - Filling up the DagBag from /home/airflow/.local/lib/python3.7/site-packages/airflow/example_dags/example_branch_datetime_operator.py
[2022-09-20T16:25:02.858+0000] {processor.py:768} INFO - DAG(s) dict_keys(['example_branch_datetime_operator_3', 'example_branch_datetime_operator_2', 'example_branch_datetime_operator']) retrieved from /home/airflow/.local/lib/python3.7/site-packages/airflow/example_dags/example_branch_datetime_operator.py
[2022-09-20T16:25:02.899+0000] {logging_mixin.py:117} INFO - [2022-09-20T16:25:02.899+0000] {dag.py:2573} INFO - Sync 3 DAGs
[2022-09-20T16:25:02.922+0000] {logging_mixin.py:117} INFO - [2022-09-20T16:25:02.922+0000] {dag.py:3328} INFO - Setting next_dagrun for example_branch_datetime_operator to 2022-09-19T00:00:00+00:00, run_after=2022-09-20T00:00:00+00:00
[2022-09-20T16:25:02.927+0000] {logging_mixin.py:117} INFO - [2022-09-20T16:25:02.927+0000] {dag.py:3328} INFO - Setting next_dagrun for example_branch_datetime_operator_2 to 2022-09-19T00:00:00+00:00, run_after=2022-09-20T00:00:00+00:00
[2022-09-20T16:25:02.930+0000] {logging_mixin.py:117} INFO - [2022-09-20T16:25:02.929+0000] {dag.py:3328} INFO - Setting next_dagrun for example_branch_datetime_operator_3 to 2022-09-19T00:00:00+00:00, run_after=2022-09-20T00:00:00+00:00
[2022-09-20T16:25:02.950+0000] {processor.py:178} INFO - Processing /home/airflow/.local/lib/python3.7/site-packages/airflow/example_dags/example_branch_datetime_operator.py took 0.111 seconds
[2022-09-20T16:25:33.295+0000] {processor.py:156} INFO - Started process (PID=872) to work on /home/airflow/.local/lib/python3.7/site-packages/airflow/example_dags/example_branch_datetime_operator.py
[2022-09-20T16:25:33.295+0000] {processor.py:758} INFO - Processing file /home/airflow/.local/lib/python3.7/site-packages/airflow/example_dags/example_branch_datetime_operator.py for tasks to queue
[2022-09-20T16:25:33.296+0000] {logging_mixin.py:117} INFO - [2022-09-20T16:25:33.296+0000] {dagbag.py:525} INFO - Filling up the DagBag from /home/airflow/.local/lib/python3.7/site-packages/airflow/example_dags/example_branch_datetime_operator.py
[2022-09-20T16:25:33.312+0000] {processor.py:768} INFO - DAG(s) dict_keys(['example_branch_datetime_operator_2', 'example_branch_datetime_operator_3', 'example_branch_datetime_operator']) retrieved from /home/airflow/.local/lib/python3.7/site-packages/airflow/example_dags/example_branch_datetime_operator.py
[2022-09-20T16:25:33.357+0000] {logging_mixin.py:117} INFO - [2022-09-20T16:25:33.357+0000] {dag.py:2573} INFO - Sync 3 DAGs
[2022-09-20T16:25:33.384+0000] {logging_mixin.py:117} INFO - [2022-09-20T16:25:33.384+0000] {dag.py:3328} INFO - Setting next_dagrun for example_branch_datetime_operator to 2022-09-19T00:00:00+00:00, run_after=2022-09-20T00:00:00+00:00
[2022-09-20T16:25:33.390+0000] {logging_mixin.py:117} INFO - [2022-09-20T16:25:33.390+0000] {dag.py:3328} INFO - Setting next_dagrun for example_branch_datetime_operator_2 to 2022-09-19T00:00:00+00:00, run_after=2022-09-20T00:00:00+00:00
[2022-09-20T16:25:33.393+0000] {logging_mixin.py:117} INFO - [2022-09-20T16:25:33.393+0000] {dag.py:3328} INFO - Setting next_dagrun for example_branch_datetime_operator_3 to 2022-09-19T00:00:00+00:00, run_after=2022-09-20T00:00:00+00:00
[2022-09-20T16:25:33.415+0000] {processor.py:178} INFO - Processing /home/airflow/.local/lib/python3.7/site-packages/airflow/example_dags/example_branch_datetime_operator.py took 0.122 seconds
[2022-09-20T16:26:03.626+0000] {processor.py:156} INFO - Started process (PID=925) to work on /home/airflow/.local/lib/python3.7/site-packages/airflow/example_dags/example_branch_datetime_operator.py
[2022-09-20T16:26:03.627+0000] {processor.py:758} INFO - Processing file /home/airflow/.local/lib/python3.7/site-packages/airflow/example_dags/example_branch_datetime_operator.py for tasks to queue
[2022-09-20T16:26:03.627+0000] {logging_mixin.py:117} INFO - [2022-09-20T16:26:03.627+0000] {dagbag.py:525} INFO - Filling up the DagBag from /home/airflow/.local/lib/python3.7/site-packages/airflow/example_dags/example_branch_datetime_operator.py
[2022-09-20T16:26:03.643+0000] {processor.py:768} INFO - DAG(s) dict_keys(['example_branch_datetime_operator_2', 'example_branch_datetime_operator', 'example_branch_datetime_operator_3']) retrieved from /home/airflow/.local/lib/python3.7/site-packages/airflow/example_dags/example_branch_datetime_operator.py
[2022-09-20T16:26:03.682+0000] {logging_mixin.py:117} INFO - [2022-09-20T16:26:03.682+0000] {dag.py:2573} INFO - Sync 3 DAGs
[2022-09-20T16:26:03.709+0000] {logging_mixin.py:117} INFO - [2022-09-20T16:26:03.709+0000] {dag.py:3328} INFO - Setting next_dagrun for example_branch_datetime_operator to 2022-09-19T00:00:00+00:00, run_after=2022-09-20T00:00:00+00:00
[2022-09-20T16:26:03.716+0000] {logging_mixin.py:117} INFO - [2022-09-20T16:26:03.716+0000] {dag.py:3328} INFO - Setting next_dagrun for example_branch_datetime_operator_2 to 2022-09-19T00:00:00+00:00, run_after=2022-09-20T00:00:00+00:00
[2022-09-20T16:26:03.719+0000] {logging_mixin.py:117} INFO - [2022-09-20T16:26:03.719+0000] {dag.py:3328} INFO - Setting next_dagrun for example_branch_datetime_operator_3 to 2022-09-19T00:00:00+00:00, run_after=2022-09-20T00:00:00+00:00
[2022-09-20T16:26:03.739+0000] {processor.py:178} INFO - Processing /home/airflow/.local/lib/python3.7/site-packages/airflow/example_dags/example_branch_datetime_operator.py took 0.115 seconds
[2022-09-20T16:26:34.096+0000] {processor.py:156} INFO - Started process (PID=987) to work on /home/airflow/.local/lib/python3.7/site-packages/airflow/example_dags/example_branch_datetime_operator.py
[2022-09-20T16:26:34.097+0000] {processor.py:758} INFO - Processing file /home/airflow/.local/lib/python3.7/site-packages/airflow/example_dags/example_branch_datetime_operator.py for tasks to queue
[2022-09-20T16:26:34.097+0000] {logging_mixin.py:117} INFO - [2022-09-20T16:26:34.097+0000] {dagbag.py:525} INFO - Filling up the DagBag from /home/airflow/.local/lib/python3.7/site-packages/airflow/example_dags/example_branch_datetime_operator.py
[2022-09-20T16:26:34.113+0000] {processor.py:768} INFO - DAG(s) dict_keys(['example_branch_datetime_operator_3', 'example_branch_datetime_operator', 'example_branch_datetime_operator_2']) retrieved from /home/airflow/.local/lib/python3.7/site-packages/airflow/example_dags/example_branch_datetime_operator.py
[2022-09-20T16:26:34.151+0000] {logging_mixin.py:117} INFO - [2022-09-20T16:26:34.151+0000] {dag.py:2573} INFO - Sync 3 DAGs
[2022-09-20T16:26:34.177+0000] {logging_mixin.py:117} INFO - [2022-09-20T16:26:34.177+0000] {dag.py:3328} INFO - Setting next_dagrun for example_branch_datetime_operator to 2022-09-19T00:00:00+00:00, run_after=2022-09-20T00:00:00+00:00
[2022-09-20T16:26:34.182+0000] {logging_mixin.py:117} INFO - [2022-09-20T16:26:34.182+0000] {dag.py:3328} INFO - Setting next_dagrun for example_branch_datetime_operator_2 to 2022-09-19T00:00:00+00:00, run_after=2022-09-20T00:00:00+00:00
[2022-09-20T16:26:34.185+0000] {logging_mixin.py:117} INFO - [2022-09-20T16:26:34.185+0000] {dag.py:3328} INFO - Setting next_dagrun for example_branch_datetime_operator_3 to 2022-09-19T00:00:00+00:00, run_after=2022-09-20T00:00:00+00:00
[2022-09-20T16:26:34.208+0000] {processor.py:178} INFO - Processing /home/airflow/.local/lib/python3.7/site-packages/airflow/example_dags/example_branch_datetime_operator.py took 0.114 seconds
[2022-09-20T16:27:04.482+0000] {processor.py:156} INFO - Started process (PID=1041) to work on /home/airflow/.local/lib/python3.7/site-packages/airflow/example_dags/example_branch_datetime_operator.py
[2022-09-20T16:27:04.483+0000] {processor.py:758} INFO - Processing file /home/airflow/.local/lib/python3.7/site-packages/airflow/example_dags/example_branch_datetime_operator.py for tasks to queue
[2022-09-20T16:27:04.483+0000] {logging_mixin.py:117} INFO - [2022-09-20T16:27:04.483+0000] {dagbag.py:525} INFO - Filling up the DagBag from /home/airflow/.local/lib/python3.7/site-packages/airflow/example_dags/example_branch_datetime_operator.py
[2022-09-20T16:27:04.499+0000] {processor.py:768} INFO - DAG(s) dict_keys(['example_branch_datetime_operator_2', 'example_branch_datetime_operator_3', 'example_branch_datetime_operator']) retrieved from /home/airflow/.local/lib/python3.7/site-packages/airflow/example_dags/example_branch_datetime_operator.py
[2022-09-20T16:27:04.542+0000] {logging_mixin.py:117} INFO - [2022-09-20T16:27:04.542+0000] {dag.py:2573} INFO - Sync 3 DAGs
[2022-09-20T16:27:04.576+0000] {logging_mixin.py:117} INFO - [2022-09-20T16:27:04.576+0000] {dag.py:3328} INFO - Setting next_dagrun for example_branch_datetime_operator to 2022-09-19T00:00:00+00:00, run_after=2022-09-20T00:00:00+00:00
[2022-09-20T16:27:04.581+0000] {logging_mixin.py:117} INFO - [2022-09-20T16:27:04.581+0000] {dag.py:3328} INFO - Setting next_dagrun for example_branch_datetime_operator_2 to 2022-09-19T00:00:00+00:00, run_after=2022-09-20T00:00:00+00:00
[2022-09-20T16:27:04.584+0000] {logging_mixin.py:117} INFO - [2022-09-20T16:27:04.584+0000] {dag.py:3328} INFO - Setting next_dagrun for example_branch_datetime_operator_3 to 2022-09-19T00:00:00+00:00, run_after=2022-09-20T00:00:00+00:00
[2022-09-20T16:27:04.602+0000] {processor.py:178} INFO - Processing /home/airflow/.local/lib/python3.7/site-packages/airflow/example_dags/example_branch_datetime_operator.py took 0.122 seconds
[2022-09-20T16:27:34.786+0000] {processor.py:156} INFO - Started process (PID=1104) to work on /home/airflow/.local/lib/python3.7/site-packages/airflow/example_dags/example_branch_datetime_operator.py
[2022-09-20T16:27:34.790+0000] {processor.py:758} INFO - Processing file /home/airflow/.local/lib/python3.7/site-packages/airflow/example_dags/example_branch_datetime_operator.py for tasks to queue
[2022-09-20T16:27:34.791+0000] {logging_mixin.py:117} INFO - [2022-09-20T16:27:34.791+0000] {dagbag.py:525} INFO - Filling up the DagBag from /home/airflow/.local/lib/python3.7/site-packages/airflow/example_dags/example_branch_datetime_operator.py
[2022-09-20T16:27:34.806+0000] {processor.py:768} INFO - DAG(s) dict_keys(['example_branch_datetime_operator_2', 'example_branch_datetime_operator_3', 'example_branch_datetime_operator']) retrieved from /home/airflow/.local/lib/python3.7/site-packages/airflow/example_dags/example_branch_datetime_operator.py
[2022-09-20T16:27:34.846+0000] {logging_mixin.py:117} INFO - [2022-09-20T16:27:34.846+0000] {dag.py:2573} INFO - Sync 3 DAGs
[2022-09-20T16:27:34.871+0000] {logging_mixin.py:117} INFO - [2022-09-20T16:27:34.871+0000] {dag.py:3328} INFO - Setting next_dagrun for example_branch_datetime_operator to 2022-09-19T00:00:00+00:00, run_after=2022-09-20T00:00:00+00:00
[2022-09-20T16:27:34.876+0000] {logging_mixin.py:117} INFO - [2022-09-20T16:27:34.876+0000] {dag.py:3328} INFO - Setting next_dagrun for example_branch_datetime_operator_2 to 2022-09-19T00:00:00+00:00, run_after=2022-09-20T00:00:00+00:00
[2022-09-20T16:27:34.879+0000] {logging_mixin.py:117} INFO - [2022-09-20T16:27:34.879+0000] {dag.py:3328} INFO - Setting next_dagrun for example_branch_datetime_operator_3 to 2022-09-19T00:00:00+00:00, run_after=2022-09-20T00:00:00+00:00
[2022-09-20T16:27:34.898+0000] {processor.py:178} INFO - Processing /home/airflow/.local/lib/python3.7/site-packages/airflow/example_dags/example_branch_datetime_operator.py took 0.113 seconds
[2022-09-20T16:28:05.180+0000] {processor.py:156} INFO - Started process (PID=1167) to work on /home/airflow/.local/lib/python3.7/site-packages/airflow/example_dags/example_branch_datetime_operator.py
[2022-09-20T16:28:05.181+0000] {processor.py:758} INFO - Processing file /home/airflow/.local/lib/python3.7/site-packages/airflow/example_dags/example_branch_datetime_operator.py for tasks to queue
[2022-09-20T16:28:05.181+0000] {logging_mixin.py:117} INFO - [2022-09-20T16:28:05.181+0000] {dagbag.py:525} INFO - Filling up the DagBag from /home/airflow/.local/lib/python3.7/site-packages/airflow/example_dags/example_branch_datetime_operator.py
[2022-09-20T16:28:05.197+0000] {processor.py:768} INFO - DAG(s) dict_keys(['example_branch_datetime_operator_2', 'example_branch_datetime_operator_3', 'example_branch_datetime_operator']) retrieved from /home/airflow/.local/lib/python3.7/site-packages/airflow/example_dags/example_branch_datetime_operator.py
[2022-09-20T16:28:05.235+0000] {logging_mixin.py:117} INFO - [2022-09-20T16:28:05.235+0000] {dag.py:2573} INFO - Sync 3 DAGs
[2022-09-20T16:28:05.259+0000] {logging_mixin.py:117} INFO - [2022-09-20T16:28:05.259+0000] {dag.py:3328} INFO - Setting next_dagrun for example_branch_datetime_operator to 2022-09-19T00:00:00+00:00, run_after=2022-09-20T00:00:00+00:00
[2022-09-20T16:28:05.264+0000] {logging_mixin.py:117} INFO - [2022-09-20T16:28:05.264+0000] {dag.py:3328} INFO - Setting next_dagrun for example_branch_datetime_operator_2 to 2022-09-19T00:00:00+00:00, run_after=2022-09-20T00:00:00+00:00
[2022-09-20T16:28:05.266+0000] {logging_mixin.py:117} INFO - [2022-09-20T16:28:05.266+0000] {dag.py:3328} INFO - Setting next_dagrun for example_branch_datetime_operator_3 to 2022-09-19T00:00:00+00:00, run_after=2022-09-20T00:00:00+00:00
[2022-09-20T16:28:05.287+0000] {processor.py:178} INFO - Processing /home/airflow/.local/lib/python3.7/site-packages/airflow/example_dags/example_branch_datetime_operator.py took 0.109 seconds
[2022-09-20T16:28:35.504+0000] {processor.py:156} INFO - Started process (PID=1222) to work on /home/airflow/.local/lib/python3.7/site-packages/airflow/example_dags/example_branch_datetime_operator.py
[2022-09-20T16:28:35.504+0000] {processor.py:758} INFO - Processing file /home/airflow/.local/lib/python3.7/site-packages/airflow/example_dags/example_branch_datetime_operator.py for tasks to queue
[2022-09-20T16:28:35.505+0000] {logging_mixin.py:117} INFO - [2022-09-20T16:28:35.505+0000] {dagbag.py:525} INFO - Filling up the DagBag from /home/airflow/.local/lib/python3.7/site-packages/airflow/example_dags/example_branch_datetime_operator.py
[2022-09-20T16:28:35.522+0000] {processor.py:768} INFO - DAG(s) dict_keys(['example_branch_datetime_operator_2', 'example_branch_datetime_operator_3', 'example_branch_datetime_operator']) retrieved from /home/airflow/.local/lib/python3.7/site-packages/airflow/example_dags/example_branch_datetime_operator.py
[2022-09-20T16:28:35.562+0000] {logging_mixin.py:117} INFO - [2022-09-20T16:28:35.562+0000] {dag.py:2573} INFO - Sync 3 DAGs
[2022-09-20T16:28:35.596+0000] {logging_mixin.py:117} INFO - [2022-09-20T16:28:35.596+0000] {dag.py:3328} INFO - Setting next_dagrun for example_branch_datetime_operator to 2022-09-19T00:00:00+00:00, run_after=2022-09-20T00:00:00+00:00
[2022-09-20T16:28:35.601+0000] {logging_mixin.py:117} INFO - [2022-09-20T16:28:35.601+0000] {dag.py:3328} INFO - Setting next_dagrun for example_branch_datetime_operator_2 to 2022-09-19T00:00:00+00:00, run_after=2022-09-20T00:00:00+00:00
[2022-09-20T16:28:35.604+0000] {logging_mixin.py:117} INFO - [2022-09-20T16:28:35.604+0000] {dag.py:3328} INFO - Setting next_dagrun for example_branch_datetime_operator_3 to 2022-09-19T00:00:00+00:00, run_after=2022-09-20T00:00:00+00:00
[2022-09-20T16:28:35.623+0000] {processor.py:178} INFO - Processing /home/airflow/.local/lib/python3.7/site-packages/airflow/example_dags/example_branch_datetime_operator.py took 0.122 seconds
[2022-09-20T16:29:05.987+0000] {processor.py:156} INFO - Started process (PID=1284) to work on /home/airflow/.local/lib/python3.7/site-packages/airflow/example_dags/example_branch_datetime_operator.py
[2022-09-20T16:29:05.988+0000] {processor.py:758} INFO - Processing file /home/airflow/.local/lib/python3.7/site-packages/airflow/example_dags/example_branch_datetime_operator.py for tasks to queue
[2022-09-20T16:29:05.988+0000] {logging_mixin.py:117} INFO - [2022-09-20T16:29:05.988+0000] {dagbag.py:525} INFO - Filling up the DagBag from /home/airflow/.local/lib/python3.7/site-packages/airflow/example_dags/example_branch_datetime_operator.py
[2022-09-20T16:29:06.002+0000] {processor.py:768} INFO - DAG(s) dict_keys(['example_branch_datetime_operator', 'example_branch_datetime_operator_3', 'example_branch_datetime_operator_2']) retrieved from /home/airflow/.local/lib/python3.7/site-packages/airflow/example_dags/example_branch_datetime_operator.py
[2022-09-20T16:29:06.041+0000] {logging_mixin.py:117} INFO - [2022-09-20T16:29:06.041+0000] {dag.py:2573} INFO - Sync 3 DAGs
[2022-09-20T16:29:06.065+0000] {logging_mixin.py:117} INFO - [2022-09-20T16:29:06.064+0000] {dag.py:3328} INFO - Setting next_dagrun for example_branch_datetime_operator to 2022-09-19T00:00:00+00:00, run_after=2022-09-20T00:00:00+00:00
[2022-09-20T16:29:06.069+0000] {logging_mixin.py:117} INFO - [2022-09-20T16:29:06.069+0000] {dag.py:3328} INFO - Setting next_dagrun for example_branch_datetime_operator_2 to 2022-09-19T00:00:00+00:00, run_after=2022-09-20T00:00:00+00:00
[2022-09-20T16:29:06.072+0000] {logging_mixin.py:117} INFO - [2022-09-20T16:29:06.072+0000] {dag.py:3328} INFO - Setting next_dagrun for example_branch_datetime_operator_3 to 2022-09-19T00:00:00+00:00, run_after=2022-09-20T00:00:00+00:00
[2022-09-20T16:29:06.092+0000] {processor.py:178} INFO - Processing /home/airflow/.local/lib/python3.7/site-packages/airflow/example_dags/example_branch_datetime_operator.py took 0.107 seconds
[2022-09-20T16:29:36.583+0000] {processor.py:156} INFO - Started process (PID=1345) to work on /home/airflow/.local/lib/python3.7/site-packages/airflow/example_dags/example_branch_datetime_operator.py
[2022-09-20T16:29:36.584+0000] {processor.py:758} INFO - Processing file /home/airflow/.local/lib/python3.7/site-packages/airflow/example_dags/example_branch_datetime_operator.py for tasks to queue
[2022-09-20T16:29:36.584+0000] {logging_mixin.py:117} INFO - [2022-09-20T16:29:36.584+0000] {dagbag.py:525} INFO - Filling up the DagBag from /home/airflow/.local/lib/python3.7/site-packages/airflow/example_dags/example_branch_datetime_operator.py
[2022-09-20T16:29:36.600+0000] {processor.py:768} INFO - DAG(s) dict_keys(['example_branch_datetime_operator_3', 'example_branch_datetime_operator', 'example_branch_datetime_operator_2']) retrieved from /home/airflow/.local/lib/python3.7/site-packages/airflow/example_dags/example_branch_datetime_operator.py
[2022-09-20T16:29:36.637+0000] {logging_mixin.py:117} INFO - [2022-09-20T16:29:36.637+0000] {dag.py:2573} INFO - Sync 3 DAGs
[2022-09-20T16:29:36.659+0000] {logging_mixin.py:117} INFO - [2022-09-20T16:29:36.658+0000] {dag.py:3328} INFO - Setting next_dagrun for example_branch_datetime_operator to 2022-09-19T00:00:00+00:00, run_after=2022-09-20T00:00:00+00:00
[2022-09-20T16:29:36.663+0000] {logging_mixin.py:117} INFO - [2022-09-20T16:29:36.663+0000] {dag.py:3328} INFO - Setting next_dagrun for example_branch_datetime_operator_2 to 2022-09-19T00:00:00+00:00, run_after=2022-09-20T00:00:00+00:00
[2022-09-20T16:29:36.665+0000] {logging_mixin.py:117} INFO - [2022-09-20T16:29:36.665+0000] {dag.py:3328} INFO - Setting next_dagrun for example_branch_datetime_operator_3 to 2022-09-19T00:00:00+00:00, run_after=2022-09-20T00:00:00+00:00
[2022-09-20T16:29:36.681+0000] {processor.py:178} INFO - Processing /home/airflow/.local/lib/python3.7/site-packages/airflow/example_dags/example_branch_datetime_operator.py took 0.101 seconds
[2022-09-20T16:30:07.002+0000] {processor.py:156} INFO - Started process (PID=1399) to work on /home/airflow/.local/lib/python3.7/site-packages/airflow/example_dags/example_branch_datetime_operator.py
[2022-09-20T16:30:07.003+0000] {processor.py:758} INFO - Processing file /home/airflow/.local/lib/python3.7/site-packages/airflow/example_dags/example_branch_datetime_operator.py for tasks to queue
[2022-09-20T16:30:07.003+0000] {logging_mixin.py:117} INFO - [2022-09-20T16:30:07.003+0000] {dagbag.py:525} INFO - Filling up the DagBag from /home/airflow/.local/lib/python3.7/site-packages/airflow/example_dags/example_branch_datetime_operator.py
[2022-09-20T16:30:07.020+0000] {processor.py:768} INFO - DAG(s) dict_keys(['example_branch_datetime_operator', 'example_branch_datetime_operator_3', 'example_branch_datetime_operator_2']) retrieved from /home/airflow/.local/lib/python3.7/site-packages/airflow/example_dags/example_branch_datetime_operator.py
[2022-09-20T16:30:07.065+0000] {logging_mixin.py:117} INFO - [2022-09-20T16:30:07.065+0000] {dag.py:2573} INFO - Sync 3 DAGs
[2022-09-20T16:30:07.092+0000] {logging_mixin.py:117} INFO - [2022-09-20T16:30:07.092+0000] {dag.py:3328} INFO - Setting next_dagrun for example_branch_datetime_operator to 2022-09-19T00:00:00+00:00, run_after=2022-09-20T00:00:00+00:00
[2022-09-20T16:30:07.098+0000] {logging_mixin.py:117} INFO - [2022-09-20T16:30:07.098+0000] {dag.py:3328} INFO - Setting next_dagrun for example_branch_datetime_operator_2 to 2022-09-19T00:00:00+00:00, run_after=2022-09-20T00:00:00+00:00
[2022-09-20T16:30:07.101+0000] {logging_mixin.py:117} INFO - [2022-09-20T16:30:07.101+0000] {dag.py:3328} INFO - Setting next_dagrun for example_branch_datetime_operator_3 to 2022-09-19T00:00:00+00:00, run_after=2022-09-20T00:00:00+00:00
[2022-09-20T16:30:07.122+0000] {processor.py:178} INFO - Processing /home/airflow/.local/lib/python3.7/site-packages/airflow/example_dags/example_branch_datetime_operator.py took 0.121 seconds
[2022-09-20T16:30:37.283+0000] {processor.py:156} INFO - Started process (PID=1462) to work on /home/airflow/.local/lib/python3.7/site-packages/airflow/example_dags/example_branch_datetime_operator.py
[2022-09-20T16:30:37.284+0000] {processor.py:758} INFO - Processing file /home/airflow/.local/lib/python3.7/site-packages/airflow/example_dags/example_branch_datetime_operator.py for tasks to queue
[2022-09-20T16:30:37.285+0000] {logging_mixin.py:117} INFO - [2022-09-20T16:30:37.285+0000] {dagbag.py:525} INFO - Filling up the DagBag from /home/airflow/.local/lib/python3.7/site-packages/airflow/example_dags/example_branch_datetime_operator.py
[2022-09-20T16:30:37.308+0000] {processor.py:768} INFO - DAG(s) dict_keys(['example_branch_datetime_operator_3', 'example_branch_datetime_operator', 'example_branch_datetime_operator_2']) retrieved from /home/airflow/.local/lib/python3.7/site-packages/airflow/example_dags/example_branch_datetime_operator.py
[2022-09-20T16:30:37.363+0000] {logging_mixin.py:117} INFO - [2022-09-20T16:30:37.363+0000] {dag.py:2573} INFO - Sync 3 DAGs
[2022-09-20T16:30:37.392+0000] {logging_mixin.py:117} INFO - [2022-09-20T16:30:37.392+0000] {dag.py:3328} INFO - Setting next_dagrun for example_branch_datetime_operator to 2022-09-19T00:00:00+00:00, run_after=2022-09-20T00:00:00+00:00
[2022-09-20T16:30:37.398+0000] {logging_mixin.py:117} INFO - [2022-09-20T16:30:37.397+0000] {dag.py:3328} INFO - Setting next_dagrun for example_branch_datetime_operator_2 to 2022-09-19T00:00:00+00:00, run_after=2022-09-20T00:00:00+00:00
[2022-09-20T16:30:37.401+0000] {logging_mixin.py:117} INFO - [2022-09-20T16:30:37.401+0000] {dag.py:3328} INFO - Setting next_dagrun for example_branch_datetime_operator_3 to 2022-09-19T00:00:00+00:00, run_after=2022-09-20T00:00:00+00:00
[2022-09-20T16:30:37.419+0000] {processor.py:178} INFO - Processing /home/airflow/.local/lib/python3.7/site-packages/airflow/example_dags/example_branch_datetime_operator.py took 0.139 seconds
[2022-09-20T16:31:08.362+0000] {processor.py:156} INFO - Started process (PID=1516) to work on /home/airflow/.local/lib/python3.7/site-packages/airflow/example_dags/example_branch_datetime_operator.py
[2022-09-20T16:31:08.363+0000] {processor.py:758} INFO - Processing file /home/airflow/.local/lib/python3.7/site-packages/airflow/example_dags/example_branch_datetime_operator.py for tasks to queue
[2022-09-20T16:31:08.363+0000] {logging_mixin.py:117} INFO - [2022-09-20T16:31:08.363+0000] {dagbag.py:525} INFO - Filling up the DagBag from /home/airflow/.local/lib/python3.7/site-packages/airflow/example_dags/example_branch_datetime_operator.py
[2022-09-20T16:31:08.387+0000] {processor.py:768} INFO - DAG(s) dict_keys(['example_branch_datetime_operator_3', 'example_branch_datetime_operator', 'example_branch_datetime_operator_2']) retrieved from /home/airflow/.local/lib/python3.7/site-packages/airflow/example_dags/example_branch_datetime_operator.py
[2022-09-20T16:31:08.486+0000] {logging_mixin.py:117} INFO - [2022-09-20T16:31:08.486+0000] {dag.py:2573} INFO - Sync 3 DAGs
[2022-09-20T16:31:08.521+0000] {logging_mixin.py:117} INFO - [2022-09-20T16:31:08.521+0000] {dag.py:3328} INFO - Setting next_dagrun for example_branch_datetime_operator to 2022-09-19T00:00:00+00:00, run_after=2022-09-20T00:00:00+00:00
[2022-09-20T16:31:08.528+0000] {logging_mixin.py:117} INFO - [2022-09-20T16:31:08.528+0000] {dag.py:3328} INFO - Setting next_dagrun for example_branch_datetime_operator_2 to 2022-09-19T00:00:00+00:00, run_after=2022-09-20T00:00:00+00:00
[2022-09-20T16:31:08.533+0000] {logging_mixin.py:117} INFO - [2022-09-20T16:31:08.532+0000] {dag.py:3328} INFO - Setting next_dagrun for example_branch_datetime_operator_3 to 2022-09-19T00:00:00+00:00, run_after=2022-09-20T00:00:00+00:00
[2022-09-20T16:31:08.556+0000] {processor.py:178} INFO - Processing /home/airflow/.local/lib/python3.7/site-packages/airflow/example_dags/example_branch_datetime_operator.py took 0.197 seconds
[2022-09-20T16:31:38.833+0000] {processor.py:156} INFO - Started process (PID=1579) to work on /home/airflow/.local/lib/python3.7/site-packages/airflow/example_dags/example_branch_datetime_operator.py
[2022-09-20T16:31:38.834+0000] {processor.py:758} INFO - Processing file /home/airflow/.local/lib/python3.7/site-packages/airflow/example_dags/example_branch_datetime_operator.py for tasks to queue
[2022-09-20T16:31:38.835+0000] {logging_mixin.py:117} INFO - [2022-09-20T16:31:38.835+0000] {dagbag.py:525} INFO - Filling up the DagBag from /home/airflow/.local/lib/python3.7/site-packages/airflow/example_dags/example_branch_datetime_operator.py
[2022-09-20T16:31:38.876+0000] {processor.py:768} INFO - DAG(s) dict_keys(['example_branch_datetime_operator_3', 'example_branch_datetime_operator', 'example_branch_datetime_operator_2']) retrieved from /home/airflow/.local/lib/python3.7/site-packages/airflow/example_dags/example_branch_datetime_operator.py
[2022-09-20T16:31:38.996+0000] {logging_mixin.py:117} INFO - [2022-09-20T16:31:38.995+0000] {dag.py:2573} INFO - Sync 3 DAGs
[2022-09-20T16:31:39.068+0000] {logging_mixin.py:117} INFO - [2022-09-20T16:31:39.068+0000] {dag.py:3328} INFO - Setting next_dagrun for example_branch_datetime_operator to 2022-09-19T00:00:00+00:00, run_after=2022-09-20T00:00:00+00:00
[2022-09-20T16:31:39.081+0000] {logging_mixin.py:117} INFO - [2022-09-20T16:31:39.081+0000] {dag.py:3328} INFO - Setting next_dagrun for example_branch_datetime_operator_2 to 2022-09-19T00:00:00+00:00, run_after=2022-09-20T00:00:00+00:00
[2022-09-20T16:31:39.086+0000] {logging_mixin.py:117} INFO - [2022-09-20T16:31:39.086+0000] {dag.py:3328} INFO - Setting next_dagrun for example_branch_datetime_operator_3 to 2022-09-19T00:00:00+00:00, run_after=2022-09-20T00:00:00+00:00
[2022-09-20T16:31:39.125+0000] {processor.py:178} INFO - Processing /home/airflow/.local/lib/python3.7/site-packages/airflow/example_dags/example_branch_datetime_operator.py took 0.297 seconds
[2022-09-20T16:32:09.889+0000] {processor.py:156} INFO - Started process (PID=1633) to work on /home/airflow/.local/lib/python3.7/site-packages/airflow/example_dags/example_branch_datetime_operator.py
[2022-09-20T16:32:09.890+0000] {processor.py:758} INFO - Processing file /home/airflow/.local/lib/python3.7/site-packages/airflow/example_dags/example_branch_datetime_operator.py for tasks to queue
[2022-09-20T16:32:09.891+0000] {logging_mixin.py:117} INFO - [2022-09-20T16:32:09.891+0000] {dagbag.py:525} INFO - Filling up the DagBag from /home/airflow/.local/lib/python3.7/site-packages/airflow/example_dags/example_branch_datetime_operator.py
[2022-09-20T16:32:09.913+0000] {processor.py:768} INFO - DAG(s) dict_keys(['example_branch_datetime_operator_2', 'example_branch_datetime_operator_3', 'example_branch_datetime_operator']) retrieved from /home/airflow/.local/lib/python3.7/site-packages/airflow/example_dags/example_branch_datetime_operator.py
[2022-09-20T16:32:09.962+0000] {logging_mixin.py:117} INFO - [2022-09-20T16:32:09.961+0000] {dag.py:2573} INFO - Sync 3 DAGs
[2022-09-20T16:32:09.996+0000] {logging_mixin.py:117} INFO - [2022-09-20T16:32:09.996+0000] {dag.py:3328} INFO - Setting next_dagrun for example_branch_datetime_operator to 2022-09-19T00:00:00+00:00, run_after=2022-09-20T00:00:00+00:00
[2022-09-20T16:32:10.002+0000] {logging_mixin.py:117} INFO - [2022-09-20T16:32:10.001+0000] {dag.py:3328} INFO - Setting next_dagrun for example_branch_datetime_operator_2 to 2022-09-19T00:00:00+00:00, run_after=2022-09-20T00:00:00+00:00
[2022-09-20T16:32:10.004+0000] {logging_mixin.py:117} INFO - [2022-09-20T16:32:10.004+0000] {dag.py:3328} INFO - Setting next_dagrun for example_branch_datetime_operator_3 to 2022-09-19T00:00:00+00:00, run_after=2022-09-20T00:00:00+00:00
[2022-09-20T16:32:10.030+0000] {processor.py:178} INFO - Processing /home/airflow/.local/lib/python3.7/site-packages/airflow/example_dags/example_branch_datetime_operator.py took 0.143 seconds
[2022-09-20T16:32:40.772+0000] {processor.py:156} INFO - Started process (PID=1696) to work on /home/airflow/.local/lib/python3.7/site-packages/airflow/example_dags/example_branch_datetime_operator.py
[2022-09-20T16:32:40.773+0000] {processor.py:758} INFO - Processing file /home/airflow/.local/lib/python3.7/site-packages/airflow/example_dags/example_branch_datetime_operator.py for tasks to queue
[2022-09-20T16:32:40.773+0000] {logging_mixin.py:117} INFO - [2022-09-20T16:32:40.773+0000] {dagbag.py:525} INFO - Filling up the DagBag from /home/airflow/.local/lib/python3.7/site-packages/airflow/example_dags/example_branch_datetime_operator.py
[2022-09-20T16:32:40.794+0000] {processor.py:768} INFO - DAG(s) dict_keys(['example_branch_datetime_operator', 'example_branch_datetime_operator_3', 'example_branch_datetime_operator_2']) retrieved from /home/airflow/.local/lib/python3.7/site-packages/airflow/example_dags/example_branch_datetime_operator.py
[2022-09-20T16:32:40.837+0000] {logging_mixin.py:117} INFO - [2022-09-20T16:32:40.837+0000] {dag.py:2573} INFO - Sync 3 DAGs
[2022-09-20T16:32:40.864+0000] {logging_mixin.py:117} INFO - [2022-09-20T16:32:40.864+0000] {dag.py:3328} INFO - Setting next_dagrun for example_branch_datetime_operator to 2022-09-19T00:00:00+00:00, run_after=2022-09-20T00:00:00+00:00
[2022-09-20T16:32:40.869+0000] {logging_mixin.py:117} INFO - [2022-09-20T16:32:40.869+0000] {dag.py:3328} INFO - Setting next_dagrun for example_branch_datetime_operator_2 to 2022-09-19T00:00:00+00:00, run_after=2022-09-20T00:00:00+00:00
[2022-09-20T16:32:40.873+0000] {logging_mixin.py:117} INFO - [2022-09-20T16:32:40.872+0000] {dag.py:3328} INFO - Setting next_dagrun for example_branch_datetime_operator_3 to 2022-09-19T00:00:00+00:00, run_after=2022-09-20T00:00:00+00:00
[2022-09-20T16:32:40.893+0000] {processor.py:178} INFO - Processing /home/airflow/.local/lib/python3.7/site-packages/airflow/example_dags/example_branch_datetime_operator.py took 0.124 seconds
[2022-09-20T16:33:11.220+0000] {processor.py:156} INFO - Started process (PID=1759) to work on /home/airflow/.local/lib/python3.7/site-packages/airflow/example_dags/example_branch_datetime_operator.py
[2022-09-20T16:33:11.221+0000] {processor.py:758} INFO - Processing file /home/airflow/.local/lib/python3.7/site-packages/airflow/example_dags/example_branch_datetime_operator.py for tasks to queue
[2022-09-20T16:33:11.221+0000] {logging_mixin.py:117} INFO - [2022-09-20T16:33:11.221+0000] {dagbag.py:525} INFO - Filling up the DagBag from /home/airflow/.local/lib/python3.7/site-packages/airflow/example_dags/example_branch_datetime_operator.py
[2022-09-20T16:33:11.236+0000] {processor.py:768} INFO - DAG(s) dict_keys(['example_branch_datetime_operator', 'example_branch_datetime_operator_2', 'example_branch_datetime_operator_3']) retrieved from /home/airflow/.local/lib/python3.7/site-packages/airflow/example_dags/example_branch_datetime_operator.py
[2022-09-20T16:33:11.277+0000] {logging_mixin.py:117} INFO - [2022-09-20T16:33:11.277+0000] {dag.py:2573} INFO - Sync 3 DAGs
[2022-09-20T16:33:11.302+0000] {logging_mixin.py:117} INFO - [2022-09-20T16:33:11.302+0000] {dag.py:3328} INFO - Setting next_dagrun for example_branch_datetime_operator to 2022-09-19T00:00:00+00:00, run_after=2022-09-20T00:00:00+00:00
[2022-09-20T16:33:11.307+0000] {logging_mixin.py:117} INFO - [2022-09-20T16:33:11.306+0000] {dag.py:3328} INFO - Setting next_dagrun for example_branch_datetime_operator_2 to 2022-09-19T00:00:00+00:00, run_after=2022-09-20T00:00:00+00:00
[2022-09-20T16:33:11.309+0000] {logging_mixin.py:117} INFO - [2022-09-20T16:33:11.309+0000] {dag.py:3328} INFO - Setting next_dagrun for example_branch_datetime_operator_3 to 2022-09-19T00:00:00+00:00, run_after=2022-09-20T00:00:00+00:00
[2022-09-20T16:33:11.327+0000] {processor.py:178} INFO - Processing /home/airflow/.local/lib/python3.7/site-packages/airflow/example_dags/example_branch_datetime_operator.py took 0.109 seconds
[2022-09-20T16:33:41.731+0000] {processor.py:156} INFO - Started process (PID=1813) to work on /home/airflow/.local/lib/python3.7/site-packages/airflow/example_dags/example_branch_datetime_operator.py
[2022-09-20T16:33:41.732+0000] {processor.py:758} INFO - Processing file /home/airflow/.local/lib/python3.7/site-packages/airflow/example_dags/example_branch_datetime_operator.py for tasks to queue
[2022-09-20T16:33:41.733+0000] {logging_mixin.py:117} INFO - [2022-09-20T16:33:41.733+0000] {dagbag.py:525} INFO - Filling up the DagBag from /home/airflow/.local/lib/python3.7/site-packages/airflow/example_dags/example_branch_datetime_operator.py
[2022-09-20T16:33:41.750+0000] {processor.py:768} INFO - DAG(s) dict_keys(['example_branch_datetime_operator_2', 'example_branch_datetime_operator_3', 'example_branch_datetime_operator']) retrieved from /home/airflow/.local/lib/python3.7/site-packages/airflow/example_dags/example_branch_datetime_operator.py
[2022-09-20T16:33:41.798+0000] {logging_mixin.py:117} INFO - [2022-09-20T16:33:41.798+0000] {dag.py:2573} INFO - Sync 3 DAGs
[2022-09-20T16:33:41.823+0000] {logging_mixin.py:117} INFO - [2022-09-20T16:33:41.822+0000] {dag.py:3328} INFO - Setting next_dagrun for example_branch_datetime_operator to 2022-09-19T00:00:00+00:00, run_after=2022-09-20T00:00:00+00:00
[2022-09-20T16:33:41.828+0000] {logging_mixin.py:117} INFO - [2022-09-20T16:33:41.828+0000] {dag.py:3328} INFO - Setting next_dagrun for example_branch_datetime_operator_2 to 2022-09-19T00:00:00+00:00, run_after=2022-09-20T00:00:00+00:00
[2022-09-20T16:33:41.831+0000] {logging_mixin.py:117} INFO - [2022-09-20T16:33:41.831+0000] {dag.py:3328} INFO - Setting next_dagrun for example_branch_datetime_operator_3 to 2022-09-19T00:00:00+00:00, run_after=2022-09-20T00:00:00+00:00
[2022-09-20T16:33:41.851+0000] {processor.py:178} INFO - Processing /home/airflow/.local/lib/python3.7/site-packages/airflow/example_dags/example_branch_datetime_operator.py took 0.123 seconds
[2022-09-20T16:34:12.524+0000] {processor.py:156} INFO - Started process (PID=1875) to work on /home/airflow/.local/lib/python3.7/site-packages/airflow/example_dags/example_branch_datetime_operator.py
[2022-09-20T16:34:12.524+0000] {processor.py:758} INFO - Processing file /home/airflow/.local/lib/python3.7/site-packages/airflow/example_dags/example_branch_datetime_operator.py for tasks to queue
[2022-09-20T16:34:12.525+0000] {logging_mixin.py:117} INFO - [2022-09-20T16:34:12.525+0000] {dagbag.py:525} INFO - Filling up the DagBag from /home/airflow/.local/lib/python3.7/site-packages/airflow/example_dags/example_branch_datetime_operator.py
[2022-09-20T16:34:12.552+0000] {processor.py:768} INFO - DAG(s) dict_keys(['example_branch_datetime_operator', 'example_branch_datetime_operator_3', 'example_branch_datetime_operator_2']) retrieved from /home/airflow/.local/lib/python3.7/site-packages/airflow/example_dags/example_branch_datetime_operator.py
[2022-09-20T16:34:12.602+0000] {logging_mixin.py:117} INFO - [2022-09-20T16:34:12.602+0000] {dag.py:2573} INFO - Sync 3 DAGs
[2022-09-20T16:34:12.634+0000] {logging_mixin.py:117} INFO - [2022-09-20T16:34:12.634+0000] {dag.py:3328} INFO - Setting next_dagrun for example_branch_datetime_operator to 2022-09-19T00:00:00+00:00, run_after=2022-09-20T00:00:00+00:00
[2022-09-20T16:34:12.640+0000] {logging_mixin.py:117} INFO - [2022-09-20T16:34:12.640+0000] {dag.py:3328} INFO - Setting next_dagrun for example_branch_datetime_operator_2 to 2022-09-19T00:00:00+00:00, run_after=2022-09-20T00:00:00+00:00
[2022-09-20T16:34:12.643+0000] {logging_mixin.py:117} INFO - [2022-09-20T16:34:12.643+0000] {dag.py:3328} INFO - Setting next_dagrun for example_branch_datetime_operator_3 to 2022-09-19T00:00:00+00:00, run_after=2022-09-20T00:00:00+00:00
[2022-09-20T16:34:12.668+0000] {processor.py:178} INFO - Processing /home/airflow/.local/lib/python3.7/site-packages/airflow/example_dags/example_branch_datetime_operator.py took 0.146 seconds
[2022-09-20T16:34:43.162+0000] {processor.py:156} INFO - Started process (PID=1937) to work on /home/airflow/.local/lib/python3.7/site-packages/airflow/example_dags/example_branch_datetime_operator.py
[2022-09-20T16:34:43.163+0000] {processor.py:758} INFO - Processing file /home/airflow/.local/lib/python3.7/site-packages/airflow/example_dags/example_branch_datetime_operator.py for tasks to queue
[2022-09-20T16:34:43.164+0000] {logging_mixin.py:117} INFO - [2022-09-20T16:34:43.164+0000] {dagbag.py:525} INFO - Filling up the DagBag from /home/airflow/.local/lib/python3.7/site-packages/airflow/example_dags/example_branch_datetime_operator.py
[2022-09-20T16:34:43.187+0000] {processor.py:768} INFO - DAG(s) dict_keys(['example_branch_datetime_operator', 'example_branch_datetime_operator_2', 'example_branch_datetime_operator_3']) retrieved from /home/airflow/.local/lib/python3.7/site-packages/airflow/example_dags/example_branch_datetime_operator.py
[2022-09-20T16:34:43.256+0000] {logging_mixin.py:117} INFO - [2022-09-20T16:34:43.256+0000] {dag.py:2573} INFO - Sync 3 DAGs
[2022-09-20T16:34:43.302+0000] {logging_mixin.py:117} INFO - [2022-09-20T16:34:43.301+0000] {dag.py:3328} INFO - Setting next_dagrun for example_branch_datetime_operator to 2022-09-19T00:00:00+00:00, run_after=2022-09-20T00:00:00+00:00
[2022-09-20T16:34:43.312+0000] {logging_mixin.py:117} INFO - [2022-09-20T16:34:43.312+0000] {dag.py:3328} INFO - Setting next_dagrun for example_branch_datetime_operator_2 to 2022-09-19T00:00:00+00:00, run_after=2022-09-20T00:00:00+00:00
[2022-09-20T16:34:43.318+0000] {logging_mixin.py:117} INFO - [2022-09-20T16:34:43.317+0000] {dag.py:3328} INFO - Setting next_dagrun for example_branch_datetime_operator_3 to 2022-09-19T00:00:00+00:00, run_after=2022-09-20T00:00:00+00:00
[2022-09-20T16:34:43.345+0000] {processor.py:178} INFO - Processing /home/airflow/.local/lib/python3.7/site-packages/airflow/example_dags/example_branch_datetime_operator.py took 0.187 seconds
[2022-09-20T16:35:13.448+0000] {processor.py:156} INFO - Started process (PID=1991) to work on /home/airflow/.local/lib/python3.7/site-packages/airflow/example_dags/example_branch_datetime_operator.py
[2022-09-20T16:35:13.449+0000] {processor.py:758} INFO - Processing file /home/airflow/.local/lib/python3.7/site-packages/airflow/example_dags/example_branch_datetime_operator.py for tasks to queue
[2022-09-20T16:35:13.450+0000] {logging_mixin.py:117} INFO - [2022-09-20T16:35:13.449+0000] {dagbag.py:525} INFO - Filling up the DagBag from /home/airflow/.local/lib/python3.7/site-packages/airflow/example_dags/example_branch_datetime_operator.py
[2022-09-20T16:35:13.493+0000] {processor.py:768} INFO - DAG(s) dict_keys(['example_branch_datetime_operator_2', 'example_branch_datetime_operator_3', 'example_branch_datetime_operator']) retrieved from /home/airflow/.local/lib/python3.7/site-packages/airflow/example_dags/example_branch_datetime_operator.py
[2022-09-20T16:35:13.601+0000] {logging_mixin.py:117} INFO - [2022-09-20T16:35:13.601+0000] {dag.py:2573} INFO - Sync 3 DAGs
[2022-09-20T16:35:13.644+0000] {logging_mixin.py:117} INFO - [2022-09-20T16:35:13.643+0000] {dag.py:3328} INFO - Setting next_dagrun for example_branch_datetime_operator to 2022-09-19T00:00:00+00:00, run_after=2022-09-20T00:00:00+00:00
[2022-09-20T16:35:13.651+0000] {logging_mixin.py:117} INFO - [2022-09-20T16:35:13.651+0000] {dag.py:3328} INFO - Setting next_dagrun for example_branch_datetime_operator_2 to 2022-09-19T00:00:00+00:00, run_after=2022-09-20T00:00:00+00:00
[2022-09-20T16:35:13.656+0000] {logging_mixin.py:117} INFO - [2022-09-20T16:35:13.656+0000] {dag.py:3328} INFO - Setting next_dagrun for example_branch_datetime_operator_3 to 2022-09-19T00:00:00+00:00, run_after=2022-09-20T00:00:00+00:00
[2022-09-20T16:35:13.684+0000] {processor.py:178} INFO - Processing /home/airflow/.local/lib/python3.7/site-packages/airflow/example_dags/example_branch_datetime_operator.py took 0.240 seconds
[2022-09-20T16:35:43.981+0000] {processor.py:156} INFO - Started process (PID=2044) to work on /home/airflow/.local/lib/python3.7/site-packages/airflow/example_dags/example_branch_datetime_operator.py
[2022-09-20T16:35:43.982+0000] {processor.py:758} INFO - Processing file /home/airflow/.local/lib/python3.7/site-packages/airflow/example_dags/example_branch_datetime_operator.py for tasks to queue
[2022-09-20T16:35:43.982+0000] {logging_mixin.py:117} INFO - [2022-09-20T16:35:43.982+0000] {dagbag.py:525} INFO - Filling up the DagBag from /home/airflow/.local/lib/python3.7/site-packages/airflow/example_dags/example_branch_datetime_operator.py
[2022-09-20T16:35:44.029+0000] {processor.py:768} INFO - DAG(s) dict_keys(['example_branch_datetime_operator_3', 'example_branch_datetime_operator', 'example_branch_datetime_operator_2']) retrieved from /home/airflow/.local/lib/python3.7/site-packages/airflow/example_dags/example_branch_datetime_operator.py
[2022-09-20T16:35:44.124+0000] {logging_mixin.py:117} INFO - [2022-09-20T16:35:44.123+0000] {dag.py:2573} INFO - Sync 3 DAGs
[2022-09-20T16:35:44.167+0000] {logging_mixin.py:117} INFO - [2022-09-20T16:35:44.167+0000] {dag.py:3328} INFO - Setting next_dagrun for example_branch_datetime_operator to 2022-09-19T00:00:00+00:00, run_after=2022-09-20T00:00:00+00:00
[2022-09-20T16:35:44.174+0000] {logging_mixin.py:117} INFO - [2022-09-20T16:35:44.174+0000] {dag.py:3328} INFO - Setting next_dagrun for example_branch_datetime_operator_2 to 2022-09-19T00:00:00+00:00, run_after=2022-09-20T00:00:00+00:00
[2022-09-20T16:35:44.179+0000] {logging_mixin.py:117} INFO - [2022-09-20T16:35:44.178+0000] {dag.py:3328} INFO - Setting next_dagrun for example_branch_datetime_operator_3 to 2022-09-19T00:00:00+00:00, run_after=2022-09-20T00:00:00+00:00
[2022-09-20T16:35:44.205+0000] {processor.py:178} INFO - Processing /home/airflow/.local/lib/python3.7/site-packages/airflow/example_dags/example_branch_datetime_operator.py took 0.228 seconds
[2022-09-20T16:36:14.513+0000] {processor.py:156} INFO - Started process (PID=2097) to work on /home/airflow/.local/lib/python3.7/site-packages/airflow/example_dags/example_branch_datetime_operator.py
[2022-09-20T16:36:14.514+0000] {processor.py:758} INFO - Processing file /home/airflow/.local/lib/python3.7/site-packages/airflow/example_dags/example_branch_datetime_operator.py for tasks to queue
[2022-09-20T16:36:14.514+0000] {logging_mixin.py:117} INFO - [2022-09-20T16:36:14.514+0000] {dagbag.py:525} INFO - Filling up the DagBag from /home/airflow/.local/lib/python3.7/site-packages/airflow/example_dags/example_branch_datetime_operator.py
[2022-09-20T16:36:14.535+0000] {processor.py:768} INFO - DAG(s) dict_keys(['example_branch_datetime_operator_2', 'example_branch_datetime_operator_3', 'example_branch_datetime_operator']) retrieved from /home/airflow/.local/lib/python3.7/site-packages/airflow/example_dags/example_branch_datetime_operator.py
[2022-09-20T16:36:14.584+0000] {logging_mixin.py:117} INFO - [2022-09-20T16:36:14.584+0000] {dag.py:2573} INFO - Sync 3 DAGs
[2022-09-20T16:36:14.621+0000] {logging_mixin.py:117} INFO - [2022-09-20T16:36:14.621+0000] {dag.py:3328} INFO - Setting next_dagrun for example_branch_datetime_operator to 2022-09-19T00:00:00+00:00, run_after=2022-09-20T00:00:00+00:00
[2022-09-20T16:36:14.629+0000] {logging_mixin.py:117} INFO - [2022-09-20T16:36:14.629+0000] {dag.py:3328} INFO - Setting next_dagrun for example_branch_datetime_operator_2 to 2022-09-19T00:00:00+00:00, run_after=2022-09-20T00:00:00+00:00
[2022-09-20T16:36:14.634+0000] {logging_mixin.py:117} INFO - [2022-09-20T16:36:14.633+0000] {dag.py:3328} INFO - Setting next_dagrun for example_branch_datetime_operator_3 to 2022-09-19T00:00:00+00:00, run_after=2022-09-20T00:00:00+00:00
[2022-09-20T16:36:14.659+0000] {processor.py:178} INFO - Processing /home/airflow/.local/lib/python3.7/site-packages/airflow/example_dags/example_branch_datetime_operator.py took 0.150 seconds
[2022-09-20T16:36:44.726+0000] {processor.py:156} INFO - Started process (PID=2160) to work on /home/airflow/.local/lib/python3.7/site-packages/airflow/example_dags/example_branch_datetime_operator.py
[2022-09-20T16:36:44.727+0000] {processor.py:758} INFO - Processing file /home/airflow/.local/lib/python3.7/site-packages/airflow/example_dags/example_branch_datetime_operator.py for tasks to queue
[2022-09-20T16:36:44.728+0000] {logging_mixin.py:117} INFO - [2022-09-20T16:36:44.728+0000] {dagbag.py:525} INFO - Filling up the DagBag from /home/airflow/.local/lib/python3.7/site-packages/airflow/example_dags/example_branch_datetime_operator.py
[2022-09-20T16:36:44.745+0000] {processor.py:768} INFO - DAG(s) dict_keys(['example_branch_datetime_operator_3', 'example_branch_datetime_operator_2', 'example_branch_datetime_operator']) retrieved from /home/airflow/.local/lib/python3.7/site-packages/airflow/example_dags/example_branch_datetime_operator.py
[2022-09-20T16:36:44.785+0000] {logging_mixin.py:117} INFO - [2022-09-20T16:36:44.785+0000] {dag.py:2573} INFO - Sync 3 DAGs
[2022-09-20T16:36:44.812+0000] {logging_mixin.py:117} INFO - [2022-09-20T16:36:44.812+0000] {dag.py:3328} INFO - Setting next_dagrun for example_branch_datetime_operator to 2022-09-19T00:00:00+00:00, run_after=2022-09-20T00:00:00+00:00
[2022-09-20T16:36:44.817+0000] {logging_mixin.py:117} INFO - [2022-09-20T16:36:44.817+0000] {dag.py:3328} INFO - Setting next_dagrun for example_branch_datetime_operator_2 to 2022-09-19T00:00:00+00:00, run_after=2022-09-20T00:00:00+00:00
[2022-09-20T16:36:44.819+0000] {logging_mixin.py:117} INFO - [2022-09-20T16:36:44.819+0000] {dag.py:3328} INFO - Setting next_dagrun for example_branch_datetime_operator_3 to 2022-09-19T00:00:00+00:00, run_after=2022-09-20T00:00:00+00:00
[2022-09-20T16:36:44.837+0000] {processor.py:178} INFO - Processing /home/airflow/.local/lib/python3.7/site-packages/airflow/example_dags/example_branch_datetime_operator.py took 0.114 seconds
[2022-09-20T16:37:15.548+0000] {processor.py:156} INFO - Started process (PID=2223) to work on /home/airflow/.local/lib/python3.7/site-packages/airflow/example_dags/example_branch_datetime_operator.py
[2022-09-20T16:37:15.549+0000] {processor.py:758} INFO - Processing file /home/airflow/.local/lib/python3.7/site-packages/airflow/example_dags/example_branch_datetime_operator.py for tasks to queue
[2022-09-20T16:37:15.550+0000] {logging_mixin.py:117} INFO - [2022-09-20T16:37:15.550+0000] {dagbag.py:525} INFO - Filling up the DagBag from /home/airflow/.local/lib/python3.7/site-packages/airflow/example_dags/example_branch_datetime_operator.py
[2022-09-20T16:37:15.574+0000] {processor.py:768} INFO - DAG(s) dict_keys(['example_branch_datetime_operator_2', 'example_branch_datetime_operator_3', 'example_branch_datetime_operator']) retrieved from /home/airflow/.local/lib/python3.7/site-packages/airflow/example_dags/example_branch_datetime_operator.py
[2022-09-20T16:37:15.630+0000] {logging_mixin.py:117} INFO - [2022-09-20T16:37:15.630+0000] {dag.py:2573} INFO - Sync 3 DAGs
[2022-09-20T16:37:15.664+0000] {logging_mixin.py:117} INFO - [2022-09-20T16:37:15.663+0000] {dag.py:3328} INFO - Setting next_dagrun for example_branch_datetime_operator to 2022-09-19T00:00:00+00:00, run_after=2022-09-20T00:00:00+00:00
[2022-09-20T16:37:15.670+0000] {logging_mixin.py:117} INFO - [2022-09-20T16:37:15.670+0000] {dag.py:3328} INFO - Setting next_dagrun for example_branch_datetime_operator_2 to 2022-09-19T00:00:00+00:00, run_after=2022-09-20T00:00:00+00:00
[2022-09-20T16:37:15.673+0000] {logging_mixin.py:117} INFO - [2022-09-20T16:37:15.673+0000] {dag.py:3328} INFO - Setting next_dagrun for example_branch_datetime_operator_3 to 2022-09-19T00:00:00+00:00, run_after=2022-09-20T00:00:00+00:00
[2022-09-20T16:37:15.692+0000] {processor.py:178} INFO - Processing /home/airflow/.local/lib/python3.7/site-packages/airflow/example_dags/example_branch_datetime_operator.py took 0.147 seconds
[2022-09-20T16:37:46.118+0000] {processor.py:156} INFO - Started process (PID=2277) to work on /home/airflow/.local/lib/python3.7/site-packages/airflow/example_dags/example_branch_datetime_operator.py
[2022-09-20T16:37:46.118+0000] {processor.py:758} INFO - Processing file /home/airflow/.local/lib/python3.7/site-packages/airflow/example_dags/example_branch_datetime_operator.py for tasks to queue
[2022-09-20T16:37:46.119+0000] {logging_mixin.py:117} INFO - [2022-09-20T16:37:46.119+0000] {dagbag.py:525} INFO - Filling up the DagBag from /home/airflow/.local/lib/python3.7/site-packages/airflow/example_dags/example_branch_datetime_operator.py
[2022-09-20T16:37:46.133+0000] {processor.py:768} INFO - DAG(s) dict_keys(['example_branch_datetime_operator_3', 'example_branch_datetime_operator', 'example_branch_datetime_operator_2']) retrieved from /home/airflow/.local/lib/python3.7/site-packages/airflow/example_dags/example_branch_datetime_operator.py
[2022-09-20T16:37:46.176+0000] {logging_mixin.py:117} INFO - [2022-09-20T16:37:46.176+0000] {dag.py:2573} INFO - Sync 3 DAGs
[2022-09-20T16:37:46.199+0000] {logging_mixin.py:117} INFO - [2022-09-20T16:37:46.199+0000] {dag.py:3328} INFO - Setting next_dagrun for example_branch_datetime_operator to 2022-09-19T00:00:00+00:00, run_after=2022-09-20T00:00:00+00:00
[2022-09-20T16:37:46.203+0000] {logging_mixin.py:117} INFO - [2022-09-20T16:37:46.203+0000] {dag.py:3328} INFO - Setting next_dagrun for example_branch_datetime_operator_2 to 2022-09-19T00:00:00+00:00, run_after=2022-09-20T00:00:00+00:00
[2022-09-20T16:37:46.205+0000] {logging_mixin.py:117} INFO - [2022-09-20T16:37:46.205+0000] {dag.py:3328} INFO - Setting next_dagrun for example_branch_datetime_operator_3 to 2022-09-19T00:00:00+00:00, run_after=2022-09-20T00:00:00+00:00
[2022-09-20T16:37:46.222+0000] {processor.py:178} INFO - Processing /home/airflow/.local/lib/python3.7/site-packages/airflow/example_dags/example_branch_datetime_operator.py took 0.107 seconds
[2022-09-20T16:38:17.019+0000] {processor.py:156} INFO - Started process (PID=2340) to work on /home/airflow/.local/lib/python3.7/site-packages/airflow/example_dags/example_branch_datetime_operator.py
[2022-09-20T16:38:17.019+0000] {processor.py:758} INFO - Processing file /home/airflow/.local/lib/python3.7/site-packages/airflow/example_dags/example_branch_datetime_operator.py for tasks to queue
[2022-09-20T16:38:17.020+0000] {logging_mixin.py:117} INFO - [2022-09-20T16:38:17.019+0000] {dagbag.py:525} INFO - Filling up the DagBag from /home/airflow/.local/lib/python3.7/site-packages/airflow/example_dags/example_branch_datetime_operator.py
[2022-09-20T16:38:17.035+0000] {processor.py:768} INFO - DAG(s) dict_keys(['example_branch_datetime_operator', 'example_branch_datetime_operator_3', 'example_branch_datetime_operator_2']) retrieved from /home/airflow/.local/lib/python3.7/site-packages/airflow/example_dags/example_branch_datetime_operator.py
[2022-09-20T16:38:17.074+0000] {logging_mixin.py:117} INFO - [2022-09-20T16:38:17.073+0000] {dag.py:2573} INFO - Sync 3 DAGs
[2022-09-20T16:38:17.097+0000] {logging_mixin.py:117} INFO - [2022-09-20T16:38:17.097+0000] {dag.py:3328} INFO - Setting next_dagrun for example_branch_datetime_operator to 2022-09-19T00:00:00+00:00, run_after=2022-09-20T00:00:00+00:00
[2022-09-20T16:38:17.102+0000] {logging_mixin.py:117} INFO - [2022-09-20T16:38:17.102+0000] {dag.py:3328} INFO - Setting next_dagrun for example_branch_datetime_operator_2 to 2022-09-19T00:00:00+00:00, run_after=2022-09-20T00:00:00+00:00
[2022-09-20T16:38:17.104+0000] {logging_mixin.py:117} INFO - [2022-09-20T16:38:17.104+0000] {dag.py:3328} INFO - Setting next_dagrun for example_branch_datetime_operator_3 to 2022-09-19T00:00:00+00:00, run_after=2022-09-20T00:00:00+00:00
[2022-09-20T16:38:17.121+0000] {processor.py:178} INFO - Processing /home/airflow/.local/lib/python3.7/site-packages/airflow/example_dags/example_branch_datetime_operator.py took 0.105 seconds
[2022-09-20T16:38:47.214+0000] {processor.py:156} INFO - Started process (PID=2394) to work on /home/airflow/.local/lib/python3.7/site-packages/airflow/example_dags/example_branch_datetime_operator.py
[2022-09-20T16:38:47.215+0000] {processor.py:758} INFO - Processing file /home/airflow/.local/lib/python3.7/site-packages/airflow/example_dags/example_branch_datetime_operator.py for tasks to queue
[2022-09-20T16:38:47.215+0000] {logging_mixin.py:117} INFO - [2022-09-20T16:38:47.215+0000] {dagbag.py:525} INFO - Filling up the DagBag from /home/airflow/.local/lib/python3.7/site-packages/airflow/example_dags/example_branch_datetime_operator.py
[2022-09-20T16:38:47.231+0000] {processor.py:768} INFO - DAG(s) dict_keys(['example_branch_datetime_operator_2', 'example_branch_datetime_operator', 'example_branch_datetime_operator_3']) retrieved from /home/airflow/.local/lib/python3.7/site-packages/airflow/example_dags/example_branch_datetime_operator.py
[2022-09-20T16:38:47.267+0000] {logging_mixin.py:117} INFO - [2022-09-20T16:38:47.267+0000] {dag.py:2573} INFO - Sync 3 DAGs
[2022-09-20T16:38:47.290+0000] {logging_mixin.py:117} INFO - [2022-09-20T16:38:47.290+0000] {dag.py:3328} INFO - Setting next_dagrun for example_branch_datetime_operator to 2022-09-19T00:00:00+00:00, run_after=2022-09-20T00:00:00+00:00
[2022-09-20T16:38:47.295+0000] {logging_mixin.py:117} INFO - [2022-09-20T16:38:47.294+0000] {dag.py:3328} INFO - Setting next_dagrun for example_branch_datetime_operator_2 to 2022-09-19T00:00:00+00:00, run_after=2022-09-20T00:00:00+00:00
[2022-09-20T16:38:47.297+0000] {logging_mixin.py:117} INFO - [2022-09-20T16:38:47.297+0000] {dag.py:3328} INFO - Setting next_dagrun for example_branch_datetime_operator_3 to 2022-09-19T00:00:00+00:00, run_after=2022-09-20T00:00:00+00:00
[2022-09-20T16:38:47.313+0000] {processor.py:178} INFO - Processing /home/airflow/.local/lib/python3.7/site-packages/airflow/example_dags/example_branch_datetime_operator.py took 0.102 seconds
