[2022-09-20T16:18:33.977+0000] {processor.py:156} INFO - Started process (PID=66) to work on /home/airflow/.local/lib/python3.7/site-packages/airflow/example_dags/example_time_delta_sensor_async.py
[2022-09-20T16:18:33.978+0000] {processor.py:758} INFO - Processing file /home/airflow/.local/lib/python3.7/site-packages/airflow/example_dags/example_time_delta_sensor_async.py for tasks to queue
[2022-09-20T16:18:33.979+0000] {logging_mixin.py:117} INFO - [2022-09-20T16:18:33.978+0000] {dagbag.py:525} INFO - Filling up the DagBag from /home/airflow/.local/lib/python3.7/site-packages/airflow/example_dags/example_time_delta_sensor_async.py
[2022-09-20T16:18:34.003+0000] {processor.py:768} INFO - DAG(s) dict_keys(['example_time_delta_sensor_async']) retrieved from /home/airflow/.local/lib/python3.7/site-packages/airflow/example_dags/example_time_delta_sensor_async.py
[2022-09-20T16:18:34.678+0000] {logging_mixin.py:117} INFO - [2022-09-20T16:18:34.678+0000] {dag.py:2573} INFO - Sync 1 DAGs
[2022-09-20T16:18:34.716+0000] {logging_mixin.py:117} INFO - [2022-09-20T16:18:34.716+0000] {dag.py:3328} INFO - Setting next_dagrun for example_time_delta_sensor_async to None, run_after=None
[2022-09-20T16:18:34.747+0000] {processor.py:178} INFO - Processing /home/airflow/.local/lib/python3.7/site-packages/airflow/example_dags/example_time_delta_sensor_async.py took 0.775 seconds
[2022-09-20T16:19:05.560+0000] {processor.py:156} INFO - Started process (PID=121) to work on /home/airflow/.local/lib/python3.7/site-packages/airflow/example_dags/example_time_delta_sensor_async.py
[2022-09-20T16:19:05.561+0000] {processor.py:758} INFO - Processing file /home/airflow/.local/lib/python3.7/site-packages/airflow/example_dags/example_time_delta_sensor_async.py for tasks to queue
[2022-09-20T16:19:05.561+0000] {logging_mixin.py:117} INFO - [2022-09-20T16:19:05.561+0000] {dagbag.py:525} INFO - Filling up the DagBag from /home/airflow/.local/lib/python3.7/site-packages/airflow/example_dags/example_time_delta_sensor_async.py
[2022-09-20T16:19:05.573+0000] {processor.py:768} INFO - DAG(s) dict_keys(['example_time_delta_sensor_async']) retrieved from /home/airflow/.local/lib/python3.7/site-packages/airflow/example_dags/example_time_delta_sensor_async.py
[2022-09-20T16:19:05.921+0000] {logging_mixin.py:117} INFO - [2022-09-20T16:19:05.921+0000] {dag.py:2573} INFO - Sync 1 DAGs
[2022-09-20T16:19:05.950+0000] {logging_mixin.py:117} INFO - [2022-09-20T16:19:05.950+0000] {dag.py:3328} INFO - Setting next_dagrun for example_time_delta_sensor_async to None, run_after=None
[2022-09-20T16:19:05.972+0000] {processor.py:178} INFO - Processing /home/airflow/.local/lib/python3.7/site-packages/airflow/example_dags/example_time_delta_sensor_async.py took 0.413 seconds
[2022-09-20T16:19:36.501+0000] {processor.py:156} INFO - Started process (PID=183) to work on /home/airflow/.local/lib/python3.7/site-packages/airflow/example_dags/example_time_delta_sensor_async.py
[2022-09-20T16:19:36.502+0000] {processor.py:758} INFO - Processing file /home/airflow/.local/lib/python3.7/site-packages/airflow/example_dags/example_time_delta_sensor_async.py for tasks to queue
[2022-09-20T16:19:36.503+0000] {logging_mixin.py:117} INFO - [2022-09-20T16:19:36.503+0000] {dagbag.py:525} INFO - Filling up the DagBag from /home/airflow/.local/lib/python3.7/site-packages/airflow/example_dags/example_time_delta_sensor_async.py
[2022-09-20T16:19:36.632+0000] {processor.py:768} INFO - DAG(s) dict_keys(['example_time_delta_sensor_async']) retrieved from /home/airflow/.local/lib/python3.7/site-packages/airflow/example_dags/example_time_delta_sensor_async.py
[2022-09-20T16:19:36.845+0000] {logging_mixin.py:117} INFO - [2022-09-20T16:19:36.845+0000] {dag.py:2573} INFO - Sync 1 DAGs
[2022-09-20T16:19:36.871+0000] {logging_mixin.py:117} INFO - [2022-09-20T16:19:36.871+0000] {dag.py:3328} INFO - Setting next_dagrun for example_time_delta_sensor_async to None, run_after=None
[2022-09-20T16:19:36.893+0000] {processor.py:178} INFO - Processing /home/airflow/.local/lib/python3.7/site-packages/airflow/example_dags/example_time_delta_sensor_async.py took 0.395 seconds
[2022-09-20T16:20:08.355+0000] {processor.py:156} INFO - Started process (PID=245) to work on /home/airflow/.local/lib/python3.7/site-packages/airflow/example_dags/example_time_delta_sensor_async.py
[2022-09-20T16:20:08.356+0000] {processor.py:758} INFO - Processing file /home/airflow/.local/lib/python3.7/site-packages/airflow/example_dags/example_time_delta_sensor_async.py for tasks to queue
[2022-09-20T16:20:08.357+0000] {logging_mixin.py:117} INFO - [2022-09-20T16:20:08.357+0000] {dagbag.py:525} INFO - Filling up the DagBag from /home/airflow/.local/lib/python3.7/site-packages/airflow/example_dags/example_time_delta_sensor_async.py
[2022-09-20T16:20:08.602+0000] {processor.py:768} INFO - DAG(s) dict_keys(['example_time_delta_sensor_async']) retrieved from /home/airflow/.local/lib/python3.7/site-packages/airflow/example_dags/example_time_delta_sensor_async.py
[2022-09-20T16:20:09.469+0000] {logging_mixin.py:117} INFO - [2022-09-20T16:20:09.469+0000] {dag.py:2573} INFO - Sync 1 DAGs
[2022-09-20T16:20:09.534+0000] {logging_mixin.py:117} INFO - [2022-09-20T16:20:09.534+0000] {dag.py:3328} INFO - Setting next_dagrun for example_time_delta_sensor_async to None, run_after=None
[2022-09-20T16:20:09.602+0000] {processor.py:178} INFO - Processing /home/airflow/.local/lib/python3.7/site-packages/airflow/example_dags/example_time_delta_sensor_async.py took 1.251 seconds
[2022-09-20T16:20:40.114+0000] {processor.py:156} INFO - Started process (PID=300) to work on /home/airflow/.local/lib/python3.7/site-packages/airflow/example_dags/example_time_delta_sensor_async.py
[2022-09-20T16:20:40.115+0000] {processor.py:758} INFO - Processing file /home/airflow/.local/lib/python3.7/site-packages/airflow/example_dags/example_time_delta_sensor_async.py for tasks to queue
[2022-09-20T16:20:40.116+0000] {logging_mixin.py:117} INFO - [2022-09-20T16:20:40.115+0000] {dagbag.py:525} INFO - Filling up the DagBag from /home/airflow/.local/lib/python3.7/site-packages/airflow/example_dags/example_time_delta_sensor_async.py
[2022-09-20T16:20:40.128+0000] {processor.py:768} INFO - DAG(s) dict_keys(['example_time_delta_sensor_async']) retrieved from /home/airflow/.local/lib/python3.7/site-packages/airflow/example_dags/example_time_delta_sensor_async.py
[2022-09-20T16:20:40.424+0000] {logging_mixin.py:117} INFO - [2022-09-20T16:20:40.424+0000] {dag.py:2573} INFO - Sync 1 DAGs
[2022-09-20T16:20:40.446+0000] {logging_mixin.py:117} INFO - [2022-09-20T16:20:40.446+0000] {dag.py:3328} INFO - Setting next_dagrun for example_time_delta_sensor_async to None, run_after=None
[2022-09-20T16:20:40.467+0000] {processor.py:178} INFO - Processing /home/airflow/.local/lib/python3.7/site-packages/airflow/example_dags/example_time_delta_sensor_async.py took 0.355 seconds
[2022-09-20T16:21:10.830+0000] {processor.py:156} INFO - Started process (PID=361) to work on /home/airflow/.local/lib/python3.7/site-packages/airflow/example_dags/example_time_delta_sensor_async.py
[2022-09-20T16:21:10.832+0000] {processor.py:758} INFO - Processing file /home/airflow/.local/lib/python3.7/site-packages/airflow/example_dags/example_time_delta_sensor_async.py for tasks to queue
[2022-09-20T16:21:10.833+0000] {logging_mixin.py:117} INFO - [2022-09-20T16:21:10.833+0000] {dagbag.py:525} INFO - Filling up the DagBag from /home/airflow/.local/lib/python3.7/site-packages/airflow/example_dags/example_time_delta_sensor_async.py
[2022-09-20T16:21:10.859+0000] {processor.py:768} INFO - DAG(s) dict_keys(['example_time_delta_sensor_async']) retrieved from /home/airflow/.local/lib/python3.7/site-packages/airflow/example_dags/example_time_delta_sensor_async.py
[2022-09-20T16:21:11.295+0000] {logging_mixin.py:117} INFO - [2022-09-20T16:21:11.295+0000] {dag.py:2573} INFO - Sync 1 DAGs
[2022-09-20T16:21:11.331+0000] {logging_mixin.py:117} INFO - [2022-09-20T16:21:11.331+0000] {dag.py:3328} INFO - Setting next_dagrun for example_time_delta_sensor_async to None, run_after=None
[2022-09-20T16:21:11.365+0000] {processor.py:178} INFO - Processing /home/airflow/.local/lib/python3.7/site-packages/airflow/example_dags/example_time_delta_sensor_async.py took 0.541 seconds
[2022-09-20T16:21:41.431+0000] {processor.py:156} INFO - Started process (PID=426) to work on /home/airflow/.local/lib/python3.7/site-packages/airflow/example_dags/example_time_delta_sensor_async.py
[2022-09-20T16:21:41.431+0000] {processor.py:758} INFO - Processing file /home/airflow/.local/lib/python3.7/site-packages/airflow/example_dags/example_time_delta_sensor_async.py for tasks to queue
[2022-09-20T16:21:41.432+0000] {logging_mixin.py:117} INFO - [2022-09-20T16:21:41.432+0000] {dagbag.py:525} INFO - Filling up the DagBag from /home/airflow/.local/lib/python3.7/site-packages/airflow/example_dags/example_time_delta_sensor_async.py
[2022-09-20T16:21:41.443+0000] {processor.py:768} INFO - DAG(s) dict_keys(['example_time_delta_sensor_async']) retrieved from /home/airflow/.local/lib/python3.7/site-packages/airflow/example_dags/example_time_delta_sensor_async.py
[2022-09-20T16:21:41.664+0000] {logging_mixin.py:117} INFO - [2022-09-20T16:21:41.663+0000] {dag.py:2573} INFO - Sync 1 DAGs
[2022-09-20T16:21:41.686+0000] {logging_mixin.py:117} INFO - [2022-09-20T16:21:41.685+0000] {dag.py:3328} INFO - Setting next_dagrun for example_time_delta_sensor_async to None, run_after=None
[2022-09-20T16:21:41.702+0000] {processor.py:178} INFO - Processing /home/airflow/.local/lib/python3.7/site-packages/airflow/example_dags/example_time_delta_sensor_async.py took 0.273 seconds
[2022-09-20T16:22:11.948+0000] {processor.py:156} INFO - Started process (PID=480) to work on /home/airflow/.local/lib/python3.7/site-packages/airflow/example_dags/example_time_delta_sensor_async.py
[2022-09-20T16:22:11.948+0000] {processor.py:758} INFO - Processing file /home/airflow/.local/lib/python3.7/site-packages/airflow/example_dags/example_time_delta_sensor_async.py for tasks to queue
[2022-09-20T16:22:11.949+0000] {logging_mixin.py:117} INFO - [2022-09-20T16:22:11.949+0000] {dagbag.py:525} INFO - Filling up the DagBag from /home/airflow/.local/lib/python3.7/site-packages/airflow/example_dags/example_time_delta_sensor_async.py
[2022-09-20T16:22:11.961+0000] {processor.py:768} INFO - DAG(s) dict_keys(['example_time_delta_sensor_async']) retrieved from /home/airflow/.local/lib/python3.7/site-packages/airflow/example_dags/example_time_delta_sensor_async.py
[2022-09-20T16:22:12.161+0000] {logging_mixin.py:117} INFO - [2022-09-20T16:22:12.161+0000] {dag.py:2573} INFO - Sync 1 DAGs
[2022-09-20T16:22:12.181+0000] {logging_mixin.py:117} INFO - [2022-09-20T16:22:12.181+0000] {dag.py:3328} INFO - Setting next_dagrun for example_time_delta_sensor_async to None, run_after=None
[2022-09-20T16:22:12.199+0000] {processor.py:178} INFO - Processing /home/airflow/.local/lib/python3.7/site-packages/airflow/example_dags/example_time_delta_sensor_async.py took 0.253 seconds
[2022-09-20T16:22:42.482+0000] {processor.py:156} INFO - Started process (PID=542) to work on /home/airflow/.local/lib/python3.7/site-packages/airflow/example_dags/example_time_delta_sensor_async.py
[2022-09-20T16:22:42.482+0000] {processor.py:758} INFO - Processing file /home/airflow/.local/lib/python3.7/site-packages/airflow/example_dags/example_time_delta_sensor_async.py for tasks to queue
[2022-09-20T16:22:42.483+0000] {logging_mixin.py:117} INFO - [2022-09-20T16:22:42.483+0000] {dagbag.py:525} INFO - Filling up the DagBag from /home/airflow/.local/lib/python3.7/site-packages/airflow/example_dags/example_time_delta_sensor_async.py
[2022-09-20T16:22:42.494+0000] {processor.py:768} INFO - DAG(s) dict_keys(['example_time_delta_sensor_async']) retrieved from /home/airflow/.local/lib/python3.7/site-packages/airflow/example_dags/example_time_delta_sensor_async.py
[2022-09-20T16:22:42.698+0000] {logging_mixin.py:117} INFO - [2022-09-20T16:22:42.698+0000] {dag.py:2573} INFO - Sync 1 DAGs
[2022-09-20T16:22:42.718+0000] {logging_mixin.py:117} INFO - [2022-09-20T16:22:42.718+0000] {dag.py:3328} INFO - Setting next_dagrun for example_time_delta_sensor_async to None, run_after=None
[2022-09-20T16:22:42.733+0000] {processor.py:178} INFO - Processing /home/airflow/.local/lib/python3.7/site-packages/airflow/example_dags/example_time_delta_sensor_async.py took 0.253 seconds
[2022-09-20T16:23:12.957+0000] {processor.py:156} INFO - Started process (PID=605) to work on /home/airflow/.local/lib/python3.7/site-packages/airflow/example_dags/example_time_delta_sensor_async.py
[2022-09-20T16:23:12.958+0000] {processor.py:758} INFO - Processing file /home/airflow/.local/lib/python3.7/site-packages/airflow/example_dags/example_time_delta_sensor_async.py for tasks to queue
[2022-09-20T16:23:12.959+0000] {logging_mixin.py:117} INFO - [2022-09-20T16:23:12.959+0000] {dagbag.py:525} INFO - Filling up the DagBag from /home/airflow/.local/lib/python3.7/site-packages/airflow/example_dags/example_time_delta_sensor_async.py
[2022-09-20T16:23:12.976+0000] {processor.py:768} INFO - DAG(s) dict_keys(['example_time_delta_sensor_async']) retrieved from /home/airflow/.local/lib/python3.7/site-packages/airflow/example_dags/example_time_delta_sensor_async.py
[2022-09-20T16:23:13.274+0000] {logging_mixin.py:117} INFO - [2022-09-20T16:23:13.273+0000] {dag.py:2573} INFO - Sync 1 DAGs
[2022-09-20T16:23:13.300+0000] {logging_mixin.py:117} INFO - [2022-09-20T16:23:13.299+0000] {dag.py:3328} INFO - Setting next_dagrun for example_time_delta_sensor_async to None, run_after=None
[2022-09-20T16:23:13.321+0000] {processor.py:178} INFO - Processing /home/airflow/.local/lib/python3.7/site-packages/airflow/example_dags/example_time_delta_sensor_async.py took 0.366 seconds
[2022-09-20T16:23:43.436+0000] {processor.py:156} INFO - Started process (PID=658) to work on /home/airflow/.local/lib/python3.7/site-packages/airflow/example_dags/example_time_delta_sensor_async.py
[2022-09-20T16:23:43.437+0000] {processor.py:758} INFO - Processing file /home/airflow/.local/lib/python3.7/site-packages/airflow/example_dags/example_time_delta_sensor_async.py for tasks to queue
[2022-09-20T16:23:43.437+0000] {logging_mixin.py:117} INFO - [2022-09-20T16:23:43.437+0000] {dagbag.py:525} INFO - Filling up the DagBag from /home/airflow/.local/lib/python3.7/site-packages/airflow/example_dags/example_time_delta_sensor_async.py
[2022-09-20T16:23:43.449+0000] {processor.py:768} INFO - DAG(s) dict_keys(['example_time_delta_sensor_async']) retrieved from /home/airflow/.local/lib/python3.7/site-packages/airflow/example_dags/example_time_delta_sensor_async.py
[2022-09-20T16:23:43.687+0000] {logging_mixin.py:117} INFO - [2022-09-20T16:23:43.687+0000] {dag.py:2573} INFO - Sync 1 DAGs
[2022-09-20T16:23:43.709+0000] {logging_mixin.py:117} INFO - [2022-09-20T16:23:43.708+0000] {dag.py:3328} INFO - Setting next_dagrun for example_time_delta_sensor_async to None, run_after=None
[2022-09-20T16:23:43.727+0000] {processor.py:178} INFO - Processing /home/airflow/.local/lib/python3.7/site-packages/airflow/example_dags/example_time_delta_sensor_async.py took 0.293 seconds
[2022-09-20T16:24:13.987+0000] {processor.py:156} INFO - Started process (PID=720) to work on /home/airflow/.local/lib/python3.7/site-packages/airflow/example_dags/example_time_delta_sensor_async.py
[2022-09-20T16:24:13.987+0000] {processor.py:758} INFO - Processing file /home/airflow/.local/lib/python3.7/site-packages/airflow/example_dags/example_time_delta_sensor_async.py for tasks to queue
[2022-09-20T16:24:13.988+0000] {logging_mixin.py:117} INFO - [2022-09-20T16:24:13.988+0000] {dagbag.py:525} INFO - Filling up the DagBag from /home/airflow/.local/lib/python3.7/site-packages/airflow/example_dags/example_time_delta_sensor_async.py
[2022-09-20T16:24:13.998+0000] {processor.py:768} INFO - DAG(s) dict_keys(['example_time_delta_sensor_async']) retrieved from /home/airflow/.local/lib/python3.7/site-packages/airflow/example_dags/example_time_delta_sensor_async.py
[2022-09-20T16:24:14.282+0000] {logging_mixin.py:117} INFO - [2022-09-20T16:24:14.282+0000] {dag.py:2573} INFO - Sync 1 DAGs
[2022-09-20T16:24:14.302+0000] {logging_mixin.py:117} INFO - [2022-09-20T16:24:14.302+0000] {dag.py:3328} INFO - Setting next_dagrun for example_time_delta_sensor_async to None, run_after=None
[2022-09-20T16:24:14.319+0000] {processor.py:178} INFO - Processing /home/airflow/.local/lib/python3.7/site-packages/airflow/example_dags/example_time_delta_sensor_async.py took 0.334 seconds
[2022-09-20T16:24:44.599+0000] {processor.py:156} INFO - Started process (PID=780) to work on /home/airflow/.local/lib/python3.7/site-packages/airflow/example_dags/example_time_delta_sensor_async.py
[2022-09-20T16:24:44.600+0000] {processor.py:758} INFO - Processing file /home/airflow/.local/lib/python3.7/site-packages/airflow/example_dags/example_time_delta_sensor_async.py for tasks to queue
[2022-09-20T16:24:44.601+0000] {logging_mixin.py:117} INFO - [2022-09-20T16:24:44.600+0000] {dagbag.py:525} INFO - Filling up the DagBag from /home/airflow/.local/lib/python3.7/site-packages/airflow/example_dags/example_time_delta_sensor_async.py
[2022-09-20T16:24:44.619+0000] {processor.py:768} INFO - DAG(s) dict_keys(['example_time_delta_sensor_async']) retrieved from /home/airflow/.local/lib/python3.7/site-packages/airflow/example_dags/example_time_delta_sensor_async.py
[2022-09-20T16:24:45.049+0000] {logging_mixin.py:117} INFO - [2022-09-20T16:24:45.049+0000] {dag.py:2573} INFO - Sync 1 DAGs
[2022-09-20T16:24:45.076+0000] {logging_mixin.py:117} INFO - [2022-09-20T16:24:45.075+0000] {dag.py:3328} INFO - Setting next_dagrun for example_time_delta_sensor_async to None, run_after=None
[2022-09-20T16:24:45.104+0000] {processor.py:178} INFO - Processing /home/airflow/.local/lib/python3.7/site-packages/airflow/example_dags/example_time_delta_sensor_async.py took 0.508 seconds
[2022-09-20T16:25:15.913+0000] {processor.py:156} INFO - Started process (PID=836) to work on /home/airflow/.local/lib/python3.7/site-packages/airflow/example_dags/example_time_delta_sensor_async.py
[2022-09-20T16:25:15.914+0000] {processor.py:758} INFO - Processing file /home/airflow/.local/lib/python3.7/site-packages/airflow/example_dags/example_time_delta_sensor_async.py for tasks to queue
[2022-09-20T16:25:15.915+0000] {logging_mixin.py:117} INFO - [2022-09-20T16:25:15.915+0000] {dagbag.py:525} INFO - Filling up the DagBag from /home/airflow/.local/lib/python3.7/site-packages/airflow/example_dags/example_time_delta_sensor_async.py
[2022-09-20T16:25:15.927+0000] {processor.py:768} INFO - DAG(s) dict_keys(['example_time_delta_sensor_async']) retrieved from /home/airflow/.local/lib/python3.7/site-packages/airflow/example_dags/example_time_delta_sensor_async.py
[2022-09-20T16:25:16.233+0000] {logging_mixin.py:117} INFO - [2022-09-20T16:25:16.233+0000] {dag.py:2573} INFO - Sync 1 DAGs
[2022-09-20T16:25:16.272+0000] {logging_mixin.py:117} INFO - [2022-09-20T16:25:16.271+0000] {dag.py:3328} INFO - Setting next_dagrun for example_time_delta_sensor_async to None, run_after=None
[2022-09-20T16:25:16.301+0000] {processor.py:178} INFO - Processing /home/airflow/.local/lib/python3.7/site-packages/airflow/example_dags/example_time_delta_sensor_async.py took 0.390 seconds
[2022-09-20T16:25:46.392+0000] {processor.py:156} INFO - Started process (PID=900) to work on /home/airflow/.local/lib/python3.7/site-packages/airflow/example_dags/example_time_delta_sensor_async.py
[2022-09-20T16:25:46.392+0000] {processor.py:758} INFO - Processing file /home/airflow/.local/lib/python3.7/site-packages/airflow/example_dags/example_time_delta_sensor_async.py for tasks to queue
[2022-09-20T16:25:46.393+0000] {logging_mixin.py:117} INFO - [2022-09-20T16:25:46.393+0000] {dagbag.py:525} INFO - Filling up the DagBag from /home/airflow/.local/lib/python3.7/site-packages/airflow/example_dags/example_time_delta_sensor_async.py
[2022-09-20T16:25:46.405+0000] {processor.py:768} INFO - DAG(s) dict_keys(['example_time_delta_sensor_async']) retrieved from /home/airflow/.local/lib/python3.7/site-packages/airflow/example_dags/example_time_delta_sensor_async.py
[2022-09-20T16:25:46.677+0000] {logging_mixin.py:117} INFO - [2022-09-20T16:25:46.676+0000] {dag.py:2573} INFO - Sync 1 DAGs
[2022-09-20T16:25:46.697+0000] {logging_mixin.py:117} INFO - [2022-09-20T16:25:46.697+0000] {dag.py:3328} INFO - Setting next_dagrun for example_time_delta_sensor_async to None, run_after=None
[2022-09-20T16:25:46.715+0000] {processor.py:178} INFO - Processing /home/airflow/.local/lib/python3.7/site-packages/airflow/example_dags/example_time_delta_sensor_async.py took 0.325 seconds
[2022-09-20T16:26:16.933+0000] {processor.py:156} INFO - Started process (PID=952) to work on /home/airflow/.local/lib/python3.7/site-packages/airflow/example_dags/example_time_delta_sensor_async.py
[2022-09-20T16:26:16.934+0000] {processor.py:758} INFO - Processing file /home/airflow/.local/lib/python3.7/site-packages/airflow/example_dags/example_time_delta_sensor_async.py for tasks to queue
[2022-09-20T16:26:16.935+0000] {logging_mixin.py:117} INFO - [2022-09-20T16:26:16.935+0000] {dagbag.py:525} INFO - Filling up the DagBag from /home/airflow/.local/lib/python3.7/site-packages/airflow/example_dags/example_time_delta_sensor_async.py
[2022-09-20T16:26:16.976+0000] {processor.py:768} INFO - DAG(s) dict_keys(['example_time_delta_sensor_async']) retrieved from /home/airflow/.local/lib/python3.7/site-packages/airflow/example_dags/example_time_delta_sensor_async.py
[2022-09-20T16:26:17.455+0000] {logging_mixin.py:117} INFO - [2022-09-20T16:26:17.454+0000] {dag.py:2573} INFO - Sync 1 DAGs
[2022-09-20T16:26:17.494+0000] {logging_mixin.py:117} INFO - [2022-09-20T16:26:17.493+0000] {dag.py:3328} INFO - Setting next_dagrun for example_time_delta_sensor_async to None, run_after=None
[2022-09-20T16:26:17.526+0000] {processor.py:178} INFO - Processing /home/airflow/.local/lib/python3.7/site-packages/airflow/example_dags/example_time_delta_sensor_async.py took 0.596 seconds
[2022-09-20T16:26:48.348+0000] {processor.py:156} INFO - Started process (PID=1016) to work on /home/airflow/.local/lib/python3.7/site-packages/airflow/example_dags/example_time_delta_sensor_async.py
[2022-09-20T16:26:48.349+0000] {processor.py:758} INFO - Processing file /home/airflow/.local/lib/python3.7/site-packages/airflow/example_dags/example_time_delta_sensor_async.py for tasks to queue
[2022-09-20T16:26:48.350+0000] {logging_mixin.py:117} INFO - [2022-09-20T16:26:48.349+0000] {dagbag.py:525} INFO - Filling up the DagBag from /home/airflow/.local/lib/python3.7/site-packages/airflow/example_dags/example_time_delta_sensor_async.py
[2022-09-20T16:26:48.362+0000] {processor.py:768} INFO - DAG(s) dict_keys(['example_time_delta_sensor_async']) retrieved from /home/airflow/.local/lib/python3.7/site-packages/airflow/example_dags/example_time_delta_sensor_async.py
[2022-09-20T16:26:48.697+0000] {logging_mixin.py:117} INFO - [2022-09-20T16:26:48.697+0000] {dag.py:2573} INFO - Sync 1 DAGs
[2022-09-20T16:26:48.726+0000] {logging_mixin.py:117} INFO - [2022-09-20T16:26:48.725+0000] {dag.py:3328} INFO - Setting next_dagrun for example_time_delta_sensor_async to None, run_after=None
[2022-09-20T16:26:48.757+0000] {processor.py:178} INFO - Processing /home/airflow/.local/lib/python3.7/site-packages/airflow/example_dags/example_time_delta_sensor_async.py took 0.411 seconds
[2022-09-20T16:27:18.836+0000] {processor.py:156} INFO - Started process (PID=1080) to work on /home/airflow/.local/lib/python3.7/site-packages/airflow/example_dags/example_time_delta_sensor_async.py
[2022-09-20T16:27:18.837+0000] {processor.py:758} INFO - Processing file /home/airflow/.local/lib/python3.7/site-packages/airflow/example_dags/example_time_delta_sensor_async.py for tasks to queue
[2022-09-20T16:27:18.838+0000] {logging_mixin.py:117} INFO - [2022-09-20T16:27:18.837+0000] {dagbag.py:525} INFO - Filling up the DagBag from /home/airflow/.local/lib/python3.7/site-packages/airflow/example_dags/example_time_delta_sensor_async.py
[2022-09-20T16:27:18.849+0000] {processor.py:768} INFO - DAG(s) dict_keys(['example_time_delta_sensor_async']) retrieved from /home/airflow/.local/lib/python3.7/site-packages/airflow/example_dags/example_time_delta_sensor_async.py
[2022-09-20T16:27:19.122+0000] {logging_mixin.py:117} INFO - [2022-09-20T16:27:19.122+0000] {dag.py:2573} INFO - Sync 1 DAGs
[2022-09-20T16:27:19.143+0000] {logging_mixin.py:117} INFO - [2022-09-20T16:27:19.143+0000] {dag.py:3328} INFO - Setting next_dagrun for example_time_delta_sensor_async to None, run_after=None
[2022-09-20T16:27:19.161+0000] {processor.py:178} INFO - Processing /home/airflow/.local/lib/python3.7/site-packages/airflow/example_dags/example_time_delta_sensor_async.py took 0.328 seconds
[2022-09-20T16:27:49.241+0000] {processor.py:156} INFO - Started process (PID=1135) to work on /home/airflow/.local/lib/python3.7/site-packages/airflow/example_dags/example_time_delta_sensor_async.py
[2022-09-20T16:27:49.242+0000] {processor.py:758} INFO - Processing file /home/airflow/.local/lib/python3.7/site-packages/airflow/example_dags/example_time_delta_sensor_async.py for tasks to queue
[2022-09-20T16:27:49.242+0000] {logging_mixin.py:117} INFO - [2022-09-20T16:27:49.242+0000] {dagbag.py:525} INFO - Filling up the DagBag from /home/airflow/.local/lib/python3.7/site-packages/airflow/example_dags/example_time_delta_sensor_async.py
[2022-09-20T16:27:49.259+0000] {processor.py:768} INFO - DAG(s) dict_keys(['example_time_delta_sensor_async']) retrieved from /home/airflow/.local/lib/python3.7/site-packages/airflow/example_dags/example_time_delta_sensor_async.py
[2022-09-20T16:27:49.629+0000] {logging_mixin.py:117} INFO - [2022-09-20T16:27:49.629+0000] {dag.py:2573} INFO - Sync 1 DAGs
[2022-09-20T16:27:49.661+0000] {logging_mixin.py:117} INFO - [2022-09-20T16:27:49.661+0000] {dag.py:3328} INFO - Setting next_dagrun for example_time_delta_sensor_async to None, run_after=None
[2022-09-20T16:27:49.684+0000] {processor.py:178} INFO - Processing /home/airflow/.local/lib/python3.7/site-packages/airflow/example_dags/example_time_delta_sensor_async.py took 0.445 seconds
[2022-09-20T16:28:20.511+0000] {processor.py:156} INFO - Started process (PID=1199) to work on /home/airflow/.local/lib/python3.7/site-packages/airflow/example_dags/example_time_delta_sensor_async.py
[2022-09-20T16:28:20.512+0000] {processor.py:758} INFO - Processing file /home/airflow/.local/lib/python3.7/site-packages/airflow/example_dags/example_time_delta_sensor_async.py for tasks to queue
[2022-09-20T16:28:20.512+0000] {logging_mixin.py:117} INFO - [2022-09-20T16:28:20.512+0000] {dagbag.py:525} INFO - Filling up the DagBag from /home/airflow/.local/lib/python3.7/site-packages/airflow/example_dags/example_time_delta_sensor_async.py
[2022-09-20T16:28:20.526+0000] {processor.py:768} INFO - DAG(s) dict_keys(['example_time_delta_sensor_async']) retrieved from /home/airflow/.local/lib/python3.7/site-packages/airflow/example_dags/example_time_delta_sensor_async.py
[2022-09-20T16:28:20.736+0000] {logging_mixin.py:117} INFO - [2022-09-20T16:28:20.735+0000] {dag.py:2573} INFO - Sync 1 DAGs
[2022-09-20T16:28:20.755+0000] {logging_mixin.py:117} INFO - [2022-09-20T16:28:20.755+0000] {dag.py:3328} INFO - Setting next_dagrun for example_time_delta_sensor_async to None, run_after=None
[2022-09-20T16:28:20.774+0000] {processor.py:178} INFO - Processing /home/airflow/.local/lib/python3.7/site-packages/airflow/example_dags/example_time_delta_sensor_async.py took 0.266 seconds
[2022-09-20T16:28:51.137+0000] {processor.py:156} INFO - Started process (PID=1262) to work on /home/airflow/.local/lib/python3.7/site-packages/airflow/example_dags/example_time_delta_sensor_async.py
[2022-09-20T16:28:51.138+0000] {processor.py:758} INFO - Processing file /home/airflow/.local/lib/python3.7/site-packages/airflow/example_dags/example_time_delta_sensor_async.py for tasks to queue
[2022-09-20T16:28:51.138+0000] {logging_mixin.py:117} INFO - [2022-09-20T16:28:51.138+0000] {dagbag.py:525} INFO - Filling up the DagBag from /home/airflow/.local/lib/python3.7/site-packages/airflow/example_dags/example_time_delta_sensor_async.py
[2022-09-20T16:28:51.150+0000] {processor.py:768} INFO - DAG(s) dict_keys(['example_time_delta_sensor_async']) retrieved from /home/airflow/.local/lib/python3.7/site-packages/airflow/example_dags/example_time_delta_sensor_async.py
[2022-09-20T16:28:51.447+0000] {logging_mixin.py:117} INFO - [2022-09-20T16:28:51.446+0000] {dag.py:2573} INFO - Sync 1 DAGs
[2022-09-20T16:28:51.473+0000] {logging_mixin.py:117} INFO - [2022-09-20T16:28:51.472+0000] {dag.py:3328} INFO - Setting next_dagrun for example_time_delta_sensor_async to None, run_after=None
[2022-09-20T16:28:51.492+0000] {processor.py:178} INFO - Processing /home/airflow/.local/lib/python3.7/site-packages/airflow/example_dags/example_time_delta_sensor_async.py took 0.359 seconds
[2022-09-20T16:29:21.614+0000] {processor.py:156} INFO - Started process (PID=1318) to work on /home/airflow/.local/lib/python3.7/site-packages/airflow/example_dags/example_time_delta_sensor_async.py
[2022-09-20T16:29:21.614+0000] {processor.py:758} INFO - Processing file /home/airflow/.local/lib/python3.7/site-packages/airflow/example_dags/example_time_delta_sensor_async.py for tasks to queue
[2022-09-20T16:29:21.615+0000] {logging_mixin.py:117} INFO - [2022-09-20T16:29:21.615+0000] {dagbag.py:525} INFO - Filling up the DagBag from /home/airflow/.local/lib/python3.7/site-packages/airflow/example_dags/example_time_delta_sensor_async.py
[2022-09-20T16:29:21.627+0000] {processor.py:768} INFO - DAG(s) dict_keys(['example_time_delta_sensor_async']) retrieved from /home/airflow/.local/lib/python3.7/site-packages/airflow/example_dags/example_time_delta_sensor_async.py
[2022-09-20T16:29:21.908+0000] {logging_mixin.py:117} INFO - [2022-09-20T16:29:21.907+0000] {dag.py:2573} INFO - Sync 1 DAGs
[2022-09-20T16:29:21.929+0000] {logging_mixin.py:117} INFO - [2022-09-20T16:29:21.929+0000] {dag.py:3328} INFO - Setting next_dagrun for example_time_delta_sensor_async to None, run_after=None
[2022-09-20T16:29:21.950+0000] {processor.py:178} INFO - Processing /home/airflow/.local/lib/python3.7/site-packages/airflow/example_dags/example_time_delta_sensor_async.py took 0.338 seconds
[2022-09-20T16:29:52.019+0000] {processor.py:156} INFO - Started process (PID=1377) to work on /home/airflow/.local/lib/python3.7/site-packages/airflow/example_dags/example_time_delta_sensor_async.py
[2022-09-20T16:29:52.020+0000] {processor.py:758} INFO - Processing file /home/airflow/.local/lib/python3.7/site-packages/airflow/example_dags/example_time_delta_sensor_async.py for tasks to queue
[2022-09-20T16:29:52.021+0000] {logging_mixin.py:117} INFO - [2022-09-20T16:29:52.021+0000] {dagbag.py:525} INFO - Filling up the DagBag from /home/airflow/.local/lib/python3.7/site-packages/airflow/example_dags/example_time_delta_sensor_async.py
[2022-09-20T16:29:52.033+0000] {processor.py:768} INFO - DAG(s) dict_keys(['example_time_delta_sensor_async']) retrieved from /home/airflow/.local/lib/python3.7/site-packages/airflow/example_dags/example_time_delta_sensor_async.py
[2022-09-20T16:29:52.251+0000] {logging_mixin.py:117} INFO - [2022-09-20T16:29:52.251+0000] {dag.py:2573} INFO - Sync 1 DAGs
[2022-09-20T16:29:52.275+0000] {logging_mixin.py:117} INFO - [2022-09-20T16:29:52.275+0000] {dag.py:3328} INFO - Setting next_dagrun for example_time_delta_sensor_async to None, run_after=None
[2022-09-20T16:29:52.296+0000] {processor.py:178} INFO - Processing /home/airflow/.local/lib/python3.7/site-packages/airflow/example_dags/example_time_delta_sensor_async.py took 0.279 seconds
[2022-09-20T16:30:22.841+0000] {processor.py:156} INFO - Started process (PID=1440) to work on /home/airflow/.local/lib/python3.7/site-packages/airflow/example_dags/example_time_delta_sensor_async.py
[2022-09-20T16:30:22.843+0000] {processor.py:758} INFO - Processing file /home/airflow/.local/lib/python3.7/site-packages/airflow/example_dags/example_time_delta_sensor_async.py for tasks to queue
[2022-09-20T16:30:22.844+0000] {logging_mixin.py:117} INFO - [2022-09-20T16:30:22.844+0000] {dagbag.py:525} INFO - Filling up the DagBag from /home/airflow/.local/lib/python3.7/site-packages/airflow/example_dags/example_time_delta_sensor_async.py
[2022-09-20T16:30:22.883+0000] {processor.py:768} INFO - DAG(s) dict_keys(['example_time_delta_sensor_async']) retrieved from /home/airflow/.local/lib/python3.7/site-packages/airflow/example_dags/example_time_delta_sensor_async.py
[2022-09-20T16:30:23.549+0000] {logging_mixin.py:117} INFO - [2022-09-20T16:30:23.549+0000] {dag.py:2573} INFO - Sync 1 DAGs
[2022-09-20T16:30:23.596+0000] {logging_mixin.py:117} INFO - [2022-09-20T16:30:23.596+0000] {dag.py:3328} INFO - Setting next_dagrun for example_time_delta_sensor_async to None, run_after=None
[2022-09-20T16:30:23.634+0000] {processor.py:178} INFO - Processing /home/airflow/.local/lib/python3.7/site-packages/airflow/example_dags/example_time_delta_sensor_async.py took 0.796 seconds
[2022-09-20T16:30:54.238+0000] {processor.py:156} INFO - Started process (PID=1495) to work on /home/airflow/.local/lib/python3.7/site-packages/airflow/example_dags/example_time_delta_sensor_async.py
[2022-09-20T16:30:54.239+0000] {processor.py:758} INFO - Processing file /home/airflow/.local/lib/python3.7/site-packages/airflow/example_dags/example_time_delta_sensor_async.py for tasks to queue
[2022-09-20T16:30:54.240+0000] {logging_mixin.py:117} INFO - [2022-09-20T16:30:54.239+0000] {dagbag.py:525} INFO - Filling up the DagBag from /home/airflow/.local/lib/python3.7/site-packages/airflow/example_dags/example_time_delta_sensor_async.py
[2022-09-20T16:30:54.256+0000] {processor.py:768} INFO - DAG(s) dict_keys(['example_time_delta_sensor_async']) retrieved from /home/airflow/.local/lib/python3.7/site-packages/airflow/example_dags/example_time_delta_sensor_async.py
[2022-09-20T16:30:54.553+0000] {logging_mixin.py:117} INFO - [2022-09-20T16:30:54.553+0000] {dag.py:2573} INFO - Sync 1 DAGs
[2022-09-20T16:30:54.573+0000] {logging_mixin.py:117} INFO - [2022-09-20T16:30:54.573+0000] {dag.py:3328} INFO - Setting next_dagrun for example_time_delta_sensor_async to None, run_after=None
[2022-09-20T16:30:54.588+0000] {processor.py:178} INFO - Processing /home/airflow/.local/lib/python3.7/site-packages/airflow/example_dags/example_time_delta_sensor_async.py took 0.352 seconds
[2022-09-20T16:31:24.714+0000] {processor.py:156} INFO - Started process (PID=1561) to work on /home/airflow/.local/lib/python3.7/site-packages/airflow/example_dags/example_time_delta_sensor_async.py
[2022-09-20T16:31:24.715+0000] {processor.py:758} INFO - Processing file /home/airflow/.local/lib/python3.7/site-packages/airflow/example_dags/example_time_delta_sensor_async.py for tasks to queue
[2022-09-20T16:31:24.718+0000] {logging_mixin.py:117} INFO - [2022-09-20T16:31:24.718+0000] {dagbag.py:525} INFO - Filling up the DagBag from /home/airflow/.local/lib/python3.7/site-packages/airflow/example_dags/example_time_delta_sensor_async.py
[2022-09-20T16:31:24.765+0000] {processor.py:768} INFO - DAG(s) dict_keys(['example_time_delta_sensor_async']) retrieved from /home/airflow/.local/lib/python3.7/site-packages/airflow/example_dags/example_time_delta_sensor_async.py
[2022-09-20T16:31:25.262+0000] {logging_mixin.py:117} INFO - [2022-09-20T16:31:25.260+0000] {dag.py:2573} INFO - Sync 1 DAGs
[2022-09-20T16:31:25.310+0000] {logging_mixin.py:117} INFO - [2022-09-20T16:31:25.309+0000] {dag.py:3328} INFO - Setting next_dagrun for example_time_delta_sensor_async to None, run_after=None
[2022-09-20T16:31:25.340+0000] {processor.py:178} INFO - Processing /home/airflow/.local/lib/python3.7/site-packages/airflow/example_dags/example_time_delta_sensor_async.py took 0.632 seconds
[2022-09-20T16:31:56.127+0000] {processor.py:156} INFO - Started process (PID=1615) to work on /home/airflow/.local/lib/python3.7/site-packages/airflow/example_dags/example_time_delta_sensor_async.py
[2022-09-20T16:31:56.128+0000] {processor.py:758} INFO - Processing file /home/airflow/.local/lib/python3.7/site-packages/airflow/example_dags/example_time_delta_sensor_async.py for tasks to queue
[2022-09-20T16:31:56.129+0000] {logging_mixin.py:117} INFO - [2022-09-20T16:31:56.129+0000] {dagbag.py:525} INFO - Filling up the DagBag from /home/airflow/.local/lib/python3.7/site-packages/airflow/example_dags/example_time_delta_sensor_async.py
[2022-09-20T16:31:56.166+0000] {processor.py:768} INFO - DAG(s) dict_keys(['example_time_delta_sensor_async']) retrieved from /home/airflow/.local/lib/python3.7/site-packages/airflow/example_dags/example_time_delta_sensor_async.py
[2022-09-20T16:31:56.638+0000] {logging_mixin.py:117} INFO - [2022-09-20T16:31:56.638+0000] {dag.py:2573} INFO - Sync 1 DAGs
[2022-09-20T16:31:56.674+0000] {logging_mixin.py:117} INFO - [2022-09-20T16:31:56.673+0000] {dag.py:3328} INFO - Setting next_dagrun for example_time_delta_sensor_async to None, run_after=None
[2022-09-20T16:31:56.701+0000] {processor.py:178} INFO - Processing /home/airflow/.local/lib/python3.7/site-packages/airflow/example_dags/example_time_delta_sensor_async.py took 0.577 seconds
[2022-09-20T16:32:26.936+0000] {processor.py:156} INFO - Started process (PID=1678) to work on /home/airflow/.local/lib/python3.7/site-packages/airflow/example_dags/example_time_delta_sensor_async.py
[2022-09-20T16:32:26.938+0000] {processor.py:758} INFO - Processing file /home/airflow/.local/lib/python3.7/site-packages/airflow/example_dags/example_time_delta_sensor_async.py for tasks to queue
[2022-09-20T16:32:26.939+0000] {logging_mixin.py:117} INFO - [2022-09-20T16:32:26.939+0000] {dagbag.py:525} INFO - Filling up the DagBag from /home/airflow/.local/lib/python3.7/site-packages/airflow/example_dags/example_time_delta_sensor_async.py
[2022-09-20T16:32:26.955+0000] {processor.py:768} INFO - DAG(s) dict_keys(['example_time_delta_sensor_async']) retrieved from /home/airflow/.local/lib/python3.7/site-packages/airflow/example_dags/example_time_delta_sensor_async.py
[2022-09-20T16:32:27.175+0000] {logging_mixin.py:117} INFO - [2022-09-20T16:32:27.175+0000] {dag.py:2573} INFO - Sync 1 DAGs
[2022-09-20T16:32:27.198+0000] {logging_mixin.py:117} INFO - [2022-09-20T16:32:27.198+0000] {dag.py:3328} INFO - Setting next_dagrun for example_time_delta_sensor_async to None, run_after=None
[2022-09-20T16:32:27.215+0000] {processor.py:178} INFO - Processing /home/airflow/.local/lib/python3.7/site-packages/airflow/example_dags/example_time_delta_sensor_async.py took 0.283 seconds
[2022-09-20T16:32:57.463+0000] {processor.py:156} INFO - Started process (PID=1732) to work on /home/airflow/.local/lib/python3.7/site-packages/airflow/example_dags/example_time_delta_sensor_async.py
[2022-09-20T16:32:57.464+0000] {processor.py:758} INFO - Processing file /home/airflow/.local/lib/python3.7/site-packages/airflow/example_dags/example_time_delta_sensor_async.py for tasks to queue
[2022-09-20T16:32:57.465+0000] {logging_mixin.py:117} INFO - [2022-09-20T16:32:57.465+0000] {dagbag.py:525} INFO - Filling up the DagBag from /home/airflow/.local/lib/python3.7/site-packages/airflow/example_dags/example_time_delta_sensor_async.py
[2022-09-20T16:32:57.481+0000] {processor.py:768} INFO - DAG(s) dict_keys(['example_time_delta_sensor_async']) retrieved from /home/airflow/.local/lib/python3.7/site-packages/airflow/example_dags/example_time_delta_sensor_async.py
[2022-09-20T16:32:57.649+0000] {logging_mixin.py:117} INFO - [2022-09-20T16:32:57.649+0000] {dag.py:2573} INFO - Sync 1 DAGs
[2022-09-20T16:32:57.669+0000] {logging_mixin.py:117} INFO - [2022-09-20T16:32:57.668+0000] {dag.py:3328} INFO - Setting next_dagrun for example_time_delta_sensor_async to None, run_after=None
[2022-09-20T16:32:57.685+0000] {processor.py:178} INFO - Processing /home/airflow/.local/lib/python3.7/site-packages/airflow/example_dags/example_time_delta_sensor_async.py took 0.226 seconds
[2022-09-20T16:33:27.825+0000] {processor.py:156} INFO - Started process (PID=1795) to work on /home/airflow/.local/lib/python3.7/site-packages/airflow/example_dags/example_time_delta_sensor_async.py
[2022-09-20T16:33:27.825+0000] {processor.py:758} INFO - Processing file /home/airflow/.local/lib/python3.7/site-packages/airflow/example_dags/example_time_delta_sensor_async.py for tasks to queue
[2022-09-20T16:33:27.826+0000] {logging_mixin.py:117} INFO - [2022-09-20T16:33:27.826+0000] {dagbag.py:525} INFO - Filling up the DagBag from /home/airflow/.local/lib/python3.7/site-packages/airflow/example_dags/example_time_delta_sensor_async.py
[2022-09-20T16:33:27.848+0000] {processor.py:768} INFO - DAG(s) dict_keys(['example_time_delta_sensor_async']) retrieved from /home/airflow/.local/lib/python3.7/site-packages/airflow/example_dags/example_time_delta_sensor_async.py
[2022-09-20T16:33:28.173+0000] {logging_mixin.py:117} INFO - [2022-09-20T16:33:28.173+0000] {dag.py:2573} INFO - Sync 1 DAGs
[2022-09-20T16:33:28.200+0000] {logging_mixin.py:117} INFO - [2022-09-20T16:33:28.200+0000] {dag.py:3328} INFO - Setting next_dagrun for example_time_delta_sensor_async to None, run_after=None
[2022-09-20T16:33:28.219+0000] {processor.py:178} INFO - Processing /home/airflow/.local/lib/python3.7/site-packages/airflow/example_dags/example_time_delta_sensor_async.py took 0.397 seconds
[2022-09-20T16:33:58.697+0000] {processor.py:156} INFO - Started process (PID=1857) to work on /home/airflow/.local/lib/python3.7/site-packages/airflow/example_dags/example_time_delta_sensor_async.py
[2022-09-20T16:33:58.698+0000] {processor.py:758} INFO - Processing file /home/airflow/.local/lib/python3.7/site-packages/airflow/example_dags/example_time_delta_sensor_async.py for tasks to queue
[2022-09-20T16:33:58.698+0000] {logging_mixin.py:117} INFO - [2022-09-20T16:33:58.698+0000] {dagbag.py:525} INFO - Filling up the DagBag from /home/airflow/.local/lib/python3.7/site-packages/airflow/example_dags/example_time_delta_sensor_async.py
[2022-09-20T16:33:58.710+0000] {processor.py:768} INFO - DAG(s) dict_keys(['example_time_delta_sensor_async']) retrieved from /home/airflow/.local/lib/python3.7/site-packages/airflow/example_dags/example_time_delta_sensor_async.py
[2022-09-20T16:33:58.983+0000] {logging_mixin.py:117} INFO - [2022-09-20T16:33:58.982+0000] {dag.py:2573} INFO - Sync 1 DAGs
[2022-09-20T16:33:59.005+0000] {logging_mixin.py:117} INFO - [2022-09-20T16:33:59.004+0000] {dag.py:3328} INFO - Setting next_dagrun for example_time_delta_sensor_async to None, run_after=None
[2022-09-20T16:33:59.025+0000] {processor.py:178} INFO - Processing /home/airflow/.local/lib/python3.7/site-packages/airflow/example_dags/example_time_delta_sensor_async.py took 0.334 seconds
[2022-09-20T16:34:29.290+0000] {processor.py:156} INFO - Started process (PID=1910) to work on /home/airflow/.local/lib/python3.7/site-packages/airflow/example_dags/example_time_delta_sensor_async.py
[2022-09-20T16:34:29.291+0000] {processor.py:758} INFO - Processing file /home/airflow/.local/lib/python3.7/site-packages/airflow/example_dags/example_time_delta_sensor_async.py for tasks to queue
[2022-09-20T16:34:29.291+0000] {logging_mixin.py:117} INFO - [2022-09-20T16:34:29.291+0000] {dagbag.py:525} INFO - Filling up the DagBag from /home/airflow/.local/lib/python3.7/site-packages/airflow/example_dags/example_time_delta_sensor_async.py
[2022-09-20T16:34:29.304+0000] {processor.py:768} INFO - DAG(s) dict_keys(['example_time_delta_sensor_async']) retrieved from /home/airflow/.local/lib/python3.7/site-packages/airflow/example_dags/example_time_delta_sensor_async.py
[2022-09-20T16:34:29.523+0000] {logging_mixin.py:117} INFO - [2022-09-20T16:34:29.523+0000] {dag.py:2573} INFO - Sync 1 DAGs
[2022-09-20T16:34:29.548+0000] {logging_mixin.py:117} INFO - [2022-09-20T16:34:29.548+0000] {dag.py:3328} INFO - Setting next_dagrun for example_time_delta_sensor_async to None, run_after=None
[2022-09-20T16:34:29.569+0000] {processor.py:178} INFO - Processing /home/airflow/.local/lib/python3.7/site-packages/airflow/example_dags/example_time_delta_sensor_async.py took 0.280 seconds
[2022-09-20T16:35:00.249+0000] {processor.py:156} INFO - Started process (PID=1973) to work on /home/airflow/.local/lib/python3.7/site-packages/airflow/example_dags/example_time_delta_sensor_async.py
[2022-09-20T16:35:00.250+0000] {processor.py:758} INFO - Processing file /home/airflow/.local/lib/python3.7/site-packages/airflow/example_dags/example_time_delta_sensor_async.py for tasks to queue
[2022-09-20T16:35:00.250+0000] {logging_mixin.py:117} INFO - [2022-09-20T16:35:00.250+0000] {dagbag.py:525} INFO - Filling up the DagBag from /home/airflow/.local/lib/python3.7/site-packages/airflow/example_dags/example_time_delta_sensor_async.py
[2022-09-20T16:35:00.263+0000] {processor.py:768} INFO - DAG(s) dict_keys(['example_time_delta_sensor_async']) retrieved from /home/airflow/.local/lib/python3.7/site-packages/airflow/example_dags/example_time_delta_sensor_async.py
[2022-09-20T16:35:00.521+0000] {logging_mixin.py:117} INFO - [2022-09-20T16:35:00.521+0000] {dag.py:2573} INFO - Sync 1 DAGs
[2022-09-20T16:35:00.549+0000] {logging_mixin.py:117} INFO - [2022-09-20T16:35:00.548+0000] {dag.py:3328} INFO - Setting next_dagrun for example_time_delta_sensor_async to None, run_after=None
[2022-09-20T16:35:00.569+0000] {processor.py:178} INFO - Processing /home/airflow/.local/lib/python3.7/site-packages/airflow/example_dags/example_time_delta_sensor_async.py took 0.322 seconds
[2022-09-20T16:35:31.226+0000] {processor.py:156} INFO - Started process (PID=2026) to work on /home/airflow/.local/lib/python3.7/site-packages/airflow/example_dags/example_time_delta_sensor_async.py
[2022-09-20T16:35:31.228+0000] {processor.py:758} INFO - Processing file /home/airflow/.local/lib/python3.7/site-packages/airflow/example_dags/example_time_delta_sensor_async.py for tasks to queue
[2022-09-20T16:35:31.229+0000] {logging_mixin.py:117} INFO - [2022-09-20T16:35:31.228+0000] {dagbag.py:525} INFO - Filling up the DagBag from /home/airflow/.local/lib/python3.7/site-packages/airflow/example_dags/example_time_delta_sensor_async.py
[2022-09-20T16:35:31.276+0000] {processor.py:768} INFO - DAG(s) dict_keys(['example_time_delta_sensor_async']) retrieved from /home/airflow/.local/lib/python3.7/site-packages/airflow/example_dags/example_time_delta_sensor_async.py
[2022-09-20T16:35:31.916+0000] {logging_mixin.py:117} INFO - [2022-09-20T16:35:31.915+0000] {dag.py:2573} INFO - Sync 1 DAGs
[2022-09-20T16:35:31.961+0000] {logging_mixin.py:117} INFO - [2022-09-20T16:35:31.960+0000] {dag.py:3328} INFO - Setting next_dagrun for example_time_delta_sensor_async to None, run_after=None
[2022-09-20T16:35:31.993+0000] {processor.py:178} INFO - Processing /home/airflow/.local/lib/python3.7/site-packages/airflow/example_dags/example_time_delta_sensor_async.py took 0.772 seconds
[2022-09-20T16:36:02.418+0000] {processor.py:156} INFO - Started process (PID=2088) to work on /home/airflow/.local/lib/python3.7/site-packages/airflow/example_dags/example_time_delta_sensor_async.py
[2022-09-20T16:36:02.421+0000] {processor.py:758} INFO - Processing file /home/airflow/.local/lib/python3.7/site-packages/airflow/example_dags/example_time_delta_sensor_async.py for tasks to queue
[2022-09-20T16:36:02.422+0000] {logging_mixin.py:117} INFO - [2022-09-20T16:36:02.422+0000] {dagbag.py:525} INFO - Filling up the DagBag from /home/airflow/.local/lib/python3.7/site-packages/airflow/example_dags/example_time_delta_sensor_async.py
[2022-09-20T16:36:02.470+0000] {processor.py:768} INFO - DAG(s) dict_keys(['example_time_delta_sensor_async']) retrieved from /home/airflow/.local/lib/python3.7/site-packages/airflow/example_dags/example_time_delta_sensor_async.py
[2022-09-20T16:36:03.191+0000] {logging_mixin.py:117} INFO - [2022-09-20T16:36:03.190+0000] {dag.py:2573} INFO - Sync 1 DAGs
[2022-09-20T16:36:03.269+0000] {logging_mixin.py:117} INFO - [2022-09-20T16:36:03.269+0000] {dag.py:3328} INFO - Setting next_dagrun for example_time_delta_sensor_async to None, run_after=None
[2022-09-20T16:36:03.328+0000] {processor.py:178} INFO - Processing /home/airflow/.local/lib/python3.7/site-packages/airflow/example_dags/example_time_delta_sensor_async.py took 0.917 seconds
[2022-09-20T16:36:33.502+0000] {processor.py:156} INFO - Started process (PID=2142) to work on /home/airflow/.local/lib/python3.7/site-packages/airflow/example_dags/example_time_delta_sensor_async.py
[2022-09-20T16:36:33.503+0000] {processor.py:758} INFO - Processing file /home/airflow/.local/lib/python3.7/site-packages/airflow/example_dags/example_time_delta_sensor_async.py for tasks to queue
[2022-09-20T16:36:33.503+0000] {logging_mixin.py:117} INFO - [2022-09-20T16:36:33.503+0000] {dagbag.py:525} INFO - Filling up the DagBag from /home/airflow/.local/lib/python3.7/site-packages/airflow/example_dags/example_time_delta_sensor_async.py
[2022-09-20T16:36:33.522+0000] {processor.py:768} INFO - DAG(s) dict_keys(['example_time_delta_sensor_async']) retrieved from /home/airflow/.local/lib/python3.7/site-packages/airflow/example_dags/example_time_delta_sensor_async.py
[2022-09-20T16:36:33.780+0000] {logging_mixin.py:117} INFO - [2022-09-20T16:36:33.779+0000] {dag.py:2573} INFO - Sync 1 DAGs
[2022-09-20T16:36:33.803+0000] {logging_mixin.py:117} INFO - [2022-09-20T16:36:33.803+0000] {dag.py:3328} INFO - Setting next_dagrun for example_time_delta_sensor_async to None, run_after=None
[2022-09-20T16:36:33.824+0000] {processor.py:178} INFO - Processing /home/airflow/.local/lib/python3.7/site-packages/airflow/example_dags/example_time_delta_sensor_async.py took 0.325 seconds
[2022-09-20T16:37:04.515+0000] {processor.py:156} INFO - Started process (PID=2205) to work on /home/airflow/.local/lib/python3.7/site-packages/airflow/example_dags/example_time_delta_sensor_async.py
[2022-09-20T16:37:04.516+0000] {processor.py:758} INFO - Processing file /home/airflow/.local/lib/python3.7/site-packages/airflow/example_dags/example_time_delta_sensor_async.py for tasks to queue
[2022-09-20T16:37:04.517+0000] {logging_mixin.py:117} INFO - [2022-09-20T16:37:04.517+0000] {dagbag.py:525} INFO - Filling up the DagBag from /home/airflow/.local/lib/python3.7/site-packages/airflow/example_dags/example_time_delta_sensor_async.py
[2022-09-20T16:37:04.534+0000] {processor.py:768} INFO - DAG(s) dict_keys(['example_time_delta_sensor_async']) retrieved from /home/airflow/.local/lib/python3.7/site-packages/airflow/example_dags/example_time_delta_sensor_async.py
[2022-09-20T16:37:04.798+0000] {logging_mixin.py:117} INFO - [2022-09-20T16:37:04.797+0000] {dag.py:2573} INFO - Sync 1 DAGs
[2022-09-20T16:37:04.819+0000] {logging_mixin.py:117} INFO - [2022-09-20T16:37:04.818+0000] {dag.py:3328} INFO - Setting next_dagrun for example_time_delta_sensor_async to None, run_after=None
[2022-09-20T16:37:04.838+0000] {processor.py:178} INFO - Processing /home/airflow/.local/lib/python3.7/site-packages/airflow/example_dags/example_time_delta_sensor_async.py took 0.326 seconds
[2022-09-20T16:37:35.253+0000] {processor.py:156} INFO - Started process (PID=2259) to work on /home/airflow/.local/lib/python3.7/site-packages/airflow/example_dags/example_time_delta_sensor_async.py
[2022-09-20T16:37:35.254+0000] {processor.py:758} INFO - Processing file /home/airflow/.local/lib/python3.7/site-packages/airflow/example_dags/example_time_delta_sensor_async.py for tasks to queue
[2022-09-20T16:37:35.255+0000] {logging_mixin.py:117} INFO - [2022-09-20T16:37:35.255+0000] {dagbag.py:525} INFO - Filling up the DagBag from /home/airflow/.local/lib/python3.7/site-packages/airflow/example_dags/example_time_delta_sensor_async.py
[2022-09-20T16:37:35.270+0000] {processor.py:768} INFO - DAG(s) dict_keys(['example_time_delta_sensor_async']) retrieved from /home/airflow/.local/lib/python3.7/site-packages/airflow/example_dags/example_time_delta_sensor_async.py
[2022-09-20T16:37:35.500+0000] {logging_mixin.py:117} INFO - [2022-09-20T16:37:35.500+0000] {dag.py:2573} INFO - Sync 1 DAGs
[2022-09-20T16:37:35.520+0000] {logging_mixin.py:117} INFO - [2022-09-20T16:37:35.520+0000] {dag.py:3328} INFO - Setting next_dagrun for example_time_delta_sensor_async to None, run_after=None
[2022-09-20T16:37:35.538+0000] {processor.py:178} INFO - Processing /home/airflow/.local/lib/python3.7/site-packages/airflow/example_dags/example_time_delta_sensor_async.py took 0.291 seconds
[2022-09-20T16:38:05.962+0000] {processor.py:156} INFO - Started process (PID=2322) to work on /home/airflow/.local/lib/python3.7/site-packages/airflow/example_dags/example_time_delta_sensor_async.py
[2022-09-20T16:38:05.963+0000] {processor.py:758} INFO - Processing file /home/airflow/.local/lib/python3.7/site-packages/airflow/example_dags/example_time_delta_sensor_async.py for tasks to queue
[2022-09-20T16:38:05.963+0000] {logging_mixin.py:117} INFO - [2022-09-20T16:38:05.963+0000] {dagbag.py:525} INFO - Filling up the DagBag from /home/airflow/.local/lib/python3.7/site-packages/airflow/example_dags/example_time_delta_sensor_async.py
[2022-09-20T16:38:05.978+0000] {processor.py:768} INFO - DAG(s) dict_keys(['example_time_delta_sensor_async']) retrieved from /home/airflow/.local/lib/python3.7/site-packages/airflow/example_dags/example_time_delta_sensor_async.py
[2022-09-20T16:38:06.304+0000] {logging_mixin.py:117} INFO - [2022-09-20T16:38:06.304+0000] {dag.py:2573} INFO - Sync 1 DAGs
[2022-09-20T16:38:06.330+0000] {logging_mixin.py:117} INFO - [2022-09-20T16:38:06.330+0000] {dag.py:3328} INFO - Setting next_dagrun for example_time_delta_sensor_async to None, run_after=None
[2022-09-20T16:38:06.353+0000] {processor.py:178} INFO - Processing /home/airflow/.local/lib/python3.7/site-packages/airflow/example_dags/example_time_delta_sensor_async.py took 0.393 seconds
[2022-09-20T16:38:36.617+0000] {processor.py:156} INFO - Started process (PID=2385) to work on /home/airflow/.local/lib/python3.7/site-packages/airflow/example_dags/example_time_delta_sensor_async.py
[2022-09-20T16:38:36.617+0000] {processor.py:758} INFO - Processing file /home/airflow/.local/lib/python3.7/site-packages/airflow/example_dags/example_time_delta_sensor_async.py for tasks to queue
[2022-09-20T16:38:36.618+0000] {logging_mixin.py:117} INFO - [2022-09-20T16:38:36.618+0000] {dagbag.py:525} INFO - Filling up the DagBag from /home/airflow/.local/lib/python3.7/site-packages/airflow/example_dags/example_time_delta_sensor_async.py
[2022-09-20T16:38:36.634+0000] {processor.py:768} INFO - DAG(s) dict_keys(['example_time_delta_sensor_async']) retrieved from /home/airflow/.local/lib/python3.7/site-packages/airflow/example_dags/example_time_delta_sensor_async.py
[2022-09-20T16:38:36.932+0000] {logging_mixin.py:117} INFO - [2022-09-20T16:38:36.932+0000] {dag.py:2573} INFO - Sync 1 DAGs
[2022-09-20T16:38:36.975+0000] {logging_mixin.py:117} INFO - [2022-09-20T16:38:36.975+0000] {dag.py:3328} INFO - Setting next_dagrun for example_time_delta_sensor_async to None, run_after=None
[2022-09-20T16:38:37.007+0000] {processor.py:178} INFO - Processing /home/airflow/.local/lib/python3.7/site-packages/airflow/example_dags/example_time_delta_sensor_async.py took 0.394 seconds
[2022-09-20T16:39:07.825+0000] {processor.py:156} INFO - Started process (PID=2438) to work on /home/airflow/.local/lib/python3.7/site-packages/airflow/example_dags/example_time_delta_sensor_async.py
[2022-09-20T16:39:07.827+0000] {processor.py:758} INFO - Processing file /home/airflow/.local/lib/python3.7/site-packages/airflow/example_dags/example_time_delta_sensor_async.py for tasks to queue
[2022-09-20T16:39:07.827+0000] {logging_mixin.py:117} INFO - [2022-09-20T16:39:07.827+0000] {dagbag.py:525} INFO - Filling up the DagBag from /home/airflow/.local/lib/python3.7/site-packages/airflow/example_dags/example_time_delta_sensor_async.py
[2022-09-20T16:39:07.839+0000] {processor.py:768} INFO - DAG(s) dict_keys(['example_time_delta_sensor_async']) retrieved from /home/airflow/.local/lib/python3.7/site-packages/airflow/example_dags/example_time_delta_sensor_async.py
[2022-09-20T16:39:08.066+0000] {logging_mixin.py:117} INFO - [2022-09-20T16:39:08.065+0000] {dag.py:2573} INFO - Sync 1 DAGs
[2022-09-20T16:39:08.085+0000] {logging_mixin.py:117} INFO - [2022-09-20T16:39:08.085+0000] {dag.py:3328} INFO - Setting next_dagrun for example_time_delta_sensor_async to None, run_after=None
[2022-09-20T16:39:08.100+0000] {processor.py:178} INFO - Processing /home/airflow/.local/lib/python3.7/site-packages/airflow/example_dags/example_time_delta_sensor_async.py took 0.278 seconds
