[2022-09-20T16:18:24.773+0000] {processor.py:156} INFO - Started process (PID=45) to work on /home/airflow/.local/lib/python3.7/site-packages/airflow/example_dags/example_external_task_marker_dag.py
[2022-09-20T16:18:24.774+0000] {processor.py:758} INFO - Processing file /home/airflow/.local/lib/python3.7/site-packages/airflow/example_dags/example_external_task_marker_dag.py for tasks to queue
[2022-09-20T16:18:24.775+0000] {logging_mixin.py:117} INFO - [2022-09-20T16:18:24.775+0000] {dagbag.py:525} INFO - Filling up the DagBag from /home/airflow/.local/lib/python3.7/site-packages/airflow/example_dags/example_external_task_marker_dag.py
[2022-09-20T16:18:24.801+0000] {processor.py:768} INFO - DAG(s) dict_keys(['example_external_task_marker_child', 'example_external_task_marker_parent']) retrieved from /home/airflow/.local/lib/python3.7/site-packages/airflow/example_dags/example_external_task_marker_dag.py
[2022-09-20T16:18:27.270+0000] {logging_mixin.py:117} INFO - [2022-09-20T16:18:27.268+0000] {dag.py:2573} INFO - Sync 2 DAGs
[2022-09-20T16:18:27.342+0000] {logging_mixin.py:117} INFO - [2022-09-20T16:18:27.342+0000] {dag.py:3328} INFO - Setting next_dagrun for example_external_task_marker_child to None, run_after=None
[2022-09-20T16:18:27.362+0000] {logging_mixin.py:117} INFO - [2022-09-20T16:18:27.361+0000] {dag.py:3328} INFO - Setting next_dagrun for example_external_task_marker_parent to None, run_after=None
[2022-09-20T16:18:27.440+0000] {processor.py:178} INFO - Processing /home/airflow/.local/lib/python3.7/site-packages/airflow/example_dags/example_external_task_marker_dag.py took 2.676 seconds
[2022-09-20T16:18:58.040+0000] {processor.py:156} INFO - Started process (PID=108) to work on /home/airflow/.local/lib/python3.7/site-packages/airflow/example_dags/example_external_task_marker_dag.py
[2022-09-20T16:18:58.040+0000] {processor.py:758} INFO - Processing file /home/airflow/.local/lib/python3.7/site-packages/airflow/example_dags/example_external_task_marker_dag.py for tasks to queue
[2022-09-20T16:18:58.041+0000] {logging_mixin.py:117} INFO - [2022-09-20T16:18:58.041+0000] {dagbag.py:525} INFO - Filling up the DagBag from /home/airflow/.local/lib/python3.7/site-packages/airflow/example_dags/example_external_task_marker_dag.py
[2022-09-20T16:18:58.054+0000] {processor.py:768} INFO - DAG(s) dict_keys(['example_external_task_marker_parent', 'example_external_task_marker_child']) retrieved from /home/airflow/.local/lib/python3.7/site-packages/airflow/example_dags/example_external_task_marker_dag.py
[2022-09-20T16:18:58.374+0000] {logging_mixin.py:117} INFO - [2022-09-20T16:18:58.374+0000] {dag.py:2573} INFO - Sync 2 DAGs
[2022-09-20T16:18:58.392+0000] {logging_mixin.py:117} INFO - [2022-09-20T16:18:58.392+0000] {dag.py:3328} INFO - Setting next_dagrun for example_external_task_marker_child to None, run_after=None
[2022-09-20T16:18:58.395+0000] {logging_mixin.py:117} INFO - [2022-09-20T16:18:58.395+0000] {dag.py:3328} INFO - Setting next_dagrun for example_external_task_marker_parent to None, run_after=None
[2022-09-20T16:18:58.414+0000] {processor.py:178} INFO - Processing /home/airflow/.local/lib/python3.7/site-packages/airflow/example_dags/example_external_task_marker_dag.py took 0.377 seconds
[2022-09-20T16:19:28.934+0000] {processor.py:156} INFO - Started process (PID=162) to work on /home/airflow/.local/lib/python3.7/site-packages/airflow/example_dags/example_external_task_marker_dag.py
[2022-09-20T16:19:28.935+0000] {processor.py:758} INFO - Processing file /home/airflow/.local/lib/python3.7/site-packages/airflow/example_dags/example_external_task_marker_dag.py for tasks to queue
[2022-09-20T16:19:28.936+0000] {logging_mixin.py:117} INFO - [2022-09-20T16:19:28.936+0000] {dagbag.py:525} INFO - Filling up the DagBag from /home/airflow/.local/lib/python3.7/site-packages/airflow/example_dags/example_external_task_marker_dag.py
[2022-09-20T16:19:28.949+0000] {processor.py:768} INFO - DAG(s) dict_keys(['example_external_task_marker_child', 'example_external_task_marker_parent']) retrieved from /home/airflow/.local/lib/python3.7/site-packages/airflow/example_dags/example_external_task_marker_dag.py
[2022-09-20T16:19:29.268+0000] {logging_mixin.py:117} INFO - [2022-09-20T16:19:29.268+0000] {dag.py:2573} INFO - Sync 2 DAGs
[2022-09-20T16:19:29.289+0000] {logging_mixin.py:117} INFO - [2022-09-20T16:19:29.289+0000] {dag.py:3328} INFO - Setting next_dagrun for example_external_task_marker_child to None, run_after=None
[2022-09-20T16:19:29.292+0000] {logging_mixin.py:117} INFO - [2022-09-20T16:19:29.292+0000] {dag.py:3328} INFO - Setting next_dagrun for example_external_task_marker_parent to None, run_after=None
[2022-09-20T16:19:29.306+0000] {processor.py:178} INFO - Processing /home/airflow/.local/lib/python3.7/site-packages/airflow/example_dags/example_external_task_marker_dag.py took 0.374 seconds
[2022-09-20T16:19:59.753+0000] {processor.py:156} INFO - Started process (PID=224) to work on /home/airflow/.local/lib/python3.7/site-packages/airflow/example_dags/example_external_task_marker_dag.py
[2022-09-20T16:19:59.753+0000] {processor.py:758} INFO - Processing file /home/airflow/.local/lib/python3.7/site-packages/airflow/example_dags/example_external_task_marker_dag.py for tasks to queue
[2022-09-20T16:19:59.754+0000] {logging_mixin.py:117} INFO - [2022-09-20T16:19:59.754+0000] {dagbag.py:525} INFO - Filling up the DagBag from /home/airflow/.local/lib/python3.7/site-packages/airflow/example_dags/example_external_task_marker_dag.py
[2022-09-20T16:19:59.956+0000] {processor.py:768} INFO - DAG(s) dict_keys(['example_external_task_marker_child', 'example_external_task_marker_parent']) retrieved from /home/airflow/.local/lib/python3.7/site-packages/airflow/example_dags/example_external_task_marker_dag.py
[2022-09-20T16:20:00.422+0000] {logging_mixin.py:117} INFO - [2022-09-20T16:20:00.421+0000] {dag.py:2573} INFO - Sync 2 DAGs
[2022-09-20T16:20:00.466+0000] {logging_mixin.py:117} INFO - [2022-09-20T16:20:00.466+0000] {dag.py:3328} INFO - Setting next_dagrun for example_external_task_marker_child to None, run_after=None
[2022-09-20T16:20:00.471+0000] {logging_mixin.py:117} INFO - [2022-09-20T16:20:00.471+0000] {dag.py:3328} INFO - Setting next_dagrun for example_external_task_marker_parent to None, run_after=None
[2022-09-20T16:20:00.498+0000] {processor.py:178} INFO - Processing /home/airflow/.local/lib/python3.7/site-packages/airflow/example_dags/example_external_task_marker_dag.py took 0.749 seconds
[2022-09-20T16:20:31.386+0000] {processor.py:156} INFO - Started process (PID=288) to work on /home/airflow/.local/lib/python3.7/site-packages/airflow/example_dags/example_external_task_marker_dag.py
[2022-09-20T16:20:31.387+0000] {processor.py:758} INFO - Processing file /home/airflow/.local/lib/python3.7/site-packages/airflow/example_dags/example_external_task_marker_dag.py for tasks to queue
[2022-09-20T16:20:31.387+0000] {logging_mixin.py:117} INFO - [2022-09-20T16:20:31.387+0000] {dagbag.py:525} INFO - Filling up the DagBag from /home/airflow/.local/lib/python3.7/site-packages/airflow/example_dags/example_external_task_marker_dag.py
[2022-09-20T16:20:31.410+0000] {processor.py:768} INFO - DAG(s) dict_keys(['example_external_task_marker_child', 'example_external_task_marker_parent']) retrieved from /home/airflow/.local/lib/python3.7/site-packages/airflow/example_dags/example_external_task_marker_dag.py
[2022-09-20T16:20:31.796+0000] {logging_mixin.py:117} INFO - [2022-09-20T16:20:31.796+0000] {dag.py:2573} INFO - Sync 2 DAGs
[2022-09-20T16:20:31.834+0000] {logging_mixin.py:117} INFO - [2022-09-20T16:20:31.834+0000] {dag.py:3328} INFO - Setting next_dagrun for example_external_task_marker_child to None, run_after=None
[2022-09-20T16:20:31.839+0000] {logging_mixin.py:117} INFO - [2022-09-20T16:20:31.839+0000] {dag.py:3328} INFO - Setting next_dagrun for example_external_task_marker_parent to None, run_after=None
[2022-09-20T16:20:31.865+0000] {processor.py:178} INFO - Processing /home/airflow/.local/lib/python3.7/site-packages/airflow/example_dags/example_external_task_marker_dag.py took 0.482 seconds
[2022-09-20T16:21:01.973+0000] {processor.py:156} INFO - Started process (PID=341) to work on /home/airflow/.local/lib/python3.7/site-packages/airflow/example_dags/example_external_task_marker_dag.py
[2022-09-20T16:21:01.975+0000] {processor.py:758} INFO - Processing file /home/airflow/.local/lib/python3.7/site-packages/airflow/example_dags/example_external_task_marker_dag.py for tasks to queue
[2022-09-20T16:21:01.975+0000] {logging_mixin.py:117} INFO - [2022-09-20T16:21:01.975+0000] {dagbag.py:525} INFO - Filling up the DagBag from /home/airflow/.local/lib/python3.7/site-packages/airflow/example_dags/example_external_task_marker_dag.py
[2022-09-20T16:21:01.989+0000] {processor.py:768} INFO - DAG(s) dict_keys(['example_external_task_marker_child', 'example_external_task_marker_parent']) retrieved from /home/airflow/.local/lib/python3.7/site-packages/airflow/example_dags/example_external_task_marker_dag.py
[2022-09-20T16:21:02.239+0000] {logging_mixin.py:117} INFO - [2022-09-20T16:21:02.239+0000] {dag.py:2573} INFO - Sync 2 DAGs
[2022-09-20T16:21:02.259+0000] {logging_mixin.py:117} INFO - [2022-09-20T16:21:02.259+0000] {dag.py:3328} INFO - Setting next_dagrun for example_external_task_marker_child to None, run_after=None
[2022-09-20T16:21:02.262+0000] {logging_mixin.py:117} INFO - [2022-09-20T16:21:02.262+0000] {dag.py:3328} INFO - Setting next_dagrun for example_external_task_marker_parent to None, run_after=None
[2022-09-20T16:21:02.281+0000] {processor.py:178} INFO - Processing /home/airflow/.local/lib/python3.7/site-packages/airflow/example_dags/example_external_task_marker_dag.py took 0.311 seconds
[2022-09-20T16:21:32.449+0000] {processor.py:156} INFO - Started process (PID=403) to work on /home/airflow/.local/lib/python3.7/site-packages/airflow/example_dags/example_external_task_marker_dag.py
[2022-09-20T16:21:32.450+0000] {processor.py:758} INFO - Processing file /home/airflow/.local/lib/python3.7/site-packages/airflow/example_dags/example_external_task_marker_dag.py for tasks to queue
[2022-09-20T16:21:32.451+0000] {logging_mixin.py:117} INFO - [2022-09-20T16:21:32.451+0000] {dagbag.py:525} INFO - Filling up the DagBag from /home/airflow/.local/lib/python3.7/site-packages/airflow/example_dags/example_external_task_marker_dag.py
[2022-09-20T16:21:32.466+0000] {processor.py:768} INFO - DAG(s) dict_keys(['example_external_task_marker_child', 'example_external_task_marker_parent']) retrieved from /home/airflow/.local/lib/python3.7/site-packages/airflow/example_dags/example_external_task_marker_dag.py
[2022-09-20T16:21:32.723+0000] {logging_mixin.py:117} INFO - [2022-09-20T16:21:32.723+0000] {dag.py:2573} INFO - Sync 2 DAGs
[2022-09-20T16:21:32.743+0000] {logging_mixin.py:117} INFO - [2022-09-20T16:21:32.743+0000] {dag.py:3328} INFO - Setting next_dagrun for example_external_task_marker_child to None, run_after=None
[2022-09-20T16:21:32.746+0000] {logging_mixin.py:117} INFO - [2022-09-20T16:21:32.746+0000] {dag.py:3328} INFO - Setting next_dagrun for example_external_task_marker_parent to None, run_after=None
[2022-09-20T16:21:32.762+0000] {processor.py:178} INFO - Processing /home/airflow/.local/lib/python3.7/site-packages/airflow/example_dags/example_external_task_marker_dag.py took 0.316 seconds
[2022-09-20T16:22:03.122+0000] {processor.py:156} INFO - Started process (PID=465) to work on /home/airflow/.local/lib/python3.7/site-packages/airflow/example_dags/example_external_task_marker_dag.py
[2022-09-20T16:22:03.123+0000] {processor.py:758} INFO - Processing file /home/airflow/.local/lib/python3.7/site-packages/airflow/example_dags/example_external_task_marker_dag.py for tasks to queue
[2022-09-20T16:22:03.123+0000] {logging_mixin.py:117} INFO - [2022-09-20T16:22:03.123+0000] {dagbag.py:525} INFO - Filling up the DagBag from /home/airflow/.local/lib/python3.7/site-packages/airflow/example_dags/example_external_task_marker_dag.py
[2022-09-20T16:22:03.139+0000] {processor.py:768} INFO - DAG(s) dict_keys(['example_external_task_marker_child', 'example_external_task_marker_parent']) retrieved from /home/airflow/.local/lib/python3.7/site-packages/airflow/example_dags/example_external_task_marker_dag.py
[2022-09-20T16:22:03.475+0000] {logging_mixin.py:117} INFO - [2022-09-20T16:22:03.475+0000] {dag.py:2573} INFO - Sync 2 DAGs
[2022-09-20T16:22:03.499+0000] {logging_mixin.py:117} INFO - [2022-09-20T16:22:03.499+0000] {dag.py:3328} INFO - Setting next_dagrun for example_external_task_marker_child to None, run_after=None
[2022-09-20T16:22:03.503+0000] {logging_mixin.py:117} INFO - [2022-09-20T16:22:03.503+0000] {dag.py:3328} INFO - Setting next_dagrun for example_external_task_marker_parent to None, run_after=None
[2022-09-20T16:22:03.522+0000] {processor.py:178} INFO - Processing /home/airflow/.local/lib/python3.7/site-packages/airflow/example_dags/example_external_task_marker_dag.py took 0.404 seconds
[2022-09-20T16:22:33.553+0000] {processor.py:156} INFO - Started process (PID=519) to work on /home/airflow/.local/lib/python3.7/site-packages/airflow/example_dags/example_external_task_marker_dag.py
[2022-09-20T16:22:33.554+0000] {processor.py:758} INFO - Processing file /home/airflow/.local/lib/python3.7/site-packages/airflow/example_dags/example_external_task_marker_dag.py for tasks to queue
[2022-09-20T16:22:33.554+0000] {logging_mixin.py:117} INFO - [2022-09-20T16:22:33.554+0000] {dagbag.py:525} INFO - Filling up the DagBag from /home/airflow/.local/lib/python3.7/site-packages/airflow/example_dags/example_external_task_marker_dag.py
[2022-09-20T16:22:33.566+0000] {processor.py:768} INFO - DAG(s) dict_keys(['example_external_task_marker_parent', 'example_external_task_marker_child']) retrieved from /home/airflow/.local/lib/python3.7/site-packages/airflow/example_dags/example_external_task_marker_dag.py
[2022-09-20T16:22:33.792+0000] {logging_mixin.py:117} INFO - [2022-09-20T16:22:33.792+0000] {dag.py:2573} INFO - Sync 2 DAGs
[2022-09-20T16:22:33.816+0000] {logging_mixin.py:117} INFO - [2022-09-20T16:22:33.816+0000] {dag.py:3328} INFO - Setting next_dagrun for example_external_task_marker_child to None, run_after=None
[2022-09-20T16:22:33.820+0000] {logging_mixin.py:117} INFO - [2022-09-20T16:22:33.820+0000] {dag.py:3328} INFO - Setting next_dagrun for example_external_task_marker_parent to None, run_after=None
[2022-09-20T16:22:33.837+0000] {processor.py:178} INFO - Processing /home/airflow/.local/lib/python3.7/site-packages/airflow/example_dags/example_external_task_marker_dag.py took 0.286 seconds
[2022-09-20T16:23:03.907+0000] {processor.py:156} INFO - Started process (PID=581) to work on /home/airflow/.local/lib/python3.7/site-packages/airflow/example_dags/example_external_task_marker_dag.py
[2022-09-20T16:23:03.908+0000] {processor.py:758} INFO - Processing file /home/airflow/.local/lib/python3.7/site-packages/airflow/example_dags/example_external_task_marker_dag.py for tasks to queue
[2022-09-20T16:23:03.908+0000] {logging_mixin.py:117} INFO - [2022-09-20T16:23:03.908+0000] {dagbag.py:525} INFO - Filling up the DagBag from /home/airflow/.local/lib/python3.7/site-packages/airflow/example_dags/example_external_task_marker_dag.py
[2022-09-20T16:23:03.923+0000] {processor.py:768} INFO - DAG(s) dict_keys(['example_external_task_marker_child', 'example_external_task_marker_parent']) retrieved from /home/airflow/.local/lib/python3.7/site-packages/airflow/example_dags/example_external_task_marker_dag.py
[2022-09-20T16:23:04.188+0000] {logging_mixin.py:117} INFO - [2022-09-20T16:23:04.188+0000] {dag.py:2573} INFO - Sync 2 DAGs
[2022-09-20T16:23:04.214+0000] {logging_mixin.py:117} INFO - [2022-09-20T16:23:04.213+0000] {dag.py:3328} INFO - Setting next_dagrun for example_external_task_marker_child to None, run_after=None
[2022-09-20T16:23:04.217+0000] {logging_mixin.py:117} INFO - [2022-09-20T16:23:04.217+0000] {dag.py:3328} INFO - Setting next_dagrun for example_external_task_marker_parent to None, run_after=None
[2022-09-20T16:23:04.235+0000] {processor.py:178} INFO - Processing /home/airflow/.local/lib/python3.7/site-packages/airflow/example_dags/example_external_task_marker_dag.py took 0.330 seconds
[2022-09-20T16:23:34.581+0000] {processor.py:156} INFO - Started process (PID=634) to work on /home/airflow/.local/lib/python3.7/site-packages/airflow/example_dags/example_external_task_marker_dag.py
[2022-09-20T16:23:34.582+0000] {processor.py:758} INFO - Processing file /home/airflow/.local/lib/python3.7/site-packages/airflow/example_dags/example_external_task_marker_dag.py for tasks to queue
[2022-09-20T16:23:34.582+0000] {logging_mixin.py:117} INFO - [2022-09-20T16:23:34.582+0000] {dagbag.py:525} INFO - Filling up the DagBag from /home/airflow/.local/lib/python3.7/site-packages/airflow/example_dags/example_external_task_marker_dag.py
[2022-09-20T16:23:34.596+0000] {processor.py:768} INFO - DAG(s) dict_keys(['example_external_task_marker_child', 'example_external_task_marker_parent']) retrieved from /home/airflow/.local/lib/python3.7/site-packages/airflow/example_dags/example_external_task_marker_dag.py
[2022-09-20T16:23:34.895+0000] {logging_mixin.py:117} INFO - [2022-09-20T16:23:34.895+0000] {dag.py:2573} INFO - Sync 2 DAGs
[2022-09-20T16:23:34.922+0000] {logging_mixin.py:117} INFO - [2022-09-20T16:23:34.922+0000] {dag.py:3328} INFO - Setting next_dagrun for example_external_task_marker_child to None, run_after=None
[2022-09-20T16:23:34.926+0000] {logging_mixin.py:117} INFO - [2022-09-20T16:23:34.926+0000] {dag.py:3328} INFO - Setting next_dagrun for example_external_task_marker_parent to None, run_after=None
[2022-09-20T16:23:34.946+0000] {processor.py:178} INFO - Processing /home/airflow/.local/lib/python3.7/site-packages/airflow/example_dags/example_external_task_marker_dag.py took 0.367 seconds
[2022-09-20T16:24:05.014+0000] {processor.py:156} INFO - Started process (PID=696) to work on /home/airflow/.local/lib/python3.7/site-packages/airflow/example_dags/example_external_task_marker_dag.py
[2022-09-20T16:24:05.015+0000] {processor.py:758} INFO - Processing file /home/airflow/.local/lib/python3.7/site-packages/airflow/example_dags/example_external_task_marker_dag.py for tasks to queue
[2022-09-20T16:24:05.015+0000] {logging_mixin.py:117} INFO - [2022-09-20T16:24:05.015+0000] {dagbag.py:525} INFO - Filling up the DagBag from /home/airflow/.local/lib/python3.7/site-packages/airflow/example_dags/example_external_task_marker_dag.py
[2022-09-20T16:24:05.031+0000] {processor.py:768} INFO - DAG(s) dict_keys(['example_external_task_marker_child', 'example_external_task_marker_parent']) retrieved from /home/airflow/.local/lib/python3.7/site-packages/airflow/example_dags/example_external_task_marker_dag.py
[2022-09-20T16:24:05.308+0000] {logging_mixin.py:117} INFO - [2022-09-20T16:24:05.308+0000] {dag.py:2573} INFO - Sync 2 DAGs
[2022-09-20T16:24:05.329+0000] {logging_mixin.py:117} INFO - [2022-09-20T16:24:05.329+0000] {dag.py:3328} INFO - Setting next_dagrun for example_external_task_marker_child to None, run_after=None
[2022-09-20T16:24:05.332+0000] {logging_mixin.py:117} INFO - [2022-09-20T16:24:05.332+0000] {dag.py:3328} INFO - Setting next_dagrun for example_external_task_marker_parent to None, run_after=None
[2022-09-20T16:24:05.351+0000] {processor.py:178} INFO - Processing /home/airflow/.local/lib/python3.7/site-packages/airflow/example_dags/example_external_task_marker_dag.py took 0.339 seconds
[2022-09-20T16:24:35.597+0000] {processor.py:156} INFO - Started process (PID=758) to work on /home/airflow/.local/lib/python3.7/site-packages/airflow/example_dags/example_external_task_marker_dag.py
[2022-09-20T16:24:35.598+0000] {processor.py:758} INFO - Processing file /home/airflow/.local/lib/python3.7/site-packages/airflow/example_dags/example_external_task_marker_dag.py for tasks to queue
[2022-09-20T16:24:35.598+0000] {logging_mixin.py:117} INFO - [2022-09-20T16:24:35.598+0000] {dagbag.py:525} INFO - Filling up the DagBag from /home/airflow/.local/lib/python3.7/site-packages/airflow/example_dags/example_external_task_marker_dag.py
[2022-09-20T16:24:35.616+0000] {processor.py:768} INFO - DAG(s) dict_keys(['example_external_task_marker_child', 'example_external_task_marker_parent']) retrieved from /home/airflow/.local/lib/python3.7/site-packages/airflow/example_dags/example_external_task_marker_dag.py
[2022-09-20T16:24:35.930+0000] {logging_mixin.py:117} INFO - [2022-09-20T16:24:35.930+0000] {dag.py:2573} INFO - Sync 2 DAGs
[2022-09-20T16:24:35.957+0000] {logging_mixin.py:117} INFO - [2022-09-20T16:24:35.956+0000] {dag.py:3328} INFO - Setting next_dagrun for example_external_task_marker_child to None, run_after=None
[2022-09-20T16:24:35.960+0000] {logging_mixin.py:117} INFO - [2022-09-20T16:24:35.960+0000] {dag.py:3328} INFO - Setting next_dagrun for example_external_task_marker_parent to None, run_after=None
[2022-09-20T16:24:35.980+0000] {processor.py:178} INFO - Processing /home/airflow/.local/lib/python3.7/site-packages/airflow/example_dags/example_external_task_marker_dag.py took 0.386 seconds
[2022-09-20T16:25:06.125+0000] {processor.py:156} INFO - Started process (PID=812) to work on /home/airflow/.local/lib/python3.7/site-packages/airflow/example_dags/example_external_task_marker_dag.py
[2022-09-20T16:25:06.127+0000] {processor.py:758} INFO - Processing file /home/airflow/.local/lib/python3.7/site-packages/airflow/example_dags/example_external_task_marker_dag.py for tasks to queue
[2022-09-20T16:25:06.128+0000] {logging_mixin.py:117} INFO - [2022-09-20T16:25:06.128+0000] {dagbag.py:525} INFO - Filling up the DagBag from /home/airflow/.local/lib/python3.7/site-packages/airflow/example_dags/example_external_task_marker_dag.py
[2022-09-20T16:25:06.144+0000] {processor.py:768} INFO - DAG(s) dict_keys(['example_external_task_marker_parent', 'example_external_task_marker_child']) retrieved from /home/airflow/.local/lib/python3.7/site-packages/airflow/example_dags/example_external_task_marker_dag.py
[2022-09-20T16:25:06.348+0000] {logging_mixin.py:117} INFO - [2022-09-20T16:25:06.348+0000] {dag.py:2573} INFO - Sync 2 DAGs
[2022-09-20T16:25:06.368+0000] {logging_mixin.py:117} INFO - [2022-09-20T16:25:06.368+0000] {dag.py:3328} INFO - Setting next_dagrun for example_external_task_marker_child to None, run_after=None
[2022-09-20T16:25:06.371+0000] {logging_mixin.py:117} INFO - [2022-09-20T16:25:06.371+0000] {dag.py:3328} INFO - Setting next_dagrun for example_external_task_marker_parent to None, run_after=None
[2022-09-20T16:25:06.387+0000] {processor.py:178} INFO - Processing /home/airflow/.local/lib/python3.7/site-packages/airflow/example_dags/example_external_task_marker_dag.py took 0.267 seconds
[2022-09-20T16:25:36.463+0000] {processor.py:156} INFO - Started process (PID=875) to work on /home/airflow/.local/lib/python3.7/site-packages/airflow/example_dags/example_external_task_marker_dag.py
[2022-09-20T16:25:36.464+0000] {processor.py:758} INFO - Processing file /home/airflow/.local/lib/python3.7/site-packages/airflow/example_dags/example_external_task_marker_dag.py for tasks to queue
[2022-09-20T16:25:36.464+0000] {logging_mixin.py:117} INFO - [2022-09-20T16:25:36.464+0000] {dagbag.py:525} INFO - Filling up the DagBag from /home/airflow/.local/lib/python3.7/site-packages/airflow/example_dags/example_external_task_marker_dag.py
[2022-09-20T16:25:36.479+0000] {processor.py:768} INFO - DAG(s) dict_keys(['example_external_task_marker_child', 'example_external_task_marker_parent']) retrieved from /home/airflow/.local/lib/python3.7/site-packages/airflow/example_dags/example_external_task_marker_dag.py
[2022-09-20T16:25:36.757+0000] {logging_mixin.py:117} INFO - [2022-09-20T16:25:36.757+0000] {dag.py:2573} INFO - Sync 2 DAGs
[2022-09-20T16:25:36.779+0000] {logging_mixin.py:117} INFO - [2022-09-20T16:25:36.778+0000] {dag.py:3328} INFO - Setting next_dagrun for example_external_task_marker_child to None, run_after=None
[2022-09-20T16:25:36.782+0000] {logging_mixin.py:117} INFO - [2022-09-20T16:25:36.782+0000] {dag.py:3328} INFO - Setting next_dagrun for example_external_task_marker_parent to None, run_after=None
[2022-09-20T16:25:36.799+0000] {processor.py:178} INFO - Processing /home/airflow/.local/lib/python3.7/site-packages/airflow/example_dags/example_external_task_marker_dag.py took 0.339 seconds
[2022-09-20T16:26:06.915+0000] {processor.py:156} INFO - Started process (PID=937) to work on /home/airflow/.local/lib/python3.7/site-packages/airflow/example_dags/example_external_task_marker_dag.py
[2022-09-20T16:26:06.916+0000] {processor.py:758} INFO - Processing file /home/airflow/.local/lib/python3.7/site-packages/airflow/example_dags/example_external_task_marker_dag.py for tasks to queue
[2022-09-20T16:26:06.917+0000] {logging_mixin.py:117} INFO - [2022-09-20T16:26:06.917+0000] {dagbag.py:525} INFO - Filling up the DagBag from /home/airflow/.local/lib/python3.7/site-packages/airflow/example_dags/example_external_task_marker_dag.py
[2022-09-20T16:26:06.948+0000] {processor.py:768} INFO - DAG(s) dict_keys(['example_external_task_marker_parent', 'example_external_task_marker_child']) retrieved from /home/airflow/.local/lib/python3.7/site-packages/airflow/example_dags/example_external_task_marker_dag.py
[2022-09-20T16:26:07.258+0000] {logging_mixin.py:117} INFO - [2022-09-20T16:26:07.258+0000] {dag.py:2573} INFO - Sync 2 DAGs
[2022-09-20T16:26:07.278+0000] {logging_mixin.py:117} INFO - [2022-09-20T16:26:07.278+0000] {dag.py:3328} INFO - Setting next_dagrun for example_external_task_marker_child to None, run_after=None
[2022-09-20T16:26:07.281+0000] {logging_mixin.py:117} INFO - [2022-09-20T16:26:07.281+0000] {dag.py:3328} INFO - Setting next_dagrun for example_external_task_marker_parent to None, run_after=None
[2022-09-20T16:26:07.299+0000] {processor.py:178} INFO - Processing /home/airflow/.local/lib/python3.7/site-packages/airflow/example_dags/example_external_task_marker_dag.py took 0.386 seconds
[2022-09-20T16:26:37.358+0000] {processor.py:156} INFO - Started process (PID=990) to work on /home/airflow/.local/lib/python3.7/site-packages/airflow/example_dags/example_external_task_marker_dag.py
[2022-09-20T16:26:37.359+0000] {processor.py:758} INFO - Processing file /home/airflow/.local/lib/python3.7/site-packages/airflow/example_dags/example_external_task_marker_dag.py for tasks to queue
[2022-09-20T16:26:37.359+0000] {logging_mixin.py:117} INFO - [2022-09-20T16:26:37.359+0000] {dagbag.py:525} INFO - Filling up the DagBag from /home/airflow/.local/lib/python3.7/site-packages/airflow/example_dags/example_external_task_marker_dag.py
[2022-09-20T16:26:37.375+0000] {processor.py:768} INFO - DAG(s) dict_keys(['example_external_task_marker_child', 'example_external_task_marker_parent']) retrieved from /home/airflow/.local/lib/python3.7/site-packages/airflow/example_dags/example_external_task_marker_dag.py
[2022-09-20T16:26:37.704+0000] {logging_mixin.py:117} INFO - [2022-09-20T16:26:37.704+0000] {dag.py:2573} INFO - Sync 2 DAGs
[2022-09-20T16:26:37.729+0000] {logging_mixin.py:117} INFO - [2022-09-20T16:26:37.729+0000] {dag.py:3328} INFO - Setting next_dagrun for example_external_task_marker_child to None, run_after=None
[2022-09-20T16:26:37.733+0000] {logging_mixin.py:117} INFO - [2022-09-20T16:26:37.732+0000] {dag.py:3328} INFO - Setting next_dagrun for example_external_task_marker_parent to None, run_after=None
[2022-09-20T16:26:37.751+0000] {processor.py:178} INFO - Processing /home/airflow/.local/lib/python3.7/site-packages/airflow/example_dags/example_external_task_marker_dag.py took 0.396 seconds
[2022-09-20T16:27:08.693+0000] {processor.py:156} INFO - Started process (PID=1053) to work on /home/airflow/.local/lib/python3.7/site-packages/airflow/example_dags/example_external_task_marker_dag.py
[2022-09-20T16:27:08.693+0000] {processor.py:758} INFO - Processing file /home/airflow/.local/lib/python3.7/site-packages/airflow/example_dags/example_external_task_marker_dag.py for tasks to queue
[2022-09-20T16:27:08.694+0000] {logging_mixin.py:117} INFO - [2022-09-20T16:27:08.694+0000] {dagbag.py:525} INFO - Filling up the DagBag from /home/airflow/.local/lib/python3.7/site-packages/airflow/example_dags/example_external_task_marker_dag.py
[2022-09-20T16:27:08.707+0000] {processor.py:768} INFO - DAG(s) dict_keys(['example_external_task_marker_parent', 'example_external_task_marker_child']) retrieved from /home/airflow/.local/lib/python3.7/site-packages/airflow/example_dags/example_external_task_marker_dag.py
[2022-09-20T16:27:08.892+0000] {logging_mixin.py:117} INFO - [2022-09-20T16:27:08.892+0000] {dag.py:2573} INFO - Sync 2 DAGs
[2022-09-20T16:27:08.913+0000] {logging_mixin.py:117} INFO - [2022-09-20T16:27:08.913+0000] {dag.py:3328} INFO - Setting next_dagrun for example_external_task_marker_child to None, run_after=None
[2022-09-20T16:27:08.916+0000] {logging_mixin.py:117} INFO - [2022-09-20T16:27:08.916+0000] {dag.py:3328} INFO - Setting next_dagrun for example_external_task_marker_parent to None, run_after=None
[2022-09-20T16:27:08.933+0000] {processor.py:178} INFO - Processing /home/airflow/.local/lib/python3.7/site-packages/airflow/example_dags/example_external_task_marker_dag.py took 0.243 seconds
[2022-09-20T16:27:39.087+0000] {processor.py:156} INFO - Started process (PID=1114) to work on /home/airflow/.local/lib/python3.7/site-packages/airflow/example_dags/example_external_task_marker_dag.py
[2022-09-20T16:27:39.089+0000] {processor.py:758} INFO - Processing file /home/airflow/.local/lib/python3.7/site-packages/airflow/example_dags/example_external_task_marker_dag.py for tasks to queue
[2022-09-20T16:27:39.090+0000] {logging_mixin.py:117} INFO - [2022-09-20T16:27:39.090+0000] {dagbag.py:525} INFO - Filling up the DagBag from /home/airflow/.local/lib/python3.7/site-packages/airflow/example_dags/example_external_task_marker_dag.py
[2022-09-20T16:27:39.111+0000] {processor.py:768} INFO - DAG(s) dict_keys(['example_external_task_marker_parent', 'example_external_task_marker_child']) retrieved from /home/airflow/.local/lib/python3.7/site-packages/airflow/example_dags/example_external_task_marker_dag.py
[2022-09-20T16:27:39.388+0000] {logging_mixin.py:117} INFO - [2022-09-20T16:27:39.388+0000] {dag.py:2573} INFO - Sync 2 DAGs
[2022-09-20T16:27:39.421+0000] {logging_mixin.py:117} INFO - [2022-09-20T16:27:39.421+0000] {dag.py:3328} INFO - Setting next_dagrun for example_external_task_marker_child to None, run_after=None
[2022-09-20T16:27:39.425+0000] {logging_mixin.py:117} INFO - [2022-09-20T16:27:39.425+0000] {dag.py:3328} INFO - Setting next_dagrun for example_external_task_marker_parent to None, run_after=None
[2022-09-20T16:27:39.449+0000] {processor.py:178} INFO - Processing /home/airflow/.local/lib/python3.7/site-packages/airflow/example_dags/example_external_task_marker_dag.py took 0.365 seconds
[2022-09-20T16:28:10.346+0000] {processor.py:156} INFO - Started process (PID=1170) to work on /home/airflow/.local/lib/python3.7/site-packages/airflow/example_dags/example_external_task_marker_dag.py
[2022-09-20T16:28:10.347+0000] {processor.py:758} INFO - Processing file /home/airflow/.local/lib/python3.7/site-packages/airflow/example_dags/example_external_task_marker_dag.py for tasks to queue
[2022-09-20T16:28:10.347+0000] {logging_mixin.py:117} INFO - [2022-09-20T16:28:10.347+0000] {dagbag.py:525} INFO - Filling up the DagBag from /home/airflow/.local/lib/python3.7/site-packages/airflow/example_dags/example_external_task_marker_dag.py
[2022-09-20T16:28:10.359+0000] {processor.py:768} INFO - DAG(s) dict_keys(['example_external_task_marker_parent', 'example_external_task_marker_child']) retrieved from /home/airflow/.local/lib/python3.7/site-packages/airflow/example_dags/example_external_task_marker_dag.py
[2022-09-20T16:28:10.616+0000] {logging_mixin.py:117} INFO - [2022-09-20T16:28:10.616+0000] {dag.py:2573} INFO - Sync 2 DAGs
[2022-09-20T16:28:10.636+0000] {logging_mixin.py:117} INFO - [2022-09-20T16:28:10.636+0000] {dag.py:3328} INFO - Setting next_dagrun for example_external_task_marker_child to None, run_after=None
[2022-09-20T16:28:10.639+0000] {logging_mixin.py:117} INFO - [2022-09-20T16:28:10.639+0000] {dag.py:3328} INFO - Setting next_dagrun for example_external_task_marker_parent to None, run_after=None
[2022-09-20T16:28:10.655+0000] {processor.py:178} INFO - Processing /home/airflow/.local/lib/python3.7/site-packages/airflow/example_dags/example_external_task_marker_dag.py took 0.311 seconds
[2022-09-20T16:28:40.700+0000] {processor.py:156} INFO - Started process (PID=1233) to work on /home/airflow/.local/lib/python3.7/site-packages/airflow/example_dags/example_external_task_marker_dag.py
[2022-09-20T16:28:40.701+0000] {processor.py:758} INFO - Processing file /home/airflow/.local/lib/python3.7/site-packages/airflow/example_dags/example_external_task_marker_dag.py for tasks to queue
[2022-09-20T16:28:40.702+0000] {logging_mixin.py:117} INFO - [2022-09-20T16:28:40.701+0000] {dagbag.py:525} INFO - Filling up the DagBag from /home/airflow/.local/lib/python3.7/site-packages/airflow/example_dags/example_external_task_marker_dag.py
[2022-09-20T16:28:40.714+0000] {processor.py:768} INFO - DAG(s) dict_keys(['example_external_task_marker_parent', 'example_external_task_marker_child']) retrieved from /home/airflow/.local/lib/python3.7/site-packages/airflow/example_dags/example_external_task_marker_dag.py
[2022-09-20T16:28:40.988+0000] {logging_mixin.py:117} INFO - [2022-09-20T16:28:40.988+0000] {dag.py:2573} INFO - Sync 2 DAGs
[2022-09-20T16:28:41.008+0000] {logging_mixin.py:117} INFO - [2022-09-20T16:28:41.008+0000] {dag.py:3328} INFO - Setting next_dagrun for example_external_task_marker_child to None, run_after=None
[2022-09-20T16:28:41.011+0000] {logging_mixin.py:117} INFO - [2022-09-20T16:28:41.011+0000] {dag.py:3328} INFO - Setting next_dagrun for example_external_task_marker_parent to None, run_after=None
[2022-09-20T16:28:41.026+0000] {processor.py:178} INFO - Processing /home/airflow/.local/lib/python3.7/site-packages/airflow/example_dags/example_external_task_marker_dag.py took 0.328 seconds
[2022-09-20T16:29:11.155+0000] {processor.py:156} INFO - Started process (PID=1287) to work on /home/airflow/.local/lib/python3.7/site-packages/airflow/example_dags/example_external_task_marker_dag.py
[2022-09-20T16:29:11.156+0000] {processor.py:758} INFO - Processing file /home/airflow/.local/lib/python3.7/site-packages/airflow/example_dags/example_external_task_marker_dag.py for tasks to queue
[2022-09-20T16:29:11.156+0000] {logging_mixin.py:117} INFO - [2022-09-20T16:29:11.156+0000] {dagbag.py:525} INFO - Filling up the DagBag from /home/airflow/.local/lib/python3.7/site-packages/airflow/example_dags/example_external_task_marker_dag.py
[2022-09-20T16:29:11.173+0000] {processor.py:768} INFO - DAG(s) dict_keys(['example_external_task_marker_parent', 'example_external_task_marker_child']) retrieved from /home/airflow/.local/lib/python3.7/site-packages/airflow/example_dags/example_external_task_marker_dag.py
[2022-09-20T16:29:11.474+0000] {logging_mixin.py:117} INFO - [2022-09-20T16:29:11.474+0000] {dag.py:2573} INFO - Sync 2 DAGs
[2022-09-20T16:29:11.508+0000] {logging_mixin.py:117} INFO - [2022-09-20T16:29:11.508+0000] {dag.py:3328} INFO - Setting next_dagrun for example_external_task_marker_child to None, run_after=None
[2022-09-20T16:29:11.511+0000] {logging_mixin.py:117} INFO - [2022-09-20T16:29:11.511+0000] {dag.py:3328} INFO - Setting next_dagrun for example_external_task_marker_parent to None, run_after=None
[2022-09-20T16:29:11.533+0000] {processor.py:178} INFO - Processing /home/airflow/.local/lib/python3.7/site-packages/airflow/example_dags/example_external_task_marker_dag.py took 0.381 seconds
[2022-09-20T16:29:41.785+0000] {processor.py:156} INFO - Started process (PID=1348) to work on /home/airflow/.local/lib/python3.7/site-packages/airflow/example_dags/example_external_task_marker_dag.py
[2022-09-20T16:29:41.792+0000] {processor.py:758} INFO - Processing file /home/airflow/.local/lib/python3.7/site-packages/airflow/example_dags/example_external_task_marker_dag.py for tasks to queue
[2022-09-20T16:29:41.793+0000] {logging_mixin.py:117} INFO - [2022-09-20T16:29:41.793+0000] {dagbag.py:525} INFO - Filling up the DagBag from /home/airflow/.local/lib/python3.7/site-packages/airflow/example_dags/example_external_task_marker_dag.py
[2022-09-20T16:29:41.805+0000] {processor.py:768} INFO - DAG(s) dict_keys(['example_external_task_marker_parent', 'example_external_task_marker_child']) retrieved from /home/airflow/.local/lib/python3.7/site-packages/airflow/example_dags/example_external_task_marker_dag.py
[2022-09-20T16:29:42.087+0000] {logging_mixin.py:117} INFO - [2022-09-20T16:29:42.087+0000] {dag.py:2573} INFO - Sync 2 DAGs
[2022-09-20T16:29:42.107+0000] {logging_mixin.py:117} INFO - [2022-09-20T16:29:42.107+0000] {dag.py:3328} INFO - Setting next_dagrun for example_external_task_marker_child to None, run_after=None
[2022-09-20T16:29:42.110+0000] {logging_mixin.py:117} INFO - [2022-09-20T16:29:42.110+0000] {dag.py:3328} INFO - Setting next_dagrun for example_external_task_marker_parent to None, run_after=None
[2022-09-20T16:29:42.126+0000] {processor.py:178} INFO - Processing /home/airflow/.local/lib/python3.7/site-packages/airflow/example_dags/example_external_task_marker_dag.py took 0.344 seconds
[2022-09-20T16:30:12.191+0000] {processor.py:156} INFO - Started process (PID=1411) to work on /home/airflow/.local/lib/python3.7/site-packages/airflow/example_dags/example_external_task_marker_dag.py
[2022-09-20T16:30:12.193+0000] {processor.py:758} INFO - Processing file /home/airflow/.local/lib/python3.7/site-packages/airflow/example_dags/example_external_task_marker_dag.py for tasks to queue
[2022-09-20T16:30:12.193+0000] {logging_mixin.py:117} INFO - [2022-09-20T16:30:12.193+0000] {dagbag.py:525} INFO - Filling up the DagBag from /home/airflow/.local/lib/python3.7/site-packages/airflow/example_dags/example_external_task_marker_dag.py
[2022-09-20T16:30:12.223+0000] {processor.py:768} INFO - DAG(s) dict_keys(['example_external_task_marker_parent', 'example_external_task_marker_child']) retrieved from /home/airflow/.local/lib/python3.7/site-packages/airflow/example_dags/example_external_task_marker_dag.py
[2022-09-20T16:30:12.696+0000] {logging_mixin.py:117} INFO - [2022-09-20T16:30:12.695+0000] {dag.py:2573} INFO - Sync 2 DAGs
[2022-09-20T16:30:12.721+0000] {logging_mixin.py:117} INFO - [2022-09-20T16:30:12.721+0000] {dag.py:3328} INFO - Setting next_dagrun for example_external_task_marker_child to None, run_after=None
[2022-09-20T16:30:12.725+0000] {logging_mixin.py:117} INFO - [2022-09-20T16:30:12.725+0000] {dag.py:3328} INFO - Setting next_dagrun for example_external_task_marker_parent to None, run_after=None
[2022-09-20T16:30:12.746+0000] {processor.py:178} INFO - Processing /home/airflow/.local/lib/python3.7/site-packages/airflow/example_dags/example_external_task_marker_dag.py took 0.559 seconds
[2022-09-20T16:30:43.671+0000] {processor.py:156} INFO - Started process (PID=1467) to work on /home/airflow/.local/lib/python3.7/site-packages/airflow/example_dags/example_external_task_marker_dag.py
[2022-09-20T16:30:43.672+0000] {processor.py:758} INFO - Processing file /home/airflow/.local/lib/python3.7/site-packages/airflow/example_dags/example_external_task_marker_dag.py for tasks to queue
[2022-09-20T16:30:43.673+0000] {logging_mixin.py:117} INFO - [2022-09-20T16:30:43.672+0000] {dagbag.py:525} INFO - Filling up the DagBag from /home/airflow/.local/lib/python3.7/site-packages/airflow/example_dags/example_external_task_marker_dag.py
[2022-09-20T16:30:43.687+0000] {processor.py:768} INFO - DAG(s) dict_keys(['example_external_task_marker_child', 'example_external_task_marker_parent']) retrieved from /home/airflow/.local/lib/python3.7/site-packages/airflow/example_dags/example_external_task_marker_dag.py
[2022-09-20T16:30:43.957+0000] {logging_mixin.py:117} INFO - [2022-09-20T16:30:43.957+0000] {dag.py:2573} INFO - Sync 2 DAGs
[2022-09-20T16:30:43.978+0000] {logging_mixin.py:117} INFO - [2022-09-20T16:30:43.978+0000] {dag.py:3328} INFO - Setting next_dagrun for example_external_task_marker_child to None, run_after=None
[2022-09-20T16:30:43.981+0000] {logging_mixin.py:117} INFO - [2022-09-20T16:30:43.981+0000] {dag.py:3328} INFO - Setting next_dagrun for example_external_task_marker_parent to None, run_after=None
[2022-09-20T16:30:43.995+0000] {processor.py:178} INFO - Processing /home/airflow/.local/lib/python3.7/site-packages/airflow/example_dags/example_external_task_marker_dag.py took 0.330 seconds
[2022-09-20T16:31:14.086+0000] {processor.py:156} INFO - Started process (PID=1530) to work on /home/airflow/.local/lib/python3.7/site-packages/airflow/example_dags/example_external_task_marker_dag.py
[2022-09-20T16:31:14.087+0000] {processor.py:758} INFO - Processing file /home/airflow/.local/lib/python3.7/site-packages/airflow/example_dags/example_external_task_marker_dag.py for tasks to queue
[2022-09-20T16:31:14.087+0000] {logging_mixin.py:117} INFO - [2022-09-20T16:31:14.087+0000] {dagbag.py:525} INFO - Filling up the DagBag from /home/airflow/.local/lib/python3.7/site-packages/airflow/example_dags/example_external_task_marker_dag.py
[2022-09-20T16:31:14.128+0000] {processor.py:768} INFO - DAG(s) dict_keys(['example_external_task_marker_child', 'example_external_task_marker_parent']) retrieved from /home/airflow/.local/lib/python3.7/site-packages/airflow/example_dags/example_external_task_marker_dag.py
[2022-09-20T16:31:14.554+0000] {logging_mixin.py:117} INFO - [2022-09-20T16:31:14.553+0000] {dag.py:2573} INFO - Sync 2 DAGs
[2022-09-20T16:31:14.583+0000] {logging_mixin.py:117} INFO - [2022-09-20T16:31:14.582+0000] {dag.py:3328} INFO - Setting next_dagrun for example_external_task_marker_child to None, run_after=None
[2022-09-20T16:31:14.586+0000] {logging_mixin.py:117} INFO - [2022-09-20T16:31:14.586+0000] {dag.py:3328} INFO - Setting next_dagrun for example_external_task_marker_parent to None, run_after=None
[2022-09-20T16:31:14.604+0000] {processor.py:178} INFO - Processing /home/airflow/.local/lib/python3.7/site-packages/airflow/example_dags/example_external_task_marker_dag.py took 0.521 seconds
[2022-09-20T16:31:45.236+0000] {processor.py:156} INFO - Started process (PID=1584) to work on /home/airflow/.local/lib/python3.7/site-packages/airflow/example_dags/example_external_task_marker_dag.py
[2022-09-20T16:31:45.237+0000] {processor.py:758} INFO - Processing file /home/airflow/.local/lib/python3.7/site-packages/airflow/example_dags/example_external_task_marker_dag.py for tasks to queue
[2022-09-20T16:31:45.237+0000] {logging_mixin.py:117} INFO - [2022-09-20T16:31:45.237+0000] {dagbag.py:525} INFO - Filling up the DagBag from /home/airflow/.local/lib/python3.7/site-packages/airflow/example_dags/example_external_task_marker_dag.py
[2022-09-20T16:31:45.258+0000] {processor.py:768} INFO - DAG(s) dict_keys(['example_external_task_marker_child', 'example_external_task_marker_parent']) retrieved from /home/airflow/.local/lib/python3.7/site-packages/airflow/example_dags/example_external_task_marker_dag.py
[2022-09-20T16:31:45.605+0000] {logging_mixin.py:117} INFO - [2022-09-20T16:31:45.605+0000] {dag.py:2573} INFO - Sync 2 DAGs
[2022-09-20T16:31:45.631+0000] {logging_mixin.py:117} INFO - [2022-09-20T16:31:45.631+0000] {dag.py:3328} INFO - Setting next_dagrun for example_external_task_marker_child to None, run_after=None
[2022-09-20T16:31:45.635+0000] {logging_mixin.py:117} INFO - [2022-09-20T16:31:45.635+0000] {dag.py:3328} INFO - Setting next_dagrun for example_external_task_marker_parent to None, run_after=None
[2022-09-20T16:31:45.655+0000] {processor.py:178} INFO - Processing /home/airflow/.local/lib/python3.7/site-packages/airflow/example_dags/example_external_task_marker_dag.py took 0.421 seconds
[2022-09-20T16:32:16.245+0000] {processor.py:156} INFO - Started process (PID=1647) to work on /home/airflow/.local/lib/python3.7/site-packages/airflow/example_dags/example_external_task_marker_dag.py
[2022-09-20T16:32:16.245+0000] {processor.py:758} INFO - Processing file /home/airflow/.local/lib/python3.7/site-packages/airflow/example_dags/example_external_task_marker_dag.py for tasks to queue
[2022-09-20T16:32:16.246+0000] {logging_mixin.py:117} INFO - [2022-09-20T16:32:16.246+0000] {dagbag.py:525} INFO - Filling up the DagBag from /home/airflow/.local/lib/python3.7/site-packages/airflow/example_dags/example_external_task_marker_dag.py
[2022-09-20T16:32:16.257+0000] {processor.py:768} INFO - DAG(s) dict_keys(['example_external_task_marker_parent', 'example_external_task_marker_child']) retrieved from /home/airflow/.local/lib/python3.7/site-packages/airflow/example_dags/example_external_task_marker_dag.py
[2022-09-20T16:32:16.543+0000] {logging_mixin.py:117} INFO - [2022-09-20T16:32:16.543+0000] {dag.py:2573} INFO - Sync 2 DAGs
[2022-09-20T16:32:16.566+0000] {logging_mixin.py:117} INFO - [2022-09-20T16:32:16.566+0000] {dag.py:3328} INFO - Setting next_dagrun for example_external_task_marker_child to None, run_after=None
[2022-09-20T16:32:16.570+0000] {logging_mixin.py:117} INFO - [2022-09-20T16:32:16.570+0000] {dag.py:3328} INFO - Setting next_dagrun for example_external_task_marker_parent to None, run_after=None
[2022-09-20T16:32:16.587+0000] {processor.py:178} INFO - Processing /home/airflow/.local/lib/python3.7/site-packages/airflow/example_dags/example_external_task_marker_dag.py took 0.345 seconds
[2022-09-20T16:32:47.095+0000] {processor.py:156} INFO - Started process (PID=1710) to work on /home/airflow/.local/lib/python3.7/site-packages/airflow/example_dags/example_external_task_marker_dag.py
[2022-09-20T16:32:47.096+0000] {processor.py:758} INFO - Processing file /home/airflow/.local/lib/python3.7/site-packages/airflow/example_dags/example_external_task_marker_dag.py for tasks to queue
[2022-09-20T16:32:47.097+0000] {logging_mixin.py:117} INFO - [2022-09-20T16:32:47.096+0000] {dagbag.py:525} INFO - Filling up the DagBag from /home/airflow/.local/lib/python3.7/site-packages/airflow/example_dags/example_external_task_marker_dag.py
[2022-09-20T16:32:47.117+0000] {processor.py:768} INFO - DAG(s) dict_keys(['example_external_task_marker_parent', 'example_external_task_marker_child']) retrieved from /home/airflow/.local/lib/python3.7/site-packages/airflow/example_dags/example_external_task_marker_dag.py
[2022-09-20T16:32:47.390+0000] {logging_mixin.py:117} INFO - [2022-09-20T16:32:47.390+0000] {dag.py:2573} INFO - Sync 2 DAGs
[2022-09-20T16:32:47.421+0000] {logging_mixin.py:117} INFO - [2022-09-20T16:32:47.421+0000] {dag.py:3328} INFO - Setting next_dagrun for example_external_task_marker_child to None, run_after=None
[2022-09-20T16:32:47.425+0000] {logging_mixin.py:117} INFO - [2022-09-20T16:32:47.425+0000] {dag.py:3328} INFO - Setting next_dagrun for example_external_task_marker_parent to None, run_after=None
[2022-09-20T16:32:47.443+0000] {processor.py:178} INFO - Processing /home/airflow/.local/lib/python3.7/site-packages/airflow/example_dags/example_external_task_marker_dag.py took 0.353 seconds
[2022-09-20T16:33:17.527+0000] {processor.py:156} INFO - Started process (PID=1764) to work on /home/airflow/.local/lib/python3.7/site-packages/airflow/example_dags/example_external_task_marker_dag.py
[2022-09-20T16:33:17.529+0000] {processor.py:758} INFO - Processing file /home/airflow/.local/lib/python3.7/site-packages/airflow/example_dags/example_external_task_marker_dag.py for tasks to queue
[2022-09-20T16:33:17.529+0000] {logging_mixin.py:117} INFO - [2022-09-20T16:33:17.529+0000] {dagbag.py:525} INFO - Filling up the DagBag from /home/airflow/.local/lib/python3.7/site-packages/airflow/example_dags/example_external_task_marker_dag.py
[2022-09-20T16:33:17.544+0000] {processor.py:768} INFO - DAG(s) dict_keys(['example_external_task_marker_parent', 'example_external_task_marker_child']) retrieved from /home/airflow/.local/lib/python3.7/site-packages/airflow/example_dags/example_external_task_marker_dag.py
[2022-09-20T16:33:17.737+0000] {logging_mixin.py:117} INFO - [2022-09-20T16:33:17.736+0000] {dag.py:2573} INFO - Sync 2 DAGs
[2022-09-20T16:33:17.762+0000] {logging_mixin.py:117} INFO - [2022-09-20T16:33:17.762+0000] {dag.py:3328} INFO - Setting next_dagrun for example_external_task_marker_child to None, run_after=None
[2022-09-20T16:33:17.766+0000] {logging_mixin.py:117} INFO - [2022-09-20T16:33:17.765+0000] {dag.py:3328} INFO - Setting next_dagrun for example_external_task_marker_parent to None, run_after=None
[2022-09-20T16:33:17.781+0000] {processor.py:178} INFO - Processing /home/airflow/.local/lib/python3.7/site-packages/airflow/example_dags/example_external_task_marker_dag.py took 0.257 seconds
[2022-09-20T16:33:48.087+0000] {processor.py:156} INFO - Started process (PID=1826) to work on /home/airflow/.local/lib/python3.7/site-packages/airflow/example_dags/example_external_task_marker_dag.py
[2022-09-20T16:33:48.088+0000] {processor.py:758} INFO - Processing file /home/airflow/.local/lib/python3.7/site-packages/airflow/example_dags/example_external_task_marker_dag.py for tasks to queue
[2022-09-20T16:33:48.089+0000] {logging_mixin.py:117} INFO - [2022-09-20T16:33:48.089+0000] {dagbag.py:525} INFO - Filling up the DagBag from /home/airflow/.local/lib/python3.7/site-packages/airflow/example_dags/example_external_task_marker_dag.py
[2022-09-20T16:33:48.105+0000] {processor.py:768} INFO - DAG(s) dict_keys(['example_external_task_marker_parent', 'example_external_task_marker_child']) retrieved from /home/airflow/.local/lib/python3.7/site-packages/airflow/example_dags/example_external_task_marker_dag.py
[2022-09-20T16:33:48.406+0000] {logging_mixin.py:117} INFO - [2022-09-20T16:33:48.406+0000] {dag.py:2573} INFO - Sync 2 DAGs
[2022-09-20T16:33:48.435+0000] {logging_mixin.py:117} INFO - [2022-09-20T16:33:48.435+0000] {dag.py:3328} INFO - Setting next_dagrun for example_external_task_marker_child to None, run_after=None
[2022-09-20T16:33:48.439+0000] {logging_mixin.py:117} INFO - [2022-09-20T16:33:48.439+0000] {dag.py:3328} INFO - Setting next_dagrun for example_external_task_marker_parent to None, run_after=None
[2022-09-20T16:33:48.464+0000] {processor.py:178} INFO - Processing /home/airflow/.local/lib/python3.7/site-packages/airflow/example_dags/example_external_task_marker_dag.py took 0.379 seconds
[2022-09-20T16:34:18.861+0000] {processor.py:156} INFO - Started process (PID=1880) to work on /home/airflow/.local/lib/python3.7/site-packages/airflow/example_dags/example_external_task_marker_dag.py
[2022-09-20T16:34:18.862+0000] {processor.py:758} INFO - Processing file /home/airflow/.local/lib/python3.7/site-packages/airflow/example_dags/example_external_task_marker_dag.py for tasks to queue
[2022-09-20T16:34:18.863+0000] {logging_mixin.py:117} INFO - [2022-09-20T16:34:18.863+0000] {dagbag.py:525} INFO - Filling up the DagBag from /home/airflow/.local/lib/python3.7/site-packages/airflow/example_dags/example_external_task_marker_dag.py
[2022-09-20T16:34:18.876+0000] {processor.py:768} INFO - DAG(s) dict_keys(['example_external_task_marker_parent', 'example_external_task_marker_child']) retrieved from /home/airflow/.local/lib/python3.7/site-packages/airflow/example_dags/example_external_task_marker_dag.py
[2022-09-20T16:34:19.075+0000] {logging_mixin.py:117} INFO - [2022-09-20T16:34:19.075+0000] {dag.py:2573} INFO - Sync 2 DAGs
[2022-09-20T16:34:19.100+0000] {logging_mixin.py:117} INFO - [2022-09-20T16:34:19.100+0000] {dag.py:3328} INFO - Setting next_dagrun for example_external_task_marker_child to None, run_after=None
[2022-09-20T16:34:19.103+0000] {logging_mixin.py:117} INFO - [2022-09-20T16:34:19.103+0000] {dag.py:3328} INFO - Setting next_dagrun for example_external_task_marker_parent to None, run_after=None
[2022-09-20T16:34:19.123+0000] {processor.py:178} INFO - Processing /home/airflow/.local/lib/python3.7/site-packages/airflow/example_dags/example_external_task_marker_dag.py took 0.265 seconds
[2022-09-20T16:34:49.659+0000] {processor.py:156} INFO - Started process (PID=1942) to work on /home/airflow/.local/lib/python3.7/site-packages/airflow/example_dags/example_external_task_marker_dag.py
[2022-09-20T16:34:49.660+0000] {processor.py:758} INFO - Processing file /home/airflow/.local/lib/python3.7/site-packages/airflow/example_dags/example_external_task_marker_dag.py for tasks to queue
[2022-09-20T16:34:49.661+0000] {logging_mixin.py:117} INFO - [2022-09-20T16:34:49.661+0000] {dagbag.py:525} INFO - Filling up the DagBag from /home/airflow/.local/lib/python3.7/site-packages/airflow/example_dags/example_external_task_marker_dag.py
[2022-09-20T16:34:49.676+0000] {processor.py:768} INFO - DAG(s) dict_keys(['example_external_task_marker_child', 'example_external_task_marker_parent']) retrieved from /home/airflow/.local/lib/python3.7/site-packages/airflow/example_dags/example_external_task_marker_dag.py
[2022-09-20T16:34:50.014+0000] {logging_mixin.py:117} INFO - [2022-09-20T16:34:50.014+0000] {dag.py:2573} INFO - Sync 2 DAGs
[2022-09-20T16:34:50.047+0000] {logging_mixin.py:117} INFO - [2022-09-20T16:34:50.047+0000] {dag.py:3328} INFO - Setting next_dagrun for example_external_task_marker_child to None, run_after=None
[2022-09-20T16:34:50.052+0000] {logging_mixin.py:117} INFO - [2022-09-20T16:34:50.052+0000] {dag.py:3328} INFO - Setting next_dagrun for example_external_task_marker_parent to None, run_after=None
[2022-09-20T16:34:50.075+0000] {processor.py:178} INFO - Processing /home/airflow/.local/lib/python3.7/site-packages/airflow/example_dags/example_external_task_marker_dag.py took 0.419 seconds
[2022-09-20T16:35:20.406+0000] {processor.py:156} INFO - Started process (PID=2006) to work on /home/airflow/.local/lib/python3.7/site-packages/airflow/example_dags/example_external_task_marker_dag.py
[2022-09-20T16:35:20.408+0000] {processor.py:758} INFO - Processing file /home/airflow/.local/lib/python3.7/site-packages/airflow/example_dags/example_external_task_marker_dag.py for tasks to queue
[2022-09-20T16:35:20.409+0000] {logging_mixin.py:117} INFO - [2022-09-20T16:35:20.408+0000] {dagbag.py:525} INFO - Filling up the DagBag from /home/airflow/.local/lib/python3.7/site-packages/airflow/example_dags/example_external_task_marker_dag.py
[2022-09-20T16:35:20.454+0000] {processor.py:768} INFO - DAG(s) dict_keys(['example_external_task_marker_child', 'example_external_task_marker_parent']) retrieved from /home/airflow/.local/lib/python3.7/site-packages/airflow/example_dags/example_external_task_marker_dag.py
[2022-09-20T16:35:21.442+0000] {logging_mixin.py:117} INFO - [2022-09-20T16:35:21.439+0000] {dag.py:2573} INFO - Sync 2 DAGs
[2022-09-20T16:35:22.100+0000] {logging_mixin.py:117} INFO - [2022-09-20T16:35:22.088+0000] {dag.py:3328} INFO - Setting next_dagrun for example_external_task_marker_child to None, run_after=None
[2022-09-20T16:35:22.230+0000] {logging_mixin.py:117} INFO - [2022-09-20T16:35:22.223+0000] {dag.py:3328} INFO - Setting next_dagrun for example_external_task_marker_parent to None, run_after=None
[2022-09-20T16:35:23.177+0000] {processor.py:178} INFO - Processing /home/airflow/.local/lib/python3.7/site-packages/airflow/example_dags/example_external_task_marker_dag.py took 2.775 seconds
[2022-09-20T16:35:53.546+0000] {processor.py:156} INFO - Started process (PID=2060) to work on /home/airflow/.local/lib/python3.7/site-packages/airflow/example_dags/example_external_task_marker_dag.py
[2022-09-20T16:35:53.547+0000] {processor.py:758} INFO - Processing file /home/airflow/.local/lib/python3.7/site-packages/airflow/example_dags/example_external_task_marker_dag.py for tasks to queue
[2022-09-20T16:35:53.548+0000] {logging_mixin.py:117} INFO - [2022-09-20T16:35:53.548+0000] {dagbag.py:525} INFO - Filling up the DagBag from /home/airflow/.local/lib/python3.7/site-packages/airflow/example_dags/example_external_task_marker_dag.py
[2022-09-20T16:35:53.591+0000] {processor.py:768} INFO - DAG(s) dict_keys(['example_external_task_marker_parent', 'example_external_task_marker_child']) retrieved from /home/airflow/.local/lib/python3.7/site-packages/airflow/example_dags/example_external_task_marker_dag.py
[2022-09-20T16:35:54.499+0000] {logging_mixin.py:117} INFO - [2022-09-20T16:35:54.499+0000] {dag.py:2573} INFO - Sync 2 DAGs
[2022-09-20T16:35:54.575+0000] {logging_mixin.py:117} INFO - [2022-09-20T16:35:54.575+0000] {dag.py:3328} INFO - Setting next_dagrun for example_external_task_marker_child to None, run_after=None
[2022-09-20T16:35:54.584+0000] {logging_mixin.py:117} INFO - [2022-09-20T16:35:54.584+0000] {dag.py:3328} INFO - Setting next_dagrun for example_external_task_marker_parent to None, run_after=None
[2022-09-20T16:35:54.661+0000] {processor.py:178} INFO - Processing /home/airflow/.local/lib/python3.7/site-packages/airflow/example_dags/example_external_task_marker_dag.py took 1.119 seconds
[2022-09-20T16:36:25.141+0000] {processor.py:156} INFO - Started process (PID=2114) to work on /home/airflow/.local/lib/python3.7/site-packages/airflow/example_dags/example_external_task_marker_dag.py
[2022-09-20T16:36:25.142+0000] {processor.py:758} INFO - Processing file /home/airflow/.local/lib/python3.7/site-packages/airflow/example_dags/example_external_task_marker_dag.py for tasks to queue
[2022-09-20T16:36:25.142+0000] {logging_mixin.py:117} INFO - [2022-09-20T16:36:25.142+0000] {dagbag.py:525} INFO - Filling up the DagBag from /home/airflow/.local/lib/python3.7/site-packages/airflow/example_dags/example_external_task_marker_dag.py
[2022-09-20T16:36:25.159+0000] {processor.py:768} INFO - DAG(s) dict_keys(['example_external_task_marker_child', 'example_external_task_marker_parent']) retrieved from /home/airflow/.local/lib/python3.7/site-packages/airflow/example_dags/example_external_task_marker_dag.py
[2022-09-20T16:36:25.491+0000] {logging_mixin.py:117} INFO - [2022-09-20T16:36:25.491+0000] {dag.py:2573} INFO - Sync 2 DAGs
[2022-09-20T16:36:25.521+0000] {logging_mixin.py:117} INFO - [2022-09-20T16:36:25.521+0000] {dag.py:3328} INFO - Setting next_dagrun for example_external_task_marker_child to None, run_after=None
[2022-09-20T16:36:25.526+0000] {logging_mixin.py:117} INFO - [2022-09-20T16:36:25.526+0000] {dag.py:3328} INFO - Setting next_dagrun for example_external_task_marker_parent to None, run_after=None
[2022-09-20T16:36:25.548+0000] {processor.py:178} INFO - Processing /home/airflow/.local/lib/python3.7/site-packages/airflow/example_dags/example_external_task_marker_dag.py took 0.409 seconds
[2022-09-20T16:36:55.793+0000] {processor.py:156} INFO - Started process (PID=2179) to work on /home/airflow/.local/lib/python3.7/site-packages/airflow/example_dags/example_external_task_marker_dag.py
[2022-09-20T16:36:55.794+0000] {processor.py:758} INFO - Processing file /home/airflow/.local/lib/python3.7/site-packages/airflow/example_dags/example_external_task_marker_dag.py for tasks to queue
[2022-09-20T16:36:55.794+0000] {logging_mixin.py:117} INFO - [2022-09-20T16:36:55.794+0000] {dagbag.py:525} INFO - Filling up the DagBag from /home/airflow/.local/lib/python3.7/site-packages/airflow/example_dags/example_external_task_marker_dag.py
[2022-09-20T16:36:55.812+0000] {processor.py:768} INFO - DAG(s) dict_keys(['example_external_task_marker_child', 'example_external_task_marker_parent']) retrieved from /home/airflow/.local/lib/python3.7/site-packages/airflow/example_dags/example_external_task_marker_dag.py
[2022-09-20T16:36:56.204+0000] {logging_mixin.py:117} INFO - [2022-09-20T16:36:56.203+0000] {dag.py:2573} INFO - Sync 2 DAGs
[2022-09-20T16:36:56.240+0000] {logging_mixin.py:117} INFO - [2022-09-20T16:36:56.240+0000] {dag.py:3328} INFO - Setting next_dagrun for example_external_task_marker_child to None, run_after=None
[2022-09-20T16:36:56.244+0000] {logging_mixin.py:117} INFO - [2022-09-20T16:36:56.244+0000] {dag.py:3328} INFO - Setting next_dagrun for example_external_task_marker_parent to None, run_after=None
[2022-09-20T16:36:56.266+0000] {processor.py:178} INFO - Processing /home/airflow/.local/lib/python3.7/site-packages/airflow/example_dags/example_external_task_marker_dag.py took 0.476 seconds
[2022-09-20T16:37:27.133+0000] {processor.py:156} INFO - Started process (PID=2242) to work on /home/airflow/.local/lib/python3.7/site-packages/airflow/example_dags/example_external_task_marker_dag.py
[2022-09-20T16:37:27.134+0000] {processor.py:758} INFO - Processing file /home/airflow/.local/lib/python3.7/site-packages/airflow/example_dags/example_external_task_marker_dag.py for tasks to queue
[2022-09-20T16:37:27.134+0000] {logging_mixin.py:117} INFO - [2022-09-20T16:37:27.134+0000] {dagbag.py:525} INFO - Filling up the DagBag from /home/airflow/.local/lib/python3.7/site-packages/airflow/example_dags/example_external_task_marker_dag.py
[2022-09-20T16:37:27.162+0000] {processor.py:768} INFO - DAG(s) dict_keys(['example_external_task_marker_child', 'example_external_task_marker_parent']) retrieved from /home/airflow/.local/lib/python3.7/site-packages/airflow/example_dags/example_external_task_marker_dag.py
[2022-09-20T16:37:27.538+0000] {logging_mixin.py:117} INFO - [2022-09-20T16:37:27.537+0000] {dag.py:2573} INFO - Sync 2 DAGs
[2022-09-20T16:37:27.561+0000] {logging_mixin.py:117} INFO - [2022-09-20T16:37:27.561+0000] {dag.py:3328} INFO - Setting next_dagrun for example_external_task_marker_child to None, run_after=None
[2022-09-20T16:37:27.564+0000] {logging_mixin.py:117} INFO - [2022-09-20T16:37:27.564+0000] {dag.py:3328} INFO - Setting next_dagrun for example_external_task_marker_parent to None, run_after=None
[2022-09-20T16:37:27.583+0000] {processor.py:178} INFO - Processing /home/airflow/.local/lib/python3.7/site-packages/airflow/example_dags/example_external_task_marker_dag.py took 0.452 seconds
[2022-09-20T16:37:57.706+0000] {processor.py:156} INFO - Started process (PID=2296) to work on /home/airflow/.local/lib/python3.7/site-packages/airflow/example_dags/example_external_task_marker_dag.py
[2022-09-20T16:37:57.707+0000] {processor.py:758} INFO - Processing file /home/airflow/.local/lib/python3.7/site-packages/airflow/example_dags/example_external_task_marker_dag.py for tasks to queue
[2022-09-20T16:37:57.707+0000] {logging_mixin.py:117} INFO - [2022-09-20T16:37:57.707+0000] {dagbag.py:525} INFO - Filling up the DagBag from /home/airflow/.local/lib/python3.7/site-packages/airflow/example_dags/example_external_task_marker_dag.py
[2022-09-20T16:37:57.720+0000] {processor.py:768} INFO - DAG(s) dict_keys(['example_external_task_marker_child', 'example_external_task_marker_parent']) retrieved from /home/airflow/.local/lib/python3.7/site-packages/airflow/example_dags/example_external_task_marker_dag.py
[2022-09-20T16:37:57.993+0000] {logging_mixin.py:117} INFO - [2022-09-20T16:37:57.993+0000] {dag.py:2573} INFO - Sync 2 DAGs
[2022-09-20T16:37:58.019+0000] {logging_mixin.py:117} INFO - [2022-09-20T16:37:58.019+0000] {dag.py:3328} INFO - Setting next_dagrun for example_external_task_marker_child to None, run_after=None
[2022-09-20T16:37:58.023+0000] {logging_mixin.py:117} INFO - [2022-09-20T16:37:58.023+0000] {dag.py:3328} INFO - Setting next_dagrun for example_external_task_marker_parent to None, run_after=None
[2022-09-20T16:37:58.042+0000] {processor.py:178} INFO - Processing /home/airflow/.local/lib/python3.7/site-packages/airflow/example_dags/example_external_task_marker_dag.py took 0.339 seconds
[2022-09-20T16:38:28.531+0000] {processor.py:156} INFO - Started process (PID=2359) to work on /home/airflow/.local/lib/python3.7/site-packages/airflow/example_dags/example_external_task_marker_dag.py
[2022-09-20T16:38:28.532+0000] {processor.py:758} INFO - Processing file /home/airflow/.local/lib/python3.7/site-packages/airflow/example_dags/example_external_task_marker_dag.py for tasks to queue
[2022-09-20T16:38:28.533+0000] {logging_mixin.py:117} INFO - [2022-09-20T16:38:28.532+0000] {dagbag.py:525} INFO - Filling up the DagBag from /home/airflow/.local/lib/python3.7/site-packages/airflow/example_dags/example_external_task_marker_dag.py
[2022-09-20T16:38:28.548+0000] {processor.py:768} INFO - DAG(s) dict_keys(['example_external_task_marker_parent', 'example_external_task_marker_child']) retrieved from /home/airflow/.local/lib/python3.7/site-packages/airflow/example_dags/example_external_task_marker_dag.py
[2022-09-20T16:38:28.813+0000] {logging_mixin.py:117} INFO - [2022-09-20T16:38:28.813+0000] {dag.py:2573} INFO - Sync 2 DAGs
[2022-09-20T16:38:28.834+0000] {logging_mixin.py:117} INFO - [2022-09-20T16:38:28.834+0000] {dag.py:3328} INFO - Setting next_dagrun for example_external_task_marker_child to None, run_after=None
[2022-09-20T16:38:28.838+0000] {logging_mixin.py:117} INFO - [2022-09-20T16:38:28.837+0000] {dag.py:3328} INFO - Setting next_dagrun for example_external_task_marker_parent to None, run_after=None
[2022-09-20T16:38:28.858+0000] {processor.py:178} INFO - Processing /home/airflow/.local/lib/python3.7/site-packages/airflow/example_dags/example_external_task_marker_dag.py took 0.329 seconds
[2022-09-20T16:38:58.978+0000] {processor.py:156} INFO - Started process (PID=2414) to work on /home/airflow/.local/lib/python3.7/site-packages/airflow/example_dags/example_external_task_marker_dag.py
[2022-09-20T16:38:58.979+0000] {processor.py:758} INFO - Processing file /home/airflow/.local/lib/python3.7/site-packages/airflow/example_dags/example_external_task_marker_dag.py for tasks to queue
[2022-09-20T16:38:58.979+0000] {logging_mixin.py:117} INFO - [2022-09-20T16:38:58.979+0000] {dagbag.py:525} INFO - Filling up the DagBag from /home/airflow/.local/lib/python3.7/site-packages/airflow/example_dags/example_external_task_marker_dag.py
[2022-09-20T16:38:58.991+0000] {processor.py:768} INFO - DAG(s) dict_keys(['example_external_task_marker_parent', 'example_external_task_marker_child']) retrieved from /home/airflow/.local/lib/python3.7/site-packages/airflow/example_dags/example_external_task_marker_dag.py
[2022-09-20T16:38:59.307+0000] {logging_mixin.py:117} INFO - [2022-09-20T16:38:59.307+0000] {dag.py:2573} INFO - Sync 2 DAGs
[2022-09-20T16:38:59.335+0000] {logging_mixin.py:117} INFO - [2022-09-20T16:38:59.335+0000] {dag.py:3328} INFO - Setting next_dagrun for example_external_task_marker_child to None, run_after=None
[2022-09-20T16:38:59.339+0000] {logging_mixin.py:117} INFO - [2022-09-20T16:38:59.339+0000] {dag.py:3328} INFO - Setting next_dagrun for example_external_task_marker_parent to None, run_after=None
[2022-09-20T16:38:59.360+0000] {processor.py:178} INFO - Processing /home/airflow/.local/lib/python3.7/site-packages/airflow/example_dags/example_external_task_marker_dag.py took 0.385 seconds
