[2022-09-20T16:18:33.554+0000] {processor.py:156} INFO - Started process (PID=64) to work on /home/airflow/.local/lib/python3.7/site-packages/airflow/example_dags/tutorial_dag.py
[2022-09-20T16:18:33.554+0000] {processor.py:758} INFO - Processing file /home/airflow/.local/lib/python3.7/site-packages/airflow/example_dags/tutorial_dag.py for tasks to queue
[2022-09-20T16:18:33.555+0000] {logging_mixin.py:117} INFO - [2022-09-20T16:18:33.555+0000] {dagbag.py:525} INFO - Filling up the DagBag from /home/airflow/.local/lib/python3.7/site-packages/airflow/example_dags/tutorial_dag.py
[2022-09-20T16:18:33.590+0000] {processor.py:768} INFO - DAG(s) dict_keys(['tutorial_dag']) retrieved from /home/airflow/.local/lib/python3.7/site-packages/airflow/example_dags/tutorial_dag.py
[2022-09-20T16:18:33.853+0000] {logging_mixin.py:117} INFO - [2022-09-20T16:18:33.853+0000] {dag.py:2573} INFO - Sync 1 DAGs
[2022-09-20T16:18:33.901+0000] {logging_mixin.py:117} INFO - [2022-09-20T16:18:33.901+0000] {dag.py:3328} INFO - Setting next_dagrun for tutorial_dag to None, run_after=None
[2022-09-20T16:18:33.936+0000] {processor.py:178} INFO - Processing /home/airflow/.local/lib/python3.7/site-packages/airflow/example_dags/tutorial_dag.py took 0.386 seconds
[2022-09-20T16:19:04.311+0000] {processor.py:156} INFO - Started process (PID=118) to work on /home/airflow/.local/lib/python3.7/site-packages/airflow/example_dags/tutorial_dag.py
[2022-09-20T16:19:04.311+0000] {processor.py:758} INFO - Processing file /home/airflow/.local/lib/python3.7/site-packages/airflow/example_dags/tutorial_dag.py for tasks to queue
[2022-09-20T16:19:04.312+0000] {logging_mixin.py:117} INFO - [2022-09-20T16:19:04.312+0000] {dagbag.py:525} INFO - Filling up the DagBag from /home/airflow/.local/lib/python3.7/site-packages/airflow/example_dags/tutorial_dag.py
[2022-09-20T16:19:04.324+0000] {processor.py:768} INFO - DAG(s) dict_keys(['tutorial_dag']) retrieved from /home/airflow/.local/lib/python3.7/site-packages/airflow/example_dags/tutorial_dag.py
[2022-09-20T16:19:04.457+0000] {logging_mixin.py:117} INFO - [2022-09-20T16:19:04.457+0000] {dag.py:2573} INFO - Sync 1 DAGs
[2022-09-20T16:19:04.479+0000] {logging_mixin.py:117} INFO - [2022-09-20T16:19:04.479+0000] {dag.py:3328} INFO - Setting next_dagrun for tutorial_dag to None, run_after=None
[2022-09-20T16:19:04.495+0000] {processor.py:178} INFO - Processing /home/airflow/.local/lib/python3.7/site-packages/airflow/example_dags/tutorial_dag.py took 0.187 seconds
[2022-09-20T16:19:35.188+0000] {processor.py:156} INFO - Started process (PID=180) to work on /home/airflow/.local/lib/python3.7/site-packages/airflow/example_dags/tutorial_dag.py
[2022-09-20T16:19:35.189+0000] {processor.py:758} INFO - Processing file /home/airflow/.local/lib/python3.7/site-packages/airflow/example_dags/tutorial_dag.py for tasks to queue
[2022-09-20T16:19:35.189+0000] {logging_mixin.py:117} INFO - [2022-09-20T16:19:35.189+0000] {dagbag.py:525} INFO - Filling up the DagBag from /home/airflow/.local/lib/python3.7/site-packages/airflow/example_dags/tutorial_dag.py
[2022-09-20T16:19:35.326+0000] {processor.py:768} INFO - DAG(s) dict_keys(['tutorial_dag']) retrieved from /home/airflow/.local/lib/python3.7/site-packages/airflow/example_dags/tutorial_dag.py
[2022-09-20T16:19:35.367+0000] {logging_mixin.py:117} INFO - [2022-09-20T16:19:35.367+0000] {dag.py:2573} INFO - Sync 1 DAGs
[2022-09-20T16:19:35.394+0000] {logging_mixin.py:117} INFO - [2022-09-20T16:19:35.394+0000] {dag.py:3328} INFO - Setting next_dagrun for tutorial_dag to None, run_after=None
[2022-09-20T16:19:35.419+0000] {processor.py:178} INFO - Processing /home/airflow/.local/lib/python3.7/site-packages/airflow/example_dags/tutorial_dag.py took 0.234 seconds
[2022-09-20T16:20:06.693+0000] {processor.py:156} INFO - Started process (PID=243) to work on /home/airflow/.local/lib/python3.7/site-packages/airflow/example_dags/tutorial_dag.py
[2022-09-20T16:20:06.694+0000] {processor.py:758} INFO - Processing file /home/airflow/.local/lib/python3.7/site-packages/airflow/example_dags/tutorial_dag.py for tasks to queue
[2022-09-20T16:20:06.695+0000] {logging_mixin.py:117} INFO - [2022-09-20T16:20:06.695+0000] {dagbag.py:525} INFO - Filling up the DagBag from /home/airflow/.local/lib/python3.7/site-packages/airflow/example_dags/tutorial_dag.py
[2022-09-20T16:20:07.014+0000] {processor.py:768} INFO - DAG(s) dict_keys(['tutorial_dag']) retrieved from /home/airflow/.local/lib/python3.7/site-packages/airflow/example_dags/tutorial_dag.py
[2022-09-20T16:20:07.311+0000] {logging_mixin.py:117} INFO - [2022-09-20T16:20:07.306+0000] {dag.py:2573} INFO - Sync 1 DAGs
[2022-09-20T16:20:07.518+0000] {logging_mixin.py:117} INFO - [2022-09-20T16:20:07.517+0000] {dag.py:3328} INFO - Setting next_dagrun for tutorial_dag to None, run_after=None
[2022-09-20T16:20:07.664+0000] {processor.py:178} INFO - Processing /home/airflow/.local/lib/python3.7/site-packages/airflow/example_dags/tutorial_dag.py took 0.976 seconds
[2022-09-20T16:20:37.851+0000] {processor.py:156} INFO - Started process (PID=297) to work on /home/airflow/.local/lib/python3.7/site-packages/airflow/example_dags/tutorial_dag.py
[2022-09-20T16:20:37.852+0000] {processor.py:758} INFO - Processing file /home/airflow/.local/lib/python3.7/site-packages/airflow/example_dags/tutorial_dag.py for tasks to queue
[2022-09-20T16:20:37.852+0000] {logging_mixin.py:117} INFO - [2022-09-20T16:20:37.852+0000] {dagbag.py:525} INFO - Filling up the DagBag from /home/airflow/.local/lib/python3.7/site-packages/airflow/example_dags/tutorial_dag.py
[2022-09-20T16:20:37.865+0000] {processor.py:768} INFO - DAG(s) dict_keys(['tutorial_dag']) retrieved from /home/airflow/.local/lib/python3.7/site-packages/airflow/example_dags/tutorial_dag.py
[2022-09-20T16:20:37.904+0000] {logging_mixin.py:117} INFO - [2022-09-20T16:20:37.903+0000] {dag.py:2573} INFO - Sync 1 DAGs
[2022-09-20T16:20:37.927+0000] {logging_mixin.py:117} INFO - [2022-09-20T16:20:37.927+0000] {dag.py:3328} INFO - Setting next_dagrun for tutorial_dag to None, run_after=None
[2022-09-20T16:20:37.949+0000] {processor.py:178} INFO - Processing /home/airflow/.local/lib/python3.7/site-packages/airflow/example_dags/tutorial_dag.py took 0.100 seconds
[2022-09-20T16:21:08.624+0000] {processor.py:156} INFO - Started process (PID=358) to work on /home/airflow/.local/lib/python3.7/site-packages/airflow/example_dags/tutorial_dag.py
[2022-09-20T16:21:08.625+0000] {processor.py:758} INFO - Processing file /home/airflow/.local/lib/python3.7/site-packages/airflow/example_dags/tutorial_dag.py for tasks to queue
[2022-09-20T16:21:08.626+0000] {logging_mixin.py:117} INFO - [2022-09-20T16:21:08.626+0000] {dagbag.py:525} INFO - Filling up the DagBag from /home/airflow/.local/lib/python3.7/site-packages/airflow/example_dags/tutorial_dag.py
[2022-09-20T16:21:08.647+0000] {processor.py:768} INFO - DAG(s) dict_keys(['tutorial_dag']) retrieved from /home/airflow/.local/lib/python3.7/site-packages/airflow/example_dags/tutorial_dag.py
[2022-09-20T16:21:08.700+0000] {logging_mixin.py:117} INFO - [2022-09-20T16:21:08.700+0000] {dag.py:2573} INFO - Sync 1 DAGs
[2022-09-20T16:21:08.735+0000] {logging_mixin.py:117} INFO - [2022-09-20T16:21:08.735+0000] {dag.py:3328} INFO - Setting next_dagrun for tutorial_dag to None, run_after=None
[2022-09-20T16:21:08.763+0000] {processor.py:178} INFO - Processing /home/airflow/.local/lib/python3.7/site-packages/airflow/example_dags/tutorial_dag.py took 0.142 seconds
[2022-09-20T16:21:38.867+0000] {processor.py:156} INFO - Started process (PID=412) to work on /home/airflow/.local/lib/python3.7/site-packages/airflow/example_dags/tutorial_dag.py
[2022-09-20T16:21:38.868+0000] {processor.py:758} INFO - Processing file /home/airflow/.local/lib/python3.7/site-packages/airflow/example_dags/tutorial_dag.py for tasks to queue
[2022-09-20T16:21:38.868+0000] {logging_mixin.py:117} INFO - [2022-09-20T16:21:38.868+0000] {dagbag.py:525} INFO - Filling up the DagBag from /home/airflow/.local/lib/python3.7/site-packages/airflow/example_dags/tutorial_dag.py
[2022-09-20T16:21:38.879+0000] {processor.py:768} INFO - DAG(s) dict_keys(['tutorial_dag']) retrieved from /home/airflow/.local/lib/python3.7/site-packages/airflow/example_dags/tutorial_dag.py
[2022-09-20T16:21:38.916+0000] {logging_mixin.py:117} INFO - [2022-09-20T16:21:38.916+0000] {dag.py:2573} INFO - Sync 1 DAGs
[2022-09-20T16:21:38.938+0000] {logging_mixin.py:117} INFO - [2022-09-20T16:21:38.938+0000] {dag.py:3328} INFO - Setting next_dagrun for tutorial_dag to None, run_after=None
[2022-09-20T16:21:38.959+0000] {processor.py:178} INFO - Processing /home/airflow/.local/lib/python3.7/site-packages/airflow/example_dags/tutorial_dag.py took 0.093 seconds
[2022-09-20T16:22:09.665+0000] {processor.py:156} INFO - Started process (PID=474) to work on /home/airflow/.local/lib/python3.7/site-packages/airflow/example_dags/tutorial_dag.py
[2022-09-20T16:22:09.665+0000] {processor.py:758} INFO - Processing file /home/airflow/.local/lib/python3.7/site-packages/airflow/example_dags/tutorial_dag.py for tasks to queue
[2022-09-20T16:22:09.666+0000] {logging_mixin.py:117} INFO - [2022-09-20T16:22:09.666+0000] {dagbag.py:525} INFO - Filling up the DagBag from /home/airflow/.local/lib/python3.7/site-packages/airflow/example_dags/tutorial_dag.py
[2022-09-20T16:22:09.677+0000] {processor.py:768} INFO - DAG(s) dict_keys(['tutorial_dag']) retrieved from /home/airflow/.local/lib/python3.7/site-packages/airflow/example_dags/tutorial_dag.py
[2022-09-20T16:22:09.709+0000] {logging_mixin.py:117} INFO - [2022-09-20T16:22:09.709+0000] {dag.py:2573} INFO - Sync 1 DAGs
[2022-09-20T16:22:09.731+0000] {logging_mixin.py:117} INFO - [2022-09-20T16:22:09.731+0000] {dag.py:3328} INFO - Setting next_dagrun for tutorial_dag to None, run_after=None
[2022-09-20T16:22:09.752+0000] {processor.py:178} INFO - Processing /home/airflow/.local/lib/python3.7/site-packages/airflow/example_dags/tutorial_dag.py took 0.089 seconds
[2022-09-20T16:22:40.104+0000] {processor.py:156} INFO - Started process (PID=536) to work on /home/airflow/.local/lib/python3.7/site-packages/airflow/example_dags/tutorial_dag.py
[2022-09-20T16:22:40.105+0000] {processor.py:758} INFO - Processing file /home/airflow/.local/lib/python3.7/site-packages/airflow/example_dags/tutorial_dag.py for tasks to queue
[2022-09-20T16:22:40.105+0000] {logging_mixin.py:117} INFO - [2022-09-20T16:22:40.105+0000] {dagbag.py:525} INFO - Filling up the DagBag from /home/airflow/.local/lib/python3.7/site-packages/airflow/example_dags/tutorial_dag.py
[2022-09-20T16:22:40.116+0000] {processor.py:768} INFO - DAG(s) dict_keys(['tutorial_dag']) retrieved from /home/airflow/.local/lib/python3.7/site-packages/airflow/example_dags/tutorial_dag.py
[2022-09-20T16:22:40.147+0000] {logging_mixin.py:117} INFO - [2022-09-20T16:22:40.147+0000] {dag.py:2573} INFO - Sync 1 DAGs
[2022-09-20T16:22:40.167+0000] {logging_mixin.py:117} INFO - [2022-09-20T16:22:40.167+0000] {dag.py:3328} INFO - Setting next_dagrun for tutorial_dag to None, run_after=None
[2022-09-20T16:22:40.183+0000] {processor.py:178} INFO - Processing /home/airflow/.local/lib/python3.7/site-packages/airflow/example_dags/tutorial_dag.py took 0.081 seconds
[2022-09-20T16:23:10.565+0000] {processor.py:156} INFO - Started process (PID=590) to work on /home/airflow/.local/lib/python3.7/site-packages/airflow/example_dags/tutorial_dag.py
[2022-09-20T16:23:10.565+0000] {processor.py:758} INFO - Processing file /home/airflow/.local/lib/python3.7/site-packages/airflow/example_dags/tutorial_dag.py for tasks to queue
[2022-09-20T16:23:10.566+0000] {logging_mixin.py:117} INFO - [2022-09-20T16:23:10.566+0000] {dagbag.py:525} INFO - Filling up the DagBag from /home/airflow/.local/lib/python3.7/site-packages/airflow/example_dags/tutorial_dag.py
[2022-09-20T16:23:10.577+0000] {processor.py:768} INFO - DAG(s) dict_keys(['tutorial_dag']) retrieved from /home/airflow/.local/lib/python3.7/site-packages/airflow/example_dags/tutorial_dag.py
[2022-09-20T16:23:10.607+0000] {logging_mixin.py:117} INFO - [2022-09-20T16:23:10.607+0000] {dag.py:2573} INFO - Sync 1 DAGs
[2022-09-20T16:23:10.627+0000] {logging_mixin.py:117} INFO - [2022-09-20T16:23:10.626+0000] {dag.py:3328} INFO - Setting next_dagrun for tutorial_dag to None, run_after=None
[2022-09-20T16:23:10.645+0000] {processor.py:178} INFO - Processing /home/airflow/.local/lib/python3.7/site-packages/airflow/example_dags/tutorial_dag.py took 0.083 seconds
[2022-09-20T16:23:41.034+0000] {processor.py:156} INFO - Started process (PID=652) to work on /home/airflow/.local/lib/python3.7/site-packages/airflow/example_dags/tutorial_dag.py
[2022-09-20T16:23:41.035+0000] {processor.py:758} INFO - Processing file /home/airflow/.local/lib/python3.7/site-packages/airflow/example_dags/tutorial_dag.py for tasks to queue
[2022-09-20T16:23:41.035+0000] {logging_mixin.py:117} INFO - [2022-09-20T16:23:41.035+0000] {dagbag.py:525} INFO - Filling up the DagBag from /home/airflow/.local/lib/python3.7/site-packages/airflow/example_dags/tutorial_dag.py
[2022-09-20T16:23:41.046+0000] {processor.py:768} INFO - DAG(s) dict_keys(['tutorial_dag']) retrieved from /home/airflow/.local/lib/python3.7/site-packages/airflow/example_dags/tutorial_dag.py
[2022-09-20T16:23:41.076+0000] {logging_mixin.py:117} INFO - [2022-09-20T16:23:41.076+0000] {dag.py:2573} INFO - Sync 1 DAGs
[2022-09-20T16:23:41.096+0000] {logging_mixin.py:117} INFO - [2022-09-20T16:23:41.095+0000] {dag.py:3328} INFO - Setting next_dagrun for tutorial_dag to None, run_after=None
[2022-09-20T16:23:41.114+0000] {processor.py:178} INFO - Processing /home/airflow/.local/lib/python3.7/site-packages/airflow/example_dags/tutorial_dag.py took 0.082 seconds
[2022-09-20T16:24:11.558+0000] {processor.py:156} INFO - Started process (PID=714) to work on /home/airflow/.local/lib/python3.7/site-packages/airflow/example_dags/tutorial_dag.py
[2022-09-20T16:24:11.559+0000] {processor.py:758} INFO - Processing file /home/airflow/.local/lib/python3.7/site-packages/airflow/example_dags/tutorial_dag.py for tasks to queue
[2022-09-20T16:24:11.559+0000] {logging_mixin.py:117} INFO - [2022-09-20T16:24:11.559+0000] {dagbag.py:525} INFO - Filling up the DagBag from /home/airflow/.local/lib/python3.7/site-packages/airflow/example_dags/tutorial_dag.py
[2022-09-20T16:24:11.571+0000] {processor.py:768} INFO - DAG(s) dict_keys(['tutorial_dag']) retrieved from /home/airflow/.local/lib/python3.7/site-packages/airflow/example_dags/tutorial_dag.py
[2022-09-20T16:24:11.604+0000] {logging_mixin.py:117} INFO - [2022-09-20T16:24:11.604+0000] {dag.py:2573} INFO - Sync 1 DAGs
[2022-09-20T16:24:11.628+0000] {logging_mixin.py:117} INFO - [2022-09-20T16:24:11.628+0000] {dag.py:3328} INFO - Setting next_dagrun for tutorial_dag to None, run_after=None
[2022-09-20T16:24:11.646+0000] {processor.py:178} INFO - Processing /home/airflow/.local/lib/python3.7/site-packages/airflow/example_dags/tutorial_dag.py took 0.090 seconds
[2022-09-20T16:24:42.195+0000] {processor.py:156} INFO - Started process (PID=767) to work on /home/airflow/.local/lib/python3.7/site-packages/airflow/example_dags/tutorial_dag.py
[2022-09-20T16:24:42.196+0000] {processor.py:758} INFO - Processing file /home/airflow/.local/lib/python3.7/site-packages/airflow/example_dags/tutorial_dag.py for tasks to queue
[2022-09-20T16:24:42.197+0000] {logging_mixin.py:117} INFO - [2022-09-20T16:24:42.196+0000] {dagbag.py:525} INFO - Filling up the DagBag from /home/airflow/.local/lib/python3.7/site-packages/airflow/example_dags/tutorial_dag.py
[2022-09-20T16:24:42.216+0000] {processor.py:768} INFO - DAG(s) dict_keys(['tutorial_dag']) retrieved from /home/airflow/.local/lib/python3.7/site-packages/airflow/example_dags/tutorial_dag.py
[2022-09-20T16:24:42.256+0000] {logging_mixin.py:117} INFO - [2022-09-20T16:24:42.255+0000] {dag.py:2573} INFO - Sync 1 DAGs
[2022-09-20T16:24:42.280+0000] {logging_mixin.py:117} INFO - [2022-09-20T16:24:42.280+0000] {dag.py:3328} INFO - Setting next_dagrun for tutorial_dag to None, run_after=None
[2022-09-20T16:24:42.304+0000] {processor.py:178} INFO - Processing /home/airflow/.local/lib/python3.7/site-packages/airflow/example_dags/tutorial_dag.py took 0.111 seconds
[2022-09-20T16:25:12.612+0000] {processor.py:156} INFO - Started process (PID=830) to work on /home/airflow/.local/lib/python3.7/site-packages/airflow/example_dags/tutorial_dag.py
[2022-09-20T16:25:12.613+0000] {processor.py:758} INFO - Processing file /home/airflow/.local/lib/python3.7/site-packages/airflow/example_dags/tutorial_dag.py for tasks to queue
[2022-09-20T16:25:12.613+0000] {logging_mixin.py:117} INFO - [2022-09-20T16:25:12.613+0000] {dagbag.py:525} INFO - Filling up the DagBag from /home/airflow/.local/lib/python3.7/site-packages/airflow/example_dags/tutorial_dag.py
[2022-09-20T16:25:12.627+0000] {processor.py:768} INFO - DAG(s) dict_keys(['tutorial_dag']) retrieved from /home/airflow/.local/lib/python3.7/site-packages/airflow/example_dags/tutorial_dag.py
[2022-09-20T16:25:12.660+0000] {logging_mixin.py:117} INFO - [2022-09-20T16:25:12.660+0000] {dag.py:2573} INFO - Sync 1 DAGs
[2022-09-20T16:25:12.683+0000] {logging_mixin.py:117} INFO - [2022-09-20T16:25:12.682+0000] {dag.py:3328} INFO - Setting next_dagrun for tutorial_dag to None, run_after=None
[2022-09-20T16:25:12.701+0000] {processor.py:178} INFO - Processing /home/airflow/.local/lib/python3.7/site-packages/airflow/example_dags/tutorial_dag.py took 0.091 seconds
[2022-09-20T16:25:42.951+0000] {processor.py:156} INFO - Started process (PID=892) to work on /home/airflow/.local/lib/python3.7/site-packages/airflow/example_dags/tutorial_dag.py
[2022-09-20T16:25:42.952+0000] {processor.py:758} INFO - Processing file /home/airflow/.local/lib/python3.7/site-packages/airflow/example_dags/tutorial_dag.py for tasks to queue
[2022-09-20T16:25:42.953+0000] {logging_mixin.py:117} INFO - [2022-09-20T16:25:42.953+0000] {dagbag.py:525} INFO - Filling up the DagBag from /home/airflow/.local/lib/python3.7/site-packages/airflow/example_dags/tutorial_dag.py
[2022-09-20T16:25:42.969+0000] {processor.py:768} INFO - DAG(s) dict_keys(['tutorial_dag']) retrieved from /home/airflow/.local/lib/python3.7/site-packages/airflow/example_dags/tutorial_dag.py
[2022-09-20T16:25:43.014+0000] {logging_mixin.py:117} INFO - [2022-09-20T16:25:43.014+0000] {dag.py:2573} INFO - Sync 1 DAGs
[2022-09-20T16:25:43.040+0000] {logging_mixin.py:117} INFO - [2022-09-20T16:25:43.040+0000] {dag.py:3328} INFO - Setting next_dagrun for tutorial_dag to None, run_after=None
[2022-09-20T16:25:43.063+0000] {processor.py:178} INFO - Processing /home/airflow/.local/lib/python3.7/site-packages/airflow/example_dags/tutorial_dag.py took 0.116 seconds
[2022-09-20T16:26:13.387+0000] {processor.py:156} INFO - Started process (PID=946) to work on /home/airflow/.local/lib/python3.7/site-packages/airflow/example_dags/tutorial_dag.py
[2022-09-20T16:26:13.387+0000] {processor.py:758} INFO - Processing file /home/airflow/.local/lib/python3.7/site-packages/airflow/example_dags/tutorial_dag.py for tasks to queue
[2022-09-20T16:26:13.388+0000] {logging_mixin.py:117} INFO - [2022-09-20T16:26:13.388+0000] {dagbag.py:525} INFO - Filling up the DagBag from /home/airflow/.local/lib/python3.7/site-packages/airflow/example_dags/tutorial_dag.py
[2022-09-20T16:26:13.398+0000] {processor.py:768} INFO - DAG(s) dict_keys(['tutorial_dag']) retrieved from /home/airflow/.local/lib/python3.7/site-packages/airflow/example_dags/tutorial_dag.py
[2022-09-20T16:26:13.429+0000] {logging_mixin.py:117} INFO - [2022-09-20T16:26:13.429+0000] {dag.py:2573} INFO - Sync 1 DAGs
[2022-09-20T16:26:13.450+0000] {logging_mixin.py:117} INFO - [2022-09-20T16:26:13.450+0000] {dag.py:3328} INFO - Setting next_dagrun for tutorial_dag to None, run_after=None
[2022-09-20T16:26:13.467+0000] {processor.py:178} INFO - Processing /home/airflow/.local/lib/python3.7/site-packages/airflow/example_dags/tutorial_dag.py took 0.083 seconds
[2022-09-20T16:26:43.851+0000] {processor.py:156} INFO - Started process (PID=1008) to work on /home/airflow/.local/lib/python3.7/site-packages/airflow/example_dags/tutorial_dag.py
[2022-09-20T16:26:43.852+0000] {processor.py:758} INFO - Processing file /home/airflow/.local/lib/python3.7/site-packages/airflow/example_dags/tutorial_dag.py for tasks to queue
[2022-09-20T16:26:43.852+0000] {logging_mixin.py:117} INFO - [2022-09-20T16:26:43.852+0000] {dagbag.py:525} INFO - Filling up the DagBag from /home/airflow/.local/lib/python3.7/site-packages/airflow/example_dags/tutorial_dag.py
[2022-09-20T16:26:43.863+0000] {processor.py:768} INFO - DAG(s) dict_keys(['tutorial_dag']) retrieved from /home/airflow/.local/lib/python3.7/site-packages/airflow/example_dags/tutorial_dag.py
[2022-09-20T16:26:43.894+0000] {logging_mixin.py:117} INFO - [2022-09-20T16:26:43.894+0000] {dag.py:2573} INFO - Sync 1 DAGs
[2022-09-20T16:26:43.914+0000] {logging_mixin.py:117} INFO - [2022-09-20T16:26:43.914+0000] {dag.py:3328} INFO - Setting next_dagrun for tutorial_dag to None, run_after=None
[2022-09-20T16:26:43.931+0000] {processor.py:178} INFO - Processing /home/airflow/.local/lib/python3.7/site-packages/airflow/example_dags/tutorial_dag.py took 0.082 seconds
[2022-09-20T16:27:14.209+0000] {processor.py:156} INFO - Started process (PID=1062) to work on /home/airflow/.local/lib/python3.7/site-packages/airflow/example_dags/tutorial_dag.py
[2022-09-20T16:27:14.210+0000] {processor.py:758} INFO - Processing file /home/airflow/.local/lib/python3.7/site-packages/airflow/example_dags/tutorial_dag.py for tasks to queue
[2022-09-20T16:27:14.210+0000] {logging_mixin.py:117} INFO - [2022-09-20T16:27:14.210+0000] {dagbag.py:525} INFO - Filling up the DagBag from /home/airflow/.local/lib/python3.7/site-packages/airflow/example_dags/tutorial_dag.py
[2022-09-20T16:27:14.222+0000] {processor.py:768} INFO - DAG(s) dict_keys(['tutorial_dag']) retrieved from /home/airflow/.local/lib/python3.7/site-packages/airflow/example_dags/tutorial_dag.py
[2022-09-20T16:27:14.255+0000] {logging_mixin.py:117} INFO - [2022-09-20T16:27:14.255+0000] {dag.py:2573} INFO - Sync 1 DAGs
[2022-09-20T16:27:14.280+0000] {logging_mixin.py:117} INFO - [2022-09-20T16:27:14.279+0000] {dag.py:3328} INFO - Setting next_dagrun for tutorial_dag to None, run_after=None
[2022-09-20T16:27:14.301+0000] {processor.py:178} INFO - Processing /home/airflow/.local/lib/python3.7/site-packages/airflow/example_dags/tutorial_dag.py took 0.095 seconds
[2022-09-20T16:27:44.594+0000] {processor.py:156} INFO - Started process (PID=1125) to work on /home/airflow/.local/lib/python3.7/site-packages/airflow/example_dags/tutorial_dag.py
[2022-09-20T16:27:44.595+0000] {processor.py:758} INFO - Processing file /home/airflow/.local/lib/python3.7/site-packages/airflow/example_dags/tutorial_dag.py for tasks to queue
[2022-09-20T16:27:44.595+0000] {logging_mixin.py:117} INFO - [2022-09-20T16:27:44.595+0000] {dagbag.py:525} INFO - Filling up the DagBag from /home/airflow/.local/lib/python3.7/site-packages/airflow/example_dags/tutorial_dag.py
[2022-09-20T16:27:44.606+0000] {processor.py:768} INFO - DAG(s) dict_keys(['tutorial_dag']) retrieved from /home/airflow/.local/lib/python3.7/site-packages/airflow/example_dags/tutorial_dag.py
[2022-09-20T16:27:44.637+0000] {logging_mixin.py:117} INFO - [2022-09-20T16:27:44.636+0000] {dag.py:2573} INFO - Sync 1 DAGs
[2022-09-20T16:27:44.656+0000] {logging_mixin.py:117} INFO - [2022-09-20T16:27:44.656+0000] {dag.py:3328} INFO - Setting next_dagrun for tutorial_dag to None, run_after=None
[2022-09-20T16:27:44.673+0000] {processor.py:178} INFO - Processing /home/airflow/.local/lib/python3.7/site-packages/airflow/example_dags/tutorial_dag.py took 0.081 seconds
[2022-09-20T16:28:14.873+0000] {processor.py:156} INFO - Started process (PID=1188) to work on /home/airflow/.local/lib/python3.7/site-packages/airflow/example_dags/tutorial_dag.py
[2022-09-20T16:28:14.874+0000] {processor.py:758} INFO - Processing file /home/airflow/.local/lib/python3.7/site-packages/airflow/example_dags/tutorial_dag.py for tasks to queue
[2022-09-20T16:28:14.874+0000] {logging_mixin.py:117} INFO - [2022-09-20T16:28:14.874+0000] {dagbag.py:525} INFO - Filling up the DagBag from /home/airflow/.local/lib/python3.7/site-packages/airflow/example_dags/tutorial_dag.py
[2022-09-20T16:28:14.891+0000] {processor.py:768} INFO - DAG(s) dict_keys(['tutorial_dag']) retrieved from /home/airflow/.local/lib/python3.7/site-packages/airflow/example_dags/tutorial_dag.py
[2022-09-20T16:28:14.930+0000] {logging_mixin.py:117} INFO - [2022-09-20T16:28:14.930+0000] {dag.py:2573} INFO - Sync 1 DAGs
[2022-09-20T16:28:14.957+0000] {logging_mixin.py:117} INFO - [2022-09-20T16:28:14.957+0000] {dag.py:3328} INFO - Setting next_dagrun for tutorial_dag to None, run_after=None
[2022-09-20T16:28:14.980+0000] {processor.py:178} INFO - Processing /home/airflow/.local/lib/python3.7/site-packages/airflow/example_dags/tutorial_dag.py took 0.110 seconds
[2022-09-20T16:28:45.352+0000] {processor.py:156} INFO - Started process (PID=1242) to work on /home/airflow/.local/lib/python3.7/site-packages/airflow/example_dags/tutorial_dag.py
[2022-09-20T16:28:45.353+0000] {processor.py:758} INFO - Processing file /home/airflow/.local/lib/python3.7/site-packages/airflow/example_dags/tutorial_dag.py for tasks to queue
[2022-09-20T16:28:45.353+0000] {logging_mixin.py:117} INFO - [2022-09-20T16:28:45.353+0000] {dagbag.py:525} INFO - Filling up the DagBag from /home/airflow/.local/lib/python3.7/site-packages/airflow/example_dags/tutorial_dag.py
[2022-09-20T16:28:45.367+0000] {processor.py:768} INFO - DAG(s) dict_keys(['tutorial_dag']) retrieved from /home/airflow/.local/lib/python3.7/site-packages/airflow/example_dags/tutorial_dag.py
[2022-09-20T16:28:45.403+0000] {logging_mixin.py:117} INFO - [2022-09-20T16:28:45.403+0000] {dag.py:2573} INFO - Sync 1 DAGs
[2022-09-20T16:28:45.428+0000] {logging_mixin.py:117} INFO - [2022-09-20T16:28:45.428+0000] {dag.py:3328} INFO - Setting next_dagrun for tutorial_dag to None, run_after=None
[2022-09-20T16:28:45.448+0000] {processor.py:178} INFO - Processing /home/airflow/.local/lib/python3.7/site-packages/airflow/example_dags/tutorial_dag.py took 0.099 seconds
[2022-09-20T16:29:15.727+0000] {processor.py:156} INFO - Started process (PID=1304) to work on /home/airflow/.local/lib/python3.7/site-packages/airflow/example_dags/tutorial_dag.py
[2022-09-20T16:29:15.728+0000] {processor.py:758} INFO - Processing file /home/airflow/.local/lib/python3.7/site-packages/airflow/example_dags/tutorial_dag.py for tasks to queue
[2022-09-20T16:29:15.728+0000] {logging_mixin.py:117} INFO - [2022-09-20T16:29:15.728+0000] {dagbag.py:525} INFO - Filling up the DagBag from /home/airflow/.local/lib/python3.7/site-packages/airflow/example_dags/tutorial_dag.py
[2022-09-20T16:29:15.740+0000] {processor.py:768} INFO - DAG(s) dict_keys(['tutorial_dag']) retrieved from /home/airflow/.local/lib/python3.7/site-packages/airflow/example_dags/tutorial_dag.py
[2022-09-20T16:29:15.775+0000] {logging_mixin.py:117} INFO - [2022-09-20T16:29:15.775+0000] {dag.py:2573} INFO - Sync 1 DAGs
[2022-09-20T16:29:15.802+0000] {logging_mixin.py:117} INFO - [2022-09-20T16:29:15.802+0000] {dag.py:3328} INFO - Setting next_dagrun for tutorial_dag to None, run_after=None
[2022-09-20T16:29:15.828+0000] {processor.py:178} INFO - Processing /home/airflow/.local/lib/python3.7/site-packages/airflow/example_dags/tutorial_dag.py took 0.103 seconds
[2022-09-20T16:29:46.443+0000] {processor.py:156} INFO - Started process (PID=1358) to work on /home/airflow/.local/lib/python3.7/site-packages/airflow/example_dags/tutorial_dag.py
[2022-09-20T16:29:46.443+0000] {processor.py:758} INFO - Processing file /home/airflow/.local/lib/python3.7/site-packages/airflow/example_dags/tutorial_dag.py for tasks to queue
[2022-09-20T16:29:46.445+0000] {logging_mixin.py:117} INFO - [2022-09-20T16:29:46.444+0000] {dagbag.py:525} INFO - Filling up the DagBag from /home/airflow/.local/lib/python3.7/site-packages/airflow/example_dags/tutorial_dag.py
[2022-09-20T16:29:46.462+0000] {processor.py:768} INFO - DAG(s) dict_keys(['tutorial_dag']) retrieved from /home/airflow/.local/lib/python3.7/site-packages/airflow/example_dags/tutorial_dag.py
[2022-09-20T16:29:46.513+0000] {logging_mixin.py:117} INFO - [2022-09-20T16:29:46.513+0000] {dag.py:2573} INFO - Sync 1 DAGs
[2022-09-20T16:29:46.551+0000] {logging_mixin.py:117} INFO - [2022-09-20T16:29:46.551+0000] {dag.py:3328} INFO - Setting next_dagrun for tutorial_dag to None, run_after=None
[2022-09-20T16:29:46.575+0000] {processor.py:178} INFO - Processing /home/airflow/.local/lib/python3.7/site-packages/airflow/example_dags/tutorial_dag.py took 0.135 seconds
[2022-09-20T16:30:17.045+0000] {processor.py:156} INFO - Started process (PID=1420) to work on /home/airflow/.local/lib/python3.7/site-packages/airflow/example_dags/tutorial_dag.py
[2022-09-20T16:30:17.045+0000] {processor.py:758} INFO - Processing file /home/airflow/.local/lib/python3.7/site-packages/airflow/example_dags/tutorial_dag.py for tasks to queue
[2022-09-20T16:30:17.046+0000] {logging_mixin.py:117} INFO - [2022-09-20T16:30:17.046+0000] {dagbag.py:525} INFO - Filling up the DagBag from /home/airflow/.local/lib/python3.7/site-packages/airflow/example_dags/tutorial_dag.py
[2022-09-20T16:30:17.063+0000] {processor.py:768} INFO - DAG(s) dict_keys(['tutorial_dag']) retrieved from /home/airflow/.local/lib/python3.7/site-packages/airflow/example_dags/tutorial_dag.py
[2022-09-20T16:30:17.099+0000] {logging_mixin.py:117} INFO - [2022-09-20T16:30:17.099+0000] {dag.py:2573} INFO - Sync 1 DAGs
[2022-09-20T16:30:17.123+0000] {logging_mixin.py:117} INFO - [2022-09-20T16:30:17.123+0000] {dag.py:3328} INFO - Setting next_dagrun for tutorial_dag to None, run_after=None
[2022-09-20T16:30:17.142+0000] {processor.py:178} INFO - Processing /home/airflow/.local/lib/python3.7/site-packages/airflow/example_dags/tutorial_dag.py took 0.099 seconds
[2022-09-20T16:30:47.553+0000] {processor.py:156} INFO - Started process (PID=1483) to work on /home/airflow/.local/lib/python3.7/site-packages/airflow/example_dags/tutorial_dag.py
[2022-09-20T16:30:47.554+0000] {processor.py:758} INFO - Processing file /home/airflow/.local/lib/python3.7/site-packages/airflow/example_dags/tutorial_dag.py for tasks to queue
[2022-09-20T16:30:47.554+0000] {logging_mixin.py:117} INFO - [2022-09-20T16:30:47.554+0000] {dagbag.py:525} INFO - Filling up the DagBag from /home/airflow/.local/lib/python3.7/site-packages/airflow/example_dags/tutorial_dag.py
[2022-09-20T16:30:47.567+0000] {processor.py:768} INFO - DAG(s) dict_keys(['tutorial_dag']) retrieved from /home/airflow/.local/lib/python3.7/site-packages/airflow/example_dags/tutorial_dag.py
[2022-09-20T16:30:47.601+0000] {logging_mixin.py:117} INFO - [2022-09-20T16:30:47.601+0000] {dag.py:2573} INFO - Sync 1 DAGs
[2022-09-20T16:30:47.624+0000] {logging_mixin.py:117} INFO - [2022-09-20T16:30:47.624+0000] {dag.py:3328} INFO - Setting next_dagrun for tutorial_dag to None, run_after=None
[2022-09-20T16:30:47.643+0000] {processor.py:178} INFO - Processing /home/airflow/.local/lib/python3.7/site-packages/airflow/example_dags/tutorial_dag.py took 0.092 seconds
[2022-09-20T16:31:18.117+0000] {processor.py:156} INFO - Started process (PID=1537) to work on /home/airflow/.local/lib/python3.7/site-packages/airflow/example_dags/tutorial_dag.py
[2022-09-20T16:31:18.118+0000] {processor.py:758} INFO - Processing file /home/airflow/.local/lib/python3.7/site-packages/airflow/example_dags/tutorial_dag.py for tasks to queue
[2022-09-20T16:31:18.118+0000] {logging_mixin.py:117} INFO - [2022-09-20T16:31:18.118+0000] {dagbag.py:525} INFO - Filling up the DagBag from /home/airflow/.local/lib/python3.7/site-packages/airflow/example_dags/tutorial_dag.py
[2022-09-20T16:31:18.145+0000] {processor.py:768} INFO - DAG(s) dict_keys(['tutorial_dag']) retrieved from /home/airflow/.local/lib/python3.7/site-packages/airflow/example_dags/tutorial_dag.py
[2022-09-20T16:31:18.207+0000] {logging_mixin.py:117} INFO - [2022-09-20T16:31:18.206+0000] {dag.py:2573} INFO - Sync 1 DAGs
[2022-09-20T16:31:18.244+0000] {logging_mixin.py:117} INFO - [2022-09-20T16:31:18.243+0000] {dag.py:3328} INFO - Setting next_dagrun for tutorial_dag to None, run_after=None
[2022-09-20T16:31:18.269+0000] {processor.py:178} INFO - Processing /home/airflow/.local/lib/python3.7/site-packages/airflow/example_dags/tutorial_dag.py took 0.155 seconds
[2022-09-20T16:31:49.015+0000] {processor.py:156} INFO - Started process (PID=1600) to work on /home/airflow/.local/lib/python3.7/site-packages/airflow/example_dags/tutorial_dag.py
[2022-09-20T16:31:49.016+0000] {processor.py:758} INFO - Processing file /home/airflow/.local/lib/python3.7/site-packages/airflow/example_dags/tutorial_dag.py for tasks to queue
[2022-09-20T16:31:49.017+0000] {logging_mixin.py:117} INFO - [2022-09-20T16:31:49.017+0000] {dagbag.py:525} INFO - Filling up the DagBag from /home/airflow/.local/lib/python3.7/site-packages/airflow/example_dags/tutorial_dag.py
[2022-09-20T16:31:49.051+0000] {processor.py:768} INFO - DAG(s) dict_keys(['tutorial_dag']) retrieved from /home/airflow/.local/lib/python3.7/site-packages/airflow/example_dags/tutorial_dag.py
[2022-09-20T16:31:49.125+0000] {logging_mixin.py:117} INFO - [2022-09-20T16:31:49.125+0000] {dag.py:2573} INFO - Sync 1 DAGs
[2022-09-20T16:31:49.164+0000] {logging_mixin.py:117} INFO - [2022-09-20T16:31:49.164+0000] {dag.py:3328} INFO - Setting next_dagrun for tutorial_dag to None, run_after=None
[2022-09-20T16:31:49.188+0000] {processor.py:178} INFO - Processing /home/airflow/.local/lib/python3.7/site-packages/airflow/example_dags/tutorial_dag.py took 0.177 seconds
[2022-09-20T16:32:20.027+0000] {processor.py:156} INFO - Started process (PID=1654) to work on /home/airflow/.local/lib/python3.7/site-packages/airflow/example_dags/tutorial_dag.py
[2022-09-20T16:32:20.028+0000] {processor.py:758} INFO - Processing file /home/airflow/.local/lib/python3.7/site-packages/airflow/example_dags/tutorial_dag.py for tasks to queue
[2022-09-20T16:32:20.028+0000] {logging_mixin.py:117} INFO - [2022-09-20T16:32:20.028+0000] {dagbag.py:525} INFO - Filling up the DagBag from /home/airflow/.local/lib/python3.7/site-packages/airflow/example_dags/tutorial_dag.py
[2022-09-20T16:32:20.041+0000] {processor.py:768} INFO - DAG(s) dict_keys(['tutorial_dag']) retrieved from /home/airflow/.local/lib/python3.7/site-packages/airflow/example_dags/tutorial_dag.py
[2022-09-20T16:32:20.078+0000] {logging_mixin.py:117} INFO - [2022-09-20T16:32:20.077+0000] {dag.py:2573} INFO - Sync 1 DAGs
[2022-09-20T16:32:20.100+0000] {logging_mixin.py:117} INFO - [2022-09-20T16:32:20.100+0000] {dag.py:3328} INFO - Setting next_dagrun for tutorial_dag to None, run_after=None
[2022-09-20T16:32:20.122+0000] {processor.py:178} INFO - Processing /home/airflow/.local/lib/python3.7/site-packages/airflow/example_dags/tutorial_dag.py took 0.097 seconds
[2022-09-20T16:32:50.695+0000] {processor.py:156} INFO - Started process (PID=1717) to work on /home/airflow/.local/lib/python3.7/site-packages/airflow/example_dags/tutorial_dag.py
[2022-09-20T16:32:50.695+0000] {processor.py:758} INFO - Processing file /home/airflow/.local/lib/python3.7/site-packages/airflow/example_dags/tutorial_dag.py for tasks to queue
[2022-09-20T16:32:50.696+0000] {logging_mixin.py:117} INFO - [2022-09-20T16:32:50.696+0000] {dagbag.py:525} INFO - Filling up the DagBag from /home/airflow/.local/lib/python3.7/site-packages/airflow/example_dags/tutorial_dag.py
[2022-09-20T16:32:50.707+0000] {processor.py:768} INFO - DAG(s) dict_keys(['tutorial_dag']) retrieved from /home/airflow/.local/lib/python3.7/site-packages/airflow/example_dags/tutorial_dag.py
[2022-09-20T16:32:50.741+0000] {logging_mixin.py:117} INFO - [2022-09-20T16:32:50.741+0000] {dag.py:2573} INFO - Sync 1 DAGs
[2022-09-20T16:32:50.763+0000] {logging_mixin.py:117} INFO - [2022-09-20T16:32:50.762+0000] {dag.py:3328} INFO - Setting next_dagrun for tutorial_dag to None, run_after=None
[2022-09-20T16:32:50.778+0000] {processor.py:178} INFO - Processing /home/airflow/.local/lib/python3.7/site-packages/airflow/example_dags/tutorial_dag.py took 0.086 seconds
[2022-09-20T16:33:20.974+0000] {processor.py:156} INFO - Started process (PID=1771) to work on /home/airflow/.local/lib/python3.7/site-packages/airflow/example_dags/tutorial_dag.py
[2022-09-20T16:33:20.975+0000] {processor.py:758} INFO - Processing file /home/airflow/.local/lib/python3.7/site-packages/airflow/example_dags/tutorial_dag.py for tasks to queue
[2022-09-20T16:33:20.976+0000] {logging_mixin.py:117} INFO - [2022-09-20T16:33:20.976+0000] {dagbag.py:525} INFO - Filling up the DagBag from /home/airflow/.local/lib/python3.7/site-packages/airflow/example_dags/tutorial_dag.py
[2022-09-20T16:33:20.995+0000] {processor.py:768} INFO - DAG(s) dict_keys(['tutorial_dag']) retrieved from /home/airflow/.local/lib/python3.7/site-packages/airflow/example_dags/tutorial_dag.py
[2022-09-20T16:33:21.061+0000] {logging_mixin.py:117} INFO - [2022-09-20T16:33:21.061+0000] {dag.py:2573} INFO - Sync 1 DAGs
[2022-09-20T16:33:21.096+0000] {logging_mixin.py:117} INFO - [2022-09-20T16:33:21.096+0000] {dag.py:3328} INFO - Setting next_dagrun for tutorial_dag to None, run_after=None
[2022-09-20T16:33:21.131+0000] {processor.py:178} INFO - Processing /home/airflow/.local/lib/python3.7/site-packages/airflow/example_dags/tutorial_dag.py took 0.159 seconds
[2022-09-20T16:33:51.747+0000] {processor.py:156} INFO - Started process (PID=1833) to work on /home/airflow/.local/lib/python3.7/site-packages/airflow/example_dags/tutorial_dag.py
[2022-09-20T16:33:51.748+0000] {processor.py:758} INFO - Processing file /home/airflow/.local/lib/python3.7/site-packages/airflow/example_dags/tutorial_dag.py for tasks to queue
[2022-09-20T16:33:51.749+0000] {logging_mixin.py:117} INFO - [2022-09-20T16:33:51.749+0000] {dagbag.py:525} INFO - Filling up the DagBag from /home/airflow/.local/lib/python3.7/site-packages/airflow/example_dags/tutorial_dag.py
[2022-09-20T16:33:51.762+0000] {processor.py:768} INFO - DAG(s) dict_keys(['tutorial_dag']) retrieved from /home/airflow/.local/lib/python3.7/site-packages/airflow/example_dags/tutorial_dag.py
[2022-09-20T16:33:51.799+0000] {logging_mixin.py:117} INFO - [2022-09-20T16:33:51.799+0000] {dag.py:2573} INFO - Sync 1 DAGs
[2022-09-20T16:33:51.821+0000] {logging_mixin.py:117} INFO - [2022-09-20T16:33:51.821+0000] {dag.py:3328} INFO - Setting next_dagrun for tutorial_dag to None, run_after=None
[2022-09-20T16:33:51.845+0000] {processor.py:178} INFO - Processing /home/airflow/.local/lib/python3.7/site-packages/airflow/example_dags/tutorial_dag.py took 0.103 seconds
[2022-09-20T16:34:22.461+0000] {processor.py:156} INFO - Started process (PID=1895) to work on /home/airflow/.local/lib/python3.7/site-packages/airflow/example_dags/tutorial_dag.py
[2022-09-20T16:34:22.462+0000] {processor.py:758} INFO - Processing file /home/airflow/.local/lib/python3.7/site-packages/airflow/example_dags/tutorial_dag.py for tasks to queue
[2022-09-20T16:34:22.463+0000] {logging_mixin.py:117} INFO - [2022-09-20T16:34:22.462+0000] {dagbag.py:525} INFO - Filling up the DagBag from /home/airflow/.local/lib/python3.7/site-packages/airflow/example_dags/tutorial_dag.py
[2022-09-20T16:34:22.473+0000] {processor.py:768} INFO - DAG(s) dict_keys(['tutorial_dag']) retrieved from /home/airflow/.local/lib/python3.7/site-packages/airflow/example_dags/tutorial_dag.py
[2022-09-20T16:34:22.508+0000] {logging_mixin.py:117} INFO - [2022-09-20T16:34:22.508+0000] {dag.py:2573} INFO - Sync 1 DAGs
[2022-09-20T16:34:22.534+0000] {logging_mixin.py:117} INFO - [2022-09-20T16:34:22.534+0000] {dag.py:3328} INFO - Setting next_dagrun for tutorial_dag to None, run_after=None
[2022-09-20T16:34:22.554+0000] {processor.py:178} INFO - Processing /home/airflow/.local/lib/python3.7/site-packages/airflow/example_dags/tutorial_dag.py took 0.096 seconds
[2022-09-20T16:34:53.268+0000] {processor.py:156} INFO - Started process (PID=1949) to work on /home/airflow/.local/lib/python3.7/site-packages/airflow/example_dags/tutorial_dag.py
[2022-09-20T16:34:53.269+0000] {processor.py:758} INFO - Processing file /home/airflow/.local/lib/python3.7/site-packages/airflow/example_dags/tutorial_dag.py for tasks to queue
[2022-09-20T16:34:53.269+0000] {logging_mixin.py:117} INFO - [2022-09-20T16:34:53.269+0000] {dagbag.py:525} INFO - Filling up the DagBag from /home/airflow/.local/lib/python3.7/site-packages/airflow/example_dags/tutorial_dag.py
[2022-09-20T16:34:53.280+0000] {processor.py:768} INFO - DAG(s) dict_keys(['tutorial_dag']) retrieved from /home/airflow/.local/lib/python3.7/site-packages/airflow/example_dags/tutorial_dag.py
[2022-09-20T16:34:53.313+0000] {logging_mixin.py:117} INFO - [2022-09-20T16:34:53.313+0000] {dag.py:2573} INFO - Sync 1 DAGs
[2022-09-20T16:34:53.335+0000] {logging_mixin.py:117} INFO - [2022-09-20T16:34:53.335+0000] {dag.py:3328} INFO - Setting next_dagrun for tutorial_dag to None, run_after=None
[2022-09-20T16:34:53.351+0000] {processor.py:178} INFO - Processing /home/airflow/.local/lib/python3.7/site-packages/airflow/example_dags/tutorial_dag.py took 0.086 seconds
[2022-09-20T16:35:23.685+0000] {processor.py:156} INFO - Started process (PID=2011) to work on /home/airflow/.local/lib/python3.7/site-packages/airflow/example_dags/tutorial_dag.py
[2022-09-20T16:35:23.686+0000] {processor.py:758} INFO - Processing file /home/airflow/.local/lib/python3.7/site-packages/airflow/example_dags/tutorial_dag.py for tasks to queue
[2022-09-20T16:35:23.687+0000] {logging_mixin.py:117} INFO - [2022-09-20T16:35:23.687+0000] {dagbag.py:525} INFO - Filling up the DagBag from /home/airflow/.local/lib/python3.7/site-packages/airflow/example_dags/tutorial_dag.py
[2022-09-20T16:35:23.718+0000] {processor.py:768} INFO - DAG(s) dict_keys(['tutorial_dag']) retrieved from /home/airflow/.local/lib/python3.7/site-packages/airflow/example_dags/tutorial_dag.py
[2022-09-20T16:35:23.840+0000] {logging_mixin.py:117} INFO - [2022-09-20T16:35:23.839+0000] {dag.py:2573} INFO - Sync 1 DAGs
[2022-09-20T16:35:23.886+0000] {logging_mixin.py:117} INFO - [2022-09-20T16:35:23.886+0000] {dag.py:3328} INFO - Setting next_dagrun for tutorial_dag to None, run_after=None
[2022-09-20T16:35:23.923+0000] {processor.py:178} INFO - Processing /home/airflow/.local/lib/python3.7/site-packages/airflow/example_dags/tutorial_dag.py took 0.242 seconds
[2022-09-20T16:35:54.926+0000] {processor.py:156} INFO - Started process (PID=2065) to work on /home/airflow/.local/lib/python3.7/site-packages/airflow/example_dags/tutorial_dag.py
[2022-09-20T16:35:54.927+0000] {processor.py:758} INFO - Processing file /home/airflow/.local/lib/python3.7/site-packages/airflow/example_dags/tutorial_dag.py for tasks to queue
[2022-09-20T16:35:54.928+0000] {logging_mixin.py:117} INFO - [2022-09-20T16:35:54.928+0000] {dagbag.py:525} INFO - Filling up the DagBag from /home/airflow/.local/lib/python3.7/site-packages/airflow/example_dags/tutorial_dag.py
[2022-09-20T16:35:54.974+0000] {processor.py:768} INFO - DAG(s) dict_keys(['tutorial_dag']) retrieved from /home/airflow/.local/lib/python3.7/site-packages/airflow/example_dags/tutorial_dag.py
[2022-09-20T16:35:55.090+0000] {logging_mixin.py:117} INFO - [2022-09-20T16:35:55.090+0000] {dag.py:2573} INFO - Sync 1 DAGs
[2022-09-20T16:35:55.146+0000] {logging_mixin.py:117} INFO - [2022-09-20T16:35:55.145+0000] {dag.py:3328} INFO - Setting next_dagrun for tutorial_dag to None, run_after=None
[2022-09-20T16:35:55.187+0000] {processor.py:178} INFO - Processing /home/airflow/.local/lib/python3.7/site-packages/airflow/example_dags/tutorial_dag.py took 0.266 seconds
[2022-09-20T16:36:25.566+0000] {processor.py:156} INFO - Started process (PID=2118) to work on /home/airflow/.local/lib/python3.7/site-packages/airflow/example_dags/tutorial_dag.py
[2022-09-20T16:36:25.567+0000] {processor.py:758} INFO - Processing file /home/airflow/.local/lib/python3.7/site-packages/airflow/example_dags/tutorial_dag.py for tasks to queue
[2022-09-20T16:36:25.568+0000] {logging_mixin.py:117} INFO - [2022-09-20T16:36:25.567+0000] {dagbag.py:525} INFO - Filling up the DagBag from /home/airflow/.local/lib/python3.7/site-packages/airflow/example_dags/tutorial_dag.py
[2022-09-20T16:36:25.581+0000] {processor.py:768} INFO - DAG(s) dict_keys(['tutorial_dag']) retrieved from /home/airflow/.local/lib/python3.7/site-packages/airflow/example_dags/tutorial_dag.py
[2022-09-20T16:36:25.618+0000] {logging_mixin.py:117} INFO - [2022-09-20T16:36:25.618+0000] {dag.py:2573} INFO - Sync 1 DAGs
[2022-09-20T16:36:25.645+0000] {logging_mixin.py:117} INFO - [2022-09-20T16:36:25.645+0000] {dag.py:3328} INFO - Setting next_dagrun for tutorial_dag to None, run_after=None
[2022-09-20T16:36:25.670+0000] {processor.py:178} INFO - Processing /home/airflow/.local/lib/python3.7/site-packages/airflow/example_dags/tutorial_dag.py took 0.105 seconds
[2022-09-20T16:36:56.299+0000] {processor.py:156} INFO - Started process (PID=2181) to work on /home/airflow/.local/lib/python3.7/site-packages/airflow/example_dags/tutorial_dag.py
[2022-09-20T16:36:56.300+0000] {processor.py:758} INFO - Processing file /home/airflow/.local/lib/python3.7/site-packages/airflow/example_dags/tutorial_dag.py for tasks to queue
[2022-09-20T16:36:56.301+0000] {logging_mixin.py:117} INFO - [2022-09-20T16:36:56.301+0000] {dagbag.py:525} INFO - Filling up the DagBag from /home/airflow/.local/lib/python3.7/site-packages/airflow/example_dags/tutorial_dag.py
[2022-09-20T16:36:56.317+0000] {processor.py:768} INFO - DAG(s) dict_keys(['tutorial_dag']) retrieved from /home/airflow/.local/lib/python3.7/site-packages/airflow/example_dags/tutorial_dag.py
[2022-09-20T16:36:56.367+0000] {logging_mixin.py:117} INFO - [2022-09-20T16:36:56.367+0000] {dag.py:2573} INFO - Sync 1 DAGs
[2022-09-20T16:36:56.423+0000] {logging_mixin.py:117} INFO - [2022-09-20T16:36:56.423+0000] {dag.py:3328} INFO - Setting next_dagrun for tutorial_dag to None, run_after=None
[2022-09-20T16:36:56.462+0000] {processor.py:178} INFO - Processing /home/airflow/.local/lib/python3.7/site-packages/airflow/example_dags/tutorial_dag.py took 0.166 seconds
[2022-09-20T16:37:27.314+0000] {processor.py:156} INFO - Started process (PID=2244) to work on /home/airflow/.local/lib/python3.7/site-packages/airflow/example_dags/tutorial_dag.py
[2022-09-20T16:37:27.315+0000] {processor.py:758} INFO - Processing file /home/airflow/.local/lib/python3.7/site-packages/airflow/example_dags/tutorial_dag.py for tasks to queue
[2022-09-20T16:37:27.315+0000] {logging_mixin.py:117} INFO - [2022-09-20T16:37:27.315+0000] {dagbag.py:525} INFO - Filling up the DagBag from /home/airflow/.local/lib/python3.7/site-packages/airflow/example_dags/tutorial_dag.py
[2022-09-20T16:37:27.334+0000] {processor.py:768} INFO - DAG(s) dict_keys(['tutorial_dag']) retrieved from /home/airflow/.local/lib/python3.7/site-packages/airflow/example_dags/tutorial_dag.py
[2022-09-20T16:37:27.371+0000] {logging_mixin.py:117} INFO - [2022-09-20T16:37:27.371+0000] {dag.py:2573} INFO - Sync 1 DAGs
[2022-09-20T16:37:27.397+0000] {logging_mixin.py:117} INFO - [2022-09-20T16:37:27.397+0000] {dag.py:3328} INFO - Setting next_dagrun for tutorial_dag to None, run_after=None
[2022-09-20T16:37:27.424+0000] {processor.py:178} INFO - Processing /home/airflow/.local/lib/python3.7/site-packages/airflow/example_dags/tutorial_dag.py took 0.113 seconds
[2022-09-20T16:37:57.829+0000] {processor.py:156} INFO - Started process (PID=2298) to work on /home/airflow/.local/lib/python3.7/site-packages/airflow/example_dags/tutorial_dag.py
[2022-09-20T16:37:57.830+0000] {processor.py:758} INFO - Processing file /home/airflow/.local/lib/python3.7/site-packages/airflow/example_dags/tutorial_dag.py for tasks to queue
[2022-09-20T16:37:57.830+0000] {logging_mixin.py:117} INFO - [2022-09-20T16:37:57.830+0000] {dagbag.py:525} INFO - Filling up the DagBag from /home/airflow/.local/lib/python3.7/site-packages/airflow/example_dags/tutorial_dag.py
[2022-09-20T16:37:57.843+0000] {processor.py:768} INFO - DAG(s) dict_keys(['tutorial_dag']) retrieved from /home/airflow/.local/lib/python3.7/site-packages/airflow/example_dags/tutorial_dag.py
[2022-09-20T16:37:57.884+0000] {logging_mixin.py:117} INFO - [2022-09-20T16:37:57.884+0000] {dag.py:2573} INFO - Sync 1 DAGs
[2022-09-20T16:37:57.913+0000] {logging_mixin.py:117} INFO - [2022-09-20T16:37:57.913+0000] {dag.py:3328} INFO - Setting next_dagrun for tutorial_dag to None, run_after=None
[2022-09-20T16:37:57.936+0000] {processor.py:178} INFO - Processing /home/airflow/.local/lib/python3.7/site-packages/airflow/example_dags/tutorial_dag.py took 0.110 seconds
[2022-09-20T16:38:28.660+0000] {processor.py:156} INFO - Started process (PID=2361) to work on /home/airflow/.local/lib/python3.7/site-packages/airflow/example_dags/tutorial_dag.py
[2022-09-20T16:38:28.661+0000] {processor.py:758} INFO - Processing file /home/airflow/.local/lib/python3.7/site-packages/airflow/example_dags/tutorial_dag.py for tasks to queue
[2022-09-20T16:38:28.661+0000] {logging_mixin.py:117} INFO - [2022-09-20T16:38:28.661+0000] {dagbag.py:525} INFO - Filling up the DagBag from /home/airflow/.local/lib/python3.7/site-packages/airflow/example_dags/tutorial_dag.py
[2022-09-20T16:38:28.673+0000] {processor.py:768} INFO - DAG(s) dict_keys(['tutorial_dag']) retrieved from /home/airflow/.local/lib/python3.7/site-packages/airflow/example_dags/tutorial_dag.py
[2022-09-20T16:38:28.705+0000] {logging_mixin.py:117} INFO - [2022-09-20T16:38:28.705+0000] {dag.py:2573} INFO - Sync 1 DAGs
[2022-09-20T16:38:28.727+0000] {logging_mixin.py:117} INFO - [2022-09-20T16:38:28.727+0000] {dag.py:3328} INFO - Setting next_dagrun for tutorial_dag to None, run_after=None
[2022-09-20T16:38:28.749+0000] {processor.py:178} INFO - Processing /home/airflow/.local/lib/python3.7/site-packages/airflow/example_dags/tutorial_dag.py took 0.091 seconds
[2022-09-20T16:38:58.868+0000] {processor.py:156} INFO - Started process (PID=2413) to work on /home/airflow/.local/lib/python3.7/site-packages/airflow/example_dags/tutorial_dag.py
[2022-09-20T16:38:58.868+0000] {processor.py:758} INFO - Processing file /home/airflow/.local/lib/python3.7/site-packages/airflow/example_dags/tutorial_dag.py for tasks to queue
[2022-09-20T16:38:58.869+0000] {logging_mixin.py:117} INFO - [2022-09-20T16:38:58.869+0000] {dagbag.py:525} INFO - Filling up the DagBag from /home/airflow/.local/lib/python3.7/site-packages/airflow/example_dags/tutorial_dag.py
[2022-09-20T16:38:58.880+0000] {processor.py:768} INFO - DAG(s) dict_keys(['tutorial_dag']) retrieved from /home/airflow/.local/lib/python3.7/site-packages/airflow/example_dags/tutorial_dag.py
[2022-09-20T16:38:58.914+0000] {logging_mixin.py:117} INFO - [2022-09-20T16:38:58.914+0000] {dag.py:2573} INFO - Sync 1 DAGs
[2022-09-20T16:38:58.936+0000] {logging_mixin.py:117} INFO - [2022-09-20T16:38:58.936+0000] {dag.py:3328} INFO - Setting next_dagrun for tutorial_dag to None, run_after=None
[2022-09-20T16:38:58.956+0000] {processor.py:178} INFO - Processing /home/airflow/.local/lib/python3.7/site-packages/airflow/example_dags/tutorial_dag.py took 0.091 seconds
