[2022-09-20T16:18:34.780+0000] {processor.py:156} INFO - Started process (PID=69) to work on /home/airflow/.local/lib/python3.7/site-packages/airflow/example_dags/tutorial_taskflow_api.py
[2022-09-20T16:18:34.781+0000] {processor.py:758} INFO - Processing file /home/airflow/.local/lib/python3.7/site-packages/airflow/example_dags/tutorial_taskflow_api.py for tasks to queue
[2022-09-20T16:18:34.782+0000] {logging_mixin.py:117} INFO - [2022-09-20T16:18:34.782+0000] {dagbag.py:525} INFO - Filling up the DagBag from /home/airflow/.local/lib/python3.7/site-packages/airflow/example_dags/tutorial_taskflow_api.py
[2022-09-20T16:18:34.821+0000] {processor.py:768} INFO - DAG(s) dict_keys(['tutorial_taskflow_api']) retrieved from /home/airflow/.local/lib/python3.7/site-packages/airflow/example_dags/tutorial_taskflow_api.py
[2022-09-20T16:18:35.024+0000] {logging_mixin.py:117} INFO - [2022-09-20T16:18:35.024+0000] {dag.py:2573} INFO - Sync 1 DAGs
[2022-09-20T16:18:35.057+0000] {logging_mixin.py:117} INFO - [2022-09-20T16:18:35.057+0000] {dag.py:3328} INFO - Setting next_dagrun for tutorial_taskflow_api to None, run_after=None
[2022-09-20T16:18:35.087+0000] {processor.py:178} INFO - Processing /home/airflow/.local/lib/python3.7/site-packages/airflow/example_dags/tutorial_taskflow_api.py took 0.312 seconds
[2022-09-20T16:19:05.787+0000] {processor.py:156} INFO - Started process (PID=123) to work on /home/airflow/.local/lib/python3.7/site-packages/airflow/example_dags/tutorial_taskflow_api.py
[2022-09-20T16:19:05.788+0000] {processor.py:758} INFO - Processing file /home/airflow/.local/lib/python3.7/site-packages/airflow/example_dags/tutorial_taskflow_api.py for tasks to queue
[2022-09-20T16:19:05.788+0000] {logging_mixin.py:117} INFO - [2022-09-20T16:19:05.788+0000] {dagbag.py:525} INFO - Filling up the DagBag from /home/airflow/.local/lib/python3.7/site-packages/airflow/example_dags/tutorial_taskflow_api.py
[2022-09-20T16:19:05.809+0000] {processor.py:768} INFO - DAG(s) dict_keys(['tutorial_taskflow_api']) retrieved from /home/airflow/.local/lib/python3.7/site-packages/airflow/example_dags/tutorial_taskflow_api.py
[2022-09-20T16:19:05.943+0000] {logging_mixin.py:117} INFO - [2022-09-20T16:19:05.943+0000] {dag.py:2573} INFO - Sync 1 DAGs
[2022-09-20T16:19:05.966+0000] {logging_mixin.py:117} INFO - [2022-09-20T16:19:05.966+0000] {dag.py:3328} INFO - Setting next_dagrun for tutorial_taskflow_api to None, run_after=None
[2022-09-20T16:19:05.990+0000] {processor.py:178} INFO - Processing /home/airflow/.local/lib/python3.7/site-packages/airflow/example_dags/tutorial_taskflow_api.py took 0.205 seconds
[2022-09-20T16:19:36.770+0000] {processor.py:156} INFO - Started process (PID=185) to work on /home/airflow/.local/lib/python3.7/site-packages/airflow/example_dags/tutorial_taskflow_api.py
[2022-09-20T16:19:36.771+0000] {processor.py:758} INFO - Processing file /home/airflow/.local/lib/python3.7/site-packages/airflow/example_dags/tutorial_taskflow_api.py for tasks to queue
[2022-09-20T16:19:36.771+0000] {logging_mixin.py:117} INFO - [2022-09-20T16:19:36.771+0000] {dagbag.py:525} INFO - Filling up the DagBag from /home/airflow/.local/lib/python3.7/site-packages/airflow/example_dags/tutorial_taskflow_api.py
[2022-09-20T16:19:36.900+0000] {processor.py:768} INFO - DAG(s) dict_keys(['tutorial_taskflow_api']) retrieved from /home/airflow/.local/lib/python3.7/site-packages/airflow/example_dags/tutorial_taskflow_api.py
[2022-09-20T16:19:36.932+0000] {logging_mixin.py:117} INFO - [2022-09-20T16:19:36.932+0000] {dag.py:2573} INFO - Sync 1 DAGs
[2022-09-20T16:19:36.959+0000] {logging_mixin.py:117} INFO - [2022-09-20T16:19:36.959+0000] {dag.py:3328} INFO - Setting next_dagrun for tutorial_taskflow_api to None, run_after=None
[2022-09-20T16:19:36.983+0000] {processor.py:178} INFO - Processing /home/airflow/.local/lib/python3.7/site-packages/airflow/example_dags/tutorial_taskflow_api.py took 0.215 seconds
[2022-09-20T16:20:09.454+0000] {processor.py:156} INFO - Started process (PID=248) to work on /home/airflow/.local/lib/python3.7/site-packages/airflow/example_dags/tutorial_taskflow_api.py
[2022-09-20T16:20:09.455+0000] {processor.py:758} INFO - Processing file /home/airflow/.local/lib/python3.7/site-packages/airflow/example_dags/tutorial_taskflow_api.py for tasks to queue
[2022-09-20T16:20:09.673+0000] {logging_mixin.py:117} INFO - [2022-09-20T16:20:09.673+0000] {dagbag.py:525} INFO - Filling up the DagBag from /home/airflow/.local/lib/python3.7/site-packages/airflow/example_dags/tutorial_taskflow_api.py
[2022-09-20T16:20:09.752+0000] {processor.py:768} INFO - DAG(s) dict_keys(['tutorial_taskflow_api']) retrieved from /home/airflow/.local/lib/python3.7/site-packages/airflow/example_dags/tutorial_taskflow_api.py
[2022-09-20T16:20:09.881+0000] {logging_mixin.py:117} INFO - [2022-09-20T16:20:09.881+0000] {dag.py:2573} INFO - Sync 1 DAGs
[2022-09-20T16:20:09.942+0000] {logging_mixin.py:117} INFO - [2022-09-20T16:20:09.942+0000] {dag.py:3328} INFO - Setting next_dagrun for tutorial_taskflow_api to None, run_after=None
[2022-09-20T16:20:09.992+0000] {processor.py:178} INFO - Processing /home/airflow/.local/lib/python3.7/site-packages/airflow/example_dags/tutorial_taskflow_api.py took 0.543 seconds
[2022-09-20T16:20:40.266+0000] {processor.py:156} INFO - Started process (PID=302) to work on /home/airflow/.local/lib/python3.7/site-packages/airflow/example_dags/tutorial_taskflow_api.py
[2022-09-20T16:20:40.268+0000] {processor.py:758} INFO - Processing file /home/airflow/.local/lib/python3.7/site-packages/airflow/example_dags/tutorial_taskflow_api.py for tasks to queue
[2022-09-20T16:20:40.269+0000] {logging_mixin.py:117} INFO - [2022-09-20T16:20:40.269+0000] {dagbag.py:525} INFO - Filling up the DagBag from /home/airflow/.local/lib/python3.7/site-packages/airflow/example_dags/tutorial_taskflow_api.py
[2022-09-20T16:20:40.291+0000] {processor.py:768} INFO - DAG(s) dict_keys(['tutorial_taskflow_api']) retrieved from /home/airflow/.local/lib/python3.7/site-packages/airflow/example_dags/tutorial_taskflow_api.py
[2022-09-20T16:20:40.326+0000] {logging_mixin.py:117} INFO - [2022-09-20T16:20:40.326+0000] {dag.py:2573} INFO - Sync 1 DAGs
[2022-09-20T16:20:40.349+0000] {logging_mixin.py:117} INFO - [2022-09-20T16:20:40.348+0000] {dag.py:3328} INFO - Setting next_dagrun for tutorial_taskflow_api to None, run_after=None
[2022-09-20T16:20:40.370+0000] {processor.py:178} INFO - Processing /home/airflow/.local/lib/python3.7/site-packages/airflow/example_dags/tutorial_taskflow_api.py took 0.106 seconds
[2022-09-20T16:21:11.021+0000] {processor.py:156} INFO - Started process (PID=363) to work on /home/airflow/.local/lib/python3.7/site-packages/airflow/example_dags/tutorial_taskflow_api.py
[2022-09-20T16:21:11.022+0000] {processor.py:758} INFO - Processing file /home/airflow/.local/lib/python3.7/site-packages/airflow/example_dags/tutorial_taskflow_api.py for tasks to queue
[2022-09-20T16:21:11.023+0000] {logging_mixin.py:117} INFO - [2022-09-20T16:21:11.023+0000] {dagbag.py:525} INFO - Filling up the DagBag from /home/airflow/.local/lib/python3.7/site-packages/airflow/example_dags/tutorial_taskflow_api.py
[2022-09-20T16:21:11.055+0000] {processor.py:768} INFO - DAG(s) dict_keys(['tutorial_taskflow_api']) retrieved from /home/airflow/.local/lib/python3.7/site-packages/airflow/example_dags/tutorial_taskflow_api.py
[2022-09-20T16:21:11.105+0000] {logging_mixin.py:117} INFO - [2022-09-20T16:21:11.105+0000] {dag.py:2573} INFO - Sync 1 DAGs
[2022-09-20T16:21:11.142+0000] {logging_mixin.py:117} INFO - [2022-09-20T16:21:11.141+0000] {dag.py:3328} INFO - Setting next_dagrun for tutorial_taskflow_api to None, run_after=None
[2022-09-20T16:21:11.172+0000] {processor.py:178} INFO - Processing /home/airflow/.local/lib/python3.7/site-packages/airflow/example_dags/tutorial_taskflow_api.py took 0.154 seconds
[2022-09-20T16:21:41.304+0000] {processor.py:156} INFO - Started process (PID=425) to work on /home/airflow/.local/lib/python3.7/site-packages/airflow/example_dags/tutorial_taskflow_api.py
[2022-09-20T16:21:41.304+0000] {processor.py:758} INFO - Processing file /home/airflow/.local/lib/python3.7/site-packages/airflow/example_dags/tutorial_taskflow_api.py for tasks to queue
[2022-09-20T16:21:41.305+0000] {logging_mixin.py:117} INFO - [2022-09-20T16:21:41.305+0000] {dagbag.py:525} INFO - Filling up the DagBag from /home/airflow/.local/lib/python3.7/site-packages/airflow/example_dags/tutorial_taskflow_api.py
[2022-09-20T16:21:41.335+0000] {processor.py:768} INFO - DAG(s) dict_keys(['tutorial_taskflow_api']) retrieved from /home/airflow/.local/lib/python3.7/site-packages/airflow/example_dags/tutorial_taskflow_api.py
[2022-09-20T16:21:41.366+0000] {logging_mixin.py:117} INFO - [2022-09-20T16:21:41.366+0000] {dag.py:2573} INFO - Sync 1 DAGs
[2022-09-20T16:21:41.388+0000] {logging_mixin.py:117} INFO - [2022-09-20T16:21:41.388+0000] {dag.py:3328} INFO - Setting next_dagrun for tutorial_taskflow_api to None, run_after=None
[2022-09-20T16:21:41.410+0000] {processor.py:178} INFO - Processing /home/airflow/.local/lib/python3.7/site-packages/airflow/example_dags/tutorial_taskflow_api.py took 0.109 seconds
[2022-09-20T16:22:11.818+0000] {processor.py:156} INFO - Started process (PID=478) to work on /home/airflow/.local/lib/python3.7/site-packages/airflow/example_dags/tutorial_taskflow_api.py
[2022-09-20T16:22:11.819+0000] {processor.py:758} INFO - Processing file /home/airflow/.local/lib/python3.7/site-packages/airflow/example_dags/tutorial_taskflow_api.py for tasks to queue
[2022-09-20T16:22:11.819+0000] {logging_mixin.py:117} INFO - [2022-09-20T16:22:11.819+0000] {dagbag.py:525} INFO - Filling up the DagBag from /home/airflow/.local/lib/python3.7/site-packages/airflow/example_dags/tutorial_taskflow_api.py
[2022-09-20T16:22:11.839+0000] {processor.py:768} INFO - DAG(s) dict_keys(['tutorial_taskflow_api']) retrieved from /home/airflow/.local/lib/python3.7/site-packages/airflow/example_dags/tutorial_taskflow_api.py
[2022-09-20T16:22:11.877+0000] {logging_mixin.py:117} INFO - [2022-09-20T16:22:11.877+0000] {dag.py:2573} INFO - Sync 1 DAGs
[2022-09-20T16:22:11.905+0000] {logging_mixin.py:117} INFO - [2022-09-20T16:22:11.905+0000] {dag.py:3328} INFO - Setting next_dagrun for tutorial_taskflow_api to None, run_after=None
[2022-09-20T16:22:11.927+0000] {processor.py:178} INFO - Processing /home/airflow/.local/lib/python3.7/site-packages/airflow/example_dags/tutorial_taskflow_api.py took 0.111 seconds
[2022-09-20T16:22:42.369+0000] {processor.py:156} INFO - Started process (PID=540) to work on /home/airflow/.local/lib/python3.7/site-packages/airflow/example_dags/tutorial_taskflow_api.py
[2022-09-20T16:22:42.370+0000] {processor.py:758} INFO - Processing file /home/airflow/.local/lib/python3.7/site-packages/airflow/example_dags/tutorial_taskflow_api.py for tasks to queue
[2022-09-20T16:22:42.370+0000] {logging_mixin.py:117} INFO - [2022-09-20T16:22:42.370+0000] {dagbag.py:525} INFO - Filling up the DagBag from /home/airflow/.local/lib/python3.7/site-packages/airflow/example_dags/tutorial_taskflow_api.py
[2022-09-20T16:22:42.389+0000] {processor.py:768} INFO - DAG(s) dict_keys(['tutorial_taskflow_api']) retrieved from /home/airflow/.local/lib/python3.7/site-packages/airflow/example_dags/tutorial_taskflow_api.py
[2022-09-20T16:22:42.421+0000] {logging_mixin.py:117} INFO - [2022-09-20T16:22:42.421+0000] {dag.py:2573} INFO - Sync 1 DAGs
[2022-09-20T16:22:42.443+0000] {logging_mixin.py:117} INFO - [2022-09-20T16:22:42.443+0000] {dag.py:3328} INFO - Setting next_dagrun for tutorial_taskflow_api to None, run_after=None
[2022-09-20T16:22:42.462+0000] {processor.py:178} INFO - Processing /home/airflow/.local/lib/python3.7/site-packages/airflow/example_dags/tutorial_taskflow_api.py took 0.095 seconds
[2022-09-20T16:23:12.779+0000] {processor.py:156} INFO - Started process (PID=603) to work on /home/airflow/.local/lib/python3.7/site-packages/airflow/example_dags/tutorial_taskflow_api.py
[2022-09-20T16:23:12.779+0000] {processor.py:758} INFO - Processing file /home/airflow/.local/lib/python3.7/site-packages/airflow/example_dags/tutorial_taskflow_api.py for tasks to queue
[2022-09-20T16:23:12.780+0000] {logging_mixin.py:117} INFO - [2022-09-20T16:23:12.780+0000] {dagbag.py:525} INFO - Filling up the DagBag from /home/airflow/.local/lib/python3.7/site-packages/airflow/example_dags/tutorial_taskflow_api.py
[2022-09-20T16:23:12.806+0000] {processor.py:768} INFO - DAG(s) dict_keys(['tutorial_taskflow_api']) retrieved from /home/airflow/.local/lib/python3.7/site-packages/airflow/example_dags/tutorial_taskflow_api.py
[2022-09-20T16:23:12.859+0000] {logging_mixin.py:117} INFO - [2022-09-20T16:23:12.858+0000] {dag.py:2573} INFO - Sync 1 DAGs
[2022-09-20T16:23:12.897+0000] {logging_mixin.py:117} INFO - [2022-09-20T16:23:12.897+0000] {dag.py:3328} INFO - Setting next_dagrun for tutorial_taskflow_api to None, run_after=None
[2022-09-20T16:23:12.930+0000] {processor.py:178} INFO - Processing /home/airflow/.local/lib/python3.7/site-packages/airflow/example_dags/tutorial_taskflow_api.py took 0.154 seconds
[2022-09-20T16:23:43.306+0000] {processor.py:156} INFO - Started process (PID=656) to work on /home/airflow/.local/lib/python3.7/site-packages/airflow/example_dags/tutorial_taskflow_api.py
[2022-09-20T16:23:43.307+0000] {processor.py:758} INFO - Processing file /home/airflow/.local/lib/python3.7/site-packages/airflow/example_dags/tutorial_taskflow_api.py for tasks to queue
[2022-09-20T16:23:43.307+0000] {logging_mixin.py:117} INFO - [2022-09-20T16:23:43.307+0000] {dagbag.py:525} INFO - Filling up the DagBag from /home/airflow/.local/lib/python3.7/site-packages/airflow/example_dags/tutorial_taskflow_api.py
[2022-09-20T16:23:43.328+0000] {processor.py:768} INFO - DAG(s) dict_keys(['tutorial_taskflow_api']) retrieved from /home/airflow/.local/lib/python3.7/site-packages/airflow/example_dags/tutorial_taskflow_api.py
[2022-09-20T16:23:43.364+0000] {logging_mixin.py:117} INFO - [2022-09-20T16:23:43.364+0000] {dag.py:2573} INFO - Sync 1 DAGs
[2022-09-20T16:23:43.389+0000] {logging_mixin.py:117} INFO - [2022-09-20T16:23:43.389+0000] {dag.py:3328} INFO - Setting next_dagrun for tutorial_taskflow_api to None, run_after=None
[2022-09-20T16:23:43.410+0000] {processor.py:178} INFO - Processing /home/airflow/.local/lib/python3.7/site-packages/airflow/example_dags/tutorial_taskflow_api.py took 0.106 seconds
[2022-09-20T16:24:13.868+0000] {processor.py:156} INFO - Started process (PID=718) to work on /home/airflow/.local/lib/python3.7/site-packages/airflow/example_dags/tutorial_taskflow_api.py
[2022-09-20T16:24:13.868+0000] {processor.py:758} INFO - Processing file /home/airflow/.local/lib/python3.7/site-packages/airflow/example_dags/tutorial_taskflow_api.py for tasks to queue
[2022-09-20T16:24:13.869+0000] {logging_mixin.py:117} INFO - [2022-09-20T16:24:13.869+0000] {dagbag.py:525} INFO - Filling up the DagBag from /home/airflow/.local/lib/python3.7/site-packages/airflow/example_dags/tutorial_taskflow_api.py
[2022-09-20T16:24:13.888+0000] {processor.py:768} INFO - DAG(s) dict_keys(['tutorial_taskflow_api']) retrieved from /home/airflow/.local/lib/python3.7/site-packages/airflow/example_dags/tutorial_taskflow_api.py
[2022-09-20T16:24:13.922+0000] {logging_mixin.py:117} INFO - [2022-09-20T16:24:13.922+0000] {dag.py:2573} INFO - Sync 1 DAGs
[2022-09-20T16:24:13.945+0000] {logging_mixin.py:117} INFO - [2022-09-20T16:24:13.945+0000] {dag.py:3328} INFO - Setting next_dagrun for tutorial_taskflow_api to None, run_after=None
[2022-09-20T16:24:13.966+0000] {processor.py:178} INFO - Processing /home/airflow/.local/lib/python3.7/site-packages/airflow/example_dags/tutorial_taskflow_api.py took 0.100 seconds
[2022-09-20T16:24:44.431+0000] {processor.py:156} INFO - Started process (PID=778) to work on /home/airflow/.local/lib/python3.7/site-packages/airflow/example_dags/tutorial_taskflow_api.py
[2022-09-20T16:24:44.432+0000] {processor.py:758} INFO - Processing file /home/airflow/.local/lib/python3.7/site-packages/airflow/example_dags/tutorial_taskflow_api.py for tasks to queue
[2022-09-20T16:24:44.432+0000] {logging_mixin.py:117} INFO - [2022-09-20T16:24:44.432+0000] {dagbag.py:525} INFO - Filling up the DagBag from /home/airflow/.local/lib/python3.7/site-packages/airflow/example_dags/tutorial_taskflow_api.py
[2022-09-20T16:24:44.462+0000] {processor.py:768} INFO - DAG(s) dict_keys(['tutorial_taskflow_api']) retrieved from /home/airflow/.local/lib/python3.7/site-packages/airflow/example_dags/tutorial_taskflow_api.py
[2022-09-20T16:24:44.511+0000] {logging_mixin.py:117} INFO - [2022-09-20T16:24:44.511+0000] {dag.py:2573} INFO - Sync 1 DAGs
[2022-09-20T16:24:44.543+0000] {logging_mixin.py:117} INFO - [2022-09-20T16:24:44.543+0000] {dag.py:3328} INFO - Setting next_dagrun for tutorial_taskflow_api to None, run_after=None
[2022-09-20T16:24:44.569+0000] {processor.py:178} INFO - Processing /home/airflow/.local/lib/python3.7/site-packages/airflow/example_dags/tutorial_taskflow_api.py took 0.141 seconds
[2022-09-20T16:25:14.786+0000] {processor.py:156} INFO - Started process (PID=834) to work on /home/airflow/.local/lib/python3.7/site-packages/airflow/example_dags/tutorial_taskflow_api.py
[2022-09-20T16:25:14.787+0000] {processor.py:758} INFO - Processing file /home/airflow/.local/lib/python3.7/site-packages/airflow/example_dags/tutorial_taskflow_api.py for tasks to queue
[2022-09-20T16:25:14.787+0000] {logging_mixin.py:117} INFO - [2022-09-20T16:25:14.787+0000] {dagbag.py:525} INFO - Filling up the DagBag from /home/airflow/.local/lib/python3.7/site-packages/airflow/example_dags/tutorial_taskflow_api.py
[2022-09-20T16:25:14.809+0000] {processor.py:768} INFO - DAG(s) dict_keys(['tutorial_taskflow_api']) retrieved from /home/airflow/.local/lib/python3.7/site-packages/airflow/example_dags/tutorial_taskflow_api.py
[2022-09-20T16:25:14.845+0000] {logging_mixin.py:117} INFO - [2022-09-20T16:25:14.845+0000] {dag.py:2573} INFO - Sync 1 DAGs
[2022-09-20T16:25:14.866+0000] {logging_mixin.py:117} INFO - [2022-09-20T16:25:14.866+0000] {dag.py:3328} INFO - Setting next_dagrun for tutorial_taskflow_api to None, run_after=None
[2022-09-20T16:25:14.888+0000] {processor.py:178} INFO - Processing /home/airflow/.local/lib/python3.7/site-packages/airflow/example_dags/tutorial_taskflow_api.py took 0.104 seconds
[2022-09-20T16:25:45.125+0000] {processor.py:156} INFO - Started process (PID=896) to work on /home/airflow/.local/lib/python3.7/site-packages/airflow/example_dags/tutorial_taskflow_api.py
[2022-09-20T16:25:45.126+0000] {processor.py:758} INFO - Processing file /home/airflow/.local/lib/python3.7/site-packages/airflow/example_dags/tutorial_taskflow_api.py for tasks to queue
[2022-09-20T16:25:45.126+0000] {logging_mixin.py:117} INFO - [2022-09-20T16:25:45.126+0000] {dagbag.py:525} INFO - Filling up the DagBag from /home/airflow/.local/lib/python3.7/site-packages/airflow/example_dags/tutorial_taskflow_api.py
[2022-09-20T16:25:45.146+0000] {processor.py:768} INFO - DAG(s) dict_keys(['tutorial_taskflow_api']) retrieved from /home/airflow/.local/lib/python3.7/site-packages/airflow/example_dags/tutorial_taskflow_api.py
[2022-09-20T16:25:45.179+0000] {logging_mixin.py:117} INFO - [2022-09-20T16:25:45.179+0000] {dag.py:2573} INFO - Sync 1 DAGs
[2022-09-20T16:25:45.204+0000] {logging_mixin.py:117} INFO - [2022-09-20T16:25:45.204+0000] {dag.py:3328} INFO - Setting next_dagrun for tutorial_taskflow_api to None, run_after=None
[2022-09-20T16:25:45.224+0000] {processor.py:178} INFO - Processing /home/airflow/.local/lib/python3.7/site-packages/airflow/example_dags/tutorial_taskflow_api.py took 0.101 seconds
[2022-09-20T16:26:15.740+0000] {processor.py:156} INFO - Started process (PID=950) to work on /home/airflow/.local/lib/python3.7/site-packages/airflow/example_dags/tutorial_taskflow_api.py
[2022-09-20T16:26:15.741+0000] {processor.py:758} INFO - Processing file /home/airflow/.local/lib/python3.7/site-packages/airflow/example_dags/tutorial_taskflow_api.py for tasks to queue
[2022-09-20T16:26:15.742+0000] {logging_mixin.py:117} INFO - [2022-09-20T16:26:15.742+0000] {dagbag.py:525} INFO - Filling up the DagBag from /home/airflow/.local/lib/python3.7/site-packages/airflow/example_dags/tutorial_taskflow_api.py
[2022-09-20T16:26:15.772+0000] {processor.py:768} INFO - DAG(s) dict_keys(['tutorial_taskflow_api']) retrieved from /home/airflow/.local/lib/python3.7/site-packages/airflow/example_dags/tutorial_taskflow_api.py
[2022-09-20T16:26:15.819+0000] {logging_mixin.py:117} INFO - [2022-09-20T16:26:15.819+0000] {dag.py:2573} INFO - Sync 1 DAGs
[2022-09-20T16:26:15.854+0000] {logging_mixin.py:117} INFO - [2022-09-20T16:26:15.854+0000] {dag.py:3328} INFO - Setting next_dagrun for tutorial_taskflow_api to None, run_after=None
[2022-09-20T16:26:15.883+0000] {processor.py:178} INFO - Processing /home/airflow/.local/lib/python3.7/site-packages/airflow/example_dags/tutorial_taskflow_api.py took 0.146 seconds
[2022-09-20T16:26:46.014+0000] {processor.py:156} INFO - Started process (PID=1012) to work on /home/airflow/.local/lib/python3.7/site-packages/airflow/example_dags/tutorial_taskflow_api.py
[2022-09-20T16:26:46.014+0000] {processor.py:758} INFO - Processing file /home/airflow/.local/lib/python3.7/site-packages/airflow/example_dags/tutorial_taskflow_api.py for tasks to queue
[2022-09-20T16:26:46.015+0000] {logging_mixin.py:117} INFO - [2022-09-20T16:26:46.015+0000] {dagbag.py:525} INFO - Filling up the DagBag from /home/airflow/.local/lib/python3.7/site-packages/airflow/example_dags/tutorial_taskflow_api.py
[2022-09-20T16:26:46.034+0000] {processor.py:768} INFO - DAG(s) dict_keys(['tutorial_taskflow_api']) retrieved from /home/airflow/.local/lib/python3.7/site-packages/airflow/example_dags/tutorial_taskflow_api.py
[2022-09-20T16:26:46.067+0000] {logging_mixin.py:117} INFO - [2022-09-20T16:26:46.066+0000] {dag.py:2573} INFO - Sync 1 DAGs
[2022-09-20T16:26:46.089+0000] {logging_mixin.py:117} INFO - [2022-09-20T16:26:46.089+0000] {dag.py:3328} INFO - Setting next_dagrun for tutorial_taskflow_api to None, run_after=None
[2022-09-20T16:26:46.110+0000] {processor.py:178} INFO - Processing /home/airflow/.local/lib/python3.7/site-packages/airflow/example_dags/tutorial_taskflow_api.py took 0.099 seconds
[2022-09-20T16:27:16.497+0000] {processor.py:156} INFO - Started process (PID=1075) to work on /home/airflow/.local/lib/python3.7/site-packages/airflow/example_dags/tutorial_taskflow_api.py
[2022-09-20T16:27:16.498+0000] {processor.py:758} INFO - Processing file /home/airflow/.local/lib/python3.7/site-packages/airflow/example_dags/tutorial_taskflow_api.py for tasks to queue
[2022-09-20T16:27:16.499+0000] {logging_mixin.py:117} INFO - [2022-09-20T16:27:16.499+0000] {dagbag.py:525} INFO - Filling up the DagBag from /home/airflow/.local/lib/python3.7/site-packages/airflow/example_dags/tutorial_taskflow_api.py
[2022-09-20T16:27:16.520+0000] {processor.py:768} INFO - DAG(s) dict_keys(['tutorial_taskflow_api']) retrieved from /home/airflow/.local/lib/python3.7/site-packages/airflow/example_dags/tutorial_taskflow_api.py
[2022-09-20T16:27:16.563+0000] {logging_mixin.py:117} INFO - [2022-09-20T16:27:16.563+0000] {dag.py:2573} INFO - Sync 1 DAGs
[2022-09-20T16:27:16.597+0000] {logging_mixin.py:117} INFO - [2022-09-20T16:27:16.596+0000] {dag.py:3328} INFO - Setting next_dagrun for tutorial_taskflow_api to None, run_after=None
[2022-09-20T16:27:16.625+0000] {processor.py:178} INFO - Processing /home/airflow/.local/lib/python3.7/site-packages/airflow/example_dags/tutorial_taskflow_api.py took 0.131 seconds
[2022-09-20T16:27:46.887+0000] {processor.py:156} INFO - Started process (PID=1129) to work on /home/airflow/.local/lib/python3.7/site-packages/airflow/example_dags/tutorial_taskflow_api.py
[2022-09-20T16:27:46.888+0000] {processor.py:758} INFO - Processing file /home/airflow/.local/lib/python3.7/site-packages/airflow/example_dags/tutorial_taskflow_api.py for tasks to queue
[2022-09-20T16:27:46.888+0000] {logging_mixin.py:117} INFO - [2022-09-20T16:27:46.888+0000] {dagbag.py:525} INFO - Filling up the DagBag from /home/airflow/.local/lib/python3.7/site-packages/airflow/example_dags/tutorial_taskflow_api.py
[2022-09-20T16:27:46.911+0000] {processor.py:768} INFO - DAG(s) dict_keys(['tutorial_taskflow_api']) retrieved from /home/airflow/.local/lib/python3.7/site-packages/airflow/example_dags/tutorial_taskflow_api.py
[2022-09-20T16:27:46.947+0000] {logging_mixin.py:117} INFO - [2022-09-20T16:27:46.947+0000] {dag.py:2573} INFO - Sync 1 DAGs
[2022-09-20T16:27:46.975+0000] {logging_mixin.py:117} INFO - [2022-09-20T16:27:46.974+0000] {dag.py:3328} INFO - Setting next_dagrun for tutorial_taskflow_api to None, run_after=None
[2022-09-20T16:27:46.999+0000] {processor.py:178} INFO - Processing /home/airflow/.local/lib/python3.7/site-packages/airflow/example_dags/tutorial_taskflow_api.py took 0.114 seconds
[2022-09-20T16:28:17.060+0000] {processor.py:156} INFO - Started process (PID=1192) to work on /home/airflow/.local/lib/python3.7/site-packages/airflow/example_dags/tutorial_taskflow_api.py
[2022-09-20T16:28:17.061+0000] {processor.py:758} INFO - Processing file /home/airflow/.local/lib/python3.7/site-packages/airflow/example_dags/tutorial_taskflow_api.py for tasks to queue
[2022-09-20T16:28:17.061+0000] {logging_mixin.py:117} INFO - [2022-09-20T16:28:17.061+0000] {dagbag.py:525} INFO - Filling up the DagBag from /home/airflow/.local/lib/python3.7/site-packages/airflow/example_dags/tutorial_taskflow_api.py
[2022-09-20T16:28:17.081+0000] {processor.py:768} INFO - DAG(s) dict_keys(['tutorial_taskflow_api']) retrieved from /home/airflow/.local/lib/python3.7/site-packages/airflow/example_dags/tutorial_taskflow_api.py
[2022-09-20T16:28:17.117+0000] {logging_mixin.py:117} INFO - [2022-09-20T16:28:17.117+0000] {dag.py:2573} INFO - Sync 1 DAGs
[2022-09-20T16:28:17.144+0000] {logging_mixin.py:117} INFO - [2022-09-20T16:28:17.144+0000] {dag.py:3328} INFO - Setting next_dagrun for tutorial_taskflow_api to None, run_after=None
[2022-09-20T16:28:17.166+0000] {processor.py:178} INFO - Processing /home/airflow/.local/lib/python3.7/site-packages/airflow/example_dags/tutorial_taskflow_api.py took 0.108 seconds
[2022-09-20T16:28:47.546+0000] {processor.py:156} INFO - Started process (PID=1246) to work on /home/airflow/.local/lib/python3.7/site-packages/airflow/example_dags/tutorial_taskflow_api.py
[2022-09-20T16:28:47.546+0000] {processor.py:758} INFO - Processing file /home/airflow/.local/lib/python3.7/site-packages/airflow/example_dags/tutorial_taskflow_api.py for tasks to queue
[2022-09-20T16:28:47.547+0000] {logging_mixin.py:117} INFO - [2022-09-20T16:28:47.547+0000] {dagbag.py:525} INFO - Filling up the DagBag from /home/airflow/.local/lib/python3.7/site-packages/airflow/example_dags/tutorial_taskflow_api.py
[2022-09-20T16:28:47.568+0000] {processor.py:768} INFO - DAG(s) dict_keys(['tutorial_taskflow_api']) retrieved from /home/airflow/.local/lib/python3.7/site-packages/airflow/example_dags/tutorial_taskflow_api.py
[2022-09-20T16:28:47.605+0000] {logging_mixin.py:117} INFO - [2022-09-20T16:28:47.605+0000] {dag.py:2573} INFO - Sync 1 DAGs
[2022-09-20T16:28:47.631+0000] {logging_mixin.py:117} INFO - [2022-09-20T16:28:47.631+0000] {dag.py:3328} INFO - Setting next_dagrun for tutorial_taskflow_api to None, run_after=None
[2022-09-20T16:28:47.653+0000] {processor.py:178} INFO - Processing /home/airflow/.local/lib/python3.7/site-packages/airflow/example_dags/tutorial_taskflow_api.py took 0.110 seconds
[2022-09-20T16:29:17.911+0000] {processor.py:156} INFO - Started process (PID=1308) to work on /home/airflow/.local/lib/python3.7/site-packages/airflow/example_dags/tutorial_taskflow_api.py
[2022-09-20T16:29:17.913+0000] {processor.py:758} INFO - Processing file /home/airflow/.local/lib/python3.7/site-packages/airflow/example_dags/tutorial_taskflow_api.py for tasks to queue
[2022-09-20T16:29:17.913+0000] {logging_mixin.py:117} INFO - [2022-09-20T16:29:17.913+0000] {dagbag.py:525} INFO - Filling up the DagBag from /home/airflow/.local/lib/python3.7/site-packages/airflow/example_dags/tutorial_taskflow_api.py
[2022-09-20T16:29:17.944+0000] {processor.py:768} INFO - DAG(s) dict_keys(['tutorial_taskflow_api']) retrieved from /home/airflow/.local/lib/python3.7/site-packages/airflow/example_dags/tutorial_taskflow_api.py
[2022-09-20T16:29:18.009+0000] {logging_mixin.py:117} INFO - [2022-09-20T16:29:18.008+0000] {dag.py:2573} INFO - Sync 1 DAGs
[2022-09-20T16:29:18.036+0000] {logging_mixin.py:117} INFO - [2022-09-20T16:29:18.036+0000] {dag.py:3328} INFO - Setting next_dagrun for tutorial_taskflow_api to None, run_after=None
[2022-09-20T16:29:18.061+0000] {processor.py:178} INFO - Processing /home/airflow/.local/lib/python3.7/site-packages/airflow/example_dags/tutorial_taskflow_api.py took 0.154 seconds
[2022-09-20T16:29:48.596+0000] {processor.py:156} INFO - Started process (PID=1370) to work on /home/airflow/.local/lib/python3.7/site-packages/airflow/example_dags/tutorial_taskflow_api.py
[2022-09-20T16:29:48.597+0000] {processor.py:758} INFO - Processing file /home/airflow/.local/lib/python3.7/site-packages/airflow/example_dags/tutorial_taskflow_api.py for tasks to queue
[2022-09-20T16:29:48.597+0000] {logging_mixin.py:117} INFO - [2022-09-20T16:29:48.597+0000] {dagbag.py:525} INFO - Filling up the DagBag from /home/airflow/.local/lib/python3.7/site-packages/airflow/example_dags/tutorial_taskflow_api.py
[2022-09-20T16:29:48.617+0000] {processor.py:768} INFO - DAG(s) dict_keys(['tutorial_taskflow_api']) retrieved from /home/airflow/.local/lib/python3.7/site-packages/airflow/example_dags/tutorial_taskflow_api.py
[2022-09-20T16:29:48.649+0000] {logging_mixin.py:117} INFO - [2022-09-20T16:29:48.649+0000] {dag.py:2573} INFO - Sync 1 DAGs
[2022-09-20T16:29:48.672+0000] {logging_mixin.py:117} INFO - [2022-09-20T16:29:48.672+0000] {dag.py:3328} INFO - Setting next_dagrun for tutorial_taskflow_api to None, run_after=None
[2022-09-20T16:29:48.695+0000] {processor.py:178} INFO - Processing /home/airflow/.local/lib/python3.7/site-packages/airflow/example_dags/tutorial_taskflow_api.py took 0.101 seconds
[2022-09-20T16:30:19.352+0000] {processor.py:156} INFO - Started process (PID=1424) to work on /home/airflow/.local/lib/python3.7/site-packages/airflow/example_dags/tutorial_taskflow_api.py
[2022-09-20T16:30:19.352+0000] {processor.py:758} INFO - Processing file /home/airflow/.local/lib/python3.7/site-packages/airflow/example_dags/tutorial_taskflow_api.py for tasks to queue
[2022-09-20T16:30:19.353+0000] {logging_mixin.py:117} INFO - [2022-09-20T16:30:19.353+0000] {dagbag.py:525} INFO - Filling up the DagBag from /home/airflow/.local/lib/python3.7/site-packages/airflow/example_dags/tutorial_taskflow_api.py
[2022-09-20T16:30:19.371+0000] {processor.py:768} INFO - DAG(s) dict_keys(['tutorial_taskflow_api']) retrieved from /home/airflow/.local/lib/python3.7/site-packages/airflow/example_dags/tutorial_taskflow_api.py
[2022-09-20T16:30:19.412+0000] {logging_mixin.py:117} INFO - [2022-09-20T16:30:19.412+0000] {dag.py:2573} INFO - Sync 1 DAGs
[2022-09-20T16:30:19.452+0000] {logging_mixin.py:117} INFO - [2022-09-20T16:30:19.451+0000] {dag.py:3328} INFO - Setting next_dagrun for tutorial_taskflow_api to None, run_after=None
[2022-09-20T16:30:19.479+0000] {processor.py:178} INFO - Processing /home/airflow/.local/lib/python3.7/site-packages/airflow/example_dags/tutorial_taskflow_api.py took 0.130 seconds
[2022-09-20T16:30:49.712+0000] {processor.py:156} INFO - Started process (PID=1487) to work on /home/airflow/.local/lib/python3.7/site-packages/airflow/example_dags/tutorial_taskflow_api.py
[2022-09-20T16:30:49.713+0000] {processor.py:758} INFO - Processing file /home/airflow/.local/lib/python3.7/site-packages/airflow/example_dags/tutorial_taskflow_api.py for tasks to queue
[2022-09-20T16:30:49.713+0000] {logging_mixin.py:117} INFO - [2022-09-20T16:30:49.713+0000] {dagbag.py:525} INFO - Filling up the DagBag from /home/airflow/.local/lib/python3.7/site-packages/airflow/example_dags/tutorial_taskflow_api.py
[2022-09-20T16:30:49.732+0000] {processor.py:768} INFO - DAG(s) dict_keys(['tutorial_taskflow_api']) retrieved from /home/airflow/.local/lib/python3.7/site-packages/airflow/example_dags/tutorial_taskflow_api.py
[2022-09-20T16:30:49.767+0000] {logging_mixin.py:117} INFO - [2022-09-20T16:30:49.766+0000] {dag.py:2573} INFO - Sync 1 DAGs
[2022-09-20T16:30:49.789+0000] {logging_mixin.py:117} INFO - [2022-09-20T16:30:49.789+0000] {dag.py:3328} INFO - Setting next_dagrun for tutorial_taskflow_api to None, run_after=None
[2022-09-20T16:30:49.809+0000] {processor.py:178} INFO - Processing /home/airflow/.local/lib/python3.7/site-packages/airflow/example_dags/tutorial_taskflow_api.py took 0.098 seconds
[2022-09-20T16:31:20.450+0000] {processor.py:156} INFO - Started process (PID=1541) to work on /home/airflow/.local/lib/python3.7/site-packages/airflow/example_dags/tutorial_taskflow_api.py
[2022-09-20T16:31:20.451+0000] {processor.py:758} INFO - Processing file /home/airflow/.local/lib/python3.7/site-packages/airflow/example_dags/tutorial_taskflow_api.py for tasks to queue
[2022-09-20T16:31:20.451+0000] {logging_mixin.py:117} INFO - [2022-09-20T16:31:20.451+0000] {dagbag.py:525} INFO - Filling up the DagBag from /home/airflow/.local/lib/python3.7/site-packages/airflow/example_dags/tutorial_taskflow_api.py
[2022-09-20T16:31:20.484+0000] {processor.py:768} INFO - DAG(s) dict_keys(['tutorial_taskflow_api']) retrieved from /home/airflow/.local/lib/python3.7/site-packages/airflow/example_dags/tutorial_taskflow_api.py
[2022-09-20T16:31:20.549+0000] {logging_mixin.py:117} INFO - [2022-09-20T16:31:20.548+0000] {dag.py:2573} INFO - Sync 1 DAGs
[2022-09-20T16:31:20.588+0000] {logging_mixin.py:117} INFO - [2022-09-20T16:31:20.588+0000] {dag.py:3328} INFO - Setting next_dagrun for tutorial_taskflow_api to None, run_after=None
[2022-09-20T16:31:20.615+0000] {processor.py:178} INFO - Processing /home/airflow/.local/lib/python3.7/site-packages/airflow/example_dags/tutorial_taskflow_api.py took 0.169 seconds
[2022-09-20T16:31:51.291+0000] {processor.py:156} INFO - Started process (PID=1604) to work on /home/airflow/.local/lib/python3.7/site-packages/airflow/example_dags/tutorial_taskflow_api.py
[2022-09-20T16:31:51.292+0000] {processor.py:758} INFO - Processing file /home/airflow/.local/lib/python3.7/site-packages/airflow/example_dags/tutorial_taskflow_api.py for tasks to queue
[2022-09-20T16:31:51.293+0000] {logging_mixin.py:117} INFO - [2022-09-20T16:31:51.293+0000] {dagbag.py:525} INFO - Filling up the DagBag from /home/airflow/.local/lib/python3.7/site-packages/airflow/example_dags/tutorial_taskflow_api.py
[2022-09-20T16:31:51.331+0000] {processor.py:768} INFO - DAG(s) dict_keys(['tutorial_taskflow_api']) retrieved from /home/airflow/.local/lib/python3.7/site-packages/airflow/example_dags/tutorial_taskflow_api.py
[2022-09-20T16:31:51.398+0000] {logging_mixin.py:117} INFO - [2022-09-20T16:31:51.398+0000] {dag.py:2573} INFO - Sync 1 DAGs
[2022-09-20T16:31:51.455+0000] {logging_mixin.py:117} INFO - [2022-09-20T16:31:51.455+0000] {dag.py:3328} INFO - Setting next_dagrun for tutorial_taskflow_api to None, run_after=None
[2022-09-20T16:31:51.498+0000] {processor.py:178} INFO - Processing /home/airflow/.local/lib/python3.7/site-packages/airflow/example_dags/tutorial_taskflow_api.py took 0.211 seconds
[2022-09-20T16:32:22.219+0000] {processor.py:156} INFO - Started process (PID=1658) to work on /home/airflow/.local/lib/python3.7/site-packages/airflow/example_dags/tutorial_taskflow_api.py
[2022-09-20T16:32:22.220+0000] {processor.py:758} INFO - Processing file /home/airflow/.local/lib/python3.7/site-packages/airflow/example_dags/tutorial_taskflow_api.py for tasks to queue
[2022-09-20T16:32:22.220+0000] {logging_mixin.py:117} INFO - [2022-09-20T16:32:22.220+0000] {dagbag.py:525} INFO - Filling up the DagBag from /home/airflow/.local/lib/python3.7/site-packages/airflow/example_dags/tutorial_taskflow_api.py
[2022-09-20T16:32:22.239+0000] {processor.py:768} INFO - DAG(s) dict_keys(['tutorial_taskflow_api']) retrieved from /home/airflow/.local/lib/python3.7/site-packages/airflow/example_dags/tutorial_taskflow_api.py
[2022-09-20T16:32:22.281+0000] {logging_mixin.py:117} INFO - [2022-09-20T16:32:22.280+0000] {dag.py:2573} INFO - Sync 1 DAGs
[2022-09-20T16:32:22.305+0000] {logging_mixin.py:117} INFO - [2022-09-20T16:32:22.305+0000] {dag.py:3328} INFO - Setting next_dagrun for tutorial_taskflow_api to None, run_after=None
[2022-09-20T16:32:22.324+0000] {processor.py:178} INFO - Processing /home/airflow/.local/lib/python3.7/site-packages/airflow/example_dags/tutorial_taskflow_api.py took 0.107 seconds
[2022-09-20T16:32:52.883+0000] {processor.py:156} INFO - Started process (PID=1721) to work on /home/airflow/.local/lib/python3.7/site-packages/airflow/example_dags/tutorial_taskflow_api.py
[2022-09-20T16:32:52.883+0000] {processor.py:758} INFO - Processing file /home/airflow/.local/lib/python3.7/site-packages/airflow/example_dags/tutorial_taskflow_api.py for tasks to queue
[2022-09-20T16:32:52.884+0000] {logging_mixin.py:117} INFO - [2022-09-20T16:32:52.883+0000] {dagbag.py:525} INFO - Filling up the DagBag from /home/airflow/.local/lib/python3.7/site-packages/airflow/example_dags/tutorial_taskflow_api.py
[2022-09-20T16:32:52.903+0000] {processor.py:768} INFO - DAG(s) dict_keys(['tutorial_taskflow_api']) retrieved from /home/airflow/.local/lib/python3.7/site-packages/airflow/example_dags/tutorial_taskflow_api.py
[2022-09-20T16:32:52.935+0000] {logging_mixin.py:117} INFO - [2022-09-20T16:32:52.935+0000] {dag.py:2573} INFO - Sync 1 DAGs
[2022-09-20T16:32:52.959+0000] {logging_mixin.py:117} INFO - [2022-09-20T16:32:52.959+0000] {dag.py:3328} INFO - Setting next_dagrun for tutorial_taskflow_api to None, run_after=None
[2022-09-20T16:32:52.979+0000] {processor.py:178} INFO - Processing /home/airflow/.local/lib/python3.7/site-packages/airflow/example_dags/tutorial_taskflow_api.py took 0.099 seconds
[2022-09-20T16:33:23.173+0000] {processor.py:156} INFO - Started process (PID=1784) to work on /home/airflow/.local/lib/python3.7/site-packages/airflow/example_dags/tutorial_taskflow_api.py
[2022-09-20T16:33:23.174+0000] {processor.py:758} INFO - Processing file /home/airflow/.local/lib/python3.7/site-packages/airflow/example_dags/tutorial_taskflow_api.py for tasks to queue
[2022-09-20T16:33:23.175+0000] {logging_mixin.py:117} INFO - [2022-09-20T16:33:23.174+0000] {dagbag.py:525} INFO - Filling up the DagBag from /home/airflow/.local/lib/python3.7/site-packages/airflow/example_dags/tutorial_taskflow_api.py
[2022-09-20T16:33:23.196+0000] {processor.py:768} INFO - DAG(s) dict_keys(['tutorial_taskflow_api']) retrieved from /home/airflow/.local/lib/python3.7/site-packages/airflow/example_dags/tutorial_taskflow_api.py
[2022-09-20T16:33:23.235+0000] {logging_mixin.py:117} INFO - [2022-09-20T16:33:23.235+0000] {dag.py:2573} INFO - Sync 1 DAGs
[2022-09-20T16:33:23.261+0000] {logging_mixin.py:117} INFO - [2022-09-20T16:33:23.261+0000] {dag.py:3328} INFO - Setting next_dagrun for tutorial_taskflow_api to None, run_after=None
[2022-09-20T16:33:23.283+0000] {processor.py:178} INFO - Processing /home/airflow/.local/lib/python3.7/site-packages/airflow/example_dags/tutorial_taskflow_api.py took 0.111 seconds
[2022-09-20T16:33:53.929+0000] {processor.py:156} INFO - Started process (PID=1837) to work on /home/airflow/.local/lib/python3.7/site-packages/airflow/example_dags/tutorial_taskflow_api.py
[2022-09-20T16:33:53.930+0000] {processor.py:758} INFO - Processing file /home/airflow/.local/lib/python3.7/site-packages/airflow/example_dags/tutorial_taskflow_api.py for tasks to queue
[2022-09-20T16:33:53.930+0000] {logging_mixin.py:117} INFO - [2022-09-20T16:33:53.930+0000] {dagbag.py:525} INFO - Filling up the DagBag from /home/airflow/.local/lib/python3.7/site-packages/airflow/example_dags/tutorial_taskflow_api.py
[2022-09-20T16:33:53.952+0000] {processor.py:768} INFO - DAG(s) dict_keys(['tutorial_taskflow_api']) retrieved from /home/airflow/.local/lib/python3.7/site-packages/airflow/example_dags/tutorial_taskflow_api.py
[2022-09-20T16:33:53.990+0000] {logging_mixin.py:117} INFO - [2022-09-20T16:33:53.989+0000] {dag.py:2573} INFO - Sync 1 DAGs
[2022-09-20T16:33:54.016+0000] {logging_mixin.py:117} INFO - [2022-09-20T16:33:54.016+0000] {dag.py:3328} INFO - Setting next_dagrun for tutorial_taskflow_api to None, run_after=None
[2022-09-20T16:33:54.038+0000] {processor.py:178} INFO - Processing /home/airflow/.local/lib/python3.7/site-packages/airflow/example_dags/tutorial_taskflow_api.py took 0.112 seconds
[2022-09-20T16:34:24.626+0000] {processor.py:156} INFO - Started process (PID=1899) to work on /home/airflow/.local/lib/python3.7/site-packages/airflow/example_dags/tutorial_taskflow_api.py
[2022-09-20T16:34:24.627+0000] {processor.py:758} INFO - Processing file /home/airflow/.local/lib/python3.7/site-packages/airflow/example_dags/tutorial_taskflow_api.py for tasks to queue
[2022-09-20T16:34:24.627+0000] {logging_mixin.py:117} INFO - [2022-09-20T16:34:24.627+0000] {dagbag.py:525} INFO - Filling up the DagBag from /home/airflow/.local/lib/python3.7/site-packages/airflow/example_dags/tutorial_taskflow_api.py
[2022-09-20T16:34:24.651+0000] {processor.py:768} INFO - DAG(s) dict_keys(['tutorial_taskflow_api']) retrieved from /home/airflow/.local/lib/python3.7/site-packages/airflow/example_dags/tutorial_taskflow_api.py
[2022-09-20T16:34:24.691+0000] {logging_mixin.py:117} INFO - [2022-09-20T16:34:24.690+0000] {dag.py:2573} INFO - Sync 1 DAGs
[2022-09-20T16:34:24.722+0000] {logging_mixin.py:117} INFO - [2022-09-20T16:34:24.721+0000] {dag.py:3328} INFO - Setting next_dagrun for tutorial_taskflow_api to None, run_after=None
[2022-09-20T16:34:24.746+0000] {processor.py:178} INFO - Processing /home/airflow/.local/lib/python3.7/site-packages/airflow/example_dags/tutorial_taskflow_api.py took 0.122 seconds
[2022-09-20T16:34:55.495+0000] {processor.py:156} INFO - Started process (PID=1962) to work on /home/airflow/.local/lib/python3.7/site-packages/airflow/example_dags/tutorial_taskflow_api.py
[2022-09-20T16:34:55.496+0000] {processor.py:758} INFO - Processing file /home/airflow/.local/lib/python3.7/site-packages/airflow/example_dags/tutorial_taskflow_api.py for tasks to queue
[2022-09-20T16:34:55.497+0000] {logging_mixin.py:117} INFO - [2022-09-20T16:34:55.497+0000] {dagbag.py:525} INFO - Filling up the DagBag from /home/airflow/.local/lib/python3.7/site-packages/airflow/example_dags/tutorial_taskflow_api.py
[2022-09-20T16:34:55.532+0000] {processor.py:768} INFO - DAG(s) dict_keys(['tutorial_taskflow_api']) retrieved from /home/airflow/.local/lib/python3.7/site-packages/airflow/example_dags/tutorial_taskflow_api.py
[2022-09-20T16:34:55.600+0000] {logging_mixin.py:117} INFO - [2022-09-20T16:34:55.599+0000] {dag.py:2573} INFO - Sync 1 DAGs
[2022-09-20T16:34:55.646+0000] {logging_mixin.py:117} INFO - [2022-09-20T16:34:55.646+0000] {dag.py:3328} INFO - Setting next_dagrun for tutorial_taskflow_api to None, run_after=None
[2022-09-20T16:34:55.693+0000] {processor.py:178} INFO - Processing /home/airflow/.local/lib/python3.7/site-packages/airflow/example_dags/tutorial_taskflow_api.py took 0.201 seconds
[2022-09-20T16:35:26.313+0000] {processor.py:156} INFO - Started process (PID=2015) to work on /home/airflow/.local/lib/python3.7/site-packages/airflow/example_dags/tutorial_taskflow_api.py
[2022-09-20T16:35:26.314+0000] {processor.py:758} INFO - Processing file /home/airflow/.local/lib/python3.7/site-packages/airflow/example_dags/tutorial_taskflow_api.py for tasks to queue
[2022-09-20T16:35:26.315+0000] {logging_mixin.py:117} INFO - [2022-09-20T16:35:26.315+0000] {dagbag.py:525} INFO - Filling up the DagBag from /home/airflow/.local/lib/python3.7/site-packages/airflow/example_dags/tutorial_taskflow_api.py
[2022-09-20T16:35:26.371+0000] {processor.py:768} INFO - DAG(s) dict_keys(['tutorial_taskflow_api']) retrieved from /home/airflow/.local/lib/python3.7/site-packages/airflow/example_dags/tutorial_taskflow_api.py
[2022-09-20T16:35:26.489+0000] {logging_mixin.py:117} INFO - [2022-09-20T16:35:26.488+0000] {dag.py:2573} INFO - Sync 1 DAGs
[2022-09-20T16:35:26.538+0000] {logging_mixin.py:117} INFO - [2022-09-20T16:35:26.538+0000] {dag.py:3328} INFO - Setting next_dagrun for tutorial_taskflow_api to None, run_after=None
[2022-09-20T16:35:26.583+0000] {processor.py:178} INFO - Processing /home/airflow/.local/lib/python3.7/site-packages/airflow/example_dags/tutorial_taskflow_api.py took 0.275 seconds
[2022-09-20T16:35:56.833+0000] {processor.py:156} INFO - Started process (PID=2069) to work on /home/airflow/.local/lib/python3.7/site-packages/airflow/example_dags/tutorial_taskflow_api.py
[2022-09-20T16:35:56.834+0000] {processor.py:758} INFO - Processing file /home/airflow/.local/lib/python3.7/site-packages/airflow/example_dags/tutorial_taskflow_api.py for tasks to queue
[2022-09-20T16:35:56.835+0000] {logging_mixin.py:117} INFO - [2022-09-20T16:35:56.835+0000] {dagbag.py:525} INFO - Filling up the DagBag from /home/airflow/.local/lib/python3.7/site-packages/airflow/example_dags/tutorial_taskflow_api.py
[2022-09-20T16:35:56.897+0000] {processor.py:768} INFO - DAG(s) dict_keys(['tutorial_taskflow_api']) retrieved from /home/airflow/.local/lib/python3.7/site-packages/airflow/example_dags/tutorial_taskflow_api.py
[2022-09-20T16:35:57.002+0000] {logging_mixin.py:117} INFO - [2022-09-20T16:35:57.002+0000] {dag.py:2573} INFO - Sync 1 DAGs
[2022-09-20T16:35:57.053+0000] {logging_mixin.py:117} INFO - [2022-09-20T16:35:57.052+0000] {dag.py:3328} INFO - Setting next_dagrun for tutorial_taskflow_api to None, run_after=None
[2022-09-20T16:35:57.091+0000] {processor.py:178} INFO - Processing /home/airflow/.local/lib/python3.7/site-packages/airflow/example_dags/tutorial_taskflow_api.py took 0.263 seconds
[2022-09-20T16:36:27.746+0000] {processor.py:156} INFO - Started process (PID=2131) to work on /home/airflow/.local/lib/python3.7/site-packages/airflow/example_dags/tutorial_taskflow_api.py
[2022-09-20T16:36:27.747+0000] {processor.py:758} INFO - Processing file /home/airflow/.local/lib/python3.7/site-packages/airflow/example_dags/tutorial_taskflow_api.py for tasks to queue
[2022-09-20T16:36:27.748+0000] {logging_mixin.py:117} INFO - [2022-09-20T16:36:27.748+0000] {dagbag.py:525} INFO - Filling up the DagBag from /home/airflow/.local/lib/python3.7/site-packages/airflow/example_dags/tutorial_taskflow_api.py
[2022-09-20T16:36:27.818+0000] {processor.py:768} INFO - DAG(s) dict_keys(['tutorial_taskflow_api']) retrieved from /home/airflow/.local/lib/python3.7/site-packages/airflow/example_dags/tutorial_taskflow_api.py
[2022-09-20T16:36:27.875+0000] {logging_mixin.py:117} INFO - [2022-09-20T16:36:27.874+0000] {dag.py:2573} INFO - Sync 1 DAGs
[2022-09-20T16:36:27.917+0000] {logging_mixin.py:117} INFO - [2022-09-20T16:36:27.917+0000] {dag.py:3328} INFO - Setting next_dagrun for tutorial_taskflow_api to None, run_after=None
[2022-09-20T16:36:27.948+0000] {processor.py:178} INFO - Processing /home/airflow/.local/lib/python3.7/site-packages/airflow/example_dags/tutorial_taskflow_api.py took 0.205 seconds
[2022-09-20T16:36:58.686+0000] {processor.py:156} INFO - Started process (PID=2185) to work on /home/airflow/.local/lib/python3.7/site-packages/airflow/example_dags/tutorial_taskflow_api.py
[2022-09-20T16:36:58.687+0000] {processor.py:758} INFO - Processing file /home/airflow/.local/lib/python3.7/site-packages/airflow/example_dags/tutorial_taskflow_api.py for tasks to queue
[2022-09-20T16:36:58.687+0000] {logging_mixin.py:117} INFO - [2022-09-20T16:36:58.687+0000] {dagbag.py:525} INFO - Filling up the DagBag from /home/airflow/.local/lib/python3.7/site-packages/airflow/example_dags/tutorial_taskflow_api.py
[2022-09-20T16:36:58.713+0000] {processor.py:768} INFO - DAG(s) dict_keys(['tutorial_taskflow_api']) retrieved from /home/airflow/.local/lib/python3.7/site-packages/airflow/example_dags/tutorial_taskflow_api.py
[2022-09-20T16:36:58.762+0000] {logging_mixin.py:117} INFO - [2022-09-20T16:36:58.761+0000] {dag.py:2573} INFO - Sync 1 DAGs
[2022-09-20T16:36:58.804+0000] {logging_mixin.py:117} INFO - [2022-09-20T16:36:58.804+0000] {dag.py:3328} INFO - Setting next_dagrun for tutorial_taskflow_api to None, run_after=None
[2022-09-20T16:36:58.833+0000] {processor.py:178} INFO - Processing /home/airflow/.local/lib/python3.7/site-packages/airflow/example_dags/tutorial_taskflow_api.py took 0.150 seconds
[2022-09-20T16:37:29.603+0000] {processor.py:156} INFO - Started process (PID=2248) to work on /home/airflow/.local/lib/python3.7/site-packages/airflow/example_dags/tutorial_taskflow_api.py
[2022-09-20T16:37:29.604+0000] {processor.py:758} INFO - Processing file /home/airflow/.local/lib/python3.7/site-packages/airflow/example_dags/tutorial_taskflow_api.py for tasks to queue
[2022-09-20T16:37:29.604+0000] {logging_mixin.py:117} INFO - [2022-09-20T16:37:29.604+0000] {dagbag.py:525} INFO - Filling up the DagBag from /home/airflow/.local/lib/python3.7/site-packages/airflow/example_dags/tutorial_taskflow_api.py
[2022-09-20T16:37:29.626+0000] {processor.py:768} INFO - DAG(s) dict_keys(['tutorial_taskflow_api']) retrieved from /home/airflow/.local/lib/python3.7/site-packages/airflow/example_dags/tutorial_taskflow_api.py
[2022-09-20T16:37:29.661+0000] {logging_mixin.py:117} INFO - [2022-09-20T16:37:29.661+0000] {dag.py:2573} INFO - Sync 1 DAGs
[2022-09-20T16:37:29.683+0000] {logging_mixin.py:117} INFO - [2022-09-20T16:37:29.683+0000] {dag.py:3328} INFO - Setting next_dagrun for tutorial_taskflow_api to None, run_after=None
[2022-09-20T16:37:29.705+0000] {processor.py:178} INFO - Processing /home/airflow/.local/lib/python3.7/site-packages/airflow/example_dags/tutorial_taskflow_api.py took 0.105 seconds
[2022-09-20T16:38:00.117+0000] {processor.py:156} INFO - Started process (PID=2302) to work on /home/airflow/.local/lib/python3.7/site-packages/airflow/example_dags/tutorial_taskflow_api.py
[2022-09-20T16:38:00.118+0000] {processor.py:758} INFO - Processing file /home/airflow/.local/lib/python3.7/site-packages/airflow/example_dags/tutorial_taskflow_api.py for tasks to queue
[2022-09-20T16:38:00.119+0000] {logging_mixin.py:117} INFO - [2022-09-20T16:38:00.118+0000] {dagbag.py:525} INFO - Filling up the DagBag from /home/airflow/.local/lib/python3.7/site-packages/airflow/example_dags/tutorial_taskflow_api.py
[2022-09-20T16:38:00.139+0000] {processor.py:768} INFO - DAG(s) dict_keys(['tutorial_taskflow_api']) retrieved from /home/airflow/.local/lib/python3.7/site-packages/airflow/example_dags/tutorial_taskflow_api.py
[2022-09-20T16:38:00.180+0000] {logging_mixin.py:117} INFO - [2022-09-20T16:38:00.180+0000] {dag.py:2573} INFO - Sync 1 DAGs
[2022-09-20T16:38:00.206+0000] {logging_mixin.py:117} INFO - [2022-09-20T16:38:00.206+0000] {dag.py:3328} INFO - Setting next_dagrun for tutorial_taskflow_api to None, run_after=None
[2022-09-20T16:38:00.233+0000] {processor.py:178} INFO - Processing /home/airflow/.local/lib/python3.7/site-packages/airflow/example_dags/tutorial_taskflow_api.py took 0.118 seconds
[2022-09-20T16:38:30.913+0000] {processor.py:156} INFO - Started process (PID=2365) to work on /home/airflow/.local/lib/python3.7/site-packages/airflow/example_dags/tutorial_taskflow_api.py
[2022-09-20T16:38:30.914+0000] {processor.py:758} INFO - Processing file /home/airflow/.local/lib/python3.7/site-packages/airflow/example_dags/tutorial_taskflow_api.py for tasks to queue
[2022-09-20T16:38:30.914+0000] {logging_mixin.py:117} INFO - [2022-09-20T16:38:30.914+0000] {dagbag.py:525} INFO - Filling up the DagBag from /home/airflow/.local/lib/python3.7/site-packages/airflow/example_dags/tutorial_taskflow_api.py
[2022-09-20T16:38:30.935+0000] {processor.py:768} INFO - DAG(s) dict_keys(['tutorial_taskflow_api']) retrieved from /home/airflow/.local/lib/python3.7/site-packages/airflow/example_dags/tutorial_taskflow_api.py
[2022-09-20T16:38:30.970+0000] {logging_mixin.py:117} INFO - [2022-09-20T16:38:30.969+0000] {dag.py:2573} INFO - Sync 1 DAGs
[2022-09-20T16:38:30.994+0000] {logging_mixin.py:117} INFO - [2022-09-20T16:38:30.994+0000] {dag.py:3328} INFO - Setting next_dagrun for tutorial_taskflow_api to None, run_after=None
[2022-09-20T16:38:31.015+0000] {processor.py:178} INFO - Processing /home/airflow/.local/lib/python3.7/site-packages/airflow/example_dags/tutorial_taskflow_api.py took 0.104 seconds
[2022-09-20T16:39:01.147+0000] {processor.py:156} INFO - Started process (PID=2427) to work on /home/airflow/.local/lib/python3.7/site-packages/airflow/example_dags/tutorial_taskflow_api.py
[2022-09-20T16:39:01.148+0000] {processor.py:758} INFO - Processing file /home/airflow/.local/lib/python3.7/site-packages/airflow/example_dags/tutorial_taskflow_api.py for tasks to queue
[2022-09-20T16:39:01.149+0000] {logging_mixin.py:117} INFO - [2022-09-20T16:39:01.149+0000] {dagbag.py:525} INFO - Filling up the DagBag from /home/airflow/.local/lib/python3.7/site-packages/airflow/example_dags/tutorial_taskflow_api.py
[2022-09-20T16:39:01.169+0000] {processor.py:768} INFO - DAG(s) dict_keys(['tutorial_taskflow_api']) retrieved from /home/airflow/.local/lib/python3.7/site-packages/airflow/example_dags/tutorial_taskflow_api.py
[2022-09-20T16:39:01.205+0000] {logging_mixin.py:117} INFO - [2022-09-20T16:39:01.205+0000] {dag.py:2573} INFO - Sync 1 DAGs
[2022-09-20T16:39:01.229+0000] {logging_mixin.py:117} INFO - [2022-09-20T16:39:01.229+0000] {dag.py:3328} INFO - Setting next_dagrun for tutorial_taskflow_api to None, run_after=None
[2022-09-20T16:39:01.249+0000] {processor.py:178} INFO - Processing /home/airflow/.local/lib/python3.7/site-packages/airflow/example_dags/tutorial_taskflow_api.py took 0.105 seconds
