[2022-09-19T18:44:09.641+0000] {processor.py:156} INFO - Started process (PID=63) to work on /home/airflow/.local/lib/python3.7/site-packages/airflow/example_dags/example_branch_day_of_week_operator.py
[2022-09-19T18:44:09.641+0000] {processor.py:758} INFO - Processing file /home/airflow/.local/lib/python3.7/site-packages/airflow/example_dags/example_branch_day_of_week_operator.py for tasks to queue
[2022-09-19T18:44:09.642+0000] {logging_mixin.py:117} INFO - [2022-09-19T18:44:09.642+0000] {dagbag.py:525} INFO - Filling up the DagBag from /home/airflow/.local/lib/python3.7/site-packages/airflow/example_dags/example_branch_day_of_week_operator.py
[2022-09-19T18:44:09.661+0000] {processor.py:768} INFO - DAG(s) dict_keys(['example_weekday_branch_operator']) retrieved from /home/airflow/.local/lib/python3.7/site-packages/airflow/example_dags/example_branch_day_of_week_operator.py
[2022-09-19T18:44:09.689+0000] {logging_mixin.py:117} INFO - [2022-09-19T18:44:09.689+0000] {dag.py:2573} INFO - Sync 1 DAGs
[2022-09-19T18:44:09.724+0000] {logging_mixin.py:117} INFO - [2022-09-19T18:44:09.724+0000] {dag.py:3328} INFO - Setting next_dagrun for example_weekday_branch_operator to 2022-09-18T00:00:00+00:00, run_after=2022-09-19T00:00:00+00:00
[2022-09-19T18:44:09.754+0000] {processor.py:178} INFO - Processing /home/airflow/.local/lib/python3.7/site-packages/airflow/example_dags/example_branch_day_of_week_operator.py took 0.116 seconds
[2022-09-19T18:44:40.789+0000] {processor.py:156} INFO - Started process (PID=116) to work on /home/airflow/.local/lib/python3.7/site-packages/airflow/example_dags/example_branch_day_of_week_operator.py
[2022-09-19T18:44:40.790+0000] {processor.py:758} INFO - Processing file /home/airflow/.local/lib/python3.7/site-packages/airflow/example_dags/example_branch_day_of_week_operator.py for tasks to queue
[2022-09-19T18:44:40.790+0000] {logging_mixin.py:117} INFO - [2022-09-19T18:44:40.790+0000] {dagbag.py:525} INFO - Filling up the DagBag from /home/airflow/.local/lib/python3.7/site-packages/airflow/example_dags/example_branch_day_of_week_operator.py
[2022-09-19T18:44:40.809+0000] {processor.py:768} INFO - DAG(s) dict_keys(['example_weekday_branch_operator']) retrieved from /home/airflow/.local/lib/python3.7/site-packages/airflow/example_dags/example_branch_day_of_week_operator.py
[2022-09-19T18:44:40.854+0000] {logging_mixin.py:117} INFO - [2022-09-19T18:44:40.854+0000] {dag.py:2573} INFO - Sync 1 DAGs
[2022-09-19T18:44:40.883+0000] {logging_mixin.py:117} INFO - [2022-09-19T18:44:40.883+0000] {dag.py:3328} INFO - Setting next_dagrun for example_weekday_branch_operator to 2022-09-18T00:00:00+00:00, run_after=2022-09-19T00:00:00+00:00
[2022-09-19T18:44:40.907+0000] {processor.py:178} INFO - Processing /home/airflow/.local/lib/python3.7/site-packages/airflow/example_dags/example_branch_day_of_week_operator.py took 0.121 seconds
[2022-09-19T18:45:11.652+0000] {processor.py:156} INFO - Started process (PID=181) to work on /home/airflow/.local/lib/python3.7/site-packages/airflow/example_dags/example_branch_day_of_week_operator.py
[2022-09-19T18:45:11.652+0000] {processor.py:758} INFO - Processing file /home/airflow/.local/lib/python3.7/site-packages/airflow/example_dags/example_branch_day_of_week_operator.py for tasks to queue
[2022-09-19T18:45:11.653+0000] {logging_mixin.py:117} INFO - [2022-09-19T18:45:11.653+0000] {dagbag.py:525} INFO - Filling up the DagBag from /home/airflow/.local/lib/python3.7/site-packages/airflow/example_dags/example_branch_day_of_week_operator.py
[2022-09-19T18:45:11.671+0000] {processor.py:768} INFO - DAG(s) dict_keys(['example_weekday_branch_operator']) retrieved from /home/airflow/.local/lib/python3.7/site-packages/airflow/example_dags/example_branch_day_of_week_operator.py
[2022-09-19T18:45:11.710+0000] {logging_mixin.py:117} INFO - [2022-09-19T18:45:11.710+0000] {dag.py:2573} INFO - Sync 1 DAGs
[2022-09-19T18:45:11.741+0000] {logging_mixin.py:117} INFO - [2022-09-19T18:45:11.741+0000] {dag.py:3328} INFO - Setting next_dagrun for example_weekday_branch_operator to 2022-09-18T00:00:00+00:00, run_after=2022-09-19T00:00:00+00:00
[2022-09-19T18:45:11.768+0000] {processor.py:178} INFO - Processing /home/airflow/.local/lib/python3.7/site-packages/airflow/example_dags/example_branch_day_of_week_operator.py took 0.118 seconds
[2022-09-19T18:45:42.210+0000] {processor.py:156} INFO - Started process (PID=244) to work on /home/airflow/.local/lib/python3.7/site-packages/airflow/example_dags/example_branch_day_of_week_operator.py
[2022-09-19T18:45:42.210+0000] {processor.py:758} INFO - Processing file /home/airflow/.local/lib/python3.7/site-packages/airflow/example_dags/example_branch_day_of_week_operator.py for tasks to queue
[2022-09-19T18:45:42.211+0000] {logging_mixin.py:117} INFO - [2022-09-19T18:45:42.211+0000] {dagbag.py:525} INFO - Filling up the DagBag from /home/airflow/.local/lib/python3.7/site-packages/airflow/example_dags/example_branch_day_of_week_operator.py
[2022-09-19T18:45:42.228+0000] {processor.py:768} INFO - DAG(s) dict_keys(['example_weekday_branch_operator']) retrieved from /home/airflow/.local/lib/python3.7/site-packages/airflow/example_dags/example_branch_day_of_week_operator.py
[2022-09-19T18:45:42.270+0000] {logging_mixin.py:117} INFO - [2022-09-19T18:45:42.270+0000] {dag.py:2573} INFO - Sync 1 DAGs
[2022-09-19T18:45:42.300+0000] {logging_mixin.py:117} INFO - [2022-09-19T18:45:42.300+0000] {dag.py:3328} INFO - Setting next_dagrun for example_weekday_branch_operator to 2022-09-18T00:00:00+00:00, run_after=2022-09-19T00:00:00+00:00
[2022-09-19T18:45:42.322+0000] {processor.py:178} INFO - Processing /home/airflow/.local/lib/python3.7/site-packages/airflow/example_dags/example_branch_day_of_week_operator.py took 0.115 seconds
[2022-09-19T18:46:13.191+0000] {processor.py:156} INFO - Started process (PID=298) to work on /home/airflow/.local/lib/python3.7/site-packages/airflow/example_dags/example_branch_day_of_week_operator.py
[2022-09-19T18:46:13.191+0000] {processor.py:758} INFO - Processing file /home/airflow/.local/lib/python3.7/site-packages/airflow/example_dags/example_branch_day_of_week_operator.py for tasks to queue
[2022-09-19T18:46:13.192+0000] {logging_mixin.py:117} INFO - [2022-09-19T18:46:13.191+0000] {dagbag.py:525} INFO - Filling up the DagBag from /home/airflow/.local/lib/python3.7/site-packages/airflow/example_dags/example_branch_day_of_week_operator.py
[2022-09-19T18:46:13.206+0000] {processor.py:768} INFO - DAG(s) dict_keys(['example_weekday_branch_operator']) retrieved from /home/airflow/.local/lib/python3.7/site-packages/airflow/example_dags/example_branch_day_of_week_operator.py
[2022-09-19T18:46:13.241+0000] {logging_mixin.py:117} INFO - [2022-09-19T18:46:13.240+0000] {dag.py:2573} INFO - Sync 1 DAGs
[2022-09-19T18:46:13.267+0000] {logging_mixin.py:117} INFO - [2022-09-19T18:46:13.267+0000] {dag.py:3328} INFO - Setting next_dagrun for example_weekday_branch_operator to 2022-09-18T00:00:00+00:00, run_after=2022-09-19T00:00:00+00:00
[2022-09-19T18:46:13.289+0000] {processor.py:178} INFO - Processing /home/airflow/.local/lib/python3.7/site-packages/airflow/example_dags/example_branch_day_of_week_operator.py took 0.101 seconds
[2022-09-19T18:46:44.089+0000] {processor.py:156} INFO - Started process (PID=361) to work on /home/airflow/.local/lib/python3.7/site-packages/airflow/example_dags/example_branch_day_of_week_operator.py
[2022-09-19T18:46:44.089+0000] {processor.py:758} INFO - Processing file /home/airflow/.local/lib/python3.7/site-packages/airflow/example_dags/example_branch_day_of_week_operator.py for tasks to queue
[2022-09-19T18:46:44.090+0000] {logging_mixin.py:117} INFO - [2022-09-19T18:46:44.090+0000] {dagbag.py:525} INFO - Filling up the DagBag from /home/airflow/.local/lib/python3.7/site-packages/airflow/example_dags/example_branch_day_of_week_operator.py
[2022-09-19T18:46:44.111+0000] {processor.py:768} INFO - DAG(s) dict_keys(['example_weekday_branch_operator']) retrieved from /home/airflow/.local/lib/python3.7/site-packages/airflow/example_dags/example_branch_day_of_week_operator.py
[2022-09-19T18:46:44.153+0000] {logging_mixin.py:117} INFO - [2022-09-19T18:46:44.153+0000] {dag.py:2573} INFO - Sync 1 DAGs
[2022-09-19T18:46:44.187+0000] {logging_mixin.py:117} INFO - [2022-09-19T18:46:44.187+0000] {dag.py:3328} INFO - Setting next_dagrun for example_weekday_branch_operator to 2022-09-18T00:00:00+00:00, run_after=2022-09-19T00:00:00+00:00
[2022-09-19T18:46:44.214+0000] {processor.py:178} INFO - Processing /home/airflow/.local/lib/python3.7/site-packages/airflow/example_dags/example_branch_day_of_week_operator.py took 0.128 seconds
[2022-09-19T18:47:14.713+0000] {processor.py:156} INFO - Started process (PID=425) to work on /home/airflow/.local/lib/python3.7/site-packages/airflow/example_dags/example_branch_day_of_week_operator.py
[2022-09-19T18:47:14.714+0000] {processor.py:758} INFO - Processing file /home/airflow/.local/lib/python3.7/site-packages/airflow/example_dags/example_branch_day_of_week_operator.py for tasks to queue
[2022-09-19T18:47:14.715+0000] {logging_mixin.py:117} INFO - [2022-09-19T18:47:14.715+0000] {dagbag.py:525} INFO - Filling up the DagBag from /home/airflow/.local/lib/python3.7/site-packages/airflow/example_dags/example_branch_day_of_week_operator.py
[2022-09-19T18:47:14.745+0000] {processor.py:768} INFO - DAG(s) dict_keys(['example_weekday_branch_operator']) retrieved from /home/airflow/.local/lib/python3.7/site-packages/airflow/example_dags/example_branch_day_of_week_operator.py
[2022-09-19T18:47:14.796+0000] {logging_mixin.py:117} INFO - [2022-09-19T18:47:14.796+0000] {dag.py:2573} INFO - Sync 1 DAGs
[2022-09-19T18:47:14.831+0000] {logging_mixin.py:117} INFO - [2022-09-19T18:47:14.831+0000] {dag.py:3328} INFO - Setting next_dagrun for example_weekday_branch_operator to 2022-09-18T00:00:00+00:00, run_after=2022-09-19T00:00:00+00:00
[2022-09-19T18:47:14.858+0000] {processor.py:178} INFO - Processing /home/airflow/.local/lib/python3.7/site-packages/airflow/example_dags/example_branch_day_of_week_operator.py took 0.150 seconds
[2022-09-19T18:47:45.135+0000] {processor.py:156} INFO - Started process (PID=479) to work on /home/airflow/.local/lib/python3.7/site-packages/airflow/example_dags/example_branch_day_of_week_operator.py
[2022-09-19T18:47:45.136+0000] {processor.py:758} INFO - Processing file /home/airflow/.local/lib/python3.7/site-packages/airflow/example_dags/example_branch_day_of_week_operator.py for tasks to queue
[2022-09-19T18:47:45.136+0000] {logging_mixin.py:117} INFO - [2022-09-19T18:47:45.136+0000] {dagbag.py:525} INFO - Filling up the DagBag from /home/airflow/.local/lib/python3.7/site-packages/airflow/example_dags/example_branch_day_of_week_operator.py
[2022-09-19T18:47:45.153+0000] {processor.py:768} INFO - DAG(s) dict_keys(['example_weekday_branch_operator']) retrieved from /home/airflow/.local/lib/python3.7/site-packages/airflow/example_dags/example_branch_day_of_week_operator.py
[2022-09-19T18:47:45.194+0000] {logging_mixin.py:117} INFO - [2022-09-19T18:47:45.193+0000] {dag.py:2573} INFO - Sync 1 DAGs
[2022-09-19T18:47:45.230+0000] {logging_mixin.py:117} INFO - [2022-09-19T18:47:45.230+0000] {dag.py:3328} INFO - Setting next_dagrun for example_weekday_branch_operator to 2022-09-18T00:00:00+00:00, run_after=2022-09-19T00:00:00+00:00
[2022-09-19T18:47:45.264+0000] {processor.py:178} INFO - Processing /home/airflow/.local/lib/python3.7/site-packages/airflow/example_dags/example_branch_day_of_week_operator.py took 0.132 seconds
[2022-09-19T18:48:15.760+0000] {processor.py:156} INFO - Started process (PID=542) to work on /home/airflow/.local/lib/python3.7/site-packages/airflow/example_dags/example_branch_day_of_week_operator.py
[2022-09-19T18:48:15.760+0000] {processor.py:758} INFO - Processing file /home/airflow/.local/lib/python3.7/site-packages/airflow/example_dags/example_branch_day_of_week_operator.py for tasks to queue
[2022-09-19T18:48:15.761+0000] {logging_mixin.py:117} INFO - [2022-09-19T18:48:15.761+0000] {dagbag.py:525} INFO - Filling up the DagBag from /home/airflow/.local/lib/python3.7/site-packages/airflow/example_dags/example_branch_day_of_week_operator.py
[2022-09-19T18:48:15.778+0000] {processor.py:768} INFO - DAG(s) dict_keys(['example_weekday_branch_operator']) retrieved from /home/airflow/.local/lib/python3.7/site-packages/airflow/example_dags/example_branch_day_of_week_operator.py
[2022-09-19T18:48:15.823+0000] {logging_mixin.py:117} INFO - [2022-09-19T18:48:15.823+0000] {dag.py:2573} INFO - Sync 1 DAGs
[2022-09-19T18:48:15.856+0000] {logging_mixin.py:117} INFO - [2022-09-19T18:48:15.856+0000] {dag.py:3328} INFO - Setting next_dagrun for example_weekday_branch_operator to 2022-09-18T00:00:00+00:00, run_after=2022-09-19T00:00:00+00:00
[2022-09-19T18:48:15.885+0000] {processor.py:178} INFO - Processing /home/airflow/.local/lib/python3.7/site-packages/airflow/example_dags/example_branch_day_of_week_operator.py took 0.128 seconds
[2022-09-19T18:48:46.484+0000] {processor.py:156} INFO - Started process (PID=596) to work on /home/airflow/.local/lib/python3.7/site-packages/airflow/example_dags/example_branch_day_of_week_operator.py
[2022-09-19T18:48:46.485+0000] {processor.py:758} INFO - Processing file /home/airflow/.local/lib/python3.7/site-packages/airflow/example_dags/example_branch_day_of_week_operator.py for tasks to queue
[2022-09-19T18:48:46.485+0000] {logging_mixin.py:117} INFO - [2022-09-19T18:48:46.485+0000] {dagbag.py:525} INFO - Filling up the DagBag from /home/airflow/.local/lib/python3.7/site-packages/airflow/example_dags/example_branch_day_of_week_operator.py
[2022-09-19T18:48:46.503+0000] {processor.py:768} INFO - DAG(s) dict_keys(['example_weekday_branch_operator']) retrieved from /home/airflow/.local/lib/python3.7/site-packages/airflow/example_dags/example_branch_day_of_week_operator.py
[2022-09-19T18:48:46.549+0000] {logging_mixin.py:117} INFO - [2022-09-19T18:48:46.549+0000] {dag.py:2573} INFO - Sync 1 DAGs
[2022-09-19T18:48:46.583+0000] {logging_mixin.py:117} INFO - [2022-09-19T18:48:46.583+0000] {dag.py:3328} INFO - Setting next_dagrun for example_weekday_branch_operator to 2022-09-18T00:00:00+00:00, run_after=2022-09-19T00:00:00+00:00
[2022-09-19T18:48:46.606+0000] {processor.py:178} INFO - Processing /home/airflow/.local/lib/python3.7/site-packages/airflow/example_dags/example_branch_day_of_week_operator.py took 0.124 seconds
[2022-09-19T18:49:17.389+0000] {processor.py:156} INFO - Started process (PID=659) to work on /home/airflow/.local/lib/python3.7/site-packages/airflow/example_dags/example_branch_day_of_week_operator.py
[2022-09-19T18:49:17.389+0000] {processor.py:758} INFO - Processing file /home/airflow/.local/lib/python3.7/site-packages/airflow/example_dags/example_branch_day_of_week_operator.py for tasks to queue
[2022-09-19T18:49:17.390+0000] {logging_mixin.py:117} INFO - [2022-09-19T18:49:17.390+0000] {dagbag.py:525} INFO - Filling up the DagBag from /home/airflow/.local/lib/python3.7/site-packages/airflow/example_dags/example_branch_day_of_week_operator.py
[2022-09-19T18:49:17.405+0000] {processor.py:768} INFO - DAG(s) dict_keys(['example_weekday_branch_operator']) retrieved from /home/airflow/.local/lib/python3.7/site-packages/airflow/example_dags/example_branch_day_of_week_operator.py
[2022-09-19T18:49:17.456+0000] {logging_mixin.py:117} INFO - [2022-09-19T18:49:17.456+0000] {dag.py:2573} INFO - Sync 1 DAGs
[2022-09-19T18:49:17.492+0000] {logging_mixin.py:117} INFO - [2022-09-19T18:49:17.492+0000] {dag.py:3328} INFO - Setting next_dagrun for example_weekday_branch_operator to 2022-09-18T00:00:00+00:00, run_after=2022-09-19T00:00:00+00:00
[2022-09-19T18:49:17.522+0000] {processor.py:178} INFO - Processing /home/airflow/.local/lib/python3.7/site-packages/airflow/example_dags/example_branch_day_of_week_operator.py took 0.136 seconds
[2022-09-19T18:49:47.545+0000] {processor.py:156} INFO - Started process (PID=722) to work on /home/airflow/.local/lib/python3.7/site-packages/airflow/example_dags/example_branch_day_of_week_operator.py
[2022-09-19T18:49:47.546+0000] {processor.py:758} INFO - Processing file /home/airflow/.local/lib/python3.7/site-packages/airflow/example_dags/example_branch_day_of_week_operator.py for tasks to queue
[2022-09-19T18:49:47.547+0000] {logging_mixin.py:117} INFO - [2022-09-19T18:49:47.547+0000] {dagbag.py:525} INFO - Filling up the DagBag from /home/airflow/.local/lib/python3.7/site-packages/airflow/example_dags/example_branch_day_of_week_operator.py
[2022-09-19T18:49:47.563+0000] {processor.py:768} INFO - DAG(s) dict_keys(['example_weekday_branch_operator']) retrieved from /home/airflow/.local/lib/python3.7/site-packages/airflow/example_dags/example_branch_day_of_week_operator.py
[2022-09-19T18:49:47.607+0000] {logging_mixin.py:117} INFO - [2022-09-19T18:49:47.607+0000] {dag.py:2573} INFO - Sync 1 DAGs
[2022-09-19T18:49:47.641+0000] {logging_mixin.py:117} INFO - [2022-09-19T18:49:47.641+0000] {dag.py:3328} INFO - Setting next_dagrun for example_weekday_branch_operator to 2022-09-18T00:00:00+00:00, run_after=2022-09-19T00:00:00+00:00
[2022-09-19T18:49:47.665+0000] {processor.py:178} INFO - Processing /home/airflow/.local/lib/python3.7/site-packages/airflow/example_dags/example_branch_day_of_week_operator.py took 0.123 seconds
[2022-09-19T18:50:17.841+0000] {processor.py:156} INFO - Started process (PID=776) to work on /home/airflow/.local/lib/python3.7/site-packages/airflow/example_dags/example_branch_day_of_week_operator.py
[2022-09-19T18:50:17.842+0000] {processor.py:758} INFO - Processing file /home/airflow/.local/lib/python3.7/site-packages/airflow/example_dags/example_branch_day_of_week_operator.py for tasks to queue
[2022-09-19T18:50:17.842+0000] {logging_mixin.py:117} INFO - [2022-09-19T18:50:17.842+0000] {dagbag.py:525} INFO - Filling up the DagBag from /home/airflow/.local/lib/python3.7/site-packages/airflow/example_dags/example_branch_day_of_week_operator.py
[2022-09-19T18:50:17.855+0000] {processor.py:768} INFO - DAG(s) dict_keys(['example_weekday_branch_operator']) retrieved from /home/airflow/.local/lib/python3.7/site-packages/airflow/example_dags/example_branch_day_of_week_operator.py
[2022-09-19T18:50:17.892+0000] {logging_mixin.py:117} INFO - [2022-09-19T18:50:17.892+0000] {dag.py:2573} INFO - Sync 1 DAGs
[2022-09-19T18:50:17.917+0000] {logging_mixin.py:117} INFO - [2022-09-19T18:50:17.917+0000] {dag.py:3328} INFO - Setting next_dagrun for example_weekday_branch_operator to 2022-09-18T00:00:00+00:00, run_after=2022-09-19T00:00:00+00:00
[2022-09-19T18:50:17.940+0000] {processor.py:178} INFO - Processing /home/airflow/.local/lib/python3.7/site-packages/airflow/example_dags/example_branch_day_of_week_operator.py took 0.101 seconds
[2022-09-19T18:50:48.227+0000] {processor.py:156} INFO - Started process (PID=838) to work on /home/airflow/.local/lib/python3.7/site-packages/airflow/example_dags/example_branch_day_of_week_operator.py
[2022-09-19T18:50:48.227+0000] {processor.py:758} INFO - Processing file /home/airflow/.local/lib/python3.7/site-packages/airflow/example_dags/example_branch_day_of_week_operator.py for tasks to queue
[2022-09-19T18:50:48.228+0000] {logging_mixin.py:117} INFO - [2022-09-19T18:50:48.228+0000] {dagbag.py:525} INFO - Filling up the DagBag from /home/airflow/.local/lib/python3.7/site-packages/airflow/example_dags/example_branch_day_of_week_operator.py
[2022-09-19T18:50:48.244+0000] {processor.py:768} INFO - DAG(s) dict_keys(['example_weekday_branch_operator']) retrieved from /home/airflow/.local/lib/python3.7/site-packages/airflow/example_dags/example_branch_day_of_week_operator.py
[2022-09-19T18:50:48.283+0000] {logging_mixin.py:117} INFO - [2022-09-19T18:50:48.283+0000] {dag.py:2573} INFO - Sync 1 DAGs
[2022-09-19T18:50:48.312+0000] {logging_mixin.py:117} INFO - [2022-09-19T18:50:48.312+0000] {dag.py:3328} INFO - Setting next_dagrun for example_weekday_branch_operator to 2022-09-18T00:00:00+00:00, run_after=2022-09-19T00:00:00+00:00
[2022-09-19T18:50:48.336+0000] {processor.py:178} INFO - Processing /home/airflow/.local/lib/python3.7/site-packages/airflow/example_dags/example_branch_day_of_week_operator.py took 0.112 seconds
[2022-09-19T18:51:19.211+0000] {processor.py:156} INFO - Started process (PID=900) to work on /home/airflow/.local/lib/python3.7/site-packages/airflow/example_dags/example_branch_day_of_week_operator.py
[2022-09-19T18:51:19.212+0000] {processor.py:758} INFO - Processing file /home/airflow/.local/lib/python3.7/site-packages/airflow/example_dags/example_branch_day_of_week_operator.py for tasks to queue
[2022-09-19T18:51:19.212+0000] {logging_mixin.py:117} INFO - [2022-09-19T18:51:19.212+0000] {dagbag.py:525} INFO - Filling up the DagBag from /home/airflow/.local/lib/python3.7/site-packages/airflow/example_dags/example_branch_day_of_week_operator.py
[2022-09-19T18:51:19.227+0000] {processor.py:768} INFO - DAG(s) dict_keys(['example_weekday_branch_operator']) retrieved from /home/airflow/.local/lib/python3.7/site-packages/airflow/example_dags/example_branch_day_of_week_operator.py
[2022-09-19T18:51:19.264+0000] {logging_mixin.py:117} INFO - [2022-09-19T18:51:19.264+0000] {dag.py:2573} INFO - Sync 1 DAGs
[2022-09-19T18:51:19.290+0000] {logging_mixin.py:117} INFO - [2022-09-19T18:51:19.290+0000] {dag.py:3328} INFO - Setting next_dagrun for example_weekday_branch_operator to 2022-09-18T00:00:00+00:00, run_after=2022-09-19T00:00:00+00:00
[2022-09-19T18:51:19.316+0000] {processor.py:178} INFO - Processing /home/airflow/.local/lib/python3.7/site-packages/airflow/example_dags/example_branch_day_of_week_operator.py took 0.107 seconds
[2022-09-19T18:51:49.553+0000] {processor.py:156} INFO - Started process (PID=954) to work on /home/airflow/.local/lib/python3.7/site-packages/airflow/example_dags/example_branch_day_of_week_operator.py
[2022-09-19T18:51:49.553+0000] {processor.py:758} INFO - Processing file /home/airflow/.local/lib/python3.7/site-packages/airflow/example_dags/example_branch_day_of_week_operator.py for tasks to queue
[2022-09-19T18:51:49.554+0000] {logging_mixin.py:117} INFO - [2022-09-19T18:51:49.554+0000] {dagbag.py:525} INFO - Filling up the DagBag from /home/airflow/.local/lib/python3.7/site-packages/airflow/example_dags/example_branch_day_of_week_operator.py
[2022-09-19T18:51:49.570+0000] {processor.py:768} INFO - DAG(s) dict_keys(['example_weekday_branch_operator']) retrieved from /home/airflow/.local/lib/python3.7/site-packages/airflow/example_dags/example_branch_day_of_week_operator.py
[2022-09-19T18:51:49.609+0000] {logging_mixin.py:117} INFO - [2022-09-19T18:51:49.609+0000] {dag.py:2573} INFO - Sync 1 DAGs
[2022-09-19T18:51:49.638+0000] {logging_mixin.py:117} INFO - [2022-09-19T18:51:49.638+0000] {dag.py:3328} INFO - Setting next_dagrun for example_weekday_branch_operator to 2022-09-18T00:00:00+00:00, run_after=2022-09-19T00:00:00+00:00
[2022-09-19T18:51:49.661+0000] {processor.py:178} INFO - Processing /home/airflow/.local/lib/python3.7/site-packages/airflow/example_dags/example_branch_day_of_week_operator.py took 0.111 seconds
[2022-09-19T18:52:19.810+0000] {processor.py:156} INFO - Started process (PID=1017) to work on /home/airflow/.local/lib/python3.7/site-packages/airflow/example_dags/example_branch_day_of_week_operator.py
[2022-09-19T18:52:19.811+0000] {processor.py:758} INFO - Processing file /home/airflow/.local/lib/python3.7/site-packages/airflow/example_dags/example_branch_day_of_week_operator.py for tasks to queue
[2022-09-19T18:52:19.811+0000] {logging_mixin.py:117} INFO - [2022-09-19T18:52:19.811+0000] {dagbag.py:525} INFO - Filling up the DagBag from /home/airflow/.local/lib/python3.7/site-packages/airflow/example_dags/example_branch_day_of_week_operator.py
[2022-09-19T18:52:19.827+0000] {processor.py:768} INFO - DAG(s) dict_keys(['example_weekday_branch_operator']) retrieved from /home/airflow/.local/lib/python3.7/site-packages/airflow/example_dags/example_branch_day_of_week_operator.py
[2022-09-19T18:52:19.863+0000] {logging_mixin.py:117} INFO - [2022-09-19T18:52:19.863+0000] {dag.py:2573} INFO - Sync 1 DAGs
[2022-09-19T18:52:19.892+0000] {logging_mixin.py:117} INFO - [2022-09-19T18:52:19.892+0000] {dag.py:3328} INFO - Setting next_dagrun for example_weekday_branch_operator to 2022-09-18T00:00:00+00:00, run_after=2022-09-19T00:00:00+00:00
[2022-09-19T18:52:19.916+0000] {processor.py:178} INFO - Processing /home/airflow/.local/lib/python3.7/site-packages/airflow/example_dags/example_branch_day_of_week_operator.py took 0.108 seconds
[2022-09-19T18:52:50.321+0000] {processor.py:156} INFO - Started process (PID=1078) to work on /home/airflow/.local/lib/python3.7/site-packages/airflow/example_dags/example_branch_day_of_week_operator.py
[2022-09-19T18:52:50.322+0000] {processor.py:758} INFO - Processing file /home/airflow/.local/lib/python3.7/site-packages/airflow/example_dags/example_branch_day_of_week_operator.py for tasks to queue
[2022-09-19T18:52:50.323+0000] {logging_mixin.py:117} INFO - [2022-09-19T18:52:50.323+0000] {dagbag.py:525} INFO - Filling up the DagBag from /home/airflow/.local/lib/python3.7/site-packages/airflow/example_dags/example_branch_day_of_week_operator.py
[2022-09-19T18:52:50.342+0000] {processor.py:768} INFO - DAG(s) dict_keys(['example_weekday_branch_operator']) retrieved from /home/airflow/.local/lib/python3.7/site-packages/airflow/example_dags/example_branch_day_of_week_operator.py
[2022-09-19T18:52:50.391+0000] {logging_mixin.py:117} INFO - [2022-09-19T18:52:50.390+0000] {dag.py:2573} INFO - Sync 1 DAGs
[2022-09-19T18:52:50.425+0000] {logging_mixin.py:117} INFO - [2022-09-19T18:52:50.425+0000] {dag.py:3328} INFO - Setting next_dagrun for example_weekday_branch_operator to 2022-09-18T00:00:00+00:00, run_after=2022-09-19T00:00:00+00:00
[2022-09-19T18:52:50.454+0000] {processor.py:178} INFO - Processing /home/airflow/.local/lib/python3.7/site-packages/airflow/example_dags/example_branch_day_of_week_operator.py took 0.135 seconds
[2022-09-19T18:53:21.246+0000] {processor.py:156} INFO - Started process (PID=1132) to work on /home/airflow/.local/lib/python3.7/site-packages/airflow/example_dags/example_branch_day_of_week_operator.py
[2022-09-19T18:53:21.247+0000] {processor.py:758} INFO - Processing file /home/airflow/.local/lib/python3.7/site-packages/airflow/example_dags/example_branch_day_of_week_operator.py for tasks to queue
[2022-09-19T18:53:21.248+0000] {logging_mixin.py:117} INFO - [2022-09-19T18:53:21.247+0000] {dagbag.py:525} INFO - Filling up the DagBag from /home/airflow/.local/lib/python3.7/site-packages/airflow/example_dags/example_branch_day_of_week_operator.py
[2022-09-19T18:53:21.265+0000] {processor.py:768} INFO - DAG(s) dict_keys(['example_weekday_branch_operator']) retrieved from /home/airflow/.local/lib/python3.7/site-packages/airflow/example_dags/example_branch_day_of_week_operator.py
[2022-09-19T18:53:21.305+0000] {logging_mixin.py:117} INFO - [2022-09-19T18:53:21.305+0000] {dag.py:2573} INFO - Sync 1 DAGs
[2022-09-19T18:53:21.333+0000] {logging_mixin.py:117} INFO - [2022-09-19T18:53:21.333+0000] {dag.py:3328} INFO - Setting next_dagrun for example_weekday_branch_operator to 2022-09-18T00:00:00+00:00, run_after=2022-09-19T00:00:00+00:00
[2022-09-19T18:53:21.352+0000] {processor.py:178} INFO - Processing /home/airflow/.local/lib/python3.7/site-packages/airflow/example_dags/example_branch_day_of_week_operator.py took 0.108 seconds
[2022-09-19T18:53:52.184+0000] {processor.py:156} INFO - Started process (PID=1193) to work on /home/airflow/.local/lib/python3.7/site-packages/airflow/example_dags/example_branch_day_of_week_operator.py
[2022-09-19T18:53:52.185+0000] {processor.py:758} INFO - Processing file /home/airflow/.local/lib/python3.7/site-packages/airflow/example_dags/example_branch_day_of_week_operator.py for tasks to queue
[2022-09-19T18:53:52.185+0000] {logging_mixin.py:117} INFO - [2022-09-19T18:53:52.185+0000] {dagbag.py:525} INFO - Filling up the DagBag from /home/airflow/.local/lib/python3.7/site-packages/airflow/example_dags/example_branch_day_of_week_operator.py
[2022-09-19T18:53:52.204+0000] {processor.py:768} INFO - DAG(s) dict_keys(['example_weekday_branch_operator']) retrieved from /home/airflow/.local/lib/python3.7/site-packages/airflow/example_dags/example_branch_day_of_week_operator.py
[2022-09-19T18:53:52.245+0000] {logging_mixin.py:117} INFO - [2022-09-19T18:53:52.245+0000] {dag.py:2573} INFO - Sync 1 DAGs
[2022-09-19T18:53:52.279+0000] {logging_mixin.py:117} INFO - [2022-09-19T18:53:52.279+0000] {dag.py:3328} INFO - Setting next_dagrun for example_weekday_branch_operator to 2022-09-18T00:00:00+00:00, run_after=2022-09-19T00:00:00+00:00
[2022-09-19T18:53:52.303+0000] {processor.py:178} INFO - Processing /home/airflow/.local/lib/python3.7/site-packages/airflow/example_dags/example_branch_day_of_week_operator.py took 0.122 seconds
[2022-09-19T18:54:22.343+0000] {processor.py:156} INFO - Started process (PID=1247) to work on /home/airflow/.local/lib/python3.7/site-packages/airflow/example_dags/example_branch_day_of_week_operator.py
[2022-09-19T18:54:22.344+0000] {processor.py:758} INFO - Processing file /home/airflow/.local/lib/python3.7/site-packages/airflow/example_dags/example_branch_day_of_week_operator.py for tasks to queue
[2022-09-19T18:54:22.344+0000] {logging_mixin.py:117} INFO - [2022-09-19T18:54:22.344+0000] {dagbag.py:525} INFO - Filling up the DagBag from /home/airflow/.local/lib/python3.7/site-packages/airflow/example_dags/example_branch_day_of_week_operator.py
[2022-09-19T18:54:22.357+0000] {processor.py:768} INFO - DAG(s) dict_keys(['example_weekday_branch_operator']) retrieved from /home/airflow/.local/lib/python3.7/site-packages/airflow/example_dags/example_branch_day_of_week_operator.py
[2022-09-19T18:54:22.395+0000] {logging_mixin.py:117} INFO - [2022-09-19T18:54:22.395+0000] {dag.py:2573} INFO - Sync 1 DAGs
[2022-09-19T18:54:22.420+0000] {logging_mixin.py:117} INFO - [2022-09-19T18:54:22.420+0000] {dag.py:3328} INFO - Setting next_dagrun for example_weekday_branch_operator to 2022-09-18T00:00:00+00:00, run_after=2022-09-19T00:00:00+00:00
[2022-09-19T18:54:22.437+0000] {processor.py:178} INFO - Processing /home/airflow/.local/lib/python3.7/site-packages/airflow/example_dags/example_branch_day_of_week_operator.py took 0.096 seconds
[2022-09-19T18:54:52.549+0000] {processor.py:156} INFO - Started process (PID=1310) to work on /home/airflow/.local/lib/python3.7/site-packages/airflow/example_dags/example_branch_day_of_week_operator.py
[2022-09-19T18:54:52.549+0000] {processor.py:758} INFO - Processing file /home/airflow/.local/lib/python3.7/site-packages/airflow/example_dags/example_branch_day_of_week_operator.py for tasks to queue
[2022-09-19T18:54:52.550+0000] {logging_mixin.py:117} INFO - [2022-09-19T18:54:52.549+0000] {dagbag.py:525} INFO - Filling up the DagBag from /home/airflow/.local/lib/python3.7/site-packages/airflow/example_dags/example_branch_day_of_week_operator.py
[2022-09-19T18:54:52.564+0000] {processor.py:768} INFO - DAG(s) dict_keys(['example_weekday_branch_operator']) retrieved from /home/airflow/.local/lib/python3.7/site-packages/airflow/example_dags/example_branch_day_of_week_operator.py
[2022-09-19T18:54:52.599+0000] {logging_mixin.py:117} INFO - [2022-09-19T18:54:52.599+0000] {dag.py:2573} INFO - Sync 1 DAGs
[2022-09-19T18:54:52.624+0000] {logging_mixin.py:117} INFO - [2022-09-19T18:54:52.624+0000] {dag.py:3328} INFO - Setting next_dagrun for example_weekday_branch_operator to 2022-09-18T00:00:00+00:00, run_after=2022-09-19T00:00:00+00:00
[2022-09-19T18:54:52.643+0000] {processor.py:178} INFO - Processing /home/airflow/.local/lib/python3.7/site-packages/airflow/example_dags/example_branch_day_of_week_operator.py took 0.096 seconds
[2022-09-19T18:55:22.686+0000] {processor.py:156} INFO - Started process (PID=1372) to work on /home/airflow/.local/lib/python3.7/site-packages/airflow/example_dags/example_branch_day_of_week_operator.py
[2022-09-19T18:55:22.687+0000] {processor.py:758} INFO - Processing file /home/airflow/.local/lib/python3.7/site-packages/airflow/example_dags/example_branch_day_of_week_operator.py for tasks to queue
[2022-09-19T18:55:22.687+0000] {logging_mixin.py:117} INFO - [2022-09-19T18:55:22.687+0000] {dagbag.py:525} INFO - Filling up the DagBag from /home/airflow/.local/lib/python3.7/site-packages/airflow/example_dags/example_branch_day_of_week_operator.py
[2022-09-19T18:55:22.703+0000] {processor.py:768} INFO - DAG(s) dict_keys(['example_weekday_branch_operator']) retrieved from /home/airflow/.local/lib/python3.7/site-packages/airflow/example_dags/example_branch_day_of_week_operator.py
[2022-09-19T18:55:22.739+0000] {logging_mixin.py:117} INFO - [2022-09-19T18:55:22.738+0000] {dag.py:2573} INFO - Sync 1 DAGs
[2022-09-19T18:55:22.765+0000] {logging_mixin.py:117} INFO - [2022-09-19T18:55:22.765+0000] {dag.py:3328} INFO - Setting next_dagrun for example_weekday_branch_operator to 2022-09-18T00:00:00+00:00, run_after=2022-09-19T00:00:00+00:00
[2022-09-19T18:55:22.786+0000] {processor.py:178} INFO - Processing /home/airflow/.local/lib/python3.7/site-packages/airflow/example_dags/example_branch_day_of_week_operator.py took 0.103 seconds
[2022-09-19T18:55:52.886+0000] {processor.py:156} INFO - Started process (PID=1426) to work on /home/airflow/.local/lib/python3.7/site-packages/airflow/example_dags/example_branch_day_of_week_operator.py
[2022-09-19T18:55:52.886+0000] {processor.py:758} INFO - Processing file /home/airflow/.local/lib/python3.7/site-packages/airflow/example_dags/example_branch_day_of_week_operator.py for tasks to queue
[2022-09-19T18:55:52.887+0000] {logging_mixin.py:117} INFO - [2022-09-19T18:55:52.887+0000] {dagbag.py:525} INFO - Filling up the DagBag from /home/airflow/.local/lib/python3.7/site-packages/airflow/example_dags/example_branch_day_of_week_operator.py
[2022-09-19T18:55:52.901+0000] {processor.py:768} INFO - DAG(s) dict_keys(['example_weekday_branch_operator']) retrieved from /home/airflow/.local/lib/python3.7/site-packages/airflow/example_dags/example_branch_day_of_week_operator.py
[2022-09-19T18:55:52.936+0000] {logging_mixin.py:117} INFO - [2022-09-19T18:55:52.936+0000] {dag.py:2573} INFO - Sync 1 DAGs
[2022-09-19T18:55:52.964+0000] {logging_mixin.py:117} INFO - [2022-09-19T18:55:52.964+0000] {dag.py:3328} INFO - Setting next_dagrun for example_weekday_branch_operator to 2022-09-18T00:00:00+00:00, run_after=2022-09-19T00:00:00+00:00
[2022-09-19T18:55:52.982+0000] {processor.py:178} INFO - Processing /home/airflow/.local/lib/python3.7/site-packages/airflow/example_dags/example_branch_day_of_week_operator.py took 0.099 seconds
[2022-09-19T18:56:23.048+0000] {processor.py:156} INFO - Started process (PID=1488) to work on /home/airflow/.local/lib/python3.7/site-packages/airflow/example_dags/example_branch_day_of_week_operator.py
[2022-09-19T18:56:23.048+0000] {processor.py:758} INFO - Processing file /home/airflow/.local/lib/python3.7/site-packages/airflow/example_dags/example_branch_day_of_week_operator.py for tasks to queue
[2022-09-19T18:56:23.049+0000] {logging_mixin.py:117} INFO - [2022-09-19T18:56:23.049+0000] {dagbag.py:525} INFO - Filling up the DagBag from /home/airflow/.local/lib/python3.7/site-packages/airflow/example_dags/example_branch_day_of_week_operator.py
[2022-09-19T18:56:23.061+0000] {processor.py:768} INFO - DAG(s) dict_keys(['example_weekday_branch_operator']) retrieved from /home/airflow/.local/lib/python3.7/site-packages/airflow/example_dags/example_branch_day_of_week_operator.py
[2022-09-19T18:56:23.093+0000] {logging_mixin.py:117} INFO - [2022-09-19T18:56:23.092+0000] {dag.py:2573} INFO - Sync 1 DAGs
[2022-09-19T18:56:23.116+0000] {logging_mixin.py:117} INFO - [2022-09-19T18:56:23.116+0000] {dag.py:3328} INFO - Setting next_dagrun for example_weekday_branch_operator to 2022-09-18T00:00:00+00:00, run_after=2022-09-19T00:00:00+00:00
[2022-09-19T18:56:23.133+0000] {processor.py:178} INFO - Processing /home/airflow/.local/lib/python3.7/site-packages/airflow/example_dags/example_branch_day_of_week_operator.py took 0.087 seconds
[2022-09-19T18:56:53.732+0000] {processor.py:156} INFO - Started process (PID=1550) to work on /home/airflow/.local/lib/python3.7/site-packages/airflow/example_dags/example_branch_day_of_week_operator.py
[2022-09-19T18:56:53.733+0000] {processor.py:758} INFO - Processing file /home/airflow/.local/lib/python3.7/site-packages/airflow/example_dags/example_branch_day_of_week_operator.py for tasks to queue
[2022-09-19T18:56:53.734+0000] {logging_mixin.py:117} INFO - [2022-09-19T18:56:53.733+0000] {dagbag.py:525} INFO - Filling up the DagBag from /home/airflow/.local/lib/python3.7/site-packages/airflow/example_dags/example_branch_day_of_week_operator.py
[2022-09-19T18:56:53.759+0000] {processor.py:768} INFO - DAG(s) dict_keys(['example_weekday_branch_operator']) retrieved from /home/airflow/.local/lib/python3.7/site-packages/airflow/example_dags/example_branch_day_of_week_operator.py
[2022-09-19T18:56:53.809+0000] {logging_mixin.py:117} INFO - [2022-09-19T18:56:53.809+0000] {dag.py:2573} INFO - Sync 1 DAGs
[2022-09-19T18:56:53.844+0000] {logging_mixin.py:117} INFO - [2022-09-19T18:56:53.844+0000] {dag.py:3328} INFO - Setting next_dagrun for example_weekday_branch_operator to 2022-09-18T00:00:00+00:00, run_after=2022-09-19T00:00:00+00:00
[2022-09-19T18:56:53.873+0000] {processor.py:178} INFO - Processing /home/airflow/.local/lib/python3.7/site-packages/airflow/example_dags/example_branch_day_of_week_operator.py took 0.146 seconds
[2022-09-19T18:57:24.677+0000] {processor.py:156} INFO - Started process (PID=1604) to work on /home/airflow/.local/lib/python3.7/site-packages/airflow/example_dags/example_branch_day_of_week_operator.py
[2022-09-19T18:57:24.678+0000] {processor.py:758} INFO - Processing file /home/airflow/.local/lib/python3.7/site-packages/airflow/example_dags/example_branch_day_of_week_operator.py for tasks to queue
[2022-09-19T18:57:24.678+0000] {logging_mixin.py:117} INFO - [2022-09-19T18:57:24.678+0000] {dagbag.py:525} INFO - Filling up the DagBag from /home/airflow/.local/lib/python3.7/site-packages/airflow/example_dags/example_branch_day_of_week_operator.py
[2022-09-19T18:57:24.693+0000] {processor.py:768} INFO - DAG(s) dict_keys(['example_weekday_branch_operator']) retrieved from /home/airflow/.local/lib/python3.7/site-packages/airflow/example_dags/example_branch_day_of_week_operator.py
[2022-09-19T18:57:24.732+0000] {logging_mixin.py:117} INFO - [2022-09-19T18:57:24.732+0000] {dag.py:2573} INFO - Sync 1 DAGs
[2022-09-19T18:57:24.760+0000] {logging_mixin.py:117} INFO - [2022-09-19T18:57:24.760+0000] {dag.py:3328} INFO - Setting next_dagrun for example_weekday_branch_operator to 2022-09-18T00:00:00+00:00, run_after=2022-09-19T00:00:00+00:00
[2022-09-19T18:57:24.783+0000] {processor.py:178} INFO - Processing /home/airflow/.local/lib/python3.7/site-packages/airflow/example_dags/example_branch_day_of_week_operator.py took 0.108 seconds
[2022-09-19T18:57:54.890+0000] {processor.py:156} INFO - Started process (PID=1666) to work on /home/airflow/.local/lib/python3.7/site-packages/airflow/example_dags/example_branch_day_of_week_operator.py
[2022-09-19T18:57:54.891+0000] {processor.py:758} INFO - Processing file /home/airflow/.local/lib/python3.7/site-packages/airflow/example_dags/example_branch_day_of_week_operator.py for tasks to queue
[2022-09-19T18:57:54.891+0000] {logging_mixin.py:117} INFO - [2022-09-19T18:57:54.891+0000] {dagbag.py:525} INFO - Filling up the DagBag from /home/airflow/.local/lib/python3.7/site-packages/airflow/example_dags/example_branch_day_of_week_operator.py
[2022-09-19T18:57:54.910+0000] {processor.py:768} INFO - DAG(s) dict_keys(['example_weekday_branch_operator']) retrieved from /home/airflow/.local/lib/python3.7/site-packages/airflow/example_dags/example_branch_day_of_week_operator.py
[2022-09-19T18:57:54.955+0000] {logging_mixin.py:117} INFO - [2022-09-19T18:57:54.954+0000] {dag.py:2573} INFO - Sync 1 DAGs
[2022-09-19T18:57:54.988+0000] {logging_mixin.py:117} INFO - [2022-09-19T18:57:54.988+0000] {dag.py:3328} INFO - Setting next_dagrun for example_weekday_branch_operator to 2022-09-18T00:00:00+00:00, run_after=2022-09-19T00:00:00+00:00
[2022-09-19T18:57:55.011+0000] {processor.py:178} INFO - Processing /home/airflow/.local/lib/python3.7/site-packages/airflow/example_dags/example_branch_day_of_week_operator.py took 0.124 seconds
[2022-09-19T18:58:25.087+0000] {processor.py:156} INFO - Started process (PID=1720) to work on /home/airflow/.local/lib/python3.7/site-packages/airflow/example_dags/example_branch_day_of_week_operator.py
[2022-09-19T18:58:25.088+0000] {processor.py:758} INFO - Processing file /home/airflow/.local/lib/python3.7/site-packages/airflow/example_dags/example_branch_day_of_week_operator.py for tasks to queue
[2022-09-19T18:58:25.089+0000] {logging_mixin.py:117} INFO - [2022-09-19T18:58:25.089+0000] {dagbag.py:525} INFO - Filling up the DagBag from /home/airflow/.local/lib/python3.7/site-packages/airflow/example_dags/example_branch_day_of_week_operator.py
[2022-09-19T18:58:25.107+0000] {processor.py:768} INFO - DAG(s) dict_keys(['example_weekday_branch_operator']) retrieved from /home/airflow/.local/lib/python3.7/site-packages/airflow/example_dags/example_branch_day_of_week_operator.py
[2022-09-19T18:58:25.162+0000] {logging_mixin.py:117} INFO - [2022-09-19T18:58:25.162+0000] {dag.py:2573} INFO - Sync 1 DAGs
[2022-09-19T18:58:25.208+0000] {logging_mixin.py:117} INFO - [2022-09-19T18:58:25.208+0000] {dag.py:3328} INFO - Setting next_dagrun for example_weekday_branch_operator to 2022-09-18T00:00:00+00:00, run_after=2022-09-19T00:00:00+00:00
[2022-09-19T18:58:25.246+0000] {processor.py:178} INFO - Processing /home/airflow/.local/lib/python3.7/site-packages/airflow/example_dags/example_branch_day_of_week_operator.py took 0.161 seconds
[2022-09-19T18:58:55.402+0000] {processor.py:156} INFO - Started process (PID=1783) to work on /home/airflow/.local/lib/python3.7/site-packages/airflow/example_dags/example_branch_day_of_week_operator.py
[2022-09-19T18:58:55.402+0000] {processor.py:758} INFO - Processing file /home/airflow/.local/lib/python3.7/site-packages/airflow/example_dags/example_branch_day_of_week_operator.py for tasks to queue
[2022-09-19T18:58:55.403+0000] {logging_mixin.py:117} INFO - [2022-09-19T18:58:55.403+0000] {dagbag.py:525} INFO - Filling up the DagBag from /home/airflow/.local/lib/python3.7/site-packages/airflow/example_dags/example_branch_day_of_week_operator.py
[2022-09-19T18:58:55.416+0000] {processor.py:768} INFO - DAG(s) dict_keys(['example_weekday_branch_operator']) retrieved from /home/airflow/.local/lib/python3.7/site-packages/airflow/example_dags/example_branch_day_of_week_operator.py
[2022-09-19T18:58:55.451+0000] {logging_mixin.py:117} INFO - [2022-09-19T18:58:55.451+0000] {dag.py:2573} INFO - Sync 1 DAGs
[2022-09-19T18:58:55.475+0000] {logging_mixin.py:117} INFO - [2022-09-19T18:58:55.475+0000] {dag.py:3328} INFO - Setting next_dagrun for example_weekday_branch_operator to 2022-09-18T00:00:00+00:00, run_after=2022-09-19T00:00:00+00:00
[2022-09-19T18:58:55.495+0000] {processor.py:178} INFO - Processing /home/airflow/.local/lib/python3.7/site-packages/airflow/example_dags/example_branch_day_of_week_operator.py took 0.095 seconds
[2022-09-19T18:59:25.923+0000] {processor.py:156} INFO - Started process (PID=1846) to work on /home/airflow/.local/lib/python3.7/site-packages/airflow/example_dags/example_branch_day_of_week_operator.py
[2022-09-19T18:59:25.924+0000] {processor.py:758} INFO - Processing file /home/airflow/.local/lib/python3.7/site-packages/airflow/example_dags/example_branch_day_of_week_operator.py for tasks to queue
[2022-09-19T18:59:25.924+0000] {logging_mixin.py:117} INFO - [2022-09-19T18:59:25.924+0000] {dagbag.py:525} INFO - Filling up the DagBag from /home/airflow/.local/lib/python3.7/site-packages/airflow/example_dags/example_branch_day_of_week_operator.py
[2022-09-19T18:59:25.938+0000] {processor.py:768} INFO - DAG(s) dict_keys(['example_weekday_branch_operator']) retrieved from /home/airflow/.local/lib/python3.7/site-packages/airflow/example_dags/example_branch_day_of_week_operator.py
[2022-09-19T18:59:25.975+0000] {logging_mixin.py:117} INFO - [2022-09-19T18:59:25.975+0000] {dag.py:2573} INFO - Sync 1 DAGs
[2022-09-19T18:59:26.002+0000] {logging_mixin.py:117} INFO - [2022-09-19T18:59:26.001+0000] {dag.py:3328} INFO - Setting next_dagrun for example_weekday_branch_operator to 2022-09-18T00:00:00+00:00, run_after=2022-09-19T00:00:00+00:00
[2022-09-19T18:59:26.023+0000] {processor.py:178} INFO - Processing /home/airflow/.local/lib/python3.7/site-packages/airflow/example_dags/example_branch_day_of_week_operator.py took 0.102 seconds
[2022-09-19T18:59:56.684+0000] {processor.py:156} INFO - Started process (PID=1899) to work on /home/airflow/.local/lib/python3.7/site-packages/airflow/example_dags/example_branch_day_of_week_operator.py
[2022-09-19T18:59:56.685+0000] {processor.py:758} INFO - Processing file /home/airflow/.local/lib/python3.7/site-packages/airflow/example_dags/example_branch_day_of_week_operator.py for tasks to queue
[2022-09-19T18:59:56.686+0000] {logging_mixin.py:117} INFO - [2022-09-19T18:59:56.685+0000] {dagbag.py:525} INFO - Filling up the DagBag from /home/airflow/.local/lib/python3.7/site-packages/airflow/example_dags/example_branch_day_of_week_operator.py
[2022-09-19T18:59:56.707+0000] {processor.py:768} INFO - DAG(s) dict_keys(['example_weekday_branch_operator']) retrieved from /home/airflow/.local/lib/python3.7/site-packages/airflow/example_dags/example_branch_day_of_week_operator.py
[2022-09-19T18:59:56.746+0000] {logging_mixin.py:117} INFO - [2022-09-19T18:59:56.746+0000] {dag.py:2573} INFO - Sync 1 DAGs
[2022-09-19T18:59:56.775+0000] {logging_mixin.py:117} INFO - [2022-09-19T18:59:56.774+0000] {dag.py:3328} INFO - Setting next_dagrun for example_weekday_branch_operator to 2022-09-18T00:00:00+00:00, run_after=2022-09-19T00:00:00+00:00
[2022-09-19T18:59:56.797+0000] {processor.py:178} INFO - Processing /home/airflow/.local/lib/python3.7/site-packages/airflow/example_dags/example_branch_day_of_week_operator.py took 0.117 seconds
[2022-09-19T19:00:27.100+0000] {processor.py:156} INFO - Started process (PID=1962) to work on /home/airflow/.local/lib/python3.7/site-packages/airflow/example_dags/example_branch_day_of_week_operator.py
[2022-09-19T19:00:27.101+0000] {processor.py:758} INFO - Processing file /home/airflow/.local/lib/python3.7/site-packages/airflow/example_dags/example_branch_day_of_week_operator.py for tasks to queue
[2022-09-19T19:00:27.101+0000] {logging_mixin.py:117} INFO - [2022-09-19T19:00:27.101+0000] {dagbag.py:525} INFO - Filling up the DagBag from /home/airflow/.local/lib/python3.7/site-packages/airflow/example_dags/example_branch_day_of_week_operator.py
[2022-09-19T19:00:27.119+0000] {processor.py:768} INFO - DAG(s) dict_keys(['example_weekday_branch_operator']) retrieved from /home/airflow/.local/lib/python3.7/site-packages/airflow/example_dags/example_branch_day_of_week_operator.py
[2022-09-19T19:00:27.171+0000] {logging_mixin.py:117} INFO - [2022-09-19T19:00:27.171+0000] {dag.py:2573} INFO - Sync 1 DAGs
[2022-09-19T19:00:27.212+0000] {logging_mixin.py:117} INFO - [2022-09-19T19:00:27.212+0000] {dag.py:3328} INFO - Setting next_dagrun for example_weekday_branch_operator to 2022-09-18T00:00:00+00:00, run_after=2022-09-19T00:00:00+00:00
[2022-09-19T19:00:27.246+0000] {processor.py:178} INFO - Processing /home/airflow/.local/lib/python3.7/site-packages/airflow/example_dags/example_branch_day_of_week_operator.py took 0.149 seconds
[2022-09-19T19:00:58.155+0000] {processor.py:156} INFO - Started process (PID=2024) to work on /home/airflow/.local/lib/python3.7/site-packages/airflow/example_dags/example_branch_day_of_week_operator.py
[2022-09-19T19:00:58.163+0000] {processor.py:758} INFO - Processing file /home/airflow/.local/lib/python3.7/site-packages/airflow/example_dags/example_branch_day_of_week_operator.py for tasks to queue
[2022-09-19T19:00:58.163+0000] {logging_mixin.py:117} INFO - [2022-09-19T19:00:58.163+0000] {dagbag.py:525} INFO - Filling up the DagBag from /home/airflow/.local/lib/python3.7/site-packages/airflow/example_dags/example_branch_day_of_week_operator.py
[2022-09-19T19:00:58.177+0000] {processor.py:768} INFO - DAG(s) dict_keys(['example_weekday_branch_operator']) retrieved from /home/airflow/.local/lib/python3.7/site-packages/airflow/example_dags/example_branch_day_of_week_operator.py
[2022-09-19T19:00:58.213+0000] {logging_mixin.py:117} INFO - [2022-09-19T19:00:58.213+0000] {dag.py:2573} INFO - Sync 1 DAGs
[2022-09-19T19:00:58.236+0000] {logging_mixin.py:117} INFO - [2022-09-19T19:00:58.236+0000] {dag.py:3328} INFO - Setting next_dagrun for example_weekday_branch_operator to 2022-09-18T00:00:00+00:00, run_after=2022-09-19T00:00:00+00:00
[2022-09-19T19:00:58.256+0000] {processor.py:178} INFO - Processing /home/airflow/.local/lib/python3.7/site-packages/airflow/example_dags/example_branch_day_of_week_operator.py took 0.103 seconds
[2022-09-19T19:01:28.714+0000] {processor.py:156} INFO - Started process (PID=2078) to work on /home/airflow/.local/lib/python3.7/site-packages/airflow/example_dags/example_branch_day_of_week_operator.py
[2022-09-19T19:01:28.715+0000] {processor.py:758} INFO - Processing file /home/airflow/.local/lib/python3.7/site-packages/airflow/example_dags/example_branch_day_of_week_operator.py for tasks to queue
[2022-09-19T19:01:28.715+0000] {logging_mixin.py:117} INFO - [2022-09-19T19:01:28.715+0000] {dagbag.py:525} INFO - Filling up the DagBag from /home/airflow/.local/lib/python3.7/site-packages/airflow/example_dags/example_branch_day_of_week_operator.py
[2022-09-19T19:01:28.729+0000] {processor.py:768} INFO - DAG(s) dict_keys(['example_weekday_branch_operator']) retrieved from /home/airflow/.local/lib/python3.7/site-packages/airflow/example_dags/example_branch_day_of_week_operator.py
[2022-09-19T19:01:28.764+0000] {logging_mixin.py:117} INFO - [2022-09-19T19:01:28.764+0000] {dag.py:2573} INFO - Sync 1 DAGs
[2022-09-19T19:01:28.788+0000] {logging_mixin.py:117} INFO - [2022-09-19T19:01:28.788+0000] {dag.py:3328} INFO - Setting next_dagrun for example_weekday_branch_operator to 2022-09-18T00:00:00+00:00, run_after=2022-09-19T00:00:00+00:00
[2022-09-19T19:01:28.808+0000] {processor.py:178} INFO - Processing /home/airflow/.local/lib/python3.7/site-packages/airflow/example_dags/example_branch_day_of_week_operator.py took 0.096 seconds
[2022-09-19T19:01:59.187+0000] {processor.py:156} INFO - Started process (PID=2139) to work on /home/airflow/.local/lib/python3.7/site-packages/airflow/example_dags/example_branch_day_of_week_operator.py
[2022-09-19T19:01:59.188+0000] {processor.py:758} INFO - Processing file /home/airflow/.local/lib/python3.7/site-packages/airflow/example_dags/example_branch_day_of_week_operator.py for tasks to queue
[2022-09-19T19:01:59.189+0000] {logging_mixin.py:117} INFO - [2022-09-19T19:01:59.189+0000] {dagbag.py:525} INFO - Filling up the DagBag from /home/airflow/.local/lib/python3.7/site-packages/airflow/example_dags/example_branch_day_of_week_operator.py
[2022-09-19T19:01:59.204+0000] {processor.py:768} INFO - DAG(s) dict_keys(['example_weekday_branch_operator']) retrieved from /home/airflow/.local/lib/python3.7/site-packages/airflow/example_dags/example_branch_day_of_week_operator.py
[2022-09-19T19:01:59.240+0000] {logging_mixin.py:117} INFO - [2022-09-19T19:01:59.240+0000] {dag.py:2573} INFO - Sync 1 DAGs
[2022-09-19T19:01:59.268+0000] {logging_mixin.py:117} INFO - [2022-09-19T19:01:59.268+0000] {dag.py:3328} INFO - Setting next_dagrun for example_weekday_branch_operator to 2022-09-18T00:00:00+00:00, run_after=2022-09-19T00:00:00+00:00
[2022-09-19T19:01:59.290+0000] {processor.py:178} INFO - Processing /home/airflow/.local/lib/python3.7/site-packages/airflow/example_dags/example_branch_day_of_week_operator.py took 0.106 seconds
[2022-09-19T19:02:29.826+0000] {processor.py:156} INFO - Started process (PID=2202) to work on /home/airflow/.local/lib/python3.7/site-packages/airflow/example_dags/example_branch_day_of_week_operator.py
[2022-09-19T19:02:29.827+0000] {processor.py:758} INFO - Processing file /home/airflow/.local/lib/python3.7/site-packages/airflow/example_dags/example_branch_day_of_week_operator.py for tasks to queue
[2022-09-19T19:02:29.828+0000] {logging_mixin.py:117} INFO - [2022-09-19T19:02:29.828+0000] {dagbag.py:525} INFO - Filling up the DagBag from /home/airflow/.local/lib/python3.7/site-packages/airflow/example_dags/example_branch_day_of_week_operator.py
[2022-09-19T19:02:29.845+0000] {processor.py:768} INFO - DAG(s) dict_keys(['example_weekday_branch_operator']) retrieved from /home/airflow/.local/lib/python3.7/site-packages/airflow/example_dags/example_branch_day_of_week_operator.py
[2022-09-19T19:02:29.885+0000] {logging_mixin.py:117} INFO - [2022-09-19T19:02:29.884+0000] {dag.py:2573} INFO - Sync 1 DAGs
[2022-09-19T19:02:29.913+0000] {logging_mixin.py:117} INFO - [2022-09-19T19:02:29.913+0000] {dag.py:3328} INFO - Setting next_dagrun for example_weekday_branch_operator to 2022-09-18T00:00:00+00:00, run_after=2022-09-19T00:00:00+00:00
[2022-09-19T19:02:29.934+0000] {processor.py:178} INFO - Processing /home/airflow/.local/lib/python3.7/site-packages/airflow/example_dags/example_branch_day_of_week_operator.py took 0.112 seconds
[2022-09-19T19:03:00.054+0000] {processor.py:156} INFO - Started process (PID=2256) to work on /home/airflow/.local/lib/python3.7/site-packages/airflow/example_dags/example_branch_day_of_week_operator.py
[2022-09-19T19:03:00.055+0000] {processor.py:758} INFO - Processing file /home/airflow/.local/lib/python3.7/site-packages/airflow/example_dags/example_branch_day_of_week_operator.py for tasks to queue
[2022-09-19T19:03:00.056+0000] {logging_mixin.py:117} INFO - [2022-09-19T19:03:00.056+0000] {dagbag.py:525} INFO - Filling up the DagBag from /home/airflow/.local/lib/python3.7/site-packages/airflow/example_dags/example_branch_day_of_week_operator.py
[2022-09-19T19:03:00.069+0000] {processor.py:768} INFO - DAG(s) dict_keys(['example_weekday_branch_operator']) retrieved from /home/airflow/.local/lib/python3.7/site-packages/airflow/example_dags/example_branch_day_of_week_operator.py
[2022-09-19T19:03:00.104+0000] {logging_mixin.py:117} INFO - [2022-09-19T19:03:00.104+0000] {dag.py:2573} INFO - Sync 1 DAGs
[2022-09-19T19:03:00.127+0000] {logging_mixin.py:117} INFO - [2022-09-19T19:03:00.127+0000] {dag.py:3328} INFO - Setting next_dagrun for example_weekday_branch_operator to 2022-09-18T00:00:00+00:00, run_after=2022-09-19T00:00:00+00:00
[2022-09-19T19:03:00.145+0000] {processor.py:178} INFO - Processing /home/airflow/.local/lib/python3.7/site-packages/airflow/example_dags/example_branch_day_of_week_operator.py took 0.093 seconds
