[2022-09-19T18:44:09.148+0000] {processor.py:156} INFO - Started process (PID=57) to work on /home/airflow/.local/lib/python3.7/site-packages/airflow/example_dags/example_trigger_target_dag.py
[2022-09-19T18:44:09.148+0000] {processor.py:758} INFO - Processing file /home/airflow/.local/lib/python3.7/site-packages/airflow/example_dags/example_trigger_target_dag.py for tasks to queue
[2022-09-19T18:44:09.149+0000] {logging_mixin.py:117} INFO - [2022-09-19T18:44:09.149+0000] {dagbag.py:525} INFO - Filling up the DagBag from /home/airflow/.local/lib/python3.7/site-packages/airflow/example_dags/example_trigger_target_dag.py
[2022-09-19T18:44:09.175+0000] {processor.py:768} INFO - DAG(s) dict_keys(['example_trigger_target_dag']) retrieved from /home/airflow/.local/lib/python3.7/site-packages/airflow/example_dags/example_trigger_target_dag.py
[2022-09-19T18:44:09.203+0000] {logging_mixin.py:117} INFO - [2022-09-19T18:44:09.203+0000] {dag.py:2573} INFO - Sync 1 DAGs
[2022-09-19T18:44:09.242+0000] {logging_mixin.py:117} INFO - [2022-09-19T18:44:09.242+0000] {dag.py:3328} INFO - Setting next_dagrun for example_trigger_target_dag to None, run_after=None
[2022-09-19T18:44:09.274+0000] {processor.py:178} INFO - Processing /home/airflow/.local/lib/python3.7/site-packages/airflow/example_dags/example_trigger_target_dag.py took 0.129 seconds
[2022-09-19T18:44:40.339+0000] {processor.py:156} INFO - Started process (PID=110) to work on /home/airflow/.local/lib/python3.7/site-packages/airflow/example_dags/example_trigger_target_dag.py
[2022-09-19T18:44:40.340+0000] {processor.py:758} INFO - Processing file /home/airflow/.local/lib/python3.7/site-packages/airflow/example_dags/example_trigger_target_dag.py for tasks to queue
[2022-09-19T18:44:40.340+0000] {logging_mixin.py:117} INFO - [2022-09-19T18:44:40.340+0000] {dagbag.py:525} INFO - Filling up the DagBag from /home/airflow/.local/lib/python3.7/site-packages/airflow/example_dags/example_trigger_target_dag.py
[2022-09-19T18:44:40.360+0000] {processor.py:768} INFO - DAG(s) dict_keys(['example_trigger_target_dag']) retrieved from /home/airflow/.local/lib/python3.7/site-packages/airflow/example_dags/example_trigger_target_dag.py
[2022-09-19T18:44:40.397+0000] {logging_mixin.py:117} INFO - [2022-09-19T18:44:40.397+0000] {dag.py:2573} INFO - Sync 1 DAGs
[2022-09-19T18:44:40.422+0000] {logging_mixin.py:117} INFO - [2022-09-19T18:44:40.422+0000] {dag.py:3328} INFO - Setting next_dagrun for example_trigger_target_dag to None, run_after=None
[2022-09-19T18:44:40.446+0000] {processor.py:178} INFO - Processing /home/airflow/.local/lib/python3.7/site-packages/airflow/example_dags/example_trigger_target_dag.py took 0.109 seconds
[2022-09-19T18:45:10.973+0000] {processor.py:156} INFO - Started process (PID=175) to work on /home/airflow/.local/lib/python3.7/site-packages/airflow/example_dags/example_trigger_target_dag.py
[2022-09-19T18:45:10.973+0000] {processor.py:758} INFO - Processing file /home/airflow/.local/lib/python3.7/site-packages/airflow/example_dags/example_trigger_target_dag.py for tasks to queue
[2022-09-19T18:45:10.974+0000] {logging_mixin.py:117} INFO - [2022-09-19T18:45:10.974+0000] {dagbag.py:525} INFO - Filling up the DagBag from /home/airflow/.local/lib/python3.7/site-packages/airflow/example_dags/example_trigger_target_dag.py
[2022-09-19T18:45:11.000+0000] {processor.py:768} INFO - DAG(s) dict_keys(['example_trigger_target_dag']) retrieved from /home/airflow/.local/lib/python3.7/site-packages/airflow/example_dags/example_trigger_target_dag.py
[2022-09-19T18:45:11.049+0000] {logging_mixin.py:117} INFO - [2022-09-19T18:45:11.049+0000] {dag.py:2573} INFO - Sync 1 DAGs
[2022-09-19T18:45:11.079+0000] {logging_mixin.py:117} INFO - [2022-09-19T18:45:11.079+0000] {dag.py:3328} INFO - Setting next_dagrun for example_trigger_target_dag to None, run_after=None
[2022-09-19T18:45:11.105+0000] {processor.py:178} INFO - Processing /home/airflow/.local/lib/python3.7/site-packages/airflow/example_dags/example_trigger_target_dag.py took 0.135 seconds
[2022-09-19T18:45:41.541+0000] {processor.py:156} INFO - Started process (PID=238) to work on /home/airflow/.local/lib/python3.7/site-packages/airflow/example_dags/example_trigger_target_dag.py
[2022-09-19T18:45:41.542+0000] {processor.py:758} INFO - Processing file /home/airflow/.local/lib/python3.7/site-packages/airflow/example_dags/example_trigger_target_dag.py for tasks to queue
[2022-09-19T18:45:41.543+0000] {logging_mixin.py:117} INFO - [2022-09-19T18:45:41.542+0000] {dagbag.py:525} INFO - Filling up the DagBag from /home/airflow/.local/lib/python3.7/site-packages/airflow/example_dags/example_trigger_target_dag.py
[2022-09-19T18:45:41.569+0000] {processor.py:768} INFO - DAG(s) dict_keys(['example_trigger_target_dag']) retrieved from /home/airflow/.local/lib/python3.7/site-packages/airflow/example_dags/example_trigger_target_dag.py
[2022-09-19T18:45:41.622+0000] {logging_mixin.py:117} INFO - [2022-09-19T18:45:41.621+0000] {dag.py:2573} INFO - Sync 1 DAGs
[2022-09-19T18:45:41.670+0000] {logging_mixin.py:117} INFO - [2022-09-19T18:45:41.670+0000] {dag.py:3328} INFO - Setting next_dagrun for example_trigger_target_dag to None, run_after=None
[2022-09-19T18:45:41.696+0000] {processor.py:178} INFO - Processing /home/airflow/.local/lib/python3.7/site-packages/airflow/example_dags/example_trigger_target_dag.py took 0.159 seconds
[2022-09-19T18:46:11.761+0000] {processor.py:156} INFO - Started process (PID=291) to work on /home/airflow/.local/lib/python3.7/site-packages/airflow/example_dags/example_trigger_target_dag.py
[2022-09-19T18:46:11.762+0000] {processor.py:758} INFO - Processing file /home/airflow/.local/lib/python3.7/site-packages/airflow/example_dags/example_trigger_target_dag.py for tasks to queue
[2022-09-19T18:46:11.762+0000] {logging_mixin.py:117} INFO - [2022-09-19T18:46:11.762+0000] {dagbag.py:525} INFO - Filling up the DagBag from /home/airflow/.local/lib/python3.7/site-packages/airflow/example_dags/example_trigger_target_dag.py
[2022-09-19T18:46:11.781+0000] {processor.py:768} INFO - DAG(s) dict_keys(['example_trigger_target_dag']) retrieved from /home/airflow/.local/lib/python3.7/site-packages/airflow/example_dags/example_trigger_target_dag.py
[2022-09-19T18:46:11.813+0000] {logging_mixin.py:117} INFO - [2022-09-19T18:46:11.813+0000] {dag.py:2573} INFO - Sync 1 DAGs
[2022-09-19T18:46:11.833+0000] {logging_mixin.py:117} INFO - [2022-09-19T18:46:11.833+0000] {dag.py:3328} INFO - Setting next_dagrun for example_trigger_target_dag to None, run_after=None
[2022-09-19T18:46:11.852+0000] {processor.py:178} INFO - Processing /home/airflow/.local/lib/python3.7/site-packages/airflow/example_dags/example_trigger_target_dag.py took 0.093 seconds
[2022-09-19T18:46:42.560+0000] {processor.py:156} INFO - Started process (PID=354) to work on /home/airflow/.local/lib/python3.7/site-packages/airflow/example_dags/example_trigger_target_dag.py
[2022-09-19T18:46:42.561+0000] {processor.py:758} INFO - Processing file /home/airflow/.local/lib/python3.7/site-packages/airflow/example_dags/example_trigger_target_dag.py for tasks to queue
[2022-09-19T18:46:42.562+0000] {logging_mixin.py:117} INFO - [2022-09-19T18:46:42.562+0000] {dagbag.py:525} INFO - Filling up the DagBag from /home/airflow/.local/lib/python3.7/site-packages/airflow/example_dags/example_trigger_target_dag.py
[2022-09-19T18:46:42.590+0000] {processor.py:768} INFO - DAG(s) dict_keys(['example_trigger_target_dag']) retrieved from /home/airflow/.local/lib/python3.7/site-packages/airflow/example_dags/example_trigger_target_dag.py
[2022-09-19T18:46:42.633+0000] {logging_mixin.py:117} INFO - [2022-09-19T18:46:42.633+0000] {dag.py:2573} INFO - Sync 1 DAGs
[2022-09-19T18:46:42.661+0000] {logging_mixin.py:117} INFO - [2022-09-19T18:46:42.661+0000] {dag.py:3328} INFO - Setting next_dagrun for example_trigger_target_dag to None, run_after=None
[2022-09-19T18:46:42.686+0000] {processor.py:178} INFO - Processing /home/airflow/.local/lib/python3.7/site-packages/airflow/example_dags/example_trigger_target_dag.py took 0.129 seconds
[2022-09-19T18:47:13.810+0000] {processor.py:156} INFO - Started process (PID=418) to work on /home/airflow/.local/lib/python3.7/site-packages/airflow/example_dags/example_trigger_target_dag.py
[2022-09-19T18:47:13.811+0000] {processor.py:758} INFO - Processing file /home/airflow/.local/lib/python3.7/site-packages/airflow/example_dags/example_trigger_target_dag.py for tasks to queue
[2022-09-19T18:47:13.812+0000] {logging_mixin.py:117} INFO - [2022-09-19T18:47:13.812+0000] {dagbag.py:525} INFO - Filling up the DagBag from /home/airflow/.local/lib/python3.7/site-packages/airflow/example_dags/example_trigger_target_dag.py
[2022-09-19T18:47:13.856+0000] {processor.py:768} INFO - DAG(s) dict_keys(['example_trigger_target_dag']) retrieved from /home/airflow/.local/lib/python3.7/site-packages/airflow/example_dags/example_trigger_target_dag.py
[2022-09-19T18:47:13.925+0000] {logging_mixin.py:117} INFO - [2022-09-19T18:47:13.924+0000] {dag.py:2573} INFO - Sync 1 DAGs
[2022-09-19T18:47:13.971+0000] {logging_mixin.py:117} INFO - [2022-09-19T18:47:13.970+0000] {dag.py:3328} INFO - Setting next_dagrun for example_trigger_target_dag to None, run_after=None
[2022-09-19T18:47:14.002+0000] {processor.py:178} INFO - Processing /home/airflow/.local/lib/python3.7/site-packages/airflow/example_dags/example_trigger_target_dag.py took 0.198 seconds
[2022-09-19T18:47:44.528+0000] {processor.py:156} INFO - Started process (PID=472) to work on /home/airflow/.local/lib/python3.7/site-packages/airflow/example_dags/example_trigger_target_dag.py
[2022-09-19T18:47:44.529+0000] {processor.py:758} INFO - Processing file /home/airflow/.local/lib/python3.7/site-packages/airflow/example_dags/example_trigger_target_dag.py for tasks to queue
[2022-09-19T18:47:44.530+0000] {logging_mixin.py:117} INFO - [2022-09-19T18:47:44.529+0000] {dagbag.py:525} INFO - Filling up the DagBag from /home/airflow/.local/lib/python3.7/site-packages/airflow/example_dags/example_trigger_target_dag.py
[2022-09-19T18:47:44.555+0000] {processor.py:768} INFO - DAG(s) dict_keys(['example_trigger_target_dag']) retrieved from /home/airflow/.local/lib/python3.7/site-packages/airflow/example_dags/example_trigger_target_dag.py
[2022-09-19T18:47:44.596+0000] {logging_mixin.py:117} INFO - [2022-09-19T18:47:44.595+0000] {dag.py:2573} INFO - Sync 1 DAGs
[2022-09-19T18:47:44.626+0000] {logging_mixin.py:117} INFO - [2022-09-19T18:47:44.626+0000] {dag.py:3328} INFO - Setting next_dagrun for example_trigger_target_dag to None, run_after=None
[2022-09-19T18:47:44.650+0000] {processor.py:178} INFO - Processing /home/airflow/.local/lib/python3.7/site-packages/airflow/example_dags/example_trigger_target_dag.py took 0.124 seconds
[2022-09-19T18:48:15.022+0000] {processor.py:156} INFO - Started process (PID=535) to work on /home/airflow/.local/lib/python3.7/site-packages/airflow/example_dags/example_trigger_target_dag.py
[2022-09-19T18:48:15.023+0000] {processor.py:758} INFO - Processing file /home/airflow/.local/lib/python3.7/site-packages/airflow/example_dags/example_trigger_target_dag.py for tasks to queue
[2022-09-19T18:48:15.023+0000] {logging_mixin.py:117} INFO - [2022-09-19T18:48:15.023+0000] {dagbag.py:525} INFO - Filling up the DagBag from /home/airflow/.local/lib/python3.7/site-packages/airflow/example_dags/example_trigger_target_dag.py
[2022-09-19T18:48:15.051+0000] {processor.py:768} INFO - DAG(s) dict_keys(['example_trigger_target_dag']) retrieved from /home/airflow/.local/lib/python3.7/site-packages/airflow/example_dags/example_trigger_target_dag.py
[2022-09-19T18:48:15.100+0000] {logging_mixin.py:117} INFO - [2022-09-19T18:48:15.100+0000] {dag.py:2573} INFO - Sync 1 DAGs
[2022-09-19T18:48:15.136+0000] {logging_mixin.py:117} INFO - [2022-09-19T18:48:15.136+0000] {dag.py:3328} INFO - Setting next_dagrun for example_trigger_target_dag to None, run_after=None
[2022-09-19T18:48:15.163+0000] {processor.py:178} INFO - Processing /home/airflow/.local/lib/python3.7/site-packages/airflow/example_dags/example_trigger_target_dag.py took 0.144 seconds
[2022-09-19T18:48:45.765+0000] {processor.py:156} INFO - Started process (PID=589) to work on /home/airflow/.local/lib/python3.7/site-packages/airflow/example_dags/example_trigger_target_dag.py
[2022-09-19T18:48:45.765+0000] {processor.py:758} INFO - Processing file /home/airflow/.local/lib/python3.7/site-packages/airflow/example_dags/example_trigger_target_dag.py for tasks to queue
[2022-09-19T18:48:45.766+0000] {logging_mixin.py:117} INFO - [2022-09-19T18:48:45.766+0000] {dagbag.py:525} INFO - Filling up the DagBag from /home/airflow/.local/lib/python3.7/site-packages/airflow/example_dags/example_trigger_target_dag.py
[2022-09-19T18:48:45.790+0000] {processor.py:768} INFO - DAG(s) dict_keys(['example_trigger_target_dag']) retrieved from /home/airflow/.local/lib/python3.7/site-packages/airflow/example_dags/example_trigger_target_dag.py
[2022-09-19T18:48:45.834+0000] {logging_mixin.py:117} INFO - [2022-09-19T18:48:45.834+0000] {dag.py:2573} INFO - Sync 1 DAGs
[2022-09-19T18:48:45.868+0000] {logging_mixin.py:117} INFO - [2022-09-19T18:48:45.868+0000] {dag.py:3328} INFO - Setting next_dagrun for example_trigger_target_dag to None, run_after=None
[2022-09-19T18:48:45.894+0000] {processor.py:178} INFO - Processing /home/airflow/.local/lib/python3.7/site-packages/airflow/example_dags/example_trigger_target_dag.py took 0.133 seconds
[2022-09-19T18:49:16.860+0000] {processor.py:156} INFO - Started process (PID=653) to work on /home/airflow/.local/lib/python3.7/site-packages/airflow/example_dags/example_trigger_target_dag.py
[2022-09-19T18:49:16.860+0000] {processor.py:758} INFO - Processing file /home/airflow/.local/lib/python3.7/site-packages/airflow/example_dags/example_trigger_target_dag.py for tasks to queue
[2022-09-19T18:49:16.861+0000] {logging_mixin.py:117} INFO - [2022-09-19T18:49:16.860+0000] {dagbag.py:525} INFO - Filling up the DagBag from /home/airflow/.local/lib/python3.7/site-packages/airflow/example_dags/example_trigger_target_dag.py
[2022-09-19T18:49:16.883+0000] {processor.py:768} INFO - DAG(s) dict_keys(['example_trigger_target_dag']) retrieved from /home/airflow/.local/lib/python3.7/site-packages/airflow/example_dags/example_trigger_target_dag.py
[2022-09-19T18:49:16.923+0000] {logging_mixin.py:117} INFO - [2022-09-19T18:49:16.923+0000] {dag.py:2573} INFO - Sync 1 DAGs
[2022-09-19T18:49:16.950+0000] {logging_mixin.py:117} INFO - [2022-09-19T18:49:16.949+0000] {dag.py:3328} INFO - Setting next_dagrun for example_trigger_target_dag to None, run_after=None
[2022-09-19T18:49:16.973+0000] {processor.py:178} INFO - Processing /home/airflow/.local/lib/python3.7/site-packages/airflow/example_dags/example_trigger_target_dag.py took 0.117 seconds
[2022-09-19T18:49:47.079+0000] {processor.py:156} INFO - Started process (PID=716) to work on /home/airflow/.local/lib/python3.7/site-packages/airflow/example_dags/example_trigger_target_dag.py
[2022-09-19T18:49:47.080+0000] {processor.py:758} INFO - Processing file /home/airflow/.local/lib/python3.7/site-packages/airflow/example_dags/example_trigger_target_dag.py for tasks to queue
[2022-09-19T18:49:47.081+0000] {logging_mixin.py:117} INFO - [2022-09-19T18:49:47.080+0000] {dagbag.py:525} INFO - Filling up the DagBag from /home/airflow/.local/lib/python3.7/site-packages/airflow/example_dags/example_trigger_target_dag.py
[2022-09-19T18:49:47.101+0000] {processor.py:768} INFO - DAG(s) dict_keys(['example_trigger_target_dag']) retrieved from /home/airflow/.local/lib/python3.7/site-packages/airflow/example_dags/example_trigger_target_dag.py
[2022-09-19T18:49:47.136+0000] {logging_mixin.py:117} INFO - [2022-09-19T18:49:47.136+0000] {dag.py:2573} INFO - Sync 1 DAGs
[2022-09-19T18:49:47.162+0000] {logging_mixin.py:117} INFO - [2022-09-19T18:49:47.162+0000] {dag.py:3328} INFO - Setting next_dagrun for example_trigger_target_dag to None, run_after=None
[2022-09-19T18:49:47.183+0000] {processor.py:178} INFO - Processing /home/airflow/.local/lib/python3.7/site-packages/airflow/example_dags/example_trigger_target_dag.py took 0.106 seconds
[2022-09-19T18:50:17.214+0000] {processor.py:156} INFO - Started process (PID=769) to work on /home/airflow/.local/lib/python3.7/site-packages/airflow/example_dags/example_trigger_target_dag.py
[2022-09-19T18:50:17.215+0000] {processor.py:758} INFO - Processing file /home/airflow/.local/lib/python3.7/site-packages/airflow/example_dags/example_trigger_target_dag.py for tasks to queue
[2022-09-19T18:50:17.215+0000] {logging_mixin.py:117} INFO - [2022-09-19T18:50:17.215+0000] {dagbag.py:525} INFO - Filling up the DagBag from /home/airflow/.local/lib/python3.7/site-packages/airflow/example_dags/example_trigger_target_dag.py
[2022-09-19T18:50:17.233+0000] {processor.py:768} INFO - DAG(s) dict_keys(['example_trigger_target_dag']) retrieved from /home/airflow/.local/lib/python3.7/site-packages/airflow/example_dags/example_trigger_target_dag.py
[2022-09-19T18:50:17.267+0000] {logging_mixin.py:117} INFO - [2022-09-19T18:50:17.267+0000] {dag.py:2573} INFO - Sync 1 DAGs
[2022-09-19T18:50:17.291+0000] {logging_mixin.py:117} INFO - [2022-09-19T18:50:17.290+0000] {dag.py:3328} INFO - Setting next_dagrun for example_trigger_target_dag to None, run_after=None
[2022-09-19T18:50:17.309+0000] {processor.py:178} INFO - Processing /home/airflow/.local/lib/python3.7/site-packages/airflow/example_dags/example_trigger_target_dag.py took 0.097 seconds
[2022-09-19T18:50:47.539+0000] {processor.py:156} INFO - Started process (PID=831) to work on /home/airflow/.local/lib/python3.7/site-packages/airflow/example_dags/example_trigger_target_dag.py
[2022-09-19T18:50:47.539+0000] {processor.py:758} INFO - Processing file /home/airflow/.local/lib/python3.7/site-packages/airflow/example_dags/example_trigger_target_dag.py for tasks to queue
[2022-09-19T18:50:47.540+0000] {logging_mixin.py:117} INFO - [2022-09-19T18:50:47.540+0000] {dagbag.py:525} INFO - Filling up the DagBag from /home/airflow/.local/lib/python3.7/site-packages/airflow/example_dags/example_trigger_target_dag.py
[2022-09-19T18:50:47.561+0000] {processor.py:768} INFO - DAG(s) dict_keys(['example_trigger_target_dag']) retrieved from /home/airflow/.local/lib/python3.7/site-packages/airflow/example_dags/example_trigger_target_dag.py
[2022-09-19T18:50:47.599+0000] {logging_mixin.py:117} INFO - [2022-09-19T18:50:47.599+0000] {dag.py:2573} INFO - Sync 1 DAGs
[2022-09-19T18:50:47.624+0000] {logging_mixin.py:117} INFO - [2022-09-19T18:50:47.623+0000] {dag.py:3328} INFO - Setting next_dagrun for example_trigger_target_dag to None, run_after=None
[2022-09-19T18:50:47.645+0000] {processor.py:178} INFO - Processing /home/airflow/.local/lib/python3.7/site-packages/airflow/example_dags/example_trigger_target_dag.py took 0.110 seconds
[2022-09-19T18:51:17.740+0000] {processor.py:156} INFO - Started process (PID=893) to work on /home/airflow/.local/lib/python3.7/site-packages/airflow/example_dags/example_trigger_target_dag.py
[2022-09-19T18:51:17.741+0000] {processor.py:758} INFO - Processing file /home/airflow/.local/lib/python3.7/site-packages/airflow/example_dags/example_trigger_target_dag.py for tasks to queue
[2022-09-19T18:51:17.741+0000] {logging_mixin.py:117} INFO - [2022-09-19T18:51:17.741+0000] {dagbag.py:525} INFO - Filling up the DagBag from /home/airflow/.local/lib/python3.7/site-packages/airflow/example_dags/example_trigger_target_dag.py
[2022-09-19T18:51:17.766+0000] {processor.py:768} INFO - DAG(s) dict_keys(['example_trigger_target_dag']) retrieved from /home/airflow/.local/lib/python3.7/site-packages/airflow/example_dags/example_trigger_target_dag.py
[2022-09-19T18:51:17.804+0000] {logging_mixin.py:117} INFO - [2022-09-19T18:51:17.804+0000] {dag.py:2573} INFO - Sync 1 DAGs
[2022-09-19T18:51:17.829+0000] {logging_mixin.py:117} INFO - [2022-09-19T18:51:17.829+0000] {dag.py:3328} INFO - Setting next_dagrun for example_trigger_target_dag to None, run_after=None
[2022-09-19T18:51:17.852+0000] {processor.py:178} INFO - Processing /home/airflow/.local/lib/python3.7/site-packages/airflow/example_dags/example_trigger_target_dag.py took 0.115 seconds
[2022-09-19T18:51:47.958+0000] {processor.py:156} INFO - Started process (PID=947) to work on /home/airflow/.local/lib/python3.7/site-packages/airflow/example_dags/example_trigger_target_dag.py
[2022-09-19T18:51:47.958+0000] {processor.py:758} INFO - Processing file /home/airflow/.local/lib/python3.7/site-packages/airflow/example_dags/example_trigger_target_dag.py for tasks to queue
[2022-09-19T18:51:47.959+0000] {logging_mixin.py:117} INFO - [2022-09-19T18:51:47.959+0000] {dagbag.py:525} INFO - Filling up the DagBag from /home/airflow/.local/lib/python3.7/site-packages/airflow/example_dags/example_trigger_target_dag.py
[2022-09-19T18:51:47.982+0000] {processor.py:768} INFO - DAG(s) dict_keys(['example_trigger_target_dag']) retrieved from /home/airflow/.local/lib/python3.7/site-packages/airflow/example_dags/example_trigger_target_dag.py
[2022-09-19T18:51:48.019+0000] {logging_mixin.py:117} INFO - [2022-09-19T18:51:48.018+0000] {dag.py:2573} INFO - Sync 1 DAGs
[2022-09-19T18:51:48.044+0000] {logging_mixin.py:117} INFO - [2022-09-19T18:51:48.044+0000] {dag.py:3328} INFO - Setting next_dagrun for example_trigger_target_dag to None, run_after=None
[2022-09-19T18:51:48.066+0000] {processor.py:178} INFO - Processing /home/airflow/.local/lib/python3.7/site-packages/airflow/example_dags/example_trigger_target_dag.py took 0.111 seconds
[2022-09-19T18:52:18.324+0000] {processor.py:156} INFO - Started process (PID=1010) to work on /home/airflow/.local/lib/python3.7/site-packages/airflow/example_dags/example_trigger_target_dag.py
[2022-09-19T18:52:18.324+0000] {processor.py:758} INFO - Processing file /home/airflow/.local/lib/python3.7/site-packages/airflow/example_dags/example_trigger_target_dag.py for tasks to queue
[2022-09-19T18:52:18.325+0000] {logging_mixin.py:117} INFO - [2022-09-19T18:52:18.325+0000] {dagbag.py:525} INFO - Filling up the DagBag from /home/airflow/.local/lib/python3.7/site-packages/airflow/example_dags/example_trigger_target_dag.py
[2022-09-19T18:52:18.346+0000] {processor.py:768} INFO - DAG(s) dict_keys(['example_trigger_target_dag']) retrieved from /home/airflow/.local/lib/python3.7/site-packages/airflow/example_dags/example_trigger_target_dag.py
[2022-09-19T18:52:18.384+0000] {logging_mixin.py:117} INFO - [2022-09-19T18:52:18.383+0000] {dag.py:2573} INFO - Sync 1 DAGs
[2022-09-19T18:52:18.409+0000] {logging_mixin.py:117} INFO - [2022-09-19T18:52:18.409+0000] {dag.py:3328} INFO - Setting next_dagrun for example_trigger_target_dag to None, run_after=None
[2022-09-19T18:52:18.432+0000] {processor.py:178} INFO - Processing /home/airflow/.local/lib/python3.7/site-packages/airflow/example_dags/example_trigger_target_dag.py took 0.111 seconds
[2022-09-19T18:52:48.575+0000] {processor.py:156} INFO - Started process (PID=1063) to work on /home/airflow/.local/lib/python3.7/site-packages/airflow/example_dags/example_trigger_target_dag.py
[2022-09-19T18:52:48.575+0000] {processor.py:758} INFO - Processing file /home/airflow/.local/lib/python3.7/site-packages/airflow/example_dags/example_trigger_target_dag.py for tasks to queue
[2022-09-19T18:52:48.576+0000] {logging_mixin.py:117} INFO - [2022-09-19T18:52:48.575+0000] {dagbag.py:525} INFO - Filling up the DagBag from /home/airflow/.local/lib/python3.7/site-packages/airflow/example_dags/example_trigger_target_dag.py
[2022-09-19T18:52:48.596+0000] {processor.py:768} INFO - DAG(s) dict_keys(['example_trigger_target_dag']) retrieved from /home/airflow/.local/lib/python3.7/site-packages/airflow/example_dags/example_trigger_target_dag.py
[2022-09-19T18:52:48.635+0000] {logging_mixin.py:117} INFO - [2022-09-19T18:52:48.635+0000] {dag.py:2573} INFO - Sync 1 DAGs
[2022-09-19T18:52:48.659+0000] {logging_mixin.py:117} INFO - [2022-09-19T18:52:48.658+0000] {dag.py:3328} INFO - Setting next_dagrun for example_trigger_target_dag to None, run_after=None
[2022-09-19T18:52:48.681+0000] {processor.py:178} INFO - Processing /home/airflow/.local/lib/python3.7/site-packages/airflow/example_dags/example_trigger_target_dag.py took 0.109 seconds
[2022-09-19T18:53:18.772+0000] {processor.py:156} INFO - Started process (PID=1125) to work on /home/airflow/.local/lib/python3.7/site-packages/airflow/example_dags/example_trigger_target_dag.py
[2022-09-19T18:53:18.772+0000] {processor.py:758} INFO - Processing file /home/airflow/.local/lib/python3.7/site-packages/airflow/example_dags/example_trigger_target_dag.py for tasks to queue
[2022-09-19T18:53:18.773+0000] {logging_mixin.py:117} INFO - [2022-09-19T18:53:18.773+0000] {dagbag.py:525} INFO - Filling up the DagBag from /home/airflow/.local/lib/python3.7/site-packages/airflow/example_dags/example_trigger_target_dag.py
[2022-09-19T18:53:18.793+0000] {processor.py:768} INFO - DAG(s) dict_keys(['example_trigger_target_dag']) retrieved from /home/airflow/.local/lib/python3.7/site-packages/airflow/example_dags/example_trigger_target_dag.py
[2022-09-19T18:53:18.828+0000] {logging_mixin.py:117} INFO - [2022-09-19T18:53:18.828+0000] {dag.py:2573} INFO - Sync 1 DAGs
[2022-09-19T18:53:18.851+0000] {logging_mixin.py:117} INFO - [2022-09-19T18:53:18.851+0000] {dag.py:3328} INFO - Setting next_dagrun for example_trigger_target_dag to None, run_after=None
[2022-09-19T18:53:18.871+0000] {processor.py:178} INFO - Processing /home/airflow/.local/lib/python3.7/site-packages/airflow/example_dags/example_trigger_target_dag.py took 0.101 seconds
[2022-09-19T18:53:49.630+0000] {processor.py:156} INFO - Started process (PID=1186) to work on /home/airflow/.local/lib/python3.7/site-packages/airflow/example_dags/example_trigger_target_dag.py
[2022-09-19T18:53:49.631+0000] {processor.py:758} INFO - Processing file /home/airflow/.local/lib/python3.7/site-packages/airflow/example_dags/example_trigger_target_dag.py for tasks to queue
[2022-09-19T18:53:49.631+0000] {logging_mixin.py:117} INFO - [2022-09-19T18:53:49.631+0000] {dagbag.py:525} INFO - Filling up the DagBag from /home/airflow/.local/lib/python3.7/site-packages/airflow/example_dags/example_trigger_target_dag.py
[2022-09-19T18:53:49.654+0000] {processor.py:768} INFO - DAG(s) dict_keys(['example_trigger_target_dag']) retrieved from /home/airflow/.local/lib/python3.7/site-packages/airflow/example_dags/example_trigger_target_dag.py
[2022-09-19T18:53:49.700+0000] {logging_mixin.py:117} INFO - [2022-09-19T18:53:49.699+0000] {dag.py:2573} INFO - Sync 1 DAGs
[2022-09-19T18:53:49.730+0000] {logging_mixin.py:117} INFO - [2022-09-19T18:53:49.730+0000] {dag.py:3328} INFO - Setting next_dagrun for example_trigger_target_dag to None, run_after=None
[2022-09-19T18:53:49.753+0000] {processor.py:178} INFO - Processing /home/airflow/.local/lib/python3.7/site-packages/airflow/example_dags/example_trigger_target_dag.py took 0.125 seconds
[2022-09-19T18:54:19.927+0000] {processor.py:156} INFO - Started process (PID=1240) to work on /home/airflow/.local/lib/python3.7/site-packages/airflow/example_dags/example_trigger_target_dag.py
[2022-09-19T18:54:19.928+0000] {processor.py:758} INFO - Processing file /home/airflow/.local/lib/python3.7/site-packages/airflow/example_dags/example_trigger_target_dag.py for tasks to queue
[2022-09-19T18:54:19.928+0000] {logging_mixin.py:117} INFO - [2022-09-19T18:54:19.928+0000] {dagbag.py:525} INFO - Filling up the DagBag from /home/airflow/.local/lib/python3.7/site-packages/airflow/example_dags/example_trigger_target_dag.py
[2022-09-19T18:54:19.950+0000] {processor.py:768} INFO - DAG(s) dict_keys(['example_trigger_target_dag']) retrieved from /home/airflow/.local/lib/python3.7/site-packages/airflow/example_dags/example_trigger_target_dag.py
[2022-09-19T18:54:19.988+0000] {logging_mixin.py:117} INFO - [2022-09-19T18:54:19.988+0000] {dag.py:2573} INFO - Sync 1 DAGs
[2022-09-19T18:54:20.017+0000] {logging_mixin.py:117} INFO - [2022-09-19T18:54:20.017+0000] {dag.py:3328} INFO - Setting next_dagrun for example_trigger_target_dag to None, run_after=None
[2022-09-19T18:54:20.039+0000] {processor.py:178} INFO - Processing /home/airflow/.local/lib/python3.7/site-packages/airflow/example_dags/example_trigger_target_dag.py took 0.114 seconds
[2022-09-19T18:54:50.148+0000] {processor.py:156} INFO - Started process (PID=1304) to work on /home/airflow/.local/lib/python3.7/site-packages/airflow/example_dags/example_trigger_target_dag.py
[2022-09-19T18:54:50.149+0000] {processor.py:758} INFO - Processing file /home/airflow/.local/lib/python3.7/site-packages/airflow/example_dags/example_trigger_target_dag.py for tasks to queue
[2022-09-19T18:54:50.150+0000] {logging_mixin.py:117} INFO - [2022-09-19T18:54:50.149+0000] {dagbag.py:525} INFO - Filling up the DagBag from /home/airflow/.local/lib/python3.7/site-packages/airflow/example_dags/example_trigger_target_dag.py
[2022-09-19T18:54:50.173+0000] {processor.py:768} INFO - DAG(s) dict_keys(['example_trigger_target_dag']) retrieved from /home/airflow/.local/lib/python3.7/site-packages/airflow/example_dags/example_trigger_target_dag.py
[2022-09-19T18:54:50.216+0000] {logging_mixin.py:117} INFO - [2022-09-19T18:54:50.216+0000] {dag.py:2573} INFO - Sync 1 DAGs
[2022-09-19T18:54:50.244+0000] {logging_mixin.py:117} INFO - [2022-09-19T18:54:50.244+0000] {dag.py:3328} INFO - Setting next_dagrun for example_trigger_target_dag to None, run_after=None
[2022-09-19T18:54:50.265+0000] {processor.py:178} INFO - Processing /home/airflow/.local/lib/python3.7/site-packages/airflow/example_dags/example_trigger_target_dag.py took 0.120 seconds
[2022-09-19T18:55:21.119+0000] {processor.py:156} INFO - Started process (PID=1366) to work on /home/airflow/.local/lib/python3.7/site-packages/airflow/example_dags/example_trigger_target_dag.py
[2022-09-19T18:55:21.120+0000] {processor.py:758} INFO - Processing file /home/airflow/.local/lib/python3.7/site-packages/airflow/example_dags/example_trigger_target_dag.py for tasks to queue
[2022-09-19T18:55:21.121+0000] {logging_mixin.py:117} INFO - [2022-09-19T18:55:21.121+0000] {dagbag.py:525} INFO - Filling up the DagBag from /home/airflow/.local/lib/python3.7/site-packages/airflow/example_dags/example_trigger_target_dag.py
[2022-09-19T18:55:21.147+0000] {processor.py:768} INFO - DAG(s) dict_keys(['example_trigger_target_dag']) retrieved from /home/airflow/.local/lib/python3.7/site-packages/airflow/example_dags/example_trigger_target_dag.py
[2022-09-19T18:55:21.197+0000] {logging_mixin.py:117} INFO - [2022-09-19T18:55:21.197+0000] {dag.py:2573} INFO - Sync 1 DAGs
[2022-09-19T18:55:21.234+0000] {logging_mixin.py:117} INFO - [2022-09-19T18:55:21.234+0000] {dag.py:3328} INFO - Setting next_dagrun for example_trigger_target_dag to None, run_after=None
[2022-09-19T18:55:21.270+0000] {processor.py:178} INFO - Processing /home/airflow/.local/lib/python3.7/site-packages/airflow/example_dags/example_trigger_target_dag.py took 0.155 seconds
[2022-09-19T18:55:51.330+0000] {processor.py:156} INFO - Started process (PID=1420) to work on /home/airflow/.local/lib/python3.7/site-packages/airflow/example_dags/example_trigger_target_dag.py
[2022-09-19T18:55:51.331+0000] {processor.py:758} INFO - Processing file /home/airflow/.local/lib/python3.7/site-packages/airflow/example_dags/example_trigger_target_dag.py for tasks to queue
[2022-09-19T18:55:51.331+0000] {logging_mixin.py:117} INFO - [2022-09-19T18:55:51.331+0000] {dagbag.py:525} INFO - Filling up the DagBag from /home/airflow/.local/lib/python3.7/site-packages/airflow/example_dags/example_trigger_target_dag.py
[2022-09-19T18:55:51.352+0000] {processor.py:768} INFO - DAG(s) dict_keys(['example_trigger_target_dag']) retrieved from /home/airflow/.local/lib/python3.7/site-packages/airflow/example_dags/example_trigger_target_dag.py
[2022-09-19T18:55:51.396+0000] {logging_mixin.py:117} INFO - [2022-09-19T18:55:51.396+0000] {dag.py:2573} INFO - Sync 1 DAGs
[2022-09-19T18:55:51.435+0000] {logging_mixin.py:117} INFO - [2022-09-19T18:55:51.435+0000] {dag.py:3328} INFO - Setting next_dagrun for example_trigger_target_dag to None, run_after=None
[2022-09-19T18:55:51.456+0000] {processor.py:178} INFO - Processing /home/airflow/.local/lib/python3.7/site-packages/airflow/example_dags/example_trigger_target_dag.py took 0.129 seconds
[2022-09-19T18:56:21.520+0000] {processor.py:156} INFO - Started process (PID=1482) to work on /home/airflow/.local/lib/python3.7/site-packages/airflow/example_dags/example_trigger_target_dag.py
[2022-09-19T18:56:21.520+0000] {processor.py:758} INFO - Processing file /home/airflow/.local/lib/python3.7/site-packages/airflow/example_dags/example_trigger_target_dag.py for tasks to queue
[2022-09-19T18:56:21.521+0000] {logging_mixin.py:117} INFO - [2022-09-19T18:56:21.521+0000] {dagbag.py:525} INFO - Filling up the DagBag from /home/airflow/.local/lib/python3.7/site-packages/airflow/example_dags/example_trigger_target_dag.py
[2022-09-19T18:56:21.540+0000] {processor.py:768} INFO - DAG(s) dict_keys(['example_trigger_target_dag']) retrieved from /home/airflow/.local/lib/python3.7/site-packages/airflow/example_dags/example_trigger_target_dag.py
[2022-09-19T18:56:21.573+0000] {logging_mixin.py:117} INFO - [2022-09-19T18:56:21.573+0000] {dag.py:2573} INFO - Sync 1 DAGs
[2022-09-19T18:56:21.602+0000] {logging_mixin.py:117} INFO - [2022-09-19T18:56:21.602+0000] {dag.py:3328} INFO - Setting next_dagrun for example_trigger_target_dag to None, run_after=None
[2022-09-19T18:56:21.620+0000] {processor.py:178} INFO - Processing /home/airflow/.local/lib/python3.7/site-packages/airflow/example_dags/example_trigger_target_dag.py took 0.103 seconds
[2022-09-19T18:56:52.346+0000] {processor.py:156} INFO - Started process (PID=1536) to work on /home/airflow/.local/lib/python3.7/site-packages/airflow/example_dags/example_trigger_target_dag.py
[2022-09-19T18:56:52.347+0000] {processor.py:758} INFO - Processing file /home/airflow/.local/lib/python3.7/site-packages/airflow/example_dags/example_trigger_target_dag.py for tasks to queue
[2022-09-19T18:56:52.347+0000] {logging_mixin.py:117} INFO - [2022-09-19T18:56:52.347+0000] {dagbag.py:525} INFO - Filling up the DagBag from /home/airflow/.local/lib/python3.7/site-packages/airflow/example_dags/example_trigger_target_dag.py
[2022-09-19T18:56:52.368+0000] {processor.py:768} INFO - DAG(s) dict_keys(['example_trigger_target_dag']) retrieved from /home/airflow/.local/lib/python3.7/site-packages/airflow/example_dags/example_trigger_target_dag.py
[2022-09-19T18:56:52.406+0000] {logging_mixin.py:117} INFO - [2022-09-19T18:56:52.406+0000] {dag.py:2573} INFO - Sync 1 DAGs
[2022-09-19T18:56:52.432+0000] {logging_mixin.py:117} INFO - [2022-09-19T18:56:52.432+0000] {dag.py:3328} INFO - Setting next_dagrun for example_trigger_target_dag to None, run_after=None
[2022-09-19T18:56:52.453+0000] {processor.py:178} INFO - Processing /home/airflow/.local/lib/python3.7/site-packages/airflow/example_dags/example_trigger_target_dag.py took 0.110 seconds
[2022-09-19T18:57:23.215+0000] {processor.py:156} INFO - Started process (PID=1598) to work on /home/airflow/.local/lib/python3.7/site-packages/airflow/example_dags/example_trigger_target_dag.py
[2022-09-19T18:57:23.216+0000] {processor.py:758} INFO - Processing file /home/airflow/.local/lib/python3.7/site-packages/airflow/example_dags/example_trigger_target_dag.py for tasks to queue
[2022-09-19T18:57:23.216+0000] {logging_mixin.py:117} INFO - [2022-09-19T18:57:23.216+0000] {dagbag.py:525} INFO - Filling up the DagBag from /home/airflow/.local/lib/python3.7/site-packages/airflow/example_dags/example_trigger_target_dag.py
[2022-09-19T18:57:23.238+0000] {processor.py:768} INFO - DAG(s) dict_keys(['example_trigger_target_dag']) retrieved from /home/airflow/.local/lib/python3.7/site-packages/airflow/example_dags/example_trigger_target_dag.py
[2022-09-19T18:57:23.279+0000] {logging_mixin.py:117} INFO - [2022-09-19T18:57:23.279+0000] {dag.py:2573} INFO - Sync 1 DAGs
[2022-09-19T18:57:23.317+0000] {logging_mixin.py:117} INFO - [2022-09-19T18:57:23.317+0000] {dag.py:3328} INFO - Setting next_dagrun for example_trigger_target_dag to None, run_after=None
[2022-09-19T18:57:23.346+0000] {processor.py:178} INFO - Processing /home/airflow/.local/lib/python3.7/site-packages/airflow/example_dags/example_trigger_target_dag.py took 0.134 seconds
[2022-09-19T18:57:53.465+0000] {processor.py:156} INFO - Started process (PID=1660) to work on /home/airflow/.local/lib/python3.7/site-packages/airflow/example_dags/example_trigger_target_dag.py
[2022-09-19T18:57:53.466+0000] {processor.py:758} INFO - Processing file /home/airflow/.local/lib/python3.7/site-packages/airflow/example_dags/example_trigger_target_dag.py for tasks to queue
[2022-09-19T18:57:53.467+0000] {logging_mixin.py:117} INFO - [2022-09-19T18:57:53.466+0000] {dagbag.py:525} INFO - Filling up the DagBag from /home/airflow/.local/lib/python3.7/site-packages/airflow/example_dags/example_trigger_target_dag.py
[2022-09-19T18:57:53.489+0000] {processor.py:768} INFO - DAG(s) dict_keys(['example_trigger_target_dag']) retrieved from /home/airflow/.local/lib/python3.7/site-packages/airflow/example_dags/example_trigger_target_dag.py
[2022-09-19T18:57:53.524+0000] {logging_mixin.py:117} INFO - [2022-09-19T18:57:53.524+0000] {dag.py:2573} INFO - Sync 1 DAGs
[2022-09-19T18:57:53.551+0000] {logging_mixin.py:117} INFO - [2022-09-19T18:57:53.551+0000] {dag.py:3328} INFO - Setting next_dagrun for example_trigger_target_dag to None, run_after=None
[2022-09-19T18:57:53.571+0000] {processor.py:178} INFO - Processing /home/airflow/.local/lib/python3.7/site-packages/airflow/example_dags/example_trigger_target_dag.py took 0.108 seconds
[2022-09-19T18:58:23.696+0000] {processor.py:156} INFO - Started process (PID=1714) to work on /home/airflow/.local/lib/python3.7/site-packages/airflow/example_dags/example_trigger_target_dag.py
[2022-09-19T18:58:23.697+0000] {processor.py:758} INFO - Processing file /home/airflow/.local/lib/python3.7/site-packages/airflow/example_dags/example_trigger_target_dag.py for tasks to queue
[2022-09-19T18:58:23.697+0000] {logging_mixin.py:117} INFO - [2022-09-19T18:58:23.697+0000] {dagbag.py:525} INFO - Filling up the DagBag from /home/airflow/.local/lib/python3.7/site-packages/airflow/example_dags/example_trigger_target_dag.py
[2022-09-19T18:58:23.722+0000] {processor.py:768} INFO - DAG(s) dict_keys(['example_trigger_target_dag']) retrieved from /home/airflow/.local/lib/python3.7/site-packages/airflow/example_dags/example_trigger_target_dag.py
[2022-09-19T18:58:23.766+0000] {logging_mixin.py:117} INFO - [2022-09-19T18:58:23.765+0000] {dag.py:2573} INFO - Sync 1 DAGs
[2022-09-19T18:58:23.797+0000] {logging_mixin.py:117} INFO - [2022-09-19T18:58:23.796+0000] {dag.py:3328} INFO - Setting next_dagrun for example_trigger_target_dag to None, run_after=None
[2022-09-19T18:58:23.820+0000] {processor.py:178} INFO - Processing /home/airflow/.local/lib/python3.7/site-packages/airflow/example_dags/example_trigger_target_dag.py took 0.127 seconds
[2022-09-19T18:58:54.028+0000] {processor.py:156} INFO - Started process (PID=1777) to work on /home/airflow/.local/lib/python3.7/site-packages/airflow/example_dags/example_trigger_target_dag.py
[2022-09-19T18:58:54.028+0000] {processor.py:758} INFO - Processing file /home/airflow/.local/lib/python3.7/site-packages/airflow/example_dags/example_trigger_target_dag.py for tasks to queue
[2022-09-19T18:58:54.029+0000] {logging_mixin.py:117} INFO - [2022-09-19T18:58:54.029+0000] {dagbag.py:525} INFO - Filling up the DagBag from /home/airflow/.local/lib/python3.7/site-packages/airflow/example_dags/example_trigger_target_dag.py
[2022-09-19T18:58:54.060+0000] {processor.py:768} INFO - DAG(s) dict_keys(['example_trigger_target_dag']) retrieved from /home/airflow/.local/lib/python3.7/site-packages/airflow/example_dags/example_trigger_target_dag.py
[2022-09-19T18:58:54.104+0000] {logging_mixin.py:117} INFO - [2022-09-19T18:58:54.104+0000] {dag.py:2573} INFO - Sync 1 DAGs
[2022-09-19T18:58:54.133+0000] {logging_mixin.py:117} INFO - [2022-09-19T18:58:54.133+0000] {dag.py:3328} INFO - Setting next_dagrun for example_trigger_target_dag to None, run_after=None
[2022-09-19T18:58:54.155+0000] {processor.py:178} INFO - Processing /home/airflow/.local/lib/python3.7/site-packages/airflow/example_dags/example_trigger_target_dag.py took 0.131 seconds
[2022-09-19T18:59:24.623+0000] {processor.py:156} INFO - Started process (PID=1840) to work on /home/airflow/.local/lib/python3.7/site-packages/airflow/example_dags/example_trigger_target_dag.py
[2022-09-19T18:59:24.624+0000] {processor.py:758} INFO - Processing file /home/airflow/.local/lib/python3.7/site-packages/airflow/example_dags/example_trigger_target_dag.py for tasks to queue
[2022-09-19T18:59:24.624+0000] {logging_mixin.py:117} INFO - [2022-09-19T18:59:24.624+0000] {dagbag.py:525} INFO - Filling up the DagBag from /home/airflow/.local/lib/python3.7/site-packages/airflow/example_dags/example_trigger_target_dag.py
[2022-09-19T18:59:24.646+0000] {processor.py:768} INFO - DAG(s) dict_keys(['example_trigger_target_dag']) retrieved from /home/airflow/.local/lib/python3.7/site-packages/airflow/example_dags/example_trigger_target_dag.py
[2022-09-19T18:59:24.682+0000] {logging_mixin.py:117} INFO - [2022-09-19T18:59:24.682+0000] {dag.py:2573} INFO - Sync 1 DAGs
[2022-09-19T18:59:24.708+0000] {logging_mixin.py:117} INFO - [2022-09-19T18:59:24.708+0000] {dag.py:3328} INFO - Setting next_dagrun for example_trigger_target_dag to None, run_after=None
[2022-09-19T18:59:24.729+0000] {processor.py:178} INFO - Processing /home/airflow/.local/lib/python3.7/site-packages/airflow/example_dags/example_trigger_target_dag.py took 0.109 seconds
[2022-09-19T18:59:55.273+0000] {processor.py:156} INFO - Started process (PID=1893) to work on /home/airflow/.local/lib/python3.7/site-packages/airflow/example_dags/example_trigger_target_dag.py
[2022-09-19T18:59:55.274+0000] {processor.py:758} INFO - Processing file /home/airflow/.local/lib/python3.7/site-packages/airflow/example_dags/example_trigger_target_dag.py for tasks to queue
[2022-09-19T18:59:55.275+0000] {logging_mixin.py:117} INFO - [2022-09-19T18:59:55.275+0000] {dagbag.py:525} INFO - Filling up the DagBag from /home/airflow/.local/lib/python3.7/site-packages/airflow/example_dags/example_trigger_target_dag.py
[2022-09-19T18:59:55.298+0000] {processor.py:768} INFO - DAG(s) dict_keys(['example_trigger_target_dag']) retrieved from /home/airflow/.local/lib/python3.7/site-packages/airflow/example_dags/example_trigger_target_dag.py
[2022-09-19T18:59:55.336+0000] {logging_mixin.py:117} INFO - [2022-09-19T18:59:55.336+0000] {dag.py:2573} INFO - Sync 1 DAGs
[2022-09-19T18:59:55.368+0000] {logging_mixin.py:117} INFO - [2022-09-19T18:59:55.368+0000] {dag.py:3328} INFO - Setting next_dagrun for example_trigger_target_dag to None, run_after=None
[2022-09-19T18:59:55.389+0000] {processor.py:178} INFO - Processing /home/airflow/.local/lib/python3.7/site-packages/airflow/example_dags/example_trigger_target_dag.py took 0.118 seconds
[2022-09-19T19:00:25.516+0000] {processor.py:156} INFO - Started process (PID=1956) to work on /home/airflow/.local/lib/python3.7/site-packages/airflow/example_dags/example_trigger_target_dag.py
[2022-09-19T19:00:25.516+0000] {processor.py:758} INFO - Processing file /home/airflow/.local/lib/python3.7/site-packages/airflow/example_dags/example_trigger_target_dag.py for tasks to queue
[2022-09-19T19:00:25.517+0000] {logging_mixin.py:117} INFO - [2022-09-19T19:00:25.517+0000] {dagbag.py:525} INFO - Filling up the DagBag from /home/airflow/.local/lib/python3.7/site-packages/airflow/example_dags/example_trigger_target_dag.py
[2022-09-19T19:00:25.538+0000] {processor.py:768} INFO - DAG(s) dict_keys(['example_trigger_target_dag']) retrieved from /home/airflow/.local/lib/python3.7/site-packages/airflow/example_dags/example_trigger_target_dag.py
[2022-09-19T19:00:25.578+0000] {logging_mixin.py:117} INFO - [2022-09-19T19:00:25.578+0000] {dag.py:2573} INFO - Sync 1 DAGs
[2022-09-19T19:00:25.603+0000] {logging_mixin.py:117} INFO - [2022-09-19T19:00:25.602+0000] {dag.py:3328} INFO - Setting next_dagrun for example_trigger_target_dag to None, run_after=None
[2022-09-19T19:00:25.621+0000] {processor.py:178} INFO - Processing /home/airflow/.local/lib/python3.7/site-packages/airflow/example_dags/example_trigger_target_dag.py took 0.108 seconds
[2022-09-19T19:00:56.710+0000] {processor.py:156} INFO - Started process (PID=2018) to work on /home/airflow/.local/lib/python3.7/site-packages/airflow/example_dags/example_trigger_target_dag.py
[2022-09-19T19:00:56.711+0000] {processor.py:758} INFO - Processing file /home/airflow/.local/lib/python3.7/site-packages/airflow/example_dags/example_trigger_target_dag.py for tasks to queue
[2022-09-19T19:00:56.711+0000] {logging_mixin.py:117} INFO - [2022-09-19T19:00:56.711+0000] {dagbag.py:525} INFO - Filling up the DagBag from /home/airflow/.local/lib/python3.7/site-packages/airflow/example_dags/example_trigger_target_dag.py
[2022-09-19T19:00:56.736+0000] {processor.py:768} INFO - DAG(s) dict_keys(['example_trigger_target_dag']) retrieved from /home/airflow/.local/lib/python3.7/site-packages/airflow/example_dags/example_trigger_target_dag.py
[2022-09-19T19:00:56.779+0000] {logging_mixin.py:117} INFO - [2022-09-19T19:00:56.779+0000] {dag.py:2573} INFO - Sync 1 DAGs
[2022-09-19T19:00:56.811+0000] {logging_mixin.py:117} INFO - [2022-09-19T19:00:56.811+0000] {dag.py:3328} INFO - Setting next_dagrun for example_trigger_target_dag to None, run_after=None
[2022-09-19T19:00:56.837+0000] {processor.py:178} INFO - Processing /home/airflow/.local/lib/python3.7/site-packages/airflow/example_dags/example_trigger_target_dag.py took 0.130 seconds
[2022-09-19T19:01:27.290+0000] {processor.py:156} INFO - Started process (PID=2072) to work on /home/airflow/.local/lib/python3.7/site-packages/airflow/example_dags/example_trigger_target_dag.py
[2022-09-19T19:01:27.290+0000] {processor.py:758} INFO - Processing file /home/airflow/.local/lib/python3.7/site-packages/airflow/example_dags/example_trigger_target_dag.py for tasks to queue
[2022-09-19T19:01:27.291+0000] {logging_mixin.py:117} INFO - [2022-09-19T19:01:27.291+0000] {dagbag.py:525} INFO - Filling up the DagBag from /home/airflow/.local/lib/python3.7/site-packages/airflow/example_dags/example_trigger_target_dag.py
[2022-09-19T19:01:27.315+0000] {processor.py:768} INFO - DAG(s) dict_keys(['example_trigger_target_dag']) retrieved from /home/airflow/.local/lib/python3.7/site-packages/airflow/example_dags/example_trigger_target_dag.py
[2022-09-19T19:01:27.353+0000] {logging_mixin.py:117} INFO - [2022-09-19T19:01:27.352+0000] {dag.py:2573} INFO - Sync 1 DAGs
[2022-09-19T19:01:27.380+0000] {logging_mixin.py:117} INFO - [2022-09-19T19:01:27.380+0000] {dag.py:3328} INFO - Setting next_dagrun for example_trigger_target_dag to None, run_after=None
[2022-09-19T19:01:27.404+0000] {processor.py:178} INFO - Processing /home/airflow/.local/lib/python3.7/site-packages/airflow/example_dags/example_trigger_target_dag.py took 0.117 seconds
[2022-09-19T19:01:57.772+0000] {processor.py:156} INFO - Started process (PID=2133) to work on /home/airflow/.local/lib/python3.7/site-packages/airflow/example_dags/example_trigger_target_dag.py
[2022-09-19T19:01:57.773+0000] {processor.py:758} INFO - Processing file /home/airflow/.local/lib/python3.7/site-packages/airflow/example_dags/example_trigger_target_dag.py for tasks to queue
[2022-09-19T19:01:57.773+0000] {logging_mixin.py:117} INFO - [2022-09-19T19:01:57.773+0000] {dagbag.py:525} INFO - Filling up the DagBag from /home/airflow/.local/lib/python3.7/site-packages/airflow/example_dags/example_trigger_target_dag.py
[2022-09-19T19:01:57.793+0000] {processor.py:768} INFO - DAG(s) dict_keys(['example_trigger_target_dag']) retrieved from /home/airflow/.local/lib/python3.7/site-packages/airflow/example_dags/example_trigger_target_dag.py
[2022-09-19T19:01:57.826+0000] {logging_mixin.py:117} INFO - [2022-09-19T19:01:57.826+0000] {dag.py:2573} INFO - Sync 1 DAGs
[2022-09-19T19:01:57.851+0000] {logging_mixin.py:117} INFO - [2022-09-19T19:01:57.851+0000] {dag.py:3328} INFO - Setting next_dagrun for example_trigger_target_dag to None, run_after=None
[2022-09-19T19:01:57.874+0000] {processor.py:178} INFO - Processing /home/airflow/.local/lib/python3.7/site-packages/airflow/example_dags/example_trigger_target_dag.py took 0.105 seconds
[2022-09-19T19:02:28.357+0000] {processor.py:156} INFO - Started process (PID=2196) to work on /home/airflow/.local/lib/python3.7/site-packages/airflow/example_dags/example_trigger_target_dag.py
[2022-09-19T19:02:28.357+0000] {processor.py:758} INFO - Processing file /home/airflow/.local/lib/python3.7/site-packages/airflow/example_dags/example_trigger_target_dag.py for tasks to queue
[2022-09-19T19:02:28.358+0000] {logging_mixin.py:117} INFO - [2022-09-19T19:02:28.358+0000] {dagbag.py:525} INFO - Filling up the DagBag from /home/airflow/.local/lib/python3.7/site-packages/airflow/example_dags/example_trigger_target_dag.py
[2022-09-19T19:02:28.382+0000] {processor.py:768} INFO - DAG(s) dict_keys(['example_trigger_target_dag']) retrieved from /home/airflow/.local/lib/python3.7/site-packages/airflow/example_dags/example_trigger_target_dag.py
[2022-09-19T19:02:28.426+0000] {logging_mixin.py:117} INFO - [2022-09-19T19:02:28.426+0000] {dag.py:2573} INFO - Sync 1 DAGs
[2022-09-19T19:02:28.455+0000] {logging_mixin.py:117} INFO - [2022-09-19T19:02:28.455+0000] {dag.py:3328} INFO - Setting next_dagrun for example_trigger_target_dag to None, run_after=None
[2022-09-19T19:02:28.479+0000] {processor.py:178} INFO - Processing /home/airflow/.local/lib/python3.7/site-packages/airflow/example_dags/example_trigger_target_dag.py took 0.126 seconds
[2022-09-19T19:02:58.780+0000] {processor.py:156} INFO - Started process (PID=2250) to work on /home/airflow/.local/lib/python3.7/site-packages/airflow/example_dags/example_trigger_target_dag.py
[2022-09-19T19:02:58.780+0000] {processor.py:758} INFO - Processing file /home/airflow/.local/lib/python3.7/site-packages/airflow/example_dags/example_trigger_target_dag.py for tasks to queue
[2022-09-19T19:02:58.781+0000] {logging_mixin.py:117} INFO - [2022-09-19T19:02:58.781+0000] {dagbag.py:525} INFO - Filling up the DagBag from /home/airflow/.local/lib/python3.7/site-packages/airflow/example_dags/example_trigger_target_dag.py
[2022-09-19T19:02:58.800+0000] {processor.py:768} INFO - DAG(s) dict_keys(['example_trigger_target_dag']) retrieved from /home/airflow/.local/lib/python3.7/site-packages/airflow/example_dags/example_trigger_target_dag.py
[2022-09-19T19:02:58.834+0000] {logging_mixin.py:117} INFO - [2022-09-19T19:02:58.834+0000] {dag.py:2573} INFO - Sync 1 DAGs
[2022-09-19T19:02:58.857+0000] {logging_mixin.py:117} INFO - [2022-09-19T19:02:58.857+0000] {dag.py:3328} INFO - Setting next_dagrun for example_trigger_target_dag to None, run_after=None
[2022-09-19T19:02:58.877+0000] {processor.py:178} INFO - Processing /home/airflow/.local/lib/python3.7/site-packages/airflow/example_dags/example_trigger_target_dag.py took 0.099 seconds
