[2022-09-19T18:44:08.981+0000] {processor.py:156} INFO - Started process (PID=55) to work on /home/airflow/.local/lib/python3.7/site-packages/airflow/example_dags/example_external_task_marker_dag.py
[2022-09-19T18:44:08.982+0000] {processor.py:758} INFO - Processing file /home/airflow/.local/lib/python3.7/site-packages/airflow/example_dags/example_external_task_marker_dag.py for tasks to queue
[2022-09-19T18:44:08.983+0000] {logging_mixin.py:117} INFO - [2022-09-19T18:44:08.983+0000] {dagbag.py:525} INFO - Filling up the DagBag from /home/airflow/.local/lib/python3.7/site-packages/airflow/example_dags/example_external_task_marker_dag.py
[2022-09-19T18:44:09.011+0000] {processor.py:768} INFO - DAG(s) dict_keys(['example_external_task_marker_child', 'example_external_task_marker_parent']) retrieved from /home/airflow/.local/lib/python3.7/site-packages/airflow/example_dags/example_external_task_marker_dag.py
[2022-09-19T18:44:09.047+0000] {logging_mixin.py:117} INFO - [2022-09-19T18:44:09.047+0000] {dag.py:2573} INFO - Sync 2 DAGs
[2022-09-19T18:44:09.095+0000] {logging_mixin.py:117} INFO - [2022-09-19T18:44:09.094+0000] {dag.py:3328} INFO - Setting next_dagrun for example_external_task_marker_child to None, run_after=None
[2022-09-19T18:44:09.100+0000] {logging_mixin.py:117} INFO - [2022-09-19T18:44:09.100+0000] {dag.py:3328} INFO - Setting next_dagrun for example_external_task_marker_parent to None, run_after=None
[2022-09-19T18:44:09.126+0000] {processor.py:178} INFO - Processing /home/airflow/.local/lib/python3.7/site-packages/airflow/example_dags/example_external_task_marker_dag.py took 0.148 seconds
[2022-09-19T18:44:39.973+0000] {processor.py:156} INFO - Started process (PID=108) to work on /home/airflow/.local/lib/python3.7/site-packages/airflow/example_dags/example_external_task_marker_dag.py
[2022-09-19T18:44:39.973+0000] {processor.py:758} INFO - Processing file /home/airflow/.local/lib/python3.7/site-packages/airflow/example_dags/example_external_task_marker_dag.py for tasks to queue
[2022-09-19T18:44:39.974+0000] {logging_mixin.py:117} INFO - [2022-09-19T18:44:39.974+0000] {dagbag.py:525} INFO - Filling up the DagBag from /home/airflow/.local/lib/python3.7/site-packages/airflow/example_dags/example_external_task_marker_dag.py
[2022-09-19T18:44:39.992+0000] {processor.py:768} INFO - DAG(s) dict_keys(['example_external_task_marker_parent', 'example_external_task_marker_child']) retrieved from /home/airflow/.local/lib/python3.7/site-packages/airflow/example_dags/example_external_task_marker_dag.py
[2022-09-19T18:44:40.282+0000] {logging_mixin.py:117} INFO - [2022-09-19T18:44:40.281+0000] {dag.py:2573} INFO - Sync 2 DAGs
[2022-09-19T18:44:40.309+0000] {logging_mixin.py:117} INFO - [2022-09-19T18:44:40.309+0000] {dag.py:3328} INFO - Setting next_dagrun for example_external_task_marker_child to None, run_after=None
[2022-09-19T18:44:40.313+0000] {logging_mixin.py:117} INFO - [2022-09-19T18:44:40.313+0000] {dag.py:3328} INFO - Setting next_dagrun for example_external_task_marker_parent to None, run_after=None
[2022-09-19T18:44:40.333+0000] {processor.py:178} INFO - Processing /home/airflow/.local/lib/python3.7/site-packages/airflow/example_dags/example_external_task_marker_dag.py took 0.364 seconds
[2022-09-19T18:45:10.764+0000] {processor.py:156} INFO - Started process (PID=173) to work on /home/airflow/.local/lib/python3.7/site-packages/airflow/example_dags/example_external_task_marker_dag.py
[2022-09-19T18:45:10.765+0000] {processor.py:758} INFO - Processing file /home/airflow/.local/lib/python3.7/site-packages/airflow/example_dags/example_external_task_marker_dag.py for tasks to queue
[2022-09-19T18:45:10.766+0000] {logging_mixin.py:117} INFO - [2022-09-19T18:45:10.765+0000] {dagbag.py:525} INFO - Filling up the DagBag from /home/airflow/.local/lib/python3.7/site-packages/airflow/example_dags/example_external_task_marker_dag.py
[2022-09-19T18:45:10.782+0000] {processor.py:768} INFO - DAG(s) dict_keys(['example_external_task_marker_parent', 'example_external_task_marker_child']) retrieved from /home/airflow/.local/lib/python3.7/site-packages/airflow/example_dags/example_external_task_marker_dag.py
[2022-09-19T18:45:11.045+0000] {logging_mixin.py:117} INFO - [2022-09-19T18:45:11.045+0000] {dag.py:2573} INFO - Sync 2 DAGs
[2022-09-19T18:45:11.079+0000] {logging_mixin.py:117} INFO - [2022-09-19T18:45:11.079+0000] {dag.py:3328} INFO - Setting next_dagrun for example_external_task_marker_child to None, run_after=None
[2022-09-19T18:45:11.083+0000] {logging_mixin.py:117} INFO - [2022-09-19T18:45:11.083+0000] {dag.py:3328} INFO - Setting next_dagrun for example_external_task_marker_parent to None, run_after=None
[2022-09-19T18:45:11.108+0000] {processor.py:178} INFO - Processing /home/airflow/.local/lib/python3.7/site-packages/airflow/example_dags/example_external_task_marker_dag.py took 0.347 seconds
[2022-09-19T18:45:41.524+0000] {processor.py:156} INFO - Started process (PID=237) to work on /home/airflow/.local/lib/python3.7/site-packages/airflow/example_dags/example_external_task_marker_dag.py
[2022-09-19T18:45:41.525+0000] {processor.py:758} INFO - Processing file /home/airflow/.local/lib/python3.7/site-packages/airflow/example_dags/example_external_task_marker_dag.py for tasks to queue
[2022-09-19T18:45:41.526+0000] {logging_mixin.py:117} INFO - [2022-09-19T18:45:41.526+0000] {dagbag.py:525} INFO - Filling up the DagBag from /home/airflow/.local/lib/python3.7/site-packages/airflow/example_dags/example_external_task_marker_dag.py
[2022-09-19T18:45:41.546+0000] {processor.py:768} INFO - DAG(s) dict_keys(['example_external_task_marker_parent', 'example_external_task_marker_child']) retrieved from /home/airflow/.local/lib/python3.7/site-packages/airflow/example_dags/example_external_task_marker_dag.py
[2022-09-19T18:45:41.828+0000] {logging_mixin.py:117} INFO - [2022-09-19T18:45:41.827+0000] {dag.py:2573} INFO - Sync 2 DAGs
[2022-09-19T18:45:41.854+0000] {logging_mixin.py:117} INFO - [2022-09-19T18:45:41.854+0000] {dag.py:3328} INFO - Setting next_dagrun for example_external_task_marker_child to None, run_after=None
[2022-09-19T18:45:41.860+0000] {logging_mixin.py:117} INFO - [2022-09-19T18:45:41.860+0000] {dag.py:3328} INFO - Setting next_dagrun for example_external_task_marker_parent to None, run_after=None
[2022-09-19T18:45:41.885+0000] {processor.py:178} INFO - Processing /home/airflow/.local/lib/python3.7/site-packages/airflow/example_dags/example_external_task_marker_dag.py took 0.364 seconds
[2022-09-19T18:46:12.799+0000] {processor.py:156} INFO - Started process (PID=292) to work on /home/airflow/.local/lib/python3.7/site-packages/airflow/example_dags/example_external_task_marker_dag.py
[2022-09-19T18:46:12.800+0000] {processor.py:758} INFO - Processing file /home/airflow/.local/lib/python3.7/site-packages/airflow/example_dags/example_external_task_marker_dag.py for tasks to queue
[2022-09-19T18:46:12.800+0000] {logging_mixin.py:117} INFO - [2022-09-19T18:46:12.800+0000] {dagbag.py:525} INFO - Filling up the DagBag from /home/airflow/.local/lib/python3.7/site-packages/airflow/example_dags/example_external_task_marker_dag.py
[2022-09-19T18:46:12.813+0000] {processor.py:768} INFO - DAG(s) dict_keys(['example_external_task_marker_parent', 'example_external_task_marker_child']) retrieved from /home/airflow/.local/lib/python3.7/site-packages/airflow/example_dags/example_external_task_marker_dag.py
[2022-09-19T18:46:13.003+0000] {logging_mixin.py:117} INFO - [2022-09-19T18:46:13.003+0000] {dag.py:2573} INFO - Sync 2 DAGs
[2022-09-19T18:46:13.028+0000] {logging_mixin.py:117} INFO - [2022-09-19T18:46:13.028+0000] {dag.py:3328} INFO - Setting next_dagrun for example_external_task_marker_child to None, run_after=None
[2022-09-19T18:46:13.032+0000] {logging_mixin.py:117} INFO - [2022-09-19T18:46:13.032+0000] {dag.py:3328} INFO - Setting next_dagrun for example_external_task_marker_parent to None, run_after=None
[2022-09-19T18:46:13.052+0000] {processor.py:178} INFO - Processing /home/airflow/.local/lib/python3.7/site-packages/airflow/example_dags/example_external_task_marker_dag.py took 0.256 seconds
[2022-09-19T18:46:43.586+0000] {processor.py:156} INFO - Started process (PID=355) to work on /home/airflow/.local/lib/python3.7/site-packages/airflow/example_dags/example_external_task_marker_dag.py
[2022-09-19T18:46:43.588+0000] {processor.py:758} INFO - Processing file /home/airflow/.local/lib/python3.7/site-packages/airflow/example_dags/example_external_task_marker_dag.py for tasks to queue
[2022-09-19T18:46:43.588+0000] {logging_mixin.py:117} INFO - [2022-09-19T18:46:43.588+0000] {dagbag.py:525} INFO - Filling up the DagBag from /home/airflow/.local/lib/python3.7/site-packages/airflow/example_dags/example_external_task_marker_dag.py
[2022-09-19T18:46:43.602+0000] {processor.py:768} INFO - DAG(s) dict_keys(['example_external_task_marker_parent', 'example_external_task_marker_child']) retrieved from /home/airflow/.local/lib/python3.7/site-packages/airflow/example_dags/example_external_task_marker_dag.py
[2022-09-19T18:46:43.844+0000] {logging_mixin.py:117} INFO - [2022-09-19T18:46:43.844+0000] {dag.py:2573} INFO - Sync 2 DAGs
[2022-09-19T18:46:43.879+0000] {logging_mixin.py:117} INFO - [2022-09-19T18:46:43.879+0000] {dag.py:3328} INFO - Setting next_dagrun for example_external_task_marker_child to None, run_after=None
[2022-09-19T18:46:43.885+0000] {logging_mixin.py:117} INFO - [2022-09-19T18:46:43.885+0000] {dag.py:3328} INFO - Setting next_dagrun for example_external_task_marker_parent to None, run_after=None
[2022-09-19T18:46:43.909+0000] {processor.py:178} INFO - Processing /home/airflow/.local/lib/python3.7/site-packages/airflow/example_dags/example_external_task_marker_dag.py took 0.326 seconds
[2022-09-19T18:47:14.033+0000] {processor.py:156} INFO - Started process (PID=420) to work on /home/airflow/.local/lib/python3.7/site-packages/airflow/example_dags/example_external_task_marker_dag.py
[2022-09-19T18:47:14.034+0000] {processor.py:758} INFO - Processing file /home/airflow/.local/lib/python3.7/site-packages/airflow/example_dags/example_external_task_marker_dag.py for tasks to queue
[2022-09-19T18:47:14.035+0000] {logging_mixin.py:117} INFO - [2022-09-19T18:47:14.035+0000] {dagbag.py:525} INFO - Filling up the DagBag from /home/airflow/.local/lib/python3.7/site-packages/airflow/example_dags/example_external_task_marker_dag.py
[2022-09-19T18:47:14.060+0000] {processor.py:768} INFO - DAG(s) dict_keys(['example_external_task_marker_child', 'example_external_task_marker_parent']) retrieved from /home/airflow/.local/lib/python3.7/site-packages/airflow/example_dags/example_external_task_marker_dag.py
[2022-09-19T18:47:14.431+0000] {logging_mixin.py:117} INFO - [2022-09-19T18:47:14.431+0000] {dag.py:2573} INFO - Sync 2 DAGs
[2022-09-19T18:47:14.470+0000] {logging_mixin.py:117} INFO - [2022-09-19T18:47:14.469+0000] {dag.py:3328} INFO - Setting next_dagrun for example_external_task_marker_child to None, run_after=None
[2022-09-19T18:47:14.477+0000] {logging_mixin.py:117} INFO - [2022-09-19T18:47:14.477+0000] {dag.py:3328} INFO - Setting next_dagrun for example_external_task_marker_parent to None, run_after=None
[2022-09-19T18:47:14.509+0000] {processor.py:178} INFO - Processing /home/airflow/.local/lib/python3.7/site-packages/airflow/example_dags/example_external_task_marker_dag.py took 0.480 seconds
[2022-09-19T18:47:44.698+0000] {processor.py:156} INFO - Started process (PID=475) to work on /home/airflow/.local/lib/python3.7/site-packages/airflow/example_dags/example_external_task_marker_dag.py
[2022-09-19T18:47:44.699+0000] {processor.py:758} INFO - Processing file /home/airflow/.local/lib/python3.7/site-packages/airflow/example_dags/example_external_task_marker_dag.py for tasks to queue
[2022-09-19T18:47:44.699+0000] {logging_mixin.py:117} INFO - [2022-09-19T18:47:44.699+0000] {dagbag.py:525} INFO - Filling up the DagBag from /home/airflow/.local/lib/python3.7/site-packages/airflow/example_dags/example_external_task_marker_dag.py
[2022-09-19T18:47:44.714+0000] {processor.py:768} INFO - DAG(s) dict_keys(['example_external_task_marker_parent', 'example_external_task_marker_child']) retrieved from /home/airflow/.local/lib/python3.7/site-packages/airflow/example_dags/example_external_task_marker_dag.py
[2022-09-19T18:47:44.965+0000] {logging_mixin.py:117} INFO - [2022-09-19T18:47:44.965+0000] {dag.py:2573} INFO - Sync 2 DAGs
[2022-09-19T18:47:44.994+0000] {logging_mixin.py:117} INFO - [2022-09-19T18:47:44.994+0000] {dag.py:3328} INFO - Setting next_dagrun for example_external_task_marker_child to None, run_after=None
[2022-09-19T18:47:44.998+0000] {logging_mixin.py:117} INFO - [2022-09-19T18:47:44.998+0000] {dag.py:3328} INFO - Setting next_dagrun for example_external_task_marker_parent to None, run_after=None
[2022-09-19T18:47:45.022+0000] {processor.py:178} INFO - Processing /home/airflow/.local/lib/python3.7/site-packages/airflow/example_dags/example_external_task_marker_dag.py took 0.327 seconds
[2022-09-19T18:48:15.385+0000] {processor.py:156} INFO - Started process (PID=539) to work on /home/airflow/.local/lib/python3.7/site-packages/airflow/example_dags/example_external_task_marker_dag.py
[2022-09-19T18:48:15.386+0000] {processor.py:758} INFO - Processing file /home/airflow/.local/lib/python3.7/site-packages/airflow/example_dags/example_external_task_marker_dag.py for tasks to queue
[2022-09-19T18:48:15.387+0000] {logging_mixin.py:117} INFO - [2022-09-19T18:48:15.387+0000] {dagbag.py:525} INFO - Filling up the DagBag from /home/airflow/.local/lib/python3.7/site-packages/airflow/example_dags/example_external_task_marker_dag.py
[2022-09-19T18:48:15.407+0000] {processor.py:768} INFO - DAG(s) dict_keys(['example_external_task_marker_child', 'example_external_task_marker_parent']) retrieved from /home/airflow/.local/lib/python3.7/site-packages/airflow/example_dags/example_external_task_marker_dag.py
[2022-09-19T18:48:15.673+0000] {logging_mixin.py:117} INFO - [2022-09-19T18:48:15.673+0000] {dag.py:2573} INFO - Sync 2 DAGs
[2022-09-19T18:48:15.707+0000] {logging_mixin.py:117} INFO - [2022-09-19T18:48:15.706+0000] {dag.py:3328} INFO - Setting next_dagrun for example_external_task_marker_child to None, run_after=None
[2022-09-19T18:48:15.711+0000] {logging_mixin.py:117} INFO - [2022-09-19T18:48:15.711+0000] {dag.py:3328} INFO - Setting next_dagrun for example_external_task_marker_parent to None, run_after=None
[2022-09-19T18:48:15.735+0000] {processor.py:178} INFO - Processing /home/airflow/.local/lib/python3.7/site-packages/airflow/example_dags/example_external_task_marker_dag.py took 0.354 seconds
[2022-09-19T18:48:46.080+0000] {processor.py:156} INFO - Started process (PID=593) to work on /home/airflow/.local/lib/python3.7/site-packages/airflow/example_dags/example_external_task_marker_dag.py
[2022-09-19T18:48:46.081+0000] {processor.py:758} INFO - Processing file /home/airflow/.local/lib/python3.7/site-packages/airflow/example_dags/example_external_task_marker_dag.py for tasks to queue
[2022-09-19T18:48:46.082+0000] {logging_mixin.py:117} INFO - [2022-09-19T18:48:46.082+0000] {dagbag.py:525} INFO - Filling up the DagBag from /home/airflow/.local/lib/python3.7/site-packages/airflow/example_dags/example_external_task_marker_dag.py
[2022-09-19T18:48:46.107+0000] {processor.py:768} INFO - DAG(s) dict_keys(['example_external_task_marker_child', 'example_external_task_marker_parent']) retrieved from /home/airflow/.local/lib/python3.7/site-packages/airflow/example_dags/example_external_task_marker_dag.py
[2022-09-19T18:48:46.402+0000] {logging_mixin.py:117} INFO - [2022-09-19T18:48:46.402+0000] {dag.py:2573} INFO - Sync 2 DAGs
[2022-09-19T18:48:46.434+0000] {logging_mixin.py:117} INFO - [2022-09-19T18:48:46.434+0000] {dag.py:3328} INFO - Setting next_dagrun for example_external_task_marker_child to None, run_after=None
[2022-09-19T18:48:46.439+0000] {logging_mixin.py:117} INFO - [2022-09-19T18:48:46.438+0000] {dag.py:3328} INFO - Setting next_dagrun for example_external_task_marker_parent to None, run_after=None
[2022-09-19T18:48:46.462+0000] {processor.py:178} INFO - Processing /home/airflow/.local/lib/python3.7/site-packages/airflow/example_dags/example_external_task_marker_dag.py took 0.386 seconds
[2022-09-19T18:49:16.566+0000] {processor.py:156} INFO - Started process (PID=651) to work on /home/airflow/.local/lib/python3.7/site-packages/airflow/example_dags/example_external_task_marker_dag.py
[2022-09-19T18:49:16.567+0000] {processor.py:758} INFO - Processing file /home/airflow/.local/lib/python3.7/site-packages/airflow/example_dags/example_external_task_marker_dag.py for tasks to queue
[2022-09-19T18:49:16.567+0000] {logging_mixin.py:117} INFO - [2022-09-19T18:49:16.567+0000] {dagbag.py:525} INFO - Filling up the DagBag from /home/airflow/.local/lib/python3.7/site-packages/airflow/example_dags/example_external_task_marker_dag.py
[2022-09-19T18:49:16.582+0000] {processor.py:768} INFO - DAG(s) dict_keys(['example_external_task_marker_child', 'example_external_task_marker_parent']) retrieved from /home/airflow/.local/lib/python3.7/site-packages/airflow/example_dags/example_external_task_marker_dag.py
[2022-09-19T18:49:16.796+0000] {logging_mixin.py:117} INFO - [2022-09-19T18:49:16.796+0000] {dag.py:2573} INFO - Sync 2 DAGs
[2022-09-19T18:49:16.824+0000] {logging_mixin.py:117} INFO - [2022-09-19T18:49:16.824+0000] {dag.py:3328} INFO - Setting next_dagrun for example_external_task_marker_child to None, run_after=None
[2022-09-19T18:49:16.828+0000] {logging_mixin.py:117} INFO - [2022-09-19T18:49:16.827+0000] {dag.py:3328} INFO - Setting next_dagrun for example_external_task_marker_parent to None, run_after=None
[2022-09-19T18:49:16.848+0000] {processor.py:178} INFO - Processing /home/airflow/.local/lib/python3.7/site-packages/airflow/example_dags/example_external_task_marker_dag.py took 0.284 seconds
[2022-09-19T18:49:46.947+0000] {processor.py:156} INFO - Started process (PID=714) to work on /home/airflow/.local/lib/python3.7/site-packages/airflow/example_dags/example_external_task_marker_dag.py
[2022-09-19T18:49:46.948+0000] {processor.py:758} INFO - Processing file /home/airflow/.local/lib/python3.7/site-packages/airflow/example_dags/example_external_task_marker_dag.py for tasks to queue
[2022-09-19T18:49:46.948+0000] {logging_mixin.py:117} INFO - [2022-09-19T18:49:46.948+0000] {dagbag.py:525} INFO - Filling up the DagBag from /home/airflow/.local/lib/python3.7/site-packages/airflow/example_dags/example_external_task_marker_dag.py
[2022-09-19T18:49:46.962+0000] {processor.py:768} INFO - DAG(s) dict_keys(['example_external_task_marker_child', 'example_external_task_marker_parent']) retrieved from /home/airflow/.local/lib/python3.7/site-packages/airflow/example_dags/example_external_task_marker_dag.py
[2022-09-19T18:49:47.162+0000] {logging_mixin.py:117} INFO - [2022-09-19T18:49:47.161+0000] {dag.py:2573} INFO - Sync 2 DAGs
[2022-09-19T18:49:47.188+0000] {logging_mixin.py:117} INFO - [2022-09-19T18:49:47.187+0000] {dag.py:3328} INFO - Setting next_dagrun for example_external_task_marker_child to None, run_after=None
[2022-09-19T18:49:47.191+0000] {logging_mixin.py:117} INFO - [2022-09-19T18:49:47.191+0000] {dag.py:3328} INFO - Setting next_dagrun for example_external_task_marker_parent to None, run_after=None
[2022-09-19T18:49:47.211+0000] {processor.py:178} INFO - Processing /home/airflow/.local/lib/python3.7/site-packages/airflow/example_dags/example_external_task_marker_dag.py took 0.266 seconds
[2022-09-19T18:50:17.328+0000] {processor.py:156} INFO - Started process (PID=770) to work on /home/airflow/.local/lib/python3.7/site-packages/airflow/example_dags/example_external_task_marker_dag.py
[2022-09-19T18:50:17.329+0000] {processor.py:758} INFO - Processing file /home/airflow/.local/lib/python3.7/site-packages/airflow/example_dags/example_external_task_marker_dag.py for tasks to queue
[2022-09-19T18:50:17.329+0000] {logging_mixin.py:117} INFO - [2022-09-19T18:50:17.329+0000] {dagbag.py:525} INFO - Filling up the DagBag from /home/airflow/.local/lib/python3.7/site-packages/airflow/example_dags/example_external_task_marker_dag.py
[2022-09-19T18:50:17.341+0000] {processor.py:768} INFO - DAG(s) dict_keys(['example_external_task_marker_child', 'example_external_task_marker_parent']) retrieved from /home/airflow/.local/lib/python3.7/site-packages/airflow/example_dags/example_external_task_marker_dag.py
[2022-09-19T18:50:17.528+0000] {logging_mixin.py:117} INFO - [2022-09-19T18:50:17.528+0000] {dag.py:2573} INFO - Sync 2 DAGs
[2022-09-19T18:50:17.550+0000] {logging_mixin.py:117} INFO - [2022-09-19T18:50:17.550+0000] {dag.py:3328} INFO - Setting next_dagrun for example_external_task_marker_child to None, run_after=None
[2022-09-19T18:50:17.553+0000] {logging_mixin.py:117} INFO - [2022-09-19T18:50:17.553+0000] {dag.py:3328} INFO - Setting next_dagrun for example_external_task_marker_parent to None, run_after=None
[2022-09-19T18:50:17.570+0000] {processor.py:178} INFO - Processing /home/airflow/.local/lib/python3.7/site-packages/airflow/example_dags/example_external_task_marker_dag.py took 0.244 seconds
[2022-09-19T18:50:47.665+0000] {processor.py:156} INFO - Started process (PID=832) to work on /home/airflow/.local/lib/python3.7/site-packages/airflow/example_dags/example_external_task_marker_dag.py
[2022-09-19T18:50:47.666+0000] {processor.py:758} INFO - Processing file /home/airflow/.local/lib/python3.7/site-packages/airflow/example_dags/example_external_task_marker_dag.py for tasks to queue
[2022-09-19T18:50:47.666+0000] {logging_mixin.py:117} INFO - [2022-09-19T18:50:47.666+0000] {dagbag.py:525} INFO - Filling up the DagBag from /home/airflow/.local/lib/python3.7/site-packages/airflow/example_dags/example_external_task_marker_dag.py
[2022-09-19T18:50:47.680+0000] {processor.py:768} INFO - DAG(s) dict_keys(['example_external_task_marker_parent', 'example_external_task_marker_child']) retrieved from /home/airflow/.local/lib/python3.7/site-packages/airflow/example_dags/example_external_task_marker_dag.py
[2022-09-19T18:50:47.868+0000] {logging_mixin.py:117} INFO - [2022-09-19T18:50:47.868+0000] {dag.py:2573} INFO - Sync 2 DAGs
[2022-09-19T18:50:47.892+0000] {logging_mixin.py:117} INFO - [2022-09-19T18:50:47.892+0000] {dag.py:3328} INFO - Setting next_dagrun for example_external_task_marker_child to None, run_after=None
[2022-09-19T18:50:47.895+0000] {logging_mixin.py:117} INFO - [2022-09-19T18:50:47.895+0000] {dag.py:3328} INFO - Setting next_dagrun for example_external_task_marker_parent to None, run_after=None
[2022-09-19T18:50:47.914+0000] {processor.py:178} INFO - Processing /home/airflow/.local/lib/python3.7/site-packages/airflow/example_dags/example_external_task_marker_dag.py took 0.252 seconds
[2022-09-19T18:51:18.799+0000] {processor.py:156} INFO - Started process (PID=894) to work on /home/airflow/.local/lib/python3.7/site-packages/airflow/example_dags/example_external_task_marker_dag.py
[2022-09-19T18:51:18.801+0000] {processor.py:758} INFO - Processing file /home/airflow/.local/lib/python3.7/site-packages/airflow/example_dags/example_external_task_marker_dag.py for tasks to queue
[2022-09-19T18:51:18.801+0000] {logging_mixin.py:117} INFO - [2022-09-19T18:51:18.801+0000] {dagbag.py:525} INFO - Filling up the DagBag from /home/airflow/.local/lib/python3.7/site-packages/airflow/example_dags/example_external_task_marker_dag.py
[2022-09-19T18:51:18.815+0000] {processor.py:768} INFO - DAG(s) dict_keys(['example_external_task_marker_parent', 'example_external_task_marker_child']) retrieved from /home/airflow/.local/lib/python3.7/site-packages/airflow/example_dags/example_external_task_marker_dag.py
[2022-09-19T18:51:19.014+0000] {logging_mixin.py:117} INFO - [2022-09-19T18:51:19.014+0000] {dag.py:2573} INFO - Sync 2 DAGs
[2022-09-19T18:51:19.041+0000] {logging_mixin.py:117} INFO - [2022-09-19T18:51:19.041+0000] {dag.py:3328} INFO - Setting next_dagrun for example_external_task_marker_child to None, run_after=None
[2022-09-19T18:51:19.044+0000] {logging_mixin.py:117} INFO - [2022-09-19T18:51:19.044+0000] {dag.py:3328} INFO - Setting next_dagrun for example_external_task_marker_parent to None, run_after=None
[2022-09-19T18:51:19.066+0000] {processor.py:178} INFO - Processing /home/airflow/.local/lib/python3.7/site-packages/airflow/example_dags/example_external_task_marker_dag.py took 0.270 seconds
[2022-09-19T18:51:49.089+0000] {processor.py:156} INFO - Started process (PID=949) to work on /home/airflow/.local/lib/python3.7/site-packages/airflow/example_dags/example_external_task_marker_dag.py
[2022-09-19T18:51:49.090+0000] {processor.py:758} INFO - Processing file /home/airflow/.local/lib/python3.7/site-packages/airflow/example_dags/example_external_task_marker_dag.py for tasks to queue
[2022-09-19T18:51:49.090+0000] {logging_mixin.py:117} INFO - [2022-09-19T18:51:49.090+0000] {dagbag.py:525} INFO - Filling up the DagBag from /home/airflow/.local/lib/python3.7/site-packages/airflow/example_dags/example_external_task_marker_dag.py
[2022-09-19T18:51:49.104+0000] {processor.py:768} INFO - DAG(s) dict_keys(['example_external_task_marker_parent', 'example_external_task_marker_child']) retrieved from /home/airflow/.local/lib/python3.7/site-packages/airflow/example_dags/example_external_task_marker_dag.py
[2022-09-19T18:51:49.325+0000] {logging_mixin.py:117} INFO - [2022-09-19T18:51:49.325+0000] {dag.py:2573} INFO - Sync 2 DAGs
[2022-09-19T18:51:49.351+0000] {logging_mixin.py:117} INFO - [2022-09-19T18:51:49.351+0000] {dag.py:3328} INFO - Setting next_dagrun for example_external_task_marker_child to None, run_after=None
[2022-09-19T18:51:49.354+0000] {logging_mixin.py:117} INFO - [2022-09-19T18:51:49.354+0000] {dag.py:3328} INFO - Setting next_dagrun for example_external_task_marker_parent to None, run_after=None
[2022-09-19T18:51:49.377+0000] {processor.py:178} INFO - Processing /home/airflow/.local/lib/python3.7/site-packages/airflow/example_dags/example_external_task_marker_dag.py took 0.291 seconds
[2022-09-19T18:52:19.474+0000] {processor.py:156} INFO - Started process (PID=1013) to work on /home/airflow/.local/lib/python3.7/site-packages/airflow/example_dags/example_external_task_marker_dag.py
[2022-09-19T18:52:19.475+0000] {processor.py:758} INFO - Processing file /home/airflow/.local/lib/python3.7/site-packages/airflow/example_dags/example_external_task_marker_dag.py for tasks to queue
[2022-09-19T18:52:19.476+0000] {logging_mixin.py:117} INFO - [2022-09-19T18:52:19.475+0000] {dagbag.py:525} INFO - Filling up the DagBag from /home/airflow/.local/lib/python3.7/site-packages/airflow/example_dags/example_external_task_marker_dag.py
[2022-09-19T18:52:19.494+0000] {processor.py:768} INFO - DAG(s) dict_keys(['example_external_task_marker_child', 'example_external_task_marker_parent']) retrieved from /home/airflow/.local/lib/python3.7/site-packages/airflow/example_dags/example_external_task_marker_dag.py
[2022-09-19T18:52:19.737+0000] {logging_mixin.py:117} INFO - [2022-09-19T18:52:19.737+0000] {dag.py:2573} INFO - Sync 2 DAGs
[2022-09-19T18:52:19.763+0000] {logging_mixin.py:117} INFO - [2022-09-19T18:52:19.763+0000] {dag.py:3328} INFO - Setting next_dagrun for example_external_task_marker_child to None, run_after=None
[2022-09-19T18:52:19.767+0000] {logging_mixin.py:117} INFO - [2022-09-19T18:52:19.767+0000] {dag.py:3328} INFO - Setting next_dagrun for example_external_task_marker_parent to None, run_after=None
[2022-09-19T18:52:19.790+0000] {processor.py:178} INFO - Processing /home/airflow/.local/lib/python3.7/site-packages/airflow/example_dags/example_external_task_marker_dag.py took 0.318 seconds
[2022-09-19T18:52:49.933+0000] {processor.py:156} INFO - Started process (PID=1075) to work on /home/airflow/.local/lib/python3.7/site-packages/airflow/example_dags/example_external_task_marker_dag.py
[2022-09-19T18:52:49.934+0000] {processor.py:758} INFO - Processing file /home/airflow/.local/lib/python3.7/site-packages/airflow/example_dags/example_external_task_marker_dag.py for tasks to queue
[2022-09-19T18:52:49.935+0000] {logging_mixin.py:117} INFO - [2022-09-19T18:52:49.935+0000] {dagbag.py:525} INFO - Filling up the DagBag from /home/airflow/.local/lib/python3.7/site-packages/airflow/example_dags/example_external_task_marker_dag.py
[2022-09-19T18:52:49.951+0000] {processor.py:768} INFO - DAG(s) dict_keys(['example_external_task_marker_parent', 'example_external_task_marker_child']) retrieved from /home/airflow/.local/lib/python3.7/site-packages/airflow/example_dags/example_external_task_marker_dag.py
[2022-09-19T18:52:50.273+0000] {logging_mixin.py:117} INFO - [2022-09-19T18:52:50.273+0000] {dag.py:2573} INFO - Sync 2 DAGs
[2022-09-19T18:52:50.318+0000] {logging_mixin.py:117} INFO - [2022-09-19T18:52:50.318+0000] {dag.py:3328} INFO - Setting next_dagrun for example_external_task_marker_child to None, run_after=None
[2022-09-19T18:52:50.323+0000] {logging_mixin.py:117} INFO - [2022-09-19T18:52:50.322+0000] {dag.py:3328} INFO - Setting next_dagrun for example_external_task_marker_parent to None, run_after=None
[2022-09-19T18:52:50.347+0000] {processor.py:178} INFO - Processing /home/airflow/.local/lib/python3.7/site-packages/airflow/example_dags/example_external_task_marker_dag.py took 0.417 seconds
[2022-09-19T18:53:20.950+0000] {processor.py:156} INFO - Started process (PID=1129) to work on /home/airflow/.local/lib/python3.7/site-packages/airflow/example_dags/example_external_task_marker_dag.py
[2022-09-19T18:53:20.951+0000] {processor.py:758} INFO - Processing file /home/airflow/.local/lib/python3.7/site-packages/airflow/example_dags/example_external_task_marker_dag.py for tasks to queue
[2022-09-19T18:53:20.952+0000] {logging_mixin.py:117} INFO - [2022-09-19T18:53:20.952+0000] {dagbag.py:525} INFO - Filling up the DagBag from /home/airflow/.local/lib/python3.7/site-packages/airflow/example_dags/example_external_task_marker_dag.py
[2022-09-19T18:53:20.966+0000] {processor.py:768} INFO - DAG(s) dict_keys(['example_external_task_marker_child', 'example_external_task_marker_parent']) retrieved from /home/airflow/.local/lib/python3.7/site-packages/airflow/example_dags/example_external_task_marker_dag.py
[2022-09-19T18:53:21.210+0000] {logging_mixin.py:117} INFO - [2022-09-19T18:53:21.210+0000] {dag.py:2573} INFO - Sync 2 DAGs
[2022-09-19T18:53:21.240+0000] {logging_mixin.py:117} INFO - [2022-09-19T18:53:21.240+0000] {dag.py:3328} INFO - Setting next_dagrun for example_external_task_marker_child to None, run_after=None
[2022-09-19T18:53:21.245+0000] {logging_mixin.py:117} INFO - [2022-09-19T18:53:21.245+0000] {dag.py:3328} INFO - Setting next_dagrun for example_external_task_marker_parent to None, run_after=None
[2022-09-19T18:53:21.265+0000] {processor.py:178} INFO - Processing /home/airflow/.local/lib/python3.7/site-packages/airflow/example_dags/example_external_task_marker_dag.py took 0.318 seconds
[2022-09-19T18:53:51.879+0000] {processor.py:156} INFO - Started process (PID=1190) to work on /home/airflow/.local/lib/python3.7/site-packages/airflow/example_dags/example_external_task_marker_dag.py
[2022-09-19T18:53:51.881+0000] {processor.py:758} INFO - Processing file /home/airflow/.local/lib/python3.7/site-packages/airflow/example_dags/example_external_task_marker_dag.py for tasks to queue
[2022-09-19T18:53:51.881+0000] {logging_mixin.py:117} INFO - [2022-09-19T18:53:51.881+0000] {dagbag.py:525} INFO - Filling up the DagBag from /home/airflow/.local/lib/python3.7/site-packages/airflow/example_dags/example_external_task_marker_dag.py
[2022-09-19T18:53:51.896+0000] {processor.py:768} INFO - DAG(s) dict_keys(['example_external_task_marker_parent', 'example_external_task_marker_child']) retrieved from /home/airflow/.local/lib/python3.7/site-packages/airflow/example_dags/example_external_task_marker_dag.py
[2022-09-19T18:53:52.143+0000] {logging_mixin.py:117} INFO - [2022-09-19T18:53:52.143+0000] {dag.py:2573} INFO - Sync 2 DAGs
[2022-09-19T18:53:52.177+0000] {logging_mixin.py:117} INFO - [2022-09-19T18:53:52.177+0000] {dag.py:3328} INFO - Setting next_dagrun for example_external_task_marker_child to None, run_after=None
[2022-09-19T18:53:52.181+0000] {logging_mixin.py:117} INFO - [2022-09-19T18:53:52.181+0000] {dag.py:3328} INFO - Setting next_dagrun for example_external_task_marker_parent to None, run_after=None
[2022-09-19T18:53:52.203+0000] {processor.py:178} INFO - Processing /home/airflow/.local/lib/python3.7/site-packages/airflow/example_dags/example_external_task_marker_dag.py took 0.326 seconds
[2022-09-19T18:54:22.331+0000] {processor.py:156} INFO - Started process (PID=1246) to work on /home/airflow/.local/lib/python3.7/site-packages/airflow/example_dags/example_external_task_marker_dag.py
[2022-09-19T18:54:22.332+0000] {processor.py:758} INFO - Processing file /home/airflow/.local/lib/python3.7/site-packages/airflow/example_dags/example_external_task_marker_dag.py for tasks to queue
[2022-09-19T18:54:22.333+0000] {logging_mixin.py:117} INFO - [2022-09-19T18:54:22.332+0000] {dagbag.py:525} INFO - Filling up the DagBag from /home/airflow/.local/lib/python3.7/site-packages/airflow/example_dags/example_external_task_marker_dag.py
[2022-09-19T18:54:22.345+0000] {processor.py:768} INFO - DAG(s) dict_keys(['example_external_task_marker_parent', 'example_external_task_marker_child']) retrieved from /home/airflow/.local/lib/python3.7/site-packages/airflow/example_dags/example_external_task_marker_dag.py
[2022-09-19T18:54:22.534+0000] {logging_mixin.py:117} INFO - [2022-09-19T18:54:22.534+0000] {dag.py:2573} INFO - Sync 2 DAGs
[2022-09-19T18:54:22.560+0000] {logging_mixin.py:117} INFO - [2022-09-19T18:54:22.560+0000] {dag.py:3328} INFO - Setting next_dagrun for example_external_task_marker_child to None, run_after=None
[2022-09-19T18:54:22.564+0000] {logging_mixin.py:117} INFO - [2022-09-19T18:54:22.564+0000] {dag.py:3328} INFO - Setting next_dagrun for example_external_task_marker_parent to None, run_after=None
[2022-09-19T18:54:22.585+0000] {processor.py:178} INFO - Processing /home/airflow/.local/lib/python3.7/site-packages/airflow/example_dags/example_external_task_marker_dag.py took 0.256 seconds
[2022-09-19T18:54:52.661+0000] {processor.py:156} INFO - Started process (PID=1311) to work on /home/airflow/.local/lib/python3.7/site-packages/airflow/example_dags/example_external_task_marker_dag.py
[2022-09-19T18:54:52.662+0000] {processor.py:758} INFO - Processing file /home/airflow/.local/lib/python3.7/site-packages/airflow/example_dags/example_external_task_marker_dag.py for tasks to queue
[2022-09-19T18:54:52.662+0000] {logging_mixin.py:117} INFO - [2022-09-19T18:54:52.662+0000] {dagbag.py:525} INFO - Filling up the DagBag from /home/airflow/.local/lib/python3.7/site-packages/airflow/example_dags/example_external_task_marker_dag.py
[2022-09-19T18:54:52.675+0000] {processor.py:768} INFO - DAG(s) dict_keys(['example_external_task_marker_child', 'example_external_task_marker_parent']) retrieved from /home/airflow/.local/lib/python3.7/site-packages/airflow/example_dags/example_external_task_marker_dag.py
[2022-09-19T18:54:52.881+0000] {logging_mixin.py:117} INFO - [2022-09-19T18:54:52.881+0000] {dag.py:2573} INFO - Sync 2 DAGs
[2022-09-19T18:54:52.906+0000] {logging_mixin.py:117} INFO - [2022-09-19T18:54:52.906+0000] {dag.py:3328} INFO - Setting next_dagrun for example_external_task_marker_child to None, run_after=None
[2022-09-19T18:54:52.910+0000] {logging_mixin.py:117} INFO - [2022-09-19T18:54:52.910+0000] {dag.py:3328} INFO - Setting next_dagrun for example_external_task_marker_parent to None, run_after=None
[2022-09-19T18:54:52.928+0000] {processor.py:178} INFO - Processing /home/airflow/.local/lib/python3.7/site-packages/airflow/example_dags/example_external_task_marker_dag.py took 0.269 seconds
[2022-09-19T18:55:23.050+0000] {processor.py:156} INFO - Started process (PID=1375) to work on /home/airflow/.local/lib/python3.7/site-packages/airflow/example_dags/example_external_task_marker_dag.py
[2022-09-19T18:55:23.050+0000] {processor.py:758} INFO - Processing file /home/airflow/.local/lib/python3.7/site-packages/airflow/example_dags/example_external_task_marker_dag.py for tasks to queue
[2022-09-19T18:55:23.051+0000] {logging_mixin.py:117} INFO - [2022-09-19T18:55:23.051+0000] {dagbag.py:525} INFO - Filling up the DagBag from /home/airflow/.local/lib/python3.7/site-packages/airflow/example_dags/example_external_task_marker_dag.py
[2022-09-19T18:55:23.065+0000] {processor.py:768} INFO - DAG(s) dict_keys(['example_external_task_marker_child', 'example_external_task_marker_parent']) retrieved from /home/airflow/.local/lib/python3.7/site-packages/airflow/example_dags/example_external_task_marker_dag.py
[2022-09-19T18:55:23.304+0000] {logging_mixin.py:117} INFO - [2022-09-19T18:55:23.303+0000] {dag.py:2573} INFO - Sync 2 DAGs
[2022-09-19T18:55:23.331+0000] {logging_mixin.py:117} INFO - [2022-09-19T18:55:23.331+0000] {dag.py:3328} INFO - Setting next_dagrun for example_external_task_marker_child to None, run_after=None
[2022-09-19T18:55:23.336+0000] {logging_mixin.py:117} INFO - [2022-09-19T18:55:23.335+0000] {dag.py:3328} INFO - Setting next_dagrun for example_external_task_marker_parent to None, run_after=None
[2022-09-19T18:55:23.354+0000] {processor.py:178} INFO - Processing /home/airflow/.local/lib/python3.7/site-packages/airflow/example_dags/example_external_task_marker_dag.py took 0.308 seconds
[2022-09-19T18:55:53.463+0000] {processor.py:156} INFO - Started process (PID=1431) to work on /home/airflow/.local/lib/python3.7/site-packages/airflow/example_dags/example_external_task_marker_dag.py
[2022-09-19T18:55:53.464+0000] {processor.py:758} INFO - Processing file /home/airflow/.local/lib/python3.7/site-packages/airflow/example_dags/example_external_task_marker_dag.py for tasks to queue
[2022-09-19T18:55:53.464+0000] {logging_mixin.py:117} INFO - [2022-09-19T18:55:53.464+0000] {dagbag.py:525} INFO - Filling up the DagBag from /home/airflow/.local/lib/python3.7/site-packages/airflow/example_dags/example_external_task_marker_dag.py
[2022-09-19T18:55:53.479+0000] {processor.py:768} INFO - DAG(s) dict_keys(['example_external_task_marker_child', 'example_external_task_marker_parent']) retrieved from /home/airflow/.local/lib/python3.7/site-packages/airflow/example_dags/example_external_task_marker_dag.py
[2022-09-19T18:55:53.703+0000] {logging_mixin.py:117} INFO - [2022-09-19T18:55:53.703+0000] {dag.py:2573} INFO - Sync 2 DAGs
[2022-09-19T18:55:53.729+0000] {logging_mixin.py:117} INFO - [2022-09-19T18:55:53.729+0000] {dag.py:3328} INFO - Setting next_dagrun for example_external_task_marker_child to None, run_after=None
[2022-09-19T18:55:53.733+0000] {logging_mixin.py:117} INFO - [2022-09-19T18:55:53.732+0000] {dag.py:3328} INFO - Setting next_dagrun for example_external_task_marker_parent to None, run_after=None
[2022-09-19T18:55:53.750+0000] {processor.py:178} INFO - Processing /home/airflow/.local/lib/python3.7/site-packages/airflow/example_dags/example_external_task_marker_dag.py took 0.289 seconds
[2022-09-19T18:56:24.490+0000] {processor.py:156} INFO - Started process (PID=1493) to work on /home/airflow/.local/lib/python3.7/site-packages/airflow/example_dags/example_external_task_marker_dag.py
[2022-09-19T18:56:24.492+0000] {processor.py:758} INFO - Processing file /home/airflow/.local/lib/python3.7/site-packages/airflow/example_dags/example_external_task_marker_dag.py for tasks to queue
[2022-09-19T18:56:24.492+0000] {logging_mixin.py:117} INFO - [2022-09-19T18:56:24.492+0000] {dagbag.py:525} INFO - Filling up the DagBag from /home/airflow/.local/lib/python3.7/site-packages/airflow/example_dags/example_external_task_marker_dag.py
[2022-09-19T18:56:24.504+0000] {processor.py:768} INFO - DAG(s) dict_keys(['example_external_task_marker_child', 'example_external_task_marker_parent']) retrieved from /home/airflow/.local/lib/python3.7/site-packages/airflow/example_dags/example_external_task_marker_dag.py
[2022-09-19T18:56:24.688+0000] {logging_mixin.py:117} INFO - [2022-09-19T18:56:24.688+0000] {dag.py:2573} INFO - Sync 2 DAGs
[2022-09-19T18:56:24.712+0000] {logging_mixin.py:117} INFO - [2022-09-19T18:56:24.711+0000] {dag.py:3328} INFO - Setting next_dagrun for example_external_task_marker_child to None, run_after=None
[2022-09-19T18:56:24.715+0000] {logging_mixin.py:117} INFO - [2022-09-19T18:56:24.715+0000] {dag.py:3328} INFO - Setting next_dagrun for example_external_task_marker_parent to None, run_after=None
[2022-09-19T18:56:24.732+0000] {processor.py:178} INFO - Processing /home/airflow/.local/lib/python3.7/site-packages/airflow/example_dags/example_external_task_marker_dag.py took 0.245 seconds
[2022-09-19T18:56:55.054+0000] {processor.py:156} INFO - Started process (PID=1555) to work on /home/airflow/.local/lib/python3.7/site-packages/airflow/example_dags/example_external_task_marker_dag.py
[2022-09-19T18:56:55.055+0000] {processor.py:758} INFO - Processing file /home/airflow/.local/lib/python3.7/site-packages/airflow/example_dags/example_external_task_marker_dag.py for tasks to queue
[2022-09-19T18:56:55.055+0000] {logging_mixin.py:117} INFO - [2022-09-19T18:56:55.055+0000] {dagbag.py:525} INFO - Filling up the DagBag from /home/airflow/.local/lib/python3.7/site-packages/airflow/example_dags/example_external_task_marker_dag.py
[2022-09-19T18:56:55.072+0000] {processor.py:768} INFO - DAG(s) dict_keys(['example_external_task_marker_child', 'example_external_task_marker_parent']) retrieved from /home/airflow/.local/lib/python3.7/site-packages/airflow/example_dags/example_external_task_marker_dag.py
[2022-09-19T18:56:55.318+0000] {logging_mixin.py:117} INFO - [2022-09-19T18:56:55.318+0000] {dag.py:2573} INFO - Sync 2 DAGs
[2022-09-19T18:56:55.347+0000] {logging_mixin.py:117} INFO - [2022-09-19T18:56:55.347+0000] {dag.py:3328} INFO - Setting next_dagrun for example_external_task_marker_child to None, run_after=None
[2022-09-19T18:56:55.352+0000] {logging_mixin.py:117} INFO - [2022-09-19T18:56:55.351+0000] {dag.py:3328} INFO - Setting next_dagrun for example_external_task_marker_parent to None, run_after=None
[2022-09-19T18:56:55.372+0000] {processor.py:178} INFO - Processing /home/airflow/.local/lib/python3.7/site-packages/airflow/example_dags/example_external_task_marker_dag.py took 0.320 seconds
[2022-09-19T18:57:26.110+0000] {processor.py:156} INFO - Started process (PID=1609) to work on /home/airflow/.local/lib/python3.7/site-packages/airflow/example_dags/example_external_task_marker_dag.py
[2022-09-19T18:57:26.112+0000] {processor.py:758} INFO - Processing file /home/airflow/.local/lib/python3.7/site-packages/airflow/example_dags/example_external_task_marker_dag.py for tasks to queue
[2022-09-19T18:57:26.112+0000] {logging_mixin.py:117} INFO - [2022-09-19T18:57:26.112+0000] {dagbag.py:525} INFO - Filling up the DagBag from /home/airflow/.local/lib/python3.7/site-packages/airflow/example_dags/example_external_task_marker_dag.py
[2022-09-19T18:57:26.125+0000] {processor.py:768} INFO - DAG(s) dict_keys(['example_external_task_marker_child', 'example_external_task_marker_parent']) retrieved from /home/airflow/.local/lib/python3.7/site-packages/airflow/example_dags/example_external_task_marker_dag.py
[2022-09-19T18:57:26.342+0000] {logging_mixin.py:117} INFO - [2022-09-19T18:57:26.342+0000] {dag.py:2573} INFO - Sync 2 DAGs
[2022-09-19T18:57:26.369+0000] {logging_mixin.py:117} INFO - [2022-09-19T18:57:26.368+0000] {dag.py:3328} INFO - Setting next_dagrun for example_external_task_marker_child to None, run_after=None
[2022-09-19T18:57:26.373+0000] {logging_mixin.py:117} INFO - [2022-09-19T18:57:26.373+0000] {dag.py:3328} INFO - Setting next_dagrun for example_external_task_marker_parent to None, run_after=None
[2022-09-19T18:57:26.392+0000] {processor.py:178} INFO - Processing /home/airflow/.local/lib/python3.7/site-packages/airflow/example_dags/example_external_task_marker_dag.py took 0.285 seconds
[2022-09-19T18:57:56.420+0000] {processor.py:156} INFO - Started process (PID=1672) to work on /home/airflow/.local/lib/python3.7/site-packages/airflow/example_dags/example_external_task_marker_dag.py
[2022-09-19T18:57:56.421+0000] {processor.py:758} INFO - Processing file /home/airflow/.local/lib/python3.7/site-packages/airflow/example_dags/example_external_task_marker_dag.py for tasks to queue
[2022-09-19T18:57:56.421+0000] {logging_mixin.py:117} INFO - [2022-09-19T18:57:56.421+0000] {dagbag.py:525} INFO - Filling up the DagBag from /home/airflow/.local/lib/python3.7/site-packages/airflow/example_dags/example_external_task_marker_dag.py
[2022-09-19T18:57:56.437+0000] {processor.py:768} INFO - DAG(s) dict_keys(['example_external_task_marker_parent', 'example_external_task_marker_child']) retrieved from /home/airflow/.local/lib/python3.7/site-packages/airflow/example_dags/example_external_task_marker_dag.py
[2022-09-19T18:57:56.655+0000] {logging_mixin.py:117} INFO - [2022-09-19T18:57:56.655+0000] {dag.py:2573} INFO - Sync 2 DAGs
[2022-09-19T18:57:56.683+0000] {logging_mixin.py:117} INFO - [2022-09-19T18:57:56.683+0000] {dag.py:3328} INFO - Setting next_dagrun for example_external_task_marker_child to None, run_after=None
[2022-09-19T18:57:56.688+0000] {logging_mixin.py:117} INFO - [2022-09-19T18:57:56.688+0000] {dag.py:3328} INFO - Setting next_dagrun for example_external_task_marker_parent to None, run_after=None
[2022-09-19T18:57:56.707+0000] {processor.py:178} INFO - Processing /home/airflow/.local/lib/python3.7/site-packages/airflow/example_dags/example_external_task_marker_dag.py took 0.290 seconds
[2022-09-19T18:58:26.833+0000] {processor.py:156} INFO - Started process (PID=1736) to work on /home/airflow/.local/lib/python3.7/site-packages/airflow/example_dags/example_external_task_marker_dag.py
[2022-09-19T18:58:26.834+0000] {processor.py:758} INFO - Processing file /home/airflow/.local/lib/python3.7/site-packages/airflow/example_dags/example_external_task_marker_dag.py for tasks to queue
[2022-09-19T18:58:26.835+0000] {logging_mixin.py:117} INFO - [2022-09-19T18:58:26.834+0000] {dagbag.py:525} INFO - Filling up the DagBag from /home/airflow/.local/lib/python3.7/site-packages/airflow/example_dags/example_external_task_marker_dag.py
[2022-09-19T18:58:26.851+0000] {processor.py:768} INFO - DAG(s) dict_keys(['example_external_task_marker_child', 'example_external_task_marker_parent']) retrieved from /home/airflow/.local/lib/python3.7/site-packages/airflow/example_dags/example_external_task_marker_dag.py
[2022-09-19T18:58:27.089+0000] {logging_mixin.py:117} INFO - [2022-09-19T18:58:27.089+0000] {dag.py:2573} INFO - Sync 2 DAGs
[2022-09-19T18:58:27.113+0000] {logging_mixin.py:117} INFO - [2022-09-19T18:58:27.113+0000] {dag.py:3328} INFO - Setting next_dagrun for example_external_task_marker_child to None, run_after=None
[2022-09-19T18:58:27.116+0000] {logging_mixin.py:117} INFO - [2022-09-19T18:58:27.116+0000] {dag.py:3328} INFO - Setting next_dagrun for example_external_task_marker_parent to None, run_after=None
[2022-09-19T18:58:27.133+0000] {processor.py:178} INFO - Processing /home/airflow/.local/lib/python3.7/site-packages/airflow/example_dags/example_external_task_marker_dag.py took 0.304 seconds
[2022-09-19T18:58:57.675+0000] {processor.py:156} INFO - Started process (PID=1789) to work on /home/airflow/.local/lib/python3.7/site-packages/airflow/example_dags/example_external_task_marker_dag.py
[2022-09-19T18:58:57.676+0000] {processor.py:758} INFO - Processing file /home/airflow/.local/lib/python3.7/site-packages/airflow/example_dags/example_external_task_marker_dag.py for tasks to queue
[2022-09-19T18:58:57.677+0000] {logging_mixin.py:117} INFO - [2022-09-19T18:58:57.676+0000] {dagbag.py:525} INFO - Filling up the DagBag from /home/airflow/.local/lib/python3.7/site-packages/airflow/example_dags/example_external_task_marker_dag.py
[2022-09-19T18:58:57.688+0000] {processor.py:768} INFO - DAG(s) dict_keys(['example_external_task_marker_parent', 'example_external_task_marker_child']) retrieved from /home/airflow/.local/lib/python3.7/site-packages/airflow/example_dags/example_external_task_marker_dag.py
[2022-09-19T18:58:57.871+0000] {logging_mixin.py:117} INFO - [2022-09-19T18:58:57.870+0000] {dag.py:2573} INFO - Sync 2 DAGs
[2022-09-19T18:58:57.894+0000] {logging_mixin.py:117} INFO - [2022-09-19T18:58:57.894+0000] {dag.py:3328} INFO - Setting next_dagrun for example_external_task_marker_child to None, run_after=None
[2022-09-19T18:58:57.897+0000] {logging_mixin.py:117} INFO - [2022-09-19T18:58:57.897+0000] {dag.py:3328} INFO - Setting next_dagrun for example_external_task_marker_parent to None, run_after=None
[2022-09-19T18:58:57.911+0000] {processor.py:178} INFO - Processing /home/airflow/.local/lib/python3.7/site-packages/airflow/example_dags/example_external_task_marker_dag.py took 0.239 seconds
[2022-09-19T18:59:28.317+0000] {processor.py:156} INFO - Started process (PID=1852) to work on /home/airflow/.local/lib/python3.7/site-packages/airflow/example_dags/example_external_task_marker_dag.py
[2022-09-19T18:59:28.324+0000] {processor.py:758} INFO - Processing file /home/airflow/.local/lib/python3.7/site-packages/airflow/example_dags/example_external_task_marker_dag.py for tasks to queue
[2022-09-19T18:59:28.325+0000] {logging_mixin.py:117} INFO - [2022-09-19T18:59:28.324+0000] {dagbag.py:525} INFO - Filling up the DagBag from /home/airflow/.local/lib/python3.7/site-packages/airflow/example_dags/example_external_task_marker_dag.py
[2022-09-19T18:59:28.340+0000] {processor.py:768} INFO - DAG(s) dict_keys(['example_external_task_marker_parent', 'example_external_task_marker_child']) retrieved from /home/airflow/.local/lib/python3.7/site-packages/airflow/example_dags/example_external_task_marker_dag.py
[2022-09-19T18:59:28.600+0000] {logging_mixin.py:117} INFO - [2022-09-19T18:59:28.599+0000] {dag.py:2573} INFO - Sync 2 DAGs
[2022-09-19T18:59:28.639+0000] {logging_mixin.py:117} INFO - [2022-09-19T18:59:28.639+0000] {dag.py:3328} INFO - Setting next_dagrun for example_external_task_marker_child to None, run_after=None
[2022-09-19T18:59:28.643+0000] {logging_mixin.py:117} INFO - [2022-09-19T18:59:28.643+0000] {dag.py:3328} INFO - Setting next_dagrun for example_external_task_marker_parent to None, run_after=None
[2022-09-19T18:59:28.668+0000] {processor.py:178} INFO - Processing /home/airflow/.local/lib/python3.7/site-packages/airflow/example_dags/example_external_task_marker_dag.py took 0.355 seconds
[2022-09-19T18:59:59.189+0000] {processor.py:156} INFO - Started process (PID=1914) to work on /home/airflow/.local/lib/python3.7/site-packages/airflow/example_dags/example_external_task_marker_dag.py
[2022-09-19T18:59:59.189+0000] {processor.py:758} INFO - Processing file /home/airflow/.local/lib/python3.7/site-packages/airflow/example_dags/example_external_task_marker_dag.py for tasks to queue
[2022-09-19T18:59:59.190+0000] {logging_mixin.py:117} INFO - [2022-09-19T18:59:59.190+0000] {dagbag.py:525} INFO - Filling up the DagBag from /home/airflow/.local/lib/python3.7/site-packages/airflow/example_dags/example_external_task_marker_dag.py
[2022-09-19T18:59:59.205+0000] {processor.py:768} INFO - DAG(s) dict_keys(['example_external_task_marker_child', 'example_external_task_marker_parent']) retrieved from /home/airflow/.local/lib/python3.7/site-packages/airflow/example_dags/example_external_task_marker_dag.py
[2022-09-19T18:59:59.420+0000] {logging_mixin.py:117} INFO - [2022-09-19T18:59:59.420+0000] {dag.py:2573} INFO - Sync 2 DAGs
[2022-09-19T18:59:59.451+0000] {logging_mixin.py:117} INFO - [2022-09-19T18:59:59.451+0000] {dag.py:3328} INFO - Setting next_dagrun for example_external_task_marker_child to None, run_after=None
[2022-09-19T18:59:59.455+0000] {logging_mixin.py:117} INFO - [2022-09-19T18:59:59.455+0000] {dag.py:3328} INFO - Setting next_dagrun for example_external_task_marker_parent to None, run_after=None
[2022-09-19T18:59:59.476+0000] {processor.py:178} INFO - Processing /home/airflow/.local/lib/python3.7/site-packages/airflow/example_dags/example_external_task_marker_dag.py took 0.292 seconds
[2022-09-19T19:00:29.511+0000] {processor.py:156} INFO - Started process (PID=1968) to work on /home/airflow/.local/lib/python3.7/site-packages/airflow/example_dags/example_external_task_marker_dag.py
[2022-09-19T19:00:29.512+0000] {processor.py:758} INFO - Processing file /home/airflow/.local/lib/python3.7/site-packages/airflow/example_dags/example_external_task_marker_dag.py for tasks to queue
[2022-09-19T19:00:29.512+0000] {logging_mixin.py:117} INFO - [2022-09-19T19:00:29.512+0000] {dagbag.py:525} INFO - Filling up the DagBag from /home/airflow/.local/lib/python3.7/site-packages/airflow/example_dags/example_external_task_marker_dag.py
[2022-09-19T19:00:29.527+0000] {processor.py:768} INFO - DAG(s) dict_keys(['example_external_task_marker_parent', 'example_external_task_marker_child']) retrieved from /home/airflow/.local/lib/python3.7/site-packages/airflow/example_dags/example_external_task_marker_dag.py
[2022-09-19T19:00:29.759+0000] {logging_mixin.py:117} INFO - [2022-09-19T19:00:29.759+0000] {dag.py:2573} INFO - Sync 2 DAGs
[2022-09-19T19:00:29.799+0000] {logging_mixin.py:117} INFO - [2022-09-19T19:00:29.799+0000] {dag.py:3328} INFO - Setting next_dagrun for example_external_task_marker_child to None, run_after=None
[2022-09-19T19:00:29.803+0000] {logging_mixin.py:117} INFO - [2022-09-19T19:00:29.803+0000] {dag.py:3328} INFO - Setting next_dagrun for example_external_task_marker_parent to None, run_after=None
[2022-09-19T19:00:29.822+0000] {processor.py:178} INFO - Processing /home/airflow/.local/lib/python3.7/site-packages/airflow/example_dags/example_external_task_marker_dag.py took 0.315 seconds
[2022-09-19T19:01:00.480+0000] {processor.py:156} INFO - Started process (PID=2030) to work on /home/airflow/.local/lib/python3.7/site-packages/airflow/example_dags/example_external_task_marker_dag.py
[2022-09-19T19:01:00.482+0000] {processor.py:758} INFO - Processing file /home/airflow/.local/lib/python3.7/site-packages/airflow/example_dags/example_external_task_marker_dag.py for tasks to queue
[2022-09-19T19:01:00.483+0000] {logging_mixin.py:117} INFO - [2022-09-19T19:01:00.483+0000] {dagbag.py:525} INFO - Filling up the DagBag from /home/airflow/.local/lib/python3.7/site-packages/airflow/example_dags/example_external_task_marker_dag.py
[2022-09-19T19:01:00.501+0000] {processor.py:768} INFO - DAG(s) dict_keys(['example_external_task_marker_child', 'example_external_task_marker_parent']) retrieved from /home/airflow/.local/lib/python3.7/site-packages/airflow/example_dags/example_external_task_marker_dag.py
[2022-09-19T19:01:00.704+0000] {logging_mixin.py:117} INFO - [2022-09-19T19:01:00.703+0000] {dag.py:2573} INFO - Sync 2 DAGs
[2022-09-19T19:01:00.727+0000] {logging_mixin.py:117} INFO - [2022-09-19T19:01:00.727+0000] {dag.py:3328} INFO - Setting next_dagrun for example_external_task_marker_child to None, run_after=None
[2022-09-19T19:01:00.730+0000] {logging_mixin.py:117} INFO - [2022-09-19T19:01:00.730+0000] {dag.py:3328} INFO - Setting next_dagrun for example_external_task_marker_parent to None, run_after=None
[2022-09-19T19:01:00.746+0000] {processor.py:178} INFO - Processing /home/airflow/.local/lib/python3.7/site-packages/airflow/example_dags/example_external_task_marker_dag.py took 0.270 seconds
[2022-09-19T19:01:31.020+0000] {processor.py:156} INFO - Started process (PID=2092) to work on /home/airflow/.local/lib/python3.7/site-packages/airflow/example_dags/example_external_task_marker_dag.py
[2022-09-19T19:01:31.022+0000] {processor.py:758} INFO - Processing file /home/airflow/.local/lib/python3.7/site-packages/airflow/example_dags/example_external_task_marker_dag.py for tasks to queue
[2022-09-19T19:01:31.023+0000] {logging_mixin.py:117} INFO - [2022-09-19T19:01:31.022+0000] {dagbag.py:525} INFO - Filling up the DagBag from /home/airflow/.local/lib/python3.7/site-packages/airflow/example_dags/example_external_task_marker_dag.py
[2022-09-19T19:01:31.038+0000] {processor.py:768} INFO - DAG(s) dict_keys(['example_external_task_marker_parent', 'example_external_task_marker_child']) retrieved from /home/airflow/.local/lib/python3.7/site-packages/airflow/example_dags/example_external_task_marker_dag.py
[2022-09-19T19:01:31.252+0000] {logging_mixin.py:117} INFO - [2022-09-19T19:01:31.252+0000] {dag.py:2573} INFO - Sync 2 DAGs
[2022-09-19T19:01:31.277+0000] {logging_mixin.py:117} INFO - [2022-09-19T19:01:31.277+0000] {dag.py:3328} INFO - Setting next_dagrun for example_external_task_marker_child to None, run_after=None
[2022-09-19T19:01:31.281+0000] {logging_mixin.py:117} INFO - [2022-09-19T19:01:31.281+0000] {dag.py:3328} INFO - Setting next_dagrun for example_external_task_marker_parent to None, run_after=None
[2022-09-19T19:01:31.299+0000] {processor.py:178} INFO - Processing /home/airflow/.local/lib/python3.7/site-packages/airflow/example_dags/example_external_task_marker_dag.py took 0.282 seconds
[2022-09-19T19:02:01.478+0000] {processor.py:156} INFO - Started process (PID=2145) to work on /home/airflow/.local/lib/python3.7/site-packages/airflow/example_dags/example_external_task_marker_dag.py
[2022-09-19T19:02:01.479+0000] {processor.py:758} INFO - Processing file /home/airflow/.local/lib/python3.7/site-packages/airflow/example_dags/example_external_task_marker_dag.py for tasks to queue
[2022-09-19T19:02:01.480+0000] {logging_mixin.py:117} INFO - [2022-09-19T19:02:01.479+0000] {dagbag.py:525} INFO - Filling up the DagBag from /home/airflow/.local/lib/python3.7/site-packages/airflow/example_dags/example_external_task_marker_dag.py
[2022-09-19T19:02:01.492+0000] {processor.py:768} INFO - DAG(s) dict_keys(['example_external_task_marker_child', 'example_external_task_marker_parent']) retrieved from /home/airflow/.local/lib/python3.7/site-packages/airflow/example_dags/example_external_task_marker_dag.py
[2022-09-19T19:02:01.683+0000] {logging_mixin.py:117} INFO - [2022-09-19T19:02:01.683+0000] {dag.py:2573} INFO - Sync 2 DAGs
[2022-09-19T19:02:01.710+0000] {logging_mixin.py:117} INFO - [2022-09-19T19:02:01.710+0000] {dag.py:3328} INFO - Setting next_dagrun for example_external_task_marker_child to None, run_after=None
[2022-09-19T19:02:01.714+0000] {logging_mixin.py:117} INFO - [2022-09-19T19:02:01.713+0000] {dag.py:3328} INFO - Setting next_dagrun for example_external_task_marker_parent to None, run_after=None
[2022-09-19T19:02:01.731+0000] {processor.py:178} INFO - Processing /home/airflow/.local/lib/python3.7/site-packages/airflow/example_dags/example_external_task_marker_dag.py took 0.255 seconds
[2022-09-19T19:02:32.109+0000] {processor.py:156} INFO - Started process (PID=2208) to work on /home/airflow/.local/lib/python3.7/site-packages/airflow/example_dags/example_external_task_marker_dag.py
[2022-09-19T19:02:32.110+0000] {processor.py:758} INFO - Processing file /home/airflow/.local/lib/python3.7/site-packages/airflow/example_dags/example_external_task_marker_dag.py for tasks to queue
[2022-09-19T19:02:32.111+0000] {logging_mixin.py:117} INFO - [2022-09-19T19:02:32.110+0000] {dagbag.py:525} INFO - Filling up the DagBag from /home/airflow/.local/lib/python3.7/site-packages/airflow/example_dags/example_external_task_marker_dag.py
[2022-09-19T19:02:32.122+0000] {processor.py:768} INFO - DAG(s) dict_keys(['example_external_task_marker_child', 'example_external_task_marker_parent']) retrieved from /home/airflow/.local/lib/python3.7/site-packages/airflow/example_dags/example_external_task_marker_dag.py
[2022-09-19T19:02:32.315+0000] {logging_mixin.py:117} INFO - [2022-09-19T19:02:32.315+0000] {dag.py:2573} INFO - Sync 2 DAGs
[2022-09-19T19:02:32.341+0000] {logging_mixin.py:117} INFO - [2022-09-19T19:02:32.341+0000] {dag.py:3328} INFO - Setting next_dagrun for example_external_task_marker_child to None, run_after=None
[2022-09-19T19:02:32.344+0000] {logging_mixin.py:117} INFO - [2022-09-19T19:02:32.344+0000] {dag.py:3328} INFO - Setting next_dagrun for example_external_task_marker_parent to None, run_after=None
[2022-09-19T19:02:32.358+0000] {processor.py:178} INFO - Processing /home/airflow/.local/lib/python3.7/site-packages/airflow/example_dags/example_external_task_marker_dag.py took 0.251 seconds
[2022-09-19T19:03:02.406+0000] {processor.py:156} INFO - Started process (PID=2272) to work on /home/airflow/.local/lib/python3.7/site-packages/airflow/example_dags/example_external_task_marker_dag.py
[2022-09-19T19:03:02.406+0000] {processor.py:758} INFO - Processing file /home/airflow/.local/lib/python3.7/site-packages/airflow/example_dags/example_external_task_marker_dag.py for tasks to queue
[2022-09-19T19:03:02.407+0000] {logging_mixin.py:117} INFO - [2022-09-19T19:03:02.407+0000] {dagbag.py:525} INFO - Filling up the DagBag from /home/airflow/.local/lib/python3.7/site-packages/airflow/example_dags/example_external_task_marker_dag.py
[2022-09-19T19:03:02.421+0000] {processor.py:768} INFO - DAG(s) dict_keys(['example_external_task_marker_child', 'example_external_task_marker_parent']) retrieved from /home/airflow/.local/lib/python3.7/site-packages/airflow/example_dags/example_external_task_marker_dag.py
[2022-09-19T19:03:02.669+0000] {logging_mixin.py:117} INFO - [2022-09-19T19:03:02.669+0000] {dag.py:2573} INFO - Sync 2 DAGs
[2022-09-19T19:03:02.697+0000] {logging_mixin.py:117} INFO - [2022-09-19T19:03:02.697+0000] {dag.py:3328} INFO - Setting next_dagrun for example_external_task_marker_child to None, run_after=None
[2022-09-19T19:03:02.702+0000] {logging_mixin.py:117} INFO - [2022-09-19T19:03:02.701+0000] {dag.py:3328} INFO - Setting next_dagrun for example_external_task_marker_parent to None, run_after=None
[2022-09-19T19:03:02.721+0000] {processor.py:178} INFO - Processing /home/airflow/.local/lib/python3.7/site-packages/airflow/example_dags/example_external_task_marker_dag.py took 0.318 seconds
