[2022-09-19T18:44:10.081+0000] {processor.py:156} INFO - Started process (PID=68) to work on /home/airflow/.local/lib/python3.7/site-packages/airflow/example_dags/example_latest_only.py
[2022-09-19T18:44:10.082+0000] {processor.py:758} INFO - Processing file /home/airflow/.local/lib/python3.7/site-packages/airflow/example_dags/example_latest_only.py for tasks to queue
[2022-09-19T18:44:10.083+0000] {logging_mixin.py:117} INFO - [2022-09-19T18:44:10.082+0000] {dagbag.py:525} INFO - Filling up the DagBag from /home/airflow/.local/lib/python3.7/site-packages/airflow/example_dags/example_latest_only.py
[2022-09-19T18:44:10.097+0000] {processor.py:768} INFO - DAG(s) dict_keys(['latest_only']) retrieved from /home/airflow/.local/lib/python3.7/site-packages/airflow/example_dags/example_latest_only.py
[2022-09-19T18:44:10.123+0000] {logging_mixin.py:117} INFO - [2022-09-19T18:44:10.123+0000] {dag.py:2573} INFO - Sync 1 DAGs
[2022-09-19T18:44:10.153+0000] {logging_mixin.py:117} INFO - [2022-09-19T18:44:10.153+0000] {dag.py:3328} INFO - Setting next_dagrun for latest_only to 2022-09-19T14:44:10.152990+00:00, run_after=2022-09-19T18:44:10.152990+00:00
[2022-09-19T18:44:10.178+0000] {processor.py:178} INFO - Processing /home/airflow/.local/lib/python3.7/site-packages/airflow/example_dags/example_latest_only.py took 0.100 seconds
[2022-09-19T18:44:41.160+0000] {processor.py:156} INFO - Started process (PID=121) to work on /home/airflow/.local/lib/python3.7/site-packages/airflow/example_dags/example_latest_only.py
[2022-09-19T18:44:41.161+0000] {processor.py:758} INFO - Processing file /home/airflow/.local/lib/python3.7/site-packages/airflow/example_dags/example_latest_only.py for tasks to queue
[2022-09-19T18:44:41.161+0000] {logging_mixin.py:117} INFO - [2022-09-19T18:44:41.161+0000] {dagbag.py:525} INFO - Filling up the DagBag from /home/airflow/.local/lib/python3.7/site-packages/airflow/example_dags/example_latest_only.py
[2022-09-19T18:44:41.178+0000] {processor.py:768} INFO - DAG(s) dict_keys(['latest_only']) retrieved from /home/airflow/.local/lib/python3.7/site-packages/airflow/example_dags/example_latest_only.py
[2022-09-19T18:44:41.220+0000] {logging_mixin.py:117} INFO - [2022-09-19T18:44:41.220+0000] {dag.py:2573} INFO - Sync 1 DAGs
[2022-09-19T18:44:41.255+0000] {logging_mixin.py:117} INFO - [2022-09-19T18:44:41.255+0000] {dag.py:3328} INFO - Setting next_dagrun for latest_only to 2022-09-19T14:44:41.254924+00:00, run_after=2022-09-19T18:44:41.254924+00:00
[2022-09-19T18:44:41.290+0000] {processor.py:178} INFO - Processing /home/airflow/.local/lib/python3.7/site-packages/airflow/example_dags/example_latest_only.py took 0.132 seconds
[2022-09-19T18:45:12.079+0000] {processor.py:156} INFO - Started process (PID=186) to work on /home/airflow/.local/lib/python3.7/site-packages/airflow/example_dags/example_latest_only.py
[2022-09-19T18:45:12.079+0000] {processor.py:758} INFO - Processing file /home/airflow/.local/lib/python3.7/site-packages/airflow/example_dags/example_latest_only.py for tasks to queue
[2022-09-19T18:45:12.080+0000] {logging_mixin.py:117} INFO - [2022-09-19T18:45:12.080+0000] {dagbag.py:525} INFO - Filling up the DagBag from /home/airflow/.local/lib/python3.7/site-packages/airflow/example_dags/example_latest_only.py
[2022-09-19T18:45:12.094+0000] {processor.py:768} INFO - DAG(s) dict_keys(['latest_only']) retrieved from /home/airflow/.local/lib/python3.7/site-packages/airflow/example_dags/example_latest_only.py
[2022-09-19T18:45:12.138+0000] {logging_mixin.py:117} INFO - [2022-09-19T18:45:12.138+0000] {dag.py:2573} INFO - Sync 1 DAGs
[2022-09-19T18:45:12.166+0000] {logging_mixin.py:117} INFO - [2022-09-19T18:45:12.166+0000] {dag.py:3328} INFO - Setting next_dagrun for latest_only to 2022-09-19T14:45:12.166526+00:00, run_after=2022-09-19T18:45:12.166526+00:00
[2022-09-19T18:45:12.191+0000] {processor.py:178} INFO - Processing /home/airflow/.local/lib/python3.7/site-packages/airflow/example_dags/example_latest_only.py took 0.115 seconds
[2022-09-19T18:45:42.470+0000] {processor.py:156} INFO - Started process (PID=248) to work on /home/airflow/.local/lib/python3.7/site-packages/airflow/example_dags/example_latest_only.py
[2022-09-19T18:45:42.471+0000] {processor.py:758} INFO - Processing file /home/airflow/.local/lib/python3.7/site-packages/airflow/example_dags/example_latest_only.py for tasks to queue
[2022-09-19T18:45:42.471+0000] {logging_mixin.py:117} INFO - [2022-09-19T18:45:42.471+0000] {dagbag.py:525} INFO - Filling up the DagBag from /home/airflow/.local/lib/python3.7/site-packages/airflow/example_dags/example_latest_only.py
[2022-09-19T18:45:42.485+0000] {processor.py:768} INFO - DAG(s) dict_keys(['latest_only']) retrieved from /home/airflow/.local/lib/python3.7/site-packages/airflow/example_dags/example_latest_only.py
[2022-09-19T18:45:42.534+0000] {logging_mixin.py:117} INFO - [2022-09-19T18:45:42.534+0000] {dag.py:2573} INFO - Sync 1 DAGs
[2022-09-19T18:45:42.578+0000] {logging_mixin.py:117} INFO - [2022-09-19T18:45:42.578+0000] {dag.py:3328} INFO - Setting next_dagrun for latest_only to 2022-09-19T14:45:42.577968+00:00, run_after=2022-09-19T18:45:42.577968+00:00
[2022-09-19T18:45:42.608+0000] {processor.py:178} INFO - Processing /home/airflow/.local/lib/python3.7/site-packages/airflow/example_dags/example_latest_only.py took 0.141 seconds
[2022-09-19T18:46:13.419+0000] {processor.py:156} INFO - Started process (PID=302) to work on /home/airflow/.local/lib/python3.7/site-packages/airflow/example_dags/example_latest_only.py
[2022-09-19T18:46:13.419+0000] {processor.py:758} INFO - Processing file /home/airflow/.local/lib/python3.7/site-packages/airflow/example_dags/example_latest_only.py for tasks to queue
[2022-09-19T18:46:13.420+0000] {logging_mixin.py:117} INFO - [2022-09-19T18:46:13.420+0000] {dagbag.py:525} INFO - Filling up the DagBag from /home/airflow/.local/lib/python3.7/site-packages/airflow/example_dags/example_latest_only.py
[2022-09-19T18:46:13.430+0000] {processor.py:768} INFO - DAG(s) dict_keys(['latest_only']) retrieved from /home/airflow/.local/lib/python3.7/site-packages/airflow/example_dags/example_latest_only.py
[2022-09-19T18:46:13.464+0000] {logging_mixin.py:117} INFO - [2022-09-19T18:46:13.464+0000] {dag.py:2573} INFO - Sync 1 DAGs
[2022-09-19T18:46:13.489+0000] {logging_mixin.py:117} INFO - [2022-09-19T18:46:13.489+0000] {dag.py:3328} INFO - Setting next_dagrun for latest_only to 2022-09-19T14:46:13.489175+00:00, run_after=2022-09-19T18:46:13.489175+00:00
[2022-09-19T18:46:13.509+0000] {processor.py:178} INFO - Processing /home/airflow/.local/lib/python3.7/site-packages/airflow/example_dags/example_latest_only.py took 0.093 seconds
[2022-09-19T18:46:44.497+0000] {processor.py:156} INFO - Started process (PID=365) to work on /home/airflow/.local/lib/python3.7/site-packages/airflow/example_dags/example_latest_only.py
[2022-09-19T18:46:44.497+0000] {processor.py:758} INFO - Processing file /home/airflow/.local/lib/python3.7/site-packages/airflow/example_dags/example_latest_only.py for tasks to queue
[2022-09-19T18:46:44.498+0000] {logging_mixin.py:117} INFO - [2022-09-19T18:46:44.498+0000] {dagbag.py:525} INFO - Filling up the DagBag from /home/airflow/.local/lib/python3.7/site-packages/airflow/example_dags/example_latest_only.py
[2022-09-19T18:46:44.508+0000] {processor.py:768} INFO - DAG(s) dict_keys(['latest_only']) retrieved from /home/airflow/.local/lib/python3.7/site-packages/airflow/example_dags/example_latest_only.py
[2022-09-19T18:46:44.541+0000] {logging_mixin.py:117} INFO - [2022-09-19T18:46:44.541+0000] {dag.py:2573} INFO - Sync 1 DAGs
[2022-09-19T18:46:44.565+0000] {logging_mixin.py:117} INFO - [2022-09-19T18:46:44.565+0000] {dag.py:3328} INFO - Setting next_dagrun for latest_only to 2022-09-19T14:46:44.565362+00:00, run_after=2022-09-19T18:46:44.565362+00:00
[2022-09-19T18:46:44.585+0000] {processor.py:178} INFO - Processing /home/airflow/.local/lib/python3.7/site-packages/airflow/example_dags/example_latest_only.py took 0.090 seconds
[2022-09-19T18:47:15.044+0000] {processor.py:156} INFO - Started process (PID=429) to work on /home/airflow/.local/lib/python3.7/site-packages/airflow/example_dags/example_latest_only.py
[2022-09-19T18:47:15.044+0000] {processor.py:758} INFO - Processing file /home/airflow/.local/lib/python3.7/site-packages/airflow/example_dags/example_latest_only.py for tasks to queue
[2022-09-19T18:47:15.045+0000] {logging_mixin.py:117} INFO - [2022-09-19T18:47:15.045+0000] {dagbag.py:525} INFO - Filling up the DagBag from /home/airflow/.local/lib/python3.7/site-packages/airflow/example_dags/example_latest_only.py
[2022-09-19T18:47:15.061+0000] {processor.py:768} INFO - DAG(s) dict_keys(['latest_only']) retrieved from /home/airflow/.local/lib/python3.7/site-packages/airflow/example_dags/example_latest_only.py
[2022-09-19T18:47:15.109+0000] {logging_mixin.py:117} INFO - [2022-09-19T18:47:15.108+0000] {dag.py:2573} INFO - Sync 1 DAGs
[2022-09-19T18:47:15.141+0000] {logging_mixin.py:117} INFO - [2022-09-19T18:47:15.141+0000] {dag.py:3328} INFO - Setting next_dagrun for latest_only to 2022-09-19T14:47:15.141023+00:00, run_after=2022-09-19T18:47:15.141023+00:00
[2022-09-19T18:47:15.167+0000] {processor.py:178} INFO - Processing /home/airflow/.local/lib/python3.7/site-packages/airflow/example_dags/example_latest_only.py took 0.127 seconds
[2022-09-19T18:47:45.420+0000] {processor.py:156} INFO - Started process (PID=483) to work on /home/airflow/.local/lib/python3.7/site-packages/airflow/example_dags/example_latest_only.py
[2022-09-19T18:47:45.420+0000] {processor.py:758} INFO - Processing file /home/airflow/.local/lib/python3.7/site-packages/airflow/example_dags/example_latest_only.py for tasks to queue
[2022-09-19T18:47:45.421+0000] {logging_mixin.py:117} INFO - [2022-09-19T18:47:45.421+0000] {dagbag.py:525} INFO - Filling up the DagBag from /home/airflow/.local/lib/python3.7/site-packages/airflow/example_dags/example_latest_only.py
[2022-09-19T18:47:45.434+0000] {processor.py:768} INFO - DAG(s) dict_keys(['latest_only']) retrieved from /home/airflow/.local/lib/python3.7/site-packages/airflow/example_dags/example_latest_only.py
[2022-09-19T18:47:45.477+0000] {logging_mixin.py:117} INFO - [2022-09-19T18:47:45.477+0000] {dag.py:2573} INFO - Sync 1 DAGs
[2022-09-19T18:47:45.508+0000] {logging_mixin.py:117} INFO - [2022-09-19T18:47:45.508+0000] {dag.py:3328} INFO - Setting next_dagrun for latest_only to 2022-09-19T14:47:45.507962+00:00, run_after=2022-09-19T18:47:45.507962+00:00
[2022-09-19T18:47:45.531+0000] {processor.py:178} INFO - Processing /home/airflow/.local/lib/python3.7/site-packages/airflow/example_dags/example_latest_only.py took 0.115 seconds
[2022-09-19T18:48:16.061+0000] {processor.py:156} INFO - Started process (PID=546) to work on /home/airflow/.local/lib/python3.7/site-packages/airflow/example_dags/example_latest_only.py
[2022-09-19T18:48:16.062+0000] {processor.py:758} INFO - Processing file /home/airflow/.local/lib/python3.7/site-packages/airflow/example_dags/example_latest_only.py for tasks to queue
[2022-09-19T18:48:16.063+0000] {logging_mixin.py:117} INFO - [2022-09-19T18:48:16.063+0000] {dagbag.py:525} INFO - Filling up the DagBag from /home/airflow/.local/lib/python3.7/site-packages/airflow/example_dags/example_latest_only.py
[2022-09-19T18:48:16.079+0000] {processor.py:768} INFO - DAG(s) dict_keys(['latest_only']) retrieved from /home/airflow/.local/lib/python3.7/site-packages/airflow/example_dags/example_latest_only.py
[2022-09-19T18:48:16.129+0000] {logging_mixin.py:117} INFO - [2022-09-19T18:48:16.128+0000] {dag.py:2573} INFO - Sync 1 DAGs
[2022-09-19T18:48:16.164+0000] {logging_mixin.py:117} INFO - [2022-09-19T18:48:16.164+0000] {dag.py:3328} INFO - Setting next_dagrun for latest_only to 2022-09-19T14:48:16.163951+00:00, run_after=2022-09-19T18:48:16.163951+00:00
[2022-09-19T18:48:16.190+0000] {processor.py:178} INFO - Processing /home/airflow/.local/lib/python3.7/site-packages/airflow/example_dags/example_latest_only.py took 0.132 seconds
[2022-09-19T18:48:46.769+0000] {processor.py:156} INFO - Started process (PID=606) to work on /home/airflow/.local/lib/python3.7/site-packages/airflow/example_dags/example_latest_only.py
[2022-09-19T18:48:46.770+0000] {processor.py:758} INFO - Processing file /home/airflow/.local/lib/python3.7/site-packages/airflow/example_dags/example_latest_only.py for tasks to queue
[2022-09-19T18:48:46.771+0000] {logging_mixin.py:117} INFO - [2022-09-19T18:48:46.770+0000] {dagbag.py:525} INFO - Filling up the DagBag from /home/airflow/.local/lib/python3.7/site-packages/airflow/example_dags/example_latest_only.py
[2022-09-19T18:48:46.792+0000] {processor.py:768} INFO - DAG(s) dict_keys(['latest_only']) retrieved from /home/airflow/.local/lib/python3.7/site-packages/airflow/example_dags/example_latest_only.py
[2022-09-19T18:48:46.867+0000] {logging_mixin.py:117} INFO - [2022-09-19T18:48:46.867+0000] {dag.py:2573} INFO - Sync 1 DAGs
[2022-09-19T18:48:46.919+0000] {logging_mixin.py:117} INFO - [2022-09-19T18:48:46.919+0000] {dag.py:3328} INFO - Setting next_dagrun for latest_only to 2022-09-19T14:48:46.918696+00:00, run_after=2022-09-19T18:48:46.918696+00:00
[2022-09-19T18:48:46.955+0000] {processor.py:178} INFO - Processing /home/airflow/.local/lib/python3.7/site-packages/airflow/example_dags/example_latest_only.py took 0.189 seconds
[2022-09-19T18:49:17.682+0000] {processor.py:156} INFO - Started process (PID=663) to work on /home/airflow/.local/lib/python3.7/site-packages/airflow/example_dags/example_latest_only.py
[2022-09-19T18:49:17.683+0000] {processor.py:758} INFO - Processing file /home/airflow/.local/lib/python3.7/site-packages/airflow/example_dags/example_latest_only.py for tasks to queue
[2022-09-19T18:49:17.684+0000] {logging_mixin.py:117} INFO - [2022-09-19T18:49:17.683+0000] {dagbag.py:525} INFO - Filling up the DagBag from /home/airflow/.local/lib/python3.7/site-packages/airflow/example_dags/example_latest_only.py
[2022-09-19T18:49:17.697+0000] {processor.py:768} INFO - DAG(s) dict_keys(['latest_only']) retrieved from /home/airflow/.local/lib/python3.7/site-packages/airflow/example_dags/example_latest_only.py
[2022-09-19T18:49:17.738+0000] {logging_mixin.py:117} INFO - [2022-09-19T18:49:17.738+0000] {dag.py:2573} INFO - Sync 1 DAGs
[2022-09-19T18:49:17.769+0000] {logging_mixin.py:117} INFO - [2022-09-19T18:49:17.769+0000] {dag.py:3328} INFO - Setting next_dagrun for latest_only to 2022-09-19T14:49:17.769021+00:00, run_after=2022-09-19T18:49:17.769021+00:00
[2022-09-19T18:49:17.794+0000] {processor.py:178} INFO - Processing /home/airflow/.local/lib/python3.7/site-packages/airflow/example_dags/example_latest_only.py took 0.114 seconds
[2022-09-19T18:49:47.826+0000] {processor.py:156} INFO - Started process (PID=726) to work on /home/airflow/.local/lib/python3.7/site-packages/airflow/example_dags/example_latest_only.py
[2022-09-19T18:49:47.826+0000] {processor.py:758} INFO - Processing file /home/airflow/.local/lib/python3.7/site-packages/airflow/example_dags/example_latest_only.py for tasks to queue
[2022-09-19T18:49:47.827+0000] {logging_mixin.py:117} INFO - [2022-09-19T18:49:47.827+0000] {dagbag.py:525} INFO - Filling up the DagBag from /home/airflow/.local/lib/python3.7/site-packages/airflow/example_dags/example_latest_only.py
[2022-09-19T18:49:47.840+0000] {processor.py:768} INFO - DAG(s) dict_keys(['latest_only']) retrieved from /home/airflow/.local/lib/python3.7/site-packages/airflow/example_dags/example_latest_only.py
[2022-09-19T18:49:47.879+0000] {logging_mixin.py:117} INFO - [2022-09-19T18:49:47.879+0000] {dag.py:2573} INFO - Sync 1 DAGs
[2022-09-19T18:49:47.912+0000] {logging_mixin.py:117} INFO - [2022-09-19T18:49:47.911+0000] {dag.py:3328} INFO - Setting next_dagrun for latest_only to 2022-09-19T14:49:47.911680+00:00, run_after=2022-09-19T18:49:47.911680+00:00
[2022-09-19T18:49:47.937+0000] {processor.py:178} INFO - Processing /home/airflow/.local/lib/python3.7/site-packages/airflow/example_dags/example_latest_only.py took 0.114 seconds
[2022-09-19T18:50:18.179+0000] {processor.py:156} INFO - Started process (PID=780) to work on /home/airflow/.local/lib/python3.7/site-packages/airflow/example_dags/example_latest_only.py
[2022-09-19T18:50:18.180+0000] {processor.py:758} INFO - Processing file /home/airflow/.local/lib/python3.7/site-packages/airflow/example_dags/example_latest_only.py for tasks to queue
[2022-09-19T18:50:18.180+0000] {logging_mixin.py:117} INFO - [2022-09-19T18:50:18.180+0000] {dagbag.py:525} INFO - Filling up the DagBag from /home/airflow/.local/lib/python3.7/site-packages/airflow/example_dags/example_latest_only.py
[2022-09-19T18:50:18.190+0000] {processor.py:768} INFO - DAG(s) dict_keys(['latest_only']) retrieved from /home/airflow/.local/lib/python3.7/site-packages/airflow/example_dags/example_latest_only.py
[2022-09-19T18:50:18.224+0000] {logging_mixin.py:117} INFO - [2022-09-19T18:50:18.224+0000] {dag.py:2573} INFO - Sync 1 DAGs
[2022-09-19T18:50:18.250+0000] {logging_mixin.py:117} INFO - [2022-09-19T18:50:18.250+0000] {dag.py:3328} INFO - Setting next_dagrun for latest_only to 2022-09-19T14:50:18.249901+00:00, run_after=2022-09-19T18:50:18.249901+00:00
[2022-09-19T18:50:18.272+0000] {processor.py:178} INFO - Processing /home/airflow/.local/lib/python3.7/site-packages/airflow/example_dags/example_latest_only.py took 0.095 seconds
[2022-09-19T18:50:48.680+0000] {processor.py:156} INFO - Started process (PID=842) to work on /home/airflow/.local/lib/python3.7/site-packages/airflow/example_dags/example_latest_only.py
[2022-09-19T18:50:48.681+0000] {processor.py:758} INFO - Processing file /home/airflow/.local/lib/python3.7/site-packages/airflow/example_dags/example_latest_only.py for tasks to queue
[2022-09-19T18:50:48.681+0000] {logging_mixin.py:117} INFO - [2022-09-19T18:50:48.681+0000] {dagbag.py:525} INFO - Filling up the DagBag from /home/airflow/.local/lib/python3.7/site-packages/airflow/example_dags/example_latest_only.py
[2022-09-19T18:50:48.696+0000] {processor.py:768} INFO - DAG(s) dict_keys(['latest_only']) retrieved from /home/airflow/.local/lib/python3.7/site-packages/airflow/example_dags/example_latest_only.py
[2022-09-19T18:50:48.742+0000] {logging_mixin.py:117} INFO - [2022-09-19T18:50:48.742+0000] {dag.py:2573} INFO - Sync 1 DAGs
[2022-09-19T18:50:48.778+0000] {logging_mixin.py:117} INFO - [2022-09-19T18:50:48.777+0000] {dag.py:3328} INFO - Setting next_dagrun for latest_only to 2022-09-19T14:50:48.777673+00:00, run_after=2022-09-19T18:50:48.777673+00:00
[2022-09-19T18:50:48.808+0000] {processor.py:178} INFO - Processing /home/airflow/.local/lib/python3.7/site-packages/airflow/example_dags/example_latest_only.py took 0.131 seconds
[2022-09-19T18:51:19.605+0000] {processor.py:156} INFO - Started process (PID=905) to work on /home/airflow/.local/lib/python3.7/site-packages/airflow/example_dags/example_latest_only.py
[2022-09-19T18:51:19.606+0000] {processor.py:758} INFO - Processing file /home/airflow/.local/lib/python3.7/site-packages/airflow/example_dags/example_latest_only.py for tasks to queue
[2022-09-19T18:51:19.607+0000] {logging_mixin.py:117} INFO - [2022-09-19T18:51:19.606+0000] {dagbag.py:525} INFO - Filling up the DagBag from /home/airflow/.local/lib/python3.7/site-packages/airflow/example_dags/example_latest_only.py
[2022-09-19T18:51:19.619+0000] {processor.py:768} INFO - DAG(s) dict_keys(['latest_only']) retrieved from /home/airflow/.local/lib/python3.7/site-packages/airflow/example_dags/example_latest_only.py
[2022-09-19T18:51:19.657+0000] {logging_mixin.py:117} INFO - [2022-09-19T18:51:19.657+0000] {dag.py:2573} INFO - Sync 1 DAGs
[2022-09-19T18:51:19.686+0000] {logging_mixin.py:117} INFO - [2022-09-19T18:51:19.686+0000] {dag.py:3328} INFO - Setting next_dagrun for latest_only to 2022-09-19T14:51:19.685840+00:00, run_after=2022-09-19T18:51:19.685840+00:00
[2022-09-19T18:51:19.715+0000] {processor.py:178} INFO - Processing /home/airflow/.local/lib/python3.7/site-packages/airflow/example_dags/example_latest_only.py took 0.112 seconds
[2022-09-19T18:51:49.816+0000] {processor.py:156} INFO - Started process (PID=958) to work on /home/airflow/.local/lib/python3.7/site-packages/airflow/example_dags/example_latest_only.py
[2022-09-19T18:51:49.817+0000] {processor.py:758} INFO - Processing file /home/airflow/.local/lib/python3.7/site-packages/airflow/example_dags/example_latest_only.py for tasks to queue
[2022-09-19T18:51:49.817+0000] {logging_mixin.py:117} INFO - [2022-09-19T18:51:49.817+0000] {dagbag.py:525} INFO - Filling up the DagBag from /home/airflow/.local/lib/python3.7/site-packages/airflow/example_dags/example_latest_only.py
[2022-09-19T18:51:49.831+0000] {processor.py:768} INFO - DAG(s) dict_keys(['latest_only']) retrieved from /home/airflow/.local/lib/python3.7/site-packages/airflow/example_dags/example_latest_only.py
[2022-09-19T18:51:49.871+0000] {logging_mixin.py:117} INFO - [2022-09-19T18:51:49.871+0000] {dag.py:2573} INFO - Sync 1 DAGs
[2022-09-19T18:51:49.900+0000] {logging_mixin.py:117} INFO - [2022-09-19T18:51:49.900+0000] {dag.py:3328} INFO - Setting next_dagrun for latest_only to 2022-09-19T14:51:49.900104+00:00, run_after=2022-09-19T18:51:49.900104+00:00
[2022-09-19T18:51:49.923+0000] {processor.py:178} INFO - Processing /home/airflow/.local/lib/python3.7/site-packages/airflow/example_dags/example_latest_only.py took 0.109 seconds
[2022-09-19T18:52:20.202+0000] {processor.py:156} INFO - Started process (PID=1021) to work on /home/airflow/.local/lib/python3.7/site-packages/airflow/example_dags/example_latest_only.py
[2022-09-19T18:52:20.203+0000] {processor.py:758} INFO - Processing file /home/airflow/.local/lib/python3.7/site-packages/airflow/example_dags/example_latest_only.py for tasks to queue
[2022-09-19T18:52:20.203+0000] {logging_mixin.py:117} INFO - [2022-09-19T18:52:20.203+0000] {dagbag.py:525} INFO - Filling up the DagBag from /home/airflow/.local/lib/python3.7/site-packages/airflow/example_dags/example_latest_only.py
[2022-09-19T18:52:20.215+0000] {processor.py:768} INFO - DAG(s) dict_keys(['latest_only']) retrieved from /home/airflow/.local/lib/python3.7/site-packages/airflow/example_dags/example_latest_only.py
[2022-09-19T18:52:20.252+0000] {logging_mixin.py:117} INFO - [2022-09-19T18:52:20.252+0000] {dag.py:2573} INFO - Sync 1 DAGs
[2022-09-19T18:52:20.279+0000] {logging_mixin.py:117} INFO - [2022-09-19T18:52:20.279+0000] {dag.py:3328} INFO - Setting next_dagrun for latest_only to 2022-09-19T14:52:20.279299+00:00, run_after=2022-09-19T18:52:20.279299+00:00
[2022-09-19T18:52:20.304+0000] {processor.py:178} INFO - Processing /home/airflow/.local/lib/python3.7/site-packages/airflow/example_dags/example_latest_only.py took 0.105 seconds
[2022-09-19T18:52:50.785+0000] {processor.py:156} INFO - Started process (PID=1083) to work on /home/airflow/.local/lib/python3.7/site-packages/airflow/example_dags/example_latest_only.py
[2022-09-19T18:52:50.786+0000] {processor.py:758} INFO - Processing file /home/airflow/.local/lib/python3.7/site-packages/airflow/example_dags/example_latest_only.py for tasks to queue
[2022-09-19T18:52:50.787+0000] {logging_mixin.py:117} INFO - [2022-09-19T18:52:50.787+0000] {dagbag.py:525} INFO - Filling up the DagBag from /home/airflow/.local/lib/python3.7/site-packages/airflow/example_dags/example_latest_only.py
[2022-09-19T18:52:50.802+0000] {processor.py:768} INFO - DAG(s) dict_keys(['latest_only']) retrieved from /home/airflow/.local/lib/python3.7/site-packages/airflow/example_dags/example_latest_only.py
[2022-09-19T18:52:50.849+0000] {logging_mixin.py:117} INFO - [2022-09-19T18:52:50.849+0000] {dag.py:2573} INFO - Sync 1 DAGs
[2022-09-19T18:52:50.881+0000] {logging_mixin.py:117} INFO - [2022-09-19T18:52:50.881+0000] {dag.py:3328} INFO - Setting next_dagrun for latest_only to 2022-09-19T14:52:50.881446+00:00, run_after=2022-09-19T18:52:50.881446+00:00
[2022-09-19T18:52:50.907+0000] {processor.py:178} INFO - Processing /home/airflow/.local/lib/python3.7/site-packages/airflow/example_dags/example_latest_only.py took 0.125 seconds
[2022-09-19T18:53:21.506+0000] {processor.py:156} INFO - Started process (PID=1136) to work on /home/airflow/.local/lib/python3.7/site-packages/airflow/example_dags/example_latest_only.py
[2022-09-19T18:53:21.507+0000] {processor.py:758} INFO - Processing file /home/airflow/.local/lib/python3.7/site-packages/airflow/example_dags/example_latest_only.py for tasks to queue
[2022-09-19T18:53:21.507+0000] {logging_mixin.py:117} INFO - [2022-09-19T18:53:21.507+0000] {dagbag.py:525} INFO - Filling up the DagBag from /home/airflow/.local/lib/python3.7/site-packages/airflow/example_dags/example_latest_only.py
[2022-09-19T18:53:21.519+0000] {processor.py:768} INFO - DAG(s) dict_keys(['latest_only']) retrieved from /home/airflow/.local/lib/python3.7/site-packages/airflow/example_dags/example_latest_only.py
[2022-09-19T18:53:21.559+0000] {logging_mixin.py:117} INFO - [2022-09-19T18:53:21.559+0000] {dag.py:2573} INFO - Sync 1 DAGs
[2022-09-19T18:53:21.585+0000] {logging_mixin.py:117} INFO - [2022-09-19T18:53:21.585+0000] {dag.py:3328} INFO - Setting next_dagrun for latest_only to 2022-09-19T14:53:21.584946+00:00, run_after=2022-09-19T18:53:21.584946+00:00
[2022-09-19T18:53:21.607+0000] {processor.py:178} INFO - Processing /home/airflow/.local/lib/python3.7/site-packages/airflow/example_dags/example_latest_only.py took 0.104 seconds
[2022-09-19T18:53:52.476+0000] {processor.py:156} INFO - Started process (PID=1197) to work on /home/airflow/.local/lib/python3.7/site-packages/airflow/example_dags/example_latest_only.py
[2022-09-19T18:53:52.477+0000] {processor.py:758} INFO - Processing file /home/airflow/.local/lib/python3.7/site-packages/airflow/example_dags/example_latest_only.py for tasks to queue
[2022-09-19T18:53:52.478+0000] {logging_mixin.py:117} INFO - [2022-09-19T18:53:52.477+0000] {dagbag.py:525} INFO - Filling up the DagBag from /home/airflow/.local/lib/python3.7/site-packages/airflow/example_dags/example_latest_only.py
[2022-09-19T18:53:52.498+0000] {processor.py:768} INFO - DAG(s) dict_keys(['latest_only']) retrieved from /home/airflow/.local/lib/python3.7/site-packages/airflow/example_dags/example_latest_only.py
[2022-09-19T18:53:52.548+0000] {logging_mixin.py:117} INFO - [2022-09-19T18:53:52.547+0000] {dag.py:2573} INFO - Sync 1 DAGs
[2022-09-19T18:53:52.578+0000] {logging_mixin.py:117} INFO - [2022-09-19T18:53:52.578+0000] {dag.py:3328} INFO - Setting next_dagrun for latest_only to 2022-09-19T14:53:52.578092+00:00, run_after=2022-09-19T18:53:52.578092+00:00
[2022-09-19T18:53:52.602+0000] {processor.py:178} INFO - Processing /home/airflow/.local/lib/python3.7/site-packages/airflow/example_dags/example_latest_only.py took 0.131 seconds
[2022-09-19T18:54:22.741+0000] {processor.py:156} INFO - Started process (PID=1259) to work on /home/airflow/.local/lib/python3.7/site-packages/airflow/example_dags/example_latest_only.py
[2022-09-19T18:54:22.742+0000] {processor.py:758} INFO - Processing file /home/airflow/.local/lib/python3.7/site-packages/airflow/example_dags/example_latest_only.py for tasks to queue
[2022-09-19T18:54:22.743+0000] {logging_mixin.py:117} INFO - [2022-09-19T18:54:22.743+0000] {dagbag.py:525} INFO - Filling up the DagBag from /home/airflow/.local/lib/python3.7/site-packages/airflow/example_dags/example_latest_only.py
[2022-09-19T18:54:22.764+0000] {processor.py:768} INFO - DAG(s) dict_keys(['latest_only']) retrieved from /home/airflow/.local/lib/python3.7/site-packages/airflow/example_dags/example_latest_only.py
[2022-09-19T18:54:22.820+0000] {logging_mixin.py:117} INFO - [2022-09-19T18:54:22.820+0000] {dag.py:2573} INFO - Sync 1 DAGs
[2022-09-19T18:54:22.851+0000] {logging_mixin.py:117} INFO - [2022-09-19T18:54:22.850+0000] {dag.py:3328} INFO - Setting next_dagrun for latest_only to 2022-09-19T14:54:22.850578+00:00, run_after=2022-09-19T18:54:22.850578+00:00
[2022-09-19T18:54:22.874+0000] {processor.py:178} INFO - Processing /home/airflow/.local/lib/python3.7/site-packages/airflow/example_dags/example_latest_only.py took 0.136 seconds
[2022-09-19T18:54:52.949+0000] {processor.py:156} INFO - Started process (PID=1315) to work on /home/airflow/.local/lib/python3.7/site-packages/airflow/example_dags/example_latest_only.py
[2022-09-19T18:54:52.949+0000] {processor.py:758} INFO - Processing file /home/airflow/.local/lib/python3.7/site-packages/airflow/example_dags/example_latest_only.py for tasks to queue
[2022-09-19T18:54:52.950+0000] {logging_mixin.py:117} INFO - [2022-09-19T18:54:52.950+0000] {dagbag.py:525} INFO - Filling up the DagBag from /home/airflow/.local/lib/python3.7/site-packages/airflow/example_dags/example_latest_only.py
[2022-09-19T18:54:52.962+0000] {processor.py:768} INFO - DAG(s) dict_keys(['latest_only']) retrieved from /home/airflow/.local/lib/python3.7/site-packages/airflow/example_dags/example_latest_only.py
[2022-09-19T18:54:52.999+0000] {logging_mixin.py:117} INFO - [2022-09-19T18:54:52.998+0000] {dag.py:2573} INFO - Sync 1 DAGs
[2022-09-19T18:54:53.025+0000] {logging_mixin.py:117} INFO - [2022-09-19T18:54:53.025+0000] {dag.py:3328} INFO - Setting next_dagrun for latest_only to 2022-09-19T14:54:53.025032+00:00, run_after=2022-09-19T18:54:53.025032+00:00
[2022-09-19T18:54:53.048+0000] {processor.py:178} INFO - Processing /home/airflow/.local/lib/python3.7/site-packages/airflow/example_dags/example_latest_only.py took 0.102 seconds
[2022-09-19T18:55:23.213+0000] {processor.py:156} INFO - Started process (PID=1377) to work on /home/airflow/.local/lib/python3.7/site-packages/airflow/example_dags/example_latest_only.py
[2022-09-19T18:55:23.213+0000] {processor.py:758} INFO - Processing file /home/airflow/.local/lib/python3.7/site-packages/airflow/example_dags/example_latest_only.py for tasks to queue
[2022-09-19T18:55:23.214+0000] {logging_mixin.py:117} INFO - [2022-09-19T18:55:23.214+0000] {dagbag.py:525} INFO - Filling up the DagBag from /home/airflow/.local/lib/python3.7/site-packages/airflow/example_dags/example_latest_only.py
[2022-09-19T18:55:23.228+0000] {processor.py:768} INFO - DAG(s) dict_keys(['latest_only']) retrieved from /home/airflow/.local/lib/python3.7/site-packages/airflow/example_dags/example_latest_only.py
[2022-09-19T18:55:23.269+0000] {logging_mixin.py:117} INFO - [2022-09-19T18:55:23.269+0000] {dag.py:2573} INFO - Sync 1 DAGs
[2022-09-19T18:55:23.297+0000] {logging_mixin.py:117} INFO - [2022-09-19T18:55:23.297+0000] {dag.py:3328} INFO - Setting next_dagrun for latest_only to 2022-09-19T14:55:23.297288+00:00, run_after=2022-09-19T18:55:23.297288+00:00
[2022-09-19T18:55:23.319+0000] {processor.py:178} INFO - Processing /home/airflow/.local/lib/python3.7/site-packages/airflow/example_dags/example_latest_only.py took 0.109 seconds
[2022-09-19T18:55:53.350+0000] {processor.py:156} INFO - Started process (PID=1430) to work on /home/airflow/.local/lib/python3.7/site-packages/airflow/example_dags/example_latest_only.py
[2022-09-19T18:55:53.351+0000] {processor.py:758} INFO - Processing file /home/airflow/.local/lib/python3.7/site-packages/airflow/example_dags/example_latest_only.py for tasks to queue
[2022-09-19T18:55:53.351+0000] {logging_mixin.py:117} INFO - [2022-09-19T18:55:53.351+0000] {dagbag.py:525} INFO - Filling up the DagBag from /home/airflow/.local/lib/python3.7/site-packages/airflow/example_dags/example_latest_only.py
[2022-09-19T18:55:53.362+0000] {processor.py:768} INFO - DAG(s) dict_keys(['latest_only']) retrieved from /home/airflow/.local/lib/python3.7/site-packages/airflow/example_dags/example_latest_only.py
[2022-09-19T18:55:53.397+0000] {logging_mixin.py:117} INFO - [2022-09-19T18:55:53.397+0000] {dag.py:2573} INFO - Sync 1 DAGs
[2022-09-19T18:55:53.422+0000] {logging_mixin.py:117} INFO - [2022-09-19T18:55:53.422+0000] {dag.py:3328} INFO - Setting next_dagrun for latest_only to 2022-09-19T14:55:53.422196+00:00, run_after=2022-09-19T18:55:53.422196+00:00
[2022-09-19T18:55:53.441+0000] {processor.py:178} INFO - Processing /home/airflow/.local/lib/python3.7/site-packages/airflow/example_dags/example_latest_only.py took 0.093 seconds
[2022-09-19T18:56:23.472+0000] {processor.py:156} INFO - Started process (PID=1492) to work on /home/airflow/.local/lib/python3.7/site-packages/airflow/example_dags/example_latest_only.py
[2022-09-19T18:56:23.473+0000] {processor.py:758} INFO - Processing file /home/airflow/.local/lib/python3.7/site-packages/airflow/example_dags/example_latest_only.py for tasks to queue
[2022-09-19T18:56:23.473+0000] {logging_mixin.py:117} INFO - [2022-09-19T18:56:23.473+0000] {dagbag.py:525} INFO - Filling up the DagBag from /home/airflow/.local/lib/python3.7/site-packages/airflow/example_dags/example_latest_only.py
[2022-09-19T18:56:23.484+0000] {processor.py:768} INFO - DAG(s) dict_keys(['latest_only']) retrieved from /home/airflow/.local/lib/python3.7/site-packages/airflow/example_dags/example_latest_only.py
[2022-09-19T18:56:23.514+0000] {logging_mixin.py:117} INFO - [2022-09-19T18:56:23.514+0000] {dag.py:2573} INFO - Sync 1 DAGs
[2022-09-19T18:56:23.536+0000] {logging_mixin.py:117} INFO - [2022-09-19T18:56:23.536+0000] {dag.py:3328} INFO - Setting next_dagrun for latest_only to 2022-09-19T14:56:23.535847+00:00, run_after=2022-09-19T18:56:23.535847+00:00
[2022-09-19T18:56:23.552+0000] {processor.py:178} INFO - Processing /home/airflow/.local/lib/python3.7/site-packages/airflow/example_dags/example_latest_only.py took 0.082 seconds
[2022-09-19T18:56:54.044+0000] {processor.py:156} INFO - Started process (PID=1554) to work on /home/airflow/.local/lib/python3.7/site-packages/airflow/example_dags/example_latest_only.py
[2022-09-19T18:56:54.044+0000] {processor.py:758} INFO - Processing file /home/airflow/.local/lib/python3.7/site-packages/airflow/example_dags/example_latest_only.py for tasks to queue
[2022-09-19T18:56:54.045+0000] {logging_mixin.py:117} INFO - [2022-09-19T18:56:54.045+0000] {dagbag.py:525} INFO - Filling up the DagBag from /home/airflow/.local/lib/python3.7/site-packages/airflow/example_dags/example_latest_only.py
[2022-09-19T18:56:54.061+0000] {processor.py:768} INFO - DAG(s) dict_keys(['latest_only']) retrieved from /home/airflow/.local/lib/python3.7/site-packages/airflow/example_dags/example_latest_only.py
[2022-09-19T18:56:54.123+0000] {logging_mixin.py:117} INFO - [2022-09-19T18:56:54.123+0000] {dag.py:2573} INFO - Sync 1 DAGs
[2022-09-19T18:56:54.174+0000] {logging_mixin.py:117} INFO - [2022-09-19T18:56:54.174+0000] {dag.py:3328} INFO - Setting next_dagrun for latest_only to 2022-09-19T14:56:54.174263+00:00, run_after=2022-09-19T18:56:54.174263+00:00
[2022-09-19T18:56:54.206+0000] {processor.py:178} INFO - Processing /home/airflow/.local/lib/python3.7/site-packages/airflow/example_dags/example_latest_only.py took 0.165 seconds
[2022-09-19T18:57:25.073+0000] {processor.py:156} INFO - Started process (PID=1608) to work on /home/airflow/.local/lib/python3.7/site-packages/airflow/example_dags/example_latest_only.py
[2022-09-19T18:57:25.074+0000] {processor.py:758} INFO - Processing file /home/airflow/.local/lib/python3.7/site-packages/airflow/example_dags/example_latest_only.py for tasks to queue
[2022-09-19T18:57:25.075+0000] {logging_mixin.py:117} INFO - [2022-09-19T18:57:25.075+0000] {dagbag.py:525} INFO - Filling up the DagBag from /home/airflow/.local/lib/python3.7/site-packages/airflow/example_dags/example_latest_only.py
[2022-09-19T18:57:25.087+0000] {processor.py:768} INFO - DAG(s) dict_keys(['latest_only']) retrieved from /home/airflow/.local/lib/python3.7/site-packages/airflow/example_dags/example_latest_only.py
[2022-09-19T18:57:25.126+0000] {logging_mixin.py:117} INFO - [2022-09-19T18:57:25.125+0000] {dag.py:2573} INFO - Sync 1 DAGs
[2022-09-19T18:57:25.149+0000] {logging_mixin.py:117} INFO - [2022-09-19T18:57:25.149+0000] {dag.py:3328} INFO - Setting next_dagrun for latest_only to 2022-09-19T14:57:25.148885+00:00, run_after=2022-09-19T18:57:25.148885+00:00
[2022-09-19T18:57:25.168+0000] {processor.py:178} INFO - Processing /home/airflow/.local/lib/python3.7/site-packages/airflow/example_dags/example_latest_only.py took 0.098 seconds
[2022-09-19T18:57:55.284+0000] {processor.py:156} INFO - Started process (PID=1670) to work on /home/airflow/.local/lib/python3.7/site-packages/airflow/example_dags/example_latest_only.py
[2022-09-19T18:57:55.284+0000] {processor.py:758} INFO - Processing file /home/airflow/.local/lib/python3.7/site-packages/airflow/example_dags/example_latest_only.py for tasks to queue
[2022-09-19T18:57:55.285+0000] {logging_mixin.py:117} INFO - [2022-09-19T18:57:55.285+0000] {dagbag.py:525} INFO - Filling up the DagBag from /home/airflow/.local/lib/python3.7/site-packages/airflow/example_dags/example_latest_only.py
[2022-09-19T18:57:55.299+0000] {processor.py:768} INFO - DAG(s) dict_keys(['latest_only']) retrieved from /home/airflow/.local/lib/python3.7/site-packages/airflow/example_dags/example_latest_only.py
[2022-09-19T18:57:55.343+0000] {logging_mixin.py:117} INFO - [2022-09-19T18:57:55.342+0000] {dag.py:2573} INFO - Sync 1 DAGs
[2022-09-19T18:57:55.372+0000] {logging_mixin.py:117} INFO - [2022-09-19T18:57:55.372+0000] {dag.py:3328} INFO - Setting next_dagrun for latest_only to 2022-09-19T14:57:55.372355+00:00, run_after=2022-09-19T18:57:55.372355+00:00
[2022-09-19T18:57:55.394+0000] {processor.py:178} INFO - Processing /home/airflow/.local/lib/python3.7/site-packages/airflow/example_dags/example_latest_only.py took 0.114 seconds
[2022-09-19T18:58:25.497+0000] {processor.py:156} INFO - Started process (PID=1731) to work on /home/airflow/.local/lib/python3.7/site-packages/airflow/example_dags/example_latest_only.py
[2022-09-19T18:58:25.498+0000] {processor.py:758} INFO - Processing file /home/airflow/.local/lib/python3.7/site-packages/airflow/example_dags/example_latest_only.py for tasks to queue
[2022-09-19T18:58:25.499+0000] {logging_mixin.py:117} INFO - [2022-09-19T18:58:25.498+0000] {dagbag.py:525} INFO - Filling up the DagBag from /home/airflow/.local/lib/python3.7/site-packages/airflow/example_dags/example_latest_only.py
[2022-09-19T18:58:25.517+0000] {processor.py:768} INFO - DAG(s) dict_keys(['latest_only']) retrieved from /home/airflow/.local/lib/python3.7/site-packages/airflow/example_dags/example_latest_only.py
[2022-09-19T18:58:25.575+0000] {logging_mixin.py:117} INFO - [2022-09-19T18:58:25.575+0000] {dag.py:2573} INFO - Sync 1 DAGs
[2022-09-19T18:58:25.628+0000] {logging_mixin.py:117} INFO - [2022-09-19T18:58:25.627+0000] {dag.py:3328} INFO - Setting next_dagrun for latest_only to 2022-09-19T14:58:25.627240+00:00, run_after=2022-09-19T18:58:25.627240+00:00
[2022-09-19T18:58:25.662+0000] {processor.py:178} INFO - Processing /home/airflow/.local/lib/python3.7/site-packages/airflow/example_dags/example_latest_only.py took 0.169 seconds
[2022-09-19T18:58:56.535+0000] {processor.py:156} INFO - Started process (PID=1787) to work on /home/airflow/.local/lib/python3.7/site-packages/airflow/example_dags/example_latest_only.py
[2022-09-19T18:58:56.536+0000] {processor.py:758} INFO - Processing file /home/airflow/.local/lib/python3.7/site-packages/airflow/example_dags/example_latest_only.py for tasks to queue
[2022-09-19T18:58:56.536+0000] {logging_mixin.py:117} INFO - [2022-09-19T18:58:56.536+0000] {dagbag.py:525} INFO - Filling up the DagBag from /home/airflow/.local/lib/python3.7/site-packages/airflow/example_dags/example_latest_only.py
[2022-09-19T18:58:56.547+0000] {processor.py:768} INFO - DAG(s) dict_keys(['latest_only']) retrieved from /home/airflow/.local/lib/python3.7/site-packages/airflow/example_dags/example_latest_only.py
[2022-09-19T18:58:56.584+0000] {logging_mixin.py:117} INFO - [2022-09-19T18:58:56.584+0000] {dag.py:2573} INFO - Sync 1 DAGs
[2022-09-19T18:58:56.609+0000] {logging_mixin.py:117} INFO - [2022-09-19T18:58:56.608+0000] {dag.py:3328} INFO - Setting next_dagrun for latest_only to 2022-09-19T14:58:56.608754+00:00, run_after=2022-09-19T18:58:56.608754+00:00
[2022-09-19T18:58:56.628+0000] {processor.py:178} INFO - Processing /home/airflow/.local/lib/python3.7/site-packages/airflow/example_dags/example_latest_only.py took 0.095 seconds
[2022-09-19T18:59:27.177+0000] {processor.py:156} INFO - Started process (PID=1850) to work on /home/airflow/.local/lib/python3.7/site-packages/airflow/example_dags/example_latest_only.py
[2022-09-19T18:59:27.177+0000] {processor.py:758} INFO - Processing file /home/airflow/.local/lib/python3.7/site-packages/airflow/example_dags/example_latest_only.py for tasks to queue
[2022-09-19T18:59:27.178+0000] {logging_mixin.py:117} INFO - [2022-09-19T18:59:27.178+0000] {dagbag.py:525} INFO - Filling up the DagBag from /home/airflow/.local/lib/python3.7/site-packages/airflow/example_dags/example_latest_only.py
[2022-09-19T18:59:27.189+0000] {processor.py:768} INFO - DAG(s) dict_keys(['latest_only']) retrieved from /home/airflow/.local/lib/python3.7/site-packages/airflow/example_dags/example_latest_only.py
[2022-09-19T18:59:27.225+0000] {logging_mixin.py:117} INFO - [2022-09-19T18:59:27.225+0000] {dag.py:2573} INFO - Sync 1 DAGs
[2022-09-19T18:59:27.250+0000] {logging_mixin.py:117} INFO - [2022-09-19T18:59:27.250+0000] {dag.py:3328} INFO - Setting next_dagrun for latest_only to 2022-09-19T14:59:27.250109+00:00, run_after=2022-09-19T18:59:27.250109+00:00
[2022-09-19T18:59:27.273+0000] {processor.py:178} INFO - Processing /home/airflow/.local/lib/python3.7/site-packages/airflow/example_dags/example_latest_only.py took 0.099 seconds
[2022-09-19T18:59:57.956+0000] {processor.py:156} INFO - Started process (PID=1912) to work on /home/airflow/.local/lib/python3.7/site-packages/airflow/example_dags/example_latest_only.py
[2022-09-19T18:59:57.957+0000] {processor.py:758} INFO - Processing file /home/airflow/.local/lib/python3.7/site-packages/airflow/example_dags/example_latest_only.py for tasks to queue
[2022-09-19T18:59:57.958+0000] {logging_mixin.py:117} INFO - [2022-09-19T18:59:57.957+0000] {dagbag.py:525} INFO - Filling up the DagBag from /home/airflow/.local/lib/python3.7/site-packages/airflow/example_dags/example_latest_only.py
[2022-09-19T18:59:57.978+0000] {processor.py:768} INFO - DAG(s) dict_keys(['latest_only']) retrieved from /home/airflow/.local/lib/python3.7/site-packages/airflow/example_dags/example_latest_only.py
[2022-09-19T18:59:58.039+0000] {logging_mixin.py:117} INFO - [2022-09-19T18:59:58.039+0000] {dag.py:2573} INFO - Sync 1 DAGs
[2022-09-19T18:59:58.083+0000] {logging_mixin.py:117} INFO - [2022-09-19T18:59:58.083+0000] {dag.py:3328} INFO - Setting next_dagrun for latest_only to 2022-09-19T14:59:58.082769+00:00, run_after=2022-09-19T18:59:58.082769+00:00
[2022-09-19T18:59:58.112+0000] {processor.py:178} INFO - Processing /home/airflow/.local/lib/python3.7/site-packages/airflow/example_dags/example_latest_only.py took 0.159 seconds
[2022-09-19T19:00:28.318+0000] {processor.py:156} INFO - Started process (PID=1966) to work on /home/airflow/.local/lib/python3.7/site-packages/airflow/example_dags/example_latest_only.py
[2022-09-19T19:00:28.319+0000] {processor.py:758} INFO - Processing file /home/airflow/.local/lib/python3.7/site-packages/airflow/example_dags/example_latest_only.py for tasks to queue
[2022-09-19T19:00:28.320+0000] {logging_mixin.py:117} INFO - [2022-09-19T19:00:28.320+0000] {dagbag.py:525} INFO - Filling up the DagBag from /home/airflow/.local/lib/python3.7/site-packages/airflow/example_dags/example_latest_only.py
[2022-09-19T19:00:28.341+0000] {processor.py:768} INFO - DAG(s) dict_keys(['latest_only']) retrieved from /home/airflow/.local/lib/python3.7/site-packages/airflow/example_dags/example_latest_only.py
[2022-09-19T19:00:28.391+0000] {logging_mixin.py:117} INFO - [2022-09-19T19:00:28.390+0000] {dag.py:2573} INFO - Sync 1 DAGs
[2022-09-19T19:00:28.431+0000] {logging_mixin.py:117} INFO - [2022-09-19T19:00:28.430+0000] {dag.py:3328} INFO - Setting next_dagrun for latest_only to 2022-09-19T15:00:28.430554+00:00, run_after=2022-09-19T19:00:28.430554+00:00
[2022-09-19T19:00:28.458+0000] {processor.py:178} INFO - Processing /home/airflow/.local/lib/python3.7/site-packages/airflow/example_dags/example_latest_only.py took 0.144 seconds
[2022-09-19T19:00:59.304+0000] {processor.py:156} INFO - Started process (PID=2028) to work on /home/airflow/.local/lib/python3.7/site-packages/airflow/example_dags/example_latest_only.py
[2022-09-19T19:00:59.305+0000] {processor.py:758} INFO - Processing file /home/airflow/.local/lib/python3.7/site-packages/airflow/example_dags/example_latest_only.py for tasks to queue
[2022-09-19T19:00:59.305+0000] {logging_mixin.py:117} INFO - [2022-09-19T19:00:59.305+0000] {dagbag.py:525} INFO - Filling up the DagBag from /home/airflow/.local/lib/python3.7/site-packages/airflow/example_dags/example_latest_only.py
[2022-09-19T19:00:59.320+0000] {processor.py:768} INFO - DAG(s) dict_keys(['latest_only']) retrieved from /home/airflow/.local/lib/python3.7/site-packages/airflow/example_dags/example_latest_only.py
[2022-09-19T19:00:59.375+0000] {logging_mixin.py:117} INFO - [2022-09-19T19:00:59.375+0000] {dag.py:2573} INFO - Sync 1 DAGs
[2022-09-19T19:00:59.405+0000] {logging_mixin.py:117} INFO - [2022-09-19T19:00:59.405+0000] {dag.py:3328} INFO - Setting next_dagrun for latest_only to 2022-09-19T15:00:59.404964+00:00, run_after=2022-09-19T19:00:59.404964+00:00
[2022-09-19T19:00:59.423+0000] {processor.py:178} INFO - Processing /home/airflow/.local/lib/python3.7/site-packages/airflow/example_dags/example_latest_only.py took 0.121 seconds
[2022-09-19T19:01:29.857+0000] {processor.py:156} INFO - Started process (PID=2088) to work on /home/airflow/.local/lib/python3.7/site-packages/airflow/example_dags/example_latest_only.py
[2022-09-19T19:01:29.858+0000] {processor.py:758} INFO - Processing file /home/airflow/.local/lib/python3.7/site-packages/airflow/example_dags/example_latest_only.py for tasks to queue
[2022-09-19T19:01:29.858+0000] {logging_mixin.py:117} INFO - [2022-09-19T19:01:29.858+0000] {dagbag.py:525} INFO - Filling up the DagBag from /home/airflow/.local/lib/python3.7/site-packages/airflow/example_dags/example_latest_only.py
[2022-09-19T19:01:29.871+0000] {processor.py:768} INFO - DAG(s) dict_keys(['latest_only']) retrieved from /home/airflow/.local/lib/python3.7/site-packages/airflow/example_dags/example_latest_only.py
[2022-09-19T19:01:29.914+0000] {logging_mixin.py:117} INFO - [2022-09-19T19:01:29.914+0000] {dag.py:2573} INFO - Sync 1 DAGs
[2022-09-19T19:01:29.950+0000] {logging_mixin.py:117} INFO - [2022-09-19T19:01:29.950+0000] {dag.py:3328} INFO - Setting next_dagrun for latest_only to 2022-09-19T15:01:29.950097+00:00, run_after=2022-09-19T19:01:29.950097+00:00
[2022-09-19T19:01:29.976+0000] {processor.py:178} INFO - Processing /home/airflow/.local/lib/python3.7/site-packages/airflow/example_dags/example_latest_only.py took 0.122 seconds
[2022-09-19T19:02:00.343+0000] {processor.py:156} INFO - Started process (PID=2143) to work on /home/airflow/.local/lib/python3.7/site-packages/airflow/example_dags/example_latest_only.py
[2022-09-19T19:02:00.344+0000] {processor.py:758} INFO - Processing file /home/airflow/.local/lib/python3.7/site-packages/airflow/example_dags/example_latest_only.py for tasks to queue
[2022-09-19T19:02:00.345+0000] {logging_mixin.py:117} INFO - [2022-09-19T19:02:00.344+0000] {dagbag.py:525} INFO - Filling up the DagBag from /home/airflow/.local/lib/python3.7/site-packages/airflow/example_dags/example_latest_only.py
[2022-09-19T19:02:00.356+0000] {processor.py:768} INFO - DAG(s) dict_keys(['latest_only']) retrieved from /home/airflow/.local/lib/python3.7/site-packages/airflow/example_dags/example_latest_only.py
[2022-09-19T19:02:00.389+0000] {logging_mixin.py:117} INFO - [2022-09-19T19:02:00.389+0000] {dag.py:2573} INFO - Sync 1 DAGs
[2022-09-19T19:02:00.413+0000] {logging_mixin.py:117} INFO - [2022-09-19T19:02:00.413+0000] {dag.py:3328} INFO - Setting next_dagrun for latest_only to 2022-09-19T15:02:00.413210+00:00, run_after=2022-09-19T19:02:00.413210+00:00
[2022-09-19T19:02:00.432+0000] {processor.py:178} INFO - Processing /home/airflow/.local/lib/python3.7/site-packages/airflow/example_dags/example_latest_only.py took 0.092 seconds
[2022-09-19T19:02:30.978+0000] {processor.py:156} INFO - Started process (PID=2206) to work on /home/airflow/.local/lib/python3.7/site-packages/airflow/example_dags/example_latest_only.py
[2022-09-19T19:02:30.978+0000] {processor.py:758} INFO - Processing file /home/airflow/.local/lib/python3.7/site-packages/airflow/example_dags/example_latest_only.py for tasks to queue
[2022-09-19T19:02:30.979+0000] {logging_mixin.py:117} INFO - [2022-09-19T19:02:30.978+0000] {dagbag.py:525} INFO - Filling up the DagBag from /home/airflow/.local/lib/python3.7/site-packages/airflow/example_dags/example_latest_only.py
[2022-09-19T19:02:30.989+0000] {processor.py:768} INFO - DAG(s) dict_keys(['latest_only']) retrieved from /home/airflow/.local/lib/python3.7/site-packages/airflow/example_dags/example_latest_only.py
[2022-09-19T19:02:31.024+0000] {logging_mixin.py:117} INFO - [2022-09-19T19:02:31.024+0000] {dag.py:2573} INFO - Sync 1 DAGs
[2022-09-19T19:02:31.050+0000] {logging_mixin.py:117} INFO - [2022-09-19T19:02:31.050+0000] {dag.py:3328} INFO - Setting next_dagrun for latest_only to 2022-09-19T15:02:31.049906+00:00, run_after=2022-09-19T19:02:31.049906+00:00
[2022-09-19T19:02:31.069+0000] {processor.py:178} INFO - Processing /home/airflow/.local/lib/python3.7/site-packages/airflow/example_dags/example_latest_only.py took 0.093 seconds
[2022-09-19T19:03:01.194+0000] {processor.py:156} INFO - Started process (PID=2260) to work on /home/airflow/.local/lib/python3.7/site-packages/airflow/example_dags/example_latest_only.py
[2022-09-19T19:03:01.195+0000] {processor.py:758} INFO - Processing file /home/airflow/.local/lib/python3.7/site-packages/airflow/example_dags/example_latest_only.py for tasks to queue
[2022-09-19T19:03:01.195+0000] {logging_mixin.py:117} INFO - [2022-09-19T19:03:01.195+0000] {dagbag.py:525} INFO - Filling up the DagBag from /home/airflow/.local/lib/python3.7/site-packages/airflow/example_dags/example_latest_only.py
[2022-09-19T19:03:01.208+0000] {processor.py:768} INFO - DAG(s) dict_keys(['latest_only']) retrieved from /home/airflow/.local/lib/python3.7/site-packages/airflow/example_dags/example_latest_only.py
[2022-09-19T19:03:01.242+0000] {logging_mixin.py:117} INFO - [2022-09-19T19:03:01.242+0000] {dag.py:2573} INFO - Sync 1 DAGs
[2022-09-19T19:03:01.264+0000] {logging_mixin.py:117} INFO - [2022-09-19T19:03:01.264+0000] {dag.py:3328} INFO - Setting next_dagrun for latest_only to 2022-09-19T15:03:01.264003+00:00, run_after=2022-09-19T19:03:01.264003+00:00
[2022-09-19T19:03:01.283+0000] {processor.py:178} INFO - Processing /home/airflow/.local/lib/python3.7/site-packages/airflow/example_dags/example_latest_only.py took 0.091 seconds
