[2022-09-19T18:44:09.620+0000] {processor.py:156} INFO - Started process (PID=62) to work on /home/airflow/.local/lib/python3.7/site-packages/airflow/example_dags/example_nested_branch_dag.py
[2022-09-19T18:44:09.621+0000] {processor.py:758} INFO - Processing file /home/airflow/.local/lib/python3.7/site-packages/airflow/example_dags/example_nested_branch_dag.py for tasks to queue
[2022-09-19T18:44:09.622+0000] {logging_mixin.py:117} INFO - [2022-09-19T18:44:09.621+0000] {dagbag.py:525} INFO - Filling up the DagBag from /home/airflow/.local/lib/python3.7/site-packages/airflow/example_dags/example_nested_branch_dag.py
[2022-09-19T18:44:09.660+0000] {processor.py:768} INFO - DAG(s) dict_keys(['example_nested_branch_dag']) retrieved from /home/airflow/.local/lib/python3.7/site-packages/airflow/example_dags/example_nested_branch_dag.py
[2022-09-19T18:44:09.693+0000] {logging_mixin.py:117} INFO - [2022-09-19T18:44:09.692+0000] {dag.py:2573} INFO - Sync 1 DAGs
[2022-09-19T18:44:09.730+0000] {logging_mixin.py:117} INFO - [2022-09-19T18:44:09.730+0000] {dag.py:3328} INFO - Setting next_dagrun for example_nested_branch_dag to 2022-09-18T00:00:00+00:00, run_after=2022-09-19T00:00:00+00:00
[2022-09-19T18:44:09.762+0000] {processor.py:178} INFO - Processing /home/airflow/.local/lib/python3.7/site-packages/airflow/example_dags/example_nested_branch_dag.py took 0.146 seconds
[2022-09-19T18:44:40.627+0000] {processor.py:156} INFO - Started process (PID=115) to work on /home/airflow/.local/lib/python3.7/site-packages/airflow/example_dags/example_nested_branch_dag.py
[2022-09-19T18:44:40.627+0000] {processor.py:758} INFO - Processing file /home/airflow/.local/lib/python3.7/site-packages/airflow/example_dags/example_nested_branch_dag.py for tasks to queue
[2022-09-19T18:44:40.628+0000] {logging_mixin.py:117} INFO - [2022-09-19T18:44:40.628+0000] {dagbag.py:525} INFO - Filling up the DagBag from /home/airflow/.local/lib/python3.7/site-packages/airflow/example_dags/example_nested_branch_dag.py
[2022-09-19T18:44:40.653+0000] {processor.py:768} INFO - DAG(s) dict_keys(['example_nested_branch_dag']) retrieved from /home/airflow/.local/lib/python3.7/site-packages/airflow/example_dags/example_nested_branch_dag.py
[2022-09-19T18:44:40.744+0000] {logging_mixin.py:117} INFO - [2022-09-19T18:44:40.744+0000] {dag.py:2573} INFO - Sync 1 DAGs
[2022-09-19T18:44:40.789+0000] {logging_mixin.py:117} INFO - [2022-09-19T18:44:40.788+0000] {dag.py:3328} INFO - Setting next_dagrun for example_nested_branch_dag to 2022-09-18T00:00:00+00:00, run_after=2022-09-19T00:00:00+00:00
[2022-09-19T18:44:40.814+0000] {processor.py:178} INFO - Processing /home/airflow/.local/lib/python3.7/site-packages/airflow/example_dags/example_nested_branch_dag.py took 0.189 seconds
[2022-09-19T18:45:11.646+0000] {processor.py:156} INFO - Started process (PID=180) to work on /home/airflow/.local/lib/python3.7/site-packages/airflow/example_dags/example_nested_branch_dag.py
[2022-09-19T18:45:11.646+0000] {processor.py:758} INFO - Processing file /home/airflow/.local/lib/python3.7/site-packages/airflow/example_dags/example_nested_branch_dag.py for tasks to queue
[2022-09-19T18:45:11.647+0000] {logging_mixin.py:117} INFO - [2022-09-19T18:45:11.647+0000] {dagbag.py:525} INFO - Filling up the DagBag from /home/airflow/.local/lib/python3.7/site-packages/airflow/example_dags/example_nested_branch_dag.py
[2022-09-19T18:45:11.674+0000] {processor.py:768} INFO - DAG(s) dict_keys(['example_nested_branch_dag']) retrieved from /home/airflow/.local/lib/python3.7/site-packages/airflow/example_dags/example_nested_branch_dag.py
[2022-09-19T18:45:11.718+0000] {logging_mixin.py:117} INFO - [2022-09-19T18:45:11.718+0000] {dag.py:2573} INFO - Sync 1 DAGs
[2022-09-19T18:45:11.751+0000] {logging_mixin.py:117} INFO - [2022-09-19T18:45:11.751+0000] {dag.py:3328} INFO - Setting next_dagrun for example_nested_branch_dag to 2022-09-18T00:00:00+00:00, run_after=2022-09-19T00:00:00+00:00
[2022-09-19T18:45:11.775+0000] {processor.py:178} INFO - Processing /home/airflow/.local/lib/python3.7/site-packages/airflow/example_dags/example_nested_branch_dag.py took 0.131 seconds
[2022-09-19T18:45:42.098+0000] {processor.py:156} INFO - Started process (PID=243) to work on /home/airflow/.local/lib/python3.7/site-packages/airflow/example_dags/example_nested_branch_dag.py
[2022-09-19T18:45:42.099+0000] {processor.py:758} INFO - Processing file /home/airflow/.local/lib/python3.7/site-packages/airflow/example_dags/example_nested_branch_dag.py for tasks to queue
[2022-09-19T18:45:42.099+0000] {logging_mixin.py:117} INFO - [2022-09-19T18:45:42.099+0000] {dagbag.py:525} INFO - Filling up the DagBag from /home/airflow/.local/lib/python3.7/site-packages/airflow/example_dags/example_nested_branch_dag.py
[2022-09-19T18:45:42.123+0000] {processor.py:768} INFO - DAG(s) dict_keys(['example_nested_branch_dag']) retrieved from /home/airflow/.local/lib/python3.7/site-packages/airflow/example_dags/example_nested_branch_dag.py
[2022-09-19T18:45:42.159+0000] {logging_mixin.py:117} INFO - [2022-09-19T18:45:42.158+0000] {dag.py:2573} INFO - Sync 1 DAGs
[2022-09-19T18:45:42.187+0000] {logging_mixin.py:117} INFO - [2022-09-19T18:45:42.186+0000] {dag.py:3328} INFO - Setting next_dagrun for example_nested_branch_dag to 2022-09-18T00:00:00+00:00, run_after=2022-09-19T00:00:00+00:00
[2022-09-19T18:45:42.210+0000] {processor.py:178} INFO - Processing /home/airflow/.local/lib/python3.7/site-packages/airflow/example_dags/example_nested_branch_dag.py took 0.115 seconds
[2022-09-19T18:46:13.163+0000] {processor.py:156} INFO - Started process (PID=297) to work on /home/airflow/.local/lib/python3.7/site-packages/airflow/example_dags/example_nested_branch_dag.py
[2022-09-19T18:46:13.164+0000] {processor.py:758} INFO - Processing file /home/airflow/.local/lib/python3.7/site-packages/airflow/example_dags/example_nested_branch_dag.py for tasks to queue
[2022-09-19T18:46:13.164+0000] {logging_mixin.py:117} INFO - [2022-09-19T18:46:13.164+0000] {dagbag.py:525} INFO - Filling up the DagBag from /home/airflow/.local/lib/python3.7/site-packages/airflow/example_dags/example_nested_branch_dag.py
[2022-09-19T18:46:13.188+0000] {processor.py:768} INFO - DAG(s) dict_keys(['example_nested_branch_dag']) retrieved from /home/airflow/.local/lib/python3.7/site-packages/airflow/example_dags/example_nested_branch_dag.py
[2022-09-19T18:46:13.222+0000] {logging_mixin.py:117} INFO - [2022-09-19T18:46:13.222+0000] {dag.py:2573} INFO - Sync 1 DAGs
[2022-09-19T18:46:13.247+0000] {logging_mixin.py:117} INFO - [2022-09-19T18:46:13.247+0000] {dag.py:3328} INFO - Setting next_dagrun for example_nested_branch_dag to 2022-09-18T00:00:00+00:00, run_after=2022-09-19T00:00:00+00:00
[2022-09-19T18:46:13.269+0000] {processor.py:178} INFO - Processing /home/airflow/.local/lib/python3.7/site-packages/airflow/example_dags/example_nested_branch_dag.py took 0.108 seconds
[2022-09-19T18:46:44.049+0000] {processor.py:156} INFO - Started process (PID=360) to work on /home/airflow/.local/lib/python3.7/site-packages/airflow/example_dags/example_nested_branch_dag.py
[2022-09-19T18:46:44.050+0000] {processor.py:758} INFO - Processing file /home/airflow/.local/lib/python3.7/site-packages/airflow/example_dags/example_nested_branch_dag.py for tasks to queue
[2022-09-19T18:46:44.051+0000] {logging_mixin.py:117} INFO - [2022-09-19T18:46:44.051+0000] {dagbag.py:525} INFO - Filling up the DagBag from /home/airflow/.local/lib/python3.7/site-packages/airflow/example_dags/example_nested_branch_dag.py
[2022-09-19T18:46:44.082+0000] {processor.py:768} INFO - DAG(s) dict_keys(['example_nested_branch_dag']) retrieved from /home/airflow/.local/lib/python3.7/site-packages/airflow/example_dags/example_nested_branch_dag.py
[2022-09-19T18:46:44.131+0000] {logging_mixin.py:117} INFO - [2022-09-19T18:46:44.130+0000] {dag.py:2573} INFO - Sync 1 DAGs
[2022-09-19T18:46:44.163+0000] {logging_mixin.py:117} INFO - [2022-09-19T18:46:44.163+0000] {dag.py:3328} INFO - Setting next_dagrun for example_nested_branch_dag to 2022-09-18T00:00:00+00:00, run_after=2022-09-19T00:00:00+00:00
[2022-09-19T18:46:44.190+0000] {processor.py:178} INFO - Processing /home/airflow/.local/lib/python3.7/site-packages/airflow/example_dags/example_nested_branch_dag.py took 0.144 seconds
[2022-09-19T18:47:14.539+0000] {processor.py:156} INFO - Started process (PID=424) to work on /home/airflow/.local/lib/python3.7/site-packages/airflow/example_dags/example_nested_branch_dag.py
[2022-09-19T18:47:14.540+0000] {processor.py:758} INFO - Processing file /home/airflow/.local/lib/python3.7/site-packages/airflow/example_dags/example_nested_branch_dag.py for tasks to queue
[2022-09-19T18:47:14.541+0000] {logging_mixin.py:117} INFO - [2022-09-19T18:47:14.541+0000] {dagbag.py:525} INFO - Filling up the DagBag from /home/airflow/.local/lib/python3.7/site-packages/airflow/example_dags/example_nested_branch_dag.py
[2022-09-19T18:47:14.593+0000] {processor.py:768} INFO - DAG(s) dict_keys(['example_nested_branch_dag']) retrieved from /home/airflow/.local/lib/python3.7/site-packages/airflow/example_dags/example_nested_branch_dag.py
[2022-09-19T18:47:14.657+0000] {logging_mixin.py:117} INFO - [2022-09-19T18:47:14.657+0000] {dag.py:2573} INFO - Sync 1 DAGs
[2022-09-19T18:47:14.709+0000] {logging_mixin.py:117} INFO - [2022-09-19T18:47:14.709+0000] {dag.py:3328} INFO - Setting next_dagrun for example_nested_branch_dag to 2022-09-18T00:00:00+00:00, run_after=2022-09-19T00:00:00+00:00
[2022-09-19T18:47:14.748+0000] {processor.py:178} INFO - Processing /home/airflow/.local/lib/python3.7/site-packages/airflow/example_dags/example_nested_branch_dag.py took 0.212 seconds
[2022-09-19T18:47:45.047+0000] {processor.py:156} INFO - Started process (PID=478) to work on /home/airflow/.local/lib/python3.7/site-packages/airflow/example_dags/example_nested_branch_dag.py
[2022-09-19T18:47:45.047+0000] {processor.py:758} INFO - Processing file /home/airflow/.local/lib/python3.7/site-packages/airflow/example_dags/example_nested_branch_dag.py for tasks to queue
[2022-09-19T18:47:45.048+0000] {logging_mixin.py:117} INFO - [2022-09-19T18:47:45.048+0000] {dagbag.py:525} INFO - Filling up the DagBag from /home/airflow/.local/lib/python3.7/site-packages/airflow/example_dags/example_nested_branch_dag.py
[2022-09-19T18:47:45.076+0000] {processor.py:768} INFO - DAG(s) dict_keys(['example_nested_branch_dag']) retrieved from /home/airflow/.local/lib/python3.7/site-packages/airflow/example_dags/example_nested_branch_dag.py
[2022-09-19T18:47:45.122+0000] {logging_mixin.py:117} INFO - [2022-09-19T18:47:45.122+0000] {dag.py:2573} INFO - Sync 1 DAGs
[2022-09-19T18:47:45.151+0000] {logging_mixin.py:117} INFO - [2022-09-19T18:47:45.150+0000] {dag.py:3328} INFO - Setting next_dagrun for example_nested_branch_dag to 2022-09-18T00:00:00+00:00, run_after=2022-09-19T00:00:00+00:00
[2022-09-19T18:47:45.175+0000] {processor.py:178} INFO - Processing /home/airflow/.local/lib/python3.7/site-packages/airflow/example_dags/example_nested_branch_dag.py took 0.132 seconds
[2022-09-19T18:48:15.659+0000] {processor.py:156} INFO - Started process (PID=541) to work on /home/airflow/.local/lib/python3.7/site-packages/airflow/example_dags/example_nested_branch_dag.py
[2022-09-19T18:48:15.659+0000] {processor.py:758} INFO - Processing file /home/airflow/.local/lib/python3.7/site-packages/airflow/example_dags/example_nested_branch_dag.py for tasks to queue
[2022-09-19T18:48:15.660+0000] {logging_mixin.py:117} INFO - [2022-09-19T18:48:15.660+0000] {dagbag.py:525} INFO - Filling up the DagBag from /home/airflow/.local/lib/python3.7/site-packages/airflow/example_dags/example_nested_branch_dag.py
[2022-09-19T18:48:15.687+0000] {processor.py:768} INFO - DAG(s) dict_keys(['example_nested_branch_dag']) retrieved from /home/airflow/.local/lib/python3.7/site-packages/airflow/example_dags/example_nested_branch_dag.py
[2022-09-19T18:48:15.732+0000] {logging_mixin.py:117} INFO - [2022-09-19T18:48:15.731+0000] {dag.py:2573} INFO - Sync 1 DAGs
[2022-09-19T18:48:15.765+0000] {logging_mixin.py:117} INFO - [2022-09-19T18:48:15.765+0000] {dag.py:3328} INFO - Setting next_dagrun for example_nested_branch_dag to 2022-09-18T00:00:00+00:00, run_after=2022-09-19T00:00:00+00:00
[2022-09-19T18:48:15.790+0000] {processor.py:178} INFO - Processing /home/airflow/.local/lib/python3.7/site-packages/airflow/example_dags/example_nested_branch_dag.py took 0.134 seconds
[2022-09-19T18:48:46.393+0000] {processor.py:156} INFO - Started process (PID=595) to work on /home/airflow/.local/lib/python3.7/site-packages/airflow/example_dags/example_nested_branch_dag.py
[2022-09-19T18:48:46.394+0000] {processor.py:758} INFO - Processing file /home/airflow/.local/lib/python3.7/site-packages/airflow/example_dags/example_nested_branch_dag.py for tasks to queue
[2022-09-19T18:48:46.395+0000] {logging_mixin.py:117} INFO - [2022-09-19T18:48:46.395+0000] {dagbag.py:525} INFO - Filling up the DagBag from /home/airflow/.local/lib/python3.7/site-packages/airflow/example_dags/example_nested_branch_dag.py
[2022-09-19T18:48:46.424+0000] {processor.py:768} INFO - DAG(s) dict_keys(['example_nested_branch_dag']) retrieved from /home/airflow/.local/lib/python3.7/site-packages/airflow/example_dags/example_nested_branch_dag.py
[2022-09-19T18:48:46.468+0000] {logging_mixin.py:117} INFO - [2022-09-19T18:48:46.468+0000] {dag.py:2573} INFO - Sync 1 DAGs
[2022-09-19T18:48:46.501+0000] {logging_mixin.py:117} INFO - [2022-09-19T18:48:46.501+0000] {dag.py:3328} INFO - Setting next_dagrun for example_nested_branch_dag to 2022-09-18T00:00:00+00:00, run_after=2022-09-19T00:00:00+00:00
[2022-09-19T18:48:46.528+0000] {processor.py:178} INFO - Processing /home/airflow/.local/lib/python3.7/site-packages/airflow/example_dags/example_nested_branch_dag.py took 0.137 seconds
[2022-09-19T18:49:17.249+0000] {processor.py:156} INFO - Started process (PID=658) to work on /home/airflow/.local/lib/python3.7/site-packages/airflow/example_dags/example_nested_branch_dag.py
[2022-09-19T18:49:17.249+0000] {processor.py:758} INFO - Processing file /home/airflow/.local/lib/python3.7/site-packages/airflow/example_dags/example_nested_branch_dag.py for tasks to queue
[2022-09-19T18:49:17.250+0000] {logging_mixin.py:117} INFO - [2022-09-19T18:49:17.250+0000] {dagbag.py:525} INFO - Filling up the DagBag from /home/airflow/.local/lib/python3.7/site-packages/airflow/example_dags/example_nested_branch_dag.py
[2022-09-19T18:49:17.275+0000] {processor.py:768} INFO - DAG(s) dict_keys(['example_nested_branch_dag']) retrieved from /home/airflow/.local/lib/python3.7/site-packages/airflow/example_dags/example_nested_branch_dag.py
[2022-09-19T18:49:17.314+0000] {logging_mixin.py:117} INFO - [2022-09-19T18:49:17.314+0000] {dag.py:2573} INFO - Sync 1 DAGs
[2022-09-19T18:49:17.344+0000] {logging_mixin.py:117} INFO - [2022-09-19T18:49:17.344+0000] {dag.py:3328} INFO - Setting next_dagrun for example_nested_branch_dag to 2022-09-18T00:00:00+00:00, run_after=2022-09-19T00:00:00+00:00
[2022-09-19T18:49:17.367+0000] {processor.py:178} INFO - Processing /home/airflow/.local/lib/python3.7/site-packages/airflow/example_dags/example_nested_branch_dag.py took 0.120 seconds
[2022-09-19T18:49:47.483+0000] {processor.py:156} INFO - Started process (PID=721) to work on /home/airflow/.local/lib/python3.7/site-packages/airflow/example_dags/example_nested_branch_dag.py
[2022-09-19T18:49:47.488+0000] {processor.py:758} INFO - Processing file /home/airflow/.local/lib/python3.7/site-packages/airflow/example_dags/example_nested_branch_dag.py for tasks to queue
[2022-09-19T18:49:47.488+0000] {logging_mixin.py:117} INFO - [2022-09-19T18:49:47.488+0000] {dagbag.py:525} INFO - Filling up the DagBag from /home/airflow/.local/lib/python3.7/site-packages/airflow/example_dags/example_nested_branch_dag.py
[2022-09-19T18:49:47.522+0000] {processor.py:768} INFO - DAG(s) dict_keys(['example_nested_branch_dag']) retrieved from /home/airflow/.local/lib/python3.7/site-packages/airflow/example_dags/example_nested_branch_dag.py
[2022-09-19T18:49:47.567+0000] {logging_mixin.py:117} INFO - [2022-09-19T18:49:47.567+0000] {dag.py:2573} INFO - Sync 1 DAGs
[2022-09-19T18:49:47.601+0000] {logging_mixin.py:117} INFO - [2022-09-19T18:49:47.601+0000] {dag.py:3328} INFO - Setting next_dagrun for example_nested_branch_dag to 2022-09-18T00:00:00+00:00, run_after=2022-09-19T00:00:00+00:00
[2022-09-19T18:49:47.624+0000] {processor.py:178} INFO - Processing /home/airflow/.local/lib/python3.7/site-packages/airflow/example_dags/example_nested_branch_dag.py took 0.145 seconds
[2022-09-19T18:50:17.828+0000] {processor.py:156} INFO - Started process (PID=775) to work on /home/airflow/.local/lib/python3.7/site-packages/airflow/example_dags/example_nested_branch_dag.py
[2022-09-19T18:50:17.828+0000] {processor.py:758} INFO - Processing file /home/airflow/.local/lib/python3.7/site-packages/airflow/example_dags/example_nested_branch_dag.py for tasks to queue
[2022-09-19T18:50:17.829+0000] {logging_mixin.py:117} INFO - [2022-09-19T18:50:17.829+0000] {dagbag.py:525} INFO - Filling up the DagBag from /home/airflow/.local/lib/python3.7/site-packages/airflow/example_dags/example_nested_branch_dag.py
[2022-09-19T18:50:17.851+0000] {processor.py:768} INFO - DAG(s) dict_keys(['example_nested_branch_dag']) retrieved from /home/airflow/.local/lib/python3.7/site-packages/airflow/example_dags/example_nested_branch_dag.py
[2022-09-19T18:50:17.888+0000] {logging_mixin.py:117} INFO - [2022-09-19T18:50:17.888+0000] {dag.py:2573} INFO - Sync 1 DAGs
[2022-09-19T18:50:17.912+0000] {logging_mixin.py:117} INFO - [2022-09-19T18:50:17.911+0000] {dag.py:3328} INFO - Setting next_dagrun for example_nested_branch_dag to 2022-09-18T00:00:00+00:00, run_after=2022-09-19T00:00:00+00:00
[2022-09-19T18:50:17.933+0000] {processor.py:178} INFO - Processing /home/airflow/.local/lib/python3.7/site-packages/airflow/example_dags/example_nested_branch_dag.py took 0.108 seconds
[2022-09-19T18:50:48.206+0000] {processor.py:156} INFO - Started process (PID=837) to work on /home/airflow/.local/lib/python3.7/site-packages/airflow/example_dags/example_nested_branch_dag.py
[2022-09-19T18:50:48.207+0000] {processor.py:758} INFO - Processing file /home/airflow/.local/lib/python3.7/site-packages/airflow/example_dags/example_nested_branch_dag.py for tasks to queue
[2022-09-19T18:50:48.208+0000] {logging_mixin.py:117} INFO - [2022-09-19T18:50:48.208+0000] {dagbag.py:525} INFO - Filling up the DagBag from /home/airflow/.local/lib/python3.7/site-packages/airflow/example_dags/example_nested_branch_dag.py
[2022-09-19T18:50:48.233+0000] {processor.py:768} INFO - DAG(s) dict_keys(['example_nested_branch_dag']) retrieved from /home/airflow/.local/lib/python3.7/site-packages/airflow/example_dags/example_nested_branch_dag.py
[2022-09-19T18:50:48.272+0000] {logging_mixin.py:117} INFO - [2022-09-19T18:50:48.272+0000] {dag.py:2573} INFO - Sync 1 DAGs
[2022-09-19T18:50:48.300+0000] {logging_mixin.py:117} INFO - [2022-09-19T18:50:48.300+0000] {dag.py:3328} INFO - Setting next_dagrun for example_nested_branch_dag to 2022-09-18T00:00:00+00:00, run_after=2022-09-19T00:00:00+00:00
[2022-09-19T18:50:48.324+0000] {processor.py:178} INFO - Processing /home/airflow/.local/lib/python3.7/site-packages/airflow/example_dags/example_nested_branch_dag.py took 0.121 seconds
[2022-09-19T18:51:19.185+0000] {processor.py:156} INFO - Started process (PID=899) to work on /home/airflow/.local/lib/python3.7/site-packages/airflow/example_dags/example_nested_branch_dag.py
[2022-09-19T18:51:19.186+0000] {processor.py:758} INFO - Processing file /home/airflow/.local/lib/python3.7/site-packages/airflow/example_dags/example_nested_branch_dag.py for tasks to queue
[2022-09-19T18:51:19.186+0000] {logging_mixin.py:117} INFO - [2022-09-19T18:51:19.186+0000] {dagbag.py:525} INFO - Filling up the DagBag from /home/airflow/.local/lib/python3.7/site-packages/airflow/example_dags/example_nested_branch_dag.py
[2022-09-19T18:51:19.210+0000] {processor.py:768} INFO - DAG(s) dict_keys(['example_nested_branch_dag']) retrieved from /home/airflow/.local/lib/python3.7/site-packages/airflow/example_dags/example_nested_branch_dag.py
[2022-09-19T18:51:19.247+0000] {logging_mixin.py:117} INFO - [2022-09-19T18:51:19.247+0000] {dag.py:2573} INFO - Sync 1 DAGs
[2022-09-19T18:51:19.274+0000] {logging_mixin.py:117} INFO - [2022-09-19T18:51:19.273+0000] {dag.py:3328} INFO - Setting next_dagrun for example_nested_branch_dag to 2022-09-18T00:00:00+00:00, run_after=2022-09-19T00:00:00+00:00
[2022-09-19T18:51:19.297+0000] {processor.py:178} INFO - Processing /home/airflow/.local/lib/python3.7/site-packages/airflow/example_dags/example_nested_branch_dag.py took 0.115 seconds
[2022-09-19T18:51:49.423+0000] {processor.py:156} INFO - Started process (PID=953) to work on /home/airflow/.local/lib/python3.7/site-packages/airflow/example_dags/example_nested_branch_dag.py
[2022-09-19T18:51:49.424+0000] {processor.py:758} INFO - Processing file /home/airflow/.local/lib/python3.7/site-packages/airflow/example_dags/example_nested_branch_dag.py for tasks to queue
[2022-09-19T18:51:49.425+0000] {logging_mixin.py:117} INFO - [2022-09-19T18:51:49.425+0000] {dagbag.py:525} INFO - Filling up the DagBag from /home/airflow/.local/lib/python3.7/site-packages/airflow/example_dags/example_nested_branch_dag.py
[2022-09-19T18:51:49.467+0000] {processor.py:768} INFO - DAG(s) dict_keys(['example_nested_branch_dag']) retrieved from /home/airflow/.local/lib/python3.7/site-packages/airflow/example_dags/example_nested_branch_dag.py
[2022-09-19T18:51:49.503+0000] {logging_mixin.py:117} INFO - [2022-09-19T18:51:49.503+0000] {dag.py:2573} INFO - Sync 1 DAGs
[2022-09-19T18:51:49.533+0000] {logging_mixin.py:117} INFO - [2022-09-19T18:51:49.533+0000] {dag.py:3328} INFO - Setting next_dagrun for example_nested_branch_dag to 2022-09-18T00:00:00+00:00, run_after=2022-09-19T00:00:00+00:00
[2022-09-19T18:51:49.557+0000] {processor.py:178} INFO - Processing /home/airflow/.local/lib/python3.7/site-packages/airflow/example_dags/example_nested_branch_dag.py took 0.137 seconds
[2022-09-19T18:52:19.786+0000] {processor.py:156} INFO - Started process (PID=1016) to work on /home/airflow/.local/lib/python3.7/site-packages/airflow/example_dags/example_nested_branch_dag.py
[2022-09-19T18:52:19.787+0000] {processor.py:758} INFO - Processing file /home/airflow/.local/lib/python3.7/site-packages/airflow/example_dags/example_nested_branch_dag.py for tasks to queue
[2022-09-19T18:52:19.787+0000] {logging_mixin.py:117} INFO - [2022-09-19T18:52:19.787+0000] {dagbag.py:525} INFO - Filling up the DagBag from /home/airflow/.local/lib/python3.7/site-packages/airflow/example_dags/example_nested_branch_dag.py
[2022-09-19T18:52:19.811+0000] {processor.py:768} INFO - DAG(s) dict_keys(['example_nested_branch_dag']) retrieved from /home/airflow/.local/lib/python3.7/site-packages/airflow/example_dags/example_nested_branch_dag.py
[2022-09-19T18:52:19.850+0000] {logging_mixin.py:117} INFO - [2022-09-19T18:52:19.849+0000] {dag.py:2573} INFO - Sync 1 DAGs
[2022-09-19T18:52:19.876+0000] {logging_mixin.py:117} INFO - [2022-09-19T18:52:19.876+0000] {dag.py:3328} INFO - Setting next_dagrun for example_nested_branch_dag to 2022-09-18T00:00:00+00:00, run_after=2022-09-19T00:00:00+00:00
[2022-09-19T18:52:19.899+0000] {processor.py:178} INFO - Processing /home/airflow/.local/lib/python3.7/site-packages/airflow/example_dags/example_nested_branch_dag.py took 0.116 seconds
[2022-09-19T18:52:50.131+0000] {processor.py:156} INFO - Started process (PID=1077) to work on /home/airflow/.local/lib/python3.7/site-packages/airflow/example_dags/example_nested_branch_dag.py
[2022-09-19T18:52:50.132+0000] {processor.py:758} INFO - Processing file /home/airflow/.local/lib/python3.7/site-packages/airflow/example_dags/example_nested_branch_dag.py for tasks to queue
[2022-09-19T18:52:50.132+0000] {logging_mixin.py:117} INFO - [2022-09-19T18:52:50.132+0000] {dagbag.py:525} INFO - Filling up the DagBag from /home/airflow/.local/lib/python3.7/site-packages/airflow/example_dags/example_nested_branch_dag.py
[2022-09-19T18:52:50.166+0000] {processor.py:768} INFO - DAG(s) dict_keys(['example_nested_branch_dag']) retrieved from /home/airflow/.local/lib/python3.7/site-packages/airflow/example_dags/example_nested_branch_dag.py
[2022-09-19T18:52:50.220+0000] {logging_mixin.py:117} INFO - [2022-09-19T18:52:50.220+0000] {dag.py:2573} INFO - Sync 1 DAGs
[2022-09-19T18:52:50.259+0000] {logging_mixin.py:117} INFO - [2022-09-19T18:52:50.259+0000] {dag.py:3328} INFO - Setting next_dagrun for example_nested_branch_dag to 2022-09-18T00:00:00+00:00, run_after=2022-09-19T00:00:00+00:00
[2022-09-19T18:52:50.294+0000] {processor.py:178} INFO - Processing /home/airflow/.local/lib/python3.7/site-packages/airflow/example_dags/example_nested_branch_dag.py took 0.167 seconds
[2022-09-19T18:53:21.102+0000] {processor.py:156} INFO - Started process (PID=1131) to work on /home/airflow/.local/lib/python3.7/site-packages/airflow/example_dags/example_nested_branch_dag.py
[2022-09-19T18:53:21.103+0000] {processor.py:758} INFO - Processing file /home/airflow/.local/lib/python3.7/site-packages/airflow/example_dags/example_nested_branch_dag.py for tasks to queue
[2022-09-19T18:53:21.103+0000] {logging_mixin.py:117} INFO - [2022-09-19T18:53:21.103+0000] {dagbag.py:525} INFO - Filling up the DagBag from /home/airflow/.local/lib/python3.7/site-packages/airflow/example_dags/example_nested_branch_dag.py
[2022-09-19T18:53:21.130+0000] {processor.py:768} INFO - DAG(s) dict_keys(['example_nested_branch_dag']) retrieved from /home/airflow/.local/lib/python3.7/site-packages/airflow/example_dags/example_nested_branch_dag.py
[2022-09-19T18:53:21.169+0000] {logging_mixin.py:117} INFO - [2022-09-19T18:53:21.169+0000] {dag.py:2573} INFO - Sync 1 DAGs
[2022-09-19T18:53:21.200+0000] {logging_mixin.py:117} INFO - [2022-09-19T18:53:21.200+0000] {dag.py:3328} INFO - Setting next_dagrun for example_nested_branch_dag to 2022-09-18T00:00:00+00:00, run_after=2022-09-19T00:00:00+00:00
[2022-09-19T18:53:21.225+0000] {processor.py:178} INFO - Processing /home/airflow/.local/lib/python3.7/site-packages/airflow/example_dags/example_nested_branch_dag.py took 0.125 seconds
[2022-09-19T18:53:52.029+0000] {processor.py:156} INFO - Started process (PID=1192) to work on /home/airflow/.local/lib/python3.7/site-packages/airflow/example_dags/example_nested_branch_dag.py
[2022-09-19T18:53:52.030+0000] {processor.py:758} INFO - Processing file /home/airflow/.local/lib/python3.7/site-packages/airflow/example_dags/example_nested_branch_dag.py for tasks to queue
[2022-09-19T18:53:52.030+0000] {logging_mixin.py:117} INFO - [2022-09-19T18:53:52.030+0000] {dagbag.py:525} INFO - Filling up the DagBag from /home/airflow/.local/lib/python3.7/site-packages/airflow/example_dags/example_nested_branch_dag.py
[2022-09-19T18:53:52.058+0000] {processor.py:768} INFO - DAG(s) dict_keys(['example_nested_branch_dag']) retrieved from /home/airflow/.local/lib/python3.7/site-packages/airflow/example_dags/example_nested_branch_dag.py
[2022-09-19T18:53:52.101+0000] {logging_mixin.py:117} INFO - [2022-09-19T18:53:52.101+0000] {dag.py:2573} INFO - Sync 1 DAGs
[2022-09-19T18:53:52.135+0000] {logging_mixin.py:117} INFO - [2022-09-19T18:53:52.135+0000] {dag.py:3328} INFO - Setting next_dagrun for example_nested_branch_dag to 2022-09-18T00:00:00+00:00, run_after=2022-09-19T00:00:00+00:00
[2022-09-19T18:53:52.160+0000] {processor.py:178} INFO - Processing /home/airflow/.local/lib/python3.7/site-packages/airflow/example_dags/example_nested_branch_dag.py took 0.134 seconds
[2022-09-19T18:54:22.219+0000] {processor.py:156} INFO - Started process (PID=1245) to work on /home/airflow/.local/lib/python3.7/site-packages/airflow/example_dags/example_nested_branch_dag.py
[2022-09-19T18:54:22.219+0000] {processor.py:758} INFO - Processing file /home/airflow/.local/lib/python3.7/site-packages/airflow/example_dags/example_nested_branch_dag.py for tasks to queue
[2022-09-19T18:54:22.220+0000] {logging_mixin.py:117} INFO - [2022-09-19T18:54:22.220+0000] {dagbag.py:525} INFO - Filling up the DagBag from /home/airflow/.local/lib/python3.7/site-packages/airflow/example_dags/example_nested_branch_dag.py
[2022-09-19T18:54:22.241+0000] {processor.py:768} INFO - DAG(s) dict_keys(['example_nested_branch_dag']) retrieved from /home/airflow/.local/lib/python3.7/site-packages/airflow/example_dags/example_nested_branch_dag.py
[2022-09-19T18:54:22.277+0000] {logging_mixin.py:117} INFO - [2022-09-19T18:54:22.277+0000] {dag.py:2573} INFO - Sync 1 DAGs
[2022-09-19T18:54:22.302+0000] {logging_mixin.py:117} INFO - [2022-09-19T18:54:22.302+0000] {dag.py:3328} INFO - Setting next_dagrun for example_nested_branch_dag to 2022-09-18T00:00:00+00:00, run_after=2022-09-19T00:00:00+00:00
[2022-09-19T18:54:22.323+0000] {processor.py:178} INFO - Processing /home/airflow/.local/lib/python3.7/site-packages/airflow/example_dags/example_nested_branch_dag.py took 0.106 seconds
[2022-09-19T18:54:52.428+0000] {processor.py:156} INFO - Started process (PID=1309) to work on /home/airflow/.local/lib/python3.7/site-packages/airflow/example_dags/example_nested_branch_dag.py
[2022-09-19T18:54:52.429+0000] {processor.py:758} INFO - Processing file /home/airflow/.local/lib/python3.7/site-packages/airflow/example_dags/example_nested_branch_dag.py for tasks to queue
[2022-09-19T18:54:52.429+0000] {logging_mixin.py:117} INFO - [2022-09-19T18:54:52.429+0000] {dagbag.py:525} INFO - Filling up the DagBag from /home/airflow/.local/lib/python3.7/site-packages/airflow/example_dags/example_nested_branch_dag.py
[2022-09-19T18:54:52.454+0000] {processor.py:768} INFO - DAG(s) dict_keys(['example_nested_branch_dag']) retrieved from /home/airflow/.local/lib/python3.7/site-packages/airflow/example_dags/example_nested_branch_dag.py
[2022-09-19T18:54:52.494+0000] {logging_mixin.py:117} INFO - [2022-09-19T18:54:52.494+0000] {dag.py:2573} INFO - Sync 1 DAGs
[2022-09-19T18:54:52.518+0000] {logging_mixin.py:117} INFO - [2022-09-19T18:54:52.518+0000] {dag.py:3328} INFO - Setting next_dagrun for example_nested_branch_dag to 2022-09-18T00:00:00+00:00, run_after=2022-09-19T00:00:00+00:00
[2022-09-19T18:54:52.539+0000] {processor.py:178} INFO - Processing /home/airflow/.local/lib/python3.7/site-packages/airflow/example_dags/example_nested_branch_dag.py took 0.113 seconds
[2022-09-19T18:55:22.563+0000] {processor.py:156} INFO - Started process (PID=1371) to work on /home/airflow/.local/lib/python3.7/site-packages/airflow/example_dags/example_nested_branch_dag.py
[2022-09-19T18:55:22.564+0000] {processor.py:758} INFO - Processing file /home/airflow/.local/lib/python3.7/site-packages/airflow/example_dags/example_nested_branch_dag.py for tasks to queue
[2022-09-19T18:55:22.565+0000] {logging_mixin.py:117} INFO - [2022-09-19T18:55:22.564+0000] {dagbag.py:525} INFO - Filling up the DagBag from /home/airflow/.local/lib/python3.7/site-packages/airflow/example_dags/example_nested_branch_dag.py
[2022-09-19T18:55:22.589+0000] {processor.py:768} INFO - DAG(s) dict_keys(['example_nested_branch_dag']) retrieved from /home/airflow/.local/lib/python3.7/site-packages/airflow/example_dags/example_nested_branch_dag.py
[2022-09-19T18:55:22.628+0000] {logging_mixin.py:117} INFO - [2022-09-19T18:55:22.628+0000] {dag.py:2573} INFO - Sync 1 DAGs
[2022-09-19T18:55:22.654+0000] {logging_mixin.py:117} INFO - [2022-09-19T18:55:22.654+0000] {dag.py:3328} INFO - Setting next_dagrun for example_nested_branch_dag to 2022-09-18T00:00:00+00:00, run_after=2022-09-19T00:00:00+00:00
[2022-09-19T18:55:22.676+0000] {processor.py:178} INFO - Processing /home/airflow/.local/lib/python3.7/site-packages/airflow/example_dags/example_nested_branch_dag.py took 0.115 seconds
[2022-09-19T18:55:52.766+0000] {processor.py:156} INFO - Started process (PID=1425) to work on /home/airflow/.local/lib/python3.7/site-packages/airflow/example_dags/example_nested_branch_dag.py
[2022-09-19T18:55:52.767+0000] {processor.py:758} INFO - Processing file /home/airflow/.local/lib/python3.7/site-packages/airflow/example_dags/example_nested_branch_dag.py for tasks to queue
[2022-09-19T18:55:52.767+0000] {logging_mixin.py:117} INFO - [2022-09-19T18:55:52.767+0000] {dagbag.py:525} INFO - Filling up the DagBag from /home/airflow/.local/lib/python3.7/site-packages/airflow/example_dags/example_nested_branch_dag.py
[2022-09-19T18:55:52.790+0000] {processor.py:768} INFO - DAG(s) dict_keys(['example_nested_branch_dag']) retrieved from /home/airflow/.local/lib/python3.7/site-packages/airflow/example_dags/example_nested_branch_dag.py
[2022-09-19T18:55:52.828+0000] {logging_mixin.py:117} INFO - [2022-09-19T18:55:52.828+0000] {dag.py:2573} INFO - Sync 1 DAGs
[2022-09-19T18:55:52.857+0000] {logging_mixin.py:117} INFO - [2022-09-19T18:55:52.856+0000] {dag.py:3328} INFO - Setting next_dagrun for example_nested_branch_dag to 2022-09-18T00:00:00+00:00, run_after=2022-09-19T00:00:00+00:00
[2022-09-19T18:55:52.880+0000] {processor.py:178} INFO - Processing /home/airflow/.local/lib/python3.7/site-packages/airflow/example_dags/example_nested_branch_dag.py took 0.116 seconds
[2022-09-19T18:56:22.931+0000] {processor.py:156} INFO - Started process (PID=1487) to work on /home/airflow/.local/lib/python3.7/site-packages/airflow/example_dags/example_nested_branch_dag.py
[2022-09-19T18:56:22.931+0000] {processor.py:758} INFO - Processing file /home/airflow/.local/lib/python3.7/site-packages/airflow/example_dags/example_nested_branch_dag.py for tasks to queue
[2022-09-19T18:56:22.932+0000] {logging_mixin.py:117} INFO - [2022-09-19T18:56:22.932+0000] {dagbag.py:525} INFO - Filling up the DagBag from /home/airflow/.local/lib/python3.7/site-packages/airflow/example_dags/example_nested_branch_dag.py
[2022-09-19T18:56:22.955+0000] {processor.py:768} INFO - DAG(s) dict_keys(['example_nested_branch_dag']) retrieved from /home/airflow/.local/lib/python3.7/site-packages/airflow/example_dags/example_nested_branch_dag.py
[2022-09-19T18:56:22.998+0000] {logging_mixin.py:117} INFO - [2022-09-19T18:56:22.998+0000] {dag.py:2573} INFO - Sync 1 DAGs
[2022-09-19T18:56:23.021+0000] {logging_mixin.py:117} INFO - [2022-09-19T18:56:23.021+0000] {dag.py:3328} INFO - Setting next_dagrun for example_nested_branch_dag to 2022-09-18T00:00:00+00:00, run_after=2022-09-19T00:00:00+00:00
[2022-09-19T18:56:23.039+0000] {processor.py:178} INFO - Processing /home/airflow/.local/lib/python3.7/site-packages/airflow/example_dags/example_nested_branch_dag.py took 0.112 seconds
[2022-09-19T18:56:53.669+0000] {processor.py:156} INFO - Started process (PID=1549) to work on /home/airflow/.local/lib/python3.7/site-packages/airflow/example_dags/example_nested_branch_dag.py
[2022-09-19T18:56:53.669+0000] {processor.py:758} INFO - Processing file /home/airflow/.local/lib/python3.7/site-packages/airflow/example_dags/example_nested_branch_dag.py for tasks to queue
[2022-09-19T18:56:53.670+0000] {logging_mixin.py:117} INFO - [2022-09-19T18:56:53.670+0000] {dagbag.py:525} INFO - Filling up the DagBag from /home/airflow/.local/lib/python3.7/site-packages/airflow/example_dags/example_nested_branch_dag.py
[2022-09-19T18:56:53.698+0000] {processor.py:768} INFO - DAG(s) dict_keys(['example_nested_branch_dag']) retrieved from /home/airflow/.local/lib/python3.7/site-packages/airflow/example_dags/example_nested_branch_dag.py
[2022-09-19T18:56:53.754+0000] {logging_mixin.py:117} INFO - [2022-09-19T18:56:53.754+0000] {dag.py:2573} INFO - Sync 1 DAGs
[2022-09-19T18:56:53.791+0000] {logging_mixin.py:117} INFO - [2022-09-19T18:56:53.791+0000] {dag.py:3328} INFO - Setting next_dagrun for example_nested_branch_dag to 2022-09-18T00:00:00+00:00, run_after=2022-09-19T00:00:00+00:00
[2022-09-19T18:56:53.821+0000] {processor.py:178} INFO - Processing /home/airflow/.local/lib/python3.7/site-packages/airflow/example_dags/example_nested_branch_dag.py took 0.156 seconds
[2022-09-19T18:57:24.665+0000] {processor.py:156} INFO - Started process (PID=1603) to work on /home/airflow/.local/lib/python3.7/site-packages/airflow/example_dags/example_nested_branch_dag.py
[2022-09-19T18:57:24.666+0000] {processor.py:758} INFO - Processing file /home/airflow/.local/lib/python3.7/site-packages/airflow/example_dags/example_nested_branch_dag.py for tasks to queue
[2022-09-19T18:57:24.666+0000] {logging_mixin.py:117} INFO - [2022-09-19T18:57:24.666+0000] {dagbag.py:525} INFO - Filling up the DagBag from /home/airflow/.local/lib/python3.7/site-packages/airflow/example_dags/example_nested_branch_dag.py
[2022-09-19T18:57:24.691+0000] {processor.py:768} INFO - DAG(s) dict_keys(['example_nested_branch_dag']) retrieved from /home/airflow/.local/lib/python3.7/site-packages/airflow/example_dags/example_nested_branch_dag.py
[2022-09-19T18:57:24.729+0000] {logging_mixin.py:117} INFO - [2022-09-19T18:57:24.728+0000] {dag.py:2573} INFO - Sync 1 DAGs
[2022-09-19T18:57:24.758+0000] {logging_mixin.py:117} INFO - [2022-09-19T18:57:24.758+0000] {dag.py:3328} INFO - Setting next_dagrun for example_nested_branch_dag to 2022-09-18T00:00:00+00:00, run_after=2022-09-19T00:00:00+00:00
[2022-09-19T18:57:24.781+0000] {processor.py:178} INFO - Processing /home/airflow/.local/lib/python3.7/site-packages/airflow/example_dags/example_nested_branch_dag.py took 0.118 seconds
[2022-09-19T18:57:54.858+0000] {processor.py:156} INFO - Started process (PID=1665) to work on /home/airflow/.local/lib/python3.7/site-packages/airflow/example_dags/example_nested_branch_dag.py
[2022-09-19T18:57:54.859+0000] {processor.py:758} INFO - Processing file /home/airflow/.local/lib/python3.7/site-packages/airflow/example_dags/example_nested_branch_dag.py for tasks to queue
[2022-09-19T18:57:54.859+0000] {logging_mixin.py:117} INFO - [2022-09-19T18:57:54.859+0000] {dagbag.py:525} INFO - Filling up the DagBag from /home/airflow/.local/lib/python3.7/site-packages/airflow/example_dags/example_nested_branch_dag.py
[2022-09-19T18:57:54.887+0000] {processor.py:768} INFO - DAG(s) dict_keys(['example_nested_branch_dag']) retrieved from /home/airflow/.local/lib/python3.7/site-packages/airflow/example_dags/example_nested_branch_dag.py
[2022-09-19T18:57:54.927+0000] {logging_mixin.py:117} INFO - [2022-09-19T18:57:54.927+0000] {dag.py:2573} INFO - Sync 1 DAGs
[2022-09-19T18:57:54.966+0000] {logging_mixin.py:117} INFO - [2022-09-19T18:57:54.965+0000] {dag.py:3328} INFO - Setting next_dagrun for example_nested_branch_dag to 2022-09-18T00:00:00+00:00, run_after=2022-09-19T00:00:00+00:00
[2022-09-19T18:57:54.989+0000] {processor.py:178} INFO - Processing /home/airflow/.local/lib/python3.7/site-packages/airflow/example_dags/example_nested_branch_dag.py took 0.134 seconds
[2022-09-19T18:58:25.069+0000] {processor.py:156} INFO - Started process (PID=1719) to work on /home/airflow/.local/lib/python3.7/site-packages/airflow/example_dags/example_nested_branch_dag.py
[2022-09-19T18:58:25.070+0000] {processor.py:758} INFO - Processing file /home/airflow/.local/lib/python3.7/site-packages/airflow/example_dags/example_nested_branch_dag.py for tasks to queue
[2022-09-19T18:58:25.071+0000] {logging_mixin.py:117} INFO - [2022-09-19T18:58:25.070+0000] {dagbag.py:525} INFO - Filling up the DagBag from /home/airflow/.local/lib/python3.7/site-packages/airflow/example_dags/example_nested_branch_dag.py
[2022-09-19T18:58:25.103+0000] {processor.py:768} INFO - DAG(s) dict_keys(['example_nested_branch_dag']) retrieved from /home/airflow/.local/lib/python3.7/site-packages/airflow/example_dags/example_nested_branch_dag.py
[2022-09-19T18:58:25.157+0000] {logging_mixin.py:117} INFO - [2022-09-19T18:58:25.157+0000] {dag.py:2573} INFO - Sync 1 DAGs
[2022-09-19T18:58:25.189+0000] {logging_mixin.py:117} INFO - [2022-09-19T18:58:25.189+0000] {dag.py:3328} INFO - Setting next_dagrun for example_nested_branch_dag to 2022-09-18T00:00:00+00:00, run_after=2022-09-19T00:00:00+00:00
[2022-09-19T18:58:25.219+0000] {processor.py:178} INFO - Processing /home/airflow/.local/lib/python3.7/site-packages/airflow/example_dags/example_nested_branch_dag.py took 0.151 seconds
[2022-09-19T18:58:55.384+0000] {processor.py:156} INFO - Started process (PID=1782) to work on /home/airflow/.local/lib/python3.7/site-packages/airflow/example_dags/example_nested_branch_dag.py
[2022-09-19T18:58:55.385+0000] {processor.py:758} INFO - Processing file /home/airflow/.local/lib/python3.7/site-packages/airflow/example_dags/example_nested_branch_dag.py for tasks to queue
[2022-09-19T18:58:55.385+0000] {logging_mixin.py:117} INFO - [2022-09-19T18:58:55.385+0000] {dagbag.py:525} INFO - Filling up the DagBag from /home/airflow/.local/lib/python3.7/site-packages/airflow/example_dags/example_nested_branch_dag.py
[2022-09-19T18:58:55.407+0000] {processor.py:768} INFO - DAG(s) dict_keys(['example_nested_branch_dag']) retrieved from /home/airflow/.local/lib/python3.7/site-packages/airflow/example_dags/example_nested_branch_dag.py
[2022-09-19T18:58:55.442+0000] {logging_mixin.py:117} INFO - [2022-09-19T18:58:55.442+0000] {dag.py:2573} INFO - Sync 1 DAGs
[2022-09-19T18:58:55.465+0000] {logging_mixin.py:117} INFO - [2022-09-19T18:58:55.465+0000] {dag.py:3328} INFO - Setting next_dagrun for example_nested_branch_dag to 2022-09-18T00:00:00+00:00, run_after=2022-09-19T00:00:00+00:00
[2022-09-19T18:58:55.484+0000] {processor.py:178} INFO - Processing /home/airflow/.local/lib/python3.7/site-packages/airflow/example_dags/example_nested_branch_dag.py took 0.102 seconds
[2022-09-19T18:59:25.904+0000] {processor.py:156} INFO - Started process (PID=1845) to work on /home/airflow/.local/lib/python3.7/site-packages/airflow/example_dags/example_nested_branch_dag.py
[2022-09-19T18:59:25.905+0000] {processor.py:758} INFO - Processing file /home/airflow/.local/lib/python3.7/site-packages/airflow/example_dags/example_nested_branch_dag.py for tasks to queue
[2022-09-19T18:59:25.905+0000] {logging_mixin.py:117} INFO - [2022-09-19T18:59:25.905+0000] {dagbag.py:525} INFO - Filling up the DagBag from /home/airflow/.local/lib/python3.7/site-packages/airflow/example_dags/example_nested_branch_dag.py
[2022-09-19T18:59:25.929+0000] {processor.py:768} INFO - DAG(s) dict_keys(['example_nested_branch_dag']) retrieved from /home/airflow/.local/lib/python3.7/site-packages/airflow/example_dags/example_nested_branch_dag.py
[2022-09-19T18:59:25.966+0000] {logging_mixin.py:117} INFO - [2022-09-19T18:59:25.966+0000] {dag.py:2573} INFO - Sync 1 DAGs
[2022-09-19T18:59:25.992+0000] {logging_mixin.py:117} INFO - [2022-09-19T18:59:25.992+0000] {dag.py:3328} INFO - Setting next_dagrun for example_nested_branch_dag to 2022-09-18T00:00:00+00:00, run_after=2022-09-19T00:00:00+00:00
[2022-09-19T18:59:26.015+0000] {processor.py:178} INFO - Processing /home/airflow/.local/lib/python3.7/site-packages/airflow/example_dags/example_nested_branch_dag.py took 0.114 seconds
[2022-09-19T18:59:56.668+0000] {processor.py:156} INFO - Started process (PID=1898) to work on /home/airflow/.local/lib/python3.7/site-packages/airflow/example_dags/example_nested_branch_dag.py
[2022-09-19T18:59:56.669+0000] {processor.py:758} INFO - Processing file /home/airflow/.local/lib/python3.7/site-packages/airflow/example_dags/example_nested_branch_dag.py for tasks to queue
[2022-09-19T18:59:56.669+0000] {logging_mixin.py:117} INFO - [2022-09-19T18:59:56.669+0000] {dagbag.py:525} INFO - Filling up the DagBag from /home/airflow/.local/lib/python3.7/site-packages/airflow/example_dags/example_nested_branch_dag.py
[2022-09-19T18:59:56.697+0000] {processor.py:768} INFO - DAG(s) dict_keys(['example_nested_branch_dag']) retrieved from /home/airflow/.local/lib/python3.7/site-packages/airflow/example_dags/example_nested_branch_dag.py
[2022-09-19T18:59:56.738+0000] {logging_mixin.py:117} INFO - [2022-09-19T18:59:56.738+0000] {dag.py:2573} INFO - Sync 1 DAGs
[2022-09-19T18:59:56.768+0000] {logging_mixin.py:117} INFO - [2022-09-19T18:59:56.768+0000] {dag.py:3328} INFO - Setting next_dagrun for example_nested_branch_dag to 2022-09-18T00:00:00+00:00, run_after=2022-09-19T00:00:00+00:00
[2022-09-19T18:59:56.789+0000] {processor.py:178} INFO - Processing /home/airflow/.local/lib/python3.7/site-packages/airflow/example_dags/example_nested_branch_dag.py took 0.123 seconds
[2022-09-19T19:00:26.951+0000] {processor.py:156} INFO - Started process (PID=1961) to work on /home/airflow/.local/lib/python3.7/site-packages/airflow/example_dags/example_nested_branch_dag.py
[2022-09-19T19:00:26.952+0000] {processor.py:758} INFO - Processing file /home/airflow/.local/lib/python3.7/site-packages/airflow/example_dags/example_nested_branch_dag.py for tasks to queue
[2022-09-19T19:00:26.952+0000] {logging_mixin.py:117} INFO - [2022-09-19T19:00:26.952+0000] {dagbag.py:525} INFO - Filling up the DagBag from /home/airflow/.local/lib/python3.7/site-packages/airflow/example_dags/example_nested_branch_dag.py
[2022-09-19T19:00:26.981+0000] {processor.py:768} INFO - DAG(s) dict_keys(['example_nested_branch_dag']) retrieved from /home/airflow/.local/lib/python3.7/site-packages/airflow/example_dags/example_nested_branch_dag.py
[2022-09-19T19:00:27.029+0000] {logging_mixin.py:117} INFO - [2022-09-19T19:00:27.029+0000] {dag.py:2573} INFO - Sync 1 DAGs
[2022-09-19T19:00:27.057+0000] {logging_mixin.py:117} INFO - [2022-09-19T19:00:27.057+0000] {dag.py:3328} INFO - Setting next_dagrun for example_nested_branch_dag to 2022-09-18T00:00:00+00:00, run_after=2022-09-19T00:00:00+00:00
[2022-09-19T19:00:27.079+0000] {processor.py:178} INFO - Processing /home/airflow/.local/lib/python3.7/site-packages/airflow/example_dags/example_nested_branch_dag.py took 0.131 seconds
[2022-09-19T19:00:57.139+0000] {processor.py:156} INFO - Started process (PID=2023) to work on /home/airflow/.local/lib/python3.7/site-packages/airflow/example_dags/example_nested_branch_dag.py
[2022-09-19T19:00:57.140+0000] {processor.py:758} INFO - Processing file /home/airflow/.local/lib/python3.7/site-packages/airflow/example_dags/example_nested_branch_dag.py for tasks to queue
[2022-09-19T19:00:57.140+0000] {logging_mixin.py:117} INFO - [2022-09-19T19:00:57.140+0000] {dagbag.py:525} INFO - Filling up the DagBag from /home/airflow/.local/lib/python3.7/site-packages/airflow/example_dags/example_nested_branch_dag.py
[2022-09-19T19:00:57.161+0000] {processor.py:768} INFO - DAG(s) dict_keys(['example_nested_branch_dag']) retrieved from /home/airflow/.local/lib/python3.7/site-packages/airflow/example_dags/example_nested_branch_dag.py
[2022-09-19T19:00:57.194+0000] {logging_mixin.py:117} INFO - [2022-09-19T19:00:57.194+0000] {dag.py:2573} INFO - Sync 1 DAGs
[2022-09-19T19:00:57.217+0000] {logging_mixin.py:117} INFO - [2022-09-19T19:00:57.217+0000] {dag.py:3328} INFO - Setting next_dagrun for example_nested_branch_dag to 2022-09-18T00:00:00+00:00, run_after=2022-09-19T00:00:00+00:00
[2022-09-19T19:00:57.234+0000] {processor.py:178} INFO - Processing /home/airflow/.local/lib/python3.7/site-packages/airflow/example_dags/example_nested_branch_dag.py took 0.097 seconds
[2022-09-19T19:01:27.597+0000] {processor.py:156} INFO - Started process (PID=2077) to work on /home/airflow/.local/lib/python3.7/site-packages/airflow/example_dags/example_nested_branch_dag.py
[2022-09-19T19:01:27.597+0000] {processor.py:758} INFO - Processing file /home/airflow/.local/lib/python3.7/site-packages/airflow/example_dags/example_nested_branch_dag.py for tasks to queue
[2022-09-19T19:01:27.598+0000] {logging_mixin.py:117} INFO - [2022-09-19T19:01:27.598+0000] {dagbag.py:525} INFO - Filling up the DagBag from /home/airflow/.local/lib/python3.7/site-packages/airflow/example_dags/example_nested_branch_dag.py
[2022-09-19T19:01:27.619+0000] {processor.py:768} INFO - DAG(s) dict_keys(['example_nested_branch_dag']) retrieved from /home/airflow/.local/lib/python3.7/site-packages/airflow/example_dags/example_nested_branch_dag.py
[2022-09-19T19:01:27.654+0000] {logging_mixin.py:117} INFO - [2022-09-19T19:01:27.654+0000] {dag.py:2573} INFO - Sync 1 DAGs
[2022-09-19T19:01:27.678+0000] {logging_mixin.py:117} INFO - [2022-09-19T19:01:27.677+0000] {dag.py:3328} INFO - Setting next_dagrun for example_nested_branch_dag to 2022-09-18T00:00:00+00:00, run_after=2022-09-19T00:00:00+00:00
[2022-09-19T19:01:27.698+0000] {processor.py:178} INFO - Processing /home/airflow/.local/lib/python3.7/site-packages/airflow/example_dags/example_nested_branch_dag.py took 0.104 seconds
[2022-09-19T19:01:58.050+0000] {processor.py:156} INFO - Started process (PID=2138) to work on /home/airflow/.local/lib/python3.7/site-packages/airflow/example_dags/example_nested_branch_dag.py
[2022-09-19T19:01:58.051+0000] {processor.py:758} INFO - Processing file /home/airflow/.local/lib/python3.7/site-packages/airflow/example_dags/example_nested_branch_dag.py for tasks to queue
[2022-09-19T19:01:58.052+0000] {logging_mixin.py:117} INFO - [2022-09-19T19:01:58.052+0000] {dagbag.py:525} INFO - Filling up the DagBag from /home/airflow/.local/lib/python3.7/site-packages/airflow/example_dags/example_nested_branch_dag.py
[2022-09-19T19:01:58.077+0000] {processor.py:768} INFO - DAG(s) dict_keys(['example_nested_branch_dag']) retrieved from /home/airflow/.local/lib/python3.7/site-packages/airflow/example_dags/example_nested_branch_dag.py
[2022-09-19T19:01:58.116+0000] {logging_mixin.py:117} INFO - [2022-09-19T19:01:58.115+0000] {dag.py:2573} INFO - Sync 1 DAGs
[2022-09-19T19:01:58.147+0000] {logging_mixin.py:117} INFO - [2022-09-19T19:01:58.147+0000] {dag.py:3328} INFO - Setting next_dagrun for example_nested_branch_dag to 2022-09-18T00:00:00+00:00, run_after=2022-09-19T00:00:00+00:00
[2022-09-19T19:01:58.167+0000] {processor.py:178} INFO - Processing /home/airflow/.local/lib/python3.7/site-packages/airflow/example_dags/example_nested_branch_dag.py took 0.119 seconds
[2022-09-19T19:02:28.737+0000] {processor.py:156} INFO - Started process (PID=2201) to work on /home/airflow/.local/lib/python3.7/site-packages/airflow/example_dags/example_nested_branch_dag.py
[2022-09-19T19:02:28.738+0000] {processor.py:758} INFO - Processing file /home/airflow/.local/lib/python3.7/site-packages/airflow/example_dags/example_nested_branch_dag.py for tasks to queue
[2022-09-19T19:02:28.738+0000] {logging_mixin.py:117} INFO - [2022-09-19T19:02:28.738+0000] {dagbag.py:525} INFO - Filling up the DagBag from /home/airflow/.local/lib/python3.7/site-packages/airflow/example_dags/example_nested_branch_dag.py
[2022-09-19T19:02:28.763+0000] {processor.py:768} INFO - DAG(s) dict_keys(['example_nested_branch_dag']) retrieved from /home/airflow/.local/lib/python3.7/site-packages/airflow/example_dags/example_nested_branch_dag.py
[2022-09-19T19:02:28.803+0000] {logging_mixin.py:117} INFO - [2022-09-19T19:02:28.803+0000] {dag.py:2573} INFO - Sync 1 DAGs
[2022-09-19T19:02:28.827+0000] {logging_mixin.py:117} INFO - [2022-09-19T19:02:28.827+0000] {dag.py:3328} INFO - Setting next_dagrun for example_nested_branch_dag to 2022-09-18T00:00:00+00:00, run_after=2022-09-19T00:00:00+00:00
[2022-09-19T19:02:28.846+0000] {processor.py:178} INFO - Processing /home/airflow/.local/lib/python3.7/site-packages/airflow/example_dags/example_nested_branch_dag.py took 0.112 seconds
[2022-09-19T19:02:59.039+0000] {processor.py:156} INFO - Started process (PID=2255) to work on /home/airflow/.local/lib/python3.7/site-packages/airflow/example_dags/example_nested_branch_dag.py
[2022-09-19T19:02:59.039+0000] {processor.py:758} INFO - Processing file /home/airflow/.local/lib/python3.7/site-packages/airflow/example_dags/example_nested_branch_dag.py for tasks to queue
[2022-09-19T19:02:59.040+0000] {logging_mixin.py:117} INFO - [2022-09-19T19:02:59.040+0000] {dagbag.py:525} INFO - Filling up the DagBag from /home/airflow/.local/lib/python3.7/site-packages/airflow/example_dags/example_nested_branch_dag.py
[2022-09-19T19:02:59.066+0000] {processor.py:768} INFO - DAG(s) dict_keys(['example_nested_branch_dag']) retrieved from /home/airflow/.local/lib/python3.7/site-packages/airflow/example_dags/example_nested_branch_dag.py
[2022-09-19T19:02:59.108+0000] {logging_mixin.py:117} INFO - [2022-09-19T19:02:59.107+0000] {dag.py:2573} INFO - Sync 1 DAGs
[2022-09-19T19:02:59.141+0000] {logging_mixin.py:117} INFO - [2022-09-19T19:02:59.141+0000] {dag.py:3328} INFO - Setting next_dagrun for example_nested_branch_dag to 2022-09-18T00:00:00+00:00, run_after=2022-09-19T00:00:00+00:00
[2022-09-19T19:02:59.164+0000] {processor.py:178} INFO - Processing /home/airflow/.local/lib/python3.7/site-packages/airflow/example_dags/example_nested_branch_dag.py took 0.128 seconds
