[2022-09-19T18:44:09.487+0000] {processor.py:156} INFO - Started process (PID=61) to work on /home/airflow/.local/lib/python3.7/site-packages/airflow/example_dags/example_branch_operator.py
[2022-09-19T18:44:09.488+0000] {processor.py:758} INFO - Processing file /home/airflow/.local/lib/python3.7/site-packages/airflow/example_dags/example_branch_operator.py for tasks to queue
[2022-09-19T18:44:09.489+0000] {logging_mixin.py:117} INFO - [2022-09-19T18:44:09.488+0000] {dagbag.py:525} INFO - Filling up the DagBag from /home/airflow/.local/lib/python3.7/site-packages/airflow/example_dags/example_branch_operator.py
[2022-09-19T18:44:09.512+0000] {processor.py:768} INFO - DAG(s) dict_keys(['example_branch_operator']) retrieved from /home/airflow/.local/lib/python3.7/site-packages/airflow/example_dags/example_branch_operator.py
[2022-09-19T18:44:09.543+0000] {logging_mixin.py:117} INFO - [2022-09-19T18:44:09.543+0000] {dag.py:2573} INFO - Sync 1 DAGs
[2022-09-19T18:44:09.579+0000] {logging_mixin.py:117} INFO - [2022-09-19T18:44:09.579+0000] {dag.py:3328} INFO - Setting next_dagrun for example_branch_operator to 2022-09-18T00:00:00+00:00, run_after=2022-09-19T00:00:00+00:00
[2022-09-19T18:44:09.614+0000] {processor.py:178} INFO - Processing /home/airflow/.local/lib/python3.7/site-packages/airflow/example_dags/example_branch_operator.py took 0.130 seconds
[2022-09-19T18:44:40.610+0000] {processor.py:156} INFO - Started process (PID=114) to work on /home/airflow/.local/lib/python3.7/site-packages/airflow/example_dags/example_branch_operator.py
[2022-09-19T18:44:40.611+0000] {processor.py:758} INFO - Processing file /home/airflow/.local/lib/python3.7/site-packages/airflow/example_dags/example_branch_operator.py for tasks to queue
[2022-09-19T18:44:40.611+0000] {logging_mixin.py:117} INFO - [2022-09-19T18:44:40.611+0000] {dagbag.py:525} INFO - Filling up the DagBag from /home/airflow/.local/lib/python3.7/site-packages/airflow/example_dags/example_branch_operator.py
[2022-09-19T18:44:40.628+0000] {processor.py:768} INFO - DAG(s) dict_keys(['example_branch_operator']) retrieved from /home/airflow/.local/lib/python3.7/site-packages/airflow/example_dags/example_branch_operator.py
[2022-09-19T18:44:40.675+0000] {logging_mixin.py:117} INFO - [2022-09-19T18:44:40.675+0000] {dag.py:2573} INFO - Sync 1 DAGs
[2022-09-19T18:44:40.731+0000] {logging_mixin.py:117} INFO - [2022-09-19T18:44:40.731+0000] {dag.py:3328} INFO - Setting next_dagrun for example_branch_operator to 2022-09-18T00:00:00+00:00, run_after=2022-09-19T00:00:00+00:00
[2022-09-19T18:44:40.763+0000] {processor.py:178} INFO - Processing /home/airflow/.local/lib/python3.7/site-packages/airflow/example_dags/example_branch_operator.py took 0.155 seconds
[2022-09-19T18:45:11.479+0000] {processor.py:156} INFO - Started process (PID=179) to work on /home/airflow/.local/lib/python3.7/site-packages/airflow/example_dags/example_branch_operator.py
[2022-09-19T18:45:11.480+0000] {processor.py:758} INFO - Processing file /home/airflow/.local/lib/python3.7/site-packages/airflow/example_dags/example_branch_operator.py for tasks to queue
[2022-09-19T18:45:11.481+0000] {logging_mixin.py:117} INFO - [2022-09-19T18:45:11.481+0000] {dagbag.py:525} INFO - Filling up the DagBag from /home/airflow/.local/lib/python3.7/site-packages/airflow/example_dags/example_branch_operator.py
[2022-09-19T18:45:11.509+0000] {processor.py:768} INFO - DAG(s) dict_keys(['example_branch_operator']) retrieved from /home/airflow/.local/lib/python3.7/site-packages/airflow/example_dags/example_branch_operator.py
[2022-09-19T18:45:11.565+0000] {logging_mixin.py:117} INFO - [2022-09-19T18:45:11.564+0000] {dag.py:2573} INFO - Sync 1 DAGs
[2022-09-19T18:45:11.601+0000] {logging_mixin.py:117} INFO - [2022-09-19T18:45:11.601+0000] {dag.py:3328} INFO - Setting next_dagrun for example_branch_operator to 2022-09-18T00:00:00+00:00, run_after=2022-09-19T00:00:00+00:00
[2022-09-19T18:45:11.626+0000] {processor.py:178} INFO - Processing /home/airflow/.local/lib/python3.7/site-packages/airflow/example_dags/example_branch_operator.py took 0.153 seconds
[2022-09-19T18:45:42.080+0000] {processor.py:156} INFO - Started process (PID=242) to work on /home/airflow/.local/lib/python3.7/site-packages/airflow/example_dags/example_branch_operator.py
[2022-09-19T18:45:42.081+0000] {processor.py:758} INFO - Processing file /home/airflow/.local/lib/python3.7/site-packages/airflow/example_dags/example_branch_operator.py for tasks to queue
[2022-09-19T18:45:42.082+0000] {logging_mixin.py:117} INFO - [2022-09-19T18:45:42.081+0000] {dagbag.py:525} INFO - Filling up the DagBag from /home/airflow/.local/lib/python3.7/site-packages/airflow/example_dags/example_branch_operator.py
[2022-09-19T18:45:42.101+0000] {processor.py:768} INFO - DAG(s) dict_keys(['example_branch_operator']) retrieved from /home/airflow/.local/lib/python3.7/site-packages/airflow/example_dags/example_branch_operator.py
[2022-09-19T18:45:42.137+0000] {logging_mixin.py:117} INFO - [2022-09-19T18:45:42.137+0000] {dag.py:2573} INFO - Sync 1 DAGs
[2022-09-19T18:45:42.164+0000] {logging_mixin.py:117} INFO - [2022-09-19T18:45:42.164+0000] {dag.py:3328} INFO - Setting next_dagrun for example_branch_operator to 2022-09-18T00:00:00+00:00, run_after=2022-09-19T00:00:00+00:00
[2022-09-19T18:45:42.186+0000] {processor.py:178} INFO - Processing /home/airflow/.local/lib/python3.7/site-packages/airflow/example_dags/example_branch_operator.py took 0.109 seconds
[2022-09-19T18:46:13.071+0000] {processor.py:156} INFO - Started process (PID=296) to work on /home/airflow/.local/lib/python3.7/site-packages/airflow/example_dags/example_branch_operator.py
[2022-09-19T18:46:13.071+0000] {processor.py:758} INFO - Processing file /home/airflow/.local/lib/python3.7/site-packages/airflow/example_dags/example_branch_operator.py for tasks to queue
[2022-09-19T18:46:13.072+0000] {logging_mixin.py:117} INFO - [2022-09-19T18:46:13.071+0000] {dagbag.py:525} INFO - Filling up the DagBag from /home/airflow/.local/lib/python3.7/site-packages/airflow/example_dags/example_branch_operator.py
[2022-09-19T18:46:13.087+0000] {processor.py:768} INFO - DAG(s) dict_keys(['example_branch_operator']) retrieved from /home/airflow/.local/lib/python3.7/site-packages/airflow/example_dags/example_branch_operator.py
[2022-09-19T18:46:13.123+0000] {logging_mixin.py:117} INFO - [2022-09-19T18:46:13.123+0000] {dag.py:2573} INFO - Sync 1 DAGs
[2022-09-19T18:46:13.149+0000] {logging_mixin.py:117} INFO - [2022-09-19T18:46:13.149+0000] {dag.py:3328} INFO - Setting next_dagrun for example_branch_operator to 2022-09-18T00:00:00+00:00, run_after=2022-09-19T00:00:00+00:00
[2022-09-19T18:46:13.172+0000] {processor.py:178} INFO - Processing /home/airflow/.local/lib/python3.7/site-packages/airflow/example_dags/example_branch_operator.py took 0.104 seconds
[2022-09-19T18:46:43.935+0000] {processor.py:156} INFO - Started process (PID=359) to work on /home/airflow/.local/lib/python3.7/site-packages/airflow/example_dags/example_branch_operator.py
[2022-09-19T18:46:43.936+0000] {processor.py:758} INFO - Processing file /home/airflow/.local/lib/python3.7/site-packages/airflow/example_dags/example_branch_operator.py for tasks to queue
[2022-09-19T18:46:43.936+0000] {logging_mixin.py:117} INFO - [2022-09-19T18:46:43.936+0000] {dagbag.py:525} INFO - Filling up the DagBag from /home/airflow/.local/lib/python3.7/site-packages/airflow/example_dags/example_branch_operator.py
[2022-09-19T18:46:43.957+0000] {processor.py:768} INFO - DAG(s) dict_keys(['example_branch_operator']) retrieved from /home/airflow/.local/lib/python3.7/site-packages/airflow/example_dags/example_branch_operator.py
[2022-09-19T18:46:44.002+0000] {logging_mixin.py:117} INFO - [2022-09-19T18:46:44.002+0000] {dag.py:2573} INFO - Sync 1 DAGs
[2022-09-19T18:46:44.036+0000] {logging_mixin.py:117} INFO - [2022-09-19T18:46:44.036+0000] {dag.py:3328} INFO - Setting next_dagrun for example_branch_operator to 2022-09-18T00:00:00+00:00, run_after=2022-09-19T00:00:00+00:00
[2022-09-19T18:46:44.064+0000] {processor.py:178} INFO - Processing /home/airflow/.local/lib/python3.7/site-packages/airflow/example_dags/example_branch_operator.py took 0.132 seconds
[2022-09-19T18:47:14.494+0000] {processor.py:156} INFO - Started process (PID=423) to work on /home/airflow/.local/lib/python3.7/site-packages/airflow/example_dags/example_branch_operator.py
[2022-09-19T18:47:14.495+0000] {processor.py:758} INFO - Processing file /home/airflow/.local/lib/python3.7/site-packages/airflow/example_dags/example_branch_operator.py for tasks to queue
[2022-09-19T18:47:14.495+0000] {logging_mixin.py:117} INFO - [2022-09-19T18:47:14.495+0000] {dagbag.py:525} INFO - Filling up the DagBag from /home/airflow/.local/lib/python3.7/site-packages/airflow/example_dags/example_branch_operator.py
[2022-09-19T18:47:14.522+0000] {processor.py:768} INFO - DAG(s) dict_keys(['example_branch_operator']) retrieved from /home/airflow/.local/lib/python3.7/site-packages/airflow/example_dags/example_branch_operator.py
[2022-09-19T18:47:14.596+0000] {logging_mixin.py:117} INFO - [2022-09-19T18:47:14.596+0000] {dag.py:2573} INFO - Sync 1 DAGs
[2022-09-19T18:47:14.645+0000] {logging_mixin.py:117} INFO - [2022-09-19T18:47:14.645+0000] {dag.py:3328} INFO - Setting next_dagrun for example_branch_operator to 2022-09-18T00:00:00+00:00, run_after=2022-09-19T00:00:00+00:00
[2022-09-19T18:47:14.680+0000] {processor.py:178} INFO - Processing /home/airflow/.local/lib/python3.7/site-packages/airflow/example_dags/example_branch_operator.py took 0.191 seconds
[2022-09-19T18:47:44.988+0000] {processor.py:156} INFO - Started process (PID=477) to work on /home/airflow/.local/lib/python3.7/site-packages/airflow/example_dags/example_branch_operator.py
[2022-09-19T18:47:44.989+0000] {processor.py:758} INFO - Processing file /home/airflow/.local/lib/python3.7/site-packages/airflow/example_dags/example_branch_operator.py for tasks to queue
[2022-09-19T18:47:44.990+0000] {logging_mixin.py:117} INFO - [2022-09-19T18:47:44.990+0000] {dagbag.py:525} INFO - Filling up the DagBag from /home/airflow/.local/lib/python3.7/site-packages/airflow/example_dags/example_branch_operator.py
[2022-09-19T18:47:45.009+0000] {processor.py:768} INFO - DAG(s) dict_keys(['example_branch_operator']) retrieved from /home/airflow/.local/lib/python3.7/site-packages/airflow/example_dags/example_branch_operator.py
[2022-09-19T18:47:45.057+0000] {logging_mixin.py:117} INFO - [2022-09-19T18:47:45.057+0000] {dag.py:2573} INFO - Sync 1 DAGs
[2022-09-19T18:47:45.090+0000] {logging_mixin.py:117} INFO - [2022-09-19T18:47:45.090+0000] {dag.py:3328} INFO - Setting next_dagrun for example_branch_operator to 2022-09-18T00:00:00+00:00, run_after=2022-09-19T00:00:00+00:00
[2022-09-19T18:47:45.114+0000] {processor.py:178} INFO - Processing /home/airflow/.local/lib/python3.7/site-packages/airflow/example_dags/example_branch_operator.py took 0.128 seconds
[2022-09-19T18:48:15.519+0000] {processor.py:156} INFO - Started process (PID=540) to work on /home/airflow/.local/lib/python3.7/site-packages/airflow/example_dags/example_branch_operator.py
[2022-09-19T18:48:15.520+0000] {processor.py:758} INFO - Processing file /home/airflow/.local/lib/python3.7/site-packages/airflow/example_dags/example_branch_operator.py for tasks to queue
[2022-09-19T18:48:15.520+0000] {logging_mixin.py:117} INFO - [2022-09-19T18:48:15.520+0000] {dagbag.py:525} INFO - Filling up the DagBag from /home/airflow/.local/lib/python3.7/site-packages/airflow/example_dags/example_branch_operator.py
[2022-09-19T18:48:15.538+0000] {processor.py:768} INFO - DAG(s) dict_keys(['example_branch_operator']) retrieved from /home/airflow/.local/lib/python3.7/site-packages/airflow/example_dags/example_branch_operator.py
[2022-09-19T18:48:15.580+0000] {logging_mixin.py:117} INFO - [2022-09-19T18:48:15.579+0000] {dag.py:2573} INFO - Sync 1 DAGs
[2022-09-19T18:48:15.612+0000] {logging_mixin.py:117} INFO - [2022-09-19T18:48:15.612+0000] {dag.py:3328} INFO - Setting next_dagrun for example_branch_operator to 2022-09-18T00:00:00+00:00, run_after=2022-09-19T00:00:00+00:00
[2022-09-19T18:48:15.637+0000] {processor.py:178} INFO - Processing /home/airflow/.local/lib/python3.7/site-packages/airflow/example_dags/example_branch_operator.py took 0.121 seconds
[2022-09-19T18:48:46.223+0000] {processor.py:156} INFO - Started process (PID=594) to work on /home/airflow/.local/lib/python3.7/site-packages/airflow/example_dags/example_branch_operator.py
[2022-09-19T18:48:46.224+0000] {processor.py:758} INFO - Processing file /home/airflow/.local/lib/python3.7/site-packages/airflow/example_dags/example_branch_operator.py for tasks to queue
[2022-09-19T18:48:46.224+0000] {logging_mixin.py:117} INFO - [2022-09-19T18:48:46.224+0000] {dagbag.py:525} INFO - Filling up the DagBag from /home/airflow/.local/lib/python3.7/site-packages/airflow/example_dags/example_branch_operator.py
[2022-09-19T18:48:46.248+0000] {processor.py:768} INFO - DAG(s) dict_keys(['example_branch_operator']) retrieved from /home/airflow/.local/lib/python3.7/site-packages/airflow/example_dags/example_branch_operator.py
[2022-09-19T18:48:46.302+0000] {logging_mixin.py:117} INFO - [2022-09-19T18:48:46.302+0000] {dag.py:2573} INFO - Sync 1 DAGs
[2022-09-19T18:48:46.342+0000] {logging_mixin.py:117} INFO - [2022-09-19T18:48:46.341+0000] {dag.py:3328} INFO - Setting next_dagrun for example_branch_operator to 2022-09-18T00:00:00+00:00, run_after=2022-09-19T00:00:00+00:00
[2022-09-19T18:48:46.370+0000] {processor.py:178} INFO - Processing /home/airflow/.local/lib/python3.7/site-packages/airflow/example_dags/example_branch_operator.py took 0.151 seconds
[2022-09-19T18:49:17.123+0000] {processor.py:156} INFO - Started process (PID=657) to work on /home/airflow/.local/lib/python3.7/site-packages/airflow/example_dags/example_branch_operator.py
[2022-09-19T18:49:17.124+0000] {processor.py:758} INFO - Processing file /home/airflow/.local/lib/python3.7/site-packages/airflow/example_dags/example_branch_operator.py for tasks to queue
[2022-09-19T18:49:17.124+0000] {logging_mixin.py:117} INFO - [2022-09-19T18:49:17.124+0000] {dagbag.py:525} INFO - Filling up the DagBag from /home/airflow/.local/lib/python3.7/site-packages/airflow/example_dags/example_branch_operator.py
[2022-09-19T18:49:17.139+0000] {processor.py:768} INFO - DAG(s) dict_keys(['example_branch_operator']) retrieved from /home/airflow/.local/lib/python3.7/site-packages/airflow/example_dags/example_branch_operator.py
[2022-09-19T18:49:17.174+0000] {logging_mixin.py:117} INFO - [2022-09-19T18:49:17.174+0000] {dag.py:2573} INFO - Sync 1 DAGs
[2022-09-19T18:49:17.201+0000] {logging_mixin.py:117} INFO - [2022-09-19T18:49:17.201+0000] {dag.py:3328} INFO - Setting next_dagrun for example_branch_operator to 2022-09-18T00:00:00+00:00, run_after=2022-09-19T00:00:00+00:00
[2022-09-19T18:49:17.227+0000] {processor.py:178} INFO - Processing /home/airflow/.local/lib/python3.7/site-packages/airflow/example_dags/example_branch_operator.py took 0.106 seconds
[2022-09-19T18:49:47.393+0000] {processor.py:156} INFO - Started process (PID=720) to work on /home/airflow/.local/lib/python3.7/site-packages/airflow/example_dags/example_branch_operator.py
[2022-09-19T18:49:47.393+0000] {processor.py:758} INFO - Processing file /home/airflow/.local/lib/python3.7/site-packages/airflow/example_dags/example_branch_operator.py for tasks to queue
[2022-09-19T18:49:47.394+0000] {logging_mixin.py:117} INFO - [2022-09-19T18:49:47.394+0000] {dagbag.py:525} INFO - Filling up the DagBag from /home/airflow/.local/lib/python3.7/site-packages/airflow/example_dags/example_branch_operator.py
[2022-09-19T18:49:47.411+0000] {processor.py:768} INFO - DAG(s) dict_keys(['example_branch_operator']) retrieved from /home/airflow/.local/lib/python3.7/site-packages/airflow/example_dags/example_branch_operator.py
[2022-09-19T18:49:47.452+0000] {logging_mixin.py:117} INFO - [2022-09-19T18:49:47.452+0000] {dag.py:2573} INFO - Sync 1 DAGs
[2022-09-19T18:49:47.488+0000] {logging_mixin.py:117} INFO - [2022-09-19T18:49:47.488+0000] {dag.py:3328} INFO - Setting next_dagrun for example_branch_operator to 2022-09-18T00:00:00+00:00, run_after=2022-09-19T00:00:00+00:00
[2022-09-19T18:49:47.518+0000] {processor.py:178} INFO - Processing /home/airflow/.local/lib/python3.7/site-packages/airflow/example_dags/example_branch_operator.py took 0.128 seconds
[2022-09-19T18:50:17.721+0000] {processor.py:156} INFO - Started process (PID=774) to work on /home/airflow/.local/lib/python3.7/site-packages/airflow/example_dags/example_branch_operator.py
[2022-09-19T18:50:17.721+0000] {processor.py:758} INFO - Processing file /home/airflow/.local/lib/python3.7/site-packages/airflow/example_dags/example_branch_operator.py for tasks to queue
[2022-09-19T18:50:17.722+0000] {logging_mixin.py:117} INFO - [2022-09-19T18:50:17.722+0000] {dagbag.py:525} INFO - Filling up the DagBag from /home/airflow/.local/lib/python3.7/site-packages/airflow/example_dags/example_branch_operator.py
[2022-09-19T18:50:17.737+0000] {processor.py:768} INFO - DAG(s) dict_keys(['example_branch_operator']) retrieved from /home/airflow/.local/lib/python3.7/site-packages/airflow/example_dags/example_branch_operator.py
[2022-09-19T18:50:17.776+0000] {logging_mixin.py:117} INFO - [2022-09-19T18:50:17.776+0000] {dag.py:2573} INFO - Sync 1 DAGs
[2022-09-19T18:50:17.801+0000] {logging_mixin.py:117} INFO - [2022-09-19T18:50:17.800+0000] {dag.py:3328} INFO - Setting next_dagrun for example_branch_operator to 2022-09-18T00:00:00+00:00, run_after=2022-09-19T00:00:00+00:00
[2022-09-19T18:50:17.822+0000] {processor.py:178} INFO - Processing /home/airflow/.local/lib/python3.7/site-packages/airflow/example_dags/example_branch_operator.py took 0.104 seconds
[2022-09-19T18:50:48.070+0000] {processor.py:156} INFO - Started process (PID=836) to work on /home/airflow/.local/lib/python3.7/site-packages/airflow/example_dags/example_branch_operator.py
[2022-09-19T18:50:48.070+0000] {processor.py:758} INFO - Processing file /home/airflow/.local/lib/python3.7/site-packages/airflow/example_dags/example_branch_operator.py for tasks to queue
[2022-09-19T18:50:48.071+0000] {logging_mixin.py:117} INFO - [2022-09-19T18:50:48.071+0000] {dagbag.py:525} INFO - Filling up the DagBag from /home/airflow/.local/lib/python3.7/site-packages/airflow/example_dags/example_branch_operator.py
[2022-09-19T18:50:48.094+0000] {processor.py:768} INFO - DAG(s) dict_keys(['example_branch_operator']) retrieved from /home/airflow/.local/lib/python3.7/site-packages/airflow/example_dags/example_branch_operator.py
[2022-09-19T18:50:48.140+0000] {logging_mixin.py:117} INFO - [2022-09-19T18:50:48.140+0000] {dag.py:2573} INFO - Sync 1 DAGs
[2022-09-19T18:50:48.178+0000] {logging_mixin.py:117} INFO - [2022-09-19T18:50:48.178+0000] {dag.py:3328} INFO - Setting next_dagrun for example_branch_operator to 2022-09-18T00:00:00+00:00, run_after=2022-09-19T00:00:00+00:00
[2022-09-19T18:50:48.205+0000] {processor.py:178} INFO - Processing /home/airflow/.local/lib/python3.7/site-packages/airflow/example_dags/example_branch_operator.py took 0.138 seconds
[2022-09-19T18:51:19.086+0000] {processor.py:156} INFO - Started process (PID=898) to work on /home/airflow/.local/lib/python3.7/site-packages/airflow/example_dags/example_branch_operator.py
[2022-09-19T18:51:19.086+0000] {processor.py:758} INFO - Processing file /home/airflow/.local/lib/python3.7/site-packages/airflow/example_dags/example_branch_operator.py for tasks to queue
[2022-09-19T18:51:19.087+0000] {logging_mixin.py:117} INFO - [2022-09-19T18:51:19.087+0000] {dagbag.py:525} INFO - Filling up the DagBag from /home/airflow/.local/lib/python3.7/site-packages/airflow/example_dags/example_branch_operator.py
[2022-09-19T18:51:19.104+0000] {processor.py:768} INFO - DAG(s) dict_keys(['example_branch_operator']) retrieved from /home/airflow/.local/lib/python3.7/site-packages/airflow/example_dags/example_branch_operator.py
[2022-09-19T18:51:19.142+0000] {logging_mixin.py:117} INFO - [2022-09-19T18:51:19.142+0000] {dag.py:2573} INFO - Sync 1 DAGs
[2022-09-19T18:51:19.169+0000] {logging_mixin.py:117} INFO - [2022-09-19T18:51:19.169+0000] {dag.py:3328} INFO - Setting next_dagrun for example_branch_operator to 2022-09-18T00:00:00+00:00, run_after=2022-09-19T00:00:00+00:00
[2022-09-19T18:51:19.191+0000] {processor.py:178} INFO - Processing /home/airflow/.local/lib/python3.7/site-packages/airflow/example_dags/example_branch_operator.py took 0.108 seconds
[2022-09-19T18:51:49.402+0000] {processor.py:156} INFO - Started process (PID=952) to work on /home/airflow/.local/lib/python3.7/site-packages/airflow/example_dags/example_branch_operator.py
[2022-09-19T18:51:49.403+0000] {processor.py:758} INFO - Processing file /home/airflow/.local/lib/python3.7/site-packages/airflow/example_dags/example_branch_operator.py for tasks to queue
[2022-09-19T18:51:49.404+0000] {logging_mixin.py:117} INFO - [2022-09-19T18:51:49.404+0000] {dagbag.py:525} INFO - Filling up the DagBag from /home/airflow/.local/lib/python3.7/site-packages/airflow/example_dags/example_branch_operator.py
[2022-09-19T18:51:49.429+0000] {processor.py:768} INFO - DAG(s) dict_keys(['example_branch_operator']) retrieved from /home/airflow/.local/lib/python3.7/site-packages/airflow/example_dags/example_branch_operator.py
[2022-09-19T18:51:49.479+0000] {logging_mixin.py:117} INFO - [2022-09-19T18:51:49.479+0000] {dag.py:2573} INFO - Sync 1 DAGs
[2022-09-19T18:51:49.507+0000] {logging_mixin.py:117} INFO - [2022-09-19T18:51:49.506+0000] {dag.py:3328} INFO - Setting next_dagrun for example_branch_operator to 2022-09-18T00:00:00+00:00, run_after=2022-09-19T00:00:00+00:00
[2022-09-19T18:51:49.530+0000] {processor.py:178} INFO - Processing /home/airflow/.local/lib/python3.7/site-packages/airflow/example_dags/example_branch_operator.py took 0.132 seconds
[2022-09-19T18:52:19.651+0000] {processor.py:156} INFO - Started process (PID=1015) to work on /home/airflow/.local/lib/python3.7/site-packages/airflow/example_dags/example_branch_operator.py
[2022-09-19T18:52:19.652+0000] {processor.py:758} INFO - Processing file /home/airflow/.local/lib/python3.7/site-packages/airflow/example_dags/example_branch_operator.py for tasks to queue
[2022-09-19T18:52:19.653+0000] {logging_mixin.py:117} INFO - [2022-09-19T18:52:19.653+0000] {dagbag.py:525} INFO - Filling up the DagBag from /home/airflow/.local/lib/python3.7/site-packages/airflow/example_dags/example_branch_operator.py
[2022-09-19T18:52:19.671+0000] {processor.py:768} INFO - DAG(s) dict_keys(['example_branch_operator']) retrieved from /home/airflow/.local/lib/python3.7/site-packages/airflow/example_dags/example_branch_operator.py
[2022-09-19T18:52:19.714+0000] {logging_mixin.py:117} INFO - [2022-09-19T18:52:19.714+0000] {dag.py:2573} INFO - Sync 1 DAGs
[2022-09-19T18:52:19.742+0000] {logging_mixin.py:117} INFO - [2022-09-19T18:52:19.742+0000] {dag.py:3328} INFO - Setting next_dagrun for example_branch_operator to 2022-09-18T00:00:00+00:00, run_after=2022-09-19T00:00:00+00:00
[2022-09-19T18:52:19.765+0000] {processor.py:178} INFO - Processing /home/airflow/.local/lib/python3.7/site-packages/airflow/example_dags/example_branch_operator.py took 0.117 seconds
[2022-09-19T18:52:49.941+0000] {processor.py:156} INFO - Started process (PID=1076) to work on /home/airflow/.local/lib/python3.7/site-packages/airflow/example_dags/example_branch_operator.py
[2022-09-19T18:52:49.941+0000] {processor.py:758} INFO - Processing file /home/airflow/.local/lib/python3.7/site-packages/airflow/example_dags/example_branch_operator.py for tasks to queue
[2022-09-19T18:52:49.942+0000] {logging_mixin.py:117} INFO - [2022-09-19T18:52:49.942+0000] {dagbag.py:525} INFO - Filling up the DagBag from /home/airflow/.local/lib/python3.7/site-packages/airflow/example_dags/example_branch_operator.py
[2022-09-19T18:52:49.964+0000] {processor.py:768} INFO - DAG(s) dict_keys(['example_branch_operator']) retrieved from /home/airflow/.local/lib/python3.7/site-packages/airflow/example_dags/example_branch_operator.py
[2022-09-19T18:52:50.023+0000] {logging_mixin.py:117} INFO - [2022-09-19T18:52:50.023+0000] {dag.py:2573} INFO - Sync 1 DAGs
[2022-09-19T18:52:50.070+0000] {logging_mixin.py:117} INFO - [2022-09-19T18:52:50.070+0000] {dag.py:3328} INFO - Setting next_dagrun for example_branch_operator to 2022-09-18T00:00:00+00:00, run_after=2022-09-19T00:00:00+00:00
[2022-09-19T18:52:50.102+0000] {processor.py:178} INFO - Processing /home/airflow/.local/lib/python3.7/site-packages/airflow/example_dags/example_branch_operator.py took 0.164 seconds
[2022-09-19T18:53:20.957+0000] {processor.py:156} INFO - Started process (PID=1130) to work on /home/airflow/.local/lib/python3.7/site-packages/airflow/example_dags/example_branch_operator.py
[2022-09-19T18:53:20.957+0000] {processor.py:758} INFO - Processing file /home/airflow/.local/lib/python3.7/site-packages/airflow/example_dags/example_branch_operator.py for tasks to queue
[2022-09-19T18:53:20.958+0000] {logging_mixin.py:117} INFO - [2022-09-19T18:53:20.958+0000] {dagbag.py:525} INFO - Filling up the DagBag from /home/airflow/.local/lib/python3.7/site-packages/airflow/example_dags/example_branch_operator.py
[2022-09-19T18:53:20.976+0000] {processor.py:768} INFO - DAG(s) dict_keys(['example_branch_operator']) retrieved from /home/airflow/.local/lib/python3.7/site-packages/airflow/example_dags/example_branch_operator.py
[2022-09-19T18:53:21.025+0000] {logging_mixin.py:117} INFO - [2022-09-19T18:53:21.024+0000] {dag.py:2573} INFO - Sync 1 DAGs
[2022-09-19T18:53:21.062+0000] {logging_mixin.py:117} INFO - [2022-09-19T18:53:21.062+0000] {dag.py:3328} INFO - Setting next_dagrun for example_branch_operator to 2022-09-18T00:00:00+00:00, run_after=2022-09-19T00:00:00+00:00
[2022-09-19T18:53:21.082+0000] {processor.py:178} INFO - Processing /home/airflow/.local/lib/python3.7/site-packages/airflow/example_dags/example_branch_operator.py took 0.129 seconds
[2022-09-19T18:53:51.886+0000] {processor.py:156} INFO - Started process (PID=1191) to work on /home/airflow/.local/lib/python3.7/site-packages/airflow/example_dags/example_branch_operator.py
[2022-09-19T18:53:51.887+0000] {processor.py:758} INFO - Processing file /home/airflow/.local/lib/python3.7/site-packages/airflow/example_dags/example_branch_operator.py for tasks to queue
[2022-09-19T18:53:51.888+0000] {logging_mixin.py:117} INFO - [2022-09-19T18:53:51.888+0000] {dagbag.py:525} INFO - Filling up the DagBag from /home/airflow/.local/lib/python3.7/site-packages/airflow/example_dags/example_branch_operator.py
[2022-09-19T18:53:51.905+0000] {processor.py:768} INFO - DAG(s) dict_keys(['example_branch_operator']) retrieved from /home/airflow/.local/lib/python3.7/site-packages/airflow/example_dags/example_branch_operator.py
[2022-09-19T18:53:51.953+0000] {logging_mixin.py:117} INFO - [2022-09-19T18:53:51.953+0000] {dag.py:2573} INFO - Sync 1 DAGs
[2022-09-19T18:53:51.984+0000] {logging_mixin.py:117} INFO - [2022-09-19T18:53:51.984+0000] {dag.py:3328} INFO - Setting next_dagrun for example_branch_operator to 2022-09-18T00:00:00+00:00, run_after=2022-09-19T00:00:00+00:00
[2022-09-19T18:53:52.008+0000] {processor.py:178} INFO - Processing /home/airflow/.local/lib/python3.7/site-packages/airflow/example_dags/example_branch_operator.py took 0.124 seconds
[2022-09-19T18:54:22.214+0000] {processor.py:156} INFO - Started process (PID=1244) to work on /home/airflow/.local/lib/python3.7/site-packages/airflow/example_dags/example_branch_operator.py
[2022-09-19T18:54:22.214+0000] {processor.py:758} INFO - Processing file /home/airflow/.local/lib/python3.7/site-packages/airflow/example_dags/example_branch_operator.py for tasks to queue
[2022-09-19T18:54:22.215+0000] {logging_mixin.py:117} INFO - [2022-09-19T18:54:22.215+0000] {dagbag.py:525} INFO - Filling up the DagBag from /home/airflow/.local/lib/python3.7/site-packages/airflow/example_dags/example_branch_operator.py
[2022-09-19T18:54:22.230+0000] {processor.py:768} INFO - DAG(s) dict_keys(['example_branch_operator']) retrieved from /home/airflow/.local/lib/python3.7/site-packages/airflow/example_dags/example_branch_operator.py
[2022-09-19T18:54:22.267+0000] {logging_mixin.py:117} INFO - [2022-09-19T18:54:22.267+0000] {dag.py:2573} INFO - Sync 1 DAGs
[2022-09-19T18:54:22.291+0000] {logging_mixin.py:117} INFO - [2022-09-19T18:54:22.291+0000] {dag.py:3328} INFO - Setting next_dagrun for example_branch_operator to 2022-09-18T00:00:00+00:00, run_after=2022-09-19T00:00:00+00:00
[2022-09-19T18:54:22.312+0000] {processor.py:178} INFO - Processing /home/airflow/.local/lib/python3.7/site-packages/airflow/example_dags/example_branch_operator.py took 0.101 seconds
[2022-09-19T18:54:52.423+0000] {processor.py:156} INFO - Started process (PID=1308) to work on /home/airflow/.local/lib/python3.7/site-packages/airflow/example_dags/example_branch_operator.py
[2022-09-19T18:54:52.424+0000] {processor.py:758} INFO - Processing file /home/airflow/.local/lib/python3.7/site-packages/airflow/example_dags/example_branch_operator.py for tasks to queue
[2022-09-19T18:54:52.425+0000] {logging_mixin.py:117} INFO - [2022-09-19T18:54:52.425+0000] {dagbag.py:525} INFO - Filling up the DagBag from /home/airflow/.local/lib/python3.7/site-packages/airflow/example_dags/example_branch_operator.py
[2022-09-19T18:54:52.443+0000] {processor.py:768} INFO - DAG(s) dict_keys(['example_branch_operator']) retrieved from /home/airflow/.local/lib/python3.7/site-packages/airflow/example_dags/example_branch_operator.py
[2022-09-19T18:54:52.484+0000] {logging_mixin.py:117} INFO - [2022-09-19T18:54:52.484+0000] {dag.py:2573} INFO - Sync 1 DAGs
[2022-09-19T18:54:52.510+0000] {logging_mixin.py:117} INFO - [2022-09-19T18:54:52.509+0000] {dag.py:3328} INFO - Setting next_dagrun for example_branch_operator to 2022-09-18T00:00:00+00:00, run_after=2022-09-19T00:00:00+00:00
[2022-09-19T18:54:52.529+0000] {processor.py:178} INFO - Processing /home/airflow/.local/lib/python3.7/site-packages/airflow/example_dags/example_branch_operator.py took 0.110 seconds
[2022-09-19T18:55:22.557+0000] {processor.py:156} INFO - Started process (PID=1370) to work on /home/airflow/.local/lib/python3.7/site-packages/airflow/example_dags/example_branch_operator.py
[2022-09-19T18:55:22.558+0000] {processor.py:758} INFO - Processing file /home/airflow/.local/lib/python3.7/site-packages/airflow/example_dags/example_branch_operator.py for tasks to queue
[2022-09-19T18:55:22.558+0000] {logging_mixin.py:117} INFO - [2022-09-19T18:55:22.558+0000] {dagbag.py:525} INFO - Filling up the DagBag from /home/airflow/.local/lib/python3.7/site-packages/airflow/example_dags/example_branch_operator.py
[2022-09-19T18:55:22.575+0000] {processor.py:768} INFO - DAG(s) dict_keys(['example_branch_operator']) retrieved from /home/airflow/.local/lib/python3.7/site-packages/airflow/example_dags/example_branch_operator.py
[2022-09-19T18:55:22.613+0000] {logging_mixin.py:117} INFO - [2022-09-19T18:55:22.613+0000] {dag.py:2573} INFO - Sync 1 DAGs
[2022-09-19T18:55:22.640+0000] {logging_mixin.py:117} INFO - [2022-09-19T18:55:22.640+0000] {dag.py:3328} INFO - Setting next_dagrun for example_branch_operator to 2022-09-18T00:00:00+00:00, run_after=2022-09-19T00:00:00+00:00
[2022-09-19T18:55:22.662+0000] {processor.py:178} INFO - Processing /home/airflow/.local/lib/python3.7/site-packages/airflow/example_dags/example_branch_operator.py took 0.107 seconds
[2022-09-19T18:55:52.760+0000] {processor.py:156} INFO - Started process (PID=1424) to work on /home/airflow/.local/lib/python3.7/site-packages/airflow/example_dags/example_branch_operator.py
[2022-09-19T18:55:52.760+0000] {processor.py:758} INFO - Processing file /home/airflow/.local/lib/python3.7/site-packages/airflow/example_dags/example_branch_operator.py for tasks to queue
[2022-09-19T18:55:52.761+0000] {logging_mixin.py:117} INFO - [2022-09-19T18:55:52.761+0000] {dagbag.py:525} INFO - Filling up the DagBag from /home/airflow/.local/lib/python3.7/site-packages/airflow/example_dags/example_branch_operator.py
[2022-09-19T18:55:52.777+0000] {processor.py:768} INFO - DAG(s) dict_keys(['example_branch_operator']) retrieved from /home/airflow/.local/lib/python3.7/site-packages/airflow/example_dags/example_branch_operator.py
[2022-09-19T18:55:52.814+0000] {logging_mixin.py:117} INFO - [2022-09-19T18:55:52.814+0000] {dag.py:2573} INFO - Sync 1 DAGs
[2022-09-19T18:55:52.843+0000] {logging_mixin.py:117} INFO - [2022-09-19T18:55:52.842+0000] {dag.py:3328} INFO - Setting next_dagrun for example_branch_operator to 2022-09-18T00:00:00+00:00, run_after=2022-09-19T00:00:00+00:00
[2022-09-19T18:55:52.864+0000] {processor.py:178} INFO - Processing /home/airflow/.local/lib/python3.7/site-packages/airflow/example_dags/example_branch_operator.py took 0.107 seconds
[2022-09-19T18:56:22.924+0000] {processor.py:156} INFO - Started process (PID=1486) to work on /home/airflow/.local/lib/python3.7/site-packages/airflow/example_dags/example_branch_operator.py
[2022-09-19T18:56:22.925+0000] {processor.py:758} INFO - Processing file /home/airflow/.local/lib/python3.7/site-packages/airflow/example_dags/example_branch_operator.py for tasks to queue
[2022-09-19T18:56:22.926+0000] {logging_mixin.py:117} INFO - [2022-09-19T18:56:22.926+0000] {dagbag.py:525} INFO - Filling up the DagBag from /home/airflow/.local/lib/python3.7/site-packages/airflow/example_dags/example_branch_operator.py
[2022-09-19T18:56:22.942+0000] {processor.py:768} INFO - DAG(s) dict_keys(['example_branch_operator']) retrieved from /home/airflow/.local/lib/python3.7/site-packages/airflow/example_dags/example_branch_operator.py
[2022-09-19T18:56:22.986+0000] {logging_mixin.py:117} INFO - [2022-09-19T18:56:22.986+0000] {dag.py:2573} INFO - Sync 1 DAGs
[2022-09-19T18:56:23.011+0000] {logging_mixin.py:117} INFO - [2022-09-19T18:56:23.010+0000] {dag.py:3328} INFO - Setting next_dagrun for example_branch_operator to 2022-09-18T00:00:00+00:00, run_after=2022-09-19T00:00:00+00:00
[2022-09-19T18:56:23.028+0000] {processor.py:178} INFO - Processing /home/airflow/.local/lib/python3.7/site-packages/airflow/example_dags/example_branch_operator.py took 0.107 seconds
[2022-09-19T18:56:53.577+0000] {processor.py:156} INFO - Started process (PID=1548) to work on /home/airflow/.local/lib/python3.7/site-packages/airflow/example_dags/example_branch_operator.py
[2022-09-19T18:56:53.577+0000] {processor.py:758} INFO - Processing file /home/airflow/.local/lib/python3.7/site-packages/airflow/example_dags/example_branch_operator.py for tasks to queue
[2022-09-19T18:56:53.579+0000] {logging_mixin.py:117} INFO - [2022-09-19T18:56:53.578+0000] {dagbag.py:525} INFO - Filling up the DagBag from /home/airflow/.local/lib/python3.7/site-packages/airflow/example_dags/example_branch_operator.py
[2022-09-19T18:56:53.599+0000] {processor.py:768} INFO - DAG(s) dict_keys(['example_branch_operator']) retrieved from /home/airflow/.local/lib/python3.7/site-packages/airflow/example_dags/example_branch_operator.py
[2022-09-19T18:56:53.648+0000] {logging_mixin.py:117} INFO - [2022-09-19T18:56:53.647+0000] {dag.py:2573} INFO - Sync 1 DAGs
[2022-09-19T18:56:53.680+0000] {logging_mixin.py:117} INFO - [2022-09-19T18:56:53.680+0000] {dag.py:3328} INFO - Setting next_dagrun for example_branch_operator to 2022-09-18T00:00:00+00:00, run_after=2022-09-19T00:00:00+00:00
[2022-09-19T18:56:53.704+0000] {processor.py:178} INFO - Processing /home/airflow/.local/lib/python3.7/site-packages/airflow/example_dags/example_branch_operator.py took 0.130 seconds
[2022-09-19T18:57:24.542+0000] {processor.py:156} INFO - Started process (PID=1602) to work on /home/airflow/.local/lib/python3.7/site-packages/airflow/example_dags/example_branch_operator.py
[2022-09-19T18:57:24.543+0000] {processor.py:758} INFO - Processing file /home/airflow/.local/lib/python3.7/site-packages/airflow/example_dags/example_branch_operator.py for tasks to queue
[2022-09-19T18:57:24.543+0000] {logging_mixin.py:117} INFO - [2022-09-19T18:57:24.543+0000] {dagbag.py:525} INFO - Filling up the DagBag from /home/airflow/.local/lib/python3.7/site-packages/airflow/example_dags/example_branch_operator.py
[2022-09-19T18:57:24.562+0000] {processor.py:768} INFO - DAG(s) dict_keys(['example_branch_operator']) retrieved from /home/airflow/.local/lib/python3.7/site-packages/airflow/example_dags/example_branch_operator.py
[2022-09-19T18:57:24.604+0000] {logging_mixin.py:117} INFO - [2022-09-19T18:57:24.604+0000] {dag.py:2573} INFO - Sync 1 DAGs
[2022-09-19T18:57:24.632+0000] {logging_mixin.py:117} INFO - [2022-09-19T18:57:24.632+0000] {dag.py:3328} INFO - Setting next_dagrun for example_branch_operator to 2022-09-18T00:00:00+00:00, run_after=2022-09-19T00:00:00+00:00
[2022-09-19T18:57:24.654+0000] {processor.py:178} INFO - Processing /home/airflow/.local/lib/python3.7/site-packages/airflow/example_dags/example_branch_operator.py took 0.116 seconds
[2022-09-19T18:57:54.741+0000] {processor.py:156} INFO - Started process (PID=1664) to work on /home/airflow/.local/lib/python3.7/site-packages/airflow/example_dags/example_branch_operator.py
[2022-09-19T18:57:54.742+0000] {processor.py:758} INFO - Processing file /home/airflow/.local/lib/python3.7/site-packages/airflow/example_dags/example_branch_operator.py for tasks to queue
[2022-09-19T18:57:54.743+0000] {logging_mixin.py:117} INFO - [2022-09-19T18:57:54.742+0000] {dagbag.py:525} INFO - Filling up the DagBag from /home/airflow/.local/lib/python3.7/site-packages/airflow/example_dags/example_branch_operator.py
[2022-09-19T18:57:54.760+0000] {processor.py:768} INFO - DAG(s) dict_keys(['example_branch_operator']) retrieved from /home/airflow/.local/lib/python3.7/site-packages/airflow/example_dags/example_branch_operator.py
[2022-09-19T18:57:54.801+0000] {logging_mixin.py:117} INFO - [2022-09-19T18:57:54.801+0000] {dag.py:2573} INFO - Sync 1 DAGs
[2022-09-19T18:57:54.844+0000] {logging_mixin.py:117} INFO - [2022-09-19T18:57:54.844+0000] {dag.py:3328} INFO - Setting next_dagrun for example_branch_operator to 2022-09-18T00:00:00+00:00, run_after=2022-09-19T00:00:00+00:00
[2022-09-19T18:57:54.868+0000] {processor.py:178} INFO - Processing /home/airflow/.local/lib/python3.7/site-packages/airflow/example_dags/example_branch_operator.py took 0.129 seconds
[2022-09-19T18:58:24.958+0000] {processor.py:156} INFO - Started process (PID=1718) to work on /home/airflow/.local/lib/python3.7/site-packages/airflow/example_dags/example_branch_operator.py
[2022-09-19T18:58:24.959+0000] {processor.py:758} INFO - Processing file /home/airflow/.local/lib/python3.7/site-packages/airflow/example_dags/example_branch_operator.py for tasks to queue
[2022-09-19T18:58:24.959+0000] {logging_mixin.py:117} INFO - [2022-09-19T18:58:24.959+0000] {dagbag.py:525} INFO - Filling up the DagBag from /home/airflow/.local/lib/python3.7/site-packages/airflow/example_dags/example_branch_operator.py
[2022-09-19T18:58:24.975+0000] {processor.py:768} INFO - DAG(s) dict_keys(['example_branch_operator']) retrieved from /home/airflow/.local/lib/python3.7/site-packages/airflow/example_dags/example_branch_operator.py
[2022-09-19T18:58:25.016+0000] {logging_mixin.py:117} INFO - [2022-09-19T18:58:25.016+0000] {dag.py:2573} INFO - Sync 1 DAGs
[2022-09-19T18:58:25.043+0000] {logging_mixin.py:117} INFO - [2022-09-19T18:58:25.042+0000] {dag.py:3328} INFO - Setting next_dagrun for example_branch_operator to 2022-09-18T00:00:00+00:00, run_after=2022-09-19T00:00:00+00:00
[2022-09-19T18:58:25.065+0000] {processor.py:178} INFO - Processing /home/airflow/.local/lib/python3.7/site-packages/airflow/example_dags/example_branch_operator.py took 0.109 seconds
[2022-09-19T18:58:55.288+0000] {processor.py:156} INFO - Started process (PID=1781) to work on /home/airflow/.local/lib/python3.7/site-packages/airflow/example_dags/example_branch_operator.py
[2022-09-19T18:58:55.289+0000] {processor.py:758} INFO - Processing file /home/airflow/.local/lib/python3.7/site-packages/airflow/example_dags/example_branch_operator.py for tasks to queue
[2022-09-19T18:58:55.289+0000] {logging_mixin.py:117} INFO - [2022-09-19T18:58:55.289+0000] {dagbag.py:525} INFO - Filling up the DagBag from /home/airflow/.local/lib/python3.7/site-packages/airflow/example_dags/example_branch_operator.py
[2022-09-19T18:58:55.305+0000] {processor.py:768} INFO - DAG(s) dict_keys(['example_branch_operator']) retrieved from /home/airflow/.local/lib/python3.7/site-packages/airflow/example_dags/example_branch_operator.py
[2022-09-19T18:58:55.339+0000] {logging_mixin.py:117} INFO - [2022-09-19T18:58:55.339+0000] {dag.py:2573} INFO - Sync 1 DAGs
[2022-09-19T18:58:55.363+0000] {logging_mixin.py:117} INFO - [2022-09-19T18:58:55.363+0000] {dag.py:3328} INFO - Setting next_dagrun for example_branch_operator to 2022-09-18T00:00:00+00:00, run_after=2022-09-19T00:00:00+00:00
[2022-09-19T18:58:55.383+0000] {processor.py:178} INFO - Processing /home/airflow/.local/lib/python3.7/site-packages/airflow/example_dags/example_branch_operator.py took 0.097 seconds
[2022-09-19T18:59:25.796+0000] {processor.py:156} INFO - Started process (PID=1844) to work on /home/airflow/.local/lib/python3.7/site-packages/airflow/example_dags/example_branch_operator.py
[2022-09-19T18:59:25.797+0000] {processor.py:758} INFO - Processing file /home/airflow/.local/lib/python3.7/site-packages/airflow/example_dags/example_branch_operator.py for tasks to queue
[2022-09-19T18:59:25.797+0000] {logging_mixin.py:117} INFO - [2022-09-19T18:59:25.797+0000] {dagbag.py:525} INFO - Filling up the DagBag from /home/airflow/.local/lib/python3.7/site-packages/airflow/example_dags/example_branch_operator.py
[2022-09-19T18:59:25.814+0000] {processor.py:768} INFO - DAG(s) dict_keys(['example_branch_operator']) retrieved from /home/airflow/.local/lib/python3.7/site-packages/airflow/example_dags/example_branch_operator.py
[2022-09-19T18:59:25.853+0000] {logging_mixin.py:117} INFO - [2022-09-19T18:59:25.853+0000] {dag.py:2573} INFO - Sync 1 DAGs
[2022-09-19T18:59:25.879+0000] {logging_mixin.py:117} INFO - [2022-09-19T18:59:25.879+0000] {dag.py:3328} INFO - Setting next_dagrun for example_branch_operator to 2022-09-18T00:00:00+00:00, run_after=2022-09-19T00:00:00+00:00
[2022-09-19T18:59:25.902+0000] {processor.py:178} INFO - Processing /home/airflow/.local/lib/python3.7/site-packages/airflow/example_dags/example_branch_operator.py took 0.108 seconds
[2022-09-19T18:59:56.533+0000] {processor.py:156} INFO - Started process (PID=1897) to work on /home/airflow/.local/lib/python3.7/site-packages/airflow/example_dags/example_branch_operator.py
[2022-09-19T18:59:56.533+0000] {processor.py:758} INFO - Processing file /home/airflow/.local/lib/python3.7/site-packages/airflow/example_dags/example_branch_operator.py for tasks to queue
[2022-09-19T18:59:56.534+0000] {logging_mixin.py:117} INFO - [2022-09-19T18:59:56.533+0000] {dagbag.py:525} INFO - Filling up the DagBag from /home/airflow/.local/lib/python3.7/site-packages/airflow/example_dags/example_branch_operator.py
[2022-09-19T18:59:56.550+0000] {processor.py:768} INFO - DAG(s) dict_keys(['example_branch_operator']) retrieved from /home/airflow/.local/lib/python3.7/site-packages/airflow/example_dags/example_branch_operator.py
[2022-09-19T18:59:56.601+0000] {logging_mixin.py:117} INFO - [2022-09-19T18:59:56.601+0000] {dag.py:2573} INFO - Sync 1 DAGs
[2022-09-19T18:59:56.637+0000] {logging_mixin.py:117} INFO - [2022-09-19T18:59:56.637+0000] {dag.py:3328} INFO - Setting next_dagrun for example_branch_operator to 2022-09-18T00:00:00+00:00, run_after=2022-09-19T00:00:00+00:00
[2022-09-19T18:59:56.660+0000] {processor.py:178} INFO - Processing /home/airflow/.local/lib/python3.7/site-packages/airflow/example_dags/example_branch_operator.py took 0.129 seconds
[2022-09-19T19:00:26.781+0000] {processor.py:156} INFO - Started process (PID=1960) to work on /home/airflow/.local/lib/python3.7/site-packages/airflow/example_dags/example_branch_operator.py
[2022-09-19T19:00:26.781+0000] {processor.py:758} INFO - Processing file /home/airflow/.local/lib/python3.7/site-packages/airflow/example_dags/example_branch_operator.py for tasks to queue
[2022-09-19T19:00:26.782+0000] {logging_mixin.py:117} INFO - [2022-09-19T19:00:26.782+0000] {dagbag.py:525} INFO - Filling up the DagBag from /home/airflow/.local/lib/python3.7/site-packages/airflow/example_dags/example_branch_operator.py
[2022-09-19T19:00:26.810+0000] {processor.py:768} INFO - DAG(s) dict_keys(['example_branch_operator']) retrieved from /home/airflow/.local/lib/python3.7/site-packages/airflow/example_dags/example_branch_operator.py
[2022-09-19T19:00:26.865+0000] {logging_mixin.py:117} INFO - [2022-09-19T19:00:26.865+0000] {dag.py:2573} INFO - Sync 1 DAGs
[2022-09-19T19:00:26.903+0000] {logging_mixin.py:117} INFO - [2022-09-19T19:00:26.902+0000] {dag.py:3328} INFO - Setting next_dagrun for example_branch_operator to 2022-09-18T00:00:00+00:00, run_after=2022-09-19T00:00:00+00:00
[2022-09-19T19:00:26.930+0000] {processor.py:178} INFO - Processing /home/airflow/.local/lib/python3.7/site-packages/airflow/example_dags/example_branch_operator.py took 0.152 seconds
[2022-09-19T19:00:57.023+0000] {processor.py:156} INFO - Started process (PID=2022) to work on /home/airflow/.local/lib/python3.7/site-packages/airflow/example_dags/example_branch_operator.py
[2022-09-19T19:00:57.024+0000] {processor.py:758} INFO - Processing file /home/airflow/.local/lib/python3.7/site-packages/airflow/example_dags/example_branch_operator.py for tasks to queue
[2022-09-19T19:00:57.024+0000] {logging_mixin.py:117} INFO - [2022-09-19T19:00:57.024+0000] {dagbag.py:525} INFO - Filling up the DagBag from /home/airflow/.local/lib/python3.7/site-packages/airflow/example_dags/example_branch_operator.py
[2022-09-19T19:00:57.041+0000] {processor.py:768} INFO - DAG(s) dict_keys(['example_branch_operator']) retrieved from /home/airflow/.local/lib/python3.7/site-packages/airflow/example_dags/example_branch_operator.py
[2022-09-19T19:00:57.080+0000] {logging_mixin.py:117} INFO - [2022-09-19T19:00:57.080+0000] {dag.py:2573} INFO - Sync 1 DAGs
[2022-09-19T19:00:57.107+0000] {logging_mixin.py:117} INFO - [2022-09-19T19:00:57.107+0000] {dag.py:3328} INFO - Setting next_dagrun for example_branch_operator to 2022-09-18T00:00:00+00:00, run_after=2022-09-19T00:00:00+00:00
[2022-09-19T19:00:57.129+0000] {processor.py:178} INFO - Processing /home/airflow/.local/lib/python3.7/site-packages/airflow/example_dags/example_branch_operator.py took 0.108 seconds
[2022-09-19T19:01:27.592+0000] {processor.py:156} INFO - Started process (PID=2076) to work on /home/airflow/.local/lib/python3.7/site-packages/airflow/example_dags/example_branch_operator.py
[2022-09-19T19:01:27.593+0000] {processor.py:758} INFO - Processing file /home/airflow/.local/lib/python3.7/site-packages/airflow/example_dags/example_branch_operator.py for tasks to queue
[2022-09-19T19:01:27.593+0000] {logging_mixin.py:117} INFO - [2022-09-19T19:01:27.593+0000] {dagbag.py:525} INFO - Filling up the DagBag from /home/airflow/.local/lib/python3.7/site-packages/airflow/example_dags/example_branch_operator.py
[2022-09-19T19:01:27.608+0000] {processor.py:768} INFO - DAG(s) dict_keys(['example_branch_operator']) retrieved from /home/airflow/.local/lib/python3.7/site-packages/airflow/example_dags/example_branch_operator.py
[2022-09-19T19:01:27.644+0000] {logging_mixin.py:117} INFO - [2022-09-19T19:01:27.644+0000] {dag.py:2573} INFO - Sync 1 DAGs
[2022-09-19T19:01:27.668+0000] {logging_mixin.py:117} INFO - [2022-09-19T19:01:27.668+0000] {dag.py:3328} INFO - Setting next_dagrun for example_branch_operator to 2022-09-18T00:00:00+00:00, run_after=2022-09-19T00:00:00+00:00
[2022-09-19T19:01:27.686+0000] {processor.py:178} INFO - Processing /home/airflow/.local/lib/python3.7/site-packages/airflow/example_dags/example_branch_operator.py took 0.097 seconds
[2022-09-19T19:01:58.029+0000] {processor.py:156} INFO - Started process (PID=2137) to work on /home/airflow/.local/lib/python3.7/site-packages/airflow/example_dags/example_branch_operator.py
[2022-09-19T19:01:58.030+0000] {processor.py:758} INFO - Processing file /home/airflow/.local/lib/python3.7/site-packages/airflow/example_dags/example_branch_operator.py for tasks to queue
[2022-09-19T19:01:58.031+0000] {logging_mixin.py:117} INFO - [2022-09-19T19:01:58.030+0000] {dagbag.py:525} INFO - Filling up the DagBag from /home/airflow/.local/lib/python3.7/site-packages/airflow/example_dags/example_branch_operator.py
[2022-09-19T19:01:58.047+0000] {processor.py:768} INFO - DAG(s) dict_keys(['example_branch_operator']) retrieved from /home/airflow/.local/lib/python3.7/site-packages/airflow/example_dags/example_branch_operator.py
[2022-09-19T19:01:58.107+0000] {logging_mixin.py:117} INFO - [2022-09-19T19:01:58.107+0000] {dag.py:2573} INFO - Sync 1 DAGs
[2022-09-19T19:01:58.139+0000] {logging_mixin.py:117} INFO - [2022-09-19T19:01:58.138+0000] {dag.py:3328} INFO - Setting next_dagrun for example_branch_operator to 2022-09-18T00:00:00+00:00, run_after=2022-09-19T00:00:00+00:00
[2022-09-19T19:01:58.162+0000] {processor.py:178} INFO - Processing /home/airflow/.local/lib/python3.7/site-packages/airflow/example_dags/example_branch_operator.py took 0.135 seconds
[2022-09-19T19:02:28.678+0000] {processor.py:156} INFO - Started process (PID=2200) to work on /home/airflow/.local/lib/python3.7/site-packages/airflow/example_dags/example_branch_operator.py
[2022-09-19T19:02:28.679+0000] {processor.py:758} INFO - Processing file /home/airflow/.local/lib/python3.7/site-packages/airflow/example_dags/example_branch_operator.py for tasks to queue
[2022-09-19T19:02:28.680+0000] {logging_mixin.py:117} INFO - [2022-09-19T19:02:28.680+0000] {dagbag.py:525} INFO - Filling up the DagBag from /home/airflow/.local/lib/python3.7/site-packages/airflow/example_dags/example_branch_operator.py
[2022-09-19T19:02:28.700+0000] {processor.py:768} INFO - DAG(s) dict_keys(['example_branch_operator']) retrieved from /home/airflow/.local/lib/python3.7/site-packages/airflow/example_dags/example_branch_operator.py
[2022-09-19T19:02:28.744+0000] {logging_mixin.py:117} INFO - [2022-09-19T19:02:28.744+0000] {dag.py:2573} INFO - Sync 1 DAGs
[2022-09-19T19:02:28.772+0000] {logging_mixin.py:117} INFO - [2022-09-19T19:02:28.772+0000] {dag.py:3328} INFO - Setting next_dagrun for example_branch_operator to 2022-09-18T00:00:00+00:00, run_after=2022-09-19T00:00:00+00:00
[2022-09-19T19:02:28.793+0000] {processor.py:178} INFO - Processing /home/airflow/.local/lib/python3.7/site-packages/airflow/example_dags/example_branch_operator.py took 0.118 seconds
[2022-09-19T19:02:59.024+0000] {processor.py:156} INFO - Started process (PID=2254) to work on /home/airflow/.local/lib/python3.7/site-packages/airflow/example_dags/example_branch_operator.py
[2022-09-19T19:02:59.024+0000] {processor.py:758} INFO - Processing file /home/airflow/.local/lib/python3.7/site-packages/airflow/example_dags/example_branch_operator.py for tasks to queue
[2022-09-19T19:02:59.025+0000] {logging_mixin.py:117} INFO - [2022-09-19T19:02:59.024+0000] {dagbag.py:525} INFO - Filling up the DagBag from /home/airflow/.local/lib/python3.7/site-packages/airflow/example_dags/example_branch_operator.py
[2022-09-19T19:02:59.039+0000] {processor.py:768} INFO - DAG(s) dict_keys(['example_branch_operator']) retrieved from /home/airflow/.local/lib/python3.7/site-packages/airflow/example_dags/example_branch_operator.py
[2022-09-19T19:02:59.108+0000] {logging_mixin.py:117} INFO - [2022-09-19T19:02:59.108+0000] {dag.py:2573} INFO - Sync 1 DAGs
[2022-09-19T19:02:59.141+0000] {logging_mixin.py:117} INFO - [2022-09-19T19:02:59.141+0000] {dag.py:3328} INFO - Setting next_dagrun for example_branch_operator to 2022-09-18T00:00:00+00:00, run_after=2022-09-19T00:00:00+00:00
[2022-09-19T19:02:59.164+0000] {processor.py:178} INFO - Processing /home/airflow/.local/lib/python3.7/site-packages/airflow/example_dags/example_branch_operator.py took 0.143 seconds
