[2022-09-19T18:44:09.783+0000] {processor.py:156} INFO - Started process (PID=64) to work on /home/airflow/.local/lib/python3.7/site-packages/airflow/example_dags/example_short_circuit_decorator.py
[2022-09-19T18:44:09.783+0000] {processor.py:758} INFO - Processing file /home/airflow/.local/lib/python3.7/site-packages/airflow/example_dags/example_short_circuit_decorator.py for tasks to queue
[2022-09-19T18:44:09.784+0000] {logging_mixin.py:117} INFO - [2022-09-19T18:44:09.784+0000] {dagbag.py:525} INFO - Filling up the DagBag from /home/airflow/.local/lib/python3.7/site-packages/airflow/example_dags/example_short_circuit_decorator.py
[2022-09-19T18:44:09.813+0000] {processor.py:768} INFO - DAG(s) dict_keys(['example_short_circuit_decorator']) retrieved from /home/airflow/.local/lib/python3.7/site-packages/airflow/example_dags/example_short_circuit_decorator.py
[2022-09-19T18:44:09.837+0000] {logging_mixin.py:117} INFO - [2022-09-19T18:44:09.836+0000] {dag.py:2573} INFO - Sync 1 DAGs
[2022-09-19T18:44:09.862+0000] {logging_mixin.py:117} INFO - [2022-09-19T18:44:09.862+0000] {dag.py:3328} INFO - Setting next_dagrun for example_short_circuit_decorator to 2022-09-18T18:44:09.861969+00:00, run_after=2022-09-19T18:44:09.861969+00:00
[2022-09-19T18:44:09.886+0000] {processor.py:178} INFO - Processing /home/airflow/.local/lib/python3.7/site-packages/airflow/example_dags/example_short_circuit_decorator.py took 0.107 seconds
[2022-09-19T18:44:40.837+0000] {processor.py:156} INFO - Started process (PID=117) to work on /home/airflow/.local/lib/python3.7/site-packages/airflow/example_dags/example_short_circuit_decorator.py
[2022-09-19T18:44:40.838+0000] {processor.py:758} INFO - Processing file /home/airflow/.local/lib/python3.7/site-packages/airflow/example_dags/example_short_circuit_decorator.py for tasks to queue
[2022-09-19T18:44:40.839+0000] {logging_mixin.py:117} INFO - [2022-09-19T18:44:40.839+0000] {dagbag.py:525} INFO - Filling up the DagBag from /home/airflow/.local/lib/python3.7/site-packages/airflow/example_dags/example_short_circuit_decorator.py
[2022-09-19T18:44:40.865+0000] {processor.py:768} INFO - DAG(s) dict_keys(['example_short_circuit_decorator']) retrieved from /home/airflow/.local/lib/python3.7/site-packages/airflow/example_dags/example_short_circuit_decorator.py
[2022-09-19T18:44:40.908+0000] {logging_mixin.py:117} INFO - [2022-09-19T18:44:40.908+0000] {dag.py:2573} INFO - Sync 1 DAGs
[2022-09-19T18:44:40.934+0000] {logging_mixin.py:117} INFO - [2022-09-19T18:44:40.934+0000] {dag.py:3328} INFO - Setting next_dagrun for example_short_circuit_decorator to 2022-09-18T18:44:40.933809+00:00, run_after=2022-09-19T18:44:40.933809+00:00
[2022-09-19T18:44:40.962+0000] {processor.py:178} INFO - Processing /home/airflow/.local/lib/python3.7/site-packages/airflow/example_dags/example_short_circuit_decorator.py took 0.127 seconds
[2022-09-19T18:45:11.790+0000] {processor.py:156} INFO - Started process (PID=182) to work on /home/airflow/.local/lib/python3.7/site-packages/airflow/example_dags/example_short_circuit_decorator.py
[2022-09-19T18:45:11.791+0000] {processor.py:758} INFO - Processing file /home/airflow/.local/lib/python3.7/site-packages/airflow/example_dags/example_short_circuit_decorator.py for tasks to queue
[2022-09-19T18:45:11.791+0000] {logging_mixin.py:117} INFO - [2022-09-19T18:45:11.791+0000] {dagbag.py:525} INFO - Filling up the DagBag from /home/airflow/.local/lib/python3.7/site-packages/airflow/example_dags/example_short_circuit_decorator.py
[2022-09-19T18:45:11.815+0000] {processor.py:768} INFO - DAG(s) dict_keys(['example_short_circuit_decorator']) retrieved from /home/airflow/.local/lib/python3.7/site-packages/airflow/example_dags/example_short_circuit_decorator.py
[2022-09-19T18:45:11.856+0000] {logging_mixin.py:117} INFO - [2022-09-19T18:45:11.856+0000] {dag.py:2573} INFO - Sync 1 DAGs
[2022-09-19T18:45:11.889+0000] {logging_mixin.py:117} INFO - [2022-09-19T18:45:11.889+0000] {dag.py:3328} INFO - Setting next_dagrun for example_short_circuit_decorator to 2022-09-18T18:45:11.889506+00:00, run_after=2022-09-19T18:45:11.889506+00:00
[2022-09-19T18:45:11.914+0000] {processor.py:178} INFO - Processing /home/airflow/.local/lib/python3.7/site-packages/airflow/example_dags/example_short_circuit_decorator.py took 0.126 seconds
[2022-09-19T18:45:42.231+0000] {processor.py:156} INFO - Started process (PID=245) to work on /home/airflow/.local/lib/python3.7/site-packages/airflow/example_dags/example_short_circuit_decorator.py
[2022-09-19T18:45:42.231+0000] {processor.py:758} INFO - Processing file /home/airflow/.local/lib/python3.7/site-packages/airflow/example_dags/example_short_circuit_decorator.py for tasks to queue
[2022-09-19T18:45:42.232+0000] {logging_mixin.py:117} INFO - [2022-09-19T18:45:42.232+0000] {dagbag.py:525} INFO - Filling up the DagBag from /home/airflow/.local/lib/python3.7/site-packages/airflow/example_dags/example_short_circuit_decorator.py
[2022-09-19T18:45:42.257+0000] {processor.py:768} INFO - DAG(s) dict_keys(['example_short_circuit_decorator']) retrieved from /home/airflow/.local/lib/python3.7/site-packages/airflow/example_dags/example_short_circuit_decorator.py
[2022-09-19T18:45:42.300+0000] {logging_mixin.py:117} INFO - [2022-09-19T18:45:42.300+0000] {dag.py:2573} INFO - Sync 1 DAGs
[2022-09-19T18:45:42.327+0000] {logging_mixin.py:117} INFO - [2022-09-19T18:45:42.327+0000] {dag.py:3328} INFO - Setting next_dagrun for example_short_circuit_decorator to 2022-09-18T18:45:42.327323+00:00, run_after=2022-09-19T18:45:42.327323+00:00
[2022-09-19T18:45:42.350+0000] {processor.py:178} INFO - Processing /home/airflow/.local/lib/python3.7/site-packages/airflow/example_dags/example_short_circuit_decorator.py took 0.122 seconds
[2022-09-19T18:46:13.289+0000] {processor.py:156} INFO - Started process (PID=299) to work on /home/airflow/.local/lib/python3.7/site-packages/airflow/example_dags/example_short_circuit_decorator.py
[2022-09-19T18:46:13.289+0000] {processor.py:758} INFO - Processing file /home/airflow/.local/lib/python3.7/site-packages/airflow/example_dags/example_short_circuit_decorator.py for tasks to queue
[2022-09-19T18:46:13.290+0000] {logging_mixin.py:117} INFO - [2022-09-19T18:46:13.290+0000] {dagbag.py:525} INFO - Filling up the DagBag from /home/airflow/.local/lib/python3.7/site-packages/airflow/example_dags/example_short_circuit_decorator.py
[2022-09-19T18:46:13.314+0000] {processor.py:768} INFO - DAG(s) dict_keys(['example_short_circuit_decorator']) retrieved from /home/airflow/.local/lib/python3.7/site-packages/airflow/example_dags/example_short_circuit_decorator.py
[2022-09-19T18:46:13.350+0000] {logging_mixin.py:117} INFO - [2022-09-19T18:46:13.350+0000] {dag.py:2573} INFO - Sync 1 DAGs
[2022-09-19T18:46:13.372+0000] {logging_mixin.py:117} INFO - [2022-09-19T18:46:13.371+0000] {dag.py:3328} INFO - Setting next_dagrun for example_short_circuit_decorator to 2022-09-18T18:46:13.371756+00:00, run_after=2022-09-19T18:46:13.371756+00:00
[2022-09-19T18:46:13.392+0000] {processor.py:178} INFO - Processing /home/airflow/.local/lib/python3.7/site-packages/airflow/example_dags/example_short_circuit_decorator.py took 0.106 seconds
[2022-09-19T18:46:44.214+0000] {processor.py:156} INFO - Started process (PID=362) to work on /home/airflow/.local/lib/python3.7/site-packages/airflow/example_dags/example_short_circuit_decorator.py
[2022-09-19T18:46:44.214+0000] {processor.py:758} INFO - Processing file /home/airflow/.local/lib/python3.7/site-packages/airflow/example_dags/example_short_circuit_decorator.py for tasks to queue
[2022-09-19T18:46:44.215+0000] {logging_mixin.py:117} INFO - [2022-09-19T18:46:44.215+0000] {dagbag.py:525} INFO - Filling up the DagBag from /home/airflow/.local/lib/python3.7/site-packages/airflow/example_dags/example_short_circuit_decorator.py
[2022-09-19T18:46:44.245+0000] {processor.py:768} INFO - DAG(s) dict_keys(['example_short_circuit_decorator']) retrieved from /home/airflow/.local/lib/python3.7/site-packages/airflow/example_dags/example_short_circuit_decorator.py
[2022-09-19T18:46:44.288+0000] {logging_mixin.py:117} INFO - [2022-09-19T18:46:44.288+0000] {dag.py:2573} INFO - Sync 1 DAGs
[2022-09-19T18:46:44.317+0000] {logging_mixin.py:117} INFO - [2022-09-19T18:46:44.317+0000] {dag.py:3328} INFO - Setting next_dagrun for example_short_circuit_decorator to 2022-09-18T18:46:44.317205+00:00, run_after=2022-09-19T18:46:44.317205+00:00
[2022-09-19T18:46:44.341+0000] {processor.py:178} INFO - Processing /home/airflow/.local/lib/python3.7/site-packages/airflow/example_dags/example_short_circuit_decorator.py took 0.131 seconds
[2022-09-19T18:47:14.778+0000] {processor.py:156} INFO - Started process (PID=426) to work on /home/airflow/.local/lib/python3.7/site-packages/airflow/example_dags/example_short_circuit_decorator.py
[2022-09-19T18:47:14.779+0000] {processor.py:758} INFO - Processing file /home/airflow/.local/lib/python3.7/site-packages/airflow/example_dags/example_short_circuit_decorator.py for tasks to queue
[2022-09-19T18:47:14.780+0000] {logging_mixin.py:117} INFO - [2022-09-19T18:47:14.779+0000] {dagbag.py:525} INFO - Filling up the DagBag from /home/airflow/.local/lib/python3.7/site-packages/airflow/example_dags/example_short_circuit_decorator.py
[2022-09-19T18:47:14.812+0000] {processor.py:768} INFO - DAG(s) dict_keys(['example_short_circuit_decorator']) retrieved from /home/airflow/.local/lib/python3.7/site-packages/airflow/example_dags/example_short_circuit_decorator.py
[2022-09-19T18:47:14.863+0000] {logging_mixin.py:117} INFO - [2022-09-19T18:47:14.863+0000] {dag.py:2573} INFO - Sync 1 DAGs
[2022-09-19T18:47:14.898+0000] {logging_mixin.py:117} INFO - [2022-09-19T18:47:14.898+0000] {dag.py:3328} INFO - Setting next_dagrun for example_short_circuit_decorator to 2022-09-18T18:47:14.897886+00:00, run_after=2022-09-19T18:47:14.897886+00:00
[2022-09-19T18:47:14.927+0000] {processor.py:178} INFO - Processing /home/airflow/.local/lib/python3.7/site-packages/airflow/example_dags/example_short_circuit_decorator.py took 0.152 seconds
[2022-09-19T18:47:45.197+0000] {processor.py:156} INFO - Started process (PID=480) to work on /home/airflow/.local/lib/python3.7/site-packages/airflow/example_dags/example_short_circuit_decorator.py
[2022-09-19T18:47:45.198+0000] {processor.py:758} INFO - Processing file /home/airflow/.local/lib/python3.7/site-packages/airflow/example_dags/example_short_circuit_decorator.py for tasks to queue
[2022-09-19T18:47:45.198+0000] {logging_mixin.py:117} INFO - [2022-09-19T18:47:45.198+0000] {dagbag.py:525} INFO - Filling up the DagBag from /home/airflow/.local/lib/python3.7/site-packages/airflow/example_dags/example_short_circuit_decorator.py
[2022-09-19T18:47:45.231+0000] {processor.py:768} INFO - DAG(s) dict_keys(['example_short_circuit_decorator']) retrieved from /home/airflow/.local/lib/python3.7/site-packages/airflow/example_dags/example_short_circuit_decorator.py
[2022-09-19T18:47:45.287+0000] {logging_mixin.py:117} INFO - [2022-09-19T18:47:45.287+0000] {dag.py:2573} INFO - Sync 1 DAGs
[2022-09-19T18:47:45.315+0000] {logging_mixin.py:117} INFO - [2022-09-19T18:47:45.315+0000] {dag.py:3328} INFO - Setting next_dagrun for example_short_circuit_decorator to 2022-09-18T18:47:45.314910+00:00, run_after=2022-09-19T18:47:45.314910+00:00
[2022-09-19T18:47:45.340+0000] {processor.py:178} INFO - Processing /home/airflow/.local/lib/python3.7/site-packages/airflow/example_dags/example_short_circuit_decorator.py took 0.146 seconds
[2022-09-19T18:48:15.815+0000] {processor.py:156} INFO - Started process (PID=543) to work on /home/airflow/.local/lib/python3.7/site-packages/airflow/example_dags/example_short_circuit_decorator.py
[2022-09-19T18:48:15.816+0000] {processor.py:758} INFO - Processing file /home/airflow/.local/lib/python3.7/site-packages/airflow/example_dags/example_short_circuit_decorator.py for tasks to queue
[2022-09-19T18:48:15.817+0000] {logging_mixin.py:117} INFO - [2022-09-19T18:48:15.816+0000] {dagbag.py:525} INFO - Filling up the DagBag from /home/airflow/.local/lib/python3.7/site-packages/airflow/example_dags/example_short_circuit_decorator.py
[2022-09-19T18:48:15.843+0000] {processor.py:768} INFO - DAG(s) dict_keys(['example_short_circuit_decorator']) retrieved from /home/airflow/.local/lib/python3.7/site-packages/airflow/example_dags/example_short_circuit_decorator.py
[2022-09-19T18:48:15.895+0000] {logging_mixin.py:117} INFO - [2022-09-19T18:48:15.894+0000] {dag.py:2573} INFO - Sync 1 DAGs
[2022-09-19T18:48:15.927+0000] {logging_mixin.py:117} INFO - [2022-09-19T18:48:15.927+0000] {dag.py:3328} INFO - Setting next_dagrun for example_short_circuit_decorator to 2022-09-18T18:48:15.927520+00:00, run_after=2022-09-19T18:48:15.927520+00:00
[2022-09-19T18:48:15.956+0000] {processor.py:178} INFO - Processing /home/airflow/.local/lib/python3.7/site-packages/airflow/example_dags/example_short_circuit_decorator.py took 0.144 seconds
[2022-09-19T18:48:46.549+0000] {processor.py:156} INFO - Started process (PID=597) to work on /home/airflow/.local/lib/python3.7/site-packages/airflow/example_dags/example_short_circuit_decorator.py
[2022-09-19T18:48:46.550+0000] {processor.py:758} INFO - Processing file /home/airflow/.local/lib/python3.7/site-packages/airflow/example_dags/example_short_circuit_decorator.py for tasks to queue
[2022-09-19T18:48:46.550+0000] {logging_mixin.py:117} INFO - [2022-09-19T18:48:46.550+0000] {dagbag.py:525} INFO - Filling up the DagBag from /home/airflow/.local/lib/python3.7/site-packages/airflow/example_dags/example_short_circuit_decorator.py
[2022-09-19T18:48:46.578+0000] {processor.py:768} INFO - DAG(s) dict_keys(['example_short_circuit_decorator']) retrieved from /home/airflow/.local/lib/python3.7/site-packages/airflow/example_dags/example_short_circuit_decorator.py
[2022-09-19T18:48:46.621+0000] {logging_mixin.py:117} INFO - [2022-09-19T18:48:46.621+0000] {dag.py:2573} INFO - Sync 1 DAGs
[2022-09-19T18:48:46.647+0000] {logging_mixin.py:117} INFO - [2022-09-19T18:48:46.647+0000] {dag.py:3328} INFO - Setting next_dagrun for example_short_circuit_decorator to 2022-09-18T18:48:46.647243+00:00, run_after=2022-09-19T18:48:46.647243+00:00
[2022-09-19T18:48:46.669+0000] {processor.py:178} INFO - Processing /home/airflow/.local/lib/python3.7/site-packages/airflow/example_dags/example_short_circuit_decorator.py took 0.122 seconds
[2022-09-19T18:49:17.395+0000] {processor.py:156} INFO - Started process (PID=660) to work on /home/airflow/.local/lib/python3.7/site-packages/airflow/example_dags/example_short_circuit_decorator.py
[2022-09-19T18:49:17.395+0000] {processor.py:758} INFO - Processing file /home/airflow/.local/lib/python3.7/site-packages/airflow/example_dags/example_short_circuit_decorator.py for tasks to queue
[2022-09-19T18:49:17.396+0000] {logging_mixin.py:117} INFO - [2022-09-19T18:49:17.396+0000] {dagbag.py:525} INFO - Filling up the DagBag from /home/airflow/.local/lib/python3.7/site-packages/airflow/example_dags/example_short_circuit_decorator.py
[2022-09-19T18:49:17.419+0000] {processor.py:768} INFO - DAG(s) dict_keys(['example_short_circuit_decorator']) retrieved from /home/airflow/.local/lib/python3.7/site-packages/airflow/example_dags/example_short_circuit_decorator.py
[2022-09-19T18:49:17.482+0000] {logging_mixin.py:117} INFO - [2022-09-19T18:49:17.482+0000] {dag.py:2573} INFO - Sync 1 DAGs
[2022-09-19T18:49:17.523+0000] {logging_mixin.py:117} INFO - [2022-09-19T18:49:17.523+0000] {dag.py:3328} INFO - Setting next_dagrun for example_short_circuit_decorator to 2022-09-18T18:49:17.522767+00:00, run_after=2022-09-19T18:49:17.522767+00:00
[2022-09-19T18:49:17.553+0000] {processor.py:178} INFO - Processing /home/airflow/.local/lib/python3.7/site-packages/airflow/example_dags/example_short_circuit_decorator.py took 0.161 seconds
[2022-09-19T18:49:47.647+0000] {processor.py:156} INFO - Started process (PID=723) to work on /home/airflow/.local/lib/python3.7/site-packages/airflow/example_dags/example_short_circuit_decorator.py
[2022-09-19T18:49:47.648+0000] {processor.py:758} INFO - Processing file /home/airflow/.local/lib/python3.7/site-packages/airflow/example_dags/example_short_circuit_decorator.py for tasks to queue
[2022-09-19T18:49:47.649+0000] {logging_mixin.py:117} INFO - [2022-09-19T18:49:47.649+0000] {dagbag.py:525} INFO - Filling up the DagBag from /home/airflow/.local/lib/python3.7/site-packages/airflow/example_dags/example_short_circuit_decorator.py
[2022-09-19T18:49:47.676+0000] {processor.py:768} INFO - DAG(s) dict_keys(['example_short_circuit_decorator']) retrieved from /home/airflow/.local/lib/python3.7/site-packages/airflow/example_dags/example_short_circuit_decorator.py
[2022-09-19T18:49:47.731+0000] {logging_mixin.py:117} INFO - [2022-09-19T18:49:47.731+0000] {dag.py:2573} INFO - Sync 1 DAGs
[2022-09-19T18:49:47.764+0000] {logging_mixin.py:117} INFO - [2022-09-19T18:49:47.764+0000] {dag.py:3328} INFO - Setting next_dagrun for example_short_circuit_decorator to 2022-09-18T18:49:47.763950+00:00, run_after=2022-09-19T18:49:47.763950+00:00
[2022-09-19T18:49:47.788+0000] {processor.py:178} INFO - Processing /home/airflow/.local/lib/python3.7/site-packages/airflow/example_dags/example_short_circuit_decorator.py took 0.144 seconds
[2022-09-19T18:50:17.953+0000] {processor.py:156} INFO - Started process (PID=777) to work on /home/airflow/.local/lib/python3.7/site-packages/airflow/example_dags/example_short_circuit_decorator.py
[2022-09-19T18:50:17.953+0000] {processor.py:758} INFO - Processing file /home/airflow/.local/lib/python3.7/site-packages/airflow/example_dags/example_short_circuit_decorator.py for tasks to queue
[2022-09-19T18:50:17.954+0000] {logging_mixin.py:117} INFO - [2022-09-19T18:50:17.954+0000] {dagbag.py:525} INFO - Filling up the DagBag from /home/airflow/.local/lib/python3.7/site-packages/airflow/example_dags/example_short_circuit_decorator.py
[2022-09-19T18:50:17.973+0000] {processor.py:768} INFO - DAG(s) dict_keys(['example_short_circuit_decorator']) retrieved from /home/airflow/.local/lib/python3.7/site-packages/airflow/example_dags/example_short_circuit_decorator.py
[2022-09-19T18:50:18.010+0000] {logging_mixin.py:117} INFO - [2022-09-19T18:50:18.009+0000] {dag.py:2573} INFO - Sync 1 DAGs
[2022-09-19T18:50:18.031+0000] {logging_mixin.py:117} INFO - [2022-09-19T18:50:18.031+0000] {dag.py:3328} INFO - Setting next_dagrun for example_short_circuit_decorator to 2022-09-18T18:50:18.031593+00:00, run_after=2022-09-19T18:50:18.031593+00:00
[2022-09-19T18:50:18.050+0000] {processor.py:178} INFO - Processing /home/airflow/.local/lib/python3.7/site-packages/airflow/example_dags/example_short_circuit_decorator.py took 0.099 seconds
[2022-09-19T18:50:48.346+0000] {processor.py:156} INFO - Started process (PID=839) to work on /home/airflow/.local/lib/python3.7/site-packages/airflow/example_dags/example_short_circuit_decorator.py
[2022-09-19T18:50:48.347+0000] {processor.py:758} INFO - Processing file /home/airflow/.local/lib/python3.7/site-packages/airflow/example_dags/example_short_circuit_decorator.py for tasks to queue
[2022-09-19T18:50:48.347+0000] {logging_mixin.py:117} INFO - [2022-09-19T18:50:48.347+0000] {dagbag.py:525} INFO - Filling up the DagBag from /home/airflow/.local/lib/python3.7/site-packages/airflow/example_dags/example_short_circuit_decorator.py
[2022-09-19T18:50:48.371+0000] {processor.py:768} INFO - DAG(s) dict_keys(['example_short_circuit_decorator']) retrieved from /home/airflow/.local/lib/python3.7/site-packages/airflow/example_dags/example_short_circuit_decorator.py
[2022-09-19T18:50:48.421+0000] {logging_mixin.py:117} INFO - [2022-09-19T18:50:48.421+0000] {dag.py:2573} INFO - Sync 1 DAGs
[2022-09-19T18:50:48.459+0000] {logging_mixin.py:117} INFO - [2022-09-19T18:50:48.459+0000] {dag.py:3328} INFO - Setting next_dagrun for example_short_circuit_decorator to 2022-09-18T18:50:48.459069+00:00, run_after=2022-09-19T18:50:48.459069+00:00
[2022-09-19T18:50:48.488+0000] {processor.py:178} INFO - Processing /home/airflow/.local/lib/python3.7/site-packages/airflow/example_dags/example_short_circuit_decorator.py took 0.144 seconds
[2022-09-19T18:51:19.320+0000] {processor.py:156} INFO - Started process (PID=901) to work on /home/airflow/.local/lib/python3.7/site-packages/airflow/example_dags/example_short_circuit_decorator.py
[2022-09-19T18:51:19.321+0000] {processor.py:758} INFO - Processing file /home/airflow/.local/lib/python3.7/site-packages/airflow/example_dags/example_short_circuit_decorator.py for tasks to queue
[2022-09-19T18:51:19.321+0000] {logging_mixin.py:117} INFO - [2022-09-19T18:51:19.321+0000] {dagbag.py:525} INFO - Filling up the DagBag from /home/airflow/.local/lib/python3.7/site-packages/airflow/example_dags/example_short_circuit_decorator.py
[2022-09-19T18:51:19.346+0000] {processor.py:768} INFO - DAG(s) dict_keys(['example_short_circuit_decorator']) retrieved from /home/airflow/.local/lib/python3.7/site-packages/airflow/example_dags/example_short_circuit_decorator.py
[2022-09-19T18:51:19.387+0000] {logging_mixin.py:117} INFO - [2022-09-19T18:51:19.387+0000] {dag.py:2573} INFO - Sync 1 DAGs
[2022-09-19T18:51:19.412+0000] {logging_mixin.py:117} INFO - [2022-09-19T18:51:19.412+0000] {dag.py:3328} INFO - Setting next_dagrun for example_short_circuit_decorator to 2022-09-18T18:51:19.412357+00:00, run_after=2022-09-19T18:51:19.412357+00:00
[2022-09-19T18:51:19.437+0000] {processor.py:178} INFO - Processing /home/airflow/.local/lib/python3.7/site-packages/airflow/example_dags/example_short_circuit_decorator.py took 0.120 seconds
[2022-09-19T18:51:49.580+0000] {processor.py:156} INFO - Started process (PID=955) to work on /home/airflow/.local/lib/python3.7/site-packages/airflow/example_dags/example_short_circuit_decorator.py
[2022-09-19T18:51:49.581+0000] {processor.py:758} INFO - Processing file /home/airflow/.local/lib/python3.7/site-packages/airflow/example_dags/example_short_circuit_decorator.py for tasks to queue
[2022-09-19T18:51:49.581+0000] {logging_mixin.py:117} INFO - [2022-09-19T18:51:49.581+0000] {dagbag.py:525} INFO - Filling up the DagBag from /home/airflow/.local/lib/python3.7/site-packages/airflow/example_dags/example_short_circuit_decorator.py
[2022-09-19T18:51:49.605+0000] {processor.py:768} INFO - DAG(s) dict_keys(['example_short_circuit_decorator']) retrieved from /home/airflow/.local/lib/python3.7/site-packages/airflow/example_dags/example_short_circuit_decorator.py
[2022-09-19T18:51:49.646+0000] {logging_mixin.py:117} INFO - [2022-09-19T18:51:49.646+0000] {dag.py:2573} INFO - Sync 1 DAGs
[2022-09-19T18:51:49.676+0000] {logging_mixin.py:117} INFO - [2022-09-19T18:51:49.675+0000] {dag.py:3328} INFO - Setting next_dagrun for example_short_circuit_decorator to 2022-09-18T18:51:49.675547+00:00, run_after=2022-09-19T18:51:49.675547+00:00
[2022-09-19T18:51:49.698+0000] {processor.py:178} INFO - Processing /home/airflow/.local/lib/python3.7/site-packages/airflow/example_dags/example_short_circuit_decorator.py took 0.121 seconds
[2022-09-19T18:52:19.921+0000] {processor.py:156} INFO - Started process (PID=1018) to work on /home/airflow/.local/lib/python3.7/site-packages/airflow/example_dags/example_short_circuit_decorator.py
[2022-09-19T18:52:19.922+0000] {processor.py:758} INFO - Processing file /home/airflow/.local/lib/python3.7/site-packages/airflow/example_dags/example_short_circuit_decorator.py for tasks to queue
[2022-09-19T18:52:19.923+0000] {logging_mixin.py:117} INFO - [2022-09-19T18:52:19.923+0000] {dagbag.py:525} INFO - Filling up the DagBag from /home/airflow/.local/lib/python3.7/site-packages/airflow/example_dags/example_short_circuit_decorator.py
[2022-09-19T18:52:19.946+0000] {processor.py:768} INFO - DAG(s) dict_keys(['example_short_circuit_decorator']) retrieved from /home/airflow/.local/lib/python3.7/site-packages/airflow/example_dags/example_short_circuit_decorator.py
[2022-09-19T18:52:19.991+0000] {logging_mixin.py:117} INFO - [2022-09-19T18:52:19.991+0000] {dag.py:2573} INFO - Sync 1 DAGs
[2022-09-19T18:52:20.023+0000] {logging_mixin.py:117} INFO - [2022-09-19T18:52:20.023+0000] {dag.py:3328} INFO - Setting next_dagrun for example_short_circuit_decorator to 2022-09-18T18:52:20.022791+00:00, run_after=2022-09-19T18:52:20.022791+00:00
[2022-09-19T18:52:20.045+0000] {processor.py:178} INFO - Processing /home/airflow/.local/lib/python3.7/site-packages/airflow/example_dags/example_short_circuit_decorator.py took 0.127 seconds
[2022-09-19T18:52:50.377+0000] {processor.py:156} INFO - Started process (PID=1079) to work on /home/airflow/.local/lib/python3.7/site-packages/airflow/example_dags/example_short_circuit_decorator.py
[2022-09-19T18:52:50.378+0000] {processor.py:758} INFO - Processing file /home/airflow/.local/lib/python3.7/site-packages/airflow/example_dags/example_short_circuit_decorator.py for tasks to queue
[2022-09-19T18:52:50.380+0000] {logging_mixin.py:117} INFO - [2022-09-19T18:52:50.380+0000] {dagbag.py:525} INFO - Filling up the DagBag from /home/airflow/.local/lib/python3.7/site-packages/airflow/example_dags/example_short_circuit_decorator.py
[2022-09-19T18:52:50.423+0000] {processor.py:768} INFO - DAG(s) dict_keys(['example_short_circuit_decorator']) retrieved from /home/airflow/.local/lib/python3.7/site-packages/airflow/example_dags/example_short_circuit_decorator.py
[2022-09-19T18:52:50.485+0000] {logging_mixin.py:117} INFO - [2022-09-19T18:52:50.485+0000] {dag.py:2573} INFO - Sync 1 DAGs
[2022-09-19T18:52:50.533+0000] {logging_mixin.py:117} INFO - [2022-09-19T18:52:50.533+0000] {dag.py:3328} INFO - Setting next_dagrun for example_short_circuit_decorator to 2022-09-18T18:52:50.532760+00:00, run_after=2022-09-19T18:52:50.532760+00:00
[2022-09-19T18:52:50.566+0000] {processor.py:178} INFO - Processing /home/airflow/.local/lib/python3.7/site-packages/airflow/example_dags/example_short_circuit_decorator.py took 0.193 seconds
[2022-09-19T18:53:21.287+0000] {processor.py:156} INFO - Started process (PID=1133) to work on /home/airflow/.local/lib/python3.7/site-packages/airflow/example_dags/example_short_circuit_decorator.py
[2022-09-19T18:53:21.288+0000] {processor.py:758} INFO - Processing file /home/airflow/.local/lib/python3.7/site-packages/airflow/example_dags/example_short_circuit_decorator.py for tasks to queue
[2022-09-19T18:53:21.289+0000] {logging_mixin.py:117} INFO - [2022-09-19T18:53:21.288+0000] {dagbag.py:525} INFO - Filling up the DagBag from /home/airflow/.local/lib/python3.7/site-packages/airflow/example_dags/example_short_circuit_decorator.py
[2022-09-19T18:53:21.315+0000] {processor.py:768} INFO - DAG(s) dict_keys(['example_short_circuit_decorator']) retrieved from /home/airflow/.local/lib/python3.7/site-packages/airflow/example_dags/example_short_circuit_decorator.py
[2022-09-19T18:53:21.353+0000] {logging_mixin.py:117} INFO - [2022-09-19T18:53:21.352+0000] {dag.py:2573} INFO - Sync 1 DAGs
[2022-09-19T18:53:21.379+0000] {logging_mixin.py:117} INFO - [2022-09-19T18:53:21.378+0000] {dag.py:3328} INFO - Setting next_dagrun for example_short_circuit_decorator to 2022-09-18T18:53:21.378676+00:00, run_after=2022-09-19T18:53:21.378676+00:00
[2022-09-19T18:53:21.404+0000] {processor.py:178} INFO - Processing /home/airflow/.local/lib/python3.7/site-packages/airflow/example_dags/example_short_circuit_decorator.py took 0.119 seconds
[2022-09-19T18:53:52.225+0000] {processor.py:156} INFO - Started process (PID=1194) to work on /home/airflow/.local/lib/python3.7/site-packages/airflow/example_dags/example_short_circuit_decorator.py
[2022-09-19T18:53:52.226+0000] {processor.py:758} INFO - Processing file /home/airflow/.local/lib/python3.7/site-packages/airflow/example_dags/example_short_circuit_decorator.py for tasks to queue
[2022-09-19T18:53:52.226+0000] {logging_mixin.py:117} INFO - [2022-09-19T18:53:52.226+0000] {dagbag.py:525} INFO - Filling up the DagBag from /home/airflow/.local/lib/python3.7/site-packages/airflow/example_dags/example_short_circuit_decorator.py
[2022-09-19T18:53:52.253+0000] {processor.py:768} INFO - DAG(s) dict_keys(['example_short_circuit_decorator']) retrieved from /home/airflow/.local/lib/python3.7/site-packages/airflow/example_dags/example_short_circuit_decorator.py
[2022-09-19T18:53:52.298+0000] {logging_mixin.py:117} INFO - [2022-09-19T18:53:52.297+0000] {dag.py:2573} INFO - Sync 1 DAGs
[2022-09-19T18:53:52.330+0000] {logging_mixin.py:117} INFO - [2022-09-19T18:53:52.330+0000] {dag.py:3328} INFO - Setting next_dagrun for example_short_circuit_decorator to 2022-09-18T18:53:52.330422+00:00, run_after=2022-09-19T18:53:52.330422+00:00
[2022-09-19T18:53:52.356+0000] {processor.py:178} INFO - Processing /home/airflow/.local/lib/python3.7/site-packages/airflow/example_dags/example_short_circuit_decorator.py took 0.133 seconds
[2022-09-19T18:54:22.456+0000] {processor.py:156} INFO - Started process (PID=1248) to work on /home/airflow/.local/lib/python3.7/site-packages/airflow/example_dags/example_short_circuit_decorator.py
[2022-09-19T18:54:22.456+0000] {processor.py:758} INFO - Processing file /home/airflow/.local/lib/python3.7/site-packages/airflow/example_dags/example_short_circuit_decorator.py for tasks to queue
[2022-09-19T18:54:22.457+0000] {logging_mixin.py:117} INFO - [2022-09-19T18:54:22.457+0000] {dagbag.py:525} INFO - Filling up the DagBag from /home/airflow/.local/lib/python3.7/site-packages/airflow/example_dags/example_short_circuit_decorator.py
[2022-09-19T18:54:22.477+0000] {processor.py:768} INFO - DAG(s) dict_keys(['example_short_circuit_decorator']) retrieved from /home/airflow/.local/lib/python3.7/site-packages/airflow/example_dags/example_short_circuit_decorator.py
[2022-09-19T18:54:22.513+0000] {logging_mixin.py:117} INFO - [2022-09-19T18:54:22.513+0000] {dag.py:2573} INFO - Sync 1 DAGs
[2022-09-19T18:54:22.538+0000] {logging_mixin.py:117} INFO - [2022-09-19T18:54:22.537+0000] {dag.py:3328} INFO - Setting next_dagrun for example_short_circuit_decorator to 2022-09-18T18:54:22.537733+00:00, run_after=2022-09-19T18:54:22.537733+00:00
[2022-09-19T18:54:22.558+0000] {processor.py:178} INFO - Processing /home/airflow/.local/lib/python3.7/site-packages/airflow/example_dags/example_short_circuit_decorator.py took 0.104 seconds
[2022-09-19T18:54:52.667+0000] {processor.py:156} INFO - Started process (PID=1312) to work on /home/airflow/.local/lib/python3.7/site-packages/airflow/example_dags/example_short_circuit_decorator.py
[2022-09-19T18:54:52.668+0000] {processor.py:758} INFO - Processing file /home/airflow/.local/lib/python3.7/site-packages/airflow/example_dags/example_short_circuit_decorator.py for tasks to queue
[2022-09-19T18:54:52.668+0000] {logging_mixin.py:117} INFO - [2022-09-19T18:54:52.668+0000] {dagbag.py:525} INFO - Filling up the DagBag from /home/airflow/.local/lib/python3.7/site-packages/airflow/example_dags/example_short_circuit_decorator.py
[2022-09-19T18:54:52.691+0000] {processor.py:768} INFO - DAG(s) dict_keys(['example_short_circuit_decorator']) retrieved from /home/airflow/.local/lib/python3.7/site-packages/airflow/example_dags/example_short_circuit_decorator.py
[2022-09-19T18:54:52.729+0000] {logging_mixin.py:117} INFO - [2022-09-19T18:54:52.729+0000] {dag.py:2573} INFO - Sync 1 DAGs
[2022-09-19T18:54:52.752+0000] {logging_mixin.py:117} INFO - [2022-09-19T18:54:52.752+0000] {dag.py:3328} INFO - Setting next_dagrun for example_short_circuit_decorator to 2022-09-18T18:54:52.752268+00:00, run_after=2022-09-19T18:54:52.752268+00:00
[2022-09-19T18:54:52.772+0000] {processor.py:178} INFO - Processing /home/airflow/.local/lib/python3.7/site-packages/airflow/example_dags/example_short_circuit_decorator.py took 0.107 seconds
[2022-09-19T18:55:22.806+0000] {processor.py:156} INFO - Started process (PID=1373) to work on /home/airflow/.local/lib/python3.7/site-packages/airflow/example_dags/example_short_circuit_decorator.py
[2022-09-19T18:55:22.806+0000] {processor.py:758} INFO - Processing file /home/airflow/.local/lib/python3.7/site-packages/airflow/example_dags/example_short_circuit_decorator.py for tasks to queue
[2022-09-19T18:55:22.807+0000] {logging_mixin.py:117} INFO - [2022-09-19T18:55:22.807+0000] {dagbag.py:525} INFO - Filling up the DagBag from /home/airflow/.local/lib/python3.7/site-packages/airflow/example_dags/example_short_circuit_decorator.py
[2022-09-19T18:55:22.829+0000] {processor.py:768} INFO - DAG(s) dict_keys(['example_short_circuit_decorator']) retrieved from /home/airflow/.local/lib/python3.7/site-packages/airflow/example_dags/example_short_circuit_decorator.py
[2022-09-19T18:55:22.868+0000] {logging_mixin.py:117} INFO - [2022-09-19T18:55:22.868+0000] {dag.py:2573} INFO - Sync 1 DAGs
[2022-09-19T18:55:22.893+0000] {logging_mixin.py:117} INFO - [2022-09-19T18:55:22.893+0000] {dag.py:3328} INFO - Setting next_dagrun for example_short_circuit_decorator to 2022-09-18T18:55:22.892925+00:00, run_after=2022-09-19T18:55:22.892925+00:00
[2022-09-19T18:55:22.912+0000] {processor.py:178} INFO - Processing /home/airflow/.local/lib/python3.7/site-packages/airflow/example_dags/example_short_circuit_decorator.py took 0.109 seconds
[2022-09-19T18:55:53.001+0000] {processor.py:156} INFO - Started process (PID=1427) to work on /home/airflow/.local/lib/python3.7/site-packages/airflow/example_dags/example_short_circuit_decorator.py
[2022-09-19T18:55:53.001+0000] {processor.py:758} INFO - Processing file /home/airflow/.local/lib/python3.7/site-packages/airflow/example_dags/example_short_circuit_decorator.py for tasks to queue
[2022-09-19T18:55:53.001+0000] {logging_mixin.py:117} INFO - [2022-09-19T18:55:53.001+0000] {dagbag.py:525} INFO - Filling up the DagBag from /home/airflow/.local/lib/python3.7/site-packages/airflow/example_dags/example_short_circuit_decorator.py
[2022-09-19T18:55:53.023+0000] {processor.py:768} INFO - DAG(s) dict_keys(['example_short_circuit_decorator']) retrieved from /home/airflow/.local/lib/python3.7/site-packages/airflow/example_dags/example_short_circuit_decorator.py
[2022-09-19T18:55:53.058+0000] {logging_mixin.py:117} INFO - [2022-09-19T18:55:53.058+0000] {dag.py:2573} INFO - Sync 1 DAGs
[2022-09-19T18:55:53.083+0000] {logging_mixin.py:117} INFO - [2022-09-19T18:55:53.083+0000] {dag.py:3328} INFO - Setting next_dagrun for example_short_circuit_decorator to 2022-09-18T18:55:53.082975+00:00, run_after=2022-09-19T18:55:53.082975+00:00
[2022-09-19T18:55:53.101+0000] {processor.py:178} INFO - Processing /home/airflow/.local/lib/python3.7/site-packages/airflow/example_dags/example_short_circuit_decorator.py took 0.102 seconds
[2022-09-19T18:56:23.151+0000] {processor.py:156} INFO - Started process (PID=1489) to work on /home/airflow/.local/lib/python3.7/site-packages/airflow/example_dags/example_short_circuit_decorator.py
[2022-09-19T18:56:23.151+0000] {processor.py:758} INFO - Processing file /home/airflow/.local/lib/python3.7/site-packages/airflow/example_dags/example_short_circuit_decorator.py for tasks to queue
[2022-09-19T18:56:23.152+0000] {logging_mixin.py:117} INFO - [2022-09-19T18:56:23.152+0000] {dagbag.py:525} INFO - Filling up the DagBag from /home/airflow/.local/lib/python3.7/site-packages/airflow/example_dags/example_short_circuit_decorator.py
[2022-09-19T18:56:23.170+0000] {processor.py:768} INFO - DAG(s) dict_keys(['example_short_circuit_decorator']) retrieved from /home/airflow/.local/lib/python3.7/site-packages/airflow/example_dags/example_short_circuit_decorator.py
[2022-09-19T18:56:23.204+0000] {logging_mixin.py:117} INFO - [2022-09-19T18:56:23.204+0000] {dag.py:2573} INFO - Sync 1 DAGs
[2022-09-19T18:56:23.225+0000] {logging_mixin.py:117} INFO - [2022-09-19T18:56:23.225+0000] {dag.py:3328} INFO - Setting next_dagrun for example_short_circuit_decorator to 2022-09-18T18:56:23.224960+00:00, run_after=2022-09-19T18:56:23.224960+00:00
[2022-09-19T18:56:23.241+0000] {processor.py:178} INFO - Processing /home/airflow/.local/lib/python3.7/site-packages/airflow/example_dags/example_short_circuit_decorator.py took 0.093 seconds
[2022-09-19T18:56:53.845+0000] {processor.py:156} INFO - Started process (PID=1551) to work on /home/airflow/.local/lib/python3.7/site-packages/airflow/example_dags/example_short_circuit_decorator.py
[2022-09-19T18:56:53.846+0000] {processor.py:758} INFO - Processing file /home/airflow/.local/lib/python3.7/site-packages/airflow/example_dags/example_short_circuit_decorator.py for tasks to queue
[2022-09-19T18:56:53.847+0000] {logging_mixin.py:117} INFO - [2022-09-19T18:56:53.846+0000] {dagbag.py:525} INFO - Filling up the DagBag from /home/airflow/.local/lib/python3.7/site-packages/airflow/example_dags/example_short_circuit_decorator.py
[2022-09-19T18:56:53.877+0000] {processor.py:768} INFO - DAG(s) dict_keys(['example_short_circuit_decorator']) retrieved from /home/airflow/.local/lib/python3.7/site-packages/airflow/example_dags/example_short_circuit_decorator.py
[2022-09-19T18:56:53.927+0000] {logging_mixin.py:117} INFO - [2022-09-19T18:56:53.927+0000] {dag.py:2573} INFO - Sync 1 DAGs
[2022-09-19T18:56:53.960+0000] {logging_mixin.py:117} INFO - [2022-09-19T18:56:53.960+0000] {dag.py:3328} INFO - Setting next_dagrun for example_short_circuit_decorator to 2022-09-18T18:56:53.960126+00:00, run_after=2022-09-19T18:56:53.960126+00:00
[2022-09-19T18:56:53.986+0000] {processor.py:178} INFO - Processing /home/airflow/.local/lib/python3.7/site-packages/airflow/example_dags/example_short_circuit_decorator.py took 0.144 seconds
[2022-09-19T18:57:24.801+0000] {processor.py:156} INFO - Started process (PID=1605) to work on /home/airflow/.local/lib/python3.7/site-packages/airflow/example_dags/example_short_circuit_decorator.py
[2022-09-19T18:57:24.802+0000] {processor.py:758} INFO - Processing file /home/airflow/.local/lib/python3.7/site-packages/airflow/example_dags/example_short_circuit_decorator.py for tasks to queue
[2022-09-19T18:57:24.803+0000] {logging_mixin.py:117} INFO - [2022-09-19T18:57:24.803+0000] {dagbag.py:525} INFO - Filling up the DagBag from /home/airflow/.local/lib/python3.7/site-packages/airflow/example_dags/example_short_circuit_decorator.py
[2022-09-19T18:57:24.829+0000] {processor.py:768} INFO - DAG(s) dict_keys(['example_short_circuit_decorator']) retrieved from /home/airflow/.local/lib/python3.7/site-packages/airflow/example_dags/example_short_circuit_decorator.py
[2022-09-19T18:57:24.868+0000] {logging_mixin.py:117} INFO - [2022-09-19T18:57:24.868+0000] {dag.py:2573} INFO - Sync 1 DAGs
[2022-09-19T18:57:24.895+0000] {logging_mixin.py:117} INFO - [2022-09-19T18:57:24.894+0000] {dag.py:3328} INFO - Setting next_dagrun for example_short_circuit_decorator to 2022-09-18T18:57:24.894655+00:00, run_after=2022-09-19T18:57:24.894655+00:00
[2022-09-19T18:57:24.916+0000] {processor.py:178} INFO - Processing /home/airflow/.local/lib/python3.7/site-packages/airflow/example_dags/example_short_circuit_decorator.py took 0.117 seconds
[2022-09-19T18:57:55.012+0000] {processor.py:156} INFO - Started process (PID=1667) to work on /home/airflow/.local/lib/python3.7/site-packages/airflow/example_dags/example_short_circuit_decorator.py
[2022-09-19T18:57:55.013+0000] {processor.py:758} INFO - Processing file /home/airflow/.local/lib/python3.7/site-packages/airflow/example_dags/example_short_circuit_decorator.py for tasks to queue
[2022-09-19T18:57:55.014+0000] {logging_mixin.py:117} INFO - [2022-09-19T18:57:55.014+0000] {dagbag.py:525} INFO - Filling up the DagBag from /home/airflow/.local/lib/python3.7/site-packages/airflow/example_dags/example_short_circuit_decorator.py
[2022-09-19T18:57:55.039+0000] {processor.py:768} INFO - DAG(s) dict_keys(['example_short_circuit_decorator']) retrieved from /home/airflow/.local/lib/python3.7/site-packages/airflow/example_dags/example_short_circuit_decorator.py
[2022-09-19T18:57:55.079+0000] {logging_mixin.py:117} INFO - [2022-09-19T18:57:55.078+0000] {dag.py:2573} INFO - Sync 1 DAGs
[2022-09-19T18:57:55.106+0000] {logging_mixin.py:117} INFO - [2022-09-19T18:57:55.106+0000] {dag.py:3328} INFO - Setting next_dagrun for example_short_circuit_decorator to 2022-09-18T18:57:55.106188+00:00, run_after=2022-09-19T18:57:55.106188+00:00
[2022-09-19T18:57:55.128+0000] {processor.py:178} INFO - Processing /home/airflow/.local/lib/python3.7/site-packages/airflow/example_dags/example_short_circuit_decorator.py took 0.118 seconds
[2022-09-19T18:58:25.283+0000] {processor.py:156} INFO - Started process (PID=1728) to work on /home/airflow/.local/lib/python3.7/site-packages/airflow/example_dags/example_short_circuit_decorator.py
[2022-09-19T18:58:25.284+0000] {processor.py:758} INFO - Processing file /home/airflow/.local/lib/python3.7/site-packages/airflow/example_dags/example_short_circuit_decorator.py for tasks to queue
[2022-09-19T18:58:25.285+0000] {logging_mixin.py:117} INFO - [2022-09-19T18:58:25.285+0000] {dagbag.py:525} INFO - Filling up the DagBag from /home/airflow/.local/lib/python3.7/site-packages/airflow/example_dags/example_short_circuit_decorator.py
[2022-09-19T18:58:25.326+0000] {processor.py:768} INFO - DAG(s) dict_keys(['example_short_circuit_decorator']) retrieved from /home/airflow/.local/lib/python3.7/site-packages/airflow/example_dags/example_short_circuit_decorator.py
[2022-09-19T18:58:25.392+0000] {logging_mixin.py:117} INFO - [2022-09-19T18:58:25.392+0000] {dag.py:2573} INFO - Sync 1 DAGs
[2022-09-19T18:58:25.437+0000] {logging_mixin.py:117} INFO - [2022-09-19T18:58:25.437+0000] {dag.py:3328} INFO - Setting next_dagrun for example_short_circuit_decorator to 2022-09-18T18:58:25.437210+00:00, run_after=2022-09-19T18:58:25.437210+00:00
[2022-09-19T18:58:25.470+0000] {processor.py:178} INFO - Processing /home/airflow/.local/lib/python3.7/site-packages/airflow/example_dags/example_short_circuit_decorator.py took 0.191 seconds
[2022-09-19T18:58:55.503+0000] {processor.py:156} INFO - Started process (PID=1784) to work on /home/airflow/.local/lib/python3.7/site-packages/airflow/example_dags/example_short_circuit_decorator.py
[2022-09-19T18:58:55.504+0000] {processor.py:758} INFO - Processing file /home/airflow/.local/lib/python3.7/site-packages/airflow/example_dags/example_short_circuit_decorator.py for tasks to queue
[2022-09-19T18:58:55.505+0000] {logging_mixin.py:117} INFO - [2022-09-19T18:58:55.504+0000] {dagbag.py:525} INFO - Filling up the DagBag from /home/airflow/.local/lib/python3.7/site-packages/airflow/example_dags/example_short_circuit_decorator.py
[2022-09-19T18:58:55.525+0000] {processor.py:768} INFO - DAG(s) dict_keys(['example_short_circuit_decorator']) retrieved from /home/airflow/.local/lib/python3.7/site-packages/airflow/example_dags/example_short_circuit_decorator.py
[2022-09-19T18:58:55.560+0000] {logging_mixin.py:117} INFO - [2022-09-19T18:58:55.560+0000] {dag.py:2573} INFO - Sync 1 DAGs
[2022-09-19T18:58:55.584+0000] {logging_mixin.py:117} INFO - [2022-09-19T18:58:55.583+0000] {dag.py:3328} INFO - Setting next_dagrun for example_short_circuit_decorator to 2022-09-18T18:58:55.583731+00:00, run_after=2022-09-19T18:58:55.583731+00:00
[2022-09-19T18:58:55.602+0000] {processor.py:178} INFO - Processing /home/airflow/.local/lib/python3.7/site-packages/airflow/example_dags/example_short_circuit_decorator.py took 0.101 seconds
[2022-09-19T18:59:26.034+0000] {processor.py:156} INFO - Started process (PID=1847) to work on /home/airflow/.local/lib/python3.7/site-packages/airflow/example_dags/example_short_circuit_decorator.py
[2022-09-19T18:59:26.035+0000] {processor.py:758} INFO - Processing file /home/airflow/.local/lib/python3.7/site-packages/airflow/example_dags/example_short_circuit_decorator.py for tasks to queue
[2022-09-19T18:59:26.036+0000] {logging_mixin.py:117} INFO - [2022-09-19T18:59:26.035+0000] {dagbag.py:525} INFO - Filling up the DagBag from /home/airflow/.local/lib/python3.7/site-packages/airflow/example_dags/example_short_circuit_decorator.py
[2022-09-19T18:59:26.058+0000] {processor.py:768} INFO - DAG(s) dict_keys(['example_short_circuit_decorator']) retrieved from /home/airflow/.local/lib/python3.7/site-packages/airflow/example_dags/example_short_circuit_decorator.py
[2022-09-19T18:59:26.093+0000] {logging_mixin.py:117} INFO - [2022-09-19T18:59:26.093+0000] {dag.py:2573} INFO - Sync 1 DAGs
[2022-09-19T18:59:26.117+0000] {logging_mixin.py:117} INFO - [2022-09-19T18:59:26.116+0000] {dag.py:3328} INFO - Setting next_dagrun for example_short_circuit_decorator to 2022-09-18T18:59:26.116694+00:00, run_after=2022-09-19T18:59:26.116694+00:00
[2022-09-19T18:59:26.137+0000] {processor.py:178} INFO - Processing /home/airflow/.local/lib/python3.7/site-packages/airflow/example_dags/example_short_circuit_decorator.py took 0.105 seconds
[2022-09-19T18:59:56.810+0000] {processor.py:156} INFO - Started process (PID=1900) to work on /home/airflow/.local/lib/python3.7/site-packages/airflow/example_dags/example_short_circuit_decorator.py
[2022-09-19T18:59:56.811+0000] {processor.py:758} INFO - Processing file /home/airflow/.local/lib/python3.7/site-packages/airflow/example_dags/example_short_circuit_decorator.py for tasks to queue
[2022-09-19T18:59:56.811+0000] {logging_mixin.py:117} INFO - [2022-09-19T18:59:56.811+0000] {dagbag.py:525} INFO - Filling up the DagBag from /home/airflow/.local/lib/python3.7/site-packages/airflow/example_dags/example_short_circuit_decorator.py
[2022-09-19T18:59:56.834+0000] {processor.py:768} INFO - DAG(s) dict_keys(['example_short_circuit_decorator']) retrieved from /home/airflow/.local/lib/python3.7/site-packages/airflow/example_dags/example_short_circuit_decorator.py
[2022-09-19T18:59:56.871+0000] {logging_mixin.py:117} INFO - [2022-09-19T18:59:56.871+0000] {dag.py:2573} INFO - Sync 1 DAGs
[2022-09-19T18:59:56.898+0000] {logging_mixin.py:117} INFO - [2022-09-19T18:59:56.898+0000] {dag.py:3328} INFO - Setting next_dagrun for example_short_circuit_decorator to 2022-09-18T18:59:56.898432+00:00, run_after=2022-09-19T18:59:56.898432+00:00
[2022-09-19T18:59:56.917+0000] {processor.py:178} INFO - Processing /home/airflow/.local/lib/python3.7/site-packages/airflow/example_dags/example_short_circuit_decorator.py took 0.110 seconds
[2022-09-19T19:00:27.107+0000] {processor.py:156} INFO - Started process (PID=1963) to work on /home/airflow/.local/lib/python3.7/site-packages/airflow/example_dags/example_short_circuit_decorator.py
[2022-09-19T19:00:27.107+0000] {processor.py:758} INFO - Processing file /home/airflow/.local/lib/python3.7/site-packages/airflow/example_dags/example_short_circuit_decorator.py for tasks to queue
[2022-09-19T19:00:27.108+0000] {logging_mixin.py:117} INFO - [2022-09-19T19:00:27.108+0000] {dagbag.py:525} INFO - Filling up the DagBag from /home/airflow/.local/lib/python3.7/site-packages/airflow/example_dags/example_short_circuit_decorator.py
[2022-09-19T19:00:27.134+0000] {processor.py:768} INFO - DAG(s) dict_keys(['example_short_circuit_decorator']) retrieved from /home/airflow/.local/lib/python3.7/site-packages/airflow/example_dags/example_short_circuit_decorator.py
[2022-09-19T19:00:27.194+0000] {logging_mixin.py:117} INFO - [2022-09-19T19:00:27.194+0000] {dag.py:2573} INFO - Sync 1 DAGs
[2022-09-19T19:00:27.238+0000] {logging_mixin.py:117} INFO - [2022-09-19T19:00:27.238+0000] {dag.py:3328} INFO - Setting next_dagrun for example_short_circuit_decorator to 2022-09-18T19:00:27.237626+00:00, run_after=2022-09-19T19:00:27.237626+00:00
[2022-09-19T19:00:27.272+0000] {processor.py:178} INFO - Processing /home/airflow/.local/lib/python3.7/site-packages/airflow/example_dags/example_short_circuit_decorator.py took 0.168 seconds
[2022-09-19T19:00:58.161+0000] {processor.py:156} INFO - Started process (PID=2025) to work on /home/airflow/.local/lib/python3.7/site-packages/airflow/example_dags/example_short_circuit_decorator.py
[2022-09-19T19:00:58.163+0000] {processor.py:758} INFO - Processing file /home/airflow/.local/lib/python3.7/site-packages/airflow/example_dags/example_short_circuit_decorator.py for tasks to queue
[2022-09-19T19:00:58.163+0000] {logging_mixin.py:117} INFO - [2022-09-19T19:00:58.163+0000] {dagbag.py:525} INFO - Filling up the DagBag from /home/airflow/.local/lib/python3.7/site-packages/airflow/example_dags/example_short_circuit_decorator.py
[2022-09-19T19:00:58.184+0000] {processor.py:768} INFO - DAG(s) dict_keys(['example_short_circuit_decorator']) retrieved from /home/airflow/.local/lib/python3.7/site-packages/airflow/example_dags/example_short_circuit_decorator.py
[2022-09-19T19:00:58.221+0000] {logging_mixin.py:117} INFO - [2022-09-19T19:00:58.221+0000] {dag.py:2573} INFO - Sync 1 DAGs
[2022-09-19T19:00:58.244+0000] {logging_mixin.py:117} INFO - [2022-09-19T19:00:58.244+0000] {dag.py:3328} INFO - Setting next_dagrun for example_short_circuit_decorator to 2022-09-18T19:00:58.244005+00:00, run_after=2022-09-19T19:00:58.244005+00:00
[2022-09-19T19:00:58.266+0000] {processor.py:178} INFO - Processing /home/airflow/.local/lib/python3.7/site-packages/airflow/example_dags/example_short_circuit_decorator.py took 0.107 seconds
[2022-09-19T19:01:28.721+0000] {processor.py:156} INFO - Started process (PID=2079) to work on /home/airflow/.local/lib/python3.7/site-packages/airflow/example_dags/example_short_circuit_decorator.py
[2022-09-19T19:01:28.721+0000] {processor.py:758} INFO - Processing file /home/airflow/.local/lib/python3.7/site-packages/airflow/example_dags/example_short_circuit_decorator.py for tasks to queue
[2022-09-19T19:01:28.721+0000] {logging_mixin.py:117} INFO - [2022-09-19T19:01:28.721+0000] {dagbag.py:525} INFO - Filling up the DagBag from /home/airflow/.local/lib/python3.7/site-packages/airflow/example_dags/example_short_circuit_decorator.py
[2022-09-19T19:01:28.741+0000] {processor.py:768} INFO - DAG(s) dict_keys(['example_short_circuit_decorator']) retrieved from /home/airflow/.local/lib/python3.7/site-packages/airflow/example_dags/example_short_circuit_decorator.py
[2022-09-19T19:01:28.777+0000] {logging_mixin.py:117} INFO - [2022-09-19T19:01:28.777+0000] {dag.py:2573} INFO - Sync 1 DAGs
[2022-09-19T19:01:28.801+0000] {logging_mixin.py:117} INFO - [2022-09-19T19:01:28.801+0000] {dag.py:3328} INFO - Setting next_dagrun for example_short_circuit_decorator to 2022-09-18T19:01:28.801177+00:00, run_after=2022-09-19T19:01:28.801177+00:00
[2022-09-19T19:01:28.826+0000] {processor.py:178} INFO - Processing /home/airflow/.local/lib/python3.7/site-packages/airflow/example_dags/example_short_circuit_decorator.py took 0.108 seconds
[2022-09-19T19:01:59.193+0000] {processor.py:156} INFO - Started process (PID=2140) to work on /home/airflow/.local/lib/python3.7/site-packages/airflow/example_dags/example_short_circuit_decorator.py
[2022-09-19T19:01:59.193+0000] {processor.py:758} INFO - Processing file /home/airflow/.local/lib/python3.7/site-packages/airflow/example_dags/example_short_circuit_decorator.py for tasks to queue
[2022-09-19T19:01:59.194+0000] {logging_mixin.py:117} INFO - [2022-09-19T19:01:59.194+0000] {dagbag.py:525} INFO - Filling up the DagBag from /home/airflow/.local/lib/python3.7/site-packages/airflow/example_dags/example_short_circuit_decorator.py
[2022-09-19T19:01:59.215+0000] {processor.py:768} INFO - DAG(s) dict_keys(['example_short_circuit_decorator']) retrieved from /home/airflow/.local/lib/python3.7/site-packages/airflow/example_dags/example_short_circuit_decorator.py
[2022-09-19T19:01:59.254+0000] {logging_mixin.py:117} INFO - [2022-09-19T19:01:59.254+0000] {dag.py:2573} INFO - Sync 1 DAGs
[2022-09-19T19:01:59.282+0000] {logging_mixin.py:117} INFO - [2022-09-19T19:01:59.282+0000] {dag.py:3328} INFO - Setting next_dagrun for example_short_circuit_decorator to 2022-09-18T19:01:59.281871+00:00, run_after=2022-09-19T19:01:59.281871+00:00
[2022-09-19T19:01:59.304+0000] {processor.py:178} INFO - Processing /home/airflow/.local/lib/python3.7/site-packages/airflow/example_dags/example_short_circuit_decorator.py took 0.113 seconds
[2022-09-19T19:02:29.832+0000] {processor.py:156} INFO - Started process (PID=2203) to work on /home/airflow/.local/lib/python3.7/site-packages/airflow/example_dags/example_short_circuit_decorator.py
[2022-09-19T19:02:29.832+0000] {processor.py:758} INFO - Processing file /home/airflow/.local/lib/python3.7/site-packages/airflow/example_dags/example_short_circuit_decorator.py for tasks to queue
[2022-09-19T19:02:29.833+0000] {logging_mixin.py:117} INFO - [2022-09-19T19:02:29.833+0000] {dagbag.py:525} INFO - Filling up the DagBag from /home/airflow/.local/lib/python3.7/site-packages/airflow/example_dags/example_short_circuit_decorator.py
[2022-09-19T19:02:29.857+0000] {processor.py:768} INFO - DAG(s) dict_keys(['example_short_circuit_decorator']) retrieved from /home/airflow/.local/lib/python3.7/site-packages/airflow/example_dags/example_short_circuit_decorator.py
[2022-09-19T19:02:29.898+0000] {logging_mixin.py:117} INFO - [2022-09-19T19:02:29.897+0000] {dag.py:2573} INFO - Sync 1 DAGs
[2022-09-19T19:02:29.923+0000] {logging_mixin.py:117} INFO - [2022-09-19T19:02:29.923+0000] {dag.py:3328} INFO - Setting next_dagrun for example_short_circuit_decorator to 2022-09-18T19:02:29.923493+00:00, run_after=2022-09-19T19:02:29.923493+00:00
[2022-09-19T19:02:29.945+0000] {processor.py:178} INFO - Processing /home/airflow/.local/lib/python3.7/site-packages/airflow/example_dags/example_short_circuit_decorator.py took 0.116 seconds
[2022-09-19T19:03:00.060+0000] {processor.py:156} INFO - Started process (PID=2257) to work on /home/airflow/.local/lib/python3.7/site-packages/airflow/example_dags/example_short_circuit_decorator.py
[2022-09-19T19:03:00.061+0000] {processor.py:758} INFO - Processing file /home/airflow/.local/lib/python3.7/site-packages/airflow/example_dags/example_short_circuit_decorator.py for tasks to queue
[2022-09-19T19:03:00.061+0000] {logging_mixin.py:117} INFO - [2022-09-19T19:03:00.061+0000] {dagbag.py:525} INFO - Filling up the DagBag from /home/airflow/.local/lib/python3.7/site-packages/airflow/example_dags/example_short_circuit_decorator.py
[2022-09-19T19:03:00.080+0000] {processor.py:768} INFO - DAG(s) dict_keys(['example_short_circuit_decorator']) retrieved from /home/airflow/.local/lib/python3.7/site-packages/airflow/example_dags/example_short_circuit_decorator.py
[2022-09-19T19:03:00.117+0000] {logging_mixin.py:117} INFO - [2022-09-19T19:03:00.117+0000] {dag.py:2573} INFO - Sync 1 DAGs
[2022-09-19T19:03:00.139+0000] {logging_mixin.py:117} INFO - [2022-09-19T19:03:00.139+0000] {dag.py:3328} INFO - Setting next_dagrun for example_short_circuit_decorator to 2022-09-18T19:03:00.138843+00:00, run_after=2022-09-19T19:03:00.138843+00:00
[2022-09-19T19:03:00.160+0000] {processor.py:178} INFO - Processing /home/airflow/.local/lib/python3.7/site-packages/airflow/example_dags/example_short_circuit_decorator.py took 0.102 seconds
