[2022-09-19T18:44:09.303+0000] {processor.py:156} INFO - Started process (PID=59) to work on /home/airflow/.local/lib/python3.7/site-packages/airflow/example_dags/example_xcomargs.py
[2022-09-19T18:44:09.304+0000] {processor.py:758} INFO - Processing file /home/airflow/.local/lib/python3.7/site-packages/airflow/example_dags/example_xcomargs.py for tasks to queue
[2022-09-19T18:44:09.304+0000] {logging_mixin.py:117} INFO - [2022-09-19T18:44:09.304+0000] {dagbag.py:525} INFO - Filling up the DagBag from /home/airflow/.local/lib/python3.7/site-packages/airflow/example_dags/example_xcomargs.py
[2022-09-19T18:44:09.356+0000] {processor.py:768} INFO - DAG(s) dict_keys(['example_xcom_args', 'example_xcom_args_with_operators']) retrieved from /home/airflow/.local/lib/python3.7/site-packages/airflow/example_dags/example_xcomargs.py
[2022-09-19T18:44:09.398+0000] {logging_mixin.py:117} INFO - [2022-09-19T18:44:09.398+0000] {dag.py:2573} INFO - Sync 2 DAGs
[2022-09-19T18:44:09.429+0000] {logging_mixin.py:117} INFO - [2022-09-19T18:44:09.429+0000] {dag.py:3328} INFO - Setting next_dagrun for example_xcom_args to None, run_after=None
[2022-09-19T18:44:09.433+0000] {logging_mixin.py:117} INFO - [2022-09-19T18:44:09.433+0000] {dag.py:3328} INFO - Setting next_dagrun for example_xcom_args_with_operators to None, run_after=None
[2022-09-19T18:44:09.461+0000] {processor.py:178} INFO - Processing /home/airflow/.local/lib/python3.7/site-packages/airflow/example_dags/example_xcomargs.py took 0.161 seconds
[2022-09-19T18:44:40.466+0000] {processor.py:156} INFO - Started process (PID=112) to work on /home/airflow/.local/lib/python3.7/site-packages/airflow/example_dags/example_xcomargs.py
[2022-09-19T18:44:40.467+0000] {processor.py:758} INFO - Processing file /home/airflow/.local/lib/python3.7/site-packages/airflow/example_dags/example_xcomargs.py for tasks to queue
[2022-09-19T18:44:40.467+0000] {logging_mixin.py:117} INFO - [2022-09-19T18:44:40.467+0000] {dagbag.py:525} INFO - Filling up the DagBag from /home/airflow/.local/lib/python3.7/site-packages/airflow/example_dags/example_xcomargs.py
[2022-09-19T18:44:40.494+0000] {processor.py:768} INFO - DAG(s) dict_keys(['example_xcom_args_with_operators', 'example_xcom_args']) retrieved from /home/airflow/.local/lib/python3.7/site-packages/airflow/example_dags/example_xcomargs.py
[2022-09-19T18:44:40.535+0000] {logging_mixin.py:117} INFO - [2022-09-19T18:44:40.535+0000] {dag.py:2573} INFO - Sync 2 DAGs
[2022-09-19T18:44:40.563+0000] {logging_mixin.py:117} INFO - [2022-09-19T18:44:40.563+0000] {dag.py:3328} INFO - Setting next_dagrun for example_xcom_args to None, run_after=None
[2022-09-19T18:44:40.568+0000] {logging_mixin.py:117} INFO - [2022-09-19T18:44:40.567+0000] {dag.py:3328} INFO - Setting next_dagrun for example_xcom_args_with_operators to None, run_after=None
[2022-09-19T18:44:40.590+0000] {processor.py:178} INFO - Processing /home/airflow/.local/lib/python3.7/site-packages/airflow/example_dags/example_xcomargs.py took 0.127 seconds
[2022-09-19T18:45:11.263+0000] {processor.py:156} INFO - Started process (PID=177) to work on /home/airflow/.local/lib/python3.7/site-packages/airflow/example_dags/example_xcomargs.py
[2022-09-19T18:45:11.264+0000] {processor.py:758} INFO - Processing file /home/airflow/.local/lib/python3.7/site-packages/airflow/example_dags/example_xcomargs.py for tasks to queue
[2022-09-19T18:45:11.265+0000] {logging_mixin.py:117} INFO - [2022-09-19T18:45:11.265+0000] {dagbag.py:525} INFO - Filling up the DagBag from /home/airflow/.local/lib/python3.7/site-packages/airflow/example_dags/example_xcomargs.py
[2022-09-19T18:45:11.292+0000] {processor.py:768} INFO - DAG(s) dict_keys(['example_xcom_args', 'example_xcom_args_with_operators']) retrieved from /home/airflow/.local/lib/python3.7/site-packages/airflow/example_dags/example_xcomargs.py
[2022-09-19T18:45:11.341+0000] {logging_mixin.py:117} INFO - [2022-09-19T18:45:11.341+0000] {dag.py:2573} INFO - Sync 2 DAGs
[2022-09-19T18:45:11.389+0000] {logging_mixin.py:117} INFO - [2022-09-19T18:45:11.389+0000] {dag.py:3328} INFO - Setting next_dagrun for example_xcom_args to None, run_after=None
[2022-09-19T18:45:11.397+0000] {logging_mixin.py:117} INFO - [2022-09-19T18:45:11.397+0000] {dag.py:3328} INFO - Setting next_dagrun for example_xcom_args_with_operators to None, run_after=None
[2022-09-19T18:45:11.446+0000] {processor.py:178} INFO - Processing /home/airflow/.local/lib/python3.7/site-packages/airflow/example_dags/example_xcomargs.py took 0.187 seconds
[2022-09-19T18:45:41.876+0000] {processor.py:156} INFO - Started process (PID=240) to work on /home/airflow/.local/lib/python3.7/site-packages/airflow/example_dags/example_xcomargs.py
[2022-09-19T18:45:41.877+0000] {processor.py:758} INFO - Processing file /home/airflow/.local/lib/python3.7/site-packages/airflow/example_dags/example_xcomargs.py for tasks to queue
[2022-09-19T18:45:41.877+0000] {logging_mixin.py:117} INFO - [2022-09-19T18:45:41.877+0000] {dagbag.py:525} INFO - Filling up the DagBag from /home/airflow/.local/lib/python3.7/site-packages/airflow/example_dags/example_xcomargs.py
[2022-09-19T18:45:41.910+0000] {processor.py:768} INFO - DAG(s) dict_keys(['example_xcom_args_with_operators', 'example_xcom_args']) retrieved from /home/airflow/.local/lib/python3.7/site-packages/airflow/example_dags/example_xcomargs.py
[2022-09-19T18:45:41.960+0000] {logging_mixin.py:117} INFO - [2022-09-19T18:45:41.960+0000] {dag.py:2573} INFO - Sync 2 DAGs
[2022-09-19T18:45:41.996+0000] {logging_mixin.py:117} INFO - [2022-09-19T18:45:41.995+0000] {dag.py:3328} INFO - Setting next_dagrun for example_xcom_args to None, run_after=None
[2022-09-19T18:45:42.000+0000] {logging_mixin.py:117} INFO - [2022-09-19T18:45:42.000+0000] {dag.py:3328} INFO - Setting next_dagrun for example_xcom_args_with_operators to None, run_after=None
[2022-09-19T18:45:42.023+0000] {processor.py:178} INFO - Processing /home/airflow/.local/lib/python3.7/site-packages/airflow/example_dags/example_xcomargs.py took 0.150 seconds
[2022-09-19T18:46:12.914+0000] {processor.py:156} INFO - Started process (PID=294) to work on /home/airflow/.local/lib/python3.7/site-packages/airflow/example_dags/example_xcomargs.py
[2022-09-19T18:46:12.914+0000] {processor.py:758} INFO - Processing file /home/airflow/.local/lib/python3.7/site-packages/airflow/example_dags/example_xcomargs.py for tasks to queue
[2022-09-19T18:46:12.915+0000] {logging_mixin.py:117} INFO - [2022-09-19T18:46:12.915+0000] {dagbag.py:525} INFO - Filling up the DagBag from /home/airflow/.local/lib/python3.7/site-packages/airflow/example_dags/example_xcomargs.py
[2022-09-19T18:46:12.936+0000] {processor.py:768} INFO - DAG(s) dict_keys(['example_xcom_args', 'example_xcom_args_with_operators']) retrieved from /home/airflow/.local/lib/python3.7/site-packages/airflow/example_dags/example_xcomargs.py
[2022-09-19T18:46:12.974+0000] {logging_mixin.py:117} INFO - [2022-09-19T18:46:12.974+0000] {dag.py:2573} INFO - Sync 2 DAGs
[2022-09-19T18:46:12.997+0000] {logging_mixin.py:117} INFO - [2022-09-19T18:46:12.997+0000] {dag.py:3328} INFO - Setting next_dagrun for example_xcom_args to None, run_after=None
[2022-09-19T18:46:13.000+0000] {logging_mixin.py:117} INFO - [2022-09-19T18:46:13.000+0000] {dag.py:3328} INFO - Setting next_dagrun for example_xcom_args_with_operators to None, run_after=None
[2022-09-19T18:46:13.020+0000] {processor.py:178} INFO - Processing /home/airflow/.local/lib/python3.7/site-packages/airflow/example_dags/example_xcomargs.py took 0.108 seconds
[2022-09-19T18:46:43.726+0000] {processor.py:156} INFO - Started process (PID=357) to work on /home/airflow/.local/lib/python3.7/site-packages/airflow/example_dags/example_xcomargs.py
[2022-09-19T18:46:43.726+0000] {processor.py:758} INFO - Processing file /home/airflow/.local/lib/python3.7/site-packages/airflow/example_dags/example_xcomargs.py for tasks to queue
[2022-09-19T18:46:43.727+0000] {logging_mixin.py:117} INFO - [2022-09-19T18:46:43.727+0000] {dagbag.py:525} INFO - Filling up the DagBag from /home/airflow/.local/lib/python3.7/site-packages/airflow/example_dags/example_xcomargs.py
[2022-09-19T18:46:43.755+0000] {processor.py:768} INFO - DAG(s) dict_keys(['example_xcom_args_with_operators', 'example_xcom_args']) retrieved from /home/airflow/.local/lib/python3.7/site-packages/airflow/example_dags/example_xcomargs.py
[2022-09-19T18:46:43.804+0000] {logging_mixin.py:117} INFO - [2022-09-19T18:46:43.804+0000] {dag.py:2573} INFO - Sync 2 DAGs
[2022-09-19T18:46:43.833+0000] {logging_mixin.py:117} INFO - [2022-09-19T18:46:43.833+0000] {dag.py:3328} INFO - Setting next_dagrun for example_xcom_args to None, run_after=None
[2022-09-19T18:46:43.837+0000] {logging_mixin.py:117} INFO - [2022-09-19T18:46:43.837+0000] {dag.py:3328} INFO - Setting next_dagrun for example_xcom_args_with_operators to None, run_after=None
[2022-09-19T18:46:43.857+0000] {processor.py:178} INFO - Processing /home/airflow/.local/lib/python3.7/site-packages/airflow/example_dags/example_xcomargs.py took 0.134 seconds
[2022-09-19T18:47:14.062+0000] {processor.py:156} INFO - Started process (PID=421) to work on /home/airflow/.local/lib/python3.7/site-packages/airflow/example_dags/example_xcomargs.py
[2022-09-19T18:47:14.063+0000] {processor.py:758} INFO - Processing file /home/airflow/.local/lib/python3.7/site-packages/airflow/example_dags/example_xcomargs.py for tasks to queue
[2022-09-19T18:47:14.064+0000] {logging_mixin.py:117} INFO - [2022-09-19T18:47:14.064+0000] {dagbag.py:525} INFO - Filling up the DagBag from /home/airflow/.local/lib/python3.7/site-packages/airflow/example_dags/example_xcomargs.py
[2022-09-19T18:47:14.113+0000] {processor.py:768} INFO - DAG(s) dict_keys(['example_xcom_args', 'example_xcom_args_with_operators']) retrieved from /home/airflow/.local/lib/python3.7/site-packages/airflow/example_dags/example_xcomargs.py
[2022-09-19T18:47:14.176+0000] {logging_mixin.py:117} INFO - [2022-09-19T18:47:14.176+0000] {dag.py:2573} INFO - Sync 2 DAGs
[2022-09-19T18:47:14.213+0000] {logging_mixin.py:117} INFO - [2022-09-19T18:47:14.213+0000] {dag.py:3328} INFO - Setting next_dagrun for example_xcom_args to None, run_after=None
[2022-09-19T18:47:14.218+0000] {logging_mixin.py:117} INFO - [2022-09-19T18:47:14.218+0000] {dag.py:3328} INFO - Setting next_dagrun for example_xcom_args_with_operators to None, run_after=None
[2022-09-19T18:47:14.248+0000] {processor.py:178} INFO - Processing /home/airflow/.local/lib/python3.7/site-packages/airflow/example_dags/example_xcomargs.py took 0.191 seconds
[2022-09-19T18:47:44.673+0000] {processor.py:156} INFO - Started process (PID=474) to work on /home/airflow/.local/lib/python3.7/site-packages/airflow/example_dags/example_xcomargs.py
[2022-09-19T18:47:44.673+0000] {processor.py:758} INFO - Processing file /home/airflow/.local/lib/python3.7/site-packages/airflow/example_dags/example_xcomargs.py for tasks to queue
[2022-09-19T18:47:44.674+0000] {logging_mixin.py:117} INFO - [2022-09-19T18:47:44.674+0000] {dagbag.py:525} INFO - Filling up the DagBag from /home/airflow/.local/lib/python3.7/site-packages/airflow/example_dags/example_xcomargs.py
[2022-09-19T18:47:44.704+0000] {processor.py:768} INFO - DAG(s) dict_keys(['example_xcom_args', 'example_xcom_args_with_operators']) retrieved from /home/airflow/.local/lib/python3.7/site-packages/airflow/example_dags/example_xcomargs.py
[2022-09-19T18:47:44.746+0000] {logging_mixin.py:117} INFO - [2022-09-19T18:47:44.746+0000] {dag.py:2573} INFO - Sync 2 DAGs
[2022-09-19T18:47:44.776+0000] {logging_mixin.py:117} INFO - [2022-09-19T18:47:44.776+0000] {dag.py:3328} INFO - Setting next_dagrun for example_xcom_args to None, run_after=None
[2022-09-19T18:47:44.780+0000] {logging_mixin.py:117} INFO - [2022-09-19T18:47:44.779+0000] {dag.py:3328} INFO - Setting next_dagrun for example_xcom_args_with_operators to None, run_after=None
[2022-09-19T18:47:44.805+0000] {processor.py:178} INFO - Processing /home/airflow/.local/lib/python3.7/site-packages/airflow/example_dags/example_xcomargs.py took 0.135 seconds
[2022-09-19T18:48:15.194+0000] {processor.py:156} INFO - Started process (PID=537) to work on /home/airflow/.local/lib/python3.7/site-packages/airflow/example_dags/example_xcomargs.py
[2022-09-19T18:48:15.195+0000] {processor.py:758} INFO - Processing file /home/airflow/.local/lib/python3.7/site-packages/airflow/example_dags/example_xcomargs.py for tasks to queue
[2022-09-19T18:48:15.195+0000] {logging_mixin.py:117} INFO - [2022-09-19T18:48:15.195+0000] {dagbag.py:525} INFO - Filling up the DagBag from /home/airflow/.local/lib/python3.7/site-packages/airflow/example_dags/example_xcomargs.py
[2022-09-19T18:48:15.227+0000] {processor.py:768} INFO - DAG(s) dict_keys(['example_xcom_args_with_operators', 'example_xcom_args']) retrieved from /home/airflow/.local/lib/python3.7/site-packages/airflow/example_dags/example_xcomargs.py
[2022-09-19T18:48:15.287+0000] {logging_mixin.py:117} INFO - [2022-09-19T18:48:15.286+0000] {dag.py:2573} INFO - Sync 2 DAGs
[2022-09-19T18:48:15.323+0000] {logging_mixin.py:117} INFO - [2022-09-19T18:48:15.323+0000] {dag.py:3328} INFO - Setting next_dagrun for example_xcom_args to None, run_after=None
[2022-09-19T18:48:15.328+0000] {logging_mixin.py:117} INFO - [2022-09-19T18:48:15.328+0000] {dag.py:3328} INFO - Setting next_dagrun for example_xcom_args_with_operators to None, run_after=None
[2022-09-19T18:48:15.358+0000] {processor.py:178} INFO - Processing /home/airflow/.local/lib/python3.7/site-packages/airflow/example_dags/example_xcomargs.py took 0.167 seconds
[2022-09-19T18:48:45.916+0000] {processor.py:156} INFO - Started process (PID=591) to work on /home/airflow/.local/lib/python3.7/site-packages/airflow/example_dags/example_xcomargs.py
[2022-09-19T18:48:45.917+0000] {processor.py:758} INFO - Processing file /home/airflow/.local/lib/python3.7/site-packages/airflow/example_dags/example_xcomargs.py for tasks to queue
[2022-09-19T18:48:45.917+0000] {logging_mixin.py:117} INFO - [2022-09-19T18:48:45.917+0000] {dagbag.py:525} INFO - Filling up the DagBag from /home/airflow/.local/lib/python3.7/site-packages/airflow/example_dags/example_xcomargs.py
[2022-09-19T18:48:45.941+0000] {processor.py:768} INFO - DAG(s) dict_keys(['example_xcom_args', 'example_xcom_args_with_operators']) retrieved from /home/airflow/.local/lib/python3.7/site-packages/airflow/example_dags/example_xcomargs.py
[2022-09-19T18:48:45.983+0000] {logging_mixin.py:117} INFO - [2022-09-19T18:48:45.983+0000] {dag.py:2573} INFO - Sync 2 DAGs
[2022-09-19T18:48:46.013+0000] {logging_mixin.py:117} INFO - [2022-09-19T18:48:46.013+0000] {dag.py:3328} INFO - Setting next_dagrun for example_xcom_args to None, run_after=None
[2022-09-19T18:48:46.018+0000] {logging_mixin.py:117} INFO - [2022-09-19T18:48:46.017+0000] {dag.py:3328} INFO - Setting next_dagrun for example_xcom_args_with_operators to None, run_after=None
[2022-09-19T18:48:46.044+0000] {processor.py:178} INFO - Processing /home/airflow/.local/lib/python3.7/site-packages/airflow/example_dags/example_xcomargs.py took 0.130 seconds
[2022-09-19T18:49:16.995+0000] {processor.py:156} INFO - Started process (PID=655) to work on /home/airflow/.local/lib/python3.7/site-packages/airflow/example_dags/example_xcomargs.py
[2022-09-19T18:49:16.995+0000] {processor.py:758} INFO - Processing file /home/airflow/.local/lib/python3.7/site-packages/airflow/example_dags/example_xcomargs.py for tasks to queue
[2022-09-19T18:49:16.996+0000] {logging_mixin.py:117} INFO - [2022-09-19T18:49:16.996+0000] {dagbag.py:525} INFO - Filling up the DagBag from /home/airflow/.local/lib/python3.7/site-packages/airflow/example_dags/example_xcomargs.py
[2022-09-19T18:49:17.018+0000] {processor.py:768} INFO - DAG(s) dict_keys(['example_xcom_args_with_operators', 'example_xcom_args']) retrieved from /home/airflow/.local/lib/python3.7/site-packages/airflow/example_dags/example_xcomargs.py
[2022-09-19T18:49:17.056+0000] {logging_mixin.py:117} INFO - [2022-09-19T18:49:17.056+0000] {dag.py:2573} INFO - Sync 2 DAGs
[2022-09-19T18:49:17.079+0000] {logging_mixin.py:117} INFO - [2022-09-19T18:49:17.079+0000] {dag.py:3328} INFO - Setting next_dagrun for example_xcom_args to None, run_after=None
[2022-09-19T18:49:17.083+0000] {logging_mixin.py:117} INFO - [2022-09-19T18:49:17.083+0000] {dag.py:3328} INFO - Setting next_dagrun for example_xcom_args_with_operators to None, run_after=None
[2022-09-19T18:49:17.099+0000] {processor.py:178} INFO - Processing /home/airflow/.local/lib/python3.7/site-packages/airflow/example_dags/example_xcomargs.py took 0.107 seconds
[2022-09-19T18:49:47.232+0000] {processor.py:156} INFO - Started process (PID=718) to work on /home/airflow/.local/lib/python3.7/site-packages/airflow/example_dags/example_xcomargs.py
[2022-09-19T18:49:47.233+0000] {processor.py:758} INFO - Processing file /home/airflow/.local/lib/python3.7/site-packages/airflow/example_dags/example_xcomargs.py for tasks to queue
[2022-09-19T18:49:47.233+0000] {logging_mixin.py:117} INFO - [2022-09-19T18:49:47.233+0000] {dagbag.py:525} INFO - Filling up the DagBag from /home/airflow/.local/lib/python3.7/site-packages/airflow/example_dags/example_xcomargs.py
[2022-09-19T18:49:47.263+0000] {processor.py:768} INFO - DAG(s) dict_keys(['example_xcom_args_with_operators', 'example_xcom_args']) retrieved from /home/airflow/.local/lib/python3.7/site-packages/airflow/example_dags/example_xcomargs.py
[2022-09-19T18:49:47.309+0000] {logging_mixin.py:117} INFO - [2022-09-19T18:49:47.309+0000] {dag.py:2573} INFO - Sync 2 DAGs
[2022-09-19T18:49:47.348+0000] {logging_mixin.py:117} INFO - [2022-09-19T18:49:47.348+0000] {dag.py:3328} INFO - Setting next_dagrun for example_xcom_args to None, run_after=None
[2022-09-19T18:49:47.351+0000] {logging_mixin.py:117} INFO - [2022-09-19T18:49:47.351+0000] {dag.py:3328} INFO - Setting next_dagrun for example_xcom_args_with_operators to None, run_after=None
[2022-09-19T18:49:47.370+0000] {processor.py:178} INFO - Processing /home/airflow/.local/lib/python3.7/site-packages/airflow/example_dags/example_xcomargs.py took 0.142 seconds
[2022-09-19T18:50:17.595+0000] {processor.py:156} INFO - Started process (PID=772) to work on /home/airflow/.local/lib/python3.7/site-packages/airflow/example_dags/example_xcomargs.py
[2022-09-19T18:50:17.596+0000] {processor.py:758} INFO - Processing file /home/airflow/.local/lib/python3.7/site-packages/airflow/example_dags/example_xcomargs.py for tasks to queue
[2022-09-19T18:50:17.596+0000] {logging_mixin.py:117} INFO - [2022-09-19T18:50:17.596+0000] {dagbag.py:525} INFO - Filling up the DagBag from /home/airflow/.local/lib/python3.7/site-packages/airflow/example_dags/example_xcomargs.py
[2022-09-19T18:50:17.618+0000] {processor.py:768} INFO - DAG(s) dict_keys(['example_xcom_args', 'example_xcom_args_with_operators']) retrieved from /home/airflow/.local/lib/python3.7/site-packages/airflow/example_dags/example_xcomargs.py
[2022-09-19T18:50:17.658+0000] {logging_mixin.py:117} INFO - [2022-09-19T18:50:17.658+0000] {dag.py:2573} INFO - Sync 2 DAGs
[2022-09-19T18:50:17.680+0000] {logging_mixin.py:117} INFO - [2022-09-19T18:50:17.680+0000] {dag.py:3328} INFO - Setting next_dagrun for example_xcom_args to None, run_after=None
[2022-09-19T18:50:17.683+0000] {logging_mixin.py:117} INFO - [2022-09-19T18:50:17.683+0000] {dag.py:3328} INFO - Setting next_dagrun for example_xcom_args_with_operators to None, run_after=None
[2022-09-19T18:50:17.701+0000] {processor.py:178} INFO - Processing /home/airflow/.local/lib/python3.7/site-packages/airflow/example_dags/example_xcomargs.py took 0.108 seconds
[2022-09-19T18:50:47.939+0000] {processor.py:156} INFO - Started process (PID=834) to work on /home/airflow/.local/lib/python3.7/site-packages/airflow/example_dags/example_xcomargs.py
[2022-09-19T18:50:47.940+0000] {processor.py:758} INFO - Processing file /home/airflow/.local/lib/python3.7/site-packages/airflow/example_dags/example_xcomargs.py for tasks to queue
[2022-09-19T18:50:47.940+0000] {logging_mixin.py:117} INFO - [2022-09-19T18:50:47.940+0000] {dagbag.py:525} INFO - Filling up the DagBag from /home/airflow/.local/lib/python3.7/site-packages/airflow/example_dags/example_xcomargs.py
[2022-09-19T18:50:47.962+0000] {processor.py:768} INFO - DAG(s) dict_keys(['example_xcom_args_with_operators', 'example_xcom_args']) retrieved from /home/airflow/.local/lib/python3.7/site-packages/airflow/example_dags/example_xcomargs.py
[2022-09-19T18:50:48.002+0000] {logging_mixin.py:117} INFO - [2022-09-19T18:50:48.002+0000] {dag.py:2573} INFO - Sync 2 DAGs
[2022-09-19T18:50:48.027+0000] {logging_mixin.py:117} INFO - [2022-09-19T18:50:48.026+0000] {dag.py:3328} INFO - Setting next_dagrun for example_xcom_args to None, run_after=None
[2022-09-19T18:50:48.031+0000] {logging_mixin.py:117} INFO - [2022-09-19T18:50:48.030+0000] {dag.py:3328} INFO - Setting next_dagrun for example_xcom_args_with_operators to None, run_after=None
[2022-09-19T18:50:48.050+0000] {processor.py:178} INFO - Processing /home/airflow/.local/lib/python3.7/site-packages/airflow/example_dags/example_xcomargs.py took 0.114 seconds
[2022-09-19T18:51:18.924+0000] {processor.py:156} INFO - Started process (PID=896) to work on /home/airflow/.local/lib/python3.7/site-packages/airflow/example_dags/example_xcomargs.py
[2022-09-19T18:51:18.924+0000] {processor.py:758} INFO - Processing file /home/airflow/.local/lib/python3.7/site-packages/airflow/example_dags/example_xcomargs.py for tasks to queue
[2022-09-19T18:51:18.925+0000] {logging_mixin.py:117} INFO - [2022-09-19T18:51:18.925+0000] {dagbag.py:525} INFO - Filling up the DagBag from /home/airflow/.local/lib/python3.7/site-packages/airflow/example_dags/example_xcomargs.py
[2022-09-19T18:51:18.946+0000] {processor.py:768} INFO - DAG(s) dict_keys(['example_xcom_args_with_operators', 'example_xcom_args']) retrieved from /home/airflow/.local/lib/python3.7/site-packages/airflow/example_dags/example_xcomargs.py
[2022-09-19T18:51:18.984+0000] {logging_mixin.py:117} INFO - [2022-09-19T18:51:18.984+0000] {dag.py:2573} INFO - Sync 2 DAGs
[2022-09-19T18:51:19.009+0000] {logging_mixin.py:117} INFO - [2022-09-19T18:51:19.009+0000] {dag.py:3328} INFO - Setting next_dagrun for example_xcom_args to None, run_after=None
[2022-09-19T18:51:19.012+0000] {logging_mixin.py:117} INFO - [2022-09-19T18:51:19.012+0000] {dag.py:3328} INFO - Setting next_dagrun for example_xcom_args_with_operators to None, run_after=None
[2022-09-19T18:51:19.033+0000] {processor.py:178} INFO - Processing /home/airflow/.local/lib/python3.7/site-packages/airflow/example_dags/example_xcomargs.py took 0.111 seconds
[2022-09-19T18:51:49.128+0000] {processor.py:156} INFO - Started process (PID=950) to work on /home/airflow/.local/lib/python3.7/site-packages/airflow/example_dags/example_xcomargs.py
[2022-09-19T18:51:49.129+0000] {processor.py:758} INFO - Processing file /home/airflow/.local/lib/python3.7/site-packages/airflow/example_dags/example_xcomargs.py for tasks to queue
[2022-09-19T18:51:49.129+0000] {logging_mixin.py:117} INFO - [2022-09-19T18:51:49.129+0000] {dagbag.py:525} INFO - Filling up the DagBag from /home/airflow/.local/lib/python3.7/site-packages/airflow/example_dags/example_xcomargs.py
[2022-09-19T18:51:49.153+0000] {processor.py:768} INFO - DAG(s) dict_keys(['example_xcom_args', 'example_xcom_args_with_operators']) retrieved from /home/airflow/.local/lib/python3.7/site-packages/airflow/example_dags/example_xcomargs.py
[2022-09-19T18:51:49.195+0000] {logging_mixin.py:117} INFO - [2022-09-19T18:51:49.194+0000] {dag.py:2573} INFO - Sync 2 DAGs
[2022-09-19T18:51:49.222+0000] {logging_mixin.py:117} INFO - [2022-09-19T18:51:49.222+0000] {dag.py:3328} INFO - Setting next_dagrun for example_xcom_args to None, run_after=None
[2022-09-19T18:51:49.227+0000] {logging_mixin.py:117} INFO - [2022-09-19T18:51:49.227+0000] {dag.py:3328} INFO - Setting next_dagrun for example_xcom_args_with_operators to None, run_after=None
[2022-09-19T18:51:49.249+0000] {processor.py:178} INFO - Processing /home/airflow/.local/lib/python3.7/site-packages/airflow/example_dags/example_xcomargs.py took 0.123 seconds
[2022-09-19T18:52:19.341+0000] {processor.py:156} INFO - Started process (PID=1012) to work on /home/airflow/.local/lib/python3.7/site-packages/airflow/example_dags/example_xcomargs.py
[2022-09-19T18:52:19.341+0000] {processor.py:758} INFO - Processing file /home/airflow/.local/lib/python3.7/site-packages/airflow/example_dags/example_xcomargs.py for tasks to queue
[2022-09-19T18:52:19.342+0000] {logging_mixin.py:117} INFO - [2022-09-19T18:52:19.342+0000] {dagbag.py:525} INFO - Filling up the DagBag from /home/airflow/.local/lib/python3.7/site-packages/airflow/example_dags/example_xcomargs.py
[2022-09-19T18:52:19.368+0000] {processor.py:768} INFO - DAG(s) dict_keys(['example_xcom_args_with_operators', 'example_xcom_args']) retrieved from /home/airflow/.local/lib/python3.7/site-packages/airflow/example_dags/example_xcomargs.py
[2022-09-19T18:52:19.416+0000] {logging_mixin.py:117} INFO - [2022-09-19T18:52:19.416+0000] {dag.py:2573} INFO - Sync 2 DAGs
[2022-09-19T18:52:19.448+0000] {logging_mixin.py:117} INFO - [2022-09-19T18:52:19.448+0000] {dag.py:3328} INFO - Setting next_dagrun for example_xcom_args to None, run_after=None
[2022-09-19T18:52:19.455+0000] {logging_mixin.py:117} INFO - [2022-09-19T18:52:19.455+0000] {dag.py:3328} INFO - Setting next_dagrun for example_xcom_args_with_operators to None, run_after=None
[2022-09-19T18:52:19.480+0000] {processor.py:178} INFO - Processing /home/airflow/.local/lib/python3.7/site-packages/airflow/example_dags/example_xcomargs.py took 0.142 seconds
[2022-09-19T18:52:49.593+0000] {processor.py:156} INFO - Started process (PID=1071) to work on /home/airflow/.local/lib/python3.7/site-packages/airflow/example_dags/example_xcomargs.py
[2022-09-19T18:52:49.594+0000] {processor.py:758} INFO - Processing file /home/airflow/.local/lib/python3.7/site-packages/airflow/example_dags/example_xcomargs.py for tasks to queue
[2022-09-19T18:52:49.594+0000] {logging_mixin.py:117} INFO - [2022-09-19T18:52:49.594+0000] {dagbag.py:525} INFO - Filling up the DagBag from /home/airflow/.local/lib/python3.7/site-packages/airflow/example_dags/example_xcomargs.py
[2022-09-19T18:52:49.627+0000] {processor.py:768} INFO - DAG(s) dict_keys(['example_xcom_args', 'example_xcom_args_with_operators']) retrieved from /home/airflow/.local/lib/python3.7/site-packages/airflow/example_dags/example_xcomargs.py
[2022-09-19T18:52:49.688+0000] {logging_mixin.py:117} INFO - [2022-09-19T18:52:49.688+0000] {dag.py:2573} INFO - Sync 2 DAGs
[2022-09-19T18:52:49.724+0000] {logging_mixin.py:117} INFO - [2022-09-19T18:52:49.724+0000] {dag.py:3328} INFO - Setting next_dagrun for example_xcom_args to None, run_after=None
[2022-09-19T18:52:49.729+0000] {logging_mixin.py:117} INFO - [2022-09-19T18:52:49.728+0000] {dag.py:3328} INFO - Setting next_dagrun for example_xcom_args_with_operators to None, run_after=None
[2022-09-19T18:52:49.757+0000] {processor.py:178} INFO - Processing /home/airflow/.local/lib/python3.7/site-packages/airflow/example_dags/example_xcomargs.py took 0.166 seconds
[2022-09-19T18:53:19.797+0000] {processor.py:156} INFO - Started process (PID=1127) to work on /home/airflow/.local/lib/python3.7/site-packages/airflow/example_dags/example_xcomargs.py
[2022-09-19T18:53:19.797+0000] {processor.py:758} INFO - Processing file /home/airflow/.local/lib/python3.7/site-packages/airflow/example_dags/example_xcomargs.py for tasks to queue
[2022-09-19T18:53:19.798+0000] {logging_mixin.py:117} INFO - [2022-09-19T18:53:19.797+0000] {dagbag.py:525} INFO - Filling up the DagBag from /home/airflow/.local/lib/python3.7/site-packages/airflow/example_dags/example_xcomargs.py
[2022-09-19T18:53:19.823+0000] {processor.py:768} INFO - DAG(s) dict_keys(['example_xcom_args_with_operators', 'example_xcom_args']) retrieved from /home/airflow/.local/lib/python3.7/site-packages/airflow/example_dags/example_xcomargs.py
[2022-09-19T18:53:19.865+0000] {logging_mixin.py:117} INFO - [2022-09-19T18:53:19.865+0000] {dag.py:2573} INFO - Sync 2 DAGs
[2022-09-19T18:53:19.892+0000] {logging_mixin.py:117} INFO - [2022-09-19T18:53:19.892+0000] {dag.py:3328} INFO - Setting next_dagrun for example_xcom_args to None, run_after=None
[2022-09-19T18:53:19.898+0000] {logging_mixin.py:117} INFO - [2022-09-19T18:53:19.897+0000] {dag.py:3328} INFO - Setting next_dagrun for example_xcom_args_with_operators to None, run_after=None
[2022-09-19T18:53:19.918+0000] {processor.py:178} INFO - Processing /home/airflow/.local/lib/python3.7/site-packages/airflow/example_dags/example_xcomargs.py took 0.124 seconds
[2022-09-19T18:53:50.739+0000] {processor.py:156} INFO - Started process (PID=1188) to work on /home/airflow/.local/lib/python3.7/site-packages/airflow/example_dags/example_xcomargs.py
[2022-09-19T18:53:50.740+0000] {processor.py:758} INFO - Processing file /home/airflow/.local/lib/python3.7/site-packages/airflow/example_dags/example_xcomargs.py for tasks to queue
[2022-09-19T18:53:50.740+0000] {logging_mixin.py:117} INFO - [2022-09-19T18:53:50.740+0000] {dagbag.py:525} INFO - Filling up the DagBag from /home/airflow/.local/lib/python3.7/site-packages/airflow/example_dags/example_xcomargs.py
[2022-09-19T18:53:50.763+0000] {processor.py:768} INFO - DAG(s) dict_keys(['example_xcom_args', 'example_xcom_args_with_operators']) retrieved from /home/airflow/.local/lib/python3.7/site-packages/airflow/example_dags/example_xcomargs.py
[2022-09-19T18:53:50.803+0000] {logging_mixin.py:117} INFO - [2022-09-19T18:53:50.803+0000] {dag.py:2573} INFO - Sync 2 DAGs
[2022-09-19T18:53:50.830+0000] {logging_mixin.py:117} INFO - [2022-09-19T18:53:50.830+0000] {dag.py:3328} INFO - Setting next_dagrun for example_xcom_args to None, run_after=None
[2022-09-19T18:53:50.834+0000] {logging_mixin.py:117} INFO - [2022-09-19T18:53:50.834+0000] {dag.py:3328} INFO - Setting next_dagrun for example_xcom_args_with_operators to None, run_after=None
[2022-09-19T18:53:50.853+0000] {processor.py:178} INFO - Processing /home/airflow/.local/lib/python3.7/site-packages/airflow/example_dags/example_xcomargs.py took 0.117 seconds
[2022-09-19T18:54:21.043+0000] {processor.py:156} INFO - Started process (PID=1242) to work on /home/airflow/.local/lib/python3.7/site-packages/airflow/example_dags/example_xcomargs.py
[2022-09-19T18:54:21.043+0000] {processor.py:758} INFO - Processing file /home/airflow/.local/lib/python3.7/site-packages/airflow/example_dags/example_xcomargs.py for tasks to queue
[2022-09-19T18:54:21.044+0000] {logging_mixin.py:117} INFO - [2022-09-19T18:54:21.044+0000] {dagbag.py:525} INFO - Filling up the DagBag from /home/airflow/.local/lib/python3.7/site-packages/airflow/example_dags/example_xcomargs.py
[2022-09-19T18:54:21.070+0000] {processor.py:768} INFO - DAG(s) dict_keys(['example_xcom_args', 'example_xcom_args_with_operators']) retrieved from /home/airflow/.local/lib/python3.7/site-packages/airflow/example_dags/example_xcomargs.py
[2022-09-19T18:54:21.121+0000] {logging_mixin.py:117} INFO - [2022-09-19T18:54:21.121+0000] {dag.py:2573} INFO - Sync 2 DAGs
[2022-09-19T18:54:21.151+0000] {logging_mixin.py:117} INFO - [2022-09-19T18:54:21.150+0000] {dag.py:3328} INFO - Setting next_dagrun for example_xcom_args to None, run_after=None
[2022-09-19T18:54:21.155+0000] {logging_mixin.py:117} INFO - [2022-09-19T18:54:21.155+0000] {dag.py:3328} INFO - Setting next_dagrun for example_xcom_args_with_operators to None, run_after=None
[2022-09-19T18:54:21.177+0000] {processor.py:178} INFO - Processing /home/airflow/.local/lib/python3.7/site-packages/airflow/example_dags/example_xcomargs.py took 0.137 seconds
[2022-09-19T18:54:51.280+0000] {processor.py:156} INFO - Started process (PID=1306) to work on /home/airflow/.local/lib/python3.7/site-packages/airflow/example_dags/example_xcomargs.py
[2022-09-19T18:54:51.281+0000] {processor.py:758} INFO - Processing file /home/airflow/.local/lib/python3.7/site-packages/airflow/example_dags/example_xcomargs.py for tasks to queue
[2022-09-19T18:54:51.281+0000] {logging_mixin.py:117} INFO - [2022-09-19T18:54:51.281+0000] {dagbag.py:525} INFO - Filling up the DagBag from /home/airflow/.local/lib/python3.7/site-packages/airflow/example_dags/example_xcomargs.py
[2022-09-19T18:54:51.303+0000] {processor.py:768} INFO - DAG(s) dict_keys(['example_xcom_args', 'example_xcom_args_with_operators']) retrieved from /home/airflow/.local/lib/python3.7/site-packages/airflow/example_dags/example_xcomargs.py
[2022-09-19T18:54:51.345+0000] {logging_mixin.py:117} INFO - [2022-09-19T18:54:51.345+0000] {dag.py:2573} INFO - Sync 2 DAGs
[2022-09-19T18:54:51.368+0000] {logging_mixin.py:117} INFO - [2022-09-19T18:54:51.368+0000] {dag.py:3328} INFO - Setting next_dagrun for example_xcom_args to None, run_after=None
[2022-09-19T18:54:51.371+0000] {logging_mixin.py:117} INFO - [2022-09-19T18:54:51.371+0000] {dag.py:3328} INFO - Setting next_dagrun for example_xcom_args_with_operators to None, run_after=None
[2022-09-19T18:54:51.390+0000] {processor.py:178} INFO - Processing /home/airflow/.local/lib/python3.7/site-packages/airflow/example_dags/example_xcomargs.py took 0.112 seconds
[2022-09-19T18:55:22.305+0000] {processor.py:156} INFO - Started process (PID=1368) to work on /home/airflow/.local/lib/python3.7/site-packages/airflow/example_dags/example_xcomargs.py
[2022-09-19T18:55:22.306+0000] {processor.py:758} INFO - Processing file /home/airflow/.local/lib/python3.7/site-packages/airflow/example_dags/example_xcomargs.py for tasks to queue
[2022-09-19T18:55:22.306+0000] {logging_mixin.py:117} INFO - [2022-09-19T18:55:22.306+0000] {dagbag.py:525} INFO - Filling up the DagBag from /home/airflow/.local/lib/python3.7/site-packages/airflow/example_dags/example_xcomargs.py
[2022-09-19T18:55:22.331+0000] {processor.py:768} INFO - DAG(s) dict_keys(['example_xcom_args', 'example_xcom_args_with_operators']) retrieved from /home/airflow/.local/lib/python3.7/site-packages/airflow/example_dags/example_xcomargs.py
[2022-09-19T18:55:22.372+0000] {logging_mixin.py:117} INFO - [2022-09-19T18:55:22.372+0000] {dag.py:2573} INFO - Sync 2 DAGs
[2022-09-19T18:55:22.403+0000] {logging_mixin.py:117} INFO - [2022-09-19T18:55:22.403+0000] {dag.py:3328} INFO - Setting next_dagrun for example_xcom_args to None, run_after=None
[2022-09-19T18:55:22.409+0000] {logging_mixin.py:117} INFO - [2022-09-19T18:55:22.409+0000] {dag.py:3328} INFO - Setting next_dagrun for example_xcom_args_with_operators to None, run_after=None
[2022-09-19T18:55:22.429+0000] {processor.py:178} INFO - Processing /home/airflow/.local/lib/python3.7/site-packages/airflow/example_dags/example_xcomargs.py took 0.126 seconds
[2022-09-19T18:55:52.495+0000] {processor.py:156} INFO - Started process (PID=1422) to work on /home/airflow/.local/lib/python3.7/site-packages/airflow/example_dags/example_xcomargs.py
[2022-09-19T18:55:52.496+0000] {processor.py:758} INFO - Processing file /home/airflow/.local/lib/python3.7/site-packages/airflow/example_dags/example_xcomargs.py for tasks to queue
[2022-09-19T18:55:52.497+0000] {logging_mixin.py:117} INFO - [2022-09-19T18:55:52.497+0000] {dagbag.py:525} INFO - Filling up the DagBag from /home/airflow/.local/lib/python3.7/site-packages/airflow/example_dags/example_xcomargs.py
[2022-09-19T18:55:52.524+0000] {processor.py:768} INFO - DAG(s) dict_keys(['example_xcom_args', 'example_xcom_args_with_operators']) retrieved from /home/airflow/.local/lib/python3.7/site-packages/airflow/example_dags/example_xcomargs.py
[2022-09-19T18:55:52.569+0000] {logging_mixin.py:117} INFO - [2022-09-19T18:55:52.569+0000] {dag.py:2573} INFO - Sync 2 DAGs
[2022-09-19T18:55:52.598+0000] {logging_mixin.py:117} INFO - [2022-09-19T18:55:52.598+0000] {dag.py:3328} INFO - Setting next_dagrun for example_xcom_args to None, run_after=None
[2022-09-19T18:55:52.602+0000] {logging_mixin.py:117} INFO - [2022-09-19T18:55:52.602+0000] {dag.py:3328} INFO - Setting next_dagrun for example_xcom_args_with_operators to None, run_after=None
[2022-09-19T18:55:52.622+0000] {processor.py:178} INFO - Processing /home/airflow/.local/lib/python3.7/site-packages/airflow/example_dags/example_xcomargs.py took 0.131 seconds
[2022-09-19T18:56:22.648+0000] {processor.py:156} INFO - Started process (PID=1484) to work on /home/airflow/.local/lib/python3.7/site-packages/airflow/example_dags/example_xcomargs.py
[2022-09-19T18:56:22.649+0000] {processor.py:758} INFO - Processing file /home/airflow/.local/lib/python3.7/site-packages/airflow/example_dags/example_xcomargs.py for tasks to queue
[2022-09-19T18:56:22.649+0000] {logging_mixin.py:117} INFO - [2022-09-19T18:56:22.649+0000] {dagbag.py:525} INFO - Filling up the DagBag from /home/airflow/.local/lib/python3.7/site-packages/airflow/example_dags/example_xcomargs.py
[2022-09-19T18:56:22.671+0000] {processor.py:768} INFO - DAG(s) dict_keys(['example_xcom_args', 'example_xcom_args_with_operators']) retrieved from /home/airflow/.local/lib/python3.7/site-packages/airflow/example_dags/example_xcomargs.py
[2022-09-19T18:56:22.710+0000] {logging_mixin.py:117} INFO - [2022-09-19T18:56:22.710+0000] {dag.py:2573} INFO - Sync 2 DAGs
[2022-09-19T18:56:22.734+0000] {logging_mixin.py:117} INFO - [2022-09-19T18:56:22.734+0000] {dag.py:3328} INFO - Setting next_dagrun for example_xcom_args to None, run_after=None
[2022-09-19T18:56:22.737+0000] {logging_mixin.py:117} INFO - [2022-09-19T18:56:22.737+0000] {dag.py:3328} INFO - Setting next_dagrun for example_xcom_args_with_operators to None, run_after=None
[2022-09-19T18:56:22.755+0000] {processor.py:178} INFO - Processing /home/airflow/.local/lib/python3.7/site-packages/airflow/example_dags/example_xcomargs.py took 0.109 seconds
[2022-09-19T18:56:53.362+0000] {processor.py:156} INFO - Started process (PID=1546) to work on /home/airflow/.local/lib/python3.7/site-packages/airflow/example_dags/example_xcomargs.py
[2022-09-19T18:56:53.363+0000] {processor.py:758} INFO - Processing file /home/airflow/.local/lib/python3.7/site-packages/airflow/example_dags/example_xcomargs.py for tasks to queue
[2022-09-19T18:56:53.364+0000] {logging_mixin.py:117} INFO - [2022-09-19T18:56:53.363+0000] {dagbag.py:525} INFO - Filling up the DagBag from /home/airflow/.local/lib/python3.7/site-packages/airflow/example_dags/example_xcomargs.py
[2022-09-19T18:56:53.392+0000] {processor.py:768} INFO - DAG(s) dict_keys(['example_xcom_args', 'example_xcom_args_with_operators']) retrieved from /home/airflow/.local/lib/python3.7/site-packages/airflow/example_dags/example_xcomargs.py
[2022-09-19T18:56:53.484+0000] {logging_mixin.py:117} INFO - [2022-09-19T18:56:53.484+0000] {dag.py:2573} INFO - Sync 2 DAGs
[2022-09-19T18:56:53.527+0000] {logging_mixin.py:117} INFO - [2022-09-19T18:56:53.527+0000] {dag.py:3328} INFO - Setting next_dagrun for example_xcom_args to None, run_after=None
[2022-09-19T18:56:53.532+0000] {logging_mixin.py:117} INFO - [2022-09-19T18:56:53.531+0000] {dag.py:3328} INFO - Setting next_dagrun for example_xcom_args_with_operators to None, run_after=None
[2022-09-19T18:56:53.552+0000] {processor.py:178} INFO - Processing /home/airflow/.local/lib/python3.7/site-packages/airflow/example_dags/example_xcomargs.py took 0.192 seconds
[2022-09-19T18:57:24.338+0000] {processor.py:156} INFO - Started process (PID=1600) to work on /home/airflow/.local/lib/python3.7/site-packages/airflow/example_dags/example_xcomargs.py
[2022-09-19T18:57:24.339+0000] {processor.py:758} INFO - Processing file /home/airflow/.local/lib/python3.7/site-packages/airflow/example_dags/example_xcomargs.py for tasks to queue
[2022-09-19T18:57:24.339+0000] {logging_mixin.py:117} INFO - [2022-09-19T18:57:24.339+0000] {dagbag.py:525} INFO - Filling up the DagBag from /home/airflow/.local/lib/python3.7/site-packages/airflow/example_dags/example_xcomargs.py
[2022-09-19T18:57:24.363+0000] {processor.py:768} INFO - DAG(s) dict_keys(['example_xcom_args_with_operators', 'example_xcom_args']) retrieved from /home/airflow/.local/lib/python3.7/site-packages/airflow/example_dags/example_xcomargs.py
[2022-09-19T18:57:24.441+0000] {logging_mixin.py:117} INFO - [2022-09-19T18:57:24.441+0000] {dag.py:2573} INFO - Sync 2 DAGs
[2022-09-19T18:57:24.483+0000] {logging_mixin.py:117} INFO - [2022-09-19T18:57:24.483+0000] {dag.py:3328} INFO - Setting next_dagrun for example_xcom_args to None, run_after=None
[2022-09-19T18:57:24.489+0000] {logging_mixin.py:117} INFO - [2022-09-19T18:57:24.489+0000] {dag.py:3328} INFO - Setting next_dagrun for example_xcom_args_with_operators to None, run_after=None
[2022-09-19T18:57:24.517+0000] {processor.py:178} INFO - Processing /home/airflow/.local/lib/python3.7/site-packages/airflow/example_dags/example_xcomargs.py took 0.181 seconds
[2022-09-19T18:57:54.577+0000] {processor.py:156} INFO - Started process (PID=1662) to work on /home/airflow/.local/lib/python3.7/site-packages/airflow/example_dags/example_xcomargs.py
[2022-09-19T18:57:54.577+0000] {processor.py:758} INFO - Processing file /home/airflow/.local/lib/python3.7/site-packages/airflow/example_dags/example_xcomargs.py for tasks to queue
[2022-09-19T18:57:54.578+0000] {logging_mixin.py:117} INFO - [2022-09-19T18:57:54.578+0000] {dagbag.py:525} INFO - Filling up the DagBag from /home/airflow/.local/lib/python3.7/site-packages/airflow/example_dags/example_xcomargs.py
[2022-09-19T18:57:54.603+0000] {processor.py:768} INFO - DAG(s) dict_keys(['example_xcom_args_with_operators', 'example_xcom_args']) retrieved from /home/airflow/.local/lib/python3.7/site-packages/airflow/example_dags/example_xcomargs.py
[2022-09-19T18:57:54.652+0000] {logging_mixin.py:117} INFO - [2022-09-19T18:57:54.652+0000] {dag.py:2573} INFO - Sync 2 DAGs
[2022-09-19T18:57:54.691+0000] {logging_mixin.py:117} INFO - [2022-09-19T18:57:54.691+0000] {dag.py:3328} INFO - Setting next_dagrun for example_xcom_args to None, run_after=None
[2022-09-19T18:57:54.696+0000] {logging_mixin.py:117} INFO - [2022-09-19T18:57:54.696+0000] {dag.py:3328} INFO - Setting next_dagrun for example_xcom_args_with_operators to None, run_after=None
[2022-09-19T18:57:54.719+0000] {processor.py:178} INFO - Processing /home/airflow/.local/lib/python3.7/site-packages/airflow/example_dags/example_xcomargs.py took 0.145 seconds
[2022-09-19T18:58:24.815+0000] {processor.py:156} INFO - Started process (PID=1716) to work on /home/airflow/.local/lib/python3.7/site-packages/airflow/example_dags/example_xcomargs.py
[2022-09-19T18:58:24.816+0000] {processor.py:758} INFO - Processing file /home/airflow/.local/lib/python3.7/site-packages/airflow/example_dags/example_xcomargs.py for tasks to queue
[2022-09-19T18:58:24.816+0000] {logging_mixin.py:117} INFO - [2022-09-19T18:58:24.816+0000] {dagbag.py:525} INFO - Filling up the DagBag from /home/airflow/.local/lib/python3.7/site-packages/airflow/example_dags/example_xcomargs.py
[2022-09-19T18:58:24.840+0000] {processor.py:768} INFO - DAG(s) dict_keys(['example_xcom_args_with_operators', 'example_xcom_args']) retrieved from /home/airflow/.local/lib/python3.7/site-packages/airflow/example_dags/example_xcomargs.py
[2022-09-19T18:58:24.890+0000] {logging_mixin.py:117} INFO - [2022-09-19T18:58:24.890+0000] {dag.py:2573} INFO - Sync 2 DAGs
[2022-09-19T18:58:24.916+0000] {logging_mixin.py:117} INFO - [2022-09-19T18:58:24.916+0000] {dag.py:3328} INFO - Setting next_dagrun for example_xcom_args to None, run_after=None
[2022-09-19T18:58:24.920+0000] {logging_mixin.py:117} INFO - [2022-09-19T18:58:24.920+0000] {dag.py:3328} INFO - Setting next_dagrun for example_xcom_args_with_operators to None, run_after=None
[2022-09-19T18:58:24.938+0000] {processor.py:178} INFO - Processing /home/airflow/.local/lib/python3.7/site-packages/airflow/example_dags/example_xcomargs.py took 0.126 seconds
[2022-09-19T18:58:55.162+0000] {processor.py:156} INFO - Started process (PID=1779) to work on /home/airflow/.local/lib/python3.7/site-packages/airflow/example_dags/example_xcomargs.py
[2022-09-19T18:58:55.163+0000] {processor.py:758} INFO - Processing file /home/airflow/.local/lib/python3.7/site-packages/airflow/example_dags/example_xcomargs.py for tasks to queue
[2022-09-19T18:58:55.163+0000] {logging_mixin.py:117} INFO - [2022-09-19T18:58:55.163+0000] {dagbag.py:525} INFO - Filling up the DagBag from /home/airflow/.local/lib/python3.7/site-packages/airflow/example_dags/example_xcomargs.py
[2022-09-19T18:58:55.186+0000] {processor.py:768} INFO - DAG(s) dict_keys(['example_xcom_args_with_operators', 'example_xcom_args']) retrieved from /home/airflow/.local/lib/python3.7/site-packages/airflow/example_dags/example_xcomargs.py
[2022-09-19T18:58:55.224+0000] {logging_mixin.py:117} INFO - [2022-09-19T18:58:55.224+0000] {dag.py:2573} INFO - Sync 2 DAGs
[2022-09-19T18:58:55.247+0000] {logging_mixin.py:117} INFO - [2022-09-19T18:58:55.246+0000] {dag.py:3328} INFO - Setting next_dagrun for example_xcom_args to None, run_after=None
[2022-09-19T18:58:55.251+0000] {logging_mixin.py:117} INFO - [2022-09-19T18:58:55.251+0000] {dag.py:3328} INFO - Setting next_dagrun for example_xcom_args_with_operators to None, run_after=None
[2022-09-19T18:58:55.270+0000] {processor.py:178} INFO - Processing /home/airflow/.local/lib/python3.7/site-packages/airflow/example_dags/example_xcomargs.py took 0.110 seconds
[2022-09-19T18:59:25.658+0000] {processor.py:156} INFO - Started process (PID=1842) to work on /home/airflow/.local/lib/python3.7/site-packages/airflow/example_dags/example_xcomargs.py
[2022-09-19T18:59:25.659+0000] {processor.py:758} INFO - Processing file /home/airflow/.local/lib/python3.7/site-packages/airflow/example_dags/example_xcomargs.py for tasks to queue
[2022-09-19T18:59:25.660+0000] {logging_mixin.py:117} INFO - [2022-09-19T18:59:25.659+0000] {dagbag.py:525} INFO - Filling up the DagBag from /home/airflow/.local/lib/python3.7/site-packages/airflow/example_dags/example_xcomargs.py
[2022-09-19T18:59:25.683+0000] {processor.py:768} INFO - DAG(s) dict_keys(['example_xcom_args', 'example_xcom_args_with_operators']) retrieved from /home/airflow/.local/lib/python3.7/site-packages/airflow/example_dags/example_xcomargs.py
[2022-09-19T18:59:25.723+0000] {logging_mixin.py:117} INFO - [2022-09-19T18:59:25.723+0000] {dag.py:2573} INFO - Sync 2 DAGs
[2022-09-19T18:59:25.750+0000] {logging_mixin.py:117} INFO - [2022-09-19T18:59:25.750+0000] {dag.py:3328} INFO - Setting next_dagrun for example_xcom_args to None, run_after=None
[2022-09-19T18:59:25.756+0000] {logging_mixin.py:117} INFO - [2022-09-19T18:59:25.756+0000] {dag.py:3328} INFO - Setting next_dagrun for example_xcom_args_with_operators to None, run_after=None
[2022-09-19T18:59:25.776+0000] {processor.py:178} INFO - Processing /home/airflow/.local/lib/python3.7/site-packages/airflow/example_dags/example_xcomargs.py took 0.120 seconds
[2022-09-19T18:59:56.388+0000] {processor.py:156} INFO - Started process (PID=1895) to work on /home/airflow/.local/lib/python3.7/site-packages/airflow/example_dags/example_xcomargs.py
[2022-09-19T18:59:56.389+0000] {processor.py:758} INFO - Processing file /home/airflow/.local/lib/python3.7/site-packages/airflow/example_dags/example_xcomargs.py for tasks to queue
[2022-09-19T18:59:56.389+0000] {logging_mixin.py:117} INFO - [2022-09-19T18:59:56.389+0000] {dagbag.py:525} INFO - Filling up the DagBag from /home/airflow/.local/lib/python3.7/site-packages/airflow/example_dags/example_xcomargs.py
[2022-09-19T18:59:56.424+0000] {processor.py:768} INFO - DAG(s) dict_keys(['example_xcom_args_with_operators', 'example_xcom_args']) retrieved from /home/airflow/.local/lib/python3.7/site-packages/airflow/example_dags/example_xcomargs.py
[2022-09-19T18:59:56.465+0000] {logging_mixin.py:117} INFO - [2022-09-19T18:59:56.465+0000] {dag.py:2573} INFO - Sync 2 DAGs
[2022-09-19T18:59:56.489+0000] {logging_mixin.py:117} INFO - [2022-09-19T18:59:56.489+0000] {dag.py:3328} INFO - Setting next_dagrun for example_xcom_args to None, run_after=None
[2022-09-19T18:59:56.492+0000] {logging_mixin.py:117} INFO - [2022-09-19T18:59:56.492+0000] {dag.py:3328} INFO - Setting next_dagrun for example_xcom_args_with_operators to None, run_after=None
[2022-09-19T18:59:56.512+0000] {processor.py:178} INFO - Processing /home/airflow/.local/lib/python3.7/site-packages/airflow/example_dags/example_xcomargs.py took 0.127 seconds
[2022-09-19T19:00:26.609+0000] {processor.py:156} INFO - Started process (PID=1958) to work on /home/airflow/.local/lib/python3.7/site-packages/airflow/example_dags/example_xcomargs.py
[2022-09-19T19:00:26.609+0000] {processor.py:758} INFO - Processing file /home/airflow/.local/lib/python3.7/site-packages/airflow/example_dags/example_xcomargs.py for tasks to queue
[2022-09-19T19:00:26.610+0000] {logging_mixin.py:117} INFO - [2022-09-19T19:00:26.610+0000] {dagbag.py:525} INFO - Filling up the DagBag from /home/airflow/.local/lib/python3.7/site-packages/airflow/example_dags/example_xcomargs.py
[2022-09-19T19:00:26.635+0000] {processor.py:768} INFO - DAG(s) dict_keys(['example_xcom_args', 'example_xcom_args_with_operators']) retrieved from /home/airflow/.local/lib/python3.7/site-packages/airflow/example_dags/example_xcomargs.py
[2022-09-19T19:00:26.687+0000] {logging_mixin.py:117} INFO - [2022-09-19T19:00:26.687+0000] {dag.py:2573} INFO - Sync 2 DAGs
[2022-09-19T19:00:26.726+0000] {logging_mixin.py:117} INFO - [2022-09-19T19:00:26.726+0000] {dag.py:3328} INFO - Setting next_dagrun for example_xcom_args to None, run_after=None
[2022-09-19T19:00:26.732+0000] {logging_mixin.py:117} INFO - [2022-09-19T19:00:26.732+0000] {dag.py:3328} INFO - Setting next_dagrun for example_xcom_args_with_operators to None, run_after=None
[2022-09-19T19:00:26.757+0000] {processor.py:178} INFO - Processing /home/airflow/.local/lib/python3.7/site-packages/airflow/example_dags/example_xcomargs.py took 0.151 seconds
[2022-09-19T19:00:56.865+0000] {processor.py:156} INFO - Started process (PID=2020) to work on /home/airflow/.local/lib/python3.7/site-packages/airflow/example_dags/example_xcomargs.py
[2022-09-19T19:00:56.865+0000] {processor.py:758} INFO - Processing file /home/airflow/.local/lib/python3.7/site-packages/airflow/example_dags/example_xcomargs.py for tasks to queue
[2022-09-19T19:00:56.866+0000] {logging_mixin.py:117} INFO - [2022-09-19T19:00:56.866+0000] {dagbag.py:525} INFO - Filling up the DagBag from /home/airflow/.local/lib/python3.7/site-packages/airflow/example_dags/example_xcomargs.py
[2022-09-19T19:00:56.893+0000] {processor.py:768} INFO - DAG(s) dict_keys(['example_xcom_args_with_operators', 'example_xcom_args']) retrieved from /home/airflow/.local/lib/python3.7/site-packages/airflow/example_dags/example_xcomargs.py
[2022-09-19T19:00:56.943+0000] {logging_mixin.py:117} INFO - [2022-09-19T19:00:56.943+0000] {dag.py:2573} INFO - Sync 2 DAGs
[2022-09-19T19:00:56.975+0000] {logging_mixin.py:117} INFO - [2022-09-19T19:00:56.975+0000] {dag.py:3328} INFO - Setting next_dagrun for example_xcom_args to None, run_after=None
[2022-09-19T19:00:56.979+0000] {logging_mixin.py:117} INFO - [2022-09-19T19:00:56.978+0000] {dag.py:3328} INFO - Setting next_dagrun for example_xcom_args_with_operators to None, run_after=None
[2022-09-19T19:00:56.999+0000] {processor.py:178} INFO - Processing /home/airflow/.local/lib/python3.7/site-packages/airflow/example_dags/example_xcomargs.py took 0.137 seconds
[2022-09-19T19:01:27.427+0000] {processor.py:156} INFO - Started process (PID=2074) to work on /home/airflow/.local/lib/python3.7/site-packages/airflow/example_dags/example_xcomargs.py
[2022-09-19T19:01:27.427+0000] {processor.py:758} INFO - Processing file /home/airflow/.local/lib/python3.7/site-packages/airflow/example_dags/example_xcomargs.py for tasks to queue
[2022-09-19T19:01:27.428+0000] {logging_mixin.py:117} INFO - [2022-09-19T19:01:27.428+0000] {dagbag.py:525} INFO - Filling up the DagBag from /home/airflow/.local/lib/python3.7/site-packages/airflow/example_dags/example_xcomargs.py
[2022-09-19T19:01:27.453+0000] {processor.py:768} INFO - DAG(s) dict_keys(['example_xcom_args_with_operators', 'example_xcom_args']) retrieved from /home/airflow/.local/lib/python3.7/site-packages/airflow/example_dags/example_xcomargs.py
[2022-09-19T19:01:27.499+0000] {logging_mixin.py:117} INFO - [2022-09-19T19:01:27.499+0000] {dag.py:2573} INFO - Sync 2 DAGs
[2022-09-19T19:01:27.522+0000] {logging_mixin.py:117} INFO - [2022-09-19T19:01:27.522+0000] {dag.py:3328} INFO - Setting next_dagrun for example_xcom_args to None, run_after=None
[2022-09-19T19:01:27.527+0000] {logging_mixin.py:117} INFO - [2022-09-19T19:01:27.527+0000] {dag.py:3328} INFO - Setting next_dagrun for example_xcom_args_with_operators to None, run_after=None
[2022-09-19T19:01:27.548+0000] {processor.py:178} INFO - Processing /home/airflow/.local/lib/python3.7/site-packages/airflow/example_dags/example_xcomargs.py took 0.124 seconds
[2022-09-19T19:01:57.897+0000] {processor.py:156} INFO - Started process (PID=2135) to work on /home/airflow/.local/lib/python3.7/site-packages/airflow/example_dags/example_xcomargs.py
[2022-09-19T19:01:57.898+0000] {processor.py:758} INFO - Processing file /home/airflow/.local/lib/python3.7/site-packages/airflow/example_dags/example_xcomargs.py for tasks to queue
[2022-09-19T19:01:57.898+0000] {logging_mixin.py:117} INFO - [2022-09-19T19:01:57.898+0000] {dagbag.py:525} INFO - Filling up the DagBag from /home/airflow/.local/lib/python3.7/site-packages/airflow/example_dags/example_xcomargs.py
[2022-09-19T19:01:57.922+0000] {processor.py:768} INFO - DAG(s) dict_keys(['example_xcom_args_with_operators', 'example_xcom_args']) retrieved from /home/airflow/.local/lib/python3.7/site-packages/airflow/example_dags/example_xcomargs.py
[2022-09-19T19:01:57.961+0000] {logging_mixin.py:117} INFO - [2022-09-19T19:01:57.961+0000] {dag.py:2573} INFO - Sync 2 DAGs
[2022-09-19T19:01:57.986+0000] {logging_mixin.py:117} INFO - [2022-09-19T19:01:57.986+0000] {dag.py:3328} INFO - Setting next_dagrun for example_xcom_args to None, run_after=None
[2022-09-19T19:01:57.990+0000] {logging_mixin.py:117} INFO - [2022-09-19T19:01:57.990+0000] {dag.py:3328} INFO - Setting next_dagrun for example_xcom_args_with_operators to None, run_after=None
[2022-09-19T19:01:58.007+0000] {processor.py:178} INFO - Processing /home/airflow/.local/lib/python3.7/site-packages/airflow/example_dags/example_xcomargs.py took 0.113 seconds
[2022-09-19T19:02:28.512+0000] {processor.py:156} INFO - Started process (PID=2198) to work on /home/airflow/.local/lib/python3.7/site-packages/airflow/example_dags/example_xcomargs.py
[2022-09-19T19:02:28.513+0000] {processor.py:758} INFO - Processing file /home/airflow/.local/lib/python3.7/site-packages/airflow/example_dags/example_xcomargs.py for tasks to queue
[2022-09-19T19:02:28.514+0000] {logging_mixin.py:117} INFO - [2022-09-19T19:02:28.514+0000] {dagbag.py:525} INFO - Filling up the DagBag from /home/airflow/.local/lib/python3.7/site-packages/airflow/example_dags/example_xcomargs.py
[2022-09-19T19:02:28.548+0000] {processor.py:768} INFO - DAG(s) dict_keys(['example_xcom_args_with_operators', 'example_xcom_args']) retrieved from /home/airflow/.local/lib/python3.7/site-packages/airflow/example_dags/example_xcomargs.py
[2022-09-19T19:02:28.605+0000] {logging_mixin.py:117} INFO - [2022-09-19T19:02:28.604+0000] {dag.py:2573} INFO - Sync 2 DAGs
[2022-09-19T19:02:28.634+0000] {logging_mixin.py:117} INFO - [2022-09-19T19:02:28.633+0000] {dag.py:3328} INFO - Setting next_dagrun for example_xcom_args to None, run_after=None
[2022-09-19T19:02:28.637+0000] {logging_mixin.py:117} INFO - [2022-09-19T19:02:28.637+0000] {dag.py:3328} INFO - Setting next_dagrun for example_xcom_args_with_operators to None, run_after=None
[2022-09-19T19:02:28.656+0000] {processor.py:178} INFO - Processing /home/airflow/.local/lib/python3.7/site-packages/airflow/example_dags/example_xcomargs.py took 0.148 seconds
[2022-09-19T19:02:58.897+0000] {processor.py:156} INFO - Started process (PID=2252) to work on /home/airflow/.local/lib/python3.7/site-packages/airflow/example_dags/example_xcomargs.py
[2022-09-19T19:02:58.898+0000] {processor.py:758} INFO - Processing file /home/airflow/.local/lib/python3.7/site-packages/airflow/example_dags/example_xcomargs.py for tasks to queue
[2022-09-19T19:02:58.898+0000] {logging_mixin.py:117} INFO - [2022-09-19T19:02:58.898+0000] {dagbag.py:525} INFO - Filling up the DagBag from /home/airflow/.local/lib/python3.7/site-packages/airflow/example_dags/example_xcomargs.py
[2022-09-19T19:02:58.919+0000] {processor.py:768} INFO - DAG(s) dict_keys(['example_xcom_args', 'example_xcom_args_with_operators']) retrieved from /home/airflow/.local/lib/python3.7/site-packages/airflow/example_dags/example_xcomargs.py
[2022-09-19T19:02:58.958+0000] {logging_mixin.py:117} INFO - [2022-09-19T19:02:58.958+0000] {dag.py:2573} INFO - Sync 2 DAGs
[2022-09-19T19:02:58.983+0000] {logging_mixin.py:117} INFO - [2022-09-19T19:02:58.983+0000] {dag.py:3328} INFO - Setting next_dagrun for example_xcom_args to None, run_after=None
[2022-09-19T19:02:58.986+0000] {logging_mixin.py:117} INFO - [2022-09-19T19:02:58.986+0000] {dag.py:3328} INFO - Setting next_dagrun for example_xcom_args_with_operators to None, run_after=None
[2022-09-19T19:02:59.004+0000] {processor.py:178} INFO - Processing /home/airflow/.local/lib/python3.7/site-packages/airflow/example_dags/example_xcomargs.py took 0.109 seconds
