[2022-09-19T18:44:08.582+0000] {processor.py:156} INFO - Started process (PID=50) to work on /home/airflow/.local/lib/python3.7/site-packages/airflow/example_dags/example_python_operator.py
[2022-09-19T18:44:08.583+0000] {processor.py:758} INFO - Processing file /home/airflow/.local/lib/python3.7/site-packages/airflow/example_dags/example_python_operator.py for tasks to queue
[2022-09-19T18:44:08.584+0000] {logging_mixin.py:117} INFO - [2022-09-19T18:44:08.584+0000] {dagbag.py:525} INFO - Filling up the DagBag from /home/airflow/.local/lib/python3.7/site-packages/airflow/example_dags/example_python_operator.py
[2022-09-19T18:44:08.613+0000] {processor.py:768} INFO - DAG(s) dict_keys(['example_python_operator']) retrieved from /home/airflow/.local/lib/python3.7/site-packages/airflow/example_dags/example_python_operator.py
[2022-09-19T18:44:08.640+0000] {logging_mixin.py:117} INFO - [2022-09-19T18:44:08.640+0000] {dag.py:2573} INFO - Sync 1 DAGs
[2022-09-19T18:44:08.683+0000] {logging_mixin.py:117} INFO - [2022-09-19T18:44:08.683+0000] {dag.py:3328} INFO - Setting next_dagrun for example_python_operator to None, run_after=None
[2022-09-19T18:44:08.713+0000] {processor.py:178} INFO - Processing /home/airflow/.local/lib/python3.7/site-packages/airflow/example_dags/example_python_operator.py took 0.134 seconds
[2022-09-19T18:44:39.480+0000] {processor.py:156} INFO - Started process (PID=103) to work on /home/airflow/.local/lib/python3.7/site-packages/airflow/example_dags/example_python_operator.py
[2022-09-19T18:44:39.481+0000] {processor.py:758} INFO - Processing file /home/airflow/.local/lib/python3.7/site-packages/airflow/example_dags/example_python_operator.py for tasks to queue
[2022-09-19T18:44:39.481+0000] {logging_mixin.py:117} INFO - [2022-09-19T18:44:39.481+0000] {dagbag.py:525} INFO - Filling up the DagBag from /home/airflow/.local/lib/python3.7/site-packages/airflow/example_dags/example_python_operator.py
[2022-09-19T18:44:39.522+0000] {processor.py:768} INFO - DAG(s) dict_keys(['example_python_operator']) retrieved from /home/airflow/.local/lib/python3.7/site-packages/airflow/example_dags/example_python_operator.py
[2022-09-19T18:44:39.561+0000] {logging_mixin.py:117} INFO - [2022-09-19T18:44:39.561+0000] {dag.py:2573} INFO - Sync 1 DAGs
[2022-09-19T18:44:39.586+0000] {logging_mixin.py:117} INFO - [2022-09-19T18:44:39.585+0000] {dag.py:3328} INFO - Setting next_dagrun for example_python_operator to None, run_after=None
[2022-09-19T18:44:39.608+0000] {processor.py:178} INFO - Processing /home/airflow/.local/lib/python3.7/site-packages/airflow/example_dags/example_python_operator.py took 0.132 seconds
[2022-09-19T18:45:10.257+0000] {processor.py:156} INFO - Started process (PID=168) to work on /home/airflow/.local/lib/python3.7/site-packages/airflow/example_dags/example_python_operator.py
[2022-09-19T18:45:10.257+0000] {processor.py:758} INFO - Processing file /home/airflow/.local/lib/python3.7/site-packages/airflow/example_dags/example_python_operator.py for tasks to queue
[2022-09-19T18:45:10.258+0000] {logging_mixin.py:117} INFO - [2022-09-19T18:45:10.258+0000] {dagbag.py:525} INFO - Filling up the DagBag from /home/airflow/.local/lib/python3.7/site-packages/airflow/example_dags/example_python_operator.py
[2022-09-19T18:45:10.285+0000] {processor.py:768} INFO - DAG(s) dict_keys(['example_python_operator']) retrieved from /home/airflow/.local/lib/python3.7/site-packages/airflow/example_dags/example_python_operator.py
[2022-09-19T18:45:10.339+0000] {logging_mixin.py:117} INFO - [2022-09-19T18:45:10.339+0000] {dag.py:2573} INFO - Sync 1 DAGs
[2022-09-19T18:45:10.372+0000] {logging_mixin.py:117} INFO - [2022-09-19T18:45:10.372+0000] {dag.py:3328} INFO - Setting next_dagrun for example_python_operator to None, run_after=None
[2022-09-19T18:45:10.401+0000] {processor.py:178} INFO - Processing /home/airflow/.local/lib/python3.7/site-packages/airflow/example_dags/example_python_operator.py took 0.146 seconds
[2022-09-19T18:45:40.918+0000] {processor.py:156} INFO - Started process (PID=231) to work on /home/airflow/.local/lib/python3.7/site-packages/airflow/example_dags/example_python_operator.py
[2022-09-19T18:45:40.919+0000] {processor.py:758} INFO - Processing file /home/airflow/.local/lib/python3.7/site-packages/airflow/example_dags/example_python_operator.py for tasks to queue
[2022-09-19T18:45:40.920+0000] {logging_mixin.py:117} INFO - [2022-09-19T18:45:40.920+0000] {dagbag.py:525} INFO - Filling up the DagBag from /home/airflow/.local/lib/python3.7/site-packages/airflow/example_dags/example_python_operator.py
[2022-09-19T18:45:40.953+0000] {processor.py:768} INFO - DAG(s) dict_keys(['example_python_operator']) retrieved from /home/airflow/.local/lib/python3.7/site-packages/airflow/example_dags/example_python_operator.py
[2022-09-19T18:45:41.010+0000] {logging_mixin.py:117} INFO - [2022-09-19T18:45:41.009+0000] {dag.py:2573} INFO - Sync 1 DAGs
[2022-09-19T18:45:41.043+0000] {logging_mixin.py:117} INFO - [2022-09-19T18:45:41.043+0000] {dag.py:3328} INFO - Setting next_dagrun for example_python_operator to None, run_after=None
[2022-09-19T18:45:41.068+0000] {processor.py:178} INFO - Processing /home/airflow/.local/lib/python3.7/site-packages/airflow/example_dags/example_python_operator.py took 0.154 seconds
[2022-09-19T18:46:11.161+0000] {processor.py:156} INFO - Started process (PID=285) to work on /home/airflow/.local/lib/python3.7/site-packages/airflow/example_dags/example_python_operator.py
[2022-09-19T18:46:11.162+0000] {processor.py:758} INFO - Processing file /home/airflow/.local/lib/python3.7/site-packages/airflow/example_dags/example_python_operator.py for tasks to queue
[2022-09-19T18:46:11.162+0000] {logging_mixin.py:117} INFO - [2022-09-19T18:46:11.162+0000] {dagbag.py:525} INFO - Filling up the DagBag from /home/airflow/.local/lib/python3.7/site-packages/airflow/example_dags/example_python_operator.py
[2022-09-19T18:46:11.192+0000] {processor.py:768} INFO - DAG(s) dict_keys(['example_python_operator']) retrieved from /home/airflow/.local/lib/python3.7/site-packages/airflow/example_dags/example_python_operator.py
[2022-09-19T18:46:11.231+0000] {logging_mixin.py:117} INFO - [2022-09-19T18:46:11.230+0000] {dag.py:2573} INFO - Sync 1 DAGs
[2022-09-19T18:46:11.252+0000] {logging_mixin.py:117} INFO - [2022-09-19T18:46:11.252+0000] {dag.py:3328} INFO - Setting next_dagrun for example_python_operator to None, run_after=None
[2022-09-19T18:46:11.271+0000] {processor.py:178} INFO - Processing /home/airflow/.local/lib/python3.7/site-packages/airflow/example_dags/example_python_operator.py took 0.114 seconds
[2022-09-19T18:46:41.979+0000] {processor.py:156} INFO - Started process (PID=348) to work on /home/airflow/.local/lib/python3.7/site-packages/airflow/example_dags/example_python_operator.py
[2022-09-19T18:46:41.980+0000] {processor.py:758} INFO - Processing file /home/airflow/.local/lib/python3.7/site-packages/airflow/example_dags/example_python_operator.py for tasks to queue
[2022-09-19T18:46:41.982+0000] {logging_mixin.py:117} INFO - [2022-09-19T18:46:41.981+0000] {dagbag.py:525} INFO - Filling up the DagBag from /home/airflow/.local/lib/python3.7/site-packages/airflow/example_dags/example_python_operator.py
[2022-09-19T18:46:42.014+0000] {processor.py:768} INFO - DAG(s) dict_keys(['example_python_operator']) retrieved from /home/airflow/.local/lib/python3.7/site-packages/airflow/example_dags/example_python_operator.py
[2022-09-19T18:46:42.055+0000] {logging_mixin.py:117} INFO - [2022-09-19T18:46:42.055+0000] {dag.py:2573} INFO - Sync 1 DAGs
[2022-09-19T18:46:42.092+0000] {logging_mixin.py:117} INFO - [2022-09-19T18:46:42.092+0000] {dag.py:3328} INFO - Setting next_dagrun for example_python_operator to None, run_after=None
[2022-09-19T18:46:42.115+0000] {processor.py:178} INFO - Processing /home/airflow/.local/lib/python3.7/site-packages/airflow/example_dags/example_python_operator.py took 0.140 seconds
[2022-09-19T18:47:13.120+0000] {processor.py:156} INFO - Started process (PID=412) to work on /home/airflow/.local/lib/python3.7/site-packages/airflow/example_dags/example_python_operator.py
[2022-09-19T18:47:13.120+0000] {processor.py:758} INFO - Processing file /home/airflow/.local/lib/python3.7/site-packages/airflow/example_dags/example_python_operator.py for tasks to queue
[2022-09-19T18:47:13.121+0000] {logging_mixin.py:117} INFO - [2022-09-19T18:47:13.121+0000] {dagbag.py:525} INFO - Filling up the DagBag from /home/airflow/.local/lib/python3.7/site-packages/airflow/example_dags/example_python_operator.py
[2022-09-19T18:47:13.156+0000] {processor.py:768} INFO - DAG(s) dict_keys(['example_python_operator']) retrieved from /home/airflow/.local/lib/python3.7/site-packages/airflow/example_dags/example_python_operator.py
[2022-09-19T18:47:13.219+0000] {logging_mixin.py:117} INFO - [2022-09-19T18:47:13.218+0000] {dag.py:2573} INFO - Sync 1 DAGs
[2022-09-19T18:47:13.264+0000] {logging_mixin.py:117} INFO - [2022-09-19T18:47:13.263+0000] {dag.py:3328} INFO - Setting next_dagrun for example_python_operator to None, run_after=None
[2022-09-19T18:47:13.300+0000] {processor.py:178} INFO - Processing /home/airflow/.local/lib/python3.7/site-packages/airflow/example_dags/example_python_operator.py took 0.184 seconds
[2022-09-19T18:47:43.931+0000] {processor.py:156} INFO - Started process (PID=466) to work on /home/airflow/.local/lib/python3.7/site-packages/airflow/example_dags/example_python_operator.py
[2022-09-19T18:47:43.932+0000] {processor.py:758} INFO - Processing file /home/airflow/.local/lib/python3.7/site-packages/airflow/example_dags/example_python_operator.py for tasks to queue
[2022-09-19T18:47:43.933+0000] {logging_mixin.py:117} INFO - [2022-09-19T18:47:43.933+0000] {dagbag.py:525} INFO - Filling up the DagBag from /home/airflow/.local/lib/python3.7/site-packages/airflow/example_dags/example_python_operator.py
[2022-09-19T18:47:43.958+0000] {processor.py:768} INFO - DAG(s) dict_keys(['example_python_operator']) retrieved from /home/airflow/.local/lib/python3.7/site-packages/airflow/example_dags/example_python_operator.py
[2022-09-19T18:47:43.997+0000] {logging_mixin.py:117} INFO - [2022-09-19T18:47:43.997+0000] {dag.py:2573} INFO - Sync 1 DAGs
[2022-09-19T18:47:44.028+0000] {logging_mixin.py:117} INFO - [2022-09-19T18:47:44.028+0000] {dag.py:3328} INFO - Setting next_dagrun for example_python_operator to None, run_after=None
[2022-09-19T18:47:44.051+0000] {processor.py:178} INFO - Processing /home/airflow/.local/lib/python3.7/site-packages/airflow/example_dags/example_python_operator.py took 0.123 seconds
[2022-09-19T18:48:14.408+0000] {processor.py:156} INFO - Started process (PID=529) to work on /home/airflow/.local/lib/python3.7/site-packages/airflow/example_dags/example_python_operator.py
[2022-09-19T18:48:14.408+0000] {processor.py:758} INFO - Processing file /home/airflow/.local/lib/python3.7/site-packages/airflow/example_dags/example_python_operator.py for tasks to queue
[2022-09-19T18:48:14.409+0000] {logging_mixin.py:117} INFO - [2022-09-19T18:48:14.409+0000] {dagbag.py:525} INFO - Filling up the DagBag from /home/airflow/.local/lib/python3.7/site-packages/airflow/example_dags/example_python_operator.py
[2022-09-19T18:48:14.445+0000] {processor.py:768} INFO - DAG(s) dict_keys(['example_python_operator']) retrieved from /home/airflow/.local/lib/python3.7/site-packages/airflow/example_dags/example_python_operator.py
[2022-09-19T18:48:14.497+0000] {logging_mixin.py:117} INFO - [2022-09-19T18:48:14.497+0000] {dag.py:2573} INFO - Sync 1 DAGs
[2022-09-19T18:48:14.540+0000] {logging_mixin.py:117} INFO - [2022-09-19T18:48:14.540+0000] {dag.py:3328} INFO - Setting next_dagrun for example_python_operator to None, run_after=None
[2022-09-19T18:48:14.568+0000] {processor.py:178} INFO - Processing /home/airflow/.local/lib/python3.7/site-packages/airflow/example_dags/example_python_operator.py took 0.163 seconds
[2022-09-19T18:48:45.111+0000] {processor.py:156} INFO - Started process (PID=583) to work on /home/airflow/.local/lib/python3.7/site-packages/airflow/example_dags/example_python_operator.py
[2022-09-19T18:48:45.112+0000] {processor.py:758} INFO - Processing file /home/airflow/.local/lib/python3.7/site-packages/airflow/example_dags/example_python_operator.py for tasks to queue
[2022-09-19T18:48:45.112+0000] {logging_mixin.py:117} INFO - [2022-09-19T18:48:45.112+0000] {dagbag.py:525} INFO - Filling up the DagBag from /home/airflow/.local/lib/python3.7/site-packages/airflow/example_dags/example_python_operator.py
[2022-09-19T18:48:45.137+0000] {processor.py:768} INFO - DAG(s) dict_keys(['example_python_operator']) retrieved from /home/airflow/.local/lib/python3.7/site-packages/airflow/example_dags/example_python_operator.py
[2022-09-19T18:48:45.184+0000] {logging_mixin.py:117} INFO - [2022-09-19T18:48:45.184+0000] {dag.py:2573} INFO - Sync 1 DAGs
[2022-09-19T18:48:45.219+0000] {logging_mixin.py:117} INFO - [2022-09-19T18:48:45.219+0000] {dag.py:3328} INFO - Setting next_dagrun for example_python_operator to None, run_after=None
[2022-09-19T18:48:45.245+0000] {processor.py:178} INFO - Processing /home/airflow/.local/lib/python3.7/site-packages/airflow/example_dags/example_python_operator.py took 0.136 seconds
[2022-09-19T18:49:16.130+0000] {processor.py:156} INFO - Started process (PID=646) to work on /home/airflow/.local/lib/python3.7/site-packages/airflow/example_dags/example_python_operator.py
[2022-09-19T18:49:16.131+0000] {processor.py:758} INFO - Processing file /home/airflow/.local/lib/python3.7/site-packages/airflow/example_dags/example_python_operator.py for tasks to queue
[2022-09-19T18:49:16.131+0000] {logging_mixin.py:117} INFO - [2022-09-19T18:49:16.131+0000] {dagbag.py:525} INFO - Filling up the DagBag from /home/airflow/.local/lib/python3.7/site-packages/airflow/example_dags/example_python_operator.py
[2022-09-19T18:49:16.158+0000] {processor.py:768} INFO - DAG(s) dict_keys(['example_python_operator']) retrieved from /home/airflow/.local/lib/python3.7/site-packages/airflow/example_dags/example_python_operator.py
[2022-09-19T18:49:16.196+0000] {logging_mixin.py:117} INFO - [2022-09-19T18:49:16.195+0000] {dag.py:2573} INFO - Sync 1 DAGs
[2022-09-19T18:49:16.221+0000] {logging_mixin.py:117} INFO - [2022-09-19T18:49:16.221+0000] {dag.py:3328} INFO - Setting next_dagrun for example_python_operator to None, run_after=None
[2022-09-19T18:49:16.246+0000] {processor.py:178} INFO - Processing /home/airflow/.local/lib/python3.7/site-packages/airflow/example_dags/example_python_operator.py took 0.119 seconds
[2022-09-19T18:49:46.421+0000] {processor.py:156} INFO - Started process (PID=709) to work on /home/airflow/.local/lib/python3.7/site-packages/airflow/example_dags/example_python_operator.py
[2022-09-19T18:49:46.421+0000] {processor.py:758} INFO - Processing file /home/airflow/.local/lib/python3.7/site-packages/airflow/example_dags/example_python_operator.py for tasks to queue
[2022-09-19T18:49:46.421+0000] {logging_mixin.py:117} INFO - [2022-09-19T18:49:46.421+0000] {dagbag.py:525} INFO - Filling up the DagBag from /home/airflow/.local/lib/python3.7/site-packages/airflow/example_dags/example_python_operator.py
[2022-09-19T18:49:46.442+0000] {processor.py:768} INFO - DAG(s) dict_keys(['example_python_operator']) retrieved from /home/airflow/.local/lib/python3.7/site-packages/airflow/example_dags/example_python_operator.py
[2022-09-19T18:49:46.478+0000] {logging_mixin.py:117} INFO - [2022-09-19T18:49:46.478+0000] {dag.py:2573} INFO - Sync 1 DAGs
[2022-09-19T18:49:46.503+0000] {logging_mixin.py:117} INFO - [2022-09-19T18:49:46.503+0000] {dag.py:3328} INFO - Setting next_dagrun for example_python_operator to None, run_after=None
[2022-09-19T18:49:46.525+0000] {processor.py:178} INFO - Processing /home/airflow/.local/lib/python3.7/site-packages/airflow/example_dags/example_python_operator.py took 0.107 seconds
[2022-09-19T18:50:16.704+0000] {processor.py:156} INFO - Started process (PID=763) to work on /home/airflow/.local/lib/python3.7/site-packages/airflow/example_dags/example_python_operator.py
[2022-09-19T18:50:16.704+0000] {processor.py:758} INFO - Processing file /home/airflow/.local/lib/python3.7/site-packages/airflow/example_dags/example_python_operator.py for tasks to queue
[2022-09-19T18:50:16.705+0000] {logging_mixin.py:117} INFO - [2022-09-19T18:50:16.705+0000] {dagbag.py:525} INFO - Filling up the DagBag from /home/airflow/.local/lib/python3.7/site-packages/airflow/example_dags/example_python_operator.py
[2022-09-19T18:50:16.726+0000] {processor.py:768} INFO - DAG(s) dict_keys(['example_python_operator']) retrieved from /home/airflow/.local/lib/python3.7/site-packages/airflow/example_dags/example_python_operator.py
[2022-09-19T18:50:16.767+0000] {logging_mixin.py:117} INFO - [2022-09-19T18:50:16.767+0000] {dag.py:2573} INFO - Sync 1 DAGs
[2022-09-19T18:50:16.790+0000] {logging_mixin.py:117} INFO - [2022-09-19T18:50:16.790+0000] {dag.py:3328} INFO - Setting next_dagrun for example_python_operator to None, run_after=None
[2022-09-19T18:50:16.810+0000] {processor.py:178} INFO - Processing /home/airflow/.local/lib/python3.7/site-packages/airflow/example_dags/example_python_operator.py took 0.108 seconds
[2022-09-19T18:50:46.966+0000] {processor.py:156} INFO - Started process (PID=825) to work on /home/airflow/.local/lib/python3.7/site-packages/airflow/example_dags/example_python_operator.py
[2022-09-19T18:50:46.966+0000] {processor.py:758} INFO - Processing file /home/airflow/.local/lib/python3.7/site-packages/airflow/example_dags/example_python_operator.py for tasks to queue
[2022-09-19T18:50:46.967+0000] {logging_mixin.py:117} INFO - [2022-09-19T18:50:46.967+0000] {dagbag.py:525} INFO - Filling up the DagBag from /home/airflow/.local/lib/python3.7/site-packages/airflow/example_dags/example_python_operator.py
[2022-09-19T18:50:46.997+0000] {processor.py:768} INFO - DAG(s) dict_keys(['example_python_operator']) retrieved from /home/airflow/.local/lib/python3.7/site-packages/airflow/example_dags/example_python_operator.py
[2022-09-19T18:50:47.043+0000] {logging_mixin.py:117} INFO - [2022-09-19T18:50:47.043+0000] {dag.py:2573} INFO - Sync 1 DAGs
[2022-09-19T18:50:47.071+0000] {logging_mixin.py:117} INFO - [2022-09-19T18:50:47.071+0000] {dag.py:3328} INFO - Setting next_dagrun for example_python_operator to None, run_after=None
[2022-09-19T18:50:47.094+0000] {processor.py:178} INFO - Processing /home/airflow/.local/lib/python3.7/site-packages/airflow/example_dags/example_python_operator.py took 0.131 seconds
[2022-09-19T18:51:17.163+0000] {processor.py:156} INFO - Started process (PID=878) to work on /home/airflow/.local/lib/python3.7/site-packages/airflow/example_dags/example_python_operator.py
[2022-09-19T18:51:17.164+0000] {processor.py:758} INFO - Processing file /home/airflow/.local/lib/python3.7/site-packages/airflow/example_dags/example_python_operator.py for tasks to queue
[2022-09-19T18:51:17.164+0000] {logging_mixin.py:117} INFO - [2022-09-19T18:51:17.164+0000] {dagbag.py:525} INFO - Filling up the DagBag from /home/airflow/.local/lib/python3.7/site-packages/airflow/example_dags/example_python_operator.py
[2022-09-19T18:51:17.185+0000] {processor.py:768} INFO - DAG(s) dict_keys(['example_python_operator']) retrieved from /home/airflow/.local/lib/python3.7/site-packages/airflow/example_dags/example_python_operator.py
[2022-09-19T18:51:17.223+0000] {logging_mixin.py:117} INFO - [2022-09-19T18:51:17.223+0000] {dag.py:2573} INFO - Sync 1 DAGs
[2022-09-19T18:51:17.250+0000] {logging_mixin.py:117} INFO - [2022-09-19T18:51:17.250+0000] {dag.py:3328} INFO - Setting next_dagrun for example_python_operator to None, run_after=None
[2022-09-19T18:51:17.277+0000] {processor.py:178} INFO - Processing /home/airflow/.local/lib/python3.7/site-packages/airflow/example_dags/example_python_operator.py took 0.116 seconds
[2022-09-19T18:51:47.384+0000] {processor.py:156} INFO - Started process (PID=941) to work on /home/airflow/.local/lib/python3.7/site-packages/airflow/example_dags/example_python_operator.py
[2022-09-19T18:51:47.385+0000] {processor.py:758} INFO - Processing file /home/airflow/.local/lib/python3.7/site-packages/airflow/example_dags/example_python_operator.py for tasks to queue
[2022-09-19T18:51:47.386+0000] {logging_mixin.py:117} INFO - [2022-09-19T18:51:47.386+0000] {dagbag.py:525} INFO - Filling up the DagBag from /home/airflow/.local/lib/python3.7/site-packages/airflow/example_dags/example_python_operator.py
[2022-09-19T18:51:47.409+0000] {processor.py:768} INFO - DAG(s) dict_keys(['example_python_operator']) retrieved from /home/airflow/.local/lib/python3.7/site-packages/airflow/example_dags/example_python_operator.py
[2022-09-19T18:51:47.449+0000] {logging_mixin.py:117} INFO - [2022-09-19T18:51:47.449+0000] {dag.py:2573} INFO - Sync 1 DAGs
[2022-09-19T18:51:47.480+0000] {logging_mixin.py:117} INFO - [2022-09-19T18:51:47.480+0000] {dag.py:3328} INFO - Setting next_dagrun for example_python_operator to None, run_after=None
[2022-09-19T18:51:47.504+0000] {processor.py:178} INFO - Processing /home/airflow/.local/lib/python3.7/site-packages/airflow/example_dags/example_python_operator.py took 0.123 seconds
[2022-09-19T18:52:17.555+0000] {processor.py:156} INFO - Started process (PID=1004) to work on /home/airflow/.local/lib/python3.7/site-packages/airflow/example_dags/example_python_operator.py
[2022-09-19T18:52:17.555+0000] {processor.py:758} INFO - Processing file /home/airflow/.local/lib/python3.7/site-packages/airflow/example_dags/example_python_operator.py for tasks to queue
[2022-09-19T18:52:17.556+0000] {logging_mixin.py:117} INFO - [2022-09-19T18:52:17.556+0000] {dagbag.py:525} INFO - Filling up the DagBag from /home/airflow/.local/lib/python3.7/site-packages/airflow/example_dags/example_python_operator.py
[2022-09-19T18:52:17.579+0000] {processor.py:768} INFO - DAG(s) dict_keys(['example_python_operator']) retrieved from /home/airflow/.local/lib/python3.7/site-packages/airflow/example_dags/example_python_operator.py
[2022-09-19T18:52:17.619+0000] {logging_mixin.py:117} INFO - [2022-09-19T18:52:17.619+0000] {dag.py:2573} INFO - Sync 1 DAGs
[2022-09-19T18:52:17.647+0000] {logging_mixin.py:117} INFO - [2022-09-19T18:52:17.647+0000] {dag.py:3328} INFO - Setting next_dagrun for example_python_operator to None, run_after=None
[2022-09-19T18:52:17.669+0000] {processor.py:178} INFO - Processing /home/airflow/.local/lib/python3.7/site-packages/airflow/example_dags/example_python_operator.py took 0.117 seconds
[2022-09-19T18:52:47.869+0000] {processor.py:156} INFO - Started process (PID=1057) to work on /home/airflow/.local/lib/python3.7/site-packages/airflow/example_dags/example_python_operator.py
[2022-09-19T18:52:47.870+0000] {processor.py:758} INFO - Processing file /home/airflow/.local/lib/python3.7/site-packages/airflow/example_dags/example_python_operator.py for tasks to queue
[2022-09-19T18:52:47.870+0000] {logging_mixin.py:117} INFO - [2022-09-19T18:52:47.870+0000] {dagbag.py:525} INFO - Filling up the DagBag from /home/airflow/.local/lib/python3.7/site-packages/airflow/example_dags/example_python_operator.py
[2022-09-19T18:52:47.893+0000] {processor.py:768} INFO - DAG(s) dict_keys(['example_python_operator']) retrieved from /home/airflow/.local/lib/python3.7/site-packages/airflow/example_dags/example_python_operator.py
[2022-09-19T18:52:47.937+0000] {logging_mixin.py:117} INFO - [2022-09-19T18:52:47.937+0000] {dag.py:2573} INFO - Sync 1 DAGs
[2022-09-19T18:52:47.969+0000] {logging_mixin.py:117} INFO - [2022-09-19T18:52:47.969+0000] {dag.py:3328} INFO - Setting next_dagrun for example_python_operator to None, run_after=None
[2022-09-19T18:52:47.992+0000] {processor.py:178} INFO - Processing /home/airflow/.local/lib/python3.7/site-packages/airflow/example_dags/example_python_operator.py took 0.126 seconds
[2022-09-19T18:53:18.315+0000] {processor.py:156} INFO - Started process (PID=1119) to work on /home/airflow/.local/lib/python3.7/site-packages/airflow/example_dags/example_python_operator.py
[2022-09-19T18:53:18.316+0000] {processor.py:758} INFO - Processing file /home/airflow/.local/lib/python3.7/site-packages/airflow/example_dags/example_python_operator.py for tasks to queue
[2022-09-19T18:53:18.317+0000] {logging_mixin.py:117} INFO - [2022-09-19T18:53:18.317+0000] {dagbag.py:525} INFO - Filling up the DagBag from /home/airflow/.local/lib/python3.7/site-packages/airflow/example_dags/example_python_operator.py
[2022-09-19T18:53:18.345+0000] {processor.py:768} INFO - DAG(s) dict_keys(['example_python_operator']) retrieved from /home/airflow/.local/lib/python3.7/site-packages/airflow/example_dags/example_python_operator.py
[2022-09-19T18:53:18.388+0000] {logging_mixin.py:117} INFO - [2022-09-19T18:53:18.388+0000] {dag.py:2573} INFO - Sync 1 DAGs
[2022-09-19T18:53:18.414+0000] {logging_mixin.py:117} INFO - [2022-09-19T18:53:18.414+0000] {dag.py:3328} INFO - Setting next_dagrun for example_python_operator to None, run_after=None
[2022-09-19T18:53:18.437+0000] {processor.py:178} INFO - Processing /home/airflow/.local/lib/python3.7/site-packages/airflow/example_dags/example_python_operator.py took 0.125 seconds
[2022-09-19T18:53:49.136+0000] {processor.py:156} INFO - Started process (PID=1180) to work on /home/airflow/.local/lib/python3.7/site-packages/airflow/example_dags/example_python_operator.py
[2022-09-19T18:53:49.136+0000] {processor.py:758} INFO - Processing file /home/airflow/.local/lib/python3.7/site-packages/airflow/example_dags/example_python_operator.py for tasks to queue
[2022-09-19T18:53:49.137+0000] {logging_mixin.py:117} INFO - [2022-09-19T18:53:49.137+0000] {dagbag.py:525} INFO - Filling up the DagBag from /home/airflow/.local/lib/python3.7/site-packages/airflow/example_dags/example_python_operator.py
[2022-09-19T18:53:49.167+0000] {processor.py:768} INFO - DAG(s) dict_keys(['example_python_operator']) retrieved from /home/airflow/.local/lib/python3.7/site-packages/airflow/example_dags/example_python_operator.py
[2022-09-19T18:53:49.215+0000] {logging_mixin.py:117} INFO - [2022-09-19T18:53:49.215+0000] {dag.py:2573} INFO - Sync 1 DAGs
[2022-09-19T18:53:49.251+0000] {logging_mixin.py:117} INFO - [2022-09-19T18:53:49.251+0000] {dag.py:3328} INFO - Setting next_dagrun for example_python_operator to None, run_after=None
[2022-09-19T18:53:49.278+0000] {processor.py:178} INFO - Processing /home/airflow/.local/lib/python3.7/site-packages/airflow/example_dags/example_python_operator.py took 0.145 seconds
[2022-09-19T18:54:19.387+0000] {processor.py:156} INFO - Started process (PID=1234) to work on /home/airflow/.local/lib/python3.7/site-packages/airflow/example_dags/example_python_operator.py
[2022-09-19T18:54:19.387+0000] {processor.py:758} INFO - Processing file /home/airflow/.local/lib/python3.7/site-packages/airflow/example_dags/example_python_operator.py for tasks to queue
[2022-09-19T18:54:19.388+0000] {logging_mixin.py:117} INFO - [2022-09-19T18:54:19.388+0000] {dagbag.py:525} INFO - Filling up the DagBag from /home/airflow/.local/lib/python3.7/site-packages/airflow/example_dags/example_python_operator.py
[2022-09-19T18:54:19.412+0000] {processor.py:768} INFO - DAG(s) dict_keys(['example_python_operator']) retrieved from /home/airflow/.local/lib/python3.7/site-packages/airflow/example_dags/example_python_operator.py
[2022-09-19T18:54:19.453+0000] {logging_mixin.py:117} INFO - [2022-09-19T18:54:19.453+0000] {dag.py:2573} INFO - Sync 1 DAGs
[2022-09-19T18:54:19.477+0000] {logging_mixin.py:117} INFO - [2022-09-19T18:54:19.477+0000] {dag.py:3328} INFO - Setting next_dagrun for example_python_operator to None, run_after=None
[2022-09-19T18:54:19.498+0000] {processor.py:178} INFO - Processing /home/airflow/.local/lib/python3.7/site-packages/airflow/example_dags/example_python_operator.py took 0.115 seconds
[2022-09-19T18:54:49.534+0000] {processor.py:156} INFO - Started process (PID=1297) to work on /home/airflow/.local/lib/python3.7/site-packages/airflow/example_dags/example_python_operator.py
[2022-09-19T18:54:49.534+0000] {processor.py:758} INFO - Processing file /home/airflow/.local/lib/python3.7/site-packages/airflow/example_dags/example_python_operator.py for tasks to queue
[2022-09-19T18:54:49.535+0000] {logging_mixin.py:117} INFO - [2022-09-19T18:54:49.535+0000] {dagbag.py:525} INFO - Filling up the DagBag from /home/airflow/.local/lib/python3.7/site-packages/airflow/example_dags/example_python_operator.py
[2022-09-19T18:54:49.562+0000] {processor.py:768} INFO - DAG(s) dict_keys(['example_python_operator']) retrieved from /home/airflow/.local/lib/python3.7/site-packages/airflow/example_dags/example_python_operator.py
[2022-09-19T18:54:49.605+0000] {logging_mixin.py:117} INFO - [2022-09-19T18:54:49.604+0000] {dag.py:2573} INFO - Sync 1 DAGs
[2022-09-19T18:54:49.634+0000] {logging_mixin.py:117} INFO - [2022-09-19T18:54:49.634+0000] {dag.py:3328} INFO - Setting next_dagrun for example_python_operator to None, run_after=None
[2022-09-19T18:54:49.657+0000] {processor.py:178} INFO - Processing /home/airflow/.local/lib/python3.7/site-packages/airflow/example_dags/example_python_operator.py took 0.126 seconds
[2022-09-19T18:55:20.395+0000] {processor.py:156} INFO - Started process (PID=1351) to work on /home/airflow/.local/lib/python3.7/site-packages/airflow/example_dags/example_python_operator.py
[2022-09-19T18:55:20.396+0000] {processor.py:758} INFO - Processing file /home/airflow/.local/lib/python3.7/site-packages/airflow/example_dags/example_python_operator.py for tasks to queue
[2022-09-19T18:55:20.396+0000] {logging_mixin.py:117} INFO - [2022-09-19T18:55:20.396+0000] {dagbag.py:525} INFO - Filling up the DagBag from /home/airflow/.local/lib/python3.7/site-packages/airflow/example_dags/example_python_operator.py
[2022-09-19T18:55:20.422+0000] {processor.py:768} INFO - DAG(s) dict_keys(['example_python_operator']) retrieved from /home/airflow/.local/lib/python3.7/site-packages/airflow/example_dags/example_python_operator.py
[2022-09-19T18:55:20.463+0000] {logging_mixin.py:117} INFO - [2022-09-19T18:55:20.462+0000] {dag.py:2573} INFO - Sync 1 DAGs
[2022-09-19T18:55:20.494+0000] {logging_mixin.py:117} INFO - [2022-09-19T18:55:20.494+0000] {dag.py:3328} INFO - Setting next_dagrun for example_python_operator to None, run_after=None
[2022-09-19T18:55:20.521+0000] {processor.py:178} INFO - Processing /home/airflow/.local/lib/python3.7/site-packages/airflow/example_dags/example_python_operator.py took 0.128 seconds
[2022-09-19T18:55:50.795+0000] {processor.py:156} INFO - Started process (PID=1414) to work on /home/airflow/.local/lib/python3.7/site-packages/airflow/example_dags/example_python_operator.py
[2022-09-19T18:55:50.796+0000] {processor.py:758} INFO - Processing file /home/airflow/.local/lib/python3.7/site-packages/airflow/example_dags/example_python_operator.py for tasks to queue
[2022-09-19T18:55:50.796+0000] {logging_mixin.py:117} INFO - [2022-09-19T18:55:50.796+0000] {dagbag.py:525} INFO - Filling up the DagBag from /home/airflow/.local/lib/python3.7/site-packages/airflow/example_dags/example_python_operator.py
[2022-09-19T18:55:50.817+0000] {processor.py:768} INFO - DAG(s) dict_keys(['example_python_operator']) retrieved from /home/airflow/.local/lib/python3.7/site-packages/airflow/example_dags/example_python_operator.py
[2022-09-19T18:55:50.851+0000] {logging_mixin.py:117} INFO - [2022-09-19T18:55:50.851+0000] {dag.py:2573} INFO - Sync 1 DAGs
[2022-09-19T18:55:50.875+0000] {logging_mixin.py:117} INFO - [2022-09-19T18:55:50.875+0000] {dag.py:3328} INFO - Setting next_dagrun for example_python_operator to None, run_after=None
[2022-09-19T18:55:50.896+0000] {processor.py:178} INFO - Processing /home/airflow/.local/lib/python3.7/site-packages/airflow/example_dags/example_python_operator.py took 0.103 seconds
[2022-09-19T18:56:21.023+0000] {processor.py:156} INFO - Started process (PID=1476) to work on /home/airflow/.local/lib/python3.7/site-packages/airflow/example_dags/example_python_operator.py
[2022-09-19T18:56:21.024+0000] {processor.py:758} INFO - Processing file /home/airflow/.local/lib/python3.7/site-packages/airflow/example_dags/example_python_operator.py for tasks to queue
[2022-09-19T18:56:21.024+0000] {logging_mixin.py:117} INFO - [2022-09-19T18:56:21.024+0000] {dagbag.py:525} INFO - Filling up the DagBag from /home/airflow/.local/lib/python3.7/site-packages/airflow/example_dags/example_python_operator.py
[2022-09-19T18:56:21.045+0000] {processor.py:768} INFO - DAG(s) dict_keys(['example_python_operator']) retrieved from /home/airflow/.local/lib/python3.7/site-packages/airflow/example_dags/example_python_operator.py
[2022-09-19T18:56:21.080+0000] {logging_mixin.py:117} INFO - [2022-09-19T18:56:21.080+0000] {dag.py:2573} INFO - Sync 1 DAGs
[2022-09-19T18:56:21.102+0000] {logging_mixin.py:117} INFO - [2022-09-19T18:56:21.102+0000] {dag.py:3328} INFO - Setting next_dagrun for example_python_operator to None, run_after=None
[2022-09-19T18:56:21.123+0000] {processor.py:178} INFO - Processing /home/airflow/.local/lib/python3.7/site-packages/airflow/example_dags/example_python_operator.py took 0.101 seconds
[2022-09-19T18:56:51.888+0000] {processor.py:156} INFO - Started process (PID=1530) to work on /home/airflow/.local/lib/python3.7/site-packages/airflow/example_dags/example_python_operator.py
[2022-09-19T18:56:51.889+0000] {processor.py:758} INFO - Processing file /home/airflow/.local/lib/python3.7/site-packages/airflow/example_dags/example_python_operator.py for tasks to queue
[2022-09-19T18:56:51.889+0000] {logging_mixin.py:117} INFO - [2022-09-19T18:56:51.889+0000] {dagbag.py:525} INFO - Filling up the DagBag from /home/airflow/.local/lib/python3.7/site-packages/airflow/example_dags/example_python_operator.py
[2022-09-19T18:56:51.918+0000] {processor.py:768} INFO - DAG(s) dict_keys(['example_python_operator']) retrieved from /home/airflow/.local/lib/python3.7/site-packages/airflow/example_dags/example_python_operator.py
[2022-09-19T18:56:51.967+0000] {logging_mixin.py:117} INFO - [2022-09-19T18:56:51.967+0000] {dag.py:2573} INFO - Sync 1 DAGs
[2022-09-19T18:56:51.995+0000] {logging_mixin.py:117} INFO - [2022-09-19T18:56:51.995+0000] {dag.py:3328} INFO - Setting next_dagrun for example_python_operator to None, run_after=None
[2022-09-19T18:56:52.016+0000] {processor.py:178} INFO - Processing /home/airflow/.local/lib/python3.7/site-packages/airflow/example_dags/example_python_operator.py took 0.131 seconds
[2022-09-19T18:57:22.694+0000] {processor.py:156} INFO - Started process (PID=1592) to work on /home/airflow/.local/lib/python3.7/site-packages/airflow/example_dags/example_python_operator.py
[2022-09-19T18:57:22.694+0000] {processor.py:758} INFO - Processing file /home/airflow/.local/lib/python3.7/site-packages/airflow/example_dags/example_python_operator.py for tasks to queue
[2022-09-19T18:57:22.695+0000] {logging_mixin.py:117} INFO - [2022-09-19T18:57:22.694+0000] {dagbag.py:525} INFO - Filling up the DagBag from /home/airflow/.local/lib/python3.7/site-packages/airflow/example_dags/example_python_operator.py
[2022-09-19T18:57:22.718+0000] {processor.py:768} INFO - DAG(s) dict_keys(['example_python_operator']) retrieved from /home/airflow/.local/lib/python3.7/site-packages/airflow/example_dags/example_python_operator.py
[2022-09-19T18:57:22.753+0000] {logging_mixin.py:117} INFO - [2022-09-19T18:57:22.752+0000] {dag.py:2573} INFO - Sync 1 DAGs
[2022-09-19T18:57:22.776+0000] {logging_mixin.py:117} INFO - [2022-09-19T18:57:22.776+0000] {dag.py:3328} INFO - Setting next_dagrun for example_python_operator to None, run_after=None
[2022-09-19T18:57:22.798+0000] {processor.py:178} INFO - Processing /home/airflow/.local/lib/python3.7/site-packages/airflow/example_dags/example_python_operator.py took 0.107 seconds
[2022-09-19T18:57:52.907+0000] {processor.py:156} INFO - Started process (PID=1654) to work on /home/airflow/.local/lib/python3.7/site-packages/airflow/example_dags/example_python_operator.py
[2022-09-19T18:57:52.908+0000] {processor.py:758} INFO - Processing file /home/airflow/.local/lib/python3.7/site-packages/airflow/example_dags/example_python_operator.py for tasks to queue
[2022-09-19T18:57:52.908+0000] {logging_mixin.py:117} INFO - [2022-09-19T18:57:52.908+0000] {dagbag.py:525} INFO - Filling up the DagBag from /home/airflow/.local/lib/python3.7/site-packages/airflow/example_dags/example_python_operator.py
[2022-09-19T18:57:52.931+0000] {processor.py:768} INFO - DAG(s) dict_keys(['example_python_operator']) retrieved from /home/airflow/.local/lib/python3.7/site-packages/airflow/example_dags/example_python_operator.py
[2022-09-19T18:57:52.975+0000] {logging_mixin.py:117} INFO - [2022-09-19T18:57:52.975+0000] {dag.py:2573} INFO - Sync 1 DAGs
[2022-09-19T18:57:53.007+0000] {logging_mixin.py:117} INFO - [2022-09-19T18:57:53.007+0000] {dag.py:3328} INFO - Setting next_dagrun for example_python_operator to None, run_after=None
[2022-09-19T18:57:53.027+0000] {processor.py:178} INFO - Processing /home/airflow/.local/lib/python3.7/site-packages/airflow/example_dags/example_python_operator.py took 0.123 seconds
[2022-09-19T18:58:23.244+0000] {processor.py:156} INFO - Started process (PID=1708) to work on /home/airflow/.local/lib/python3.7/site-packages/airflow/example_dags/example_python_operator.py
[2022-09-19T18:58:23.244+0000] {processor.py:758} INFO - Processing file /home/airflow/.local/lib/python3.7/site-packages/airflow/example_dags/example_python_operator.py for tasks to queue
[2022-09-19T18:58:23.245+0000] {logging_mixin.py:117} INFO - [2022-09-19T18:58:23.245+0000] {dagbag.py:525} INFO - Filling up the DagBag from /home/airflow/.local/lib/python3.7/site-packages/airflow/example_dags/example_python_operator.py
[2022-09-19T18:58:23.271+0000] {processor.py:768} INFO - DAG(s) dict_keys(['example_python_operator']) retrieved from /home/airflow/.local/lib/python3.7/site-packages/airflow/example_dags/example_python_operator.py
[2022-09-19T18:58:23.312+0000] {logging_mixin.py:117} INFO - [2022-09-19T18:58:23.311+0000] {dag.py:2573} INFO - Sync 1 DAGs
[2022-09-19T18:58:23.340+0000] {logging_mixin.py:117} INFO - [2022-09-19T18:58:23.340+0000] {dag.py:3328} INFO - Setting next_dagrun for example_python_operator to None, run_after=None
[2022-09-19T18:58:23.367+0000] {processor.py:178} INFO - Processing /home/airflow/.local/lib/python3.7/site-packages/airflow/example_dags/example_python_operator.py took 0.126 seconds
[2022-09-19T18:58:53.457+0000] {processor.py:156} INFO - Started process (PID=1771) to work on /home/airflow/.local/lib/python3.7/site-packages/airflow/example_dags/example_python_operator.py
[2022-09-19T18:58:53.458+0000] {processor.py:758} INFO - Processing file /home/airflow/.local/lib/python3.7/site-packages/airflow/example_dags/example_python_operator.py for tasks to queue
[2022-09-19T18:58:53.459+0000] {logging_mixin.py:117} INFO - [2022-09-19T18:58:53.459+0000] {dagbag.py:525} INFO - Filling up the DagBag from /home/airflow/.local/lib/python3.7/site-packages/airflow/example_dags/example_python_operator.py
[2022-09-19T18:58:53.486+0000] {processor.py:768} INFO - DAG(s) dict_keys(['example_python_operator']) retrieved from /home/airflow/.local/lib/python3.7/site-packages/airflow/example_dags/example_python_operator.py
[2022-09-19T18:58:53.538+0000] {logging_mixin.py:117} INFO - [2022-09-19T18:58:53.538+0000] {dag.py:2573} INFO - Sync 1 DAGs
[2022-09-19T18:58:53.577+0000] {logging_mixin.py:117} INFO - [2022-09-19T18:58:53.577+0000] {dag.py:3328} INFO - Setting next_dagrun for example_python_operator to None, run_after=None
[2022-09-19T18:58:53.604+0000] {processor.py:178} INFO - Processing /home/airflow/.local/lib/python3.7/site-packages/airflow/example_dags/example_python_operator.py took 0.150 seconds
[2022-09-19T18:59:24.127+0000] {processor.py:156} INFO - Started process (PID=1834) to work on /home/airflow/.local/lib/python3.7/site-packages/airflow/example_dags/example_python_operator.py
[2022-09-19T18:59:24.127+0000] {processor.py:758} INFO - Processing file /home/airflow/.local/lib/python3.7/site-packages/airflow/example_dags/example_python_operator.py for tasks to queue
[2022-09-19T18:59:24.128+0000] {logging_mixin.py:117} INFO - [2022-09-19T18:59:24.128+0000] {dagbag.py:525} INFO - Filling up the DagBag from /home/airflow/.local/lib/python3.7/site-packages/airflow/example_dags/example_python_operator.py
[2022-09-19T18:59:24.159+0000] {processor.py:768} INFO - DAG(s) dict_keys(['example_python_operator']) retrieved from /home/airflow/.local/lib/python3.7/site-packages/airflow/example_dags/example_python_operator.py
[2022-09-19T18:59:24.213+0000] {logging_mixin.py:117} INFO - [2022-09-19T18:59:24.213+0000] {dag.py:2573} INFO - Sync 1 DAGs
[2022-09-19T18:59:24.250+0000] {logging_mixin.py:117} INFO - [2022-09-19T18:59:24.250+0000] {dag.py:3328} INFO - Setting next_dagrun for example_python_operator to None, run_after=None
[2022-09-19T18:59:24.278+0000] {processor.py:178} INFO - Processing /home/airflow/.local/lib/python3.7/site-packages/airflow/example_dags/example_python_operator.py took 0.154 seconds
[2022-09-19T18:59:54.819+0000] {processor.py:156} INFO - Started process (PID=1887) to work on /home/airflow/.local/lib/python3.7/site-packages/airflow/example_dags/example_python_operator.py
[2022-09-19T18:59:54.819+0000] {processor.py:758} INFO - Processing file /home/airflow/.local/lib/python3.7/site-packages/airflow/example_dags/example_python_operator.py for tasks to queue
[2022-09-19T18:59:54.820+0000] {logging_mixin.py:117} INFO - [2022-09-19T18:59:54.820+0000] {dagbag.py:525} INFO - Filling up the DagBag from /home/airflow/.local/lib/python3.7/site-packages/airflow/example_dags/example_python_operator.py
[2022-09-19T18:59:54.844+0000] {processor.py:768} INFO - DAG(s) dict_keys(['example_python_operator']) retrieved from /home/airflow/.local/lib/python3.7/site-packages/airflow/example_dags/example_python_operator.py
[2022-09-19T18:59:54.881+0000] {logging_mixin.py:117} INFO - [2022-09-19T18:59:54.881+0000] {dag.py:2573} INFO - Sync 1 DAGs
[2022-09-19T18:59:54.909+0000] {logging_mixin.py:117} INFO - [2022-09-19T18:59:54.909+0000] {dag.py:3328} INFO - Setting next_dagrun for example_python_operator to None, run_after=None
[2022-09-19T18:59:54.932+0000] {processor.py:178} INFO - Processing /home/airflow/.local/lib/python3.7/site-packages/airflow/example_dags/example_python_operator.py took 0.115 seconds
[2022-09-19T19:00:24.990+0000] {processor.py:156} INFO - Started process (PID=1950) to work on /home/airflow/.local/lib/python3.7/site-packages/airflow/example_dags/example_python_operator.py
[2022-09-19T19:00:24.990+0000] {processor.py:758} INFO - Processing file /home/airflow/.local/lib/python3.7/site-packages/airflow/example_dags/example_python_operator.py for tasks to queue
[2022-09-19T19:00:24.991+0000] {logging_mixin.py:117} INFO - [2022-09-19T19:00:24.991+0000] {dagbag.py:525} INFO - Filling up the DagBag from /home/airflow/.local/lib/python3.7/site-packages/airflow/example_dags/example_python_operator.py
[2022-09-19T19:00:25.015+0000] {processor.py:768} INFO - DAG(s) dict_keys(['example_python_operator']) retrieved from /home/airflow/.local/lib/python3.7/site-packages/airflow/example_dags/example_python_operator.py
[2022-09-19T19:00:25.127+0000] {logging_mixin.py:117} INFO - [2022-09-19T19:00:25.127+0000] {dag.py:2573} INFO - Sync 1 DAGs
[2022-09-19T19:00:25.164+0000] {logging_mixin.py:117} INFO - [2022-09-19T19:00:25.164+0000] {dag.py:3328} INFO - Setting next_dagrun for example_python_operator to None, run_after=None
[2022-09-19T19:00:25.188+0000] {processor.py:178} INFO - Processing /home/airflow/.local/lib/python3.7/site-packages/airflow/example_dags/example_python_operator.py took 0.201 seconds
[2022-09-19T19:00:56.083+0000] {processor.py:156} INFO - Started process (PID=2012) to work on /home/airflow/.local/lib/python3.7/site-packages/airflow/example_dags/example_python_operator.py
[2022-09-19T19:00:56.084+0000] {processor.py:758} INFO - Processing file /home/airflow/.local/lib/python3.7/site-packages/airflow/example_dags/example_python_operator.py for tasks to queue
[2022-09-19T19:00:56.084+0000] {logging_mixin.py:117} INFO - [2022-09-19T19:00:56.084+0000] {dagbag.py:525} INFO - Filling up the DagBag from /home/airflow/.local/lib/python3.7/site-packages/airflow/example_dags/example_python_operator.py
[2022-09-19T19:00:56.109+0000] {processor.py:768} INFO - DAG(s) dict_keys(['example_python_operator']) retrieved from /home/airflow/.local/lib/python3.7/site-packages/airflow/example_dags/example_python_operator.py
[2022-09-19T19:00:56.150+0000] {logging_mixin.py:117} INFO - [2022-09-19T19:00:56.150+0000] {dag.py:2573} INFO - Sync 1 DAGs
[2022-09-19T19:00:56.181+0000] {logging_mixin.py:117} INFO - [2022-09-19T19:00:56.181+0000] {dag.py:3328} INFO - Setting next_dagrun for example_python_operator to None, run_after=None
[2022-09-19T19:00:56.205+0000] {processor.py:178} INFO - Processing /home/airflow/.local/lib/python3.7/site-packages/airflow/example_dags/example_python_operator.py took 0.125 seconds
[2022-09-19T19:01:26.801+0000] {processor.py:156} INFO - Started process (PID=2066) to work on /home/airflow/.local/lib/python3.7/site-packages/airflow/example_dags/example_python_operator.py
[2022-09-19T19:01:26.801+0000] {processor.py:758} INFO - Processing file /home/airflow/.local/lib/python3.7/site-packages/airflow/example_dags/example_python_operator.py for tasks to queue
[2022-09-19T19:01:26.802+0000] {logging_mixin.py:117} INFO - [2022-09-19T19:01:26.802+0000] {dagbag.py:525} INFO - Filling up the DagBag from /home/airflow/.local/lib/python3.7/site-packages/airflow/example_dags/example_python_operator.py
[2022-09-19T19:01:26.823+0000] {processor.py:768} INFO - DAG(s) dict_keys(['example_python_operator']) retrieved from /home/airflow/.local/lib/python3.7/site-packages/airflow/example_dags/example_python_operator.py
[2022-09-19T19:01:26.857+0000] {logging_mixin.py:117} INFO - [2022-09-19T19:01:26.857+0000] {dag.py:2573} INFO - Sync 1 DAGs
[2022-09-19T19:01:26.880+0000] {logging_mixin.py:117} INFO - [2022-09-19T19:01:26.879+0000] {dag.py:3328} INFO - Setting next_dagrun for example_python_operator to None, run_after=None
[2022-09-19T19:01:26.902+0000] {processor.py:178} INFO - Processing /home/airflow/.local/lib/python3.7/site-packages/airflow/example_dags/example_python_operator.py took 0.103 seconds
[2022-09-19T19:01:57.290+0000] {processor.py:156} INFO - Started process (PID=2127) to work on /home/airflow/.local/lib/python3.7/site-packages/airflow/example_dags/example_python_operator.py
[2022-09-19T19:01:57.291+0000] {processor.py:758} INFO - Processing file /home/airflow/.local/lib/python3.7/site-packages/airflow/example_dags/example_python_operator.py for tasks to queue
[2022-09-19T19:01:57.291+0000] {logging_mixin.py:117} INFO - [2022-09-19T19:01:57.291+0000] {dagbag.py:525} INFO - Filling up the DagBag from /home/airflow/.local/lib/python3.7/site-packages/airflow/example_dags/example_python_operator.py
[2022-09-19T19:01:57.313+0000] {processor.py:768} INFO - DAG(s) dict_keys(['example_python_operator']) retrieved from /home/airflow/.local/lib/python3.7/site-packages/airflow/example_dags/example_python_operator.py
[2022-09-19T19:01:57.348+0000] {logging_mixin.py:117} INFO - [2022-09-19T19:01:57.348+0000] {dag.py:2573} INFO - Sync 1 DAGs
[2022-09-19T19:01:57.372+0000] {logging_mixin.py:117} INFO - [2022-09-19T19:01:57.372+0000] {dag.py:3328} INFO - Setting next_dagrun for example_python_operator to None, run_after=None
[2022-09-19T19:01:57.392+0000] {processor.py:178} INFO - Processing /home/airflow/.local/lib/python3.7/site-packages/airflow/example_dags/example_python_operator.py took 0.105 seconds
[2022-09-19T19:02:27.726+0000] {processor.py:156} INFO - Started process (PID=2190) to work on /home/airflow/.local/lib/python3.7/site-packages/airflow/example_dags/example_python_operator.py
[2022-09-19T19:02:27.727+0000] {processor.py:758} INFO - Processing file /home/airflow/.local/lib/python3.7/site-packages/airflow/example_dags/example_python_operator.py for tasks to queue
[2022-09-19T19:02:27.727+0000] {logging_mixin.py:117} INFO - [2022-09-19T19:02:27.727+0000] {dagbag.py:525} INFO - Filling up the DagBag from /home/airflow/.local/lib/python3.7/site-packages/airflow/example_dags/example_python_operator.py
[2022-09-19T19:02:27.752+0000] {processor.py:768} INFO - DAG(s) dict_keys(['example_python_operator']) retrieved from /home/airflow/.local/lib/python3.7/site-packages/airflow/example_dags/example_python_operator.py
[2022-09-19T19:02:27.800+0000] {logging_mixin.py:117} INFO - [2022-09-19T19:02:27.799+0000] {dag.py:2573} INFO - Sync 1 DAGs
[2022-09-19T19:02:27.830+0000] {logging_mixin.py:117} INFO - [2022-09-19T19:02:27.830+0000] {dag.py:3328} INFO - Setting next_dagrun for example_python_operator to None, run_after=None
[2022-09-19T19:02:27.854+0000] {processor.py:178} INFO - Processing /home/airflow/.local/lib/python3.7/site-packages/airflow/example_dags/example_python_operator.py took 0.131 seconds
[2022-09-19T19:02:58.306+0000] {processor.py:156} INFO - Started process (PID=2244) to work on /home/airflow/.local/lib/python3.7/site-packages/airflow/example_dags/example_python_operator.py
[2022-09-19T19:02:58.307+0000] {processor.py:758} INFO - Processing file /home/airflow/.local/lib/python3.7/site-packages/airflow/example_dags/example_python_operator.py for tasks to queue
[2022-09-19T19:02:58.307+0000] {logging_mixin.py:117} INFO - [2022-09-19T19:02:58.307+0000] {dagbag.py:525} INFO - Filling up the DagBag from /home/airflow/.local/lib/python3.7/site-packages/airflow/example_dags/example_python_operator.py
[2022-09-19T19:02:58.328+0000] {processor.py:768} INFO - DAG(s) dict_keys(['example_python_operator']) retrieved from /home/airflow/.local/lib/python3.7/site-packages/airflow/example_dags/example_python_operator.py
[2022-09-19T19:02:58.361+0000] {logging_mixin.py:117} INFO - [2022-09-19T19:02:58.361+0000] {dag.py:2573} INFO - Sync 1 DAGs
[2022-09-19T19:02:58.384+0000] {logging_mixin.py:117} INFO - [2022-09-19T19:02:58.384+0000] {dag.py:3328} INFO - Setting next_dagrun for example_python_operator to None, run_after=None
[2022-09-19T19:02:58.402+0000] {processor.py:178} INFO - Processing /home/airflow/.local/lib/python3.7/site-packages/airflow/example_dags/example_python_operator.py took 0.099 seconds
