[2022-09-19T18:44:09.912+0000] {processor.py:156} INFO - Started process (PID=65) to work on /home/airflow/.local/lib/python3.7/site-packages/airflow/example_dags/tutorial_dag.py
[2022-09-19T18:44:09.912+0000] {processor.py:758} INFO - Processing file /home/airflow/.local/lib/python3.7/site-packages/airflow/example_dags/tutorial_dag.py for tasks to queue
[2022-09-19T18:44:09.913+0000] {logging_mixin.py:117} INFO - [2022-09-19T18:44:09.913+0000] {dagbag.py:525} INFO - Filling up the DagBag from /home/airflow/.local/lib/python3.7/site-packages/airflow/example_dags/tutorial_dag.py
[2022-09-19T18:44:09.930+0000] {processor.py:768} INFO - DAG(s) dict_keys(['tutorial_dag']) retrieved from /home/airflow/.local/lib/python3.7/site-packages/airflow/example_dags/tutorial_dag.py
[2022-09-19T18:44:09.962+0000] {logging_mixin.py:117} INFO - [2022-09-19T18:44:09.962+0000] {dag.py:2573} INFO - Sync 1 DAGs
[2022-09-19T18:44:09.998+0000] {logging_mixin.py:117} INFO - [2022-09-19T18:44:09.997+0000] {dag.py:3328} INFO - Setting next_dagrun for tutorial_dag to None, run_after=None
[2022-09-19T18:44:10.031+0000] {processor.py:178} INFO - Processing /home/airflow/.local/lib/python3.7/site-packages/airflow/example_dags/tutorial_dag.py took 0.124 seconds
[2022-09-19T18:44:40.929+0000] {processor.py:156} INFO - Started process (PID=118) to work on /home/airflow/.local/lib/python3.7/site-packages/airflow/example_dags/tutorial_dag.py
[2022-09-19T18:44:40.930+0000] {processor.py:758} INFO - Processing file /home/airflow/.local/lib/python3.7/site-packages/airflow/example_dags/tutorial_dag.py for tasks to queue
[2022-09-19T18:44:40.930+0000] {logging_mixin.py:117} INFO - [2022-09-19T18:44:40.930+0000] {dagbag.py:525} INFO - Filling up the DagBag from /home/airflow/.local/lib/python3.7/site-packages/airflow/example_dags/tutorial_dag.py
[2022-09-19T18:44:40.947+0000] {processor.py:768} INFO - DAG(s) dict_keys(['tutorial_dag']) retrieved from /home/airflow/.local/lib/python3.7/site-packages/airflow/example_dags/tutorial_dag.py
[2022-09-19T18:44:41.003+0000] {logging_mixin.py:117} INFO - [2022-09-19T18:44:41.003+0000] {dag.py:2573} INFO - Sync 1 DAGs
[2022-09-19T18:44:41.032+0000] {logging_mixin.py:117} INFO - [2022-09-19T18:44:41.032+0000] {dag.py:3328} INFO - Setting next_dagrun for tutorial_dag to None, run_after=None
[2022-09-19T18:44:41.058+0000] {processor.py:178} INFO - Processing /home/airflow/.local/lib/python3.7/site-packages/airflow/example_dags/tutorial_dag.py took 0.131 seconds
[2022-09-19T18:45:11.933+0000] {processor.py:156} INFO - Started process (PID=183) to work on /home/airflow/.local/lib/python3.7/site-packages/airflow/example_dags/tutorial_dag.py
[2022-09-19T18:45:11.934+0000] {processor.py:758} INFO - Processing file /home/airflow/.local/lib/python3.7/site-packages/airflow/example_dags/tutorial_dag.py for tasks to queue
[2022-09-19T18:45:11.934+0000] {logging_mixin.py:117} INFO - [2022-09-19T18:45:11.934+0000] {dagbag.py:525} INFO - Filling up the DagBag from /home/airflow/.local/lib/python3.7/site-packages/airflow/example_dags/tutorial_dag.py
[2022-09-19T18:45:11.949+0000] {processor.py:768} INFO - DAG(s) dict_keys(['tutorial_dag']) retrieved from /home/airflow/.local/lib/python3.7/site-packages/airflow/example_dags/tutorial_dag.py
[2022-09-19T18:45:11.986+0000] {logging_mixin.py:117} INFO - [2022-09-19T18:45:11.986+0000] {dag.py:2573} INFO - Sync 1 DAGs
[2022-09-19T18:45:12.011+0000] {logging_mixin.py:117} INFO - [2022-09-19T18:45:12.011+0000] {dag.py:3328} INFO - Setting next_dagrun for tutorial_dag to None, run_after=None
[2022-09-19T18:45:12.035+0000] {processor.py:178} INFO - Processing /home/airflow/.local/lib/python3.7/site-packages/airflow/example_dags/tutorial_dag.py took 0.104 seconds
[2022-09-19T18:45:42.343+0000] {processor.py:156} INFO - Started process (PID=246) to work on /home/airflow/.local/lib/python3.7/site-packages/airflow/example_dags/tutorial_dag.py
[2022-09-19T18:45:42.343+0000] {processor.py:758} INFO - Processing file /home/airflow/.local/lib/python3.7/site-packages/airflow/example_dags/tutorial_dag.py for tasks to queue
[2022-09-19T18:45:42.344+0000] {logging_mixin.py:117} INFO - [2022-09-19T18:45:42.344+0000] {dagbag.py:525} INFO - Filling up the DagBag from /home/airflow/.local/lib/python3.7/site-packages/airflow/example_dags/tutorial_dag.py
[2022-09-19T18:45:42.357+0000] {processor.py:768} INFO - DAG(s) dict_keys(['tutorial_dag']) retrieved from /home/airflow/.local/lib/python3.7/site-packages/airflow/example_dags/tutorial_dag.py
[2022-09-19T18:45:42.400+0000] {logging_mixin.py:117} INFO - [2022-09-19T18:45:42.399+0000] {dag.py:2573} INFO - Sync 1 DAGs
[2022-09-19T18:45:42.427+0000] {logging_mixin.py:117} INFO - [2022-09-19T18:45:42.427+0000] {dag.py:3328} INFO - Setting next_dagrun for tutorial_dag to None, run_after=None
[2022-09-19T18:45:42.449+0000] {processor.py:178} INFO - Processing /home/airflow/.local/lib/python3.7/site-packages/airflow/example_dags/tutorial_dag.py took 0.109 seconds
[2022-09-19T18:46:13.310+0000] {processor.py:156} INFO - Started process (PID=300) to work on /home/airflow/.local/lib/python3.7/site-packages/airflow/example_dags/tutorial_dag.py
[2022-09-19T18:46:13.310+0000] {processor.py:758} INFO - Processing file /home/airflow/.local/lib/python3.7/site-packages/airflow/example_dags/tutorial_dag.py for tasks to queue
[2022-09-19T18:46:13.311+0000] {logging_mixin.py:117} INFO - [2022-09-19T18:46:13.311+0000] {dagbag.py:525} INFO - Filling up the DagBag from /home/airflow/.local/lib/python3.7/site-packages/airflow/example_dags/tutorial_dag.py
[2022-09-19T18:46:13.322+0000] {processor.py:768} INFO - DAG(s) dict_keys(['tutorial_dag']) retrieved from /home/airflow/.local/lib/python3.7/site-packages/airflow/example_dags/tutorial_dag.py
[2022-09-19T18:46:13.357+0000] {logging_mixin.py:117} INFO - [2022-09-19T18:46:13.357+0000] {dag.py:2573} INFO - Sync 1 DAGs
[2022-09-19T18:46:13.379+0000] {logging_mixin.py:117} INFO - [2022-09-19T18:46:13.379+0000] {dag.py:3328} INFO - Setting next_dagrun for tutorial_dag to None, run_after=None
[2022-09-19T18:46:13.400+0000] {processor.py:178} INFO - Processing /home/airflow/.local/lib/python3.7/site-packages/airflow/example_dags/tutorial_dag.py took 0.093 seconds
[2022-09-19T18:46:44.238+0000] {processor.py:156} INFO - Started process (PID=363) to work on /home/airflow/.local/lib/python3.7/site-packages/airflow/example_dags/tutorial_dag.py
[2022-09-19T18:46:44.238+0000] {processor.py:758} INFO - Processing file /home/airflow/.local/lib/python3.7/site-packages/airflow/example_dags/tutorial_dag.py for tasks to queue
[2022-09-19T18:46:44.239+0000] {logging_mixin.py:117} INFO - [2022-09-19T18:46:44.239+0000] {dagbag.py:525} INFO - Filling up the DagBag from /home/airflow/.local/lib/python3.7/site-packages/airflow/example_dags/tutorial_dag.py
[2022-09-19T18:46:44.253+0000] {processor.py:768} INFO - DAG(s) dict_keys(['tutorial_dag']) retrieved from /home/airflow/.local/lib/python3.7/site-packages/airflow/example_dags/tutorial_dag.py
[2022-09-19T18:46:44.295+0000] {logging_mixin.py:117} INFO - [2022-09-19T18:46:44.295+0000] {dag.py:2573} INFO - Sync 1 DAGs
[2022-09-19T18:46:44.324+0000] {logging_mixin.py:117} INFO - [2022-09-19T18:46:44.323+0000] {dag.py:3328} INFO - Setting next_dagrun for tutorial_dag to None, run_after=None
[2022-09-19T18:46:44.347+0000] {processor.py:178} INFO - Processing /home/airflow/.local/lib/python3.7/site-packages/airflow/example_dags/tutorial_dag.py took 0.113 seconds
[2022-09-19T18:47:14.884+0000] {processor.py:156} INFO - Started process (PID=427) to work on /home/airflow/.local/lib/python3.7/site-packages/airflow/example_dags/tutorial_dag.py
[2022-09-19T18:47:14.884+0000] {processor.py:758} INFO - Processing file /home/airflow/.local/lib/python3.7/site-packages/airflow/example_dags/tutorial_dag.py for tasks to queue
[2022-09-19T18:47:14.885+0000] {logging_mixin.py:117} INFO - [2022-09-19T18:47:14.885+0000] {dagbag.py:525} INFO - Filling up the DagBag from /home/airflow/.local/lib/python3.7/site-packages/airflow/example_dags/tutorial_dag.py
[2022-09-19T18:47:14.908+0000] {processor.py:768} INFO - DAG(s) dict_keys(['tutorial_dag']) retrieved from /home/airflow/.local/lib/python3.7/site-packages/airflow/example_dags/tutorial_dag.py
[2022-09-19T18:47:14.954+0000] {logging_mixin.py:117} INFO - [2022-09-19T18:47:14.954+0000] {dag.py:2573} INFO - Sync 1 DAGs
[2022-09-19T18:47:14.987+0000] {logging_mixin.py:117} INFO - [2022-09-19T18:47:14.987+0000] {dag.py:3328} INFO - Setting next_dagrun for tutorial_dag to None, run_after=None
[2022-09-19T18:47:15.019+0000] {processor.py:178} INFO - Processing /home/airflow/.local/lib/python3.7/site-packages/airflow/example_dags/tutorial_dag.py took 0.139 seconds
[2022-09-19T18:47:45.288+0000] {processor.py:156} INFO - Started process (PID=481) to work on /home/airflow/.local/lib/python3.7/site-packages/airflow/example_dags/tutorial_dag.py
[2022-09-19T18:47:45.288+0000] {processor.py:758} INFO - Processing file /home/airflow/.local/lib/python3.7/site-packages/airflow/example_dags/tutorial_dag.py for tasks to queue
[2022-09-19T18:47:45.289+0000] {logging_mixin.py:117} INFO - [2022-09-19T18:47:45.289+0000] {dagbag.py:525} INFO - Filling up the DagBag from /home/airflow/.local/lib/python3.7/site-packages/airflow/example_dags/tutorial_dag.py
[2022-09-19T18:47:45.302+0000] {processor.py:768} INFO - DAG(s) dict_keys(['tutorial_dag']) retrieved from /home/airflow/.local/lib/python3.7/site-packages/airflow/example_dags/tutorial_dag.py
[2022-09-19T18:47:45.342+0000] {logging_mixin.py:117} INFO - [2022-09-19T18:47:45.342+0000] {dag.py:2573} INFO - Sync 1 DAGs
[2022-09-19T18:47:45.373+0000] {logging_mixin.py:117} INFO - [2022-09-19T18:47:45.373+0000] {dag.py:3328} INFO - Setting next_dagrun for tutorial_dag to None, run_after=None
[2022-09-19T18:47:45.396+0000] {processor.py:178} INFO - Processing /home/airflow/.local/lib/python3.7/site-packages/airflow/example_dags/tutorial_dag.py took 0.111 seconds
[2022-09-19T18:48:15.908+0000] {processor.py:156} INFO - Started process (PID=544) to work on /home/airflow/.local/lib/python3.7/site-packages/airflow/example_dags/tutorial_dag.py
[2022-09-19T18:48:15.909+0000] {processor.py:758} INFO - Processing file /home/airflow/.local/lib/python3.7/site-packages/airflow/example_dags/tutorial_dag.py for tasks to queue
[2022-09-19T18:48:15.909+0000] {logging_mixin.py:117} INFO - [2022-09-19T18:48:15.909+0000] {dagbag.py:525} INFO - Filling up the DagBag from /home/airflow/.local/lib/python3.7/site-packages/airflow/example_dags/tutorial_dag.py
[2022-09-19T18:48:15.925+0000] {processor.py:768} INFO - DAG(s) dict_keys(['tutorial_dag']) retrieved from /home/airflow/.local/lib/python3.7/site-packages/airflow/example_dags/tutorial_dag.py
[2022-09-19T18:48:15.971+0000] {logging_mixin.py:117} INFO - [2022-09-19T18:48:15.971+0000] {dag.py:2573} INFO - Sync 1 DAGs
[2022-09-19T18:48:16.003+0000] {logging_mixin.py:117} INFO - [2022-09-19T18:48:16.003+0000] {dag.py:3328} INFO - Setting next_dagrun for tutorial_dag to None, run_after=None
[2022-09-19T18:48:16.032+0000] {processor.py:178} INFO - Processing /home/airflow/.local/lib/python3.7/site-packages/airflow/example_dags/tutorial_dag.py took 0.127 seconds
[2022-09-19T18:48:46.628+0000] {processor.py:156} INFO - Started process (PID=598) to work on /home/airflow/.local/lib/python3.7/site-packages/airflow/example_dags/tutorial_dag.py
[2022-09-19T18:48:46.629+0000] {processor.py:758} INFO - Processing file /home/airflow/.local/lib/python3.7/site-packages/airflow/example_dags/tutorial_dag.py for tasks to queue
[2022-09-19T18:48:46.629+0000] {logging_mixin.py:117} INFO - [2022-09-19T18:48:46.629+0000] {dagbag.py:525} INFO - Filling up the DagBag from /home/airflow/.local/lib/python3.7/site-packages/airflow/example_dags/tutorial_dag.py
[2022-09-19T18:48:46.642+0000] {processor.py:768} INFO - DAG(s) dict_keys(['tutorial_dag']) retrieved from /home/airflow/.local/lib/python3.7/site-packages/airflow/example_dags/tutorial_dag.py
[2022-09-19T18:48:46.680+0000] {logging_mixin.py:117} INFO - [2022-09-19T18:48:46.680+0000] {dag.py:2573} INFO - Sync 1 DAGs
[2022-09-19T18:48:46.709+0000] {logging_mixin.py:117} INFO - [2022-09-19T18:48:46.709+0000] {dag.py:3328} INFO - Setting next_dagrun for tutorial_dag to None, run_after=None
[2022-09-19T18:48:46.743+0000] {processor.py:178} INFO - Processing /home/airflow/.local/lib/python3.7/site-packages/airflow/example_dags/tutorial_dag.py took 0.117 seconds
[2022-09-19T18:49:17.548+0000] {processor.py:156} INFO - Started process (PID=661) to work on /home/airflow/.local/lib/python3.7/site-packages/airflow/example_dags/tutorial_dag.py
[2022-09-19T18:49:17.549+0000] {processor.py:758} INFO - Processing file /home/airflow/.local/lib/python3.7/site-packages/airflow/example_dags/tutorial_dag.py for tasks to queue
[2022-09-19T18:49:17.549+0000] {logging_mixin.py:117} INFO - [2022-09-19T18:49:17.549+0000] {dagbag.py:525} INFO - Filling up the DagBag from /home/airflow/.local/lib/python3.7/site-packages/airflow/example_dags/tutorial_dag.py
[2022-09-19T18:49:17.566+0000] {processor.py:768} INFO - DAG(s) dict_keys(['tutorial_dag']) retrieved from /home/airflow/.local/lib/python3.7/site-packages/airflow/example_dags/tutorial_dag.py
[2022-09-19T18:49:17.610+0000] {logging_mixin.py:117} INFO - [2022-09-19T18:49:17.610+0000] {dag.py:2573} INFO - Sync 1 DAGs
[2022-09-19T18:49:17.636+0000] {logging_mixin.py:117} INFO - [2022-09-19T18:49:17.636+0000] {dag.py:3328} INFO - Setting next_dagrun for tutorial_dag to None, run_after=None
[2022-09-19T18:49:17.660+0000] {processor.py:178} INFO - Processing /home/airflow/.local/lib/python3.7/site-packages/airflow/example_dags/tutorial_dag.py took 0.116 seconds
[2022-09-19T18:49:47.690+0000] {processor.py:156} INFO - Started process (PID=724) to work on /home/airflow/.local/lib/python3.7/site-packages/airflow/example_dags/tutorial_dag.py
[2022-09-19T18:49:47.691+0000] {processor.py:758} INFO - Processing file /home/airflow/.local/lib/python3.7/site-packages/airflow/example_dags/tutorial_dag.py for tasks to queue
[2022-09-19T18:49:47.691+0000] {logging_mixin.py:117} INFO - [2022-09-19T18:49:47.691+0000] {dagbag.py:525} INFO - Filling up the DagBag from /home/airflow/.local/lib/python3.7/site-packages/airflow/example_dags/tutorial_dag.py
[2022-09-19T18:49:47.708+0000] {processor.py:768} INFO - DAG(s) dict_keys(['tutorial_dag']) retrieved from /home/airflow/.local/lib/python3.7/site-packages/airflow/example_dags/tutorial_dag.py
[2022-09-19T18:49:47.750+0000] {logging_mixin.py:117} INFO - [2022-09-19T18:49:47.750+0000] {dag.py:2573} INFO - Sync 1 DAGs
[2022-09-19T18:49:47.779+0000] {logging_mixin.py:117} INFO - [2022-09-19T18:49:47.779+0000] {dag.py:3328} INFO - Setting next_dagrun for tutorial_dag to None, run_after=None
[2022-09-19T18:49:47.803+0000] {processor.py:178} INFO - Processing /home/airflow/.local/lib/python3.7/site-packages/airflow/example_dags/tutorial_dag.py took 0.116 seconds
[2022-09-19T18:50:18.068+0000] {processor.py:156} INFO - Started process (PID=778) to work on /home/airflow/.local/lib/python3.7/site-packages/airflow/example_dags/tutorial_dag.py
[2022-09-19T18:50:18.068+0000] {processor.py:758} INFO - Processing file /home/airflow/.local/lib/python3.7/site-packages/airflow/example_dags/tutorial_dag.py for tasks to queue
[2022-09-19T18:50:18.068+0000] {logging_mixin.py:117} INFO - [2022-09-19T18:50:18.068+0000] {dagbag.py:525} INFO - Filling up the DagBag from /home/airflow/.local/lib/python3.7/site-packages/airflow/example_dags/tutorial_dag.py
[2022-09-19T18:50:18.079+0000] {processor.py:768} INFO - DAG(s) dict_keys(['tutorial_dag']) retrieved from /home/airflow/.local/lib/python3.7/site-packages/airflow/example_dags/tutorial_dag.py
[2022-09-19T18:50:18.114+0000] {logging_mixin.py:117} INFO - [2022-09-19T18:50:18.114+0000] {dag.py:2573} INFO - Sync 1 DAGs
[2022-09-19T18:50:18.136+0000] {logging_mixin.py:117} INFO - [2022-09-19T18:50:18.136+0000] {dag.py:3328} INFO - Setting next_dagrun for tutorial_dag to None, run_after=None
[2022-09-19T18:50:18.155+0000] {processor.py:178} INFO - Processing /home/airflow/.local/lib/python3.7/site-packages/airflow/example_dags/tutorial_dag.py took 0.090 seconds
[2022-09-19T18:50:48.357+0000] {processor.py:156} INFO - Started process (PID=840) to work on /home/airflow/.local/lib/python3.7/site-packages/airflow/example_dags/tutorial_dag.py
[2022-09-19T18:50:48.358+0000] {processor.py:758} INFO - Processing file /home/airflow/.local/lib/python3.7/site-packages/airflow/example_dags/tutorial_dag.py for tasks to queue
[2022-09-19T18:50:48.359+0000] {logging_mixin.py:117} INFO - [2022-09-19T18:50:48.359+0000] {dagbag.py:525} INFO - Filling up the DagBag from /home/airflow/.local/lib/python3.7/site-packages/airflow/example_dags/tutorial_dag.py
[2022-09-19T18:50:48.371+0000] {processor.py:768} INFO - DAG(s) dict_keys(['tutorial_dag']) retrieved from /home/airflow/.local/lib/python3.7/site-packages/airflow/example_dags/tutorial_dag.py
[2022-09-19T18:50:48.421+0000] {logging_mixin.py:117} INFO - [2022-09-19T18:50:48.421+0000] {dag.py:2573} INFO - Sync 1 DAGs
[2022-09-19T18:50:48.455+0000] {logging_mixin.py:117} INFO - [2022-09-19T18:50:48.454+0000] {dag.py:3328} INFO - Setting next_dagrun for tutorial_dag to None, run_after=None
[2022-09-19T18:50:48.486+0000] {processor.py:178} INFO - Processing /home/airflow/.local/lib/python3.7/site-packages/airflow/example_dags/tutorial_dag.py took 0.132 seconds
[2022-09-19T18:51:19.338+0000] {processor.py:156} INFO - Started process (PID=902) to work on /home/airflow/.local/lib/python3.7/site-packages/airflow/example_dags/tutorial_dag.py
[2022-09-19T18:51:19.338+0000] {processor.py:758} INFO - Processing file /home/airflow/.local/lib/python3.7/site-packages/airflow/example_dags/tutorial_dag.py for tasks to queue
[2022-09-19T18:51:19.339+0000] {logging_mixin.py:117} INFO - [2022-09-19T18:51:19.339+0000] {dagbag.py:525} INFO - Filling up the DagBag from /home/airflow/.local/lib/python3.7/site-packages/airflow/example_dags/tutorial_dag.py
[2022-09-19T18:51:19.353+0000] {processor.py:768} INFO - DAG(s) dict_keys(['tutorial_dag']) retrieved from /home/airflow/.local/lib/python3.7/site-packages/airflow/example_dags/tutorial_dag.py
[2022-09-19T18:51:19.391+0000] {logging_mixin.py:117} INFO - [2022-09-19T18:51:19.391+0000] {dag.py:2573} INFO - Sync 1 DAGs
[2022-09-19T18:51:19.419+0000] {logging_mixin.py:117} INFO - [2022-09-19T18:51:19.419+0000] {dag.py:3328} INFO - Setting next_dagrun for tutorial_dag to None, run_after=None
[2022-09-19T18:51:19.441+0000] {processor.py:178} INFO - Processing /home/airflow/.local/lib/python3.7/site-packages/airflow/example_dags/tutorial_dag.py took 0.106 seconds
[2022-09-19T18:51:49.682+0000] {processor.py:156} INFO - Started process (PID=956) to work on /home/airflow/.local/lib/python3.7/site-packages/airflow/example_dags/tutorial_dag.py
[2022-09-19T18:51:49.683+0000] {processor.py:758} INFO - Processing file /home/airflow/.local/lib/python3.7/site-packages/airflow/example_dags/tutorial_dag.py for tasks to queue
[2022-09-19T18:51:49.683+0000] {logging_mixin.py:117} INFO - [2022-09-19T18:51:49.683+0000] {dagbag.py:525} INFO - Filling up the DagBag from /home/airflow/.local/lib/python3.7/site-packages/airflow/example_dags/tutorial_dag.py
[2022-09-19T18:51:49.697+0000] {processor.py:768} INFO - DAG(s) dict_keys(['tutorial_dag']) retrieved from /home/airflow/.local/lib/python3.7/site-packages/airflow/example_dags/tutorial_dag.py
[2022-09-19T18:51:49.735+0000] {logging_mixin.py:117} INFO - [2022-09-19T18:51:49.735+0000] {dag.py:2573} INFO - Sync 1 DAGs
[2022-09-19T18:51:49.766+0000] {logging_mixin.py:117} INFO - [2022-09-19T18:51:49.766+0000] {dag.py:3328} INFO - Setting next_dagrun for tutorial_dag to None, run_after=None
[2022-09-19T18:51:49.792+0000] {processor.py:178} INFO - Processing /home/airflow/.local/lib/python3.7/site-packages/airflow/example_dags/tutorial_dag.py took 0.113 seconds
[2022-09-19T18:52:19.939+0000] {processor.py:156} INFO - Started process (PID=1019) to work on /home/airflow/.local/lib/python3.7/site-packages/airflow/example_dags/tutorial_dag.py
[2022-09-19T18:52:19.939+0000] {processor.py:758} INFO - Processing file /home/airflow/.local/lib/python3.7/site-packages/airflow/example_dags/tutorial_dag.py for tasks to queue
[2022-09-19T18:52:19.940+0000] {logging_mixin.py:117} INFO - [2022-09-19T18:52:19.940+0000] {dagbag.py:525} INFO - Filling up the DagBag from /home/airflow/.local/lib/python3.7/site-packages/airflow/example_dags/tutorial_dag.py
[2022-09-19T18:52:19.952+0000] {processor.py:768} INFO - DAG(s) dict_keys(['tutorial_dag']) retrieved from /home/airflow/.local/lib/python3.7/site-packages/airflow/example_dags/tutorial_dag.py
[2022-09-19T18:52:19.998+0000] {logging_mixin.py:117} INFO - [2022-09-19T18:52:19.997+0000] {dag.py:2573} INFO - Sync 1 DAGs
[2022-09-19T18:52:20.027+0000] {logging_mixin.py:117} INFO - [2022-09-19T18:52:20.027+0000] {dag.py:3328} INFO - Setting next_dagrun for tutorial_dag to None, run_after=None
[2022-09-19T18:52:20.049+0000] {processor.py:178} INFO - Processing /home/airflow/.local/lib/python3.7/site-packages/airflow/example_dags/tutorial_dag.py took 0.114 seconds
[2022-09-19T18:52:50.480+0000] {processor.py:156} INFO - Started process (PID=1080) to work on /home/airflow/.local/lib/python3.7/site-packages/airflow/example_dags/tutorial_dag.py
[2022-09-19T18:52:50.481+0000] {processor.py:758} INFO - Processing file /home/airflow/.local/lib/python3.7/site-packages/airflow/example_dags/tutorial_dag.py for tasks to queue
[2022-09-19T18:52:50.482+0000] {logging_mixin.py:117} INFO - [2022-09-19T18:52:50.482+0000] {dagbag.py:525} INFO - Filling up the DagBag from /home/airflow/.local/lib/python3.7/site-packages/airflow/example_dags/tutorial_dag.py
[2022-09-19T18:52:50.505+0000] {processor.py:768} INFO - DAG(s) dict_keys(['tutorial_dag']) retrieved from /home/airflow/.local/lib/python3.7/site-packages/airflow/example_dags/tutorial_dag.py
[2022-09-19T18:52:50.561+0000] {logging_mixin.py:117} INFO - [2022-09-19T18:52:50.561+0000] {dag.py:2573} INFO - Sync 1 DAGs
[2022-09-19T18:52:50.598+0000] {logging_mixin.py:117} INFO - [2022-09-19T18:52:50.598+0000] {dag.py:3328} INFO - Setting next_dagrun for tutorial_dag to None, run_after=None
[2022-09-19T18:52:50.634+0000] {processor.py:178} INFO - Processing /home/airflow/.local/lib/python3.7/site-packages/airflow/example_dags/tutorial_dag.py took 0.158 seconds
[2022-09-19T18:53:21.373+0000] {processor.py:156} INFO - Started process (PID=1134) to work on /home/airflow/.local/lib/python3.7/site-packages/airflow/example_dags/tutorial_dag.py
[2022-09-19T18:53:21.373+0000] {processor.py:758} INFO - Processing file /home/airflow/.local/lib/python3.7/site-packages/airflow/example_dags/tutorial_dag.py for tasks to queue
[2022-09-19T18:53:21.374+0000] {logging_mixin.py:117} INFO - [2022-09-19T18:53:21.374+0000] {dagbag.py:525} INFO - Filling up the DagBag from /home/airflow/.local/lib/python3.7/site-packages/airflow/example_dags/tutorial_dag.py
[2022-09-19T18:53:21.386+0000] {processor.py:768} INFO - DAG(s) dict_keys(['tutorial_dag']) retrieved from /home/airflow/.local/lib/python3.7/site-packages/airflow/example_dags/tutorial_dag.py
[2022-09-19T18:53:21.436+0000] {logging_mixin.py:117} INFO - [2022-09-19T18:53:21.436+0000] {dag.py:2573} INFO - Sync 1 DAGs
[2022-09-19T18:53:21.464+0000] {logging_mixin.py:117} INFO - [2022-09-19T18:53:21.464+0000] {dag.py:3328} INFO - Setting next_dagrun for tutorial_dag to None, run_after=None
[2022-09-19T18:53:21.486+0000] {processor.py:178} INFO - Processing /home/airflow/.local/lib/python3.7/site-packages/airflow/example_dags/tutorial_dag.py took 0.115 seconds
[2022-09-19T18:53:52.326+0000] {processor.py:156} INFO - Started process (PID=1195) to work on /home/airflow/.local/lib/python3.7/site-packages/airflow/example_dags/tutorial_dag.py
[2022-09-19T18:53:52.327+0000] {processor.py:758} INFO - Processing file /home/airflow/.local/lib/python3.7/site-packages/airflow/example_dags/tutorial_dag.py for tasks to queue
[2022-09-19T18:53:52.328+0000] {logging_mixin.py:117} INFO - [2022-09-19T18:53:52.328+0000] {dagbag.py:525} INFO - Filling up the DagBag from /home/airflow/.local/lib/python3.7/site-packages/airflow/example_dags/tutorial_dag.py
[2022-09-19T18:53:52.342+0000] {processor.py:768} INFO - DAG(s) dict_keys(['tutorial_dag']) retrieved from /home/airflow/.local/lib/python3.7/site-packages/airflow/example_dags/tutorial_dag.py
[2022-09-19T18:53:52.386+0000] {logging_mixin.py:117} INFO - [2022-09-19T18:53:52.386+0000] {dag.py:2573} INFO - Sync 1 DAGs
[2022-09-19T18:53:52.421+0000] {logging_mixin.py:117} INFO - [2022-09-19T18:53:52.421+0000] {dag.py:3328} INFO - Setting next_dagrun for tutorial_dag to None, run_after=None
[2022-09-19T18:53:52.445+0000] {processor.py:178} INFO - Processing /home/airflow/.local/lib/python3.7/site-packages/airflow/example_dags/tutorial_dag.py took 0.122 seconds
[2022-09-19T18:54:22.578+0000] {processor.py:156} INFO - Started process (PID=1249) to work on /home/airflow/.local/lib/python3.7/site-packages/airflow/example_dags/tutorial_dag.py
[2022-09-19T18:54:22.579+0000] {processor.py:758} INFO - Processing file /home/airflow/.local/lib/python3.7/site-packages/airflow/example_dags/tutorial_dag.py for tasks to queue
[2022-09-19T18:54:22.580+0000] {logging_mixin.py:117} INFO - [2022-09-19T18:54:22.580+0000] {dagbag.py:525} INFO - Filling up the DagBag from /home/airflow/.local/lib/python3.7/site-packages/airflow/example_dags/tutorial_dag.py
[2022-09-19T18:54:22.599+0000] {processor.py:768} INFO - DAG(s) dict_keys(['tutorial_dag']) retrieved from /home/airflow/.local/lib/python3.7/site-packages/airflow/example_dags/tutorial_dag.py
[2022-09-19T18:54:22.653+0000] {logging_mixin.py:117} INFO - [2022-09-19T18:54:22.653+0000] {dag.py:2573} INFO - Sync 1 DAGs
[2022-09-19T18:54:22.687+0000] {logging_mixin.py:117} INFO - [2022-09-19T18:54:22.687+0000] {dag.py:3328} INFO - Setting next_dagrun for tutorial_dag to None, run_after=None
[2022-09-19T18:54:22.713+0000] {processor.py:178} INFO - Processing /home/airflow/.local/lib/python3.7/site-packages/airflow/example_dags/tutorial_dag.py took 0.137 seconds
[2022-09-19T18:54:52.793+0000] {processor.py:156} INFO - Started process (PID=1313) to work on /home/airflow/.local/lib/python3.7/site-packages/airflow/example_dags/tutorial_dag.py
[2022-09-19T18:54:52.793+0000] {processor.py:758} INFO - Processing file /home/airflow/.local/lib/python3.7/site-packages/airflow/example_dags/tutorial_dag.py for tasks to queue
[2022-09-19T18:54:52.794+0000] {logging_mixin.py:117} INFO - [2022-09-19T18:54:52.793+0000] {dagbag.py:525} INFO - Filling up the DagBag from /home/airflow/.local/lib/python3.7/site-packages/airflow/example_dags/tutorial_dag.py
[2022-09-19T18:54:52.806+0000] {processor.py:768} INFO - DAG(s) dict_keys(['tutorial_dag']) retrieved from /home/airflow/.local/lib/python3.7/site-packages/airflow/example_dags/tutorial_dag.py
[2022-09-19T18:54:52.843+0000] {logging_mixin.py:117} INFO - [2022-09-19T18:54:52.843+0000] {dag.py:2573} INFO - Sync 1 DAGs
[2022-09-19T18:54:52.869+0000] {logging_mixin.py:117} INFO - [2022-09-19T18:54:52.869+0000] {dag.py:3328} INFO - Setting next_dagrun for tutorial_dag to None, run_after=None
[2022-09-19T18:54:52.890+0000] {processor.py:178} INFO - Processing /home/airflow/.local/lib/python3.7/site-packages/airflow/example_dags/tutorial_dag.py took 0.100 seconds
[2022-09-19T18:55:22.933+0000] {processor.py:156} INFO - Started process (PID=1374) to work on /home/airflow/.local/lib/python3.7/site-packages/airflow/example_dags/tutorial_dag.py
[2022-09-19T18:55:22.934+0000] {processor.py:758} INFO - Processing file /home/airflow/.local/lib/python3.7/site-packages/airflow/example_dags/tutorial_dag.py for tasks to queue
[2022-09-19T18:55:22.934+0000] {logging_mixin.py:117} INFO - [2022-09-19T18:55:22.934+0000] {dagbag.py:525} INFO - Filling up the DagBag from /home/airflow/.local/lib/python3.7/site-packages/airflow/example_dags/tutorial_dag.py
[2022-09-19T18:55:22.947+0000] {processor.py:768} INFO - DAG(s) dict_keys(['tutorial_dag']) retrieved from /home/airflow/.local/lib/python3.7/site-packages/airflow/example_dags/tutorial_dag.py
[2022-09-19T18:55:22.985+0000] {logging_mixin.py:117} INFO - [2022-09-19T18:55:22.984+0000] {dag.py:2573} INFO - Sync 1 DAGs
[2022-09-19T18:55:23.008+0000] {logging_mixin.py:117} INFO - [2022-09-19T18:55:23.008+0000] {dag.py:3328} INFO - Setting next_dagrun for tutorial_dag to None, run_after=None
[2022-09-19T18:55:23.029+0000] {processor.py:178} INFO - Processing /home/airflow/.local/lib/python3.7/site-packages/airflow/example_dags/tutorial_dag.py took 0.099 seconds
[2022-09-19T18:55:53.119+0000] {processor.py:156} INFO - Started process (PID=1428) to work on /home/airflow/.local/lib/python3.7/site-packages/airflow/example_dags/tutorial_dag.py
[2022-09-19T18:55:53.119+0000] {processor.py:758} INFO - Processing file /home/airflow/.local/lib/python3.7/site-packages/airflow/example_dags/tutorial_dag.py for tasks to queue
[2022-09-19T18:55:53.120+0000] {logging_mixin.py:117} INFO - [2022-09-19T18:55:53.120+0000] {dagbag.py:525} INFO - Filling up the DagBag from /home/airflow/.local/lib/python3.7/site-packages/airflow/example_dags/tutorial_dag.py
[2022-09-19T18:55:53.133+0000] {processor.py:768} INFO - DAG(s) dict_keys(['tutorial_dag']) retrieved from /home/airflow/.local/lib/python3.7/site-packages/airflow/example_dags/tutorial_dag.py
[2022-09-19T18:55:53.167+0000] {logging_mixin.py:117} INFO - [2022-09-19T18:55:53.167+0000] {dag.py:2573} INFO - Sync 1 DAGs
[2022-09-19T18:55:53.190+0000] {logging_mixin.py:117} INFO - [2022-09-19T18:55:53.190+0000] {dag.py:3328} INFO - Setting next_dagrun for tutorial_dag to None, run_after=None
[2022-09-19T18:55:53.207+0000] {processor.py:178} INFO - Processing /home/airflow/.local/lib/python3.7/site-packages/airflow/example_dags/tutorial_dag.py took 0.091 seconds
[2022-09-19T18:56:23.259+0000] {processor.py:156} INFO - Started process (PID=1490) to work on /home/airflow/.local/lib/python3.7/site-packages/airflow/example_dags/tutorial_dag.py
[2022-09-19T18:56:23.260+0000] {processor.py:758} INFO - Processing file /home/airflow/.local/lib/python3.7/site-packages/airflow/example_dags/tutorial_dag.py for tasks to queue
[2022-09-19T18:56:23.260+0000] {logging_mixin.py:117} INFO - [2022-09-19T18:56:23.260+0000] {dagbag.py:525} INFO - Filling up the DagBag from /home/airflow/.local/lib/python3.7/site-packages/airflow/example_dags/tutorial_dag.py
[2022-09-19T18:56:23.270+0000] {processor.py:768} INFO - DAG(s) dict_keys(['tutorial_dag']) retrieved from /home/airflow/.local/lib/python3.7/site-packages/airflow/example_dags/tutorial_dag.py
[2022-09-19T18:56:23.302+0000] {logging_mixin.py:117} INFO - [2022-09-19T18:56:23.302+0000] {dag.py:2573} INFO - Sync 1 DAGs
[2022-09-19T18:56:23.324+0000] {logging_mixin.py:117} INFO - [2022-09-19T18:56:23.323+0000] {dag.py:3328} INFO - Setting next_dagrun for tutorial_dag to None, run_after=None
[2022-09-19T18:56:23.339+0000] {processor.py:178} INFO - Processing /home/airflow/.local/lib/python3.7/site-packages/airflow/example_dags/tutorial_dag.py took 0.082 seconds
[2022-09-19T18:56:53.898+0000] {processor.py:156} INFO - Started process (PID=1552) to work on /home/airflow/.local/lib/python3.7/site-packages/airflow/example_dags/tutorial_dag.py
[2022-09-19T18:56:53.899+0000] {processor.py:758} INFO - Processing file /home/airflow/.local/lib/python3.7/site-packages/airflow/example_dags/tutorial_dag.py for tasks to queue
[2022-09-19T18:56:53.900+0000] {logging_mixin.py:117} INFO - [2022-09-19T18:56:53.899+0000] {dagbag.py:525} INFO - Filling up the DagBag from /home/airflow/.local/lib/python3.7/site-packages/airflow/example_dags/tutorial_dag.py
[2022-09-19T18:56:53.915+0000] {processor.py:768} INFO - DAG(s) dict_keys(['tutorial_dag']) retrieved from /home/airflow/.local/lib/python3.7/site-packages/airflow/example_dags/tutorial_dag.py
[2022-09-19T18:56:53.961+0000] {logging_mixin.py:117} INFO - [2022-09-19T18:56:53.961+0000] {dag.py:2573} INFO - Sync 1 DAGs
[2022-09-19T18:56:53.994+0000] {logging_mixin.py:117} INFO - [2022-09-19T18:56:53.993+0000] {dag.py:3328} INFO - Setting next_dagrun for tutorial_dag to None, run_after=None
[2022-09-19T18:56:54.019+0000] {processor.py:178} INFO - Processing /home/airflow/.local/lib/python3.7/site-packages/airflow/example_dags/tutorial_dag.py took 0.124 seconds
[2022-09-19T18:57:24.937+0000] {processor.py:156} INFO - Started process (PID=1606) to work on /home/airflow/.local/lib/python3.7/site-packages/airflow/example_dags/tutorial_dag.py
[2022-09-19T18:57:24.937+0000] {processor.py:758} INFO - Processing file /home/airflow/.local/lib/python3.7/site-packages/airflow/example_dags/tutorial_dag.py for tasks to queue
[2022-09-19T18:57:24.938+0000] {logging_mixin.py:117} INFO - [2022-09-19T18:57:24.937+0000] {dagbag.py:525} INFO - Filling up the DagBag from /home/airflow/.local/lib/python3.7/site-packages/airflow/example_dags/tutorial_dag.py
[2022-09-19T18:57:24.950+0000] {processor.py:768} INFO - DAG(s) dict_keys(['tutorial_dag']) retrieved from /home/airflow/.local/lib/python3.7/site-packages/airflow/example_dags/tutorial_dag.py
[2022-09-19T18:57:24.989+0000] {logging_mixin.py:117} INFO - [2022-09-19T18:57:24.989+0000] {dag.py:2573} INFO - Sync 1 DAGs
[2022-09-19T18:57:25.027+0000] {logging_mixin.py:117} INFO - [2022-09-19T18:57:25.026+0000] {dag.py:3328} INFO - Setting next_dagrun for tutorial_dag to None, run_after=None
[2022-09-19T18:57:25.051+0000] {processor.py:178} INFO - Processing /home/airflow/.local/lib/python3.7/site-packages/airflow/example_dags/tutorial_dag.py took 0.117 seconds
[2022-09-19T18:57:55.148+0000] {processor.py:156} INFO - Started process (PID=1668) to work on /home/airflow/.local/lib/python3.7/site-packages/airflow/example_dags/tutorial_dag.py
[2022-09-19T18:57:55.148+0000] {processor.py:758} INFO - Processing file /home/airflow/.local/lib/python3.7/site-packages/airflow/example_dags/tutorial_dag.py for tasks to queue
[2022-09-19T18:57:55.149+0000] {logging_mixin.py:117} INFO - [2022-09-19T18:57:55.149+0000] {dagbag.py:525} INFO - Filling up the DagBag from /home/airflow/.local/lib/python3.7/site-packages/airflow/example_dags/tutorial_dag.py
[2022-09-19T18:57:55.162+0000] {processor.py:768} INFO - DAG(s) dict_keys(['tutorial_dag']) retrieved from /home/airflow/.local/lib/python3.7/site-packages/airflow/example_dags/tutorial_dag.py
[2022-09-19T18:57:55.208+0000] {logging_mixin.py:117} INFO - [2022-09-19T18:57:55.208+0000] {dag.py:2573} INFO - Sync 1 DAGs
[2022-09-19T18:57:55.239+0000] {logging_mixin.py:117} INFO - [2022-09-19T18:57:55.239+0000] {dag.py:3328} INFO - Setting next_dagrun for tutorial_dag to None, run_after=None
[2022-09-19T18:57:55.260+0000] {processor.py:178} INFO - Processing /home/airflow/.local/lib/python3.7/site-packages/airflow/example_dags/tutorial_dag.py took 0.115 seconds
[2022-09-19T18:58:25.302+0000] {processor.py:156} INFO - Started process (PID=1729) to work on /home/airflow/.local/lib/python3.7/site-packages/airflow/example_dags/tutorial_dag.py
[2022-09-19T18:58:25.303+0000] {processor.py:758} INFO - Processing file /home/airflow/.local/lib/python3.7/site-packages/airflow/example_dags/tutorial_dag.py for tasks to queue
[2022-09-19T18:58:25.304+0000] {logging_mixin.py:117} INFO - [2022-09-19T18:58:25.304+0000] {dagbag.py:525} INFO - Filling up the DagBag from /home/airflow/.local/lib/python3.7/site-packages/airflow/example_dags/tutorial_dag.py
[2022-09-19T18:58:25.320+0000] {processor.py:768} INFO - DAG(s) dict_keys(['tutorial_dag']) retrieved from /home/airflow/.local/lib/python3.7/site-packages/airflow/example_dags/tutorial_dag.py
[2022-09-19T18:58:25.373+0000] {logging_mixin.py:117} INFO - [2022-09-19T18:58:25.372+0000] {dag.py:2573} INFO - Sync 1 DAGs
[2022-09-19T18:58:25.405+0000] {logging_mixin.py:117} INFO - [2022-09-19T18:58:25.404+0000] {dag.py:3328} INFO - Setting next_dagrun for tutorial_dag to None, run_after=None
[2022-09-19T18:58:25.432+0000] {processor.py:178} INFO - Processing /home/airflow/.local/lib/python3.7/site-packages/airflow/example_dags/tutorial_dag.py took 0.133 seconds
[2022-09-19T18:58:55.514+0000] {processor.py:156} INFO - Started process (PID=1785) to work on /home/airflow/.local/lib/python3.7/site-packages/airflow/example_dags/tutorial_dag.py
[2022-09-19T18:58:55.515+0000] {processor.py:758} INFO - Processing file /home/airflow/.local/lib/python3.7/site-packages/airflow/example_dags/tutorial_dag.py for tasks to queue
[2022-09-19T18:58:55.515+0000] {logging_mixin.py:117} INFO - [2022-09-19T18:58:55.515+0000] {dagbag.py:525} INFO - Filling up the DagBag from /home/airflow/.local/lib/python3.7/site-packages/airflow/example_dags/tutorial_dag.py
[2022-09-19T18:58:55.527+0000] {processor.py:768} INFO - DAG(s) dict_keys(['tutorial_dag']) retrieved from /home/airflow/.local/lib/python3.7/site-packages/airflow/example_dags/tutorial_dag.py
[2022-09-19T18:58:55.561+0000] {logging_mixin.py:117} INFO - [2022-09-19T18:58:55.560+0000] {dag.py:2573} INFO - Sync 1 DAGs
[2022-09-19T18:58:55.583+0000] {logging_mixin.py:117} INFO - [2022-09-19T18:58:55.583+0000] {dag.py:3328} INFO - Setting next_dagrun for tutorial_dag to None, run_after=None
[2022-09-19T18:58:55.601+0000] {processor.py:178} INFO - Processing /home/airflow/.local/lib/python3.7/site-packages/airflow/example_dags/tutorial_dag.py took 0.089 seconds
[2022-09-19T18:59:26.157+0000] {processor.py:156} INFO - Started process (PID=1848) to work on /home/airflow/.local/lib/python3.7/site-packages/airflow/example_dags/tutorial_dag.py
[2022-09-19T18:59:26.158+0000] {processor.py:758} INFO - Processing file /home/airflow/.local/lib/python3.7/site-packages/airflow/example_dags/tutorial_dag.py for tasks to queue
[2022-09-19T18:59:26.158+0000] {logging_mixin.py:117} INFO - [2022-09-19T18:59:26.158+0000] {dagbag.py:525} INFO - Filling up the DagBag from /home/airflow/.local/lib/python3.7/site-packages/airflow/example_dags/tutorial_dag.py
[2022-09-19T18:59:26.172+0000] {processor.py:768} INFO - DAG(s) dict_keys(['tutorial_dag']) retrieved from /home/airflow/.local/lib/python3.7/site-packages/airflow/example_dags/tutorial_dag.py
[2022-09-19T18:59:26.208+0000] {logging_mixin.py:117} INFO - [2022-09-19T18:59:26.208+0000] {dag.py:2573} INFO - Sync 1 DAGs
[2022-09-19T18:59:26.232+0000] {logging_mixin.py:117} INFO - [2022-09-19T18:59:26.232+0000] {dag.py:3328} INFO - Setting next_dagrun for tutorial_dag to None, run_after=None
[2022-09-19T18:59:26.252+0000] {processor.py:178} INFO - Processing /home/airflow/.local/lib/python3.7/site-packages/airflow/example_dags/tutorial_dag.py took 0.098 seconds
[2022-09-19T18:59:56.935+0000] {processor.py:156} INFO - Started process (PID=1901) to work on /home/airflow/.local/lib/python3.7/site-packages/airflow/example_dags/tutorial_dag.py
[2022-09-19T18:59:56.936+0000] {processor.py:758} INFO - Processing file /home/airflow/.local/lib/python3.7/site-packages/airflow/example_dags/tutorial_dag.py for tasks to queue
[2022-09-19T18:59:56.936+0000] {logging_mixin.py:117} INFO - [2022-09-19T18:59:56.936+0000] {dagbag.py:525} INFO - Filling up the DagBag from /home/airflow/.local/lib/python3.7/site-packages/airflow/example_dags/tutorial_dag.py
[2022-09-19T18:59:56.950+0000] {processor.py:768} INFO - DAG(s) dict_keys(['tutorial_dag']) retrieved from /home/airflow/.local/lib/python3.7/site-packages/airflow/example_dags/tutorial_dag.py
[2022-09-19T18:59:56.988+0000] {logging_mixin.py:117} INFO - [2022-09-19T18:59:56.988+0000] {dag.py:2573} INFO - Sync 1 DAGs
[2022-09-19T18:59:57.015+0000] {logging_mixin.py:117} INFO - [2022-09-19T18:59:57.014+0000] {dag.py:3328} INFO - Setting next_dagrun for tutorial_dag to None, run_after=None
[2022-09-19T18:59:57.035+0000] {processor.py:178} INFO - Processing /home/airflow/.local/lib/python3.7/site-packages/airflow/example_dags/tutorial_dag.py took 0.102 seconds
[2022-09-19T19:00:27.280+0000] {processor.py:156} INFO - Started process (PID=1964) to work on /home/airflow/.local/lib/python3.7/site-packages/airflow/example_dags/tutorial_dag.py
[2022-09-19T19:00:27.281+0000] {processor.py:758} INFO - Processing file /home/airflow/.local/lib/python3.7/site-packages/airflow/example_dags/tutorial_dag.py for tasks to queue
[2022-09-19T19:00:27.282+0000] {logging_mixin.py:117} INFO - [2022-09-19T19:00:27.282+0000] {dagbag.py:525} INFO - Filling up the DagBag from /home/airflow/.local/lib/python3.7/site-packages/airflow/example_dags/tutorial_dag.py
[2022-09-19T19:00:27.300+0000] {processor.py:768} INFO - DAG(s) dict_keys(['tutorial_dag']) retrieved from /home/airflow/.local/lib/python3.7/site-packages/airflow/example_dags/tutorial_dag.py
[2022-09-19T19:00:27.349+0000] {logging_mixin.py:117} INFO - [2022-09-19T19:00:27.349+0000] {dag.py:2573} INFO - Sync 1 DAGs
[2022-09-19T19:00:27.393+0000] {logging_mixin.py:117} INFO - [2022-09-19T19:00:27.393+0000] {dag.py:3328} INFO - Setting next_dagrun for tutorial_dag to None, run_after=None
[2022-09-19T19:00:27.420+0000] {processor.py:178} INFO - Processing /home/airflow/.local/lib/python3.7/site-packages/airflow/example_dags/tutorial_dag.py took 0.144 seconds
[2022-09-19T19:00:58.275+0000] {processor.py:156} INFO - Started process (PID=2026) to work on /home/airflow/.local/lib/python3.7/site-packages/airflow/example_dags/tutorial_dag.py
[2022-09-19T19:00:58.275+0000] {processor.py:758} INFO - Processing file /home/airflow/.local/lib/python3.7/site-packages/airflow/example_dags/tutorial_dag.py for tasks to queue
[2022-09-19T19:00:58.276+0000] {logging_mixin.py:117} INFO - [2022-09-19T19:00:58.276+0000] {dagbag.py:525} INFO - Filling up the DagBag from /home/airflow/.local/lib/python3.7/site-packages/airflow/example_dags/tutorial_dag.py
[2022-09-19T19:00:58.286+0000] {processor.py:768} INFO - DAG(s) dict_keys(['tutorial_dag']) retrieved from /home/airflow/.local/lib/python3.7/site-packages/airflow/example_dags/tutorial_dag.py
[2022-09-19T19:00:58.322+0000] {logging_mixin.py:117} INFO - [2022-09-19T19:00:58.322+0000] {dag.py:2573} INFO - Sync 1 DAGs
[2022-09-19T19:00:58.344+0000] {logging_mixin.py:117} INFO - [2022-09-19T19:00:58.343+0000] {dag.py:3328} INFO - Setting next_dagrun for tutorial_dag to None, run_after=None
[2022-09-19T19:00:58.359+0000] {processor.py:178} INFO - Processing /home/airflow/.local/lib/python3.7/site-packages/airflow/example_dags/tutorial_dag.py took 0.086 seconds
[2022-09-19T19:01:28.828+0000] {processor.py:156} INFO - Started process (PID=2080) to work on /home/airflow/.local/lib/python3.7/site-packages/airflow/example_dags/tutorial_dag.py
[2022-09-19T19:01:28.829+0000] {processor.py:758} INFO - Processing file /home/airflow/.local/lib/python3.7/site-packages/airflow/example_dags/tutorial_dag.py for tasks to queue
[2022-09-19T19:01:28.830+0000] {logging_mixin.py:117} INFO - [2022-09-19T19:01:28.829+0000] {dagbag.py:525} INFO - Filling up the DagBag from /home/airflow/.local/lib/python3.7/site-packages/airflow/example_dags/tutorial_dag.py
[2022-09-19T19:01:28.844+0000] {processor.py:768} INFO - DAG(s) dict_keys(['tutorial_dag']) retrieved from /home/airflow/.local/lib/python3.7/site-packages/airflow/example_dags/tutorial_dag.py
[2022-09-19T19:01:28.879+0000] {logging_mixin.py:117} INFO - [2022-09-19T19:01:28.879+0000] {dag.py:2573} INFO - Sync 1 DAGs
[2022-09-19T19:01:28.902+0000] {logging_mixin.py:117} INFO - [2022-09-19T19:01:28.902+0000] {dag.py:3328} INFO - Setting next_dagrun for tutorial_dag to None, run_after=None
[2022-09-19T19:01:28.923+0000] {processor.py:178} INFO - Processing /home/airflow/.local/lib/python3.7/site-packages/airflow/example_dags/tutorial_dag.py took 0.097 seconds
[2022-09-19T19:01:59.310+0000] {processor.py:156} INFO - Started process (PID=2141) to work on /home/airflow/.local/lib/python3.7/site-packages/airflow/example_dags/tutorial_dag.py
[2022-09-19T19:01:59.311+0000] {processor.py:758} INFO - Processing file /home/airflow/.local/lib/python3.7/site-packages/airflow/example_dags/tutorial_dag.py for tasks to queue
[2022-09-19T19:01:59.311+0000] {logging_mixin.py:117} INFO - [2022-09-19T19:01:59.311+0000] {dagbag.py:525} INFO - Filling up the DagBag from /home/airflow/.local/lib/python3.7/site-packages/airflow/example_dags/tutorial_dag.py
[2022-09-19T19:01:59.325+0000] {processor.py:768} INFO - DAG(s) dict_keys(['tutorial_dag']) retrieved from /home/airflow/.local/lib/python3.7/site-packages/airflow/example_dags/tutorial_dag.py
[2022-09-19T19:01:59.362+0000] {logging_mixin.py:117} INFO - [2022-09-19T19:01:59.362+0000] {dag.py:2573} INFO - Sync 1 DAGs
[2022-09-19T19:01:59.388+0000] {logging_mixin.py:117} INFO - [2022-09-19T19:01:59.388+0000] {dag.py:3328} INFO - Setting next_dagrun for tutorial_dag to None, run_after=None
[2022-09-19T19:01:59.408+0000] {processor.py:178} INFO - Processing /home/airflow/.local/lib/python3.7/site-packages/airflow/example_dags/tutorial_dag.py took 0.101 seconds
[2022-09-19T19:02:29.953+0000] {processor.py:156} INFO - Started process (PID=2204) to work on /home/airflow/.local/lib/python3.7/site-packages/airflow/example_dags/tutorial_dag.py
[2022-09-19T19:02:29.954+0000] {processor.py:758} INFO - Processing file /home/airflow/.local/lib/python3.7/site-packages/airflow/example_dags/tutorial_dag.py for tasks to queue
[2022-09-19T19:02:29.954+0000] {logging_mixin.py:117} INFO - [2022-09-19T19:02:29.954+0000] {dagbag.py:525} INFO - Filling up the DagBag from /home/airflow/.local/lib/python3.7/site-packages/airflow/example_dags/tutorial_dag.py
[2022-09-19T19:02:29.967+0000] {processor.py:768} INFO - DAG(s) dict_keys(['tutorial_dag']) retrieved from /home/airflow/.local/lib/python3.7/site-packages/airflow/example_dags/tutorial_dag.py
[2022-09-19T19:02:29.999+0000] {logging_mixin.py:117} INFO - [2022-09-19T19:02:29.998+0000] {dag.py:2573} INFO - Sync 1 DAGs
[2022-09-19T19:02:30.021+0000] {logging_mixin.py:117} INFO - [2022-09-19T19:02:30.021+0000] {dag.py:3328} INFO - Setting next_dagrun for tutorial_dag to None, run_after=None
[2022-09-19T19:02:30.038+0000] {processor.py:178} INFO - Processing /home/airflow/.local/lib/python3.7/site-packages/airflow/example_dags/tutorial_dag.py took 0.087 seconds
[2022-09-19T19:03:00.165+0000] {processor.py:156} INFO - Started process (PID=2258) to work on /home/airflow/.local/lib/python3.7/site-packages/airflow/example_dags/tutorial_dag.py
[2022-09-19T19:03:00.166+0000] {processor.py:758} INFO - Processing file /home/airflow/.local/lib/python3.7/site-packages/airflow/example_dags/tutorial_dag.py for tasks to queue
[2022-09-19T19:03:00.166+0000] {logging_mixin.py:117} INFO - [2022-09-19T19:03:00.166+0000] {dagbag.py:525} INFO - Filling up the DagBag from /home/airflow/.local/lib/python3.7/site-packages/airflow/example_dags/tutorial_dag.py
[2022-09-19T19:03:00.177+0000] {processor.py:768} INFO - DAG(s) dict_keys(['tutorial_dag']) retrieved from /home/airflow/.local/lib/python3.7/site-packages/airflow/example_dags/tutorial_dag.py
[2022-09-19T19:03:00.208+0000] {logging_mixin.py:117} INFO - [2022-09-19T19:03:00.208+0000] {dag.py:2573} INFO - Sync 1 DAGs
[2022-09-19T19:03:00.229+0000] {logging_mixin.py:117} INFO - [2022-09-19T19:03:00.229+0000] {dag.py:3328} INFO - Setting next_dagrun for tutorial_dag to None, run_after=None
[2022-09-19T19:03:00.245+0000] {processor.py:178} INFO - Processing /home/airflow/.local/lib/python3.7/site-packages/airflow/example_dags/tutorial_dag.py took 0.082 seconds
