[2022-09-19T18:44:10.200+0000] {processor.py:156} INFO - Started process (PID=70) to work on /home/airflow/.local/lib/python3.7/site-packages/airflow/example_dags/tutorial_taskflow_api.py
[2022-09-19T18:44:10.201+0000] {processor.py:758} INFO - Processing file /home/airflow/.local/lib/python3.7/site-packages/airflow/example_dags/tutorial_taskflow_api.py for tasks to queue
[2022-09-19T18:44:10.201+0000] {logging_mixin.py:117} INFO - [2022-09-19T18:44:10.201+0000] {dagbag.py:525} INFO - Filling up the DagBag from /home/airflow/.local/lib/python3.7/site-packages/airflow/example_dags/tutorial_taskflow_api.py
[2022-09-19T18:44:10.225+0000] {processor.py:768} INFO - DAG(s) dict_keys(['tutorial_taskflow_api']) retrieved from /home/airflow/.local/lib/python3.7/site-packages/airflow/example_dags/tutorial_taskflow_api.py
[2022-09-19T18:44:10.248+0000] {logging_mixin.py:117} INFO - [2022-09-19T18:44:10.248+0000] {dag.py:2573} INFO - Sync 1 DAGs
[2022-09-19T18:44:10.275+0000] {logging_mixin.py:117} INFO - [2022-09-19T18:44:10.275+0000] {dag.py:3328} INFO - Setting next_dagrun for tutorial_taskflow_api to None, run_after=None
[2022-09-19T18:44:10.297+0000] {processor.py:178} INFO - Processing /home/airflow/.local/lib/python3.7/site-packages/airflow/example_dags/tutorial_taskflow_api.py took 0.099 seconds
[2022-09-19T18:44:41.471+0000] {processor.py:156} INFO - Started process (PID=123) to work on /home/airflow/.local/lib/python3.7/site-packages/airflow/example_dags/tutorial_taskflow_api.py
[2022-09-19T18:44:41.472+0000] {processor.py:758} INFO - Processing file /home/airflow/.local/lib/python3.7/site-packages/airflow/example_dags/tutorial_taskflow_api.py for tasks to queue
[2022-09-19T18:44:41.472+0000] {logging_mixin.py:117} INFO - [2022-09-19T18:44:41.472+0000] {dagbag.py:525} INFO - Filling up the DagBag from /home/airflow/.local/lib/python3.7/site-packages/airflow/example_dags/tutorial_taskflow_api.py
[2022-09-19T18:44:41.501+0000] {processor.py:768} INFO - DAG(s) dict_keys(['tutorial_taskflow_api']) retrieved from /home/airflow/.local/lib/python3.7/site-packages/airflow/example_dags/tutorial_taskflow_api.py
[2022-09-19T18:44:41.545+0000] {logging_mixin.py:117} INFO - [2022-09-19T18:44:41.544+0000] {dag.py:2573} INFO - Sync 1 DAGs
[2022-09-19T18:44:41.575+0000] {logging_mixin.py:117} INFO - [2022-09-19T18:44:41.575+0000] {dag.py:3328} INFO - Setting next_dagrun for tutorial_taskflow_api to None, run_after=None
[2022-09-19T18:44:41.600+0000] {processor.py:178} INFO - Processing /home/airflow/.local/lib/python3.7/site-packages/airflow/example_dags/tutorial_taskflow_api.py took 0.133 seconds
[2022-09-19T18:45:12.341+0000] {processor.py:156} INFO - Started process (PID=188) to work on /home/airflow/.local/lib/python3.7/site-packages/airflow/example_dags/tutorial_taskflow_api.py
[2022-09-19T18:45:12.342+0000] {processor.py:758} INFO - Processing file /home/airflow/.local/lib/python3.7/site-packages/airflow/example_dags/tutorial_taskflow_api.py for tasks to queue
[2022-09-19T18:45:12.343+0000] {logging_mixin.py:117} INFO - [2022-09-19T18:45:12.343+0000] {dagbag.py:525} INFO - Filling up the DagBag from /home/airflow/.local/lib/python3.7/site-packages/airflow/example_dags/tutorial_taskflow_api.py
[2022-09-19T18:45:12.370+0000] {processor.py:768} INFO - DAG(s) dict_keys(['tutorial_taskflow_api']) retrieved from /home/airflow/.local/lib/python3.7/site-packages/airflow/example_dags/tutorial_taskflow_api.py
[2022-09-19T18:45:12.407+0000] {logging_mixin.py:117} INFO - [2022-09-19T18:45:12.406+0000] {dag.py:2573} INFO - Sync 1 DAGs
[2022-09-19T18:45:12.436+0000] {logging_mixin.py:117} INFO - [2022-09-19T18:45:12.435+0000] {dag.py:3328} INFO - Setting next_dagrun for tutorial_taskflow_api to None, run_after=None
[2022-09-19T18:45:12.459+0000] {processor.py:178} INFO - Processing /home/airflow/.local/lib/python3.7/site-packages/airflow/example_dags/tutorial_taskflow_api.py took 0.120 seconds
[2022-09-19T18:45:42.661+0000] {processor.py:156} INFO - Started process (PID=251) to work on /home/airflow/.local/lib/python3.7/site-packages/airflow/example_dags/tutorial_taskflow_api.py
[2022-09-19T18:45:42.662+0000] {processor.py:758} INFO - Processing file /home/airflow/.local/lib/python3.7/site-packages/airflow/example_dags/tutorial_taskflow_api.py for tasks to queue
[2022-09-19T18:45:42.662+0000] {logging_mixin.py:117} INFO - [2022-09-19T18:45:42.662+0000] {dagbag.py:525} INFO - Filling up the DagBag from /home/airflow/.local/lib/python3.7/site-packages/airflow/example_dags/tutorial_taskflow_api.py
[2022-09-19T18:45:42.686+0000] {processor.py:768} INFO - DAG(s) dict_keys(['tutorial_taskflow_api']) retrieved from /home/airflow/.local/lib/python3.7/site-packages/airflow/example_dags/tutorial_taskflow_api.py
[2022-09-19T18:45:42.724+0000] {logging_mixin.py:117} INFO - [2022-09-19T18:45:42.724+0000] {dag.py:2573} INFO - Sync 1 DAGs
[2022-09-19T18:45:42.752+0000] {logging_mixin.py:117} INFO - [2022-09-19T18:45:42.752+0000] {dag.py:3328} INFO - Setting next_dagrun for tutorial_taskflow_api to None, run_after=None
[2022-09-19T18:45:42.775+0000] {processor.py:178} INFO - Processing /home/airflow/.local/lib/python3.7/site-packages/airflow/example_dags/tutorial_taskflow_api.py took 0.116 seconds
[2022-09-19T18:46:13.636+0000] {processor.py:156} INFO - Started process (PID=305) to work on /home/airflow/.local/lib/python3.7/site-packages/airflow/example_dags/tutorial_taskflow_api.py
[2022-09-19T18:46:13.637+0000] {processor.py:758} INFO - Processing file /home/airflow/.local/lib/python3.7/site-packages/airflow/example_dags/tutorial_taskflow_api.py for tasks to queue
[2022-09-19T18:46:13.637+0000] {logging_mixin.py:117} INFO - [2022-09-19T18:46:13.637+0000] {dagbag.py:525} INFO - Filling up the DagBag from /home/airflow/.local/lib/python3.7/site-packages/airflow/example_dags/tutorial_taskflow_api.py
[2022-09-19T18:46:13.657+0000] {processor.py:768} INFO - DAG(s) dict_keys(['tutorial_taskflow_api']) retrieved from /home/airflow/.local/lib/python3.7/site-packages/airflow/example_dags/tutorial_taskflow_api.py
[2022-09-19T18:46:13.692+0000] {logging_mixin.py:117} INFO - [2022-09-19T18:46:13.692+0000] {dag.py:2573} INFO - Sync 1 DAGs
[2022-09-19T18:46:13.714+0000] {logging_mixin.py:117} INFO - [2022-09-19T18:46:13.714+0000] {dag.py:3328} INFO - Setting next_dagrun for tutorial_taskflow_api to None, run_after=None
[2022-09-19T18:46:13.735+0000] {processor.py:178} INFO - Processing /home/airflow/.local/lib/python3.7/site-packages/airflow/example_dags/tutorial_taskflow_api.py took 0.101 seconds
[2022-09-19T18:46:44.718+0000] {processor.py:156} INFO - Started process (PID=368) to work on /home/airflow/.local/lib/python3.7/site-packages/airflow/example_dags/tutorial_taskflow_api.py
[2022-09-19T18:46:44.718+0000] {processor.py:758} INFO - Processing file /home/airflow/.local/lib/python3.7/site-packages/airflow/example_dags/tutorial_taskflow_api.py for tasks to queue
[2022-09-19T18:46:44.719+0000] {logging_mixin.py:117} INFO - [2022-09-19T18:46:44.719+0000] {dagbag.py:525} INFO - Filling up the DagBag from /home/airflow/.local/lib/python3.7/site-packages/airflow/example_dags/tutorial_taskflow_api.py
[2022-09-19T18:46:44.742+0000] {processor.py:768} INFO - DAG(s) dict_keys(['tutorial_taskflow_api']) retrieved from /home/airflow/.local/lib/python3.7/site-packages/airflow/example_dags/tutorial_taskflow_api.py
[2022-09-19T18:46:44.776+0000] {logging_mixin.py:117} INFO - [2022-09-19T18:46:44.776+0000] {dag.py:2573} INFO - Sync 1 DAGs
[2022-09-19T18:46:44.799+0000] {logging_mixin.py:117} INFO - [2022-09-19T18:46:44.799+0000] {dag.py:3328} INFO - Setting next_dagrun for tutorial_taskflow_api to None, run_after=None
[2022-09-19T18:46:44.825+0000] {processor.py:178} INFO - Processing /home/airflow/.local/lib/python3.7/site-packages/airflow/example_dags/tutorial_taskflow_api.py took 0.110 seconds
[2022-09-19T18:47:15.295+0000] {processor.py:156} INFO - Started process (PID=432) to work on /home/airflow/.local/lib/python3.7/site-packages/airflow/example_dags/tutorial_taskflow_api.py
[2022-09-19T18:47:15.296+0000] {processor.py:758} INFO - Processing file /home/airflow/.local/lib/python3.7/site-packages/airflow/example_dags/tutorial_taskflow_api.py for tasks to queue
[2022-09-19T18:47:15.297+0000] {logging_mixin.py:117} INFO - [2022-09-19T18:47:15.296+0000] {dagbag.py:525} INFO - Filling up the DagBag from /home/airflow/.local/lib/python3.7/site-packages/airflow/example_dags/tutorial_taskflow_api.py
[2022-09-19T18:47:15.325+0000] {processor.py:768} INFO - DAG(s) dict_keys(['tutorial_taskflow_api']) retrieved from /home/airflow/.local/lib/python3.7/site-packages/airflow/example_dags/tutorial_taskflow_api.py
[2022-09-19T18:47:15.370+0000] {logging_mixin.py:117} INFO - [2022-09-19T18:47:15.370+0000] {dag.py:2573} INFO - Sync 1 DAGs
[2022-09-19T18:47:15.402+0000] {logging_mixin.py:117} INFO - [2022-09-19T18:47:15.402+0000] {dag.py:3328} INFO - Setting next_dagrun for tutorial_taskflow_api to None, run_after=None
[2022-09-19T18:47:15.431+0000] {processor.py:178} INFO - Processing /home/airflow/.local/lib/python3.7/site-packages/airflow/example_dags/tutorial_taskflow_api.py took 0.140 seconds
[2022-09-19T18:47:45.553+0000] {processor.py:156} INFO - Started process (PID=485) to work on /home/airflow/.local/lib/python3.7/site-packages/airflow/example_dags/tutorial_taskflow_api.py
[2022-09-19T18:47:45.554+0000] {processor.py:758} INFO - Processing file /home/airflow/.local/lib/python3.7/site-packages/airflow/example_dags/tutorial_taskflow_api.py for tasks to queue
[2022-09-19T18:47:45.554+0000] {logging_mixin.py:117} INFO - [2022-09-19T18:47:45.554+0000] {dagbag.py:525} INFO - Filling up the DagBag from /home/airflow/.local/lib/python3.7/site-packages/airflow/example_dags/tutorial_taskflow_api.py
[2022-09-19T18:47:45.577+0000] {processor.py:768} INFO - DAG(s) dict_keys(['tutorial_taskflow_api']) retrieved from /home/airflow/.local/lib/python3.7/site-packages/airflow/example_dags/tutorial_taskflow_api.py
[2022-09-19T18:47:45.617+0000] {logging_mixin.py:117} INFO - [2022-09-19T18:47:45.617+0000] {dag.py:2573} INFO - Sync 1 DAGs
[2022-09-19T18:47:45.649+0000] {logging_mixin.py:117} INFO - [2022-09-19T18:47:45.649+0000] {dag.py:3328} INFO - Setting next_dagrun for tutorial_taskflow_api to None, run_after=None
[2022-09-19T18:47:45.674+0000] {processor.py:178} INFO - Processing /home/airflow/.local/lib/python3.7/site-packages/airflow/example_dags/tutorial_taskflow_api.py took 0.124 seconds
[2022-09-19T18:48:16.213+0000] {processor.py:156} INFO - Started process (PID=548) to work on /home/airflow/.local/lib/python3.7/site-packages/airflow/example_dags/tutorial_taskflow_api.py
[2022-09-19T18:48:16.214+0000] {processor.py:758} INFO - Processing file /home/airflow/.local/lib/python3.7/site-packages/airflow/example_dags/tutorial_taskflow_api.py for tasks to queue
[2022-09-19T18:48:16.215+0000] {logging_mixin.py:117} INFO - [2022-09-19T18:48:16.214+0000] {dagbag.py:525} INFO - Filling up the DagBag from /home/airflow/.local/lib/python3.7/site-packages/airflow/example_dags/tutorial_taskflow_api.py
[2022-09-19T18:48:16.240+0000] {processor.py:768} INFO - DAG(s) dict_keys(['tutorial_taskflow_api']) retrieved from /home/airflow/.local/lib/python3.7/site-packages/airflow/example_dags/tutorial_taskflow_api.py
[2022-09-19T18:48:16.288+0000] {logging_mixin.py:117} INFO - [2022-09-19T18:48:16.288+0000] {dag.py:2573} INFO - Sync 1 DAGs
[2022-09-19T18:48:16.322+0000] {logging_mixin.py:117} INFO - [2022-09-19T18:48:16.322+0000] {dag.py:3328} INFO - Setting next_dagrun for tutorial_taskflow_api to None, run_after=None
[2022-09-19T18:48:16.350+0000] {processor.py:178} INFO - Processing /home/airflow/.local/lib/python3.7/site-packages/airflow/example_dags/tutorial_taskflow_api.py took 0.140 seconds
[2022-09-19T18:48:46.987+0000] {processor.py:156} INFO - Started process (PID=609) to work on /home/airflow/.local/lib/python3.7/site-packages/airflow/example_dags/tutorial_taskflow_api.py
[2022-09-19T18:48:46.988+0000] {processor.py:758} INFO - Processing file /home/airflow/.local/lib/python3.7/site-packages/airflow/example_dags/tutorial_taskflow_api.py for tasks to queue
[2022-09-19T18:48:46.989+0000] {logging_mixin.py:117} INFO - [2022-09-19T18:48:46.989+0000] {dagbag.py:525} INFO - Filling up the DagBag from /home/airflow/.local/lib/python3.7/site-packages/airflow/example_dags/tutorial_taskflow_api.py
[2022-09-19T18:48:47.024+0000] {processor.py:768} INFO - DAG(s) dict_keys(['tutorial_taskflow_api']) retrieved from /home/airflow/.local/lib/python3.7/site-packages/airflow/example_dags/tutorial_taskflow_api.py
[2022-09-19T18:48:47.084+0000] {logging_mixin.py:117} INFO - [2022-09-19T18:48:47.083+0000] {dag.py:2573} INFO - Sync 1 DAGs
[2022-09-19T18:48:47.119+0000] {logging_mixin.py:117} INFO - [2022-09-19T18:48:47.119+0000] {dag.py:3328} INFO - Setting next_dagrun for tutorial_taskflow_api to None, run_after=None
[2022-09-19T18:48:47.145+0000] {processor.py:178} INFO - Processing /home/airflow/.local/lib/python3.7/site-packages/airflow/example_dags/tutorial_taskflow_api.py took 0.161 seconds
[2022-09-19T18:49:17.815+0000] {processor.py:156} INFO - Started process (PID=665) to work on /home/airflow/.local/lib/python3.7/site-packages/airflow/example_dags/tutorial_taskflow_api.py
[2022-09-19T18:49:17.815+0000] {processor.py:758} INFO - Processing file /home/airflow/.local/lib/python3.7/site-packages/airflow/example_dags/tutorial_taskflow_api.py for tasks to queue
[2022-09-19T18:49:17.816+0000] {logging_mixin.py:117} INFO - [2022-09-19T18:49:17.816+0000] {dagbag.py:525} INFO - Filling up the DagBag from /home/airflow/.local/lib/python3.7/site-packages/airflow/example_dags/tutorial_taskflow_api.py
[2022-09-19T18:49:17.841+0000] {processor.py:768} INFO - DAG(s) dict_keys(['tutorial_taskflow_api']) retrieved from /home/airflow/.local/lib/python3.7/site-packages/airflow/example_dags/tutorial_taskflow_api.py
[2022-09-19T18:49:17.882+0000] {logging_mixin.py:117} INFO - [2022-09-19T18:49:17.882+0000] {dag.py:2573} INFO - Sync 1 DAGs
[2022-09-19T18:49:17.910+0000] {logging_mixin.py:117} INFO - [2022-09-19T18:49:17.910+0000] {dag.py:3328} INFO - Setting next_dagrun for tutorial_taskflow_api to None, run_after=None
[2022-09-19T18:49:17.932+0000] {processor.py:178} INFO - Processing /home/airflow/.local/lib/python3.7/site-packages/airflow/example_dags/tutorial_taskflow_api.py took 0.119 seconds
[2022-09-19T18:49:48.077+0000] {processor.py:156} INFO - Started process (PID=728) to work on /home/airflow/.local/lib/python3.7/site-packages/airflow/example_dags/tutorial_taskflow_api.py
[2022-09-19T18:49:48.077+0000] {processor.py:758} INFO - Processing file /home/airflow/.local/lib/python3.7/site-packages/airflow/example_dags/tutorial_taskflow_api.py for tasks to queue
[2022-09-19T18:49:48.078+0000] {logging_mixin.py:117} INFO - [2022-09-19T18:49:48.078+0000] {dagbag.py:525} INFO - Filling up the DagBag from /home/airflow/.local/lib/python3.7/site-packages/airflow/example_dags/tutorial_taskflow_api.py
[2022-09-19T18:49:48.098+0000] {processor.py:768} INFO - DAG(s) dict_keys(['tutorial_taskflow_api']) retrieved from /home/airflow/.local/lib/python3.7/site-packages/airflow/example_dags/tutorial_taskflow_api.py
[2022-09-19T18:49:48.142+0000] {logging_mixin.py:117} INFO - [2022-09-19T18:49:48.141+0000] {dag.py:2573} INFO - Sync 1 DAGs
[2022-09-19T18:49:48.167+0000] {logging_mixin.py:117} INFO - [2022-09-19T18:49:48.167+0000] {dag.py:3328} INFO - Setting next_dagrun for tutorial_taskflow_api to None, run_after=None
[2022-09-19T18:49:48.188+0000] {processor.py:178} INFO - Processing /home/airflow/.local/lib/python3.7/site-packages/airflow/example_dags/tutorial_taskflow_api.py took 0.113 seconds
[2022-09-19T18:50:18.306+0000] {processor.py:156} INFO - Started process (PID=782) to work on /home/airflow/.local/lib/python3.7/site-packages/airflow/example_dags/tutorial_taskflow_api.py
[2022-09-19T18:50:18.307+0000] {processor.py:758} INFO - Processing file /home/airflow/.local/lib/python3.7/site-packages/airflow/example_dags/tutorial_taskflow_api.py for tasks to queue
[2022-09-19T18:50:18.307+0000] {logging_mixin.py:117} INFO - [2022-09-19T18:50:18.307+0000] {dagbag.py:525} INFO - Filling up the DagBag from /home/airflow/.local/lib/python3.7/site-packages/airflow/example_dags/tutorial_taskflow_api.py
[2022-09-19T18:50:18.327+0000] {processor.py:768} INFO - DAG(s) dict_keys(['tutorial_taskflow_api']) retrieved from /home/airflow/.local/lib/python3.7/site-packages/airflow/example_dags/tutorial_taskflow_api.py
[2022-09-19T18:50:18.363+0000] {logging_mixin.py:117} INFO - [2022-09-19T18:50:18.362+0000] {dag.py:2573} INFO - Sync 1 DAGs
[2022-09-19T18:50:18.386+0000] {logging_mixin.py:117} INFO - [2022-09-19T18:50:18.386+0000] {dag.py:3328} INFO - Setting next_dagrun for tutorial_taskflow_api to None, run_after=None
[2022-09-19T18:50:18.407+0000] {processor.py:178} INFO - Processing /home/airflow/.local/lib/python3.7/site-packages/airflow/example_dags/tutorial_taskflow_api.py took 0.103 seconds
[2022-09-19T18:50:48.826+0000] {processor.py:156} INFO - Started process (PID=844) to work on /home/airflow/.local/lib/python3.7/site-packages/airflow/example_dags/tutorial_taskflow_api.py
[2022-09-19T18:50:48.827+0000] {processor.py:758} INFO - Processing file /home/airflow/.local/lib/python3.7/site-packages/airflow/example_dags/tutorial_taskflow_api.py for tasks to queue
[2022-09-19T18:50:48.828+0000] {logging_mixin.py:117} INFO - [2022-09-19T18:50:48.828+0000] {dagbag.py:525} INFO - Filling up the DagBag from /home/airflow/.local/lib/python3.7/site-packages/airflow/example_dags/tutorial_taskflow_api.py
[2022-09-19T18:50:48.852+0000] {processor.py:768} INFO - DAG(s) dict_keys(['tutorial_taskflow_api']) retrieved from /home/airflow/.local/lib/python3.7/site-packages/airflow/example_dags/tutorial_taskflow_api.py
[2022-09-19T18:50:48.887+0000] {logging_mixin.py:117} INFO - [2022-09-19T18:50:48.887+0000] {dag.py:2573} INFO - Sync 1 DAGs
[2022-09-19T18:50:48.909+0000] {logging_mixin.py:117} INFO - [2022-09-19T18:50:48.909+0000] {dag.py:3328} INFO - Setting next_dagrun for tutorial_taskflow_api to None, run_after=None
[2022-09-19T18:50:48.933+0000] {processor.py:178} INFO - Processing /home/airflow/.local/lib/python3.7/site-packages/airflow/example_dags/tutorial_taskflow_api.py took 0.110 seconds
[2022-09-19T18:51:19.877+0000] {processor.py:156} INFO - Started process (PID=907) to work on /home/airflow/.local/lib/python3.7/site-packages/airflow/example_dags/tutorial_taskflow_api.py
[2022-09-19T18:51:19.878+0000] {processor.py:758} INFO - Processing file /home/airflow/.local/lib/python3.7/site-packages/airflow/example_dags/tutorial_taskflow_api.py for tasks to queue
[2022-09-19T18:51:19.878+0000] {logging_mixin.py:117} INFO - [2022-09-19T18:51:19.878+0000] {dagbag.py:525} INFO - Filling up the DagBag from /home/airflow/.local/lib/python3.7/site-packages/airflow/example_dags/tutorial_taskflow_api.py
[2022-09-19T18:51:19.903+0000] {processor.py:768} INFO - DAG(s) dict_keys(['tutorial_taskflow_api']) retrieved from /home/airflow/.local/lib/python3.7/site-packages/airflow/example_dags/tutorial_taskflow_api.py
[2022-09-19T18:51:19.941+0000] {logging_mixin.py:117} INFO - [2022-09-19T18:51:19.941+0000] {dag.py:2573} INFO - Sync 1 DAGs
[2022-09-19T18:51:19.967+0000] {logging_mixin.py:117} INFO - [2022-09-19T18:51:19.967+0000] {dag.py:3328} INFO - Setting next_dagrun for tutorial_taskflow_api to None, run_after=None
[2022-09-19T18:51:19.991+0000] {processor.py:178} INFO - Processing /home/airflow/.local/lib/python3.7/site-packages/airflow/example_dags/tutorial_taskflow_api.py took 0.116 seconds
[2022-09-19T18:51:50.013+0000] {processor.py:156} INFO - Started process (PID=961) to work on /home/airflow/.local/lib/python3.7/site-packages/airflow/example_dags/tutorial_taskflow_api.py
[2022-09-19T18:51:50.014+0000] {processor.py:758} INFO - Processing file /home/airflow/.local/lib/python3.7/site-packages/airflow/example_dags/tutorial_taskflow_api.py for tasks to queue
[2022-09-19T18:51:50.015+0000] {logging_mixin.py:117} INFO - [2022-09-19T18:51:50.015+0000] {dagbag.py:525} INFO - Filling up the DagBag from /home/airflow/.local/lib/python3.7/site-packages/airflow/example_dags/tutorial_taskflow_api.py
[2022-09-19T18:51:50.040+0000] {processor.py:768} INFO - DAG(s) dict_keys(['tutorial_taskflow_api']) retrieved from /home/airflow/.local/lib/python3.7/site-packages/airflow/example_dags/tutorial_taskflow_api.py
[2022-09-19T18:51:50.083+0000] {logging_mixin.py:117} INFO - [2022-09-19T18:51:50.083+0000] {dag.py:2573} INFO - Sync 1 DAGs
[2022-09-19T18:51:50.114+0000] {logging_mixin.py:117} INFO - [2022-09-19T18:51:50.114+0000] {dag.py:3328} INFO - Setting next_dagrun for tutorial_taskflow_api to None, run_after=None
[2022-09-19T18:51:50.139+0000] {processor.py:178} INFO - Processing /home/airflow/.local/lib/python3.7/site-packages/airflow/example_dags/tutorial_taskflow_api.py took 0.129 seconds
[2022-09-19T18:52:20.323+0000] {processor.py:156} INFO - Started process (PID=1023) to work on /home/airflow/.local/lib/python3.7/site-packages/airflow/example_dags/tutorial_taskflow_api.py
[2022-09-19T18:52:20.323+0000] {processor.py:758} INFO - Processing file /home/airflow/.local/lib/python3.7/site-packages/airflow/example_dags/tutorial_taskflow_api.py for tasks to queue
[2022-09-19T18:52:20.324+0000] {logging_mixin.py:117} INFO - [2022-09-19T18:52:20.324+0000] {dagbag.py:525} INFO - Filling up the DagBag from /home/airflow/.local/lib/python3.7/site-packages/airflow/example_dags/tutorial_taskflow_api.py
[2022-09-19T18:52:20.344+0000] {processor.py:768} INFO - DAG(s) dict_keys(['tutorial_taskflow_api']) retrieved from /home/airflow/.local/lib/python3.7/site-packages/airflow/example_dags/tutorial_taskflow_api.py
[2022-09-19T18:52:20.387+0000] {logging_mixin.py:117} INFO - [2022-09-19T18:52:20.387+0000] {dag.py:2573} INFO - Sync 1 DAGs
[2022-09-19T18:52:20.413+0000] {logging_mixin.py:117} INFO - [2022-09-19T18:52:20.412+0000] {dag.py:3328} INFO - Setting next_dagrun for tutorial_taskflow_api to None, run_after=None
[2022-09-19T18:52:20.435+0000] {processor.py:178} INFO - Processing /home/airflow/.local/lib/python3.7/site-packages/airflow/example_dags/tutorial_taskflow_api.py took 0.115 seconds
[2022-09-19T18:52:51.069+0000] {processor.py:156} INFO - Started process (PID=1085) to work on /home/airflow/.local/lib/python3.7/site-packages/airflow/example_dags/tutorial_taskflow_api.py
[2022-09-19T18:52:51.069+0000] {processor.py:758} INFO - Processing file /home/airflow/.local/lib/python3.7/site-packages/airflow/example_dags/tutorial_taskflow_api.py for tasks to queue
[2022-09-19T18:52:51.070+0000] {logging_mixin.py:117} INFO - [2022-09-19T18:52:51.070+0000] {dagbag.py:525} INFO - Filling up the DagBag from /home/airflow/.local/lib/python3.7/site-packages/airflow/example_dags/tutorial_taskflow_api.py
[2022-09-19T18:52:51.097+0000] {processor.py:768} INFO - DAG(s) dict_keys(['tutorial_taskflow_api']) retrieved from /home/airflow/.local/lib/python3.7/site-packages/airflow/example_dags/tutorial_taskflow_api.py
[2022-09-19T18:52:51.143+0000] {logging_mixin.py:117} INFO - [2022-09-19T18:52:51.143+0000] {dag.py:2573} INFO - Sync 1 DAGs
[2022-09-19T18:52:51.172+0000] {logging_mixin.py:117} INFO - [2022-09-19T18:52:51.172+0000] {dag.py:3328} INFO - Setting next_dagrun for tutorial_taskflow_api to None, run_after=None
[2022-09-19T18:52:51.201+0000] {processor.py:178} INFO - Processing /home/airflow/.local/lib/python3.7/site-packages/airflow/example_dags/tutorial_taskflow_api.py took 0.136 seconds
[2022-09-19T18:53:21.765+0000] {processor.py:156} INFO - Started process (PID=1139) to work on /home/airflow/.local/lib/python3.7/site-packages/airflow/example_dags/tutorial_taskflow_api.py
[2022-09-19T18:53:21.765+0000] {processor.py:758} INFO - Processing file /home/airflow/.local/lib/python3.7/site-packages/airflow/example_dags/tutorial_taskflow_api.py for tasks to queue
[2022-09-19T18:53:21.766+0000] {logging_mixin.py:117} INFO - [2022-09-19T18:53:21.766+0000] {dagbag.py:525} INFO - Filling up the DagBag from /home/airflow/.local/lib/python3.7/site-packages/airflow/example_dags/tutorial_taskflow_api.py
[2022-09-19T18:53:21.791+0000] {processor.py:768} INFO - DAG(s) dict_keys(['tutorial_taskflow_api']) retrieved from /home/airflow/.local/lib/python3.7/site-packages/airflow/example_dags/tutorial_taskflow_api.py
[2022-09-19T18:53:21.834+0000] {logging_mixin.py:117} INFO - [2022-09-19T18:53:21.833+0000] {dag.py:2573} INFO - Sync 1 DAGs
[2022-09-19T18:53:21.862+0000] {logging_mixin.py:117} INFO - [2022-09-19T18:53:21.861+0000] {dag.py:3328} INFO - Setting next_dagrun for tutorial_taskflow_api to None, run_after=None
[2022-09-19T18:53:21.886+0000] {processor.py:178} INFO - Processing /home/airflow/.local/lib/python3.7/site-packages/airflow/example_dags/tutorial_taskflow_api.py took 0.124 seconds
[2022-09-19T18:53:52.696+0000] {processor.py:156} INFO - Started process (PID=1200) to work on /home/airflow/.local/lib/python3.7/site-packages/airflow/example_dags/tutorial_taskflow_api.py
[2022-09-19T18:53:52.697+0000] {processor.py:758} INFO - Processing file /home/airflow/.local/lib/python3.7/site-packages/airflow/example_dags/tutorial_taskflow_api.py for tasks to queue
[2022-09-19T18:53:52.697+0000] {logging_mixin.py:117} INFO - [2022-09-19T18:53:52.697+0000] {dagbag.py:525} INFO - Filling up the DagBag from /home/airflow/.local/lib/python3.7/site-packages/airflow/example_dags/tutorial_taskflow_api.py
[2022-09-19T18:53:52.721+0000] {processor.py:768} INFO - DAG(s) dict_keys(['tutorial_taskflow_api']) retrieved from /home/airflow/.local/lib/python3.7/site-packages/airflow/example_dags/tutorial_taskflow_api.py
[2022-09-19T18:53:52.764+0000] {logging_mixin.py:117} INFO - [2022-09-19T18:53:52.764+0000] {dag.py:2573} INFO - Sync 1 DAGs
[2022-09-19T18:53:52.796+0000] {logging_mixin.py:117} INFO - [2022-09-19T18:53:52.796+0000] {dag.py:3328} INFO - Setting next_dagrun for tutorial_taskflow_api to None, run_after=None
[2022-09-19T18:53:52.819+0000] {processor.py:178} INFO - Processing /home/airflow/.local/lib/python3.7/site-packages/airflow/example_dags/tutorial_taskflow_api.py took 0.125 seconds
[2022-09-19T18:54:22.899+0000] {processor.py:156} INFO - Started process (PID=1261) to work on /home/airflow/.local/lib/python3.7/site-packages/airflow/example_dags/tutorial_taskflow_api.py
[2022-09-19T18:54:22.900+0000] {processor.py:758} INFO - Processing file /home/airflow/.local/lib/python3.7/site-packages/airflow/example_dags/tutorial_taskflow_api.py for tasks to queue
[2022-09-19T18:54:22.900+0000] {logging_mixin.py:117} INFO - [2022-09-19T18:54:22.900+0000] {dagbag.py:525} INFO - Filling up the DagBag from /home/airflow/.local/lib/python3.7/site-packages/airflow/example_dags/tutorial_taskflow_api.py
[2022-09-19T18:54:22.924+0000] {processor.py:768} INFO - DAG(s) dict_keys(['tutorial_taskflow_api']) retrieved from /home/airflow/.local/lib/python3.7/site-packages/airflow/example_dags/tutorial_taskflow_api.py
[2022-09-19T18:54:22.970+0000] {logging_mixin.py:117} INFO - [2022-09-19T18:54:22.970+0000] {dag.py:2573} INFO - Sync 1 DAGs
[2022-09-19T18:54:23.003+0000] {logging_mixin.py:117} INFO - [2022-09-19T18:54:23.003+0000] {dag.py:3328} INFO - Setting next_dagrun for tutorial_taskflow_api to None, run_after=None
[2022-09-19T18:54:23.028+0000] {processor.py:178} INFO - Processing /home/airflow/.local/lib/python3.7/site-packages/airflow/example_dags/tutorial_taskflow_api.py took 0.132 seconds
[2022-09-19T18:54:53.070+0000] {processor.py:156} INFO - Started process (PID=1317) to work on /home/airflow/.local/lib/python3.7/site-packages/airflow/example_dags/tutorial_taskflow_api.py
[2022-09-19T18:54:53.070+0000] {processor.py:758} INFO - Processing file /home/airflow/.local/lib/python3.7/site-packages/airflow/example_dags/tutorial_taskflow_api.py for tasks to queue
[2022-09-19T18:54:53.071+0000] {logging_mixin.py:117} INFO - [2022-09-19T18:54:53.071+0000] {dagbag.py:525} INFO - Filling up the DagBag from /home/airflow/.local/lib/python3.7/site-packages/airflow/example_dags/tutorial_taskflow_api.py
[2022-09-19T18:54:53.093+0000] {processor.py:768} INFO - DAG(s) dict_keys(['tutorial_taskflow_api']) retrieved from /home/airflow/.local/lib/python3.7/site-packages/airflow/example_dags/tutorial_taskflow_api.py
[2022-09-19T18:54:53.131+0000] {logging_mixin.py:117} INFO - [2022-09-19T18:54:53.130+0000] {dag.py:2573} INFO - Sync 1 DAGs
[2022-09-19T18:54:53.160+0000] {logging_mixin.py:117} INFO - [2022-09-19T18:54:53.159+0000] {dag.py:3328} INFO - Setting next_dagrun for tutorial_taskflow_api to None, run_after=None
[2022-09-19T18:54:53.180+0000] {processor.py:178} INFO - Processing /home/airflow/.local/lib/python3.7/site-packages/airflow/example_dags/tutorial_taskflow_api.py took 0.113 seconds
[2022-09-19T18:55:23.376+0000] {processor.py:156} INFO - Started process (PID=1379) to work on /home/airflow/.local/lib/python3.7/site-packages/airflow/example_dags/tutorial_taskflow_api.py
[2022-09-19T18:55:23.377+0000] {processor.py:758} INFO - Processing file /home/airflow/.local/lib/python3.7/site-packages/airflow/example_dags/tutorial_taskflow_api.py for tasks to queue
[2022-09-19T18:55:23.377+0000] {logging_mixin.py:117} INFO - [2022-09-19T18:55:23.377+0000] {dagbag.py:525} INFO - Filling up the DagBag from /home/airflow/.local/lib/python3.7/site-packages/airflow/example_dags/tutorial_taskflow_api.py
[2022-09-19T18:55:23.403+0000] {processor.py:768} INFO - DAG(s) dict_keys(['tutorial_taskflow_api']) retrieved from /home/airflow/.local/lib/python3.7/site-packages/airflow/example_dags/tutorial_taskflow_api.py
[2022-09-19T18:55:23.440+0000] {logging_mixin.py:117} INFO - [2022-09-19T18:55:23.440+0000] {dag.py:2573} INFO - Sync 1 DAGs
[2022-09-19T18:55:23.471+0000] {logging_mixin.py:117} INFO - [2022-09-19T18:55:23.470+0000] {dag.py:3328} INFO - Setting next_dagrun for tutorial_taskflow_api to None, run_after=None
[2022-09-19T18:55:23.491+0000] {processor.py:178} INFO - Processing /home/airflow/.local/lib/python3.7/site-packages/airflow/example_dags/tutorial_taskflow_api.py took 0.117 seconds
[2022-09-19T18:55:53.598+0000] {processor.py:156} INFO - Started process (PID=1433) to work on /home/airflow/.local/lib/python3.7/site-packages/airflow/example_dags/tutorial_taskflow_api.py
[2022-09-19T18:55:53.599+0000] {processor.py:758} INFO - Processing file /home/airflow/.local/lib/python3.7/site-packages/airflow/example_dags/tutorial_taskflow_api.py for tasks to queue
[2022-09-19T18:55:53.599+0000] {logging_mixin.py:117} INFO - [2022-09-19T18:55:53.599+0000] {dagbag.py:525} INFO - Filling up the DagBag from /home/airflow/.local/lib/python3.7/site-packages/airflow/example_dags/tutorial_taskflow_api.py
[2022-09-19T18:55:53.622+0000] {processor.py:768} INFO - DAG(s) dict_keys(['tutorial_taskflow_api']) retrieved from /home/airflow/.local/lib/python3.7/site-packages/airflow/example_dags/tutorial_taskflow_api.py
[2022-09-19T18:55:53.662+0000] {logging_mixin.py:117} INFO - [2022-09-19T18:55:53.662+0000] {dag.py:2573} INFO - Sync 1 DAGs
[2022-09-19T18:55:53.690+0000] {logging_mixin.py:117} INFO - [2022-09-19T18:55:53.690+0000] {dag.py:3328} INFO - Setting next_dagrun for tutorial_taskflow_api to None, run_after=None
[2022-09-19T18:55:53.711+0000] {processor.py:178} INFO - Processing /home/airflow/.local/lib/python3.7/site-packages/airflow/example_dags/tutorial_taskflow_api.py took 0.115 seconds
[2022-09-19T18:56:24.599+0000] {processor.py:156} INFO - Started process (PID=1495) to work on /home/airflow/.local/lib/python3.7/site-packages/airflow/example_dags/tutorial_taskflow_api.py
[2022-09-19T18:56:24.600+0000] {processor.py:758} INFO - Processing file /home/airflow/.local/lib/python3.7/site-packages/airflow/example_dags/tutorial_taskflow_api.py for tasks to queue
[2022-09-19T18:56:24.600+0000] {logging_mixin.py:117} INFO - [2022-09-19T18:56:24.600+0000] {dagbag.py:525} INFO - Filling up the DagBag from /home/airflow/.local/lib/python3.7/site-packages/airflow/example_dags/tutorial_taskflow_api.py
[2022-09-19T18:56:24.618+0000] {processor.py:768} INFO - DAG(s) dict_keys(['tutorial_taskflow_api']) retrieved from /home/airflow/.local/lib/python3.7/site-packages/airflow/example_dags/tutorial_taskflow_api.py
[2022-09-19T18:56:24.653+0000] {logging_mixin.py:117} INFO - [2022-09-19T18:56:24.653+0000] {dag.py:2573} INFO - Sync 1 DAGs
[2022-09-19T18:56:24.675+0000] {logging_mixin.py:117} INFO - [2022-09-19T18:56:24.675+0000] {dag.py:3328} INFO - Setting next_dagrun for tutorial_taskflow_api to None, run_after=None
[2022-09-19T18:56:24.693+0000] {processor.py:178} INFO - Processing /home/airflow/.local/lib/python3.7/site-packages/airflow/example_dags/tutorial_taskflow_api.py took 0.096 seconds
[2022-09-19T18:56:55.197+0000] {processor.py:156} INFO - Started process (PID=1557) to work on /home/airflow/.local/lib/python3.7/site-packages/airflow/example_dags/tutorial_taskflow_api.py
[2022-09-19T18:56:55.198+0000] {processor.py:758} INFO - Processing file /home/airflow/.local/lib/python3.7/site-packages/airflow/example_dags/tutorial_taskflow_api.py for tasks to queue
[2022-09-19T18:56:55.199+0000] {logging_mixin.py:117} INFO - [2022-09-19T18:56:55.199+0000] {dagbag.py:525} INFO - Filling up the DagBag from /home/airflow/.local/lib/python3.7/site-packages/airflow/example_dags/tutorial_taskflow_api.py
[2022-09-19T18:56:55.222+0000] {processor.py:768} INFO - DAG(s) dict_keys(['tutorial_taskflow_api']) retrieved from /home/airflow/.local/lib/python3.7/site-packages/airflow/example_dags/tutorial_taskflow_api.py
[2022-09-19T18:56:55.267+0000] {logging_mixin.py:117} INFO - [2022-09-19T18:56:55.267+0000] {dag.py:2573} INFO - Sync 1 DAGs
[2022-09-19T18:56:55.297+0000] {logging_mixin.py:117} INFO - [2022-09-19T18:56:55.297+0000] {dag.py:3328} INFO - Setting next_dagrun for tutorial_taskflow_api to None, run_after=None
[2022-09-19T18:56:55.320+0000] {processor.py:178} INFO - Processing /home/airflow/.local/lib/python3.7/site-packages/airflow/example_dags/tutorial_taskflow_api.py took 0.126 seconds
[2022-09-19T18:57:26.247+0000] {processor.py:156} INFO - Started process (PID=1611) to work on /home/airflow/.local/lib/python3.7/site-packages/airflow/example_dags/tutorial_taskflow_api.py
[2022-09-19T18:57:26.248+0000] {processor.py:758} INFO - Processing file /home/airflow/.local/lib/python3.7/site-packages/airflow/example_dags/tutorial_taskflow_api.py for tasks to queue
[2022-09-19T18:57:26.248+0000] {logging_mixin.py:117} INFO - [2022-09-19T18:57:26.248+0000] {dagbag.py:525} INFO - Filling up the DagBag from /home/airflow/.local/lib/python3.7/site-packages/airflow/example_dags/tutorial_taskflow_api.py
[2022-09-19T18:57:26.269+0000] {processor.py:768} INFO - DAG(s) dict_keys(['tutorial_taskflow_api']) retrieved from /home/airflow/.local/lib/python3.7/site-packages/airflow/example_dags/tutorial_taskflow_api.py
[2022-09-19T18:57:26.305+0000] {logging_mixin.py:117} INFO - [2022-09-19T18:57:26.305+0000] {dag.py:2573} INFO - Sync 1 DAGs
[2022-09-19T18:57:26.329+0000] {logging_mixin.py:117} INFO - [2022-09-19T18:57:26.329+0000] {dag.py:3328} INFO - Setting next_dagrun for tutorial_taskflow_api to None, run_after=None
[2022-09-19T18:57:26.350+0000] {processor.py:178} INFO - Processing /home/airflow/.local/lib/python3.7/site-packages/airflow/example_dags/tutorial_taskflow_api.py took 0.106 seconds
[2022-09-19T18:57:56.448+0000] {processor.py:156} INFO - Started process (PID=1673) to work on /home/airflow/.local/lib/python3.7/site-packages/airflow/example_dags/tutorial_taskflow_api.py
[2022-09-19T18:57:56.449+0000] {processor.py:758} INFO - Processing file /home/airflow/.local/lib/python3.7/site-packages/airflow/example_dags/tutorial_taskflow_api.py for tasks to queue
[2022-09-19T18:57:56.449+0000] {logging_mixin.py:117} INFO - [2022-09-19T18:57:56.449+0000] {dagbag.py:525} INFO - Filling up the DagBag from /home/airflow/.local/lib/python3.7/site-packages/airflow/example_dags/tutorial_taskflow_api.py
[2022-09-19T18:57:56.471+0000] {processor.py:768} INFO - DAG(s) dict_keys(['tutorial_taskflow_api']) retrieved from /home/airflow/.local/lib/python3.7/site-packages/airflow/example_dags/tutorial_taskflow_api.py
[2022-09-19T18:57:56.507+0000] {logging_mixin.py:117} INFO - [2022-09-19T18:57:56.507+0000] {dag.py:2573} INFO - Sync 1 DAGs
[2022-09-19T18:57:56.536+0000] {logging_mixin.py:117} INFO - [2022-09-19T18:57:56.536+0000] {dag.py:3328} INFO - Setting next_dagrun for tutorial_taskflow_api to None, run_after=None
[2022-09-19T18:57:56.561+0000] {processor.py:178} INFO - Processing /home/airflow/.local/lib/python3.7/site-packages/airflow/example_dags/tutorial_taskflow_api.py took 0.115 seconds
[2022-09-19T18:58:26.649+0000] {processor.py:156} INFO - Started process (PID=1735) to work on /home/airflow/.local/lib/python3.7/site-packages/airflow/example_dags/tutorial_taskflow_api.py
[2022-09-19T18:58:26.650+0000] {processor.py:758} INFO - Processing file /home/airflow/.local/lib/python3.7/site-packages/airflow/example_dags/tutorial_taskflow_api.py for tasks to queue
[2022-09-19T18:58:26.651+0000] {logging_mixin.py:117} INFO - [2022-09-19T18:58:26.651+0000] {dagbag.py:525} INFO - Filling up the DagBag from /home/airflow/.local/lib/python3.7/site-packages/airflow/example_dags/tutorial_taskflow_api.py
[2022-09-19T18:58:26.678+0000] {processor.py:768} INFO - DAG(s) dict_keys(['tutorial_taskflow_api']) retrieved from /home/airflow/.local/lib/python3.7/site-packages/airflow/example_dags/tutorial_taskflow_api.py
[2022-09-19T18:58:26.733+0000] {logging_mixin.py:117} INFO - [2022-09-19T18:58:26.733+0000] {dag.py:2573} INFO - Sync 1 DAGs
[2022-09-19T18:58:26.773+0000] {logging_mixin.py:117} INFO - [2022-09-19T18:58:26.773+0000] {dag.py:3328} INFO - Setting next_dagrun for tutorial_taskflow_api to None, run_after=None
[2022-09-19T18:58:26.805+0000] {processor.py:178} INFO - Processing /home/airflow/.local/lib/python3.7/site-packages/airflow/example_dags/tutorial_taskflow_api.py took 0.160 seconds
[2022-09-19T18:58:57.680+0000] {processor.py:156} INFO - Started process (PID=1790) to work on /home/airflow/.local/lib/python3.7/site-packages/airflow/example_dags/tutorial_taskflow_api.py
[2022-09-19T18:58:57.680+0000] {processor.py:758} INFO - Processing file /home/airflow/.local/lib/python3.7/site-packages/airflow/example_dags/tutorial_taskflow_api.py for tasks to queue
[2022-09-19T18:58:57.681+0000] {logging_mixin.py:117} INFO - [2022-09-19T18:58:57.681+0000] {dagbag.py:525} INFO - Filling up the DagBag from /home/airflow/.local/lib/python3.7/site-packages/airflow/example_dags/tutorial_taskflow_api.py
[2022-09-19T18:58:57.699+0000] {processor.py:768} INFO - DAG(s) dict_keys(['tutorial_taskflow_api']) retrieved from /home/airflow/.local/lib/python3.7/site-packages/airflow/example_dags/tutorial_taskflow_api.py
[2022-09-19T18:58:57.733+0000] {logging_mixin.py:117} INFO - [2022-09-19T18:58:57.733+0000] {dag.py:2573} INFO - Sync 1 DAGs
[2022-09-19T18:58:57.755+0000] {logging_mixin.py:117} INFO - [2022-09-19T18:58:57.755+0000] {dag.py:3328} INFO - Setting next_dagrun for tutorial_taskflow_api to None, run_after=None
[2022-09-19T18:58:57.773+0000] {processor.py:178} INFO - Processing /home/airflow/.local/lib/python3.7/site-packages/airflow/example_dags/tutorial_taskflow_api.py took 0.096 seconds
[2022-09-19T18:59:28.323+0000] {processor.py:156} INFO - Started process (PID=1853) to work on /home/airflow/.local/lib/python3.7/site-packages/airflow/example_dags/tutorial_taskflow_api.py
[2022-09-19T18:59:28.324+0000] {processor.py:758} INFO - Processing file /home/airflow/.local/lib/python3.7/site-packages/airflow/example_dags/tutorial_taskflow_api.py for tasks to queue
[2022-09-19T18:59:28.325+0000] {logging_mixin.py:117} INFO - [2022-09-19T18:59:28.324+0000] {dagbag.py:525} INFO - Filling up the DagBag from /home/airflow/.local/lib/python3.7/site-packages/airflow/example_dags/tutorial_taskflow_api.py
[2022-09-19T18:59:28.349+0000] {processor.py:768} INFO - DAG(s) dict_keys(['tutorial_taskflow_api']) retrieved from /home/airflow/.local/lib/python3.7/site-packages/airflow/example_dags/tutorial_taskflow_api.py
[2022-09-19T18:59:28.390+0000] {logging_mixin.py:117} INFO - [2022-09-19T18:59:28.389+0000] {dag.py:2573} INFO - Sync 1 DAGs
[2022-09-19T18:59:28.418+0000] {logging_mixin.py:117} INFO - [2022-09-19T18:59:28.418+0000] {dag.py:3328} INFO - Setting next_dagrun for tutorial_taskflow_api to None, run_after=None
[2022-09-19T18:59:28.442+0000] {processor.py:178} INFO - Processing /home/airflow/.local/lib/python3.7/site-packages/airflow/example_dags/tutorial_taskflow_api.py took 0.122 seconds
[2022-09-19T18:59:59.193+0000] {processor.py:156} INFO - Started process (PID=1915) to work on /home/airflow/.local/lib/python3.7/site-packages/airflow/example_dags/tutorial_taskflow_api.py
[2022-09-19T18:59:59.194+0000] {processor.py:758} INFO - Processing file /home/airflow/.local/lib/python3.7/site-packages/airflow/example_dags/tutorial_taskflow_api.py for tasks to queue
[2022-09-19T18:59:59.195+0000] {logging_mixin.py:117} INFO - [2022-09-19T18:59:59.195+0000] {dagbag.py:525} INFO - Filling up the DagBag from /home/airflow/.local/lib/python3.7/site-packages/airflow/example_dags/tutorial_taskflow_api.py
[2022-09-19T18:59:59.215+0000] {processor.py:768} INFO - DAG(s) dict_keys(['tutorial_taskflow_api']) retrieved from /home/airflow/.local/lib/python3.7/site-packages/airflow/example_dags/tutorial_taskflow_api.py
[2022-09-19T18:59:59.253+0000] {logging_mixin.py:117} INFO - [2022-09-19T18:59:59.253+0000] {dag.py:2573} INFO - Sync 1 DAGs
[2022-09-19T18:59:59.279+0000] {logging_mixin.py:117} INFO - [2022-09-19T18:59:59.279+0000] {dag.py:3328} INFO - Setting next_dagrun for tutorial_taskflow_api to None, run_after=None
[2022-09-19T18:59:59.300+0000] {processor.py:178} INFO - Processing /home/airflow/.local/lib/python3.7/site-packages/airflow/example_dags/tutorial_taskflow_api.py took 0.111 seconds
[2022-09-19T19:00:29.516+0000] {processor.py:156} INFO - Started process (PID=1969) to work on /home/airflow/.local/lib/python3.7/site-packages/airflow/example_dags/tutorial_taskflow_api.py
[2022-09-19T19:00:29.516+0000] {processor.py:758} INFO - Processing file /home/airflow/.local/lib/python3.7/site-packages/airflow/example_dags/tutorial_taskflow_api.py for tasks to queue
[2022-09-19T19:00:29.517+0000] {logging_mixin.py:117} INFO - [2022-09-19T19:00:29.517+0000] {dagbag.py:525} INFO - Filling up the DagBag from /home/airflow/.local/lib/python3.7/site-packages/airflow/example_dags/tutorial_taskflow_api.py
[2022-09-19T19:00:29.538+0000] {processor.py:768} INFO - DAG(s) dict_keys(['tutorial_taskflow_api']) retrieved from /home/airflow/.local/lib/python3.7/site-packages/airflow/example_dags/tutorial_taskflow_api.py
[2022-09-19T19:00:29.578+0000] {logging_mixin.py:117} INFO - [2022-09-19T19:00:29.578+0000] {dag.py:2573} INFO - Sync 1 DAGs
[2022-09-19T19:00:29.605+0000] {logging_mixin.py:117} INFO - [2022-09-19T19:00:29.605+0000] {dag.py:3328} INFO - Setting next_dagrun for tutorial_taskflow_api to None, run_after=None
[2022-09-19T19:00:29.626+0000] {processor.py:178} INFO - Processing /home/airflow/.local/lib/python3.7/site-packages/airflow/example_dags/tutorial_taskflow_api.py took 0.113 seconds
[2022-09-19T19:01:00.487+0000] {processor.py:156} INFO - Started process (PID=2031) to work on /home/airflow/.local/lib/python3.7/site-packages/airflow/example_dags/tutorial_taskflow_api.py
[2022-09-19T19:01:00.488+0000] {processor.py:758} INFO - Processing file /home/airflow/.local/lib/python3.7/site-packages/airflow/example_dags/tutorial_taskflow_api.py for tasks to queue
[2022-09-19T19:01:00.488+0000] {logging_mixin.py:117} INFO - [2022-09-19T19:01:00.488+0000] {dagbag.py:525} INFO - Filling up the DagBag from /home/airflow/.local/lib/python3.7/site-packages/airflow/example_dags/tutorial_taskflow_api.py
[2022-09-19T19:01:00.516+0000] {processor.py:768} INFO - DAG(s) dict_keys(['tutorial_taskflow_api']) retrieved from /home/airflow/.local/lib/python3.7/site-packages/airflow/example_dags/tutorial_taskflow_api.py
[2022-09-19T19:01:00.557+0000] {logging_mixin.py:117} INFO - [2022-09-19T19:01:00.557+0000] {dag.py:2573} INFO - Sync 1 DAGs
[2022-09-19T19:01:00.580+0000] {logging_mixin.py:117} INFO - [2022-09-19T19:01:00.580+0000] {dag.py:3328} INFO - Setting next_dagrun for tutorial_taskflow_api to None, run_after=None
[2022-09-19T19:01:00.598+0000] {processor.py:178} INFO - Processing /home/airflow/.local/lib/python3.7/site-packages/airflow/example_dags/tutorial_taskflow_api.py took 0.115 seconds
[2022-09-19T19:01:31.026+0000] {processor.py:156} INFO - Started process (PID=2093) to work on /home/airflow/.local/lib/python3.7/site-packages/airflow/example_dags/tutorial_taskflow_api.py
[2022-09-19T19:01:31.027+0000] {processor.py:758} INFO - Processing file /home/airflow/.local/lib/python3.7/site-packages/airflow/example_dags/tutorial_taskflow_api.py for tasks to queue
[2022-09-19T19:01:31.027+0000] {logging_mixin.py:117} INFO - [2022-09-19T19:01:31.027+0000] {dagbag.py:525} INFO - Filling up the DagBag from /home/airflow/.local/lib/python3.7/site-packages/airflow/example_dags/tutorial_taskflow_api.py
[2022-09-19T19:01:31.054+0000] {processor.py:768} INFO - DAG(s) dict_keys(['tutorial_taskflow_api']) retrieved from /home/airflow/.local/lib/python3.7/site-packages/airflow/example_dags/tutorial_taskflow_api.py
[2022-09-19T19:01:31.097+0000] {logging_mixin.py:117} INFO - [2022-09-19T19:01:31.096+0000] {dag.py:2573} INFO - Sync 1 DAGs
[2022-09-19T19:01:31.123+0000] {logging_mixin.py:117} INFO - [2022-09-19T19:01:31.123+0000] {dag.py:3328} INFO - Setting next_dagrun for tutorial_taskflow_api to None, run_after=None
[2022-09-19T19:01:31.143+0000] {processor.py:178} INFO - Processing /home/airflow/.local/lib/python3.7/site-packages/airflow/example_dags/tutorial_taskflow_api.py took 0.120 seconds
[2022-09-19T19:02:01.483+0000] {processor.py:156} INFO - Started process (PID=2146) to work on /home/airflow/.local/lib/python3.7/site-packages/airflow/example_dags/tutorial_taskflow_api.py
[2022-09-19T19:02:01.484+0000] {processor.py:758} INFO - Processing file /home/airflow/.local/lib/python3.7/site-packages/airflow/example_dags/tutorial_taskflow_api.py for tasks to queue
[2022-09-19T19:02:01.484+0000] {logging_mixin.py:117} INFO - [2022-09-19T19:02:01.484+0000] {dagbag.py:525} INFO - Filling up the DagBag from /home/airflow/.local/lib/python3.7/site-packages/airflow/example_dags/tutorial_taskflow_api.py
[2022-09-19T19:02:01.503+0000] {processor.py:768} INFO - DAG(s) dict_keys(['tutorial_taskflow_api']) retrieved from /home/airflow/.local/lib/python3.7/site-packages/airflow/example_dags/tutorial_taskflow_api.py
[2022-09-19T19:02:01.538+0000] {logging_mixin.py:117} INFO - [2022-09-19T19:02:01.538+0000] {dag.py:2573} INFO - Sync 1 DAGs
[2022-09-19T19:02:01.563+0000] {logging_mixin.py:117} INFO - [2022-09-19T19:02:01.563+0000] {dag.py:3328} INFO - Setting next_dagrun for tutorial_taskflow_api to None, run_after=None
[2022-09-19T19:02:01.582+0000] {processor.py:178} INFO - Processing /home/airflow/.local/lib/python3.7/site-packages/airflow/example_dags/tutorial_taskflow_api.py took 0.100 seconds
[2022-09-19T19:02:32.115+0000] {processor.py:156} INFO - Started process (PID=2209) to work on /home/airflow/.local/lib/python3.7/site-packages/airflow/example_dags/tutorial_taskflow_api.py
[2022-09-19T19:02:32.115+0000] {processor.py:758} INFO - Processing file /home/airflow/.local/lib/python3.7/site-packages/airflow/example_dags/tutorial_taskflow_api.py for tasks to queue
[2022-09-19T19:02:32.116+0000] {logging_mixin.py:117} INFO - [2022-09-19T19:02:32.116+0000] {dagbag.py:525} INFO - Filling up the DagBag from /home/airflow/.local/lib/python3.7/site-packages/airflow/example_dags/tutorial_taskflow_api.py
[2022-09-19T19:02:32.133+0000] {processor.py:768} INFO - DAG(s) dict_keys(['tutorial_taskflow_api']) retrieved from /home/airflow/.local/lib/python3.7/site-packages/airflow/example_dags/tutorial_taskflow_api.py
[2022-09-19T19:02:32.169+0000] {logging_mixin.py:117} INFO - [2022-09-19T19:02:32.169+0000] {dag.py:2573} INFO - Sync 1 DAGs
[2022-09-19T19:02:32.193+0000] {logging_mixin.py:117} INFO - [2022-09-19T19:02:32.193+0000] {dag.py:3328} INFO - Setting next_dagrun for tutorial_taskflow_api to None, run_after=None
[2022-09-19T19:02:32.211+0000] {processor.py:178} INFO - Processing /home/airflow/.local/lib/python3.7/site-packages/airflow/example_dags/tutorial_taskflow_api.py took 0.099 seconds
[2022-09-19T19:03:02.327+0000] {processor.py:156} INFO - Started process (PID=2271) to work on /home/airflow/.local/lib/python3.7/site-packages/airflow/example_dags/tutorial_taskflow_api.py
[2022-09-19T19:03:02.328+0000] {processor.py:758} INFO - Processing file /home/airflow/.local/lib/python3.7/site-packages/airflow/example_dags/tutorial_taskflow_api.py for tasks to queue
[2022-09-19T19:03:02.329+0000] {logging_mixin.py:117} INFO - [2022-09-19T19:03:02.329+0000] {dagbag.py:525} INFO - Filling up the DagBag from /home/airflow/.local/lib/python3.7/site-packages/airflow/example_dags/tutorial_taskflow_api.py
[2022-09-19T19:03:02.350+0000] {processor.py:768} INFO - DAG(s) dict_keys(['tutorial_taskflow_api']) retrieved from /home/airflow/.local/lib/python3.7/site-packages/airflow/example_dags/tutorial_taskflow_api.py
[2022-09-19T19:03:02.385+0000] {logging_mixin.py:117} INFO - [2022-09-19T19:03:02.384+0000] {dag.py:2573} INFO - Sync 1 DAGs
[2022-09-19T19:03:02.410+0000] {logging_mixin.py:117} INFO - [2022-09-19T19:03:02.410+0000] {dag.py:3328} INFO - Setting next_dagrun for tutorial_taskflow_api to None, run_after=None
[2022-09-19T19:03:02.432+0000] {processor.py:178} INFO - Processing /home/airflow/.local/lib/python3.7/site-packages/airflow/example_dags/tutorial_taskflow_api.py took 0.107 seconds
